Submitited subject: voice891
Submitted session: 1
Command:
singularity run -B /om2/scratch/Wed/rfbrito/dicom -B /om2/user/rfbrito/voice_depression/bids_conversion -B /om2/scratch/Wed/rfbrito/bids:/out /om2/user/rfbrito/containers/imaging/heudiconv_latest.sif -d /om2/scratch/Wed/rfbrito/dicom/{subject}/session001*/dicom/Trio*/*.dcm -o /out -f /om2/user/rfbrito/voice_depression/bids_conversion/heuristic.py -c dcm2niix -s voice891 -ss 1 -b --minmeta -g accession_number
['3-SMS5_rsfMRI_PA']
[{'item': '4-Spin_Echo_EPI_PA', 'dir': 'PA'}, {'item': '5-Spin_Echo_EPI_AP', 'dir': 'AP'}]
[{'item': '6-SMS2-diff_b1000_free_11b0_61dirs_PA', 'acq': 'PA'}, {'item': '11-SMS2-diff_b1000_free_4b0_AP', 'acq': 'AP'}]
['15-T1_MPRAGE_Ellison_4e_p2_1mm_iso']
['53-T2_SPACE_FLAIR_1.0_iso']
['19-PaTaKa_1_SMS5_Sparse_3x3x3_1640_1000ms', '20-PaTaKa_2_SMS5_Sparse_3x3x3_1640_1000ms']
['23-Sentences_1_SMS5_Sparse_2x2x2_4000_2900ms', '24-Sentences_2_SMS5_Sparse_2x2x2_4000_2900ms']
['27-Nonword_1_SMS5_Sparse_2x2x2_4000_2900ms', '28-Nonword_2_SMS5_Sparse_2x2x2_4000_2900ms', '29-Nonword_3_SMS5_Sparse_2x2x2_4000_2900ms']
['32-FaceMatch_1_SMS5_Sparse_2x2x2_2000_900ms', '33-FaceMatch_2_SMS5_Sparse_2x2x2_2000_900ms']
['36-EmoSent_1_SMS5_Sparse_2x2x2_4000_2900ms', '37-EmoSent_2_SMS5_Sparse_2x2x2_4000_2900ms']
['40-Vowels_1_SMS5_Sparse_2x2x2_4000_2900ms', '41-Vowels_2_SMS5_Sparse_2x2x2_4000_2900ms']
['44-PitchEmph_1_SMS5_Sparse_2x2x2_2000_900ms', '47-PitchEmph_2_SMS5_Sparse_2x2x2_2000_900ms']
['51-Movie_SMS5_rsfMRI_PA']
221012-23:33:27,985 nipype.utils WARNING:
	 A newer version (1.8.4) of nipy/nipype is available. You are using 1.8.0
221012-23:33:29,252 nipype.workflow INFO:
	 [Node] Setting-up "convert" in "/tmp/dcm2niix84065uak/convert".
221012-23:33:29,330 nipype.workflow INFO:
	 [Node] Executing "convert" <nipype.interfaces.dcm2nii.Dcm2niix>
221012-23:33:36,103 nipype.interface INFO:
	 stdout 2022-10-12T23:33:36.103212:Chris Rorden's dcm2niiX version v1.0.20211006  GCC10.2.1 x86-64 (64-bit Linux)
221012-23:33:36,201 nipype.interface INFO:
	 stdout 2022-10-12T23:33:36.103212:Found 300 DICOM file(s)
221012-23:33:36,201 nipype.interface INFO:
	 stdout 2022-10-12T23:33:36.103212:Warning: Slice timing appears corrupted (range 0..5360, TR=1090 ms)
221012-23:33:36,201 nipype.interface INFO:
	 stdout 2022-10-12T23:33:36.103212:Convert 300 DICOM as /out/sub-voice891/ses-1/func/sub-voice891_ses-1_task-rest_run-1_bold_heudiconv867 (108x108x65x300)
221012-23:34:12,116 nipype.interface INFO:
	 stdout 2022-10-12T23:34:12.116090:Compress: "/usr/bin/pigz" -b 960 -n -f -6 "/out/sub-voice891/ses-1/func/sub-voice891_ses-1_task-rest_run-1_bold_heudiconv867.nii"
221012-23:34:12,116 nipype.interface INFO:
	 stdout 2022-10-12T23:34:12.116090:Conversion required 42.667738 seconds (0.629031 for core code).
221012-23:34:12,166 nipype.workflow INFO:
	 [Node] Finished "convert", elapsed time 42.7294s.
221012-23:34:18,112 nipype.workflow INFO:
	 [Node] Setting-up "convert" in "/tmp/dcm2niix6zxgnulj/convert".
221012-23:34:18,180 nipype.workflow INFO:
	 [Node] Executing "convert" <nipype.interfaces.dcm2nii.Dcm2niix>
221012-23:34:23,416 nipype.interface INFO:
	 stdout 2022-10-12T23:34:23.416663:Chris Rorden's dcm2niiX version v1.0.20211006  GCC10.2.1 x86-64 (64-bit Linux)
221012-23:34:23,417 nipype.interface INFO:
	 stdout 2022-10-12T23:34:23.416663:Found 260 DICOM file(s)
221012-23:34:23,418 nipype.interface INFO:
	 stdout 2022-10-12T23:34:23.416663:Convert 260 DICOM as /out/sub-voice891/ses-1/fmap/sub-voice891_ses-1_acq-func_dir-PA_run-1_epi_heudiconv423 (108x108x65x4)
221012-23:34:24,193 nipype.interface INFO:
	 stdout 2022-10-12T23:34:24.193712:Compress: "/usr/bin/pigz" -b 960 -n -f -6 "/out/sub-voice891/ses-1/fmap/sub-voice891_ses-1_acq-func_dir-PA_run-1_epi_heudiconv423.nii"
221012-23:34:24,194 nipype.interface INFO:
	 stdout 2022-10-12T23:34:24.193712:Conversion required 5.972586 seconds (0.139699 for core code).
221012-23:34:24,250 nipype.workflow INFO:
	 [Node] Finished "convert", elapsed time 6.068625s.
221012-23:34:27,231 nipype.workflow INFO:
	 [Node] Setting-up "convert" in "/tmp/dcm2niixhxm1ayow/convert".
221012-23:34:27,300 nipype.workflow INFO:
	 [Node] Executing "convert" <nipype.interfaces.dcm2nii.Dcm2niix>
221012-23:34:45,757 nipype.interface INFO:
	 stdout 2022-10-12T23:34:45.757537:Chris Rorden's dcm2niiX version v1.0.20211006  GCC10.2.1 x86-64 (64-bit Linux)
221012-23:34:45,768 nipype.interface INFO:
	 stdout 2022-10-12T23:34:45.757537:Found 260 DICOM file(s)
221012-23:34:45,768 nipype.interface INFO:
	 stdout 2022-10-12T23:34:45.757537:Convert 260 DICOM as /out/sub-voice891/ses-1/fmap/sub-voice891_ses-1_acq-func_dir-AP_run-2_epi_heudiconv657 (108x108x65x4)
221012-23:34:48,243 nipype.interface INFO:
	 stdout 2022-10-12T23:34:48.243469:Compress: "/usr/bin/pigz" -b 960 -n -f -6 "/out/sub-voice891/ses-1/fmap/sub-voice891_ses-1_acq-func_dir-AP_run-2_epi_heudiconv657.nii"
221012-23:34:48,243 nipype.interface INFO:
	 stdout 2022-10-12T23:34:48.243469:Conversion required 20.910727 seconds (0.115529 for core code).
221012-23:34:48,353 nipype.workflow INFO:
	 [Node] Finished "convert", elapsed time 21.051146s.
221012-23:34:49,288 nipype.workflow INFO:
	 [Node] Setting-up "convert" in "/tmp/dcm2niix92u_9msu/convert".
221012-23:34:49,321 nipype.workflow INFO:
	 [Node] Executing "convert" <nipype.interfaces.dcm2nii.Dcm2niix>
221012-23:34:52,402 nipype.interface INFO:
	 stdout 2022-10-12T23:34:52.402266:Chris Rorden's dcm2niiX version v1.0.20211006  GCC10.2.1 x86-64 (64-bit Linux)
221012-23:34:52,440 nipype.interface INFO:
	 stdout 2022-10-12T23:34:52.402266:Found 72 DICOM file(s)
221012-23:34:52,440 nipype.interface INFO:
	 stdout 2022-10-12T23:34:52.402266:Warning: Slice timing appears corrupted (range 0..8.63999e+07, TR=4400 ms)
221012-23:34:52,440 nipype.interface INFO:
	 stdout 2022-10-12T23:34:52.402266:Convert 72 DICOM as /out/sub-voice891/ses-1/dwi/sub-voice891_ses-1_acq-PA_dwi_heudiconv953 (120x120x66x72)
221012-23:35:06,287 nipype.interface INFO:
	 stdout 2022-10-12T23:35:06.287271:Compress: "/usr/bin/pigz" -b 960 -n -f -6 "/out/sub-voice891/ses-1/dwi/sub-voice891_ses-1_acq-PA_dwi_heudiconv953.nii"
221012-23:35:06,324 nipype.interface INFO:
	 stdout 2022-10-12T23:35:06.287271:Conversion required 16.943698 seconds (0.264378 for core code).
221012-23:35:06,401 nipype.workflow INFO:
	 [Node] Finished "convert", elapsed time 17.078114s.
221012-23:35:08,963 nipype.workflow INFO:
	 [Node] Setting-up "convert" in "/tmp/dcm2niix2rb4l8o9/convert".
221012-23:35:08,972 nipype.workflow INFO:
	 [Node] Executing "convert" <nipype.interfaces.dcm2nii.Dcm2niix>
221012-23:35:14,746 nipype.interface INFO:
	 stdout 2022-10-12T23:35:14.746462:Chris Rorden's dcm2niiX version v1.0.20211006  GCC10.2.1 x86-64 (64-bit Linux)
221012-23:35:15,153 nipype.interface INFO:
	 stdout 2022-10-12T23:35:14.746462:Found 7 DICOM file(s)
221012-23:35:15,153 nipype.interface INFO:
	 stdout 2022-10-12T23:35:14.746462:Warning: Slice timing appears corrupted (range 0..8.63999e+07, TR=4400 ms)
221012-23:35:15,153 nipype.interface INFO:
	 stdout 2022-10-12T23:35:14.746462:Convert 7 DICOM as /out/sub-voice891/ses-1/dwi/sub-voice891_ses-1_acq-AP_dwi_heudiconv912 (120x120x66x7)
221012-23:35:16,117 nipype.interface INFO:
	 stdout 2022-10-12T23:35:16.116949:Compress: "/usr/bin/pigz" -b 960 -n -f -6 "/out/sub-voice891/ses-1/dwi/sub-voice891_ses-1_acq-AP_dwi_heudiconv912.nii"
221012-23:35:16,117 nipype.interface INFO:
	 stdout 2022-10-12T23:35:16.116949:Conversion required 7.054390 seconds (0.035927 for core code).
221012-23:35:16,465 nipype.workflow INFO:
	 [Node] Finished "convert", elapsed time 7.492237s.
221012-23:35:18,610 nipype.workflow INFO:
	 [Node] Setting-up "convert" in "/tmp/dcm2niix9gir0ff4/convert".
221012-23:35:18,657 nipype.workflow INFO:
	 [Node] Executing "convert" <nipype.interfaces.dcm2nii.Dcm2niix>
221012-23:35:20,362 nipype.interface INFO:
	 stdout 2022-10-12T23:35:20.362147:Chris Rorden's dcm2niiX version v1.0.20211006  GCC10.2.1 x86-64 (64-bit Linux)
221012-23:35:20,362 nipype.interface INFO:
	 stdout 2022-10-12T23:35:20.362147:Found 176 DICOM file(s)
221012-23:35:20,362 nipype.interface INFO:
	 stdout 2022-10-12T23:35:20.362147:Convert 176 DICOM as /out/sub-voice891/ses-1/anat/sub-voice891_ses-1_run-1_T1w_heudiconv132 (256x256x176x1)
221012-23:35:24,226 nipype.interface INFO:
	 stdout 2022-10-12T23:35:24.226353:Compress: "/usr/bin/pigz" -b 960 -n -f -6 "/out/sub-voice891/ses-1/anat/sub-voice891_ses-1_run-1_T1w_heudiconv132.nii"
221012-23:35:24,284 nipype.interface INFO:
	 stdout 2022-10-12T23:35:24.226353:Conversion required 5.546708 seconds (0.302725 for core code).
221012-23:35:24,320 nipype.workflow INFO:
	 [Node] Finished "convert", elapsed time 5.661797s.
221012-23:35:25,596 nipype.workflow INFO:
	 [Node] Setting-up "convert" in "/tmp/dcm2niix1n3rgi0l/convert".
221012-23:35:25,667 nipype.workflow INFO:
	 [Node] Executing "convert" <nipype.interfaces.dcm2nii.Dcm2niix>
221012-23:35:45,940 nipype.interface INFO:
	 stdout 2022-10-12T23:35:45.940038:Chris Rorden's dcm2niiX version v1.0.20211006  GCC10.2.1 x86-64 (64-bit Linux)
221012-23:35:46,126 nipype.interface INFO:
	 stdout 2022-10-12T23:35:45.940038:Found 176 DICOM file(s)
221012-23:35:46,127 nipype.interface INFO:
	 stdout 2022-10-12T23:35:45.940038:Convert 176 DICOM as /out/sub-voice891/ses-1/anat/sub-voice891_ses-1_T2w_heudiconv798 (256x256x176x1)
221012-23:35:49,125 nipype.interface INFO:
	 stdout 2022-10-12T23:35:49.125017:Compress: "/usr/bin/pigz" -b 960 -n -f -6 "/out/sub-voice891/ses-1/anat/sub-voice891_ses-1_T2w_heudiconv798.nii"
221012-23:35:49,125 nipype.interface INFO:
	 stdout 2022-10-12T23:35:49.125017:Conversion required 23.434256 seconds (0.385011 for core code).
221012-23:35:49,228 nipype.workflow INFO:
	 [Node] Finished "convert", elapsed time 23.559113s.
221012-23:35:51,171 nipype.workflow INFO:
	 [Node] Setting-up "convert" in "/tmp/dcm2niix1zg70p0u/convert".
221012-23:35:51,281 nipype.workflow INFO:
	 [Node] Executing "convert" <nipype.interfaces.dcm2nii.Dcm2niix>
221012-23:35:54,979 nipype.interface INFO:
	 stdout 2022-10-12T23:35:54.979627:Chris Rorden's dcm2niiX version v1.0.20211006  GCC10.2.1 x86-64 (64-bit Linux)
221012-23:35:54,980 nipype.interface INFO:
	 stdout 2022-10-12T23:35:54.979627:Found 207 DICOM file(s)
221012-23:35:54,980 nipype.interface INFO:
	 stdout 2022-10-12T23:35:54.979627:Warning: Slice timing appears corrupted (range 0..3135, TR=1640 ms)
221012-23:35:54,980 nipype.interface INFO:
	 stdout 2022-10-12T23:35:54.979627:Convert 207 DICOM as /out/sub-voice891/ses-1/func/sub-voice891_ses-1_task-pataka_run-1_bold_heudiconv538 (72x72x45x207)
221012-23:36:00,777 nipype.interface INFO:
	 stdout 2022-10-12T23:36:00.777918:Compress: "/usr/bin/pigz" -b 960 -n -f -6 "/out/sub-voice891/ses-1/func/sub-voice891_ses-1_task-pataka_run-1_bold_heudiconv538.nii"
221012-23:36:00,778 nipype.interface INFO:
	 stdout 2022-10-12T23:36:00.777918:Conversion required 9.286117 seconds (0.215356 for core code).
221012-23:36:00,811 nipype.workflow INFO:
	 [Node] Finished "convert", elapsed time 9.528892s.
221012-23:36:01,482 nipype.workflow INFO:
	 [Node] Setting-up "convert" in "/tmp/dcm2niixwj29dmvw/convert".
221012-23:36:01,536 nipype.workflow INFO:
	 [Node] Executing "convert" <nipype.interfaces.dcm2nii.Dcm2niix>
221012-23:36:10,458 nipype.interface INFO:
	 stdout 2022-10-12T23:36:10.458531:Chris Rorden's dcm2niiX version v1.0.20211006  GCC10.2.1 x86-64 (64-bit Linux)
221012-23:36:10,467 nipype.interface INFO:
	 stdout 2022-10-12T23:36:10.458531:Found 207 DICOM file(s)
221012-23:36:10,467 nipype.interface INFO:
	 stdout 2022-10-12T23:36:10.458531:Warning: Slice timing appears corrupted (range 0..3135, TR=1640 ms)
221012-23:36:10,467 nipype.interface INFO:
	 stdout 2022-10-12T23:36:10.458531:Convert 207 DICOM as /out/sub-voice891/ses-1/func/sub-voice891_ses-1_task-pataka_run-2_bold_heudiconv715 (72x72x45x207)
221012-23:36:17,728 nipype.interface INFO:
	 stdout 2022-10-12T23:36:17.727953:Compress: "/usr/bin/pigz" -b 960 -n -f -6 "/out/sub-voice891/ses-1/func/sub-voice891_ses-1_task-pataka_run-2_bold_heudiconv715.nii"
221012-23:36:17,740 nipype.interface INFO:
	 stdout 2022-10-12T23:36:17.727953:Conversion required 16.174385 seconds (0.215942 for core code).
221012-23:36:17,771 nipype.workflow INFO:
	 [Node] Finished "convert", elapsed time 16.234655s.
221012-23:36:18,121 nipype.workflow INFO:
	 [Node] Setting-up "convert" in "/tmp/dcm2niix2fki6561/convert".
221012-23:36:18,148 nipype.workflow INFO:
	 [Node] Executing "convert" <nipype.interfaces.dcm2nii.Dcm2niix>
221012-23:36:19,303 nipype.interface INFO:
	 stdout 2022-10-12T23:36:19.303325:Chris Rorden's dcm2niiX version v1.0.20211006  GCC10.2.1 x86-64 (64-bit Linux)
221012-23:36:19,303 nipype.interface INFO:
	 stdout 2022-10-12T23:36:19.303325:Found 64 DICOM file(s)
221012-23:36:19,303 nipype.interface INFO:
	 stdout 2022-10-12T23:36:19.303325:Warning: Slice timing appears corrupted (range 0..5360, TR=4000 ms)
221012-23:36:19,303 nipype.interface INFO:
	 stdout 2022-10-12T23:36:19.303325:Convert 64 DICOM as /out/sub-voice891/ses-1/func/sub-voice891_ses-1_task-pitchsent_run-1_bold_heudiconv612 (108x108x65x64)
221012-23:36:25,484 nipype.interface INFO:
	 stdout 2022-10-12T23:36:25.484492:Compress: "/usr/bin/pigz" -b 960 -n -f -6 "/out/sub-voice891/ses-1/func/sub-voice891_ses-1_task-pitchsent_run-1_bold_heudiconv612.nii"
221012-23:36:25,707 nipype.interface INFO:
	 stdout 2022-10-12T23:36:25.484492:Conversion required 7.317561 seconds (0.146097 for core code).
221012-23:36:25,808 nipype.workflow INFO:
	 [Node] Finished "convert", elapsed time 7.65952s.
221012-23:36:27,227 nipype.workflow INFO:
	 [Node] Setting-up "convert" in "/tmp/dcm2niix6fimjfo0/convert".
221012-23:36:27,246 nipype.workflow INFO:
	 [Node] Executing "convert" <nipype.interfaces.dcm2nii.Dcm2niix>
221012-23:36:28,678 nipype.interface INFO:
	 stdout 2022-10-12T23:36:28.678524:Chris Rorden's dcm2niiX version v1.0.20211006  GCC10.2.1 x86-64 (64-bit Linux)
221012-23:36:28,678 nipype.interface INFO:
	 stdout 2022-10-12T23:36:28.678524:Found 64 DICOM file(s)
221012-23:36:28,678 nipype.interface INFO:
	 stdout 2022-10-12T23:36:28.678524:Warning: Slice timing appears corrupted (range 0..5357.5, TR=4000 ms)
221012-23:36:28,679 nipype.interface INFO:
	 stdout 2022-10-12T23:36:28.678524:Convert 64 DICOM as /out/sub-voice891/ses-1/func/sub-voice891_ses-1_task-pitchsent_run-2_bold_heudiconv547 (108x108x65x64)
221012-23:36:36,125 nipype.interface INFO:
	 stdout 2022-10-12T23:36:36.125249:Compress: "/usr/bin/pigz" -b 960 -n -f -6 "/out/sub-voice891/ses-1/func/sub-voice891_ses-1_task-pitchsent_run-2_bold_heudiconv547.nii"
221012-23:36:36,125 nipype.interface INFO:
	 stdout 2022-10-12T23:36:36.125249:Conversion required 8.813323 seconds (0.167198 for core code).
221012-23:36:36,170 nipype.workflow INFO:
	 [Node] Finished "convert", elapsed time 8.923468s.
221012-23:36:37,319 nipype.workflow INFO:
	 [Node] Setting-up "convert" in "/tmp/dcm2niixlpapd46l/convert".
221012-23:36:37,332 nipype.workflow INFO:
	 [Node] Executing "convert" <nipype.interfaces.dcm2nii.Dcm2niix>
221012-23:36:39,480 nipype.interface INFO:
	 stdout 2022-10-12T23:36:39.480515:Chris Rorden's dcm2niiX version v1.0.20211006  GCC10.2.1 x86-64 (64-bit Linux)
221012-23:36:39,480 nipype.interface INFO:
	 stdout 2022-10-12T23:36:39.480515:Found 42 DICOM file(s)
221012-23:36:39,481 nipype.interface INFO:
	 stdout 2022-10-12T23:36:39.480515:Warning: Slice timing appears corrupted (range 0..5360, TR=4000 ms)
221012-23:36:39,481 nipype.interface INFO:
	 stdout 2022-10-12T23:36:39.480515:Convert 42 DICOM as /out/sub-voice891/ses-1/func/sub-voice891_ses-1_task-nwr_run-1_bold_heudiconv242 (108x108x65x42)
221012-23:36:43,828 nipype.interface INFO:
	 stdout 2022-10-12T23:36:43.828210:Compress: "/usr/bin/pigz" -b 960 -n -f -6 "/out/sub-voice891/ses-1/func/sub-voice891_ses-1_task-nwr_run-1_bold_heudiconv242.nii"
221012-23:36:43,829 nipype.interface INFO:
	 stdout 2022-10-12T23:36:43.828210:Conversion required 6.443326 seconds (0.109696 for core code).
221012-23:36:43,880 nipype.workflow INFO:
	 [Node] Finished "convert", elapsed time 6.5468969999999995s.
221012-23:36:44,980 nipype.workflow INFO:
	 [Node] Setting-up "convert" in "/tmp/dcm2niix0dc1b3s3/convert".
221012-23:36:45,74 nipype.workflow INFO:
	 [Node] Executing "convert" <nipype.interfaces.dcm2nii.Dcm2niix>
221012-23:36:48,245 nipype.interface INFO:
	 stdout 2022-10-12T23:36:48.245855:Chris Rorden's dcm2niiX version v1.0.20211006  GCC10.2.1 x86-64 (64-bit Linux)
221012-23:36:48,248 nipype.interface INFO:
	 stdout 2022-10-12T23:36:48.245855:Found 42 DICOM file(s)
221012-23:36:48,248 nipype.interface INFO:
	 stdout 2022-10-12T23:36:48.245855:Warning: Slice timing appears corrupted (range 0..5360, TR=4000 ms)
221012-23:36:48,248 nipype.interface INFO:
	 stdout 2022-10-12T23:36:48.245855:Convert 42 DICOM as /out/sub-voice891/ses-1/func/sub-voice891_ses-1_task-nwr_run-2_bold_heudiconv335 (108x108x65x42)
221012-23:36:53,848 nipype.interface INFO:
	 stdout 2022-10-12T23:36:53.848046:Compress: "/usr/bin/pigz" -b 960 -n -f -6 "/out/sub-voice891/ses-1/func/sub-voice891_ses-1_task-nwr_run-2_bold_heudiconv335.nii"
221012-23:36:53,848 nipype.interface INFO:
	 stdout 2022-10-12T23:36:53.848046:Conversion required 8.758180 seconds (0.109233 for core code).
221012-23:36:54,826 nipype.workflow INFO:
	 [Node] Finished "convert", elapsed time 9.750382s.
221012-23:36:56,368 nipype.workflow INFO:
	 [Node] Setting-up "convert" in "/tmp/dcm2niix02t6wex2/convert".
221012-23:36:56,387 nipype.workflow INFO:
	 [Node] Executing "convert" <nipype.interfaces.dcm2nii.Dcm2niix>
221012-23:36:57,51 nipype.interface INFO:
	 stdout 2022-10-12T23:36:57.051658:Chris Rorden's dcm2niiX version v1.0.20211006  GCC10.2.1 x86-64 (64-bit Linux)
221012-23:36:57,52 nipype.interface INFO:
	 stdout 2022-10-12T23:36:57.051658:Found 42 DICOM file(s)
221012-23:36:57,52 nipype.interface INFO:
	 stdout 2022-10-12T23:36:57.051658:Warning: Slice timing appears corrupted (range 0..5360, TR=4000 ms)
221012-23:36:57,52 nipype.interface INFO:
	 stdout 2022-10-12T23:36:57.051658:Convert 42 DICOM as /out/sub-voice891/ses-1/func/sub-voice891_ses-1_task-nwr_run-3_bold_heudiconv395 (108x108x65x42)
221012-23:37:04,868 nipype.interface INFO:
	 stdout 2022-10-12T23:37:04.868774:Compress: "/usr/bin/pigz" -b 960 -n -f -6 "/out/sub-voice891/ses-1/func/sub-voice891_ses-1_task-nwr_run-3_bold_heudiconv395.nii"
221012-23:37:04,875 nipype.interface INFO:
	 stdout 2022-10-12T23:37:04.868774:Conversion required 8.449297 seconds (0.108118 for core code).
221012-23:37:04,930 nipype.workflow INFO:
	 [Node] Finished "convert", elapsed time 8.541842s.
221012-23:37:06,749 nipype.workflow INFO:
	 [Node] Setting-up "convert" in "/tmp/dcm2niixlrfjdr34/convert".
221012-23:37:06,777 nipype.workflow INFO:
	 [Node] Executing "convert" <nipype.interfaces.dcm2nii.Dcm2niix>
221012-23:37:10,932 nipype.interface INFO:
	 stdout 2022-10-12T23:37:10.932391:Chris Rorden's dcm2niiX version v1.0.20211006  GCC10.2.1 x86-64 (64-bit Linux)
221012-23:37:10,933 nipype.interface INFO:
	 stdout 2022-10-12T23:37:10.932391:Found 99 DICOM file(s)
221012-23:37:10,933 nipype.interface INFO:
	 stdout 2022-10-12T23:37:10.932391:Warning: Slice timing appears corrupted (range 0..5360, TR=2000 ms)
221012-23:37:10,933 nipype.interface INFO:
	 stdout 2022-10-12T23:37:10.932391:Convert 99 DICOM as /out/sub-voice891/ses-1/func/sub-voice891_ses-1_task-facematch_run-1_bold_heudiconv196 (108x108x65x99)
221012-23:37:22,267 nipype.interface INFO:
	 stdout 2022-10-12T23:37:22.267147:Compress: "/usr/bin/pigz" -b 960 -n -f -6 "/out/sub-voice891/ses-1/func/sub-voice891_ses-1_task-facematch_run-1_bold_heudiconv196.nii"
221012-23:37:22,268 nipype.interface INFO:
	 stdout 2022-10-12T23:37:22.267147:Conversion required 15.441944 seconds (0.236068 for core code).
221012-23:37:22,307 nipype.workflow INFO:
	 [Node] Finished "convert", elapsed time 15.52818s.
221012-23:37:23,192 nipype.workflow INFO:
	 [Node] Setting-up "convert" in "/tmp/dcm2niixypi4ibed/convert".
221012-23:37:23,233 nipype.workflow INFO:
	 [Node] Executing "convert" <nipype.interfaces.dcm2nii.Dcm2niix>
221012-23:37:26,854 nipype.interface INFO:
	 stdout 2022-10-12T23:37:26.853915:Chris Rorden's dcm2niiX version v1.0.20211006  GCC10.2.1 x86-64 (64-bit Linux)
221012-23:37:26,854 nipype.interface INFO:
	 stdout 2022-10-12T23:37:26.853915:Found 99 DICOM file(s)
221012-23:37:26,854 nipype.interface INFO:
	 stdout 2022-10-12T23:37:26.853915:Warning: Slice timing appears corrupted (range 0..5357.5, TR=2000 ms)
221012-23:37:26,855 nipype.interface INFO:
	 stdout 2022-10-12T23:37:26.853915:Convert 99 DICOM as /out/sub-voice891/ses-1/func/sub-voice891_ses-1_task-facematch_run-2_bold_heudiconv289 (108x108x65x99)
221012-23:37:39,173 nipype.interface INFO:
	 stdout 2022-10-12T23:37:39.173708:Compress: "/usr/bin/pigz" -b 960 -n -f -6 "/out/sub-voice891/ses-1/func/sub-voice891_ses-1_task-facematch_run-2_bold_heudiconv289.nii"
221012-23:37:39,572 nipype.interface INFO:
	 stdout 2022-10-12T23:37:39.173708:Conversion required 15.914824 seconds (0.240679 for core code).
221012-23:37:39,652 nipype.workflow INFO:
	 [Node] Finished "convert", elapsed time 16.418525s.
221012-23:37:42,179 nipype.workflow INFO:
	 [Node] Setting-up "convert" in "/tmp/dcm2niixe25ztz2k/convert".
221012-23:37:42,275 nipype.workflow INFO:
	 [Node] Executing "convert" <nipype.interfaces.dcm2nii.Dcm2niix>
221012-23:37:45,286 nipype.interface INFO:
	 stdout 2022-10-12T23:37:45.286276:Chris Rorden's dcm2niiX version v1.0.20211006  GCC10.2.1 x86-64 (64-bit Linux)
221012-23:37:45,314 nipype.interface INFO:
	 stdout 2022-10-12T23:37:45.286276:Found 48 DICOM file(s)
221012-23:37:45,314 nipype.interface INFO:
	 stdout 2022-10-12T23:37:45.286276:Warning: Slice timing appears corrupted (range 0..5357.5, TR=4000 ms)
221012-23:37:45,314 nipype.interface INFO:
	 stdout 2022-10-12T23:37:45.286276:Convert 48 DICOM as /out/sub-voice891/ses-1/func/sub-voice891_ses-1_task-emosent_run-1_bold_heudiconv844 (108x108x65x48)
221012-23:37:51,452 nipype.interface INFO:
	 stdout 2022-10-12T23:37:51.452203:Compress: "/usr/bin/pigz" -b 960 -n -f -6 "/out/sub-voice891/ses-1/func/sub-voice891_ses-1_task-emosent_run-1_bold_heudiconv844.nii"
221012-23:37:51,833 nipype.interface INFO:
	 stdout 2022-10-12T23:37:51.452203:Conversion required 9.151287 seconds (0.125565 for core code).
221012-23:37:51,897 nipype.workflow INFO:
	 [Node] Finished "convert", elapsed time 9.620388s.
221012-23:37:52,361 nipype.workflow INFO:
	 [Node] Setting-up "convert" in "/tmp/dcm2niixu3a5jlmx/convert".
221012-23:37:52,373 nipype.workflow INFO:
	 [Node] Executing "convert" <nipype.interfaces.dcm2nii.Dcm2niix>
221012-23:37:55,213 nipype.interface INFO:
	 stdout 2022-10-12T23:37:55.213104:Chris Rorden's dcm2niiX version v1.0.20211006  GCC10.2.1 x86-64 (64-bit Linux)
221012-23:37:55,213 nipype.interface INFO:
	 stdout 2022-10-12T23:37:55.213104:Found 48 DICOM file(s)
221012-23:37:55,213 nipype.interface INFO:
	 stdout 2022-10-12T23:37:55.213104:Warning: Slice timing appears corrupted (range 0..5357.5, TR=4000 ms)
221012-23:37:55,213 nipype.interface INFO:
	 stdout 2022-10-12T23:37:55.213104:Convert 48 DICOM as /out/sub-voice891/ses-1/func/sub-voice891_ses-1_task-emosent_run-2_bold_heudiconv693 (108x108x65x48)
221012-23:38:04,195 nipype.interface INFO:
	 stdout 2022-10-12T23:38:04.195649:Compress: "/usr/bin/pigz" -b 960 -n -f -6 "/out/sub-voice891/ses-1/func/sub-voice891_ses-1_task-emosent_run-2_bold_heudiconv693.nii"
221012-23:38:04,202 nipype.interface INFO:
	 stdout 2022-10-12T23:38:04.195649:Conversion required 11.790113 seconds (0.124845 for core code).
221012-23:38:04,837 nipype.workflow INFO:
	 [Node] Finished "convert", elapsed time 12.463379s.
221012-23:38:05,381 nipype.workflow INFO:
	 [Node] Setting-up "convert" in "/tmp/dcm2niix_cfshy20/convert".
221012-23:38:05,399 nipype.workflow INFO:
	 [Node] Executing "convert" <nipype.interfaces.dcm2nii.Dcm2niix>
221012-23:38:08,237 nipype.interface INFO:
	 stdout 2022-10-12T23:38:08.237106:Chris Rorden's dcm2niiX version v1.0.20211006  GCC10.2.1 x86-64 (64-bit Linux)
221012-23:38:08,237 nipype.interface INFO:
	 stdout 2022-10-12T23:38:08.237106:Found 60 DICOM file(s)
221012-23:38:08,237 nipype.interface INFO:
	 stdout 2022-10-12T23:38:08.237106:Warning: Slice timing appears corrupted (range 0..5360, TR=4000 ms)
221012-23:38:08,237 nipype.interface INFO:
	 stdout 2022-10-12T23:38:08.237106:Convert 60 DICOM as /out/sub-voice891/ses-1/func/sub-voice891_ses-1_task-vowel_run-1_bold_heudiconv577 (108x108x65x60)
221012-23:38:15,55 nipype.interface INFO:
	 stdout 2022-10-12T23:38:15.055239:Compress: "/usr/bin/pigz" -b 960 -n -f -6 "/out/sub-voice891/ses-1/func/sub-voice891_ses-1_task-vowel_run-1_bold_heudiconv577.nii"
221012-23:38:15,68 nipype.interface INFO:
	 stdout 2022-10-12T23:38:15.055239:Conversion required 9.630980 seconds (0.143729 for core code).
221012-23:38:15,134 nipype.workflow INFO:
	 [Node] Finished "convert", elapsed time 9.733593s.
221012-23:38:17,582 nipype.workflow INFO:
	 [Node] Setting-up "convert" in "/tmp/dcm2niixeseohkhf/convert".
221012-23:38:18,465 nipype.workflow INFO:
	 [Node] Executing "convert" <nipype.interfaces.dcm2nii.Dcm2niix>
221012-23:38:21,151 nipype.interface INFO:
	 stdout 2022-10-12T23:38:21.151024:Chris Rorden's dcm2niiX version v1.0.20211006  GCC10.2.1 x86-64 (64-bit Linux)
221012-23:38:21,151 nipype.interface INFO:
	 stdout 2022-10-12T23:38:21.151024:Found 60 DICOM file(s)
221012-23:38:21,151 nipype.interface INFO:
	 stdout 2022-10-12T23:38:21.151024:Warning: Slice timing appears corrupted (range 0..5360, TR=4000 ms)
221012-23:38:21,151 nipype.interface INFO:
	 stdout 2022-10-12T23:38:21.151024:Convert 60 DICOM as /out/sub-voice891/ses-1/func/sub-voice891_ses-1_task-vowel_run-2_bold_heudiconv883 (108x108x65x60)
221012-23:38:28,571 nipype.interface INFO:
	 stdout 2022-10-12T23:38:28.571607:Compress: "/usr/bin/pigz" -b 960 -n -f -6 "/out/sub-voice891/ses-1/func/sub-voice891_ses-1_task-vowel_run-2_bold_heudiconv883.nii"
221012-23:38:28,679 nipype.interface INFO:
	 stdout 2022-10-12T23:38:28.571607:Conversion required 10.082055 seconds (0.155327 for core code).
221012-23:38:28,762 nipype.workflow INFO:
	 [Node] Finished "convert", elapsed time 10.295627s.
221012-23:38:29,317 nipype.workflow INFO:
	 [Node] Setting-up "convert" in "/tmp/dcm2niixdzuiy01f/convert".
221012-23:38:29,344 nipype.workflow INFO:
	 [Node] Executing "convert" <nipype.interfaces.dcm2nii.Dcm2niix>
221012-23:38:33,265 nipype.interface INFO:
	 stdout 2022-10-12T23:38:33.264975:Chris Rorden's dcm2niiX version v1.0.20211006  GCC10.2.1 x86-64 (64-bit Linux)
221012-23:38:33,266 nipype.interface INFO:
	 stdout 2022-10-12T23:38:33.264975:Found 101 DICOM file(s)
221012-23:38:33,266 nipype.interface INFO:
	 stdout 2022-10-12T23:38:33.264975:Warning: Slice timing appears corrupted (range 0..5360, TR=2000 ms)
221012-23:38:33,266 nipype.interface INFO:
	 stdout 2022-10-12T23:38:33.264975:Convert 101 DICOM as /out/sub-voice891/ses-1/func/sub-voice891_ses-1_task-pitchnw_run-1_bold_heudiconv264 (108x108x65x101)
221012-23:38:44,447 nipype.interface INFO:
	 stdout 2022-10-12T23:38:44.447381:Compress: "/usr/bin/pigz" -b 960 -n -f -6 "/out/sub-voice891/ses-1/func/sub-voice891_ses-1_task-pitchnw_run-1_bold_heudiconv264.nii"
221012-23:38:44,497 nipype.interface INFO:
	 stdout 2022-10-12T23:38:44.447381:Conversion required 15.052221 seconds (0.231417 for core code).
221012-23:38:44,523 nipype.workflow INFO:
	 [Node] Finished "convert", elapsed time 15.178762s.
221012-23:38:45,393 nipype.workflow INFO:
	 [Node] Setting-up "convert" in "/tmp/dcm2niixjjqt6u3y/convert".
221012-23:38:45,498 nipype.workflow INFO:
	 [Node] Executing "convert" <nipype.interfaces.dcm2nii.Dcm2niix>
221012-23:38:49,854 nipype.interface INFO:
	 stdout 2022-10-12T23:38:49.854399:Chris Rorden's dcm2niiX version v1.0.20211006  GCC10.2.1 x86-64 (64-bit Linux)
221012-23:38:49,855 nipype.interface INFO:
	 stdout 2022-10-12T23:38:49.854399:Found 101 DICOM file(s)
221012-23:38:49,855 nipype.interface INFO:
	 stdout 2022-10-12T23:38:49.854399:Warning: Slice timing appears corrupted (range 0..5357.5, TR=2000 ms)
221012-23:38:49,855 nipype.interface INFO:
	 stdout 2022-10-12T23:38:49.854399:Convert 101 DICOM as /out/sub-voice891/ses-1/func/sub-voice891_ses-1_task-pitchnw_run-2_bold_heudiconv926 (108x108x65x101)
221012-23:38:59,473 nipype.interface INFO:
	 stdout 2022-10-12T23:38:59.473894:Compress: "/usr/bin/pigz" -b 960 -n -f -6 "/out/sub-voice891/ses-1/func/sub-voice891_ses-1_task-pitchnw_run-2_bold_heudiconv926.nii"
221012-23:38:59,484 nipype.interface INFO:
	 stdout 2022-10-12T23:38:59.473894:Conversion required 13.776685 seconds (0.259956 for core code).
221012-23:38:59,919 nipype.workflow INFO:
	 [Node] Finished "convert", elapsed time 14.419938s.
221012-23:39:00,645 nipype.workflow INFO:
	 [Node] Setting-up "convert" in "/tmp/dcm2niix4_2t2mkd/convert".
221012-23:39:00,705 nipype.workflow INFO:
	 [Node] Executing "convert" <nipype.interfaces.dcm2nii.Dcm2niix>
221012-23:39:02,167 nipype.interface INFO:
	 stdout 2022-10-12T23:39:02.167602:Chris Rorden's dcm2niiX version v1.0.20211006  GCC10.2.1 x86-64 (64-bit Linux)
221012-23:39:02,168 nipype.interface INFO:
	 stdout 2022-10-12T23:39:02.167602:Found 138 DICOM file(s)
221012-23:39:02,168 nipype.interface INFO:
	 stdout 2022-10-12T23:39:02.167602:Warning: Slice timing appears corrupted (range 0..5360, TR=1090 ms)
221012-23:39:02,168 nipype.interface INFO:
	 stdout 2022-10-12T23:39:02.167602:Convert 138 DICOM as /out/sub-voice891/ses-1/func/sub-voice891_ses-1_task-movie_run-1_bold_heudiconv456 (108x108x65x138)
221012-23:39:16,26 nipype.interface INFO:
	 stdout 2022-10-12T23:39:16.026546:Compress: "/usr/bin/pigz" -b 960 -n -f -6 "/out/sub-voice891/ses-1/func/sub-voice891_ses-1_task-movie_run-1_bold_heudiconv456.nii"
221012-23:39:16,36 nipype.interface INFO:
	 stdout 2022-10-12T23:39:16.026546:Conversion required 15.266227 seconds (0.341486 for core code).
221012-23:39:16,69 nipype.workflow INFO:
	 [Node] Finished "convert", elapsed time 15.363001s.
DONE
