Submitited subject: voice951
Submitted session: 1
Command:
singularity run -B /om2/scratch/Wed/rfbrito/dicom -B /om2/user/rfbrito/voice_depression/bids_conversion -B /om2/scratch/Wed/rfbrito/bids:/out /om2/user/rfbrito/containers/imaging/heudiconv_latest.sif -d /om2/scratch/Wed/rfbrito/dicom/{subject}/session001*/dicom/Trio*/*.dcm -o /out -f /om2/user/rfbrito/voice_depression/bids_conversion/heuristic.py -c dcm2niix -s voice951 -ss 1 -b --minmeta -g accession_number
['3-SMS5_rsfMRI_PA']
[{'item': '4-Spin_Echo_EPI_PA', 'dir': 'PA'}, {'item': '5-Spin_Echo_EPI_AP', 'dir': 'AP'}]
[{'item': '6-SMS2-diff_b1000_free_11b0_61dirs_PA', 'acq': 'PA'}, {'item': '11-SMS2-diff_b1000_free_4b0_AP', 'acq': 'AP'}]
['15-T1_MPRAGE_Ellison_4e_p2_1mm_iso']
[]
['30-PaTaKa_1_SMS5_Sparse_3x3x3_1640_1000ms', '31-PaTaKa_2_SMS5_Sparse_3x3x3_1640_1000ms']
['20-Sentences_1_SMS5_Sparse_2x2x2_4000_2900ms', '21-Sentences_2_SMS5_Sparse_2x2x2_4000_2900ms']
['34-Nonword_1_SMS5_Sparse_2x2x2_4000_2900ms', '35-Nonword_2_SMS5_Sparse_2x2x2_4000_2900ms', '36-Nonword_3_SMS5_Sparse_2x2x2_4000_2900ms']
['28-FaceMatch_1_SMS5_Sparse_2x2x2_2000_900ms', '29-FaceMatch_2_SMS5_Sparse_2x2x2_2000_900ms']
['32-EmoSent_1_SMS5_Sparse_2x2x2_4000_2900ms', '33-EmoSent_2_SMS5_Sparse_2x2x2_4000_2900ms']
['22-Vowels_1_SMS5_Sparse_2x2x2_4000_2900ms', '23-Vowels_2_SMS5_Sparse_2x2x2_4000_2900ms']
['24-PitchEmph_1_SMS5_Sparse_2x2x2_2000_900ms', '25-PitchEmph_2_SMS5_Sparse_2x2x2_2000_900ms']
['39-Movie_SMS5_rsfMRI_PA']
221012-23:39:37,160 nipype.utils WARNING:
	 A newer version (1.8.4) of nipy/nipype is available. You are using 1.8.0
221012-23:39:37,417 nipype.workflow INFO:
	 [Node] Setting-up "convert" in "/tmp/dcm2niixec13bwpa/convert".
221012-23:39:37,500 nipype.workflow INFO:
	 [Node] Executing "convert" <nipype.interfaces.dcm2nii.Dcm2niix>
221012-23:39:41,388 nipype.interface INFO:
	 stdout 2022-10-12T23:39:41.388345:Chris Rorden's dcm2niiX version v1.0.20211006  GCC10.2.1 x86-64 (64-bit Linux)
221012-23:39:41,389 nipype.interface INFO:
	 stdout 2022-10-12T23:39:41.388345:Found 300 DICOM file(s)
221012-23:39:41,389 nipype.interface INFO:
	 stdout 2022-10-12T23:39:41.388345:Warning: Slice timing appears corrupted (range 0..5357.5, TR=1090 ms)
221012-23:39:41,389 nipype.interface INFO:
	 stdout 2022-10-12T23:39:41.388345:Convert 300 DICOM as /out/sub-voice951/ses-1/func/sub-voice951_ses-1_task-rest_run-1_bold_heudiconv888 (108x108x65x300)
221012-23:40:16,579 nipype.interface INFO:
	 stdout 2022-10-12T23:40:16.579489:Compress: "/usr/bin/pigz" -b 960 -n -f -6 "/out/sub-voice951/ses-1/func/sub-voice951_ses-1_task-rest_run-1_bold_heudiconv888.nii"
221012-23:40:16,589 nipype.interface INFO:
	 stdout 2022-10-12T23:40:16.579489:Conversion required 39.004636 seconds (0.610965 for core code).
221012-23:40:16,609 nipype.workflow INFO:
	 [Node] Finished "convert", elapsed time 39.042624s.
221012-23:40:17,95 nipype.workflow INFO:
	 [Node] Setting-up "convert" in "/tmp/dcm2niixg5rg0p2c/convert".
221012-23:40:17,149 nipype.workflow INFO:
	 [Node] Executing "convert" <nipype.interfaces.dcm2nii.Dcm2niix>
221012-23:40:18,121 nipype.interface INFO:
	 stdout 2022-10-12T23:40:18.120946:Chris Rorden's dcm2niiX version v1.0.20211006  GCC10.2.1 x86-64 (64-bit Linux)
221012-23:40:18,121 nipype.interface INFO:
	 stdout 2022-10-12T23:40:18.120946:Found 260 DICOM file(s)
221012-23:40:18,121 nipype.interface INFO:
	 stdout 2022-10-12T23:40:18.120946:Convert 260 DICOM as /out/sub-voice951/ses-1/fmap/sub-voice951_ses-1_acq-func_dir-PA_run-1_epi_heudiconv167 (108x108x65x4)
221012-23:40:18,579 nipype.interface INFO:
	 stdout 2022-10-12T23:40:18.579589:Compress: "/usr/bin/pigz" -b 960 -n -f -6 "/out/sub-voice951/ses-1/fmap/sub-voice951_ses-1_acq-func_dir-PA_run-1_epi_heudiconv167.nii"
221012-23:40:18,579 nipype.interface INFO:
	 stdout 2022-10-12T23:40:18.579589:Conversion required 1.411814 seconds (0.095902 for core code).
221012-23:40:18,602 nipype.workflow INFO:
	 [Node] Finished "convert", elapsed time 1.452801s.
221012-23:40:19,56 nipype.workflow INFO:
	 [Node] Setting-up "convert" in "/tmp/dcm2niixjbmnazzn/convert".
221012-23:40:19,125 nipype.workflow INFO:
	 [Node] Executing "convert" <nipype.interfaces.dcm2nii.Dcm2niix>
221012-23:40:20,25 nipype.interface INFO:
	 stdout 2022-10-12T23:40:20.025720:Chris Rorden's dcm2niiX version v1.0.20211006  GCC10.2.1 x86-64 (64-bit Linux)
221012-23:40:20,26 nipype.interface INFO:
	 stdout 2022-10-12T23:40:20.025720:Found 260 DICOM file(s)
221012-23:40:20,26 nipype.interface INFO:
	 stdout 2022-10-12T23:40:20.025720:Convert 260 DICOM as /out/sub-voice951/ses-1/fmap/sub-voice951_ses-1_acq-func_dir-AP_run-2_epi_heudiconv549 (108x108x65x4)
221012-23:40:20,524 nipype.interface INFO:
	 stdout 2022-10-12T23:40:20.524136:Compress: "/usr/bin/pigz" -b 960 -n -f -6 "/out/sub-voice951/ses-1/fmap/sub-voice951_ses-1_acq-func_dir-AP_run-2_epi_heudiconv549.nii"
221012-23:40:20,524 nipype.interface INFO:
	 stdout 2022-10-12T23:40:20.524136:Conversion required 1.383329 seconds (0.118829 for core code).
221012-23:40:20,542 nipype.workflow INFO:
	 [Node] Finished "convert", elapsed time 1.416038s.
221012-23:40:20,740 nipype.workflow INFO:
	 [Node] Setting-up "convert" in "/tmp/dcm2niix7uxjxo3l/convert".
221012-23:40:20,770 nipype.workflow INFO:
	 [Node] Executing "convert" <nipype.interfaces.dcm2nii.Dcm2niix>
221012-23:40:22,236 nipype.interface INFO:
	 stdout 2022-10-12T23:40:22.236462:Chris Rorden's dcm2niiX version v1.0.20211006  GCC10.2.1 x86-64 (64-bit Linux)
221012-23:40:22,237 nipype.interface INFO:
	 stdout 2022-10-12T23:40:22.236462:Found 72 DICOM file(s)
221012-23:40:22,237 nipype.interface INFO:
	 stdout 2022-10-12T23:40:22.236462:Warning: Slice timing appears corrupted (range 0..8.63999e+07, TR=4400 ms)
221012-23:40:22,237 nipype.interface INFO:
	 stdout 2022-10-12T23:40:22.236462:Convert 72 DICOM as /out/sub-voice951/ses-1/dwi/sub-voice951_ses-1_acq-PA_dwi_heudiconv515 (120x120x66x72)
221012-23:40:31,313 nipype.interface INFO:
	 stdout 2022-10-12T23:40:31.313004:Compress: "/usr/bin/pigz" -b 960 -n -f -6 "/out/sub-voice951/ses-1/dwi/sub-voice951_ses-1_acq-PA_dwi_heudiconv515.nii"
221012-23:40:31,313 nipype.interface INFO:
	 stdout 2022-10-12T23:40:31.313004:Conversion required 10.518532 seconds (0.220409 for core code).
221012-23:40:31,341 nipype.workflow INFO:
	 [Node] Finished "convert", elapsed time 10.56971s.
221012-23:40:32,39 nipype.workflow INFO:
	 [Node] Setting-up "convert" in "/tmp/dcm2niix6tmt2f08/convert".
221012-23:40:32,43 nipype.workflow INFO:
	 [Node] Executing "convert" <nipype.interfaces.dcm2nii.Dcm2niix>
221012-23:40:32,286 nipype.interface INFO:
	 stdout 2022-10-12T23:40:32.286441:Chris Rorden's dcm2niiX version v1.0.20211006  GCC10.2.1 x86-64 (64-bit Linux)
221012-23:40:32,286 nipype.interface INFO:
	 stdout 2022-10-12T23:40:32.286441:Found 7 DICOM file(s)
221012-23:40:32,286 nipype.interface INFO:
	 stdout 2022-10-12T23:40:32.286441:Warning: Slice timing appears corrupted (range 0..8.63999e+07, TR=4400 ms)
221012-23:40:32,286 nipype.interface INFO:
	 stdout 2022-10-12T23:40:32.286441:Convert 7 DICOM as /out/sub-voice951/ses-1/dwi/sub-voice951_ses-1_acq-AP_dwi_heudiconv501 (120x120x66x7)
221012-23:40:33,223 nipype.interface INFO:
	 stdout 2022-10-12T23:40:33.223056:Compress: "/usr/bin/pigz" -b 960 -n -f -6 "/out/sub-voice951/ses-1/dwi/sub-voice951_ses-1_acq-AP_dwi_heudiconv501.nii"
221012-23:40:33,223 nipype.interface INFO:
	 stdout 2022-10-12T23:40:33.223056:Conversion required 1.161345 seconds (0.026710 for core code).
221012-23:40:33,245 nipype.workflow INFO:
	 [Node] Finished "convert", elapsed time 1.201266s.
221012-23:40:33,509 nipype.workflow INFO:
	 [Node] Setting-up "convert" in "/tmp/dcm2niixkmyey3ad/convert".
221012-23:40:33,555 nipype.workflow INFO:
	 [Node] Executing "convert" <nipype.interfaces.dcm2nii.Dcm2niix>
221012-23:40:33,988 nipype.interface INFO:
	 stdout 2022-10-12T23:40:33.988207:Chris Rorden's dcm2niiX version v1.0.20211006  GCC10.2.1 x86-64 (64-bit Linux)
221012-23:40:33,988 nipype.interface INFO:
	 stdout 2022-10-12T23:40:33.988207:Found 176 DICOM file(s)
221012-23:40:33,988 nipype.interface INFO:
	 stdout 2022-10-12T23:40:33.988207:Convert 176 DICOM as /out/sub-voice951/ses-1/anat/sub-voice951_ses-1_run-1_T1w_heudiconv788 (256x256x176x1)
221012-23:40:36,764 nipype.interface INFO:
	 stdout 2022-10-12T23:40:36.764678:Compress: "/usr/bin/pigz" -b 960 -n -f -6 "/out/sub-voice951/ses-1/anat/sub-voice951_ses-1_run-1_T1w_heudiconv788.nii"
221012-23:40:36,766 nipype.interface INFO:
	 stdout 2022-10-12T23:40:36.764678:Conversion required 3.192648 seconds (0.321966 for core code).
221012-23:40:36,811 nipype.workflow INFO:
	 [Node] Finished "convert", elapsed time 3.254798s.
221012-23:40:37,118 nipype.workflow INFO:
	 [Node] Setting-up "convert" in "/tmp/dcm2niixii6kwabl/convert".
221012-23:40:37,175 nipype.workflow INFO:
	 [Node] Executing "convert" <nipype.interfaces.dcm2nii.Dcm2niix>
221012-23:40:38,221 nipype.interface INFO:
	 stdout 2022-10-12T23:40:38.220915:Chris Rorden's dcm2niiX version v1.0.20211006  GCC10.2.1 x86-64 (64-bit Linux)
221012-23:40:38,221 nipype.interface INFO:
	 stdout 2022-10-12T23:40:38.220915:Found 207 DICOM file(s)
221012-23:40:38,221 nipype.interface INFO:
	 stdout 2022-10-12T23:40:38.220915:Warning: Slice timing appears corrupted (range 0..3135, TR=1640 ms)
221012-23:40:38,221 nipype.interface INFO:
	 stdout 2022-10-12T23:40:38.220915:Convert 207 DICOM as /out/sub-voice951/ses-1/func/sub-voice951_ses-1_task-pataka_run-1_bold_heudiconv086 (72x72x45x207)
221012-23:40:46,639 nipype.interface INFO:
	 stdout 2022-10-12T23:40:46.639690:Compress: "/usr/bin/pigz" -b 960 -n -f -6 "/out/sub-voice951/ses-1/func/sub-voice951_ses-1_task-pataka_run-1_bold_heudiconv086.nii"
221012-23:40:46,641 nipype.interface INFO:
	 stdout 2022-10-12T23:40:46.639690:Conversion required 9.438791 seconds (0.246972 for core code).
221012-23:40:46,673 nipype.workflow INFO:
	 [Node] Finished "convert", elapsed time 9.497542s.
221012-23:40:47,45 nipype.workflow INFO:
	 [Node] Setting-up "convert" in "/tmp/dcm2niix_dpnh426/convert".
221012-23:40:47,100 nipype.workflow INFO:
	 [Node] Executing "convert" <nipype.interfaces.dcm2nii.Dcm2niix>
221012-23:40:53,581 nipype.interface INFO:
	 stdout 2022-10-12T23:40:53.581092:Chris Rorden's dcm2niiX version v1.0.20211006  GCC10.2.1 x86-64 (64-bit Linux)
221012-23:40:53,585 nipype.interface INFO:
	 stdout 2022-10-12T23:40:53.581092:Found 207 DICOM file(s)
221012-23:40:53,585 nipype.interface INFO:
	 stdout 2022-10-12T23:40:53.581092:Warning: Slice timing appears corrupted (range 0..3135, TR=1640 ms)
221012-23:40:53,585 nipype.interface INFO:
	 stdout 2022-10-12T23:40:53.581092:Convert 207 DICOM as /out/sub-voice951/ses-1/func/sub-voice951_ses-1_task-pataka_run-2_bold_heudiconv910 (72x72x45x207)
221012-23:40:59,392 nipype.interface INFO:
	 stdout 2022-10-12T23:40:59.392426:Compress: "/usr/bin/pigz" -b 960 -n -f -6 "/out/sub-voice951/ses-1/func/sub-voice951_ses-1_task-pataka_run-2_bold_heudiconv910.nii"
221012-23:40:59,392 nipype.interface INFO:
	 stdout 2022-10-12T23:40:59.392426:Conversion required 12.224512 seconds (0.270452 for core code).
221012-23:40:59,415 nipype.workflow INFO:
	 [Node] Finished "convert", elapsed time 12.313615s.
221012-23:40:59,557 nipype.workflow INFO:
	 [Node] Setting-up "convert" in "/tmp/dcm2niix_zwmxbs2/convert".
221012-23:40:59,575 nipype.workflow INFO:
	 [Node] Executing "convert" <nipype.interfaces.dcm2nii.Dcm2niix>
221012-23:41:00,400 nipype.interface INFO:
	 stdout 2022-10-12T23:41:00.400543:Chris Rorden's dcm2niiX version v1.0.20211006  GCC10.2.1 x86-64 (64-bit Linux)
221012-23:41:00,400 nipype.interface INFO:
	 stdout 2022-10-12T23:41:00.400543:Found 64 DICOM file(s)
221012-23:41:00,401 nipype.interface INFO:
	 stdout 2022-10-12T23:41:00.400543:Warning: Slice timing appears corrupted (range 0..5357.5, TR=4000 ms)
221012-23:41:00,401 nipype.interface INFO:
	 stdout 2022-10-12T23:41:00.400543:Convert 64 DICOM as /out/sub-voice951/ses-1/func/sub-voice951_ses-1_task-pitchsent_run-1_bold_heudiconv634 (108x108x65x64)
221012-23:41:06,60 nipype.interface INFO:
	 stdout 2022-10-12T23:41:06.059945:Compress: "/usr/bin/pigz" -b 960 -n -f -6 "/out/sub-voice951/ses-1/func/sub-voice951_ses-1_task-pitchsent_run-1_bold_heudiconv634.nii"
221012-23:41:06,81 nipype.interface INFO:
	 stdout 2022-10-12T23:41:06.059945:Conversion required 6.466376 seconds (0.187133 for core code).
221012-23:41:06,105 nipype.workflow INFO:
	 [Node] Finished "convert", elapsed time 6.529366s.
221012-23:41:06,203 nipype.workflow INFO:
	 [Node] Setting-up "convert" in "/tmp/dcm2niixlul3eqj6/convert".
221012-23:41:06,222 nipype.workflow INFO:
	 [Node] Executing "convert" <nipype.interfaces.dcm2nii.Dcm2niix>
221012-23:41:08,350 nipype.interface INFO:
	 stdout 2022-10-12T23:41:08.350806:Chris Rorden's dcm2niiX version v1.0.20211006  GCC10.2.1 x86-64 (64-bit Linux)
221012-23:41:08,351 nipype.interface INFO:
	 stdout 2022-10-12T23:41:08.350806:Found 64 DICOM file(s)
221012-23:41:08,351 nipype.interface INFO:
	 stdout 2022-10-12T23:41:08.350806:Warning: Slice timing appears corrupted (range 0..5360, TR=4000 ms)
221012-23:41:08,351 nipype.interface INFO:
	 stdout 2022-10-12T23:41:08.350806:Convert 64 DICOM as /out/sub-voice951/ses-1/func/sub-voice951_ses-1_task-pitchsent_run-2_bold_heudiconv266 (108x108x65x64)
221012-23:41:14,191 nipype.interface INFO:
	 stdout 2022-10-12T23:41:14.191058:Compress: "/usr/bin/pigz" -b 960 -n -f -6 "/out/sub-voice951/ses-1/func/sub-voice951_ses-1_task-pitchsent_run-2_bold_heudiconv266.nii"
221012-23:41:14,192 nipype.interface INFO:
	 stdout 2022-10-12T23:41:14.191058:Conversion required 7.937461 seconds (0.190491 for core code).
221012-23:41:14,218 nipype.workflow INFO:
	 [Node] Finished "convert", elapsed time 7.994605s.
221012-23:41:14,326 nipype.workflow INFO:
	 [Node] Setting-up "convert" in "/tmp/dcm2niix6nke098i/convert".
221012-23:41:14,338 nipype.workflow INFO:
	 [Node] Executing "convert" <nipype.interfaces.dcm2nii.Dcm2niix>
221012-23:41:14,898 nipype.interface INFO:
	 stdout 2022-10-12T23:41:14.898446:Chris Rorden's dcm2niiX version v1.0.20211006  GCC10.2.1 x86-64 (64-bit Linux)
221012-23:41:14,898 nipype.interface INFO:
	 stdout 2022-10-12T23:41:14.898446:Found 42 DICOM file(s)
221012-23:41:14,898 nipype.interface INFO:
	 stdout 2022-10-12T23:41:14.898446:Warning: Slice timing appears corrupted (range 0..5357.5, TR=4000 ms)
221012-23:41:14,898 nipype.interface INFO:
	 stdout 2022-10-12T23:41:14.898446:Convert 42 DICOM as /out/sub-voice951/ses-1/func/sub-voice951_ses-1_task-nwr_run-1_bold_heudiconv713 (108x108x65x42)
221012-23:41:18,685 nipype.interface INFO:
	 stdout 2022-10-12T23:41:18.685664:Compress: "/usr/bin/pigz" -b 960 -n -f -6 "/out/sub-voice951/ses-1/func/sub-voice951_ses-1_task-nwr_run-1_bold_heudiconv713.nii"
221012-23:41:18,686 nipype.interface INFO:
	 stdout 2022-10-12T23:41:18.685664:Conversion required 4.331978 seconds (0.128076 for core code).
221012-23:41:18,717 nipype.workflow INFO:
	 [Node] Finished "convert", elapsed time 4.377717s.
221012-23:41:19,49 nipype.workflow INFO:
	 [Node] Setting-up "convert" in "/tmp/dcm2niixh23403hp/convert".
221012-23:41:19,62 nipype.workflow INFO:
	 [Node] Executing "convert" <nipype.interfaces.dcm2nii.Dcm2niix>
221012-23:41:19,850 nipype.interface INFO:
	 stdout 2022-10-12T23:41:19.850179:Chris Rorden's dcm2niiX version v1.0.20211006  GCC10.2.1 x86-64 (64-bit Linux)
221012-23:41:19,850 nipype.interface INFO:
	 stdout 2022-10-12T23:41:19.850179:Found 42 DICOM file(s)
221012-23:41:19,850 nipype.interface INFO:
	 stdout 2022-10-12T23:41:19.850179:Warning: Slice timing appears corrupted (range 0..5360, TR=4000 ms)
221012-23:41:19,850 nipype.interface INFO:
	 stdout 2022-10-12T23:41:19.850179:Convert 42 DICOM as /out/sub-voice951/ses-1/func/sub-voice951_ses-1_task-nwr_run-2_bold_heudiconv848 (108x108x65x42)
221012-23:41:23,656 nipype.interface INFO:
	 stdout 2022-10-12T23:41:23.656486:Compress: "/usr/bin/pigz" -b 960 -n -f -6 "/out/sub-voice951/ses-1/func/sub-voice951_ses-1_task-nwr_run-2_bold_heudiconv848.nii"
221012-23:41:23,657 nipype.interface INFO:
	 stdout 2022-10-12T23:41:23.656486:Conversion required 4.579385 seconds (0.137549 for core code).
221012-23:41:23,680 nipype.workflow INFO:
	 [Node] Finished "convert", elapsed time 4.617342s.
221012-23:41:24,213 nipype.workflow INFO:
	 [Node] Setting-up "convert" in "/tmp/dcm2niix1_a2pz2j/convert".
221012-23:41:24,228 nipype.workflow INFO:
	 [Node] Executing "convert" <nipype.interfaces.dcm2nii.Dcm2niix>
221012-23:41:25,38 nipype.interface INFO:
	 stdout 2022-10-12T23:41:25.038209:Chris Rorden's dcm2niiX version v1.0.20211006  GCC10.2.1 x86-64 (64-bit Linux)
221012-23:41:25,38 nipype.interface INFO:
	 stdout 2022-10-12T23:41:25.038209:Found 42 DICOM file(s)
221012-23:41:25,38 nipype.interface INFO:
	 stdout 2022-10-12T23:41:25.038209:Warning: Slice timing appears corrupted (range 0..5357.5, TR=4000 ms)
221012-23:41:25,38 nipype.interface INFO:
	 stdout 2022-10-12T23:41:25.038209:Convert 42 DICOM as /out/sub-voice951/ses-1/func/sub-voice951_ses-1_task-nwr_run-3_bold_heudiconv211 (108x108x65x42)
221012-23:41:28,808 nipype.interface INFO:
	 stdout 2022-10-12T23:41:28.808664:Compress: "/usr/bin/pigz" -b 960 -n -f -6 "/out/sub-voice951/ses-1/func/sub-voice951_ses-1_task-nwr_run-3_bold_heudiconv211.nii"
221012-23:41:28,845 nipype.interface INFO:
	 stdout 2022-10-12T23:41:28.808664:Conversion required 4.553609 seconds (0.131103 for core code).
221012-23:41:28,867 nipype.workflow INFO:
	 [Node] Finished "convert", elapsed time 4.638536s.
221012-23:41:29,10 nipype.workflow INFO:
	 [Node] Setting-up "convert" in "/tmp/dcm2niixdiju0pmi/convert".
221012-23:41:29,35 nipype.workflow INFO:
	 [Node] Executing "convert" <nipype.interfaces.dcm2nii.Dcm2niix>
221012-23:41:30,455 nipype.interface INFO:
	 stdout 2022-10-12T23:41:30.455854:Chris Rorden's dcm2niiX version v1.0.20211006  GCC10.2.1 x86-64 (64-bit Linux)
221012-23:41:30,456 nipype.interface INFO:
	 stdout 2022-10-12T23:41:30.455854:Found 99 DICOM file(s)
221012-23:41:30,456 nipype.interface INFO:
	 stdout 2022-10-12T23:41:30.455854:Warning: Slice timing appears corrupted (range 0..5357.5, TR=2000 ms)
221012-23:41:30,456 nipype.interface INFO:
	 stdout 2022-10-12T23:41:30.455854:Convert 99 DICOM as /out/sub-voice951/ses-1/func/sub-voice951_ses-1_task-facematch_run-1_bold_heudiconv616 (108x108x65x99)
221012-23:41:39,423 nipype.interface INFO:
	 stdout 2022-10-12T23:41:39.423652:Compress: "/usr/bin/pigz" -b 960 -n -f -6 "/out/sub-voice951/ses-1/func/sub-voice951_ses-1_task-facematch_run-1_bold_heudiconv616.nii"
221012-23:41:39,424 nipype.interface INFO:
	 stdout 2022-10-12T23:41:39.423652:Conversion required 10.373424 seconds (0.279670 for core code).
221012-23:41:39,455 nipype.workflow INFO:
	 [Node] Finished "convert", elapsed time 10.418478s.
221012-23:41:39,648 nipype.workflow INFO:
	 [Node] Setting-up "convert" in "/tmp/dcm2niix4lez5zic/convert".
221012-23:41:39,675 nipype.workflow INFO:
	 [Node] Executing "convert" <nipype.interfaces.dcm2nii.Dcm2niix>
221012-23:41:41,252 nipype.interface INFO:
	 stdout 2022-10-12T23:41:41.252058:Chris Rorden's dcm2niiX version v1.0.20211006  GCC10.2.1 x86-64 (64-bit Linux)
221012-23:41:41,252 nipype.interface INFO:
	 stdout 2022-10-12T23:41:41.252058:Found 99 DICOM file(s)
221012-23:41:41,252 nipype.interface INFO:
	 stdout 2022-10-12T23:41:41.252058:Warning: Slice timing appears corrupted (range 0..5357.5, TR=2000 ms)
221012-23:41:41,252 nipype.interface INFO:
	 stdout 2022-10-12T23:41:41.252058:Convert 99 DICOM as /out/sub-voice951/ses-1/func/sub-voice951_ses-1_task-facematch_run-2_bold_heudiconv752 (108x108x65x99)
221012-23:41:50,155 nipype.interface INFO:
	 stdout 2022-10-12T23:41:50.155659:Compress: "/usr/bin/pigz" -b 960 -n -f -6 "/out/sub-voice951/ses-1/func/sub-voice951_ses-1_task-facematch_run-2_bold_heudiconv752.nii"
221012-23:41:50,161 nipype.interface INFO:
	 stdout 2022-10-12T23:41:50.155659:Conversion required 10.463977 seconds (0.276479 for core code).
221012-23:41:50,183 nipype.workflow INFO:
	 [Node] Finished "convert", elapsed time 10.507028s.
221012-23:41:50,293 nipype.workflow INFO:
	 [Node] Setting-up "convert" in "/tmp/dcm2niixql02q7sa/convert".
221012-23:41:50,311 nipype.workflow INFO:
	 [Node] Executing "convert" <nipype.interfaces.dcm2nii.Dcm2niix>
221012-23:41:51,413 nipype.interface INFO:
	 stdout 2022-10-12T23:41:51.413103:Chris Rorden's dcm2niiX version v1.0.20211006  GCC10.2.1 x86-64 (64-bit Linux)
221012-23:41:51,413 nipype.interface INFO:
	 stdout 2022-10-12T23:41:51.413103:Found 48 DICOM file(s)
221012-23:41:51,413 nipype.interface INFO:
	 stdout 2022-10-12T23:41:51.413103:Warning: Slice timing appears corrupted (range 0..5360, TR=4000 ms)
221012-23:41:51,413 nipype.interface INFO:
	 stdout 2022-10-12T23:41:51.413103:Convert 48 DICOM as /out/sub-voice951/ses-1/func/sub-voice951_ses-1_task-emosent_run-1_bold_heudiconv374 (108x108x65x48)
221012-23:41:56,242 nipype.interface INFO:
	 stdout 2022-10-12T23:41:56.242434:Compress: "/usr/bin/pigz" -b 960 -n -f -6 "/out/sub-voice951/ses-1/func/sub-voice951_ses-1_task-emosent_run-1_bold_heudiconv374.nii"
221012-23:41:56,244 nipype.interface INFO:
	 stdout 2022-10-12T23:41:56.242434:Conversion required 5.915609 seconds (0.127749 for core code).
221012-23:41:56,267 nipype.workflow INFO:
	 [Node] Finished "convert", elapsed time 5.955401s.
221012-23:41:56,430 nipype.workflow INFO:
	 [Node] Setting-up "convert" in "/tmp/dcm2niix7kaua6nn/convert".
221012-23:41:56,446 nipype.workflow INFO:
	 [Node] Executing "convert" <nipype.interfaces.dcm2nii.Dcm2niix>
221012-23:41:57,591 nipype.interface INFO:
	 stdout 2022-10-12T23:41:57.591333:Chris Rorden's dcm2niiX version v1.0.20211006  GCC10.2.1 x86-64 (64-bit Linux)
221012-23:41:57,591 nipype.interface INFO:
	 stdout 2022-10-12T23:41:57.591333:Found 48 DICOM file(s)
221012-23:41:57,591 nipype.interface INFO:
	 stdout 2022-10-12T23:41:57.591333:Warning: Slice timing appears corrupted (range 0..5360, TR=4000 ms)
221012-23:41:57,591 nipype.interface INFO:
	 stdout 2022-10-12T23:41:57.591333:Convert 48 DICOM as /out/sub-voice951/ses-1/func/sub-voice951_ses-1_task-emosent_run-2_bold_heudiconv842 (108x108x65x48)
221012-23:42:02,734 nipype.interface INFO:
	 stdout 2022-10-12T23:42:02.734811:Compress: "/usr/bin/pigz" -b 960 -n -f -6 "/out/sub-voice951/ses-1/func/sub-voice951_ses-1_task-emosent_run-2_bold_heudiconv842.nii"
221012-23:42:02,738 nipype.interface INFO:
	 stdout 2022-10-12T23:42:02.734811:Conversion required 6.270836 seconds (0.133215 for core code).
221012-23:42:02,768 nipype.workflow INFO:
	 [Node] Finished "convert", elapsed time 6.321312s.
221012-23:42:02,927 nipype.workflow INFO:
	 [Node] Setting-up "convert" in "/tmp/dcm2niixlcrop8cq/convert".
221012-23:42:02,945 nipype.workflow INFO:
	 [Node] Executing "convert" <nipype.interfaces.dcm2nii.Dcm2niix>
221012-23:42:04,385 nipype.interface INFO:
	 stdout 2022-10-12T23:42:04.385800:Chris Rorden's dcm2niiX version v1.0.20211006  GCC10.2.1 x86-64 (64-bit Linux)
221012-23:42:04,386 nipype.interface INFO:
	 stdout 2022-10-12T23:42:04.385800:Found 60 DICOM file(s)
221012-23:42:04,386 nipype.interface INFO:
	 stdout 2022-10-12T23:42:04.385800:Warning: Slice timing appears corrupted (range 0..5357.5, TR=4000 ms)
221012-23:42:04,386 nipype.interface INFO:
	 stdout 2022-10-12T23:42:04.385800:Convert 60 DICOM as /out/sub-voice951/ses-1/func/sub-voice951_ses-1_task-vowel_run-1_bold_heudiconv466 (108x108x65x60)
221012-23:42:09,867 nipype.interface INFO:
	 stdout 2022-10-12T23:42:09.867135:Compress: "/usr/bin/pigz" -b 960 -n -f -6 "/out/sub-voice951/ses-1/func/sub-voice951_ses-1_task-vowel_run-1_bold_heudiconv466.nii"
221012-23:42:09,867 nipype.interface INFO:
	 stdout 2022-10-12T23:42:09.867135:Conversion required 6.904344 seconds (0.178281 for core code).
221012-23:42:09,890 nipype.workflow INFO:
	 [Node] Finished "convert", elapsed time 6.944504s.
221012-23:42:10,57 nipype.workflow INFO:
	 [Node] Setting-up "convert" in "/tmp/dcm2niix1y09q3y_/convert".
221012-23:42:10,74 nipype.workflow INFO:
	 [Node] Executing "convert" <nipype.interfaces.dcm2nii.Dcm2niix>
221012-23:42:11,663 nipype.interface INFO:
	 stdout 2022-10-12T23:42:11.663708:Chris Rorden's dcm2niiX version v1.0.20211006  GCC10.2.1 x86-64 (64-bit Linux)
221012-23:42:11,664 nipype.interface INFO:
	 stdout 2022-10-12T23:42:11.663708:Found 60 DICOM file(s)
221012-23:42:11,664 nipype.interface INFO:
	 stdout 2022-10-12T23:42:11.663708:Warning: Slice timing appears corrupted (range 0..5357.5, TR=4000 ms)
221012-23:42:11,664 nipype.interface INFO:
	 stdout 2022-10-12T23:42:11.663708:Convert 60 DICOM as /out/sub-voice951/ses-1/func/sub-voice951_ses-1_task-vowel_run-2_bold_heudiconv592 (108x108x65x60)
221012-23:42:17,181 nipype.interface INFO:
	 stdout 2022-10-12T23:42:17.181612:Compress: "/usr/bin/pigz" -b 960 -n -f -6 "/out/sub-voice951/ses-1/func/sub-voice951_ses-1_task-vowel_run-2_bold_heudiconv592.nii"
221012-23:42:17,184 nipype.interface INFO:
	 stdout 2022-10-12T23:42:17.181612:Conversion required 7.004801 seconds (0.161712 for core code).
221012-23:42:17,221 nipype.workflow INFO:
	 [Node] Finished "convert", elapsed time 7.145739s.
221012-23:42:18,114 nipype.workflow INFO:
	 [Node] Setting-up "convert" in "/tmp/dcm2niixu2mh97kv/convert".
221012-23:42:18,136 nipype.workflow INFO:
	 [Node] Executing "convert" <nipype.interfaces.dcm2nii.Dcm2niix>
221012-23:42:20,697 nipype.interface INFO:
	 stdout 2022-10-12T23:42:20.697103:Chris Rorden's dcm2niiX version v1.0.20211006  GCC10.2.1 x86-64 (64-bit Linux)
221012-23:42:20,697 nipype.interface INFO:
	 stdout 2022-10-12T23:42:20.697103:Found 101 DICOM file(s)
221012-23:42:20,697 nipype.interface INFO:
	 stdout 2022-10-12T23:42:20.697103:Warning: Slice timing appears corrupted (range 0..5360, TR=2000 ms)
221012-23:42:20,697 nipype.interface INFO:
	 stdout 2022-10-12T23:42:20.697103:Convert 101 DICOM as /out/sub-voice951/ses-1/func/sub-voice951_ses-1_task-pitchnw_run-1_bold_heudiconv444 (108x108x65x101)
221012-23:42:32,597 nipype.interface INFO:
	 stdout 2022-10-12T23:42:32.597880:Compress: "/usr/bin/pigz" -b 960 -n -f -6 "/out/sub-voice951/ses-1/func/sub-voice951_ses-1_task-pitchnw_run-1_bold_heudiconv444.nii"
221012-23:42:32,601 nipype.interface INFO:
	 stdout 2022-10-12T23:42:32.597880:Conversion required 14.439757 seconds (0.271929 for core code).
221012-23:42:32,645 nipype.workflow INFO:
	 [Node] Finished "convert", elapsed time 14.508379s.
221012-23:42:33,986 nipype.workflow INFO:
	 [Node] Setting-up "convert" in "/tmp/dcm2niixtwzaa8m_/convert".
221012-23:42:34,14 nipype.workflow INFO:
	 [Node] Executing "convert" <nipype.interfaces.dcm2nii.Dcm2niix>
221012-23:42:37,923 nipype.interface INFO:
	 stdout 2022-10-12T23:42:37.923395:Chris Rorden's dcm2niiX version v1.0.20211006  GCC10.2.1 x86-64 (64-bit Linux)
221012-23:42:37,924 nipype.interface INFO:
	 stdout 2022-10-12T23:42:37.923395:Found 101 DICOM file(s)
221012-23:42:37,924 nipype.interface INFO:
	 stdout 2022-10-12T23:42:37.923395:Warning: Slice timing appears corrupted (range 0..5360, TR=2000 ms)
221012-23:42:37,924 nipype.interface INFO:
	 stdout 2022-10-12T23:42:37.923395:Convert 101 DICOM as /out/sub-voice951/ses-1/func/sub-voice951_ses-1_task-pitchnw_run-2_bold_heudiconv634 (108x108x65x101)
221012-23:42:47,198 nipype.interface INFO:
	 stdout 2022-10-12T23:42:47.198753:Compress: "/usr/bin/pigz" -b 960 -n -f -6 "/out/sub-voice951/ses-1/func/sub-voice951_ses-1_task-pitchnw_run-2_bold_heudiconv634.nii"
221012-23:42:47,199 nipype.interface INFO:
	 stdout 2022-10-12T23:42:47.198753:Conversion required 13.162992 seconds (0.280713 for core code).
221012-23:42:47,222 nipype.workflow INFO:
	 [Node] Finished "convert", elapsed time 13.206426s.
221012-23:42:47,780 nipype.workflow INFO:
	 [Node] Setting-up "convert" in "/tmp/dcm2niix6l8h34p2/convert".
221012-23:42:47,815 nipype.workflow INFO:
	 [Node] Executing "convert" <nipype.interfaces.dcm2nii.Dcm2niix>
221012-23:42:50,306 nipype.interface INFO:
	 stdout 2022-10-12T23:42:50.306022:Chris Rorden's dcm2niiX version v1.0.20211006  GCC10.2.1 x86-64 (64-bit Linux)
221012-23:42:50,306 nipype.interface INFO:
	 stdout 2022-10-12T23:42:50.306022:Found 138 DICOM file(s)
221012-23:42:50,306 nipype.interface INFO:
	 stdout 2022-10-12T23:42:50.306022:Warning: Slice timing appears corrupted (range 0..5360, TR=1090 ms)
221012-23:42:50,306 nipype.interface INFO:
	 stdout 2022-10-12T23:42:50.306022:Convert 138 DICOM as /out/sub-voice951/ses-1/func/sub-voice951_ses-1_task-movie_run-1_bold_heudiconv451 (108x108x65x138)
221012-23:43:03,113 nipype.interface INFO:
	 stdout 2022-10-12T23:43:03.113351:Compress: "/usr/bin/pigz" -b 960 -n -f -6 "/out/sub-voice951/ses-1/func/sub-voice951_ses-1_task-movie_run-1_bold_heudiconv451.nii"
221012-23:43:03,114 nipype.interface INFO:
	 stdout 2022-10-12T23:43:03.113351:Conversion required 15.280304 seconds (0.348872 for core code).
221012-23:43:03,139 nipype.workflow INFO:
	 [Node] Finished "convert", elapsed time 15.322725s.
DONE
