INFO: Running heudiconv version 0.11.3+d20220512 latest 0.11.4
INFO: Need to process 1 study sessions
INFO: PROCESSING STARTS: {'subject': 'voice875', 'outdir': '/out/', 'session': '2'}
INFO: Processing 2306 dicoms
INFO: Analyzing 2306 dicoms
INFO: Generated sequence info for 24 accession numbers with 2306 entries total
INFO: Doing conversion using dcm2niix
INFO: Converting /out/sub-voice875/ses-2/func/sub-voice875_ses-2_task-rest_run-1_bold (300 DICOMs) -> /out/sub-voice875/ses-2/func . Converter: dcm2niix . Output types: ('nii.gz',)
WARNING: A newer version (1.8.4) of nipy/nipype is available. You are using 1.8.0
INFO: [Node] Setting-up "convert" in "/tmp/dcm2niixwbtyup85/convert".
INFO: [Node] Executing "convert" <nipype.interfaces.dcm2nii.Dcm2niix>
INFO: stdout 2022-10-12T23:31:34.335668:Chris Rorden's dcm2niiX version v1.0.20211006  GCC10.2.1 x86-64 (64-bit Linux)
INFO: stdout 2022-10-12T23:31:34.335668:Found 300 DICOM file(s)
INFO: stdout 2022-10-12T23:31:34.335668:Warning: Slice timing appears corrupted (range 0..5357.5, TR=1090 ms)
INFO: stdout 2022-10-12T23:31:34.335668:Convert 300 DICOM as /out/sub-voice875/ses-2/func/sub-voice875_ses-2_task-rest_run-1_bold_heudiconv899 (108x108x65x300)
INFO: stdout 2022-10-12T23:32:03.051692:Compress: "/usr/bin/pigz" -b 960 -n -f -6 "/out/sub-voice875/ses-2/func/sub-voice875_ses-2_task-rest_run-1_bold_heudiconv899.nii"
INFO: stdout 2022-10-12T23:32:03.051692:Conversion required 32.414759 seconds (0.669109 for core code).
INFO: [Node] Finished "convert", elapsed time 32.456323s.
INFO: Post-treating /out/sub-voice875/ses-2/func/sub-voice875_ses-2_task-rest_run-1_bold.json file
INFO: Converting /out/sub-voice875/ses-2/fmap/sub-voice875_ses-2_acq-func_dir-PA_run-1_epi (260 DICOMs) -> /out/sub-voice875/ses-2/fmap . Converter: dcm2niix . Output types: ('nii.gz',)
INFO: [Node] Setting-up "convert" in "/tmp/dcm2niixl2hn0vtm/convert".
INFO: [Node] Executing "convert" <nipype.interfaces.dcm2nii.Dcm2niix>
INFO: stdout 2022-10-12T23:32:07.915079:Chris Rorden's dcm2niiX version v1.0.20211006  GCC10.2.1 x86-64 (64-bit Linux)
INFO: stdout 2022-10-12T23:32:07.915079:Found 260 DICOM file(s)
INFO: stdout 2022-10-12T23:32:07.915079:Convert 260 DICOM as /out/sub-voice875/ses-2/fmap/sub-voice875_ses-2_acq-func_dir-PA_run-1_epi_heudiconv150 (108x108x65x4)
INFO: stdout 2022-10-12T23:32:08.391524:Compress: "/usr/bin/pigz" -b 960 -n -f -6 "/out/sub-voice875/ses-2/fmap/sub-voice875_ses-2_acq-func_dir-PA_run-1_epi_heudiconv150.nii"
INFO: stdout 2022-10-12T23:32:08.391524:Conversion required 3.713409 seconds (0.098516 for core code).
INFO: [Node] Finished "convert", elapsed time 3.813748s.
WARNING: Failed to find task field in /out/sub-voice875/ses-2/fmap/sub-voice875_ses-2_acq-func_dir-PA_run-1_epi.json.
INFO: Post-treating /out/sub-voice875/ses-2/fmap/sub-voice875_ses-2_acq-func_dir-PA_run-1_epi.json file
INFO: Converting /out/sub-voice875/ses-2/fmap/sub-voice875_ses-2_acq-func_dir-AP_run-2_epi (260 DICOMs) -> /out/sub-voice875/ses-2/fmap . Converter: dcm2niix . Output types: ('nii.gz',)
INFO: [Node] Setting-up "convert" in "/tmp/dcm2niixy78_uwix/convert".
INFO: [Node] Executing "convert" <nipype.interfaces.dcm2nii.Dcm2niix>
INFO: stdout 2022-10-12T23:32:11.220416:Chris Rorden's dcm2niiX version v1.0.20211006  GCC10.2.1 x86-64 (64-bit Linux)
INFO: stdout 2022-10-12T23:32:11.220416:Found 260 DICOM file(s)
INFO: stdout 2022-10-12T23:32:11.220416:Convert 260 DICOM as /out/sub-voice875/ses-2/fmap/sub-voice875_ses-2_acq-func_dir-AP_run-2_epi_heudiconv006 (108x108x65x4)
INFO: stdout 2022-10-12T23:32:11.676256:Compress: "/usr/bin/pigz" -b 960 -n -f -6 "/out/sub-voice875/ses-2/fmap/sub-voice875_ses-2_acq-func_dir-AP_run-2_epi_heudiconv006.nii"
INFO: stdout 2022-10-12T23:32:11.676256:Conversion required 2.198558 seconds (0.106662 for core code).
INFO: [Node] Finished "convert", elapsed time 2.271235s.
WARNING: Failed to find task field in /out/sub-voice875/ses-2/fmap/sub-voice875_ses-2_acq-func_dir-AP_run-2_epi.json.
INFO: Post-treating /out/sub-voice875/ses-2/fmap/sub-voice875_ses-2_acq-func_dir-AP_run-2_epi.json file
INFO: Converting /out/sub-voice875/ses-2/func/sub-voice875_ses-2_task-pataka_run-1_bold (207 DICOMs) -> /out/sub-voice875/ses-2/func . Converter: dcm2niix . Output types: ('nii.gz',)
INFO: [Node] Setting-up "convert" in "/tmp/dcm2niix4tp6oo6i/convert".
INFO: [Node] Executing "convert" <nipype.interfaces.dcm2nii.Dcm2niix>
INFO: stdout 2022-10-12T23:32:15.161244:Chris Rorden's dcm2niiX version v1.0.20211006  GCC10.2.1 x86-64 (64-bit Linux)
INFO: stdout 2022-10-12T23:32:15.161244:Found 207 DICOM file(s)
INFO: stdout 2022-10-12T23:32:15.161244:Warning: Slice timing appears corrupted (range 0..3135, TR=1640 ms)
INFO: stdout 2022-10-12T23:32:15.161244:Convert 207 DICOM as /out/sub-voice875/ses-2/func/sub-voice875_ses-2_task-pataka_run-1_bold_heudiconv781 (72x72x45x207)
INFO: stdout 2022-10-12T23:32:21.488451:Compress: "/usr/bin/pigz" -b 960 -n -f -6 "/out/sub-voice875/ses-2/func/sub-voice875_ses-2_task-pataka_run-1_bold_heudiconv781.nii"
INFO: stdout 2022-10-12T23:32:21.488451:Conversion required 9.062968 seconds (0.206602 for core code).
INFO: [Node] Finished "convert", elapsed time 9.14648s.
INFO: Post-treating /out/sub-voice875/ses-2/func/sub-voice875_ses-2_task-pataka_run-1_bold.json file
INFO: Converting /out/sub-voice875/ses-2/func/sub-voice875_ses-2_task-pataka_run-2_bold (207 DICOMs) -> /out/sub-voice875/ses-2/func . Converter: dcm2niix . Output types: ('nii.gz',)
INFO: [Node] Setting-up "convert" in "/tmp/dcm2niixpqxt59rt/convert".
INFO: [Node] Executing "convert" <nipype.interfaces.dcm2nii.Dcm2niix>
INFO: stdout 2022-10-12T23:32:24.377444:Chris Rorden's dcm2niiX version v1.0.20211006  GCC10.2.1 x86-64 (64-bit Linux)
INFO: stdout 2022-10-12T23:32:24.377444:Found 207 DICOM file(s)
INFO: stdout 2022-10-12T23:32:24.377444:Warning: Slice timing appears corrupted (range 0..3135, TR=1640 ms)
INFO: stdout 2022-10-12T23:32:24.377444:Convert 207 DICOM as /out/sub-voice875/ses-2/func/sub-voice875_ses-2_task-pataka_run-2_bold_heudiconv287 (72x72x45x207)
INFO: stdout 2022-10-12T23:32:30.108136:Compress: "/usr/bin/pigz" -b 960 -n -f -6 "/out/sub-voice875/ses-2/func/sub-voice875_ses-2_task-pataka_run-2_bold_heudiconv287.nii"
INFO: stdout 2022-10-12T23:32:30.108136:Conversion required 7.129413 seconds (0.208375 for core code).
INFO: [Node] Finished "convert", elapsed time 8.258303s.
INFO: Post-treating /out/sub-voice875/ses-2/func/sub-voice875_ses-2_task-pataka_run-2_bold.json file
INFO: Converting /out/sub-voice875/ses-2/func/sub-voice875_ses-2_task-nwr_run-1_bold (42 DICOMs) -> /out/sub-voice875/ses-2/func . Converter: dcm2niix . Output types: ('nii.gz',)
INFO: [Node] Setting-up "convert" in "/tmp/dcm2niixpcbzxsnt/convert".
INFO: [Node] Executing "convert" <nipype.interfaces.dcm2nii.Dcm2niix>
INFO: stdout 2022-10-12T23:32:31.076321:Chris Rorden's dcm2niiX version v1.0.20211006  GCC10.2.1 x86-64 (64-bit Linux)
INFO: stdout 2022-10-12T23:32:31.076321:Found 42 DICOM file(s)
INFO: stdout 2022-10-12T23:32:31.076321:Warning: Slice timing appears corrupted (range 0..5360, TR=4000 ms)
INFO: stdout 2022-10-12T23:32:31.076321:Convert 42 DICOM as /out/sub-voice875/ses-2/func/sub-voice875_ses-2_task-nwr_run-1_bold_heudiconv900 (108x108x65x42)
INFO: stdout 2022-10-12T23:32:35.373885:Compress: "/usr/bin/pigz" -b 960 -n -f -6 "/out/sub-voice875/ses-2/func/sub-voice875_ses-2_task-nwr_run-1_bold_heudiconv900.nii"
INFO: stdout 2022-10-12T23:32:35.373885:Conversion required 4.934875 seconds (0.108148 for core code).
INFO: [Node] Finished "convert", elapsed time 4.976353s.
INFO: Post-treating /out/sub-voice875/ses-2/func/sub-voice875_ses-2_task-nwr_run-1_bold.json file
INFO: Converting /out/sub-voice875/ses-2/func/sub-voice875_ses-2_task-nwr_run-2_bold (42 DICOMs) -> /out/sub-voice875/ses-2/func . Converter: dcm2niix . Output types: ('nii.gz',)
INFO: [Node] Setting-up "convert" in "/tmp/dcm2niixu_ldtxvt/convert".
INFO: [Node] Executing "convert" <nipype.interfaces.dcm2nii.Dcm2niix>
INFO: stdout 2022-10-12T23:32:36.064950:Chris Rorden's dcm2niiX version v1.0.20211006  GCC10.2.1 x86-64 (64-bit Linux)
INFO: stdout 2022-10-12T23:32:36.064950:Found 42 DICOM file(s)
INFO: stdout 2022-10-12T23:32:36.064950:Warning: Slice timing appears corrupted (range 0..5357.5, TR=4000 ms)
INFO: stdout 2022-10-12T23:32:36.064950:Convert 42 DICOM as /out/sub-voice875/ses-2/func/sub-voice875_ses-2_task-nwr_run-2_bold_heudiconv005 (108x108x65x42)
INFO: stdout 2022-10-12T23:32:40.338138:Compress: "/usr/bin/pigz" -b 960 -n -f -6 "/out/sub-voice875/ses-2/func/sub-voice875_ses-2_task-nwr_run-2_bold_heudiconv005.nii"
INFO: stdout 2022-10-12T23:32:40.338138:Conversion required 4.615724 seconds (0.100408 for core code).
INFO: [Node] Finished "convert", elapsed time 4.862853s.
INFO: Post-treating /out/sub-voice875/ses-2/func/sub-voice875_ses-2_task-nwr_run-2_bold.json file
INFO: Converting /out/sub-voice875/ses-2/func/sub-voice875_ses-2_task-nwr_run-3_bold (42 DICOMs) -> /out/sub-voice875/ses-2/func . Converter: dcm2niix . Output types: ('nii.gz',)
INFO: [Node] Setting-up "convert" in "/tmp/dcm2niixlgvzac7t/convert".
INFO: [Node] Executing "convert" <nipype.interfaces.dcm2nii.Dcm2niix>
INFO: stdout 2022-10-12T23:32:41.414094:Chris Rorden's dcm2niiX version v1.0.20211006  GCC10.2.1 x86-64 (64-bit Linux)
INFO: stdout 2022-10-12T23:32:41.414094:Found 42 DICOM file(s)
INFO: stdout 2022-10-12T23:32:41.414094:Warning: Slice timing appears corrupted (range 0..5360, TR=4000 ms)
INFO: stdout 2022-10-12T23:32:41.414094:Convert 42 DICOM as /out/sub-voice875/ses-2/func/sub-voice875_ses-2_task-nwr_run-3_bold_heudiconv433 (108x108x65x42)
INFO: stdout 2022-10-12T23:32:45.381360:Compress: "/usr/bin/pigz" -b 960 -n -f -6 "/out/sub-voice875/ses-2/func/sub-voice875_ses-2_task-nwr_run-3_bold_heudiconv433.nii"
INFO: stdout 2022-10-12T23:32:45.381360:Conversion required 4.247602 seconds (0.101262 for core code).
INFO: [Node] Finished "convert", elapsed time 4.301567s.
INFO: Post-treating /out/sub-voice875/ses-2/func/sub-voice875_ses-2_task-nwr_run-3_bold.json file
INFO: Converting /out/sub-voice875/ses-2/func/sub-voice875_ses-2_task-facematch_run-1_bold (99 DICOMs) -> /out/sub-voice875/ses-2/func . Converter: dcm2niix . Output types: ('nii.gz',)
INFO: [Node] Setting-up "convert" in "/tmp/dcm2niixt3r9jj03/convert".
INFO: [Node] Executing "convert" <nipype.interfaces.dcm2nii.Dcm2niix>
INFO: stdout 2022-10-12T23:32:46.629171:Chris Rorden's dcm2niiX version v1.0.20211006  GCC10.2.1 x86-64 (64-bit Linux)
INFO: stdout 2022-10-12T23:32:46.629171:Found 99 DICOM file(s)
INFO: stdout 2022-10-12T23:32:46.629171:Warning: Slice timing appears corrupted (range 0..5357.5, TR=2000 ms)
INFO: stdout 2022-10-12T23:32:46.629171:Convert 99 DICOM as /out/sub-voice875/ses-2/func/sub-voice875_ses-2_task-facematch_run-1_bold_heudiconv713 (108x108x65x99)
INFO: stdout 2022-10-12T23:32:56.221197:Compress: "/usr/bin/pigz" -b 960 -n -f -6 "/out/sub-voice875/ses-2/func/sub-voice875_ses-2_task-facematch_run-1_bold_heudiconv713.nii"
INFO: stdout 2022-10-12T23:32:56.221197:Conversion required 10.392228 seconds (0.230154 for core code).
INFO: [Node] Finished "convert", elapsed time 10.505583s.
INFO: Post-treating /out/sub-voice875/ses-2/func/sub-voice875_ses-2_task-facematch_run-1_bold.json file
INFO: Converting /out/sub-voice875/ses-2/func/sub-voice875_ses-2_task-facematch_run-2_bold (99 DICOMs) -> /out/sub-voice875/ses-2/func . Converter: dcm2niix . Output types: ('nii.gz',)
INFO: [Node] Setting-up "convert" in "/tmp/dcm2niixr50d9q_g/convert".
INFO: [Node] Executing "convert" <nipype.interfaces.dcm2nii.Dcm2niix>
INFO: stdout 2022-10-12T23:32:58.348516:Chris Rorden's dcm2niiX version v1.0.20211006  GCC10.2.1 x86-64 (64-bit Linux)
INFO: stdout 2022-10-12T23:32:58.348516:Found 99 DICOM file(s)
INFO: stdout 2022-10-12T23:32:58.348516:Warning: Slice timing appears corrupted (range 0..5357.5, TR=2000 ms)
INFO: stdout 2022-10-12T23:32:58.348516:Convert 99 DICOM as /out/sub-voice875/ses-2/func/sub-voice875_ses-2_task-facematch_run-2_bold_heudiconv419 (108x108x65x99)
INFO: stdout 2022-10-12T23:33:09.498473:Compress: "/usr/bin/pigz" -b 960 -n -f -6 "/out/sub-voice875/ses-2/func/sub-voice875_ses-2_task-facematch_run-2_bold_heudiconv419.nii"
INFO: stdout 2022-10-12T23:33:09.498473:Conversion required 12.373227 seconds (0.225257 for core code).
INFO: [Node] Finished "convert", elapsed time 12.523059s.
INFO: Post-treating /out/sub-voice875/ses-2/func/sub-voice875_ses-2_task-facematch_run-2_bold.json file
INFO: Converting /out/sub-voice875/ses-2/func/sub-voice875_ses-2_task-emosent_run-1_bold (48 DICOMs) -> /out/sub-voice875/ses-2/func . Converter: dcm2niix . Output types: ('nii.gz',)
INFO: [Node] Setting-up "convert" in "/tmp/dcm2niix25eru_n5/convert".
INFO: [Node] Executing "convert" <nipype.interfaces.dcm2nii.Dcm2niix>
INFO: stdout 2022-10-12T23:33:10.743261:Chris Rorden's dcm2niiX version v1.0.20211006  GCC10.2.1 x86-64 (64-bit Linux)
INFO: stdout 2022-10-12T23:33:10.743261:Found 48 DICOM file(s)
INFO: stdout 2022-10-12T23:33:10.743261:Warning: Slice timing appears corrupted (range 0..5360, TR=4000 ms)
INFO: stdout 2022-10-12T23:33:10.743261:Convert 48 DICOM as /out/sub-voice875/ses-2/func/sub-voice875_ses-2_task-emosent_run-1_bold_heudiconv288 (108x108x65x48)
INFO: stdout 2022-10-12T23:33:15.543758:Compress: "/usr/bin/pigz" -b 960 -n -f -6 "/out/sub-voice875/ses-2/func/sub-voice875_ses-2_task-emosent_run-1_bold_heudiconv288.nii"
INFO: stdout 2022-10-12T23:33:15.543758:Conversion required 5.747229 seconds (0.116698 for core code).
INFO: [Node] Finished "convert", elapsed time 5.904236s.
INFO: Post-treating /out/sub-voice875/ses-2/func/sub-voice875_ses-2_task-emosent_run-1_bold.json file
INFO: Converting /out/sub-voice875/ses-2/func/sub-voice875_ses-2_task-emosent_run-2_bold (48 DICOMs) -> /out/sub-voice875/ses-2/func . Converter: dcm2niix . Output types: ('nii.gz',)
INFO: [Node] Setting-up "convert" in "/tmp/dcm2niixip4y1lek/convert".
INFO: [Node] Executing "convert" <nipype.interfaces.dcm2nii.Dcm2niix>
INFO: stdout 2022-10-12T23:33:18.189383:Chris Rorden's dcm2niiX version v1.0.20211006  GCC10.2.1 x86-64 (64-bit Linux)
INFO: stdout 2022-10-12T23:33:18.189383:Found 48 DICOM file(s)
INFO: stdout 2022-10-12T23:33:18.189383:Warning: Slice timing appears corrupted (range 0..5360, TR=4000 ms)
INFO: stdout 2022-10-12T23:33:18.189383:Convert 48 DICOM as /out/sub-voice875/ses-2/func/sub-voice875_ses-2_task-emosent_run-2_bold_heudiconv114 (108x108x65x48)
INFO: stdout 2022-10-12T23:33:26.293991:Compress: "/usr/bin/pigz" -b 960 -n -f -6 "/out/sub-voice875/ses-2/func/sub-voice875_ses-2_task-emosent_run-2_bold_heudiconv114.nii"
INFO: stdout 2022-10-12T23:33:26.293991:Conversion required 8.801638 seconds (0.112767 for core code).
INFO: [Node] Finished "convert", elapsed time 8.953011s.
INFO: Post-treating /out/sub-voice875/ses-2/func/sub-voice875_ses-2_task-emosent_run-2_bold.json file
INFO: Converting /out/sub-voice875/ses-2/func/sub-voice875_ses-2_task-vowel_run-1_bold (60 DICOMs) -> /out/sub-voice875/ses-2/func . Converter: dcm2niix . Output types: ('nii.gz',)
INFO: [Node] Setting-up "convert" in "/tmp/dcm2niix4nr3sf4s/convert".
INFO: [Node] Executing "convert" <nipype.interfaces.dcm2nii.Dcm2niix>
INFO: stdout 2022-10-12T23:33:27.744646:Chris Rorden's dcm2niiX version v1.0.20211006  GCC10.2.1 x86-64 (64-bit Linux)
INFO: stdout 2022-10-12T23:33:27.744646:Found 60 DICOM file(s)
INFO: stdout 2022-10-12T23:33:27.744646:Warning: Slice timing appears corrupted (range 0..5360, TR=4000 ms)
INFO: stdout 2022-10-12T23:33:27.744646:Convert 60 DICOM as /out/sub-voice875/ses-2/func/sub-voice875_ses-2_task-vowel_run-1_bold_heudiconv821 (108x108x65x60)
INFO: stdout 2022-10-12T23:33:34.599822:Compress: "/usr/bin/pigz" -b 960 -n -f -6 "/out/sub-voice875/ses-2/func/sub-voice875_ses-2_task-vowel_run-1_bold_heudiconv821.nii"
INFO: stdout 2022-10-12T23:33:34.599822:Conversion required 7.456259 seconds (0.145954 for core code).
INFO: [Node] Finished "convert", elapsed time 7.784782s.
INFO: Post-treating /out/sub-voice875/ses-2/func/sub-voice875_ses-2_task-vowel_run-1_bold.json file
INFO: Converting /out/sub-voice875/ses-2/func/sub-voice875_ses-2_task-vowel_run-2_bold (60 DICOMs) -> /out/sub-voice875/ses-2/func . Converter: dcm2niix . Output types: ('nii.gz',)
INFO: [Node] Setting-up "convert" in "/tmp/dcm2niixlrkjox9_/convert".
INFO: [Node] Executing "convert" <nipype.interfaces.dcm2nii.Dcm2niix>
INFO: stdout 2022-10-12T23:33:41.555671:Chris Rorden's dcm2niiX version v1.0.20211006  GCC10.2.1 x86-64 (64-bit Linux)
INFO: stdout 2022-10-12T23:33:41.555671:Found 60 DICOM file(s)
INFO: stdout 2022-10-12T23:33:41.555671:Warning: Slice timing appears corrupted (range 0..5360, TR=4000 ms)
INFO: stdout 2022-10-12T23:33:41.555671:Convert 60 DICOM as /out/sub-voice875/ses-2/func/sub-voice875_ses-2_task-vowel_run-2_bold_heudiconv456 (108x108x65x60)
INFO: stdout 2022-10-12T23:33:47.645742:Compress: "/usr/bin/pigz" -b 960 -n -f -6 "/out/sub-voice875/ses-2/func/sub-voice875_ses-2_task-vowel_run-2_bold_heudiconv456.nii"
INFO: stdout 2022-10-12T23:33:47.645742:Conversion required 12.274934 seconds (0.146884 for core code).
INFO: [Node] Finished "convert", elapsed time 12.36052s.
INFO: Post-treating /out/sub-voice875/ses-2/func/sub-voice875_ses-2_task-vowel_run-2_bold.json file
INFO: Populating template files under /out/
INFO: PROCESSING DONE: {'subject': 'voice875', 'outdir': '/out/', 'session': '2'}
