INFO: Running heudiconv version 0.11.3+d20220512 latest 0.11.4
INFO: Need to process 1 study sessions
INFO: PROCESSING STARTS: {'subject': 'voice898', 'outdir': '/out/', 'session': '1'}
INFO: Processing 5403 dicoms
INFO: Analyzing 5403 dicoms
INFO: Generated sequence info for 49 accession numbers with 5403 entries total
INFO: Doing conversion using dcm2niix
INFO: Converting /out/sub-voice898/ses-1/func/sub-voice898_ses-1_task-rest_run-1_bold (300 DICOMs) -> /out/sub-voice898/ses-1/func . Converter: dcm2niix . Output types: ('nii.gz',)
WARNING: A newer version (1.8.4) of nipy/nipype is available. You are using 1.8.0
INFO: [Node] Setting-up "convert" in "/tmp/dcm2niixndwsi523/convert".
INFO: [Node] Executing "convert" <nipype.interfaces.dcm2nii.Dcm2niix>
INFO: stdout 2022-10-12T23:35:54.653944:Chris Rorden's dcm2niiX version v1.0.20211006  GCC10.2.1 x86-64 (64-bit Linux)
INFO: stdout 2022-10-12T23:35:54.653944:Found 300 DICOM file(s)
INFO: stdout 2022-10-12T23:35:54.653944:Warning: Slice timing appears corrupted (range 0..5360, TR=1090 ms)
INFO: stdout 2022-10-12T23:35:54.653944:Convert 300 DICOM as /out/sub-voice898/ses-1/func/sub-voice898_ses-1_task-rest_run-1_bold_heudiconv131 (108x108x65x300)
INFO: stdout 2022-10-12T23:36:32.715067:Compress: "/usr/bin/pigz" -b 960 -n -f -6 "/out/sub-voice898/ses-1/func/sub-voice898_ses-1_task-rest_run-1_bold_heudiconv131.nii"
INFO: stdout 2022-10-12T23:36:32.715067:Conversion required 41.919211 seconds (3.009353 for core code).
INFO: [Node] Finished "convert", elapsed time 42.066245s.
INFO: Post-treating /out/sub-voice898/ses-1/func/sub-voice898_ses-1_task-rest_run-1_bold.json file
INFO: Converting /out/sub-voice898/ses-1/fmap/sub-voice898_ses-1_acq-func_dir-PA_run-1_epi (260 DICOMs) -> /out/sub-voice898/ses-1/fmap . Converter: dcm2niix . Output types: ('nii.gz',)
INFO: [Node] Setting-up "convert" in "/tmp/dcm2niix_g98snym/convert".
INFO: [Node] Executing "convert" <nipype.interfaces.dcm2nii.Dcm2niix>
INFO: stdout 2022-10-12T23:36:36.043537:Chris Rorden's dcm2niiX version v1.0.20211006  GCC10.2.1 x86-64 (64-bit Linux)
INFO: stdout 2022-10-12T23:36:36.043537:Found 260 DICOM file(s)
INFO: stdout 2022-10-12T23:36:36.043537:Convert 260 DICOM as /out/sub-voice898/ses-1/fmap/sub-voice898_ses-1_acq-func_dir-PA_run-1_epi_heudiconv506 (108x108x65x4)
INFO: stdout 2022-10-12T23:36:36.748987:Compress: "/usr/bin/pigz" -b 960 -n -f -6 "/out/sub-voice898/ses-1/fmap/sub-voice898_ses-1_acq-func_dir-PA_run-1_epi_heudiconv506.nii"
INFO: stdout 2022-10-12T23:36:36.748987:Conversion required 2.820286 seconds (0.748624 for core code).
INFO: [Node] Finished "convert", elapsed time 2.925979s.
WARNING: Failed to find task field in /out/sub-voice898/ses-1/fmap/sub-voice898_ses-1_acq-func_dir-PA_run-1_epi.json.
INFO: Post-treating /out/sub-voice898/ses-1/fmap/sub-voice898_ses-1_acq-func_dir-PA_run-1_epi.json file
INFO: Converting /out/sub-voice898/ses-1/fmap/sub-voice898_ses-1_acq-func_dir-AP_run-2_epi (260 DICOMs) -> /out/sub-voice898/ses-1/fmap . Converter: dcm2niix . Output types: ('nii.gz',)
INFO: [Node] Setting-up "convert" in "/tmp/dcm2niix3ztk3bnm/convert".
INFO: [Node] Executing "convert" <nipype.interfaces.dcm2nii.Dcm2niix>
INFO: stdout 2022-10-12T23:36:42.485806:Chris Rorden's dcm2niiX version v1.0.20211006  GCC10.2.1 x86-64 (64-bit Linux)
INFO: stdout 2022-10-12T23:36:42.485806:Found 260 DICOM file(s)
INFO: stdout 2022-10-12T23:36:42.485806:Convert 260 DICOM as /out/sub-voice898/ses-1/fmap/sub-voice898_ses-1_acq-func_dir-AP_run-2_epi_heudiconv412 (108x108x65x4)
INFO: stdout 2022-10-12T23:36:43.259482:Compress: "/usr/bin/pigz" -b 960 -n -f -6 "/out/sub-voice898/ses-1/fmap/sub-voice898_ses-1_acq-func_dir-AP_run-2_epi_heudiconv412.nii"
INFO: stdout 2022-10-12T23:36:43.259482:Conversion required 5.527264 seconds (0.777363 for core code).
INFO: [Node] Finished "convert", elapsed time 5.641948s.
WARNING: Failed to find task field in /out/sub-voice898/ses-1/fmap/sub-voice898_ses-1_acq-func_dir-AP_run-2_epi.json.
INFO: Post-treating /out/sub-voice898/ses-1/fmap/sub-voice898_ses-1_acq-func_dir-AP_run-2_epi.json file
INFO: Converting /out/sub-voice898/ses-1/dwi/sub-voice898_ses-1_acq-PA_dwi (72 DICOMs) -> /out/sub-voice898/ses-1/dwi . Converter: dcm2niix . Output types: ('nii.gz',)
INFO: [Node] Setting-up "convert" in "/tmp/dcm2niixwb1u1yq6/convert".
INFO: [Node] Executing "convert" <nipype.interfaces.dcm2nii.Dcm2niix>
INFO: stdout 2022-10-12T23:36:46.672041:Chris Rorden's dcm2niiX version v1.0.20211006  GCC10.2.1 x86-64 (64-bit Linux)
INFO: stdout 2022-10-12T23:36:46.672041:Found 72 DICOM file(s)
INFO: stdout 2022-10-12T23:36:46.672041:Warning: Slice timing appears corrupted (range 0..8.63999e+07, TR=4400 ms)
INFO: stdout 2022-10-12T23:36:46.672041:Convert 72 DICOM as /out/sub-voice898/ses-1/dwi/sub-voice898_ses-1_acq-PA_dwi_heudiconv854 (120x120x66x72)
INFO: stdout 2022-10-12T23:37:02.181574:Compress: "/usr/bin/pigz" -b 960 -n -f -6 "/out/sub-voice898/ses-1/dwi/sub-voice898_ses-1_acq-PA_dwi_heudiconv854.nii"
INFO: stdout 2022-10-12T23:37:02.181574:Conversion required 18.221355 seconds (0.795614 for core code).
INFO: [Node] Finished "convert", elapsed time 18.752639s.
WARNING: Failed to find task field in /out/sub-voice898/ses-1/dwi/sub-voice898_ses-1_acq-PA_dwi.json.
INFO: Post-treating /out/sub-voice898/ses-1/dwi/sub-voice898_ses-1_acq-PA_dwi.json file
INFO: Converting /out/sub-voice898/ses-1/dwi/sub-voice898_ses-1_acq-AP_dwi (7 DICOMs) -> /out/sub-voice898/ses-1/dwi . Converter: dcm2niix . Output types: ('nii.gz',)
INFO: [Node] Setting-up "convert" in "/tmp/dcm2niixn7_ijkl9/convert".
INFO: [Node] Executing "convert" <nipype.interfaces.dcm2nii.Dcm2niix>
INFO: stdout 2022-10-12T23:37:04.021231:Chris Rorden's dcm2niiX version v1.0.20211006  GCC10.2.1 x86-64 (64-bit Linux)
INFO: stdout 2022-10-12T23:37:04.021231:Found 7 DICOM file(s)
INFO: stdout 2022-10-12T23:37:04.021231:Warning: Slice timing appears corrupted (range 0..8.63999e+07, TR=4400 ms)
INFO: stdout 2022-10-12T23:37:04.021231:Convert 7 DICOM as /out/sub-voice898/ses-1/dwi/sub-voice898_ses-1_acq-AP_dwi_heudiconv542 (120x120x66x7)
INFO: stdout 2022-10-12T23:37:05.137359:Compress: "/usr/bin/pigz" -b 960 -n -f -6 "/out/sub-voice898/ses-1/dwi/sub-voice898_ses-1_acq-AP_dwi_heudiconv542.nii"
INFO: stdout 2022-10-12T23:37:05.137359:Conversion required 1.610579 seconds (0.070380 for core code).
INFO: [Node] Finished "convert", elapsed time 2.000123s.
WARNING: Failed to find task field in /out/sub-voice898/ses-1/dwi/sub-voice898_ses-1_acq-AP_dwi.json.
INFO: Post-treating /out/sub-voice898/ses-1/dwi/sub-voice898_ses-1_acq-AP_dwi.json file
INFO: Converting /out/sub-voice898/ses-1/anat/sub-voice898_ses-1_run-1_T1w (176 DICOMs) -> /out/sub-voice898/ses-1/anat . Converter: dcm2niix . Output types: ('nii.gz',)
INFO: [Node] Setting-up "convert" in "/tmp/dcm2niix5pxftzdn/convert".
INFO: [Node] Executing "convert" <nipype.interfaces.dcm2nii.Dcm2niix>
INFO: stdout 2022-10-12T23:37:08.596757:Chris Rorden's dcm2niiX version v1.0.20211006  GCC10.2.1 x86-64 (64-bit Linux)
INFO: stdout 2022-10-12T23:37:08.596757:Found 176 DICOM file(s)
INFO: stdout 2022-10-12T23:37:08.596757:Convert 176 DICOM as /out/sub-voice898/ses-1/anat/sub-voice898_ses-1_run-1_T1w_heudiconv501 (256x256x176x1)
INFO: stdout 2022-10-12T23:37:11.215708:Compress: "/usr/bin/pigz" -b 960 -n -f -6 "/out/sub-voice898/ses-1/anat/sub-voice898_ses-1_run-1_T1w_heudiconv501.nii"
INFO: stdout 2022-10-12T23:37:11.215708:Conversion required 4.993457 seconds (0.919091 for core code).
INFO: [Node] Finished "convert", elapsed time 5.196497s.
WARNING: Failed to find task field in /out/sub-voice898/ses-1/anat/sub-voice898_ses-1_run-1_T1w.json.
INFO: Post-treating /out/sub-voice898/ses-1/anat/sub-voice898_ses-1_run-1_T1w.json file
INFO: Converting /out/sub-voice898/ses-1/anat/sub-voice898_ses-1_T2w (176 DICOMs) -> /out/sub-voice898/ses-1/anat . Converter: dcm2niix . Output types: ('nii.gz',)
INFO: [Node] Setting-up "convert" in "/tmp/dcm2niixlp51v715/convert".
INFO: [Node] Executing "convert" <nipype.interfaces.dcm2nii.Dcm2niix>
INFO: stdout 2022-10-12T23:37:15.855877:Chris Rorden's dcm2niiX version v1.0.20211006  GCC10.2.1 x86-64 (64-bit Linux)
INFO: stdout 2022-10-12T23:37:15.855877:Found 176 DICOM file(s)
INFO: stdout 2022-10-12T23:37:15.855877:Convert 176 DICOM as /out/sub-voice898/ses-1/anat/sub-voice898_ses-1_T2w_heudiconv742 (256x256x176x1)
INFO: stdout 2022-10-12T23:37:17.750513:Compress: "/usr/bin/pigz" -b 960 -n -f -6 "/out/sub-voice898/ses-1/anat/sub-voice898_ses-1_T2w_heudiconv742.nii"
INFO: stdout 2022-10-12T23:37:17.750513:Conversion required 5.058584 seconds (0.927810 for core code).
INFO: [Node] Finished "convert", elapsed time 5.217684s.
WARNING: Failed to find task field in /out/sub-voice898/ses-1/anat/sub-voice898_ses-1_T2w.json.
INFO: Post-treating /out/sub-voice898/ses-1/anat/sub-voice898_ses-1_T2w.json file
INFO: Converting /out/sub-voice898/ses-1/func/sub-voice898_ses-1_task-pataka_run-1_bold (207 DICOMs) -> /out/sub-voice898/ses-1/func . Converter: dcm2niix . Output types: ('nii.gz',)
INFO: [Node] Setting-up "convert" in "/tmp/dcm2niixprnpyhzb/convert".
INFO: [Node] Executing "convert" <nipype.interfaces.dcm2nii.Dcm2niix>
INFO: stdout 2022-10-12T23:37:22.233512:Chris Rorden's dcm2niiX version v1.0.20211006  GCC10.2.1 x86-64 (64-bit Linux)
INFO: stdout 2022-10-12T23:37:22.233512:Found 207 DICOM file(s)
INFO: stdout 2022-10-12T23:37:22.233512:Warning: Slice timing appears corrupted (range 0..3135, TR=1640 ms)
INFO: stdout 2022-10-12T23:37:22.233512:Convert 207 DICOM as /out/sub-voice898/ses-1/func/sub-voice898_ses-1_task-pataka_run-1_bold_heudiconv154 (72x72x45x207)
INFO: stdout 2022-10-12T23:37:30.927031:Compress: "/usr/bin/pigz" -b 960 -n -f -6 "/out/sub-voice898/ses-1/func/sub-voice898_ses-1_task-pataka_run-1_bold_heudiconv154.nii"
INFO: stdout 2022-10-12T23:37:30.927031:Conversion required 11.917882 seconds (0.904430 for core code).
INFO: [Node] Finished "convert", elapsed time 12.113899s.
INFO: Post-treating /out/sub-voice898/ses-1/func/sub-voice898_ses-1_task-pataka_run-1_bold.json file
INFO: Converting /out/sub-voice898/ses-1/func/sub-voice898_ses-1_task-pataka_run-2_bold (207 DICOMs) -> /out/sub-voice898/ses-1/func . Converter: dcm2niix . Output types: ('nii.gz',)
INFO: [Node] Setting-up "convert" in "/tmp/dcm2niixub2860sp/convert".
INFO: [Node] Executing "convert" <nipype.interfaces.dcm2nii.Dcm2niix>
INFO: stdout 2022-10-12T23:37:36.370758:Chris Rorden's dcm2niiX version v1.0.20211006  GCC10.2.1 x86-64 (64-bit Linux)
INFO: stdout 2022-10-12T23:37:36.370758:Found 207 DICOM file(s)
INFO: stdout 2022-10-12T23:37:36.370758:Warning: Slice timing appears corrupted (range 0..3137.5, TR=1640 ms)
INFO: stdout 2022-10-12T23:37:36.370758:Convert 207 DICOM as /out/sub-voice898/ses-1/func/sub-voice898_ses-1_task-pataka_run-2_bold_heudiconv206 (72x72x45x207)
INFO: stdout 2022-10-12T23:37:44.690585:Compress: "/usr/bin/pigz" -b 960 -n -f -6 "/out/sub-voice898/ses-1/func/sub-voice898_ses-1_task-pataka_run-2_bold_heudiconv206.nii"
INFO: stdout 2022-10-12T23:37:44.690585:Conversion required 12.585964 seconds (1.042244 for core code).
INFO: [Node] Finished "convert", elapsed time 12.684863s.
INFO: Post-treating /out/sub-voice898/ses-1/func/sub-voice898_ses-1_task-pataka_run-2_bold.json file
INFO: Converting /out/sub-voice898/ses-1/func/sub-voice898_ses-1_task-pitchsent_run-1_bold (64 DICOMs) -> /out/sub-voice898/ses-1/func . Converter: dcm2niix . Output types: ('nii.gz',)
INFO: [Node] Setting-up "convert" in "/tmp/dcm2niixuo7231ba/convert".
INFO: [Node] Executing "convert" <nipype.interfaces.dcm2nii.Dcm2niix>
INFO: stdout 2022-10-12T23:37:47.217421:Chris Rorden's dcm2niiX version v1.0.20211006  GCC10.2.1 x86-64 (64-bit Linux)
INFO: stdout 2022-10-12T23:37:47.217421:Found 64 DICOM file(s)
INFO: stdout 2022-10-12T23:37:47.217421:Warning: Slice timing appears corrupted (range 0..5357.5, TR=4000 ms)
INFO: stdout 2022-10-12T23:37:47.217421:Convert 64 DICOM as /out/sub-voice898/ses-1/func/sub-voice898_ses-1_task-pitchsent_run-1_bold_heudiconv653 (108x108x65x64)
INFO: stdout 2022-10-12T23:37:56.059534:Compress: "/usr/bin/pigz" -b 960 -n -f -6 "/out/sub-voice898/ses-1/func/sub-voice898_ses-1_task-pitchsent_run-1_bold_heudiconv653.nii"
INFO: stdout 2022-10-12T23:37:56.059534:Conversion required 9.733764 seconds (0.321565 for core code).
INFO: [Node] Finished "convert", elapsed time 10.197483s.
INFO: Post-treating /out/sub-voice898/ses-1/func/sub-voice898_ses-1_task-pitchsent_run-1_bold.json file
INFO: Converting /out/sub-voice898/ses-1/func/sub-voice898_ses-1_task-pitchsent_run-2_bold (64 DICOMs) -> /out/sub-voice898/ses-1/func . Converter: dcm2niix . Output types: ('nii.gz',)
INFO: [Node] Setting-up "convert" in "/tmp/dcm2niixxnf6kgps/convert".
INFO: [Node] Executing "convert" <nipype.interfaces.dcm2nii.Dcm2niix>
INFO: stdout 2022-10-12T23:37:58.603836:Chris Rorden's dcm2niiX version v1.0.20211006  GCC10.2.1 x86-64 (64-bit Linux)
INFO: stdout 2022-10-12T23:37:58.603836:Found 64 DICOM file(s)
INFO: stdout 2022-10-12T23:37:58.603836:Warning: Slice timing appears corrupted (range 0..5357.5, TR=4000 ms)
INFO: stdout 2022-10-12T23:37:58.603836:Convert 64 DICOM as /out/sub-voice898/ses-1/func/sub-voice898_ses-1_task-pitchsent_run-2_bold_heudiconv784 (108x108x65x64)
INFO: stdout 2022-10-12T23:38:08.972250:Compress: "/usr/bin/pigz" -b 960 -n -f -6 "/out/sub-voice898/ses-1/func/sub-voice898_ses-1_task-pitchsent_run-2_bold_heudiconv784.nii"
INFO: stdout 2022-10-12T23:38:08.972250:Conversion required 12.007433 seconds (0.648246 for core code).
INFO: [Node] Finished "convert", elapsed time 12.183289s.
INFO: Post-treating /out/sub-voice898/ses-1/func/sub-voice898_ses-1_task-pitchsent_run-2_bold.json file
INFO: Converting /out/sub-voice898/ses-1/func/sub-voice898_ses-1_task-nwr_run-1_bold (42 DICOMs) -> /out/sub-voice898/ses-1/func . Converter: dcm2niix . Output types: ('nii.gz',)
INFO: [Node] Setting-up "convert" in "/tmp/dcm2niix3ldhjgax/convert".
INFO: [Node] Executing "convert" <nipype.interfaces.dcm2nii.Dcm2niix>
INFO: stdout 2022-10-12T23:38:10.371124:Chris Rorden's dcm2niiX version v1.0.20211006  GCC10.2.1 x86-64 (64-bit Linux)
INFO: stdout 2022-10-12T23:38:10.371124:Found 42 DICOM file(s)
INFO: stdout 2022-10-12T23:38:10.371124:Warning: Slice timing appears corrupted (range 0..5360, TR=4000 ms)
INFO: stdout 2022-10-12T23:38:10.371124:Convert 42 DICOM as /out/sub-voice898/ses-1/func/sub-voice898_ses-1_task-nwr_run-1_bold_heudiconv172 (108x108x65x42)
INFO: stdout 2022-10-12T23:38:16.309660:Compress: "/usr/bin/pigz" -b 960 -n -f -6 "/out/sub-voice898/ses-1/func/sub-voice898_ses-1_task-nwr_run-1_bold_heudiconv172.nii"
INFO: stdout 2022-10-12T23:38:16.309660:Conversion required 6.745733 seconds (0.506362 for core code).
INFO: [Node] Finished "convert", elapsed time 6.936196s.
INFO: Post-treating /out/sub-voice898/ses-1/func/sub-voice898_ses-1_task-nwr_run-1_bold.json file
INFO: Converting /out/sub-voice898/ses-1/func/sub-voice898_ses-1_task-nwr_run-2_bold (42 DICOMs) -> /out/sub-voice898/ses-1/func . Converter: dcm2niix . Output types: ('nii.gz',)
INFO: [Node] Setting-up "convert" in "/tmp/dcm2niixkbcjbgus/convert".
INFO: [Node] Executing "convert" <nipype.interfaces.dcm2nii.Dcm2niix>
INFO: stdout 2022-10-12T23:38:17.675318:Chris Rorden's dcm2niiX version v1.0.20211006  GCC10.2.1 x86-64 (64-bit Linux)
INFO: stdout 2022-10-12T23:38:17.675318:Found 42 DICOM file(s)
INFO: stdout 2022-10-12T23:38:17.675318:Warning: Slice timing appears corrupted (range 0..5357.5, TR=4000 ms)
INFO: stdout 2022-10-12T23:38:17.675318:Convert 42 DICOM as /out/sub-voice898/ses-1/func/sub-voice898_ses-1_task-nwr_run-2_bold_heudiconv499 (108x108x65x42)
INFO: stdout 2022-10-12T23:38:24.014374:Compress: "/usr/bin/pigz" -b 960 -n -f -6 "/out/sub-voice898/ses-1/func/sub-voice898_ses-1_task-nwr_run-2_bold_heudiconv499.nii"
INFO: stdout 2022-10-12T23:38:24.014374:Conversion required 7.020889 seconds (0.452184 for core code).
INFO: [Node] Finished "convert", elapsed time 7.18346s.
INFO: Post-treating /out/sub-voice898/ses-1/func/sub-voice898_ses-1_task-nwr_run-2_bold.json file
INFO: Converting /out/sub-voice898/ses-1/func/sub-voice898_ses-1_task-nwr_run-3_bold (42 DICOMs) -> /out/sub-voice898/ses-1/func . Converter: dcm2niix . Output types: ('nii.gz',)
INFO: [Node] Setting-up "convert" in "/tmp/dcm2niixz0mraqzd/convert".
INFO: [Node] Executing "convert" <nipype.interfaces.dcm2nii.Dcm2niix>
INFO: stdout 2022-10-12T23:38:25.437820:Chris Rorden's dcm2niiX version v1.0.20211006  GCC10.2.1 x86-64 (64-bit Linux)
INFO: stdout 2022-10-12T23:38:25.437820:Found 42 DICOM file(s)
INFO: stdout 2022-10-12T23:38:25.437820:Warning: Slice timing appears corrupted (range 0..5357.5, TR=4000 ms)
INFO: stdout 2022-10-12T23:38:25.437820:Convert 42 DICOM as /out/sub-voice898/ses-1/func/sub-voice898_ses-1_task-nwr_run-3_bold_heudiconv355 (108x108x65x42)
INFO: stdout 2022-10-12T23:38:31.026061:Compress: "/usr/bin/pigz" -b 960 -n -f -6 "/out/sub-voice898/ses-1/func/sub-voice898_ses-1_task-nwr_run-3_bold_heudiconv355.nii"
INFO: stdout 2022-10-12T23:38:31.026061:Conversion required 6.283200 seconds (0.446564 for core code).
INFO: [Node] Finished "convert", elapsed time 6.40576s.
INFO: Post-treating /out/sub-voice898/ses-1/func/sub-voice898_ses-1_task-nwr_run-3_bold.json file
INFO: Converting /out/sub-voice898/ses-1/func/sub-voice898_ses-1_task-facematch_run-1_bold (99 DICOMs) -> /out/sub-voice898/ses-1/func . Converter: dcm2niix . Output types: ('nii.gz',)
INFO: [Node] Setting-up "convert" in "/tmp/dcm2niix9y5mmh4b/convert".
INFO: [Node] Executing "convert" <nipype.interfaces.dcm2nii.Dcm2niix>
INFO: stdout 2022-10-12T23:38:33.545290:Chris Rorden's dcm2niiX version v1.0.20211006  GCC10.2.1 x86-64 (64-bit Linux)
INFO: stdout 2022-10-12T23:38:33.545290:Found 99 DICOM file(s)
INFO: stdout 2022-10-12T23:38:33.545290:Warning: Slice timing appears corrupted (range 0..5360, TR=2000 ms)
INFO: stdout 2022-10-12T23:38:33.545290:Convert 99 DICOM as /out/sub-voice898/ses-1/func/sub-voice898_ses-1_task-facematch_run-1_bold_heudiconv084 (108x108x65x99)
INFO: stdout 2022-10-12T23:38:46.808153:Compress: "/usr/bin/pigz" -b 960 -n -f -6 "/out/sub-voice898/ses-1/func/sub-voice898_ses-1_task-facematch_run-1_bold_heudiconv084.nii"
INFO: stdout 2022-10-12T23:38:46.808153:Conversion required 14.841188 seconds (0.995009 for core code).
INFO: [Node] Finished "convert", elapsed time 15.00816s.
INFO: Post-treating /out/sub-voice898/ses-1/func/sub-voice898_ses-1_task-facematch_run-1_bold.json file
INFO: Converting /out/sub-voice898/ses-1/func/sub-voice898_ses-1_task-facematch_run-2_bold (99 DICOMs) -> /out/sub-voice898/ses-1/func . Converter: dcm2niix . Output types: ('nii.gz',)
INFO: [Node] Setting-up "convert" in "/tmp/dcm2niix0vyvocwt/convert".
INFO: [Node] Executing "convert" <nipype.interfaces.dcm2nii.Dcm2niix>
INFO: stdout 2022-10-12T23:38:49.800977:Chris Rorden's dcm2niiX version v1.0.20211006  GCC10.2.1 x86-64 (64-bit Linux)
INFO: stdout 2022-10-12T23:38:49.800977:Found 99 DICOM file(s)
INFO: stdout 2022-10-12T23:38:49.800977:Warning: Slice timing appears corrupted (range 0..5360, TR=2000 ms)
INFO: stdout 2022-10-12T23:38:49.800977:Convert 99 DICOM as /out/sub-voice898/ses-1/func/sub-voice898_ses-1_task-facematch_run-2_bold_heudiconv197 (108x108x65x99)
INFO: stdout 2022-10-12T23:39:02.794273:Compress: "/usr/bin/pigz" -b 960 -n -f -6 "/out/sub-voice898/ses-1/func/sub-voice898_ses-1_task-facematch_run-2_bold_heudiconv197.nii"
INFO: stdout 2022-10-12T23:39:02.794273:Conversion required 14.769541 seconds (1.059760 for core code).
INFO: [Node] Finished "convert", elapsed time 14.917305s.
INFO: Post-treating /out/sub-voice898/ses-1/func/sub-voice898_ses-1_task-facematch_run-2_bold.json file
INFO: Converting /out/sub-voice898/ses-1/func/sub-voice898_ses-1_task-emosent_run-1_bold (48 DICOMs) -> /out/sub-voice898/ses-1/func . Converter: dcm2niix . Output types: ('nii.gz',)
INFO: [Node] Setting-up "convert" in "/tmp/dcm2niixvxo0n055/convert".
INFO: [Node] Executing "convert" <nipype.interfaces.dcm2nii.Dcm2niix>
INFO: stdout 2022-10-12T23:39:04.157034:Chris Rorden's dcm2niiX version v1.0.20211006  GCC10.2.1 x86-64 (64-bit Linux)
INFO: stdout 2022-10-12T23:39:04.157034:Found 48 DICOM file(s)
INFO: stdout 2022-10-12T23:39:04.157034:Warning: Slice timing appears corrupted (range 0..5357.5, TR=4000 ms)
INFO: stdout 2022-10-12T23:39:04.157034:Convert 48 DICOM as /out/sub-voice898/ses-1/func/sub-voice898_ses-1_task-emosent_run-1_bold_heudiconv322 (108x108x65x48)
INFO: stdout 2022-10-12T23:39:10.490590:Compress: "/usr/bin/pigz" -b 960 -n -f -6 "/out/sub-voice898/ses-1/func/sub-voice898_ses-1_task-emosent_run-1_bold_heudiconv322.nii"
INFO: stdout 2022-10-12T23:39:10.490590:Conversion required 6.980629 seconds (0.500719 for core code).
INFO: [Node] Finished "convert", elapsed time 7.090632s.
INFO: Post-treating /out/sub-voice898/ses-1/func/sub-voice898_ses-1_task-emosent_run-1_bold.json file
INFO: Converting /out/sub-voice898/ses-1/func/sub-voice898_ses-1_task-emosent_run-2_bold (48 DICOMs) -> /out/sub-voice898/ses-1/func . Converter: dcm2niix . Output types: ('nii.gz',)
INFO: [Node] Setting-up "convert" in "/tmp/dcm2niixxrnoljhs/convert".
INFO: [Node] Executing "convert" <nipype.interfaces.dcm2nii.Dcm2niix>
INFO: stdout 2022-10-12T23:39:11.943778:Chris Rorden's dcm2niiX version v1.0.20211006  GCC10.2.1 x86-64 (64-bit Linux)
INFO: stdout 2022-10-12T23:39:11.943778:Found 48 DICOM file(s)
INFO: stdout 2022-10-12T23:39:11.943778:Warning: Slice timing appears corrupted (range 0..5360, TR=4000 ms)
INFO: stdout 2022-10-12T23:39:11.943778:Convert 48 DICOM as /out/sub-voice898/ses-1/func/sub-voice898_ses-1_task-emosent_run-2_bold_heudiconv521 (108x108x65x48)
INFO: stdout 2022-10-12T23:39:18.413626:Compress: "/usr/bin/pigz" -b 960 -n -f -6 "/out/sub-voice898/ses-1/func/sub-voice898_ses-1_task-emosent_run-2_bold_heudiconv521.nii"
INFO: stdout 2022-10-12T23:39:18.413626:Conversion required 7.217358 seconds (0.336731 for core code).
INFO: [Node] Finished "convert", elapsed time 7.323431s.
INFO: Post-treating /out/sub-voice898/ses-1/func/sub-voice898_ses-1_task-emosent_run-2_bold.json file
INFO: Converting /out/sub-voice898/ses-1/func/sub-voice898_ses-1_task-vowel_run-1_bold (60 DICOMs) -> /out/sub-voice898/ses-1/func . Converter: dcm2niix . Output types: ('nii.gz',)
INFO: [Node] Setting-up "convert" in "/tmp/dcm2niixbesk2pdv/convert".
INFO: [Node] Executing "convert" <nipype.interfaces.dcm2nii.Dcm2niix>
INFO: stdout 2022-10-12T23:39:20.555971:Chris Rorden's dcm2niiX version v1.0.20211006  GCC10.2.1 x86-64 (64-bit Linux)
INFO: stdout 2022-10-12T23:39:20.555971:Found 60 DICOM file(s)
INFO: stdout 2022-10-12T23:39:20.555971:Warning: Slice timing appears corrupted (range 0..5360, TR=4000 ms)
INFO: stdout 2022-10-12T23:39:20.555971:Convert 60 DICOM as /out/sub-voice898/ses-1/func/sub-voice898_ses-1_task-vowel_run-1_bold_heudiconv923 (108x108x65x60)
INFO: stdout 2022-10-12T23:39:28.226295:Compress: "/usr/bin/pigz" -b 960 -n -f -6 "/out/sub-voice898/ses-1/func/sub-voice898_ses-1_task-vowel_run-1_bold_heudiconv923.nii"
INFO: stdout 2022-10-12T23:39:28.226295:Conversion required 8.668643 seconds (0.527611 for core code).
INFO: [Node] Finished "convert", elapsed time 8.809741s.
INFO: Post-treating /out/sub-voice898/ses-1/func/sub-voice898_ses-1_task-vowel_run-1_bold.json file
INFO: Converting /out/sub-voice898/ses-1/func/sub-voice898_ses-1_task-vowel_run-2_bold (60 DICOMs) -> /out/sub-voice898/ses-1/func . Converter: dcm2niix . Output types: ('nii.gz',)
INFO: [Node] Setting-up "convert" in "/tmp/dcm2niix0e53938a/convert".
INFO: [Node] Executing "convert" <nipype.interfaces.dcm2nii.Dcm2niix>
INFO: stdout 2022-10-12T23:39:32.705509:Chris Rorden's dcm2niiX version v1.0.20211006  GCC10.2.1 x86-64 (64-bit Linux)
INFO: stdout 2022-10-12T23:39:32.705509:Found 60 DICOM file(s)
INFO: stdout 2022-10-12T23:39:32.705509:Warning: Slice timing appears corrupted (range 0..5357.5, TR=4000 ms)
INFO: stdout 2022-10-12T23:39:32.705509:Convert 60 DICOM as /out/sub-voice898/ses-1/func/sub-voice898_ses-1_task-vowel_run-2_bold_heudiconv578 (108x108x65x60)
INFO: stdout 2022-10-12T23:39:40.690263:Compress: "/usr/bin/pigz" -b 960 -n -f -6 "/out/sub-voice898/ses-1/func/sub-voice898_ses-1_task-vowel_run-2_bold_heudiconv578.nii"
INFO: stdout 2022-10-12T23:39:40.690263:Conversion required 11.595261 seconds (0.432240 for core code).
INFO: [Node] Finished "convert", elapsed time 11.697226s.
INFO: Post-treating /out/sub-voice898/ses-1/func/sub-voice898_ses-1_task-vowel_run-2_bold.json file
INFO: Converting /out/sub-voice898/ses-1/func/sub-voice898_ses-1_task-pitchnw_run-1_bold (101 DICOMs) -> /out/sub-voice898/ses-1/func . Converter: dcm2niix . Output types: ('nii.gz',)
INFO: [Node] Setting-up "convert" in "/tmp/dcm2niix_7t21697/convert".
INFO: [Node] Executing "convert" <nipype.interfaces.dcm2nii.Dcm2niix>
INFO: stdout 2022-10-12T23:39:43.678646:Chris Rorden's dcm2niiX version v1.0.20211006  GCC10.2.1 x86-64 (64-bit Linux)
INFO: stdout 2022-10-12T23:39:43.678646:Found 101 DICOM file(s)
INFO: stdout 2022-10-12T23:39:43.678646:Warning: Slice timing appears corrupted (range 0..5360, TR=2000 ms)
INFO: stdout 2022-10-12T23:39:43.678646:Convert 101 DICOM as /out/sub-voice898/ses-1/func/sub-voice898_ses-1_task-pitchnw_run-1_bold_heudiconv716 (108x108x65x101)
INFO: stdout 2022-10-12T23:39:56.376414:Compress: "/usr/bin/pigz" -b 960 -n -f -6 "/out/sub-voice898/ses-1/func/sub-voice898_ses-1_task-pitchnw_run-1_bold_heudiconv716.nii"
INFO: stdout 2022-10-12T23:39:56.376414:Conversion required 14.438646 seconds (0.935742 for core code).
INFO: [Node] Finished "convert", elapsed time 14.552413s.
INFO: Post-treating /out/sub-voice898/ses-1/func/sub-voice898_ses-1_task-pitchnw_run-1_bold.json file
INFO: Converting /out/sub-voice898/ses-1/func/sub-voice898_ses-1_task-pitchnw_run-2_bold (101 DICOMs) -> /out/sub-voice898/ses-1/func . Converter: dcm2niix . Output types: ('nii.gz',)
INFO: [Node] Setting-up "convert" in "/tmp/dcm2niix4yfs91b9/convert".
INFO: [Node] Executing "convert" <nipype.interfaces.dcm2nii.Dcm2niix>
INFO: stdout 2022-10-12T23:39:59.198065:Chris Rorden's dcm2niiX version v1.0.20211006  GCC10.2.1 x86-64 (64-bit Linux)
INFO: stdout 2022-10-12T23:39:59.198065:Found 101 DICOM file(s)
INFO: stdout 2022-10-12T23:39:59.198065:Warning: Slice timing appears corrupted (range 0..5357.5, TR=2000 ms)
INFO: stdout 2022-10-12T23:39:59.198065:Convert 101 DICOM as /out/sub-voice898/ses-1/func/sub-voice898_ses-1_task-pitchnw_run-2_bold_heudiconv602 (108x108x65x101)
INFO: stdout 2022-10-12T23:40:11.959863:Compress: "/usr/bin/pigz" -b 960 -n -f -6 "/out/sub-voice898/ses-1/func/sub-voice898_ses-1_task-pitchnw_run-2_bold_heudiconv602.nii"
INFO: stdout 2022-10-12T23:40:11.959863:Conversion required 14.392872 seconds (0.904596 for core code).
INFO: [Node] Finished "convert", elapsed time 14.533937s.
INFO: Post-treating /out/sub-voice898/ses-1/func/sub-voice898_ses-1_task-pitchnw_run-2_bold.json file
INFO: Converting /out/sub-voice898/ses-1/func/sub-voice898_ses-1_task-movie_run-1_bold (138 DICOMs) -> /out/sub-voice898/ses-1/func . Converter: dcm2niix . Output types: ('nii.gz',)
INFO: [Node] Setting-up "convert" in "/tmp/dcm2niixeqloyc99/convert".
INFO: [Node] Executing "convert" <nipype.interfaces.dcm2nii.Dcm2niix>
INFO: stdout 2022-10-12T23:40:14.297198:Chris Rorden's dcm2niiX version v1.0.20211006  GCC10.2.1 x86-64 (64-bit Linux)
INFO: stdout 2022-10-12T23:40:14.297198:Found 138 DICOM file(s)
INFO: stdout 2022-10-12T23:40:14.297198:Warning: Slice timing appears corrupted (range 0..5360, TR=1090 ms)
INFO: stdout 2022-10-12T23:40:14.297198:Convert 138 DICOM as /out/sub-voice898/ses-1/func/sub-voice898_ses-1_task-movie_run-1_bold_heudiconv031 (108x108x65x138)
INFO: stdout 2022-10-12T23:40:32.029965:Compress: "/usr/bin/pigz" -b 960 -n -f -6 "/out/sub-voice898/ses-1/func/sub-voice898_ses-1_task-movie_run-1_bold_heudiconv031.nii"
INFO: stdout 2022-10-12T23:40:32.029965:Conversion required 19.329624 seconds (1.165413 for core code).
INFO: [Node] Finished "convert", elapsed time 19.465488s.
INFO: Post-treating /out/sub-voice898/ses-1/func/sub-voice898_ses-1_task-movie_run-1_bold.json file
WARNING: Existing lockfile found in /out/heudiconv.lock - waiting for the lock to be released. To set a timeout limit, set the HEUDICONV_FILELOCK_TIMEOUT environmental variable to a value in seconds. If this process hangs, it may require a manual deletion of the /out/heudiconv.lock.
INFO: Populating template files under /out/
INFO: PROCESSING DONE: {'subject': 'voice898', 'outdir': '/out/', 'session': '1'}
