INFO: Running heudiconv version 0.11.3+d20220512 latest 0.11.4
INFO: Need to process 1 study sessions
INFO: PROCESSING STARTS: {'subject': 'voice978', 'outdir': '/out/', 'session': '1'}
INFO: Processing 5217 dicoms
INFO: Analyzing 5217 dicoms
INFO: Generated sequence info for 51 accession numbers with 5217 entries total
INFO: Doing conversion using dcm2niix
INFO: Converting /out/sub-voice978/ses-1/func/sub-voice978_ses-1_task-rest_run-1_bold (300 DICOMs) -> /out/sub-voice978/ses-1/func . Converter: dcm2niix . Output types: ('nii.gz',)
WARNING: A newer version (1.8.4) of nipy/nipype is available. You are using 1.8.0
INFO: [Node] Setting-up "convert" in "/tmp/dcm2niixgq0fji_d/convert".
INFO: [Node] Executing "convert" <nipype.interfaces.dcm2nii.Dcm2niix>
INFO: stdout 2022-10-12T23:43:26.391541:Chris Rorden's dcm2niiX version v1.0.20211006  GCC10.2.1 x86-64 (64-bit Linux)
INFO: stdout 2022-10-12T23:43:26.391541:Found 300 DICOM file(s)
INFO: stdout 2022-10-12T23:43:26.391541:Warning: Slice timing appears corrupted (range 0..5360, TR=1090 ms)
INFO: stdout 2022-10-12T23:43:26.391541:Convert 300 DICOM as /out/sub-voice978/ses-1/func/sub-voice978_ses-1_task-rest_run-1_bold_heudiconv874 (108x108x65x300)
INFO: stdout 2022-10-12T23:43:54.140286:Compress: "/usr/bin/pigz" -b 960 -n -f -6 "/out/sub-voice978/ses-1/func/sub-voice978_ses-1_task-rest_run-1_bold_heudiconv874.nii"
INFO: stdout 2022-10-12T23:43:54.140286:Conversion required 34.104394 seconds (0.620096 for core code).
INFO: [Node] Finished "convert", elapsed time 34.145306s.
INFO: Post-treating /out/sub-voice978/ses-1/func/sub-voice978_ses-1_task-rest_run-1_bold.json file
INFO: Converting /out/sub-voice978/ses-1/fmap/sub-voice978_ses-1_acq-func_dir-PA_run-1_epi (260 DICOMs) -> /out/sub-voice978/ses-1/fmap . Converter: dcm2niix . Output types: ('nii.gz',)
INFO: [Node] Setting-up "convert" in "/tmp/dcm2niixenq37yip/convert".
INFO: [Node] Executing "convert" <nipype.interfaces.dcm2nii.Dcm2niix>
INFO: stdout 2022-10-12T23:43:56.794638:Chris Rorden's dcm2niiX version v1.0.20211006  GCC10.2.1 x86-64 (64-bit Linux)
INFO: stdout 2022-10-12T23:43:56.794638:Found 260 DICOM file(s)
INFO: stdout 2022-10-12T23:43:56.794638:Convert 260 DICOM as /out/sub-voice978/ses-1/fmap/sub-voice978_ses-1_acq-func_dir-PA_run-1_epi_heudiconv535 (108x108x65x4)
INFO: stdout 2022-10-12T23:43:57.352885:Compress: "/usr/bin/pigz" -b 960 -n -f -6 "/out/sub-voice978/ses-1/fmap/sub-voice978_ses-1_acq-func_dir-PA_run-1_epi_heudiconv535.nii"
INFO: stdout 2022-10-12T23:43:57.352885:Conversion required 1.733897 seconds (0.091247 for core code).
INFO: [Node] Finished "convert", elapsed time 1.791666s.
WARNING: Failed to find task field in /out/sub-voice978/ses-1/fmap/sub-voice978_ses-1_acq-func_dir-PA_run-1_epi.json.
INFO: Post-treating /out/sub-voice978/ses-1/fmap/sub-voice978_ses-1_acq-func_dir-PA_run-1_epi.json file
INFO: Converting /out/sub-voice978/ses-1/fmap/sub-voice978_ses-1_acq-func_dir-AP_run-2_epi (260 DICOMs) -> /out/sub-voice978/ses-1/fmap . Converter: dcm2niix . Output types: ('nii.gz',)
INFO: [Node] Setting-up "convert" in "/tmp/dcm2niixs74pam0o/convert".
INFO: [Node] Executing "convert" <nipype.interfaces.dcm2nii.Dcm2niix>
INFO: stdout 2022-10-12T23:43:58.631891:Chris Rorden's dcm2niiX version v1.0.20211006  GCC10.2.1 x86-64 (64-bit Linux)
INFO: stdout 2022-10-12T23:43:58.631891:Found 260 DICOM file(s)
INFO: stdout 2022-10-12T23:43:58.631891:Convert 260 DICOM as /out/sub-voice978/ses-1/fmap/sub-voice978_ses-1_acq-func_dir-AP_run-2_epi_heudiconv035 (108x108x65x4)
INFO: stdout 2022-10-12T23:43:59.214154:Compress: "/usr/bin/pigz" -b 960 -n -f -6 "/out/sub-voice978/ses-1/fmap/sub-voice978_ses-1_acq-func_dir-AP_run-2_epi_heudiconv035.nii"
INFO: stdout 2022-10-12T23:43:59.214154:Conversion required 1.159967 seconds (0.088980 for core code).
INFO: [Node] Finished "convert", elapsed time 1.197077s.
WARNING: Failed to find task field in /out/sub-voice978/ses-1/fmap/sub-voice978_ses-1_acq-func_dir-AP_run-2_epi.json.
INFO: Post-treating /out/sub-voice978/ses-1/fmap/sub-voice978_ses-1_acq-func_dir-AP_run-2_epi.json file
INFO: Converting /out/sub-voice978/ses-1/dwi/sub-voice978_ses-1_acq-PA_dwi (72 DICOMs) -> /out/sub-voice978/ses-1/dwi . Converter: dcm2niix . Output types: ('nii.gz',)
INFO: [Node] Setting-up "convert" in "/tmp/dcm2niixnrxrk9nc/convert".
INFO: [Node] Executing "convert" <nipype.interfaces.dcm2nii.Dcm2niix>
INFO: stdout 2022-10-12T23:44:03.927737:Chris Rorden's dcm2niiX version v1.0.20211006  GCC10.2.1 x86-64 (64-bit Linux)
INFO: stdout 2022-10-12T23:44:03.927737:Found 72 DICOM file(s)
INFO: stdout 2022-10-12T23:44:03.927737:Warning: Slice timing appears corrupted (range 0..8.63999e+07, TR=4400 ms)
INFO: stdout 2022-10-12T23:44:03.927737:Convert 72 DICOM as /out/sub-voice978/ses-1/dwi/sub-voice978_ses-1_acq-PA_dwi_heudiconv218 (120x120x66x72)
INFO: stdout 2022-10-12T23:44:12.231231:Compress: "/usr/bin/pigz" -b 960 -n -f -6 "/out/sub-voice978/ses-1/dwi/sub-voice978_ses-1_acq-PA_dwi_heudiconv218.nii"
INFO: stdout 2022-10-12T23:44:12.231231:Conversion required 12.788374 seconds (0.208845 for core code).
INFO: [Node] Finished "convert", elapsed time 12.833853s.
WARNING: Failed to find task field in /out/sub-voice978/ses-1/dwi/sub-voice978_ses-1_acq-PA_dwi.json.
INFO: Post-treating /out/sub-voice978/ses-1/dwi/sub-voice978_ses-1_acq-PA_dwi.json file
INFO: Converting /out/sub-voice978/ses-1/dwi/sub-voice978_ses-1_acq-AP_dwi (7 DICOMs) -> /out/sub-voice978/ses-1/dwi . Converter: dcm2niix . Output types: ('nii.gz',)
INFO: [Node] Setting-up "convert" in "/tmp/dcm2niix3ql78kjr/convert".
INFO: [Node] Executing "convert" <nipype.interfaces.dcm2nii.Dcm2niix>
INFO: stdout 2022-10-12T23:44:12.784191:Chris Rorden's dcm2niiX version v1.0.20211006  GCC10.2.1 x86-64 (64-bit Linux)
INFO: stdout 2022-10-12T23:44:12.784191:Found 7 DICOM file(s)
INFO: stdout 2022-10-12T23:44:12.784191:Warning: Slice timing appears corrupted (range 0..8.63999e+07, TR=4400 ms)
INFO: stdout 2022-10-12T23:44:12.784191:Convert 7 DICOM as /out/sub-voice978/ses-1/dwi/sub-voice978_ses-1_acq-AP_dwi_heudiconv553 (120x120x66x7)
INFO: stdout 2022-10-12T23:44:14.532046:Compress: "/usr/bin/pigz" -b 960 -n -f -6 "/out/sub-voice978/ses-1/dwi/sub-voice978_ses-1_acq-AP_dwi_heudiconv553.nii"
INFO: stdout 2022-10-12T23:44:14.532046:Conversion required 2.006639 seconds (0.027901 for core code).
INFO: [Node] Finished "convert", elapsed time 2.060523s.
WARNING: Failed to find task field in /out/sub-voice978/ses-1/dwi/sub-voice978_ses-1_acq-AP_dwi.json.
INFO: Post-treating /out/sub-voice978/ses-1/dwi/sub-voice978_ses-1_acq-AP_dwi.json file
INFO: Converting /out/sub-voice978/ses-1/anat/sub-voice978_ses-1_run-1_T1w (176 DICOMs) -> /out/sub-voice978/ses-1/anat . Converter: dcm2niix . Output types: ('nii.gz',)
INFO: [Node] Setting-up "convert" in "/tmp/dcm2niixqg1a_ogi/convert".
INFO: [Node] Executing "convert" <nipype.interfaces.dcm2nii.Dcm2niix>
INFO: stdout 2022-10-12T23:44:16.709284:Chris Rorden's dcm2niiX version v1.0.20211006  GCC10.2.1 x86-64 (64-bit Linux)
INFO: stdout 2022-10-12T23:44:16.709284:Found 176 DICOM file(s)
INFO: stdout 2022-10-12T23:44:16.709284:Convert 176 DICOM as /out/sub-voice978/ses-1/anat/sub-voice978_ses-1_run-1_T1w_heudiconv058 (256x256x176x1)
INFO: stdout 2022-10-12T23:44:18.564605:Compress: "/usr/bin/pigz" -b 960 -n -f -6 "/out/sub-voice978/ses-1/anat/sub-voice978_ses-1_run-1_T1w_heudiconv058.nii"
INFO: stdout 2022-10-12T23:44:18.564605:Conversion required 3.163575 seconds (0.329658 for core code).
INFO: [Node] Finished "convert", elapsed time 3.212932s.
WARNING: Failed to find task field in /out/sub-voice978/ses-1/anat/sub-voice978_ses-1_run-1_T1w.json.
INFO: Post-treating /out/sub-voice978/ses-1/anat/sub-voice978_ses-1_run-1_T1w.json file
INFO: Converting /out/sub-voice978/ses-1/anat/sub-voice978_ses-1_T2w (176 DICOMs) -> /out/sub-voice978/ses-1/anat . Converter: dcm2niix . Output types: ('nii.gz',)
INFO: [Node] Setting-up "convert" in "/tmp/dcm2niixawjrxhv1/convert".
INFO: [Node] Executing "convert" <nipype.interfaces.dcm2nii.Dcm2niix>
INFO: stdout 2022-10-12T23:44:23.342086:Chris Rorden's dcm2niiX version v1.0.20211006  GCC10.2.1 x86-64 (64-bit Linux)
INFO: stdout 2022-10-12T23:44:23.342086:Found 176 DICOM file(s)
INFO: stdout 2022-10-12T23:44:23.342086:Convert 176 DICOM as /out/sub-voice978/ses-1/anat/sub-voice978_ses-1_T2w_heudiconv896 (256x256x176x1)
INFO: stdout 2022-10-12T23:44:27.298861:Compress: "/usr/bin/pigz" -b 960 -n -f -6 "/out/sub-voice978/ses-1/anat/sub-voice978_ses-1_T2w_heudiconv896.nii"
INFO: stdout 2022-10-12T23:44:27.298861:Conversion required 7.689556 seconds (0.307960 for core code).
INFO: [Node] Finished "convert", elapsed time 7.758837s.
WARNING: Failed to find task field in /out/sub-voice978/ses-1/anat/sub-voice978_ses-1_T2w.json.
INFO: Post-treating /out/sub-voice978/ses-1/anat/sub-voice978_ses-1_T2w.json file
INFO: Converting /out/sub-voice978/ses-1/func/sub-voice978_ses-1_task-pataka_run-1_bold (207 DICOMs) -> /out/sub-voice978/ses-1/func . Converter: dcm2niix . Output types: ('nii.gz',)
INFO: [Node] Setting-up "convert" in "/tmp/dcm2niix6kqpenzy/convert".
INFO: [Node] Executing "convert" <nipype.interfaces.dcm2nii.Dcm2niix>
INFO: stdout 2022-10-12T23:44:37.307973:Chris Rorden's dcm2niiX version v1.0.20211006  GCC10.2.1 x86-64 (64-bit Linux)
INFO: stdout 2022-10-12T23:44:37.307973:Found 207 DICOM file(s)
INFO: stdout 2022-10-12T23:44:37.307973:Warning: Slice timing appears corrupted (range 0..3137.5, TR=1640 ms)
INFO: stdout 2022-10-12T23:44:37.307973:Convert 207 DICOM as /out/sub-voice978/ses-1/func/sub-voice978_ses-1_task-pataka_run-1_bold_heudiconv026 (72x72x45x207)
INFO: stdout 2022-10-12T23:44:44.445698:Compress: "/usr/bin/pigz" -b 960 -n -f -6 "/out/sub-voice978/ses-1/func/sub-voice978_ses-1_task-pataka_run-1_bold_heudiconv026.nii"
INFO: stdout 2022-10-12T23:44:44.445698:Conversion required 15.236334 seconds (0.216726 for core code).
INFO: [Node] Finished "convert", elapsed time 15.292347s.
INFO: Post-treating /out/sub-voice978/ses-1/func/sub-voice978_ses-1_task-pataka_run-1_bold.json file
INFO: Converting /out/sub-voice978/ses-1/func/sub-voice978_ses-1_task-pataka_run-2_bold (207 DICOMs) -> /out/sub-voice978/ses-1/func . Converter: dcm2niix . Output types: ('nii.gz',)
INFO: [Node] Setting-up "convert" in "/tmp/dcm2niix7xb9bifx/convert".
INFO: [Node] Executing "convert" <nipype.interfaces.dcm2nii.Dcm2niix>
INFO: stdout 2022-10-12T23:44:48.514750:Chris Rorden's dcm2niiX version v1.0.20211006  GCC10.2.1 x86-64 (64-bit Linux)
INFO: stdout 2022-10-12T23:44:48.514750:Found 207 DICOM file(s)
INFO: stdout 2022-10-12T23:44:48.514750:Warning: Slice timing appears corrupted (range 0..3135, TR=1640 ms)
INFO: stdout 2022-10-12T23:44:48.514750:Convert 207 DICOM as /out/sub-voice978/ses-1/func/sub-voice978_ses-1_task-pataka_run-2_bold_heudiconv163 (72x72x45x207)
INFO: stdout 2022-10-12T23:44:54.824191:Compress: "/usr/bin/pigz" -b 960 -n -f -6 "/out/sub-voice978/ses-1/func/sub-voice978_ses-1_task-pataka_run-2_bold_heudiconv163.nii"
INFO: stdout 2022-10-12T23:44:54.824191:Conversion required 8.542673 seconds (0.194790 for core code).
INFO: [Node] Finished "convert", elapsed time 8.62294s.
INFO: Post-treating /out/sub-voice978/ses-1/func/sub-voice978_ses-1_task-pataka_run-2_bold.json file
INFO: Converting /out/sub-voice978/ses-1/func/sub-voice978_ses-1_task-pitchsent_run-1_bold (64 DICOMs) -> /out/sub-voice978/ses-1/func . Converter: dcm2niix . Output types: ('nii.gz',)
INFO: [Node] Setting-up "convert" in "/tmp/dcm2niixpcu66rl3/convert".
INFO: [Node] Executing "convert" <nipype.interfaces.dcm2nii.Dcm2niix>
INFO: stdout 2022-10-12T23:44:56.493532:Chris Rorden's dcm2niiX version v1.0.20211006  GCC10.2.1 x86-64 (64-bit Linux)
INFO: stdout 2022-10-12T23:44:56.493532:Found 64 DICOM file(s)
INFO: stdout 2022-10-12T23:44:56.493532:Warning: Slice timing appears corrupted (range 0..5360, TR=4000 ms)
INFO: stdout 2022-10-12T23:44:56.493532:Convert 64 DICOM as /out/sub-voice978/ses-1/func/sub-voice978_ses-1_task-pitchsent_run-1_bold_heudiconv496 (108x108x65x64)
INFO: stdout 2022-10-12T23:45:02.961065:Compress: "/usr/bin/pigz" -b 960 -n -f -6 "/out/sub-voice978/ses-1/func/sub-voice978_ses-1_task-pitchsent_run-1_bold_heudiconv496.nii"
INFO: stdout 2022-10-12T23:45:02.961065:Conversion required 7.123630 seconds (0.143606 for core code).
INFO: [Node] Finished "convert", elapsed time 7.320269s.
INFO: Post-treating /out/sub-voice978/ses-1/func/sub-voice978_ses-1_task-pitchsent_run-1_bold.json file
INFO: Converting /out/sub-voice978/ses-1/func/sub-voice978_ses-1_task-pitchsent_run-2_bold (64 DICOMs) -> /out/sub-voice978/ses-1/func . Converter: dcm2niix . Output types: ('nii.gz',)
INFO: [Node] Setting-up "convert" in "/tmp/dcm2niixlgtnq8tk/convert".
INFO: [Node] Executing "convert" <nipype.interfaces.dcm2nii.Dcm2niix>
INFO: stdout 2022-10-12T23:45:05.473881:Chris Rorden's dcm2niiX version v1.0.20211006  GCC10.2.1 x86-64 (64-bit Linux)
INFO: stdout 2022-10-12T23:45:05.473881:Found 64 DICOM file(s)
INFO: stdout 2022-10-12T23:45:05.473881:Warning: Slice timing appears corrupted (range 0..5357.5, TR=4000 ms)
INFO: stdout 2022-10-12T23:45:05.473881:Convert 64 DICOM as /out/sub-voice978/ses-1/func/sub-voice978_ses-1_task-pitchsent_run-2_bold_heudiconv986 (108x108x65x64)
INFO: stdout 2022-10-12T23:45:11.949898:Compress: "/usr/bin/pigz" -b 960 -n -f -6 "/out/sub-voice978/ses-1/func/sub-voice978_ses-1_task-pitchsent_run-2_bold_heudiconv986.nii"
INFO: stdout 2022-10-12T23:45:11.949898:Conversion required 7.957767 seconds (0.156278 for core code).
INFO: [Node] Finished "convert", elapsed time 8.03447s.
INFO: Post-treating /out/sub-voice978/ses-1/func/sub-voice978_ses-1_task-pitchsent_run-2_bold.json file
INFO: Converting /out/sub-voice978/ses-1/func/sub-voice978_ses-1_task-nwr_run-1_bold (42 DICOMs) -> /out/sub-voice978/ses-1/func . Converter: dcm2niix . Output types: ('nii.gz',)
INFO: [Node] Setting-up "convert" in "/tmp/dcm2niixq5708scq/convert".
INFO: [Node] Executing "convert" <nipype.interfaces.dcm2nii.Dcm2niix>
INFO: stdout 2022-10-12T23:45:14.097873:Chris Rorden's dcm2niiX version v1.0.20211006  GCC10.2.1 x86-64 (64-bit Linux)
INFO: stdout 2022-10-12T23:45:14.097873:Found 42 DICOM file(s)
INFO: stdout 2022-10-12T23:45:14.097873:Warning: Slice timing appears corrupted (range 0..5360, TR=4000 ms)
INFO: stdout 2022-10-12T23:45:14.097873:Convert 42 DICOM as /out/sub-voice978/ses-1/func/sub-voice978_ses-1_task-nwr_run-1_bold_heudiconv969 (108x108x65x42)
INFO: stdout 2022-10-12T23:45:18.847199:Compress: "/usr/bin/pigz" -b 960 -n -f -6 "/out/sub-voice978/ses-1/func/sub-voice978_ses-1_task-nwr_run-1_bold_heudiconv969.nii"
INFO: stdout 2022-10-12T23:45:18.847199:Conversion required 5.580885 seconds (0.102895 for core code).
INFO: [Node] Finished "convert", elapsed time 5.6819s.
INFO: Post-treating /out/sub-voice978/ses-1/func/sub-voice978_ses-1_task-nwr_run-1_bold.json file
INFO: Converting /out/sub-voice978/ses-1/func/sub-voice978_ses-1_task-nwr_run-2_bold (42 DICOMs) -> /out/sub-voice978/ses-1/func . Converter: dcm2niix . Output types: ('nii.gz',)
INFO: [Node] Setting-up "convert" in "/tmp/dcm2niixidqbpaoj/convert".
INFO: [Node] Executing "convert" <nipype.interfaces.dcm2nii.Dcm2niix>
INFO: stdout 2022-10-12T23:45:22.078274:Chris Rorden's dcm2niiX version v1.0.20211006  GCC10.2.1 x86-64 (64-bit Linux)
INFO: stdout 2022-10-12T23:45:22.078274:Found 42 DICOM file(s)
INFO: stdout 2022-10-12T23:45:22.078274:Warning: Slice timing appears corrupted (range 0..5360, TR=4000 ms)
INFO: stdout 2022-10-12T23:45:22.078274:Convert 42 DICOM as /out/sub-voice978/ses-1/func/sub-voice978_ses-1_task-nwr_run-2_bold_heudiconv615 (108x108x65x42)
INFO: stdout 2022-10-12T23:45:26.936712:Compress: "/usr/bin/pigz" -b 960 -n -f -6 "/out/sub-voice978/ses-1/func/sub-voice978_ses-1_task-nwr_run-2_bold_heudiconv615.nii"
INFO: stdout 2022-10-12T23:45:26.936712:Conversion required 6.284726 seconds (0.102932 for core code).
INFO: [Node] Finished "convert", elapsed time 6.329417s.
INFO: Post-treating /out/sub-voice978/ses-1/func/sub-voice978_ses-1_task-nwr_run-2_bold.json file
INFO: Converting /out/sub-voice978/ses-1/func/sub-voice978_ses-1_task-nwr_run-3_bold (42 DICOMs) -> /out/sub-voice978/ses-1/func . Converter: dcm2niix . Output types: ('nii.gz',)
INFO: [Node] Setting-up "convert" in "/tmp/dcm2niixtp4u6wnv/convert".
INFO: [Node] Executing "convert" <nipype.interfaces.dcm2nii.Dcm2niix>
INFO: stdout 2022-10-12T23:45:32.150703:Chris Rorden's dcm2niiX version v1.0.20211006  GCC10.2.1 x86-64 (64-bit Linux)
INFO: stdout 2022-10-12T23:45:32.150703:Found 42 DICOM file(s)
INFO: stdout 2022-10-12T23:45:32.150703:Warning: Slice timing appears corrupted (range 0..5357.5, TR=4000 ms)
INFO: stdout 2022-10-12T23:45:32.150703:Convert 42 DICOM as /out/sub-voice978/ses-1/func/sub-voice978_ses-1_task-nwr_run-3_bold_heudiconv368 (108x108x65x42)
INFO: stdout 2022-10-12T23:45:38.548411:Compress: "/usr/bin/pigz" -b 960 -n -f -6 "/out/sub-voice978/ses-1/func/sub-voice978_ses-1_task-nwr_run-3_bold_heudiconv368.nii"
INFO: stdout 2022-10-12T23:45:38.548411:Conversion required 7.376289 seconds (0.092930 for core code).
INFO: [Node] Finished "convert", elapsed time 7.486365s.
INFO: Post-treating /out/sub-voice978/ses-1/func/sub-voice978_ses-1_task-nwr_run-3_bold.json file
INFO: Converting /out/sub-voice978/ses-1/func/sub-voice978_ses-1_task-facematch_run-1_bold (99 DICOMs) -> /out/sub-voice978/ses-1/func . Converter: dcm2niix . Output types: ('nii.gz',)
INFO: [Node] Setting-up "convert" in "/tmp/dcm2niix1pjh5xd6/convert".
INFO: [Node] Executing "convert" <nipype.interfaces.dcm2nii.Dcm2niix>
INFO: stdout 2022-10-12T23:45:43.883389:Chris Rorden's dcm2niiX version v1.0.20211006  GCC10.2.1 x86-64 (64-bit Linux)
INFO: stdout 2022-10-12T23:45:43.883389:Found 99 DICOM file(s)
INFO: stdout 2022-10-12T23:45:43.883389:Warning: Slice timing appears corrupted (range 0..5357.5, TR=2000 ms)
INFO: stdout 2022-10-12T23:45:43.883389:Convert 99 DICOM as /out/sub-voice978/ses-1/func/sub-voice978_ses-1_task-facematch_run-1_bold_heudiconv674 (108x108x65x99)
INFO: stdout 2022-10-12T23:45:53.430325:Compress: "/usr/bin/pigz" -b 960 -n -f -6 "/out/sub-voice978/ses-1/func/sub-voice978_ses-1_task-facematch_run-1_bold_heudiconv674.nii"
INFO: stdout 2022-10-12T23:45:53.430325:Conversion required 12.829420 seconds (0.215742 for core code).
INFO: [Node] Finished "convert", elapsed time 12.86746s.
INFO: Post-treating /out/sub-voice978/ses-1/func/sub-voice978_ses-1_task-facematch_run-1_bold.json file
INFO: Converting /out/sub-voice978/ses-1/func/sub-voice978_ses-1_task-facematch_run-2_bold (99 DICOMs) -> /out/sub-voice978/ses-1/func . Converter: dcm2niix . Output types: ('nii.gz',)
INFO: [Node] Setting-up "convert" in "/tmp/dcm2niixuos5xm6t/convert".
INFO: [Node] Executing "convert" <nipype.interfaces.dcm2nii.Dcm2niix>
INFO: stdout 2022-10-12T23:45:58.449279:Chris Rorden's dcm2niiX version v1.0.20211006  GCC10.2.1 x86-64 (64-bit Linux)
INFO: stdout 2022-10-12T23:45:58.449279:Found 99 DICOM file(s)
INFO: stdout 2022-10-12T23:45:58.449279:Warning: Slice timing appears corrupted (range 0..5360, TR=2000 ms)
INFO: stdout 2022-10-12T23:45:58.449279:Convert 99 DICOM as /out/sub-voice978/ses-1/func/sub-voice978_ses-1_task-facematch_run-2_bold_heudiconv655 (108x108x65x99)
INFO: stdout 2022-10-12T23:46:08.074936:Compress: "/usr/bin/pigz" -b 960 -n -f -6 "/out/sub-voice978/ses-1/func/sub-voice978_ses-1_task-facematch_run-2_bold_heudiconv655.nii"
INFO: stdout 2022-10-12T23:46:08.074936:Conversion required 13.454310 seconds (0.219639 for core code).
INFO: [Node] Finished "convert", elapsed time 13.49859s.
INFO: Post-treating /out/sub-voice978/ses-1/func/sub-voice978_ses-1_task-facematch_run-2_bold.json file
INFO: Converting /out/sub-voice978/ses-1/func/sub-voice978_ses-1_task-emosent_run-1_bold (48 DICOMs) -> /out/sub-voice978/ses-1/func . Converter: dcm2niix . Output types: ('nii.gz',)
INFO: [Node] Setting-up "convert" in "/tmp/dcm2niixubp912wj/convert".
INFO: [Node] Executing "convert" <nipype.interfaces.dcm2nii.Dcm2niix>
INFO: stdout 2022-10-12T23:46:11.630722:Chris Rorden's dcm2niiX version v1.0.20211006  GCC10.2.1 x86-64 (64-bit Linux)
INFO: stdout 2022-10-12T23:46:11.630722:Found 48 DICOM file(s)
INFO: stdout 2022-10-12T23:46:11.630722:Warning: Slice timing appears corrupted (range 0..5360, TR=4000 ms)
INFO: stdout 2022-10-12T23:46:11.630722:Convert 48 DICOM as /out/sub-voice978/ses-1/func/sub-voice978_ses-1_task-emosent_run-1_bold_heudiconv667 (108x108x65x48)
INFO: stdout 2022-10-12T23:46:16.815777:Compress: "/usr/bin/pigz" -b 960 -n -f -6 "/out/sub-voice978/ses-1/func/sub-voice978_ses-1_task-emosent_run-1_bold_heudiconv667.nii"
INFO: stdout 2022-10-12T23:46:16.815777:Conversion required 7.871506 seconds (0.108961 for core code).
INFO: [Node] Finished "convert", elapsed time 7.980464s.
INFO: Post-treating /out/sub-voice978/ses-1/func/sub-voice978_ses-1_task-emosent_run-1_bold.json file
INFO: Converting /out/sub-voice978/ses-1/func/sub-voice978_ses-1_task-emosent_run-2_bold (48 DICOMs) -> /out/sub-voice978/ses-1/func . Converter: dcm2niix . Output types: ('nii.gz',)
INFO: [Node] Setting-up "convert" in "/tmp/dcm2niixdhaip9g4/convert".
INFO: [Node] Executing "convert" <nipype.interfaces.dcm2nii.Dcm2niix>
INFO: stdout 2022-10-12T23:46:22.899110:Chris Rorden's dcm2niiX version v1.0.20211006  GCC10.2.1 x86-64 (64-bit Linux)
INFO: stdout 2022-10-12T23:46:22.899110:Found 48 DICOM file(s)
INFO: stdout 2022-10-12T23:46:22.899110:Warning: Slice timing appears corrupted (range 0..5357.5, TR=4000 ms)
INFO: stdout 2022-10-12T23:46:22.899110:Convert 48 DICOM as /out/sub-voice978/ses-1/func/sub-voice978_ses-1_task-emosent_run-2_bold_heudiconv723 (108x108x65x48)
INFO: stdout 2022-10-12T23:46:28.952753:Compress: "/usr/bin/pigz" -b 960 -n -f -6 "/out/sub-voice978/ses-1/func/sub-voice978_ses-1_task-emosent_run-2_bold_heudiconv723.nii"
INFO: stdout 2022-10-12T23:46:28.952753:Conversion required 9.947426 seconds (0.113085 for core code).
INFO: [Node] Finished "convert", elapsed time 10.073746s.
INFO: Post-treating /out/sub-voice978/ses-1/func/sub-voice978_ses-1_task-emosent_run-2_bold.json file
INFO: Converting /out/sub-voice978/ses-1/func/sub-voice978_ses-1_task-vowel_run-1_bold (60 DICOMs) -> /out/sub-voice978/ses-1/func . Converter: dcm2niix . Output types: ('nii.gz',)
INFO: [Node] Setting-up "convert" in "/tmp/dcm2niixsij5tc0r/convert".
INFO: [Node] Executing "convert" <nipype.interfaces.dcm2nii.Dcm2niix>
INFO: stdout 2022-10-12T23:46:34.935451:Chris Rorden's dcm2niiX version v1.0.20211006  GCC10.2.1 x86-64 (64-bit Linux)
INFO: stdout 2022-10-12T23:46:34.935451:Found 60 DICOM file(s)
INFO: stdout 2022-10-12T23:46:34.935451:Warning: Slice timing appears corrupted (range 0..5357.5, TR=4000 ms)
INFO: stdout 2022-10-12T23:46:34.935451:Convert 60 DICOM as /out/sub-voice978/ses-1/func/sub-voice978_ses-1_task-vowel_run-1_bold_heudiconv050 (108x108x65x60)
INFO: stdout 2022-10-12T23:46:42.349474:Compress: "/usr/bin/pigz" -b 960 -n -f -6 "/out/sub-voice978/ses-1/func/sub-voice978_ses-1_task-vowel_run-1_bold_heudiconv050.nii"
INFO: stdout 2022-10-12T23:46:42.349474:Conversion required 9.996206 seconds (0.131242 for core code).
INFO: [Node] Finished "convert", elapsed time 10.047536s.
INFO: Post-treating /out/sub-voice978/ses-1/func/sub-voice978_ses-1_task-vowel_run-1_bold.json file
INFO: Converting /out/sub-voice978/ses-1/func/sub-voice978_ses-1_task-vowel_run-2_bold (60 DICOMs) -> /out/sub-voice978/ses-1/func . Converter: dcm2niix . Output types: ('nii.gz',)
INFO: [Node] Setting-up "convert" in "/tmp/dcm2niixev8hh33h/convert".
INFO: [Node] Executing "convert" <nipype.interfaces.dcm2nii.Dcm2niix>
INFO: stdout 2022-10-12T23:46:47.852026:Chris Rorden's dcm2niiX version v1.0.20211006  GCC10.2.1 x86-64 (64-bit Linux)
INFO: stdout 2022-10-12T23:46:47.852026:Found 60 DICOM file(s)
INFO: stdout 2022-10-12T23:46:47.852026:Warning: Slice timing appears corrupted (range 0..5360, TR=4000 ms)
INFO: stdout 2022-10-12T23:46:47.852026:Convert 60 DICOM as /out/sub-voice978/ses-1/func/sub-voice978_ses-1_task-vowel_run-2_bold_heudiconv204 (108x108x65x60)
INFO: stdout 2022-10-12T23:46:55.584183:Compress: "/usr/bin/pigz" -b 960 -n -f -6 "/out/sub-voice978/ses-1/func/sub-voice978_ses-1_task-vowel_run-2_bold_heudiconv204.nii"
INFO: stdout 2022-10-12T23:46:55.584183:Conversion required 10.550369 seconds (0.128335 for core code).
INFO: [Node] Finished "convert", elapsed time 10.650782s.
INFO: Post-treating /out/sub-voice978/ses-1/func/sub-voice978_ses-1_task-vowel_run-2_bold.json file
INFO: Converting /out/sub-voice978/ses-1/func/sub-voice978_ses-1_task-pitchnw_run-1_bold (101 DICOMs) -> /out/sub-voice978/ses-1/func . Converter: dcm2niix . Output types: ('nii.gz',)
INFO: [Node] Setting-up "convert" in "/tmp/dcm2niixt1xm5p04/convert".
INFO: [Node] Executing "convert" <nipype.interfaces.dcm2nii.Dcm2niix>
INFO: stdout 2022-10-12T23:47:05.940458:Chris Rorden's dcm2niiX version v1.0.20211006  GCC10.2.1 x86-64 (64-bit Linux)
INFO: stdout 2022-10-12T23:47:05.940458:Found 101 DICOM file(s)
INFO: stdout 2022-10-12T23:47:05.940458:Warning: Slice timing appears corrupted (range 0..5360, TR=2000 ms)
INFO: stdout 2022-10-12T23:47:05.940458:Convert 101 DICOM as /out/sub-voice978/ses-1/func/sub-voice978_ses-1_task-pitchnw_run-1_bold_heudiconv023 (108x108x65x101)
INFO: stdout 2022-10-12T23:47:18.072002:Compress: "/usr/bin/pigz" -b 960 -n -f -6 "/out/sub-voice978/ses-1/func/sub-voice978_ses-1_task-pitchnw_run-1_bold_heudiconv023.nii"
INFO: stdout 2022-10-12T23:47:18.072002:Conversion required 19.733352 seconds (0.217258 for core code).
INFO: [Node] Finished "convert", elapsed time 21.253379s.
INFO: Post-treating /out/sub-voice978/ses-1/func/sub-voice978_ses-1_task-pitchnw_run-1_bold.json file
INFO: Converting /out/sub-voice978/ses-1/func/sub-voice978_ses-1_task-pitchnw_run-2_bold (101 DICOMs) -> /out/sub-voice978/ses-1/func . Converter: dcm2niix . Output types: ('nii.gz',)
INFO: [Node] Setting-up "convert" in "/tmp/dcm2niixe8aeucmt/convert".
INFO: [Node] Executing "convert" <nipype.interfaces.dcm2nii.Dcm2niix>
INFO: stdout 2022-10-12T23:47:24.378768:Chris Rorden's dcm2niiX version v1.0.20211006  GCC10.2.1 x86-64 (64-bit Linux)
INFO: stdout 2022-10-12T23:47:24.378768:Found 101 DICOM file(s)
INFO: stdout 2022-10-12T23:47:24.378768:Warning: Slice timing appears corrupted (range 0..5360, TR=2000 ms)
INFO: stdout 2022-10-12T23:47:24.378768:Convert 101 DICOM as /out/sub-voice978/ses-1/func/sub-voice978_ses-1_task-pitchnw_run-2_bold_heudiconv014 (108x108x65x101)
INFO: stdout 2022-10-12T23:47:47.987027:Compress: "/usr/bin/pigz" -b 960 -n -f -6 "/out/sub-voice978/ses-1/func/sub-voice978_ses-1_task-pitchnw_run-2_bold_heudiconv014.nii"
INFO: stdout 2022-10-12T23:47:47.987027:Conversion required 25.282463 seconds (0.207055 for core code).
INFO: [Node] Finished "convert", elapsed time 25.366696s.
INFO: Post-treating /out/sub-voice978/ses-1/func/sub-voice978_ses-1_task-pitchnw_run-2_bold.json file
INFO: Converting /out/sub-voice978/ses-1/func/sub-voice978_ses-1_task-movie_run-1_bold (138 DICOMs) -> /out/sub-voice978/ses-1/func . Converter: dcm2niix . Output types: ('nii.gz',)
INFO: [Node] Setting-up "convert" in "/tmp/dcm2niixatx_etv5/convert".
INFO: [Node] Executing "convert" <nipype.interfaces.dcm2nii.Dcm2niix>
INFO: stdout 2022-10-12T23:47:56.646338:Chris Rorden's dcm2niiX version v1.0.20211006  GCC10.2.1 x86-64 (64-bit Linux)
INFO: stdout 2022-10-12T23:47:56.646338:Found 138 DICOM file(s)
INFO: stdout 2022-10-12T23:47:56.646338:Warning: Slice timing appears corrupted (range 0..5360, TR=1090 ms)
INFO: stdout 2022-10-12T23:47:56.646338:Convert 138 DICOM as /out/sub-voice978/ses-1/func/sub-voice978_ses-1_task-movie_run-1_bold_heudiconv437 (108x108x65x138)
INFO: stdout 2022-10-12T23:48:19.495267:Compress: "/usr/bin/pigz" -b 960 -n -f -6 "/out/sub-voice978/ses-1/func/sub-voice978_ses-1_task-movie_run-1_bold_heudiconv437.nii"
INFO: stdout 2022-10-12T23:48:19.495267:Conversion required 27.504697 seconds (0.307282 for core code).
INFO: [Node] Finished "convert", elapsed time 28.698399s.
INFO: Post-treating /out/sub-voice978/ses-1/func/sub-voice978_ses-1_task-movie_run-1_bold.json file
WARNING: Existing lockfile found in /out/heudiconv.lock - waiting for the lock to be released. To set a timeout limit, set the HEUDICONV_FILELOCK_TIMEOUT environmental variable to a value in seconds. If this process hangs, it may require a manual deletion of the /out/heudiconv.lock.
INFO: Populating template files under /out/
INFO: PROCESSING DONE: {'subject': 'voice978', 'outdir': '/out/', 'session': '1'}
