INFO: Running heudiconv version 0.11.3+d20220512 latest 0.11.4
INFO: Need to process 1 study sessions
INFO: PROCESSING STARTS: {'subject': 'voice986', 'outdir': '/out/', 'session': '1'}
INFO: Processing 4938 dicoms
INFO: Analyzing 4938 dicoms
INFO: Generated sequence info for 49 accession numbers with 4938 entries total
INFO: Doing conversion using dcm2niix
INFO: Converting /out/sub-voice986/ses-1/func/sub-voice986_ses-1_task-rest_run-1_bold (300 DICOMs) -> /out/sub-voice986/ses-1/func . Converter: dcm2niix . Output types: ('nii.gz',)
WARNING: A newer version (1.8.4) of nipy/nipype is available. You are using 1.8.0
INFO: [Node] Setting-up "convert" in "/tmp/dcm2niixknyg_ppc/convert".
INFO: [Node] Executing "convert" <nipype.interfaces.dcm2nii.Dcm2niix>
INFO: stdout 2022-10-12T23:50:31.896049:Chris Rorden's dcm2niiX version v1.0.20211006  GCC10.2.1 x86-64 (64-bit Linux)
INFO: stdout 2022-10-12T23:50:31.896049:Found 300 DICOM file(s)
INFO: stdout 2022-10-12T23:50:31.896049:Warning: Slice timing appears corrupted (range 0..5357.5, TR=1090 ms)
INFO: stdout 2022-10-12T23:50:31.896049:Convert 300 DICOM as /out/sub-voice986/ses-1/func/sub-voice986_ses-1_task-rest_run-1_bold_heudiconv774 (108x108x65x300)
INFO: stdout 2022-10-12T23:50:59.857934:Compress: "/usr/bin/pigz" -b 960 -n -f -6 "/out/sub-voice986/ses-1/func/sub-voice986_ses-1_task-rest_run-1_bold_heudiconv774.nii"
INFO: stdout 2022-10-12T23:50:59.857934:Conversion required 29.112821 seconds (0.728166 for core code).
INFO: [Node] Finished "convert", elapsed time 29.170851s.
INFO: Post-treating /out/sub-voice986/ses-1/func/sub-voice986_ses-1_task-rest_run-1_bold.json file
INFO: Converting /out/sub-voice986/ses-1/fmap/sub-voice986_ses-1_acq-func_dir-PA_run-1_epi (260 DICOMs) -> /out/sub-voice986/ses-1/fmap . Converter: dcm2niix . Output types: ('nii.gz',)
INFO: [Node] Setting-up "convert" in "/tmp/dcm2niixmtkg5txw/convert".
INFO: [Node] Executing "convert" <nipype.interfaces.dcm2nii.Dcm2niix>
INFO: stdout 2022-10-12T23:51:05.510195:Chris Rorden's dcm2niiX version v1.0.20211006  GCC10.2.1 x86-64 (64-bit Linux)
INFO: stdout 2022-10-12T23:51:05.510195:Found 260 DICOM file(s)
INFO: stdout 2022-10-12T23:51:05.510195:Convert 260 DICOM as /out/sub-voice986/ses-1/fmap/sub-voice986_ses-1_acq-func_dir-PA_run-1_epi_heudiconv844 (108x108x65x4)
INFO: stdout 2022-10-12T23:51:06.965547:Compress: "/usr/bin/pigz" -b 960 -n -f -6 "/out/sub-voice986/ses-1/fmap/sub-voice986_ses-1_acq-func_dir-PA_run-1_epi_heudiconv844.nii"
INFO: stdout 2022-10-12T23:51:06.965547:Conversion required 2.603563 seconds (0.136567 for core code).
INFO: [Node] Finished "convert", elapsed time 2.738006s.
WARNING: Failed to find task field in /out/sub-voice986/ses-1/fmap/sub-voice986_ses-1_acq-func_dir-PA_run-1_epi.json.
INFO: Post-treating /out/sub-voice986/ses-1/fmap/sub-voice986_ses-1_acq-func_dir-PA_run-1_epi.json file
INFO: Converting /out/sub-voice986/ses-1/fmap/sub-voice986_ses-1_acq-func_dir-AP_run-2_epi (260 DICOMs) -> /out/sub-voice986/ses-1/fmap . Converter: dcm2niix . Output types: ('nii.gz',)
INFO: [Node] Setting-up "convert" in "/tmp/dcm2niix0qqp280n/convert".
INFO: [Node] Executing "convert" <nipype.interfaces.dcm2nii.Dcm2niix>
INFO: stdout 2022-10-12T23:51:16.446737:Chris Rorden's dcm2niiX version v1.0.20211006  GCC10.2.1 x86-64 (64-bit Linux)
INFO: stdout 2022-10-12T23:51:16.446737:Found 260 DICOM file(s)
INFO: stdout 2022-10-12T23:51:16.446737:Convert 260 DICOM as /out/sub-voice986/ses-1/fmap/sub-voice986_ses-1_acq-func_dir-AP_run-2_epi_heudiconv638 (108x108x65x4)
INFO: stdout 2022-10-12T23:51:16.932192:Compress: "/usr/bin/pigz" -b 960 -n -f -6 "/out/sub-voice986/ses-1/fmap/sub-voice986_ses-1_acq-func_dir-AP_run-2_epi_heudiconv638.nii"
INFO: stdout 2022-10-12T23:51:16.932192:Conversion required 9.069778 seconds (0.126882 for core code).
INFO: [Node] Finished "convert", elapsed time 9.133421s.
WARNING: Failed to find task field in /out/sub-voice986/ses-1/fmap/sub-voice986_ses-1_acq-func_dir-AP_run-2_epi.json.
INFO: Post-treating /out/sub-voice986/ses-1/fmap/sub-voice986_ses-1_acq-func_dir-AP_run-2_epi.json file
INFO: Converting /out/sub-voice986/ses-1/dwi/sub-voice986_ses-1_acq-PA_dwi (72 DICOMs) -> /out/sub-voice986/ses-1/dwi . Converter: dcm2niix . Output types: ('nii.gz',)
INFO: [Node] Setting-up "convert" in "/tmp/dcm2niix7nxtl4t4/convert".
INFO: [Node] Executing "convert" <nipype.interfaces.dcm2nii.Dcm2niix>
INFO: stdout 2022-10-12T23:51:18.063314:Chris Rorden's dcm2niiX version v1.0.20211006  GCC10.2.1 x86-64 (64-bit Linux)
INFO: stdout 2022-10-12T23:51:18.063314:Found 72 DICOM file(s)
INFO: stdout 2022-10-12T23:51:18.063314:Warning: Slice timing appears corrupted (range 0..8.63999e+07, TR=4400 ms)
INFO: stdout 2022-10-12T23:51:18.063314:Convert 72 DICOM as /out/sub-voice986/ses-1/dwi/sub-voice986_ses-1_acq-PA_dwi_heudiconv729 (120x120x66x72)
INFO: stdout 2022-10-12T23:51:28.898569:Compress: "/usr/bin/pigz" -b 960 -n -f -6 "/out/sub-voice986/ses-1/dwi/sub-voice986_ses-1_acq-PA_dwi_heudiconv729.nii"
INFO: stdout 2022-10-12T23:51:28.898569:Conversion required 11.619865 seconds (0.298938 for core code).
INFO: [Node] Finished "convert", elapsed time 13.231903s.
WARNING: Failed to find task field in /out/sub-voice986/ses-1/dwi/sub-voice986_ses-1_acq-PA_dwi.json.
INFO: Post-treating /out/sub-voice986/ses-1/dwi/sub-voice986_ses-1_acq-PA_dwi.json file
INFO: Converting /out/sub-voice986/ses-1/dwi/sub-voice986_ses-1_acq-AP_dwi (7 DICOMs) -> /out/sub-voice986/ses-1/dwi . Converter: dcm2niix . Output types: ('nii.gz',)
INFO: [Node] Setting-up "convert" in "/tmp/dcm2niix84y2n_dx/convert".
INFO: [Node] Executing "convert" <nipype.interfaces.dcm2nii.Dcm2niix>
INFO: stdout 2022-10-12T23:51:31.276514:Chris Rorden's dcm2niiX version v1.0.20211006  GCC10.2.1 x86-64 (64-bit Linux)
INFO: stdout 2022-10-12T23:51:31.276514:Found 7 DICOM file(s)
INFO: stdout 2022-10-12T23:51:31.276514:Warning: Slice timing appears corrupted (range 0..8.63999e+07, TR=4400 ms)
INFO: stdout 2022-10-12T23:51:31.276514:Convert 7 DICOM as /out/sub-voice986/ses-1/dwi/sub-voice986_ses-1_acq-AP_dwi_heudiconv940 (120x120x66x7)
INFO: stdout 2022-10-12T23:51:33.414573:Compress: "/usr/bin/pigz" -b 960 -n -f -6 "/out/sub-voice986/ses-1/dwi/sub-voice986_ses-1_acq-AP_dwi_heudiconv940.nii"
INFO: stdout 2022-10-12T23:51:33.414573:Conversion required 2.506873 seconds (0.041520 for core code).
INFO: [Node] Finished "convert", elapsed time 2.574039s.
WARNING: Failed to find task field in /out/sub-voice986/ses-1/dwi/sub-voice986_ses-1_acq-AP_dwi.json.
INFO: Post-treating /out/sub-voice986/ses-1/dwi/sub-voice986_ses-1_acq-AP_dwi.json file
INFO: Converting /out/sub-voice986/ses-1/anat/sub-voice986_ses-1_run-1_T1w (176 DICOMs) -> /out/sub-voice986/ses-1/anat . Converter: dcm2niix . Output types: ('nii.gz',)
INFO: [Node] Setting-up "convert" in "/tmp/dcm2niixthz5m4pj/convert".
INFO: [Node] Executing "convert" <nipype.interfaces.dcm2nii.Dcm2niix>
INFO: stdout 2022-10-12T23:51:39.409163:Chris Rorden's dcm2niiX version v1.0.20211006  GCC10.2.1 x86-64 (64-bit Linux)
INFO: stdout 2022-10-12T23:51:39.409163:Found 176 DICOM file(s)
INFO: stdout 2022-10-12T23:51:39.409163:Convert 176 DICOM as /out/sub-voice986/ses-1/anat/sub-voice986_ses-1_run-1_T1w_heudiconv359 (256x256x176x1)
INFO: stdout 2022-10-12T23:51:41.242821:Compress: "/usr/bin/pigz" -b 960 -n -f -6 "/out/sub-voice986/ses-1/anat/sub-voice986_ses-1_run-1_T1w_heudiconv359.nii"
INFO: stdout 2022-10-12T23:51:41.242821:Conversion required 7.153163 seconds (0.342044 for core code).
INFO: [Node] Finished "convert", elapsed time 7.229702s.
WARNING: Failed to find task field in /out/sub-voice986/ses-1/anat/sub-voice986_ses-1_run-1_T1w.json.
INFO: Post-treating /out/sub-voice986/ses-1/anat/sub-voice986_ses-1_run-1_T1w.json file
INFO: Converting /out/sub-voice986/ses-1/func/sub-voice986_ses-1_task-pataka_run-1_bold (207 DICOMs) -> /out/sub-voice986/ses-1/func . Converter: dcm2niix . Output types: ('nii.gz',)
INFO: [Node] Setting-up "convert" in "/tmp/dcm2niixq01vlb10/convert".
INFO: [Node] Executing "convert" <nipype.interfaces.dcm2nii.Dcm2niix>
INFO: stdout 2022-10-12T23:51:42.844498:Chris Rorden's dcm2niiX version v1.0.20211006  GCC10.2.1 x86-64 (64-bit Linux)
INFO: stdout 2022-10-12T23:51:42.844498:Found 207 DICOM file(s)
INFO: stdout 2022-10-12T23:51:42.844498:Warning: Slice timing appears corrupted (range 0..3137.5, TR=1640 ms)
INFO: stdout 2022-10-12T23:51:42.844498:Convert 207 DICOM as /out/sub-voice986/ses-1/func/sub-voice986_ses-1_task-pataka_run-1_bold_heudiconv316 (72x72x45x207)
INFO: stdout 2022-10-12T23:51:51.614180:Compress: "/usr/bin/pigz" -b 960 -n -f -6 "/out/sub-voice986/ses-1/func/sub-voice986_ses-1_task-pataka_run-1_bold_heudiconv316.nii"
INFO: stdout 2022-10-12T23:51:51.614180:Conversion required 9.917831 seconds (0.281739 for core code).
INFO: [Node] Finished "convert", elapsed time 11.222429s.
INFO: Post-treating /out/sub-voice986/ses-1/func/sub-voice986_ses-1_task-pataka_run-1_bold.json file
INFO: Converting /out/sub-voice986/ses-1/func/sub-voice986_ses-1_task-pataka_run-2_bold (207 DICOMs) -> /out/sub-voice986/ses-1/func . Converter: dcm2niix . Output types: ('nii.gz',)
INFO: [Node] Setting-up "convert" in "/tmp/dcm2niixjir45f12/convert".
INFO: [Node] Executing "convert" <nipype.interfaces.dcm2nii.Dcm2niix>
INFO: stdout 2022-10-12T23:52:08.473231:Chris Rorden's dcm2niiX version v1.0.20211006  GCC10.2.1 x86-64 (64-bit Linux)
INFO: stdout 2022-10-12T23:52:08.473231:Found 207 DICOM file(s)
INFO: stdout 2022-10-12T23:52:08.473231:Warning: Slice timing appears corrupted (range 0..3135, TR=1640 ms)
INFO: stdout 2022-10-12T23:52:08.473231:Convert 207 DICOM as /out/sub-voice986/ses-1/func/sub-voice986_ses-1_task-pataka_run-2_bold_heudiconv371 (72x72x45x207)
INFO: stdout 2022-10-12T23:52:14.507030:Compress: "/usr/bin/pigz" -b 960 -n -f -6 "/out/sub-voice986/ses-1/func/sub-voice986_ses-1_task-pataka_run-2_bold_heudiconv371.nii"
INFO: stdout 2022-10-12T23:52:14.507030:Conversion required 20.335516 seconds (0.295322 for core code).
INFO: [Node] Finished "convert", elapsed time 20.435129s.
INFO: Post-treating /out/sub-voice986/ses-1/func/sub-voice986_ses-1_task-pataka_run-2_bold.json file
INFO: Converting /out/sub-voice986/ses-1/func/sub-voice986_ses-1_task-pitchsent_run-1_bold (57 DICOMs) -> /out/sub-voice986/ses-1/func . Converter: dcm2niix . Output types: ('nii.gz',)
INFO: [Node] Setting-up "convert" in "/tmp/dcm2niixk01egyjq/convert".
INFO: [Node] Executing "convert" <nipype.interfaces.dcm2nii.Dcm2niix>
INFO: stdout 2022-10-12T23:52:15.550659:Chris Rorden's dcm2niiX version v1.0.20211006  GCC10.2.1 x86-64 (64-bit Linux)
INFO: stdout 2022-10-12T23:52:15.550659:Found 57 DICOM file(s)
INFO: stdout 2022-10-12T23:52:15.550659:Warning: Slice timing appears corrupted (range 0..5360, TR=4000 ms)
INFO: stdout 2022-10-12T23:52:15.550659:Convert 57 DICOM as /out/sub-voice986/ses-1/func/sub-voice986_ses-1_task-pitchsent_run-1_bold_heudiconv661 (108x108x65x57)
INFO: stdout 2022-10-12T23:52:22.921121:Compress: "/usr/bin/pigz" -b 960 -n -f -6 "/out/sub-voice986/ses-1/func/sub-voice986_ses-1_task-pitchsent_run-1_bold_heudiconv661.nii"
INFO: stdout 2022-10-12T23:52:22.921121:Conversion required 7.835636 seconds (0.173708 for core code).
INFO: [Node] Finished "convert", elapsed time 9.917894s.
INFO: Post-treating /out/sub-voice986/ses-1/func/sub-voice986_ses-1_task-pitchsent_run-1_bold.json file
INFO: Converting /out/sub-voice986/ses-1/func/sub-voice986_ses-1_task-pitchsent_run-2_bold (57 DICOMs) -> /out/sub-voice986/ses-1/func . Converter: dcm2niix . Output types: ('nii.gz',)
INFO: [Node] Setting-up "convert" in "/tmp/dcm2niixj3s477sm/convert".
INFO: [Node] Executing "convert" <nipype.interfaces.dcm2nii.Dcm2niix>
INFO: stdout 2022-10-12T23:52:33.017470:Chris Rorden's dcm2niiX version v1.0.20211006  GCC10.2.1 x86-64 (64-bit Linux)
INFO: stdout 2022-10-12T23:52:33.017470:Found 57 DICOM file(s)
INFO: stdout 2022-10-12T23:52:33.017470:Warning: Slice timing appears corrupted (range 0..5360, TR=4000 ms)
INFO: stdout 2022-10-12T23:52:33.017470:Convert 57 DICOM as /out/sub-voice986/ses-1/func/sub-voice986_ses-1_task-pitchsent_run-2_bold_heudiconv027 (108x108x65x57)
INFO: stdout 2022-10-12T23:52:41.735937:Compress: "/usr/bin/pigz" -b 960 -n -f -6 "/out/sub-voice986/ses-1/func/sub-voice986_ses-1_task-pitchsent_run-2_bold_heudiconv027.nii"
INFO: stdout 2022-10-12T23:52:41.735937:Conversion required 10.575283 seconds (0.168317 for core code).
INFO: [Node] Finished "convert", elapsed time 10.886973s.
INFO: Post-treating /out/sub-voice986/ses-1/func/sub-voice986_ses-1_task-pitchsent_run-2_bold.json file
INFO: Converting /out/sub-voice986/ses-1/func/sub-voice986_ses-1_task-pitchsent_run-3_bold (57 DICOMs) -> /out/sub-voice986/ses-1/func . Converter: dcm2niix . Output types: ('nii.gz',)
INFO: [Node] Setting-up "convert" in "/tmp/dcm2niixq79xfmn_/convert".
INFO: [Node] Executing "convert" <nipype.interfaces.dcm2nii.Dcm2niix>
INFO: stdout 2022-10-12T23:52:47.659535:Chris Rorden's dcm2niiX version v1.0.20211006  GCC10.2.1 x86-64 (64-bit Linux)
INFO: stdout 2022-10-12T23:52:47.659535:Found 57 DICOM file(s)
INFO: stdout 2022-10-12T23:52:47.659535:Warning: Slice timing appears corrupted (range 0..5360, TR=4000 ms)
INFO: stdout 2022-10-12T23:52:47.659535:Convert 57 DICOM as /out/sub-voice986/ses-1/func/sub-voice986_ses-1_task-pitchsent_run-3_bold_heudiconv099 (108x108x65x57)
INFO: stdout 2022-10-12T23:52:52.746369:Compress: "/usr/bin/pigz" -b 960 -n -f -6 "/out/sub-voice986/ses-1/func/sub-voice986_ses-1_task-pitchsent_run-3_bold_heudiconv099.nii"
INFO: stdout 2022-10-12T23:52:52.746369:Conversion required 10.084471 seconds (0.172676 for core code).
INFO: [Node] Finished "convert", elapsed time 10.188326s.
INFO: Post-treating /out/sub-voice986/ses-1/func/sub-voice986_ses-1_task-pitchsent_run-3_bold.json file
INFO: Converting /out/sub-voice986/ses-1/func/sub-voice986_ses-1_task-nwr_run-1_bold (42 DICOMs) -> /out/sub-voice986/ses-1/func . Converter: dcm2niix . Output types: ('nii.gz',)
INFO: [Node] Setting-up "convert" in "/tmp/dcm2niixlce4plo2/convert".
INFO: [Node] Executing "convert" <nipype.interfaces.dcm2nii.Dcm2niix>
INFO: stdout 2022-10-12T23:52:53.581290:Chris Rorden's dcm2niiX version v1.0.20211006  GCC10.2.1 x86-64 (64-bit Linux)
INFO: stdout 2022-10-12T23:52:53.581290:Found 42 DICOM file(s)
INFO: stdout 2022-10-12T23:52:53.581290:Warning: Slice timing appears corrupted (range 0..5357.5, TR=4000 ms)
INFO: stdout 2022-10-12T23:52:53.581290:Convert 42 DICOM as /out/sub-voice986/ses-1/func/sub-voice986_ses-1_task-nwr_run-1_bold_heudiconv285 (108x108x65x42)
INFO: stdout 2022-10-12T23:52:59.020140:Compress: "/usr/bin/pigz" -b 960 -n -f -6 "/out/sub-voice986/ses-1/func/sub-voice986_ses-1_task-nwr_run-1_bold_heudiconv285.nii"
INFO: stdout 2022-10-12T23:52:59.020140:Conversion required 5.814287 seconds (0.113173 for core code).
INFO: [Node] Finished "convert", elapsed time 5.881988s.
INFO: Post-treating /out/sub-voice986/ses-1/func/sub-voice986_ses-1_task-nwr_run-1_bold.json file
INFO: Converting /out/sub-voice986/ses-1/func/sub-voice986_ses-1_task-nwr_run-2_bold (42 DICOMs) -> /out/sub-voice986/ses-1/func . Converter: dcm2niix . Output types: ('nii.gz',)
INFO: [Node] Setting-up "convert" in "/tmp/dcm2niixsqnw081s/convert".
INFO: [Node] Executing "convert" <nipype.interfaces.dcm2nii.Dcm2niix>
INFO: stdout 2022-10-12T23:53:03.002054:Chris Rorden's dcm2niiX version v1.0.20211006  GCC10.2.1 x86-64 (64-bit Linux)
INFO: stdout 2022-10-12T23:53:03.002054:Found 42 DICOM file(s)
INFO: stdout 2022-10-12T23:53:03.002054:Warning: Slice timing appears corrupted (range 0..5360, TR=4000 ms)
INFO: stdout 2022-10-12T23:53:03.002054:Convert 42 DICOM as /out/sub-voice986/ses-1/func/sub-voice986_ses-1_task-nwr_run-2_bold_heudiconv759 (108x108x65x42)
INFO: stdout 2022-10-12T23:53:11.151049:Compress: "/usr/bin/pigz" -b 960 -n -f -6 "/out/sub-voice986/ses-1/func/sub-voice986_ses-1_task-nwr_run-2_bold_heudiconv759.nii"
INFO: stdout 2022-10-12T23:53:11.151049:Conversion required 11.736380 seconds (0.156743 for core code).
INFO: [Node] Finished "convert", elapsed time 11.861989s.
INFO: Post-treating /out/sub-voice986/ses-1/func/sub-voice986_ses-1_task-nwr_run-2_bold.json file
INFO: Converting /out/sub-voice986/ses-1/func/sub-voice986_ses-1_task-nwr_run-3_bold (42 DICOMs) -> /out/sub-voice986/ses-1/func . Converter: dcm2niix . Output types: ('nii.gz',)
INFO: [Node] Setting-up "convert" in "/tmp/dcm2niixadzyqe79/convert".
INFO: [Node] Executing "convert" <nipype.interfaces.dcm2nii.Dcm2niix>
INFO: stdout 2022-10-12T23:53:18.563134:Chris Rorden's dcm2niiX version v1.0.20211006  GCC10.2.1 x86-64 (64-bit Linux)
INFO: stdout 2022-10-12T23:53:18.563134:Found 42 DICOM file(s)
INFO: stdout 2022-10-12T23:53:18.563134:Warning: Slice timing appears corrupted (range 0..5360, TR=4000 ms)
INFO: stdout 2022-10-12T23:53:18.563134:Convert 42 DICOM as /out/sub-voice986/ses-1/func/sub-voice986_ses-1_task-nwr_run-3_bold_heudiconv567 (108x108x65x42)
INFO: stdout 2022-10-12T23:53:27.540113:Compress: "/usr/bin/pigz" -b 960 -n -f -6 "/out/sub-voice986/ses-1/func/sub-voice986_ses-1_task-nwr_run-3_bold_heudiconv567.nii"
INFO: stdout 2022-10-12T23:53:27.540113:Conversion required 13.612019 seconds (0.108060 for core code).
INFO: [Node] Finished "convert", elapsed time 17.715442s.
INFO: Post-treating /out/sub-voice986/ses-1/func/sub-voice986_ses-1_task-nwr_run-3_bold.json file
INFO: Converting /out/sub-voice986/ses-1/func/sub-voice986_ses-1_task-facematch_run-1_bold (99 DICOMs) -> /out/sub-voice986/ses-1/func . Converter: dcm2niix . Output types: ('nii.gz',)
INFO: [Node] Setting-up "convert" in "/tmp/dcm2niixsvppai2x/convert".
INFO: [Node] Executing "convert" <nipype.interfaces.dcm2nii.Dcm2niix>
INFO: stdout 2022-10-12T23:53:39.793694:Chris Rorden's dcm2niiX version v1.0.20211006  GCC10.2.1 x86-64 (64-bit Linux)
INFO: stdout 2022-10-12T23:53:39.793694:Found 99 DICOM file(s)
INFO: stdout 2022-10-12T23:53:39.793694:Warning: Slice timing appears corrupted (range 0..5360, TR=2000 ms)
INFO: stdout 2022-10-12T23:53:39.793694:Convert 99 DICOM as /out/sub-voice986/ses-1/func/sub-voice986_ses-1_task-facematch_run-1_bold_heudiconv443 (108x108x65x99)
INFO: stdout 2022-10-12T23:53:53.663727:Compress: "/usr/bin/pigz" -b 960 -n -f -6 "/out/sub-voice986/ses-1/func/sub-voice986_ses-1_task-facematch_run-1_bold_heudiconv443.nii"
INFO: stdout 2022-10-12T23:53:53.663727:Conversion required 16.551785 seconds (0.261975 for core code).
INFO: [Node] Finished "convert", elapsed time 17.020026s.
INFO: Post-treating /out/sub-voice986/ses-1/func/sub-voice986_ses-1_task-facematch_run-1_bold.json file
INFO: Converting /out/sub-voice986/ses-1/func/sub-voice986_ses-1_task-facematch_run-2_bold (99 DICOMs) -> /out/sub-voice986/ses-1/func . Converter: dcm2niix . Output types: ('nii.gz',)
INFO: [Node] Setting-up "convert" in "/tmp/dcm2niixlxcvujm5/convert".
INFO: [Node] Executing "convert" <nipype.interfaces.dcm2nii.Dcm2niix>
INFO: stdout 2022-10-12T23:53:59.976170:Chris Rorden's dcm2niiX version v1.0.20211006  GCC10.2.1 x86-64 (64-bit Linux)
INFO: stdout 2022-10-12T23:53:59.976170:Found 99 DICOM file(s)
INFO: stdout 2022-10-12T23:53:59.976170:Warning: Slice timing appears corrupted (range 0..5360, TR=2000 ms)
INFO: stdout 2022-10-12T23:53:59.976170:Convert 99 DICOM as /out/sub-voice986/ses-1/func/sub-voice986_ses-1_task-facematch_run-2_bold_heudiconv974 (108x108x65x99)
INFO: stdout 2022-10-12T23:54:21.072018:Compress: "/usr/bin/pigz" -b 960 -n -f -6 "/out/sub-voice986/ses-1/func/sub-voice986_ses-1_task-facematch_run-2_bold_heudiconv974.nii"
INFO: stdout 2022-10-12T23:54:21.072018:Conversion required 25.974473 seconds (0.254033 for core code).
INFO: [Node] Finished "convert", elapsed time 26.960827s.
INFO: Post-treating /out/sub-voice986/ses-1/func/sub-voice986_ses-1_task-facematch_run-2_bold.json file
INFO: Converting /out/sub-voice986/ses-1/func/sub-voice986_ses-1_task-emosent_run-1_bold (42 DICOMs) -> /out/sub-voice986/ses-1/func . Converter: dcm2niix . Output types: ('nii.gz',)
INFO: [Node] Setting-up "convert" in "/tmp/dcm2niixavgu34i2/convert".
INFO: [Node] Executing "convert" <nipype.interfaces.dcm2nii.Dcm2niix>
INFO: stdout 2022-10-12T23:54:24.706513:Chris Rorden's dcm2niiX version v1.0.20211006  GCC10.2.1 x86-64 (64-bit Linux)
INFO: stdout 2022-10-12T23:54:24.706513:Found 42 DICOM file(s)
INFO: stdout 2022-10-12T23:54:24.706513:Warning: Slice timing appears corrupted (range 0..5357.5, TR=4000 ms)
INFO: stdout 2022-10-12T23:54:24.706513:Convert 42 DICOM as /out/sub-voice986/ses-1/func/sub-voice986_ses-1_task-emosent_run-1_bold_heudiconv004 (108x108x65x42)
INFO: stdout 2022-10-12T23:54:29.877454:Compress: "/usr/bin/pigz" -b 960 -n -f -6 "/out/sub-voice986/ses-1/func/sub-voice986_ses-1_task-emosent_run-1_bold_heudiconv004.nii"
INFO: stdout 2022-10-12T23:54:29.877454:Conversion required 7.371153 seconds (0.115716 for core code).
INFO: [Node] Finished "convert", elapsed time 7.532624s.
INFO: Post-treating /out/sub-voice986/ses-1/func/sub-voice986_ses-1_task-emosent_run-1_bold.json file
INFO: Converting /out/sub-voice986/ses-1/func/sub-voice986_ses-1_task-emosent_run-2_bold (42 DICOMs) -> /out/sub-voice986/ses-1/func . Converter: dcm2niix . Output types: ('nii.gz',)
INFO: [Node] Setting-up "convert" in "/tmp/dcm2niixo14clvi0/convert".
INFO: [Node] Executing "convert" <nipype.interfaces.dcm2nii.Dcm2niix>
INFO: stdout 2022-10-12T23:54:30.439594:Chris Rorden's dcm2niiX version v1.0.20211006  GCC10.2.1 x86-64 (64-bit Linux)
INFO: stdout 2022-10-12T23:54:30.439594:Found 42 DICOM file(s)
INFO: stdout 2022-10-12T23:54:30.439594:Warning: Slice timing appears corrupted (range 0..5360, TR=4000 ms)
INFO: stdout 2022-10-12T23:54:30.439594:Convert 42 DICOM as /out/sub-voice986/ses-1/func/sub-voice986_ses-1_task-emosent_run-2_bold_heudiconv793 (108x108x65x42)
INFO: stdout 2022-10-12T23:54:40.917117:Compress: "/usr/bin/pigz" -b 960 -n -f -6 "/out/sub-voice986/ses-1/func/sub-voice986_ses-1_task-emosent_run-2_bold_heudiconv793.nii"
INFO: stdout 2022-10-12T23:54:40.917117:Conversion required 10.666709 seconds (0.110281 for core code).
INFO: [Node] Finished "convert", elapsed time 15.6009s.
INFO: Post-treating /out/sub-voice986/ses-1/func/sub-voice986_ses-1_task-emosent_run-2_bold.json file
INFO: Converting /out/sub-voice986/ses-1/func/sub-voice986_ses-1_task-vowel_run-1_bold (55 DICOMs) -> /out/sub-voice986/ses-1/func . Converter: dcm2niix . Output types: ('nii.gz',)
INFO: [Node] Setting-up "convert" in "/tmp/dcm2niixlsc8nphl/convert".
INFO: [Node] Executing "convert" <nipype.interfaces.dcm2nii.Dcm2niix>
INFO: stdout 2022-10-12T23:54:54.231085:Chris Rorden's dcm2niiX version v1.0.20211006  GCC10.2.1 x86-64 (64-bit Linux)
INFO: stdout 2022-10-12T23:54:54.231085:Found 55 DICOM file(s)
INFO: stdout 2022-10-12T23:54:54.231085:Warning: Slice timing appears corrupted (range 0..5357.5, TR=4000 ms)
INFO: stdout 2022-10-12T23:54:54.231085:Convert 55 DICOM as /out/sub-voice986/ses-1/func/sub-voice986_ses-1_task-vowel_run-1_bold_heudiconv851 (108x108x65x55)
INFO: stdout 2022-10-12T23:54:59.317125:Compress: "/usr/bin/pigz" -b 960 -n -f -6 "/out/sub-voice986/ses-1/func/sub-voice986_ses-1_task-vowel_run-1_bold_heudiconv851.nii"
INFO: stdout 2022-10-12T23:54:59.317125:Conversion required 10.507092 seconds (0.165056 for core code).
INFO: [Node] Finished "convert", elapsed time 10.567857s.
INFO: Post-treating /out/sub-voice986/ses-1/func/sub-voice986_ses-1_task-vowel_run-1_bold.json file
INFO: Converting /out/sub-voice986/ses-1/func/sub-voice986_ses-1_task-vowel_run-2_bold (55 DICOMs) -> /out/sub-voice986/ses-1/func . Converter: dcm2niix . Output types: ('nii.gz',)
INFO: [Node] Setting-up "convert" in "/tmp/dcm2niixjka80mra/convert".
INFO: [Node] Executing "convert" <nipype.interfaces.dcm2nii.Dcm2niix>
INFO: stdout 2022-10-12T23:54:59.985335:Chris Rorden's dcm2niiX version v1.0.20211006  GCC10.2.1 x86-64 (64-bit Linux)
INFO: stdout 2022-10-12T23:54:59.985335:Found 55 DICOM file(s)
INFO: stdout 2022-10-12T23:54:59.985335:Warning: Slice timing appears corrupted (range 0..5360, TR=4000 ms)
INFO: stdout 2022-10-12T23:54:59.985335:Convert 55 DICOM as /out/sub-voice986/ses-1/func/sub-voice986_ses-1_task-vowel_run-2_bold_heudiconv770 (108x108x65x55)
INFO: stdout 2022-10-12T23:55:09.367965:Compress: "/usr/bin/pigz" -b 960 -n -f -6 "/out/sub-voice986/ses-1/func/sub-voice986_ses-1_task-vowel_run-2_bold_heudiconv770.nii"
INFO: stdout 2022-10-12T23:55:09.367965:Conversion required 9.768063 seconds (0.171682 for core code).
INFO: [Node] Finished "convert", elapsed time 11.899479s.
INFO: Post-treating /out/sub-voice986/ses-1/func/sub-voice986_ses-1_task-vowel_run-2_bold.json file
INFO: Converting /out/sub-voice986/ses-1/func/sub-voice986_ses-1_task-pitchnw_run-1_bold (101 DICOMs) -> /out/sub-voice986/ses-1/func . Converter: dcm2niix . Output types: ('nii.gz',)
INFO: [Node] Setting-up "convert" in "/tmp/dcm2niix8qujizpw/convert".
INFO: [Node] Executing "convert" <nipype.interfaces.dcm2nii.Dcm2niix>
INFO: stdout 2022-10-12T23:55:18.479207:Chris Rorden's dcm2niiX version v1.0.20211006  GCC10.2.1 x86-64 (64-bit Linux)
INFO: stdout 2022-10-12T23:55:18.479207:Found 101 DICOM file(s)
INFO: stdout 2022-10-12T23:55:18.479207:Warning: Slice timing appears corrupted (range 0..5360, TR=2000 ms)
INFO: stdout 2022-10-12T23:55:18.479207:Convert 101 DICOM as /out/sub-voice986/ses-1/func/sub-voice986_ses-1_task-pitchnw_run-1_bold_heudiconv754 (108x108x65x101)
INFO: stdout 2022-10-12T23:55:30.565833:Compress: "/usr/bin/pigz" -b 960 -n -f -6 "/out/sub-voice986/ses-1/func/sub-voice986_ses-1_task-pitchnw_run-1_bold_heudiconv754.nii"
INFO: stdout 2022-10-12T23:55:30.565833:Conversion required 12.747967 seconds (0.278587 for core code).
INFO: [Node] Finished "convert", elapsed time 12.851127s.
INFO: Post-treating /out/sub-voice986/ses-1/func/sub-voice986_ses-1_task-pitchnw_run-1_bold.json file
INFO: Converting /out/sub-voice986/ses-1/func/sub-voice986_ses-1_task-pitchnw_run-2_bold (101 DICOMs) -> /out/sub-voice986/ses-1/func . Converter: dcm2niix . Output types: ('nii.gz',)
INFO: [Node] Setting-up "convert" in "/tmp/dcm2niixw6psk4jw/convert".
INFO: [Node] Executing "convert" <nipype.interfaces.dcm2nii.Dcm2niix>
INFO: stdout 2022-10-12T23:55:31.266453:Chris Rorden's dcm2niiX version v1.0.20211006  GCC10.2.1 x86-64 (64-bit Linux)
INFO: stdout 2022-10-12T23:55:31.266453:Found 101 DICOM file(s)
INFO: stdout 2022-10-12T23:55:31.266453:Warning: Slice timing appears corrupted (range 0..5357.5, TR=2000 ms)
INFO: stdout 2022-10-12T23:55:31.266453:Convert 101 DICOM as /out/sub-voice986/ses-1/func/sub-voice986_ses-1_task-pitchnw_run-2_bold_heudiconv278 (108x108x65x101)
INFO: stdout 2022-10-12T23:55:43.773284:Compress: "/usr/bin/pigz" -b 960 -n -f -6 "/out/sub-voice986/ses-1/func/sub-voice986_ses-1_task-pitchnw_run-2_bold_heudiconv278.nii"
INFO: stdout 2022-10-12T23:55:43.773284:Conversion required 12.907859 seconds (0.289198 for core code).
INFO: [Node] Finished "convert", elapsed time 12.96493s.
INFO: Post-treating /out/sub-voice986/ses-1/func/sub-voice986_ses-1_task-pitchnw_run-2_bold.json file
INFO: Converting /out/sub-voice986/ses-1/func/sub-voice986_ses-1_task-movie_run-1_bold (138 DICOMs) -> /out/sub-voice986/ses-1/func . Converter: dcm2niix . Output types: ('nii.gz',)
INFO: [Node] Setting-up "convert" in "/tmp/dcm2niixijl3_rji/convert".
INFO: [Node] Executing "convert" <nipype.interfaces.dcm2nii.Dcm2niix>
INFO: stdout 2022-10-12T23:55:52.014827:Chris Rorden's dcm2niiX version v1.0.20211006  GCC10.2.1 x86-64 (64-bit Linux)
INFO: stdout 2022-10-12T23:55:52.014827:Found 138 DICOM file(s)
INFO: stdout 2022-10-12T23:55:52.014827:Warning: Slice timing appears corrupted (range 0..5360, TR=1090 ms)
INFO: stdout 2022-10-12T23:55:52.014827:Convert 138 DICOM as /out/sub-voice986/ses-1/func/sub-voice986_ses-1_task-movie_run-1_bold_heudiconv372 (108x108x65x138)
INFO: stdout 2022-10-12T23:56:04.649316:Compress: "/usr/bin/pigz" -b 960 -n -f -6 "/out/sub-voice986/ses-1/func/sub-voice986_ses-1_task-movie_run-1_bold_heudiconv372.nii"
INFO: stdout 2022-10-12T23:56:04.649316:Conversion required 17.817230 seconds (0.326221 for core code).
INFO: [Node] Finished "convert", elapsed time 17.914486s.
INFO: Post-treating /out/sub-voice986/ses-1/func/sub-voice986_ses-1_task-movie_run-1_bold.json file
INFO: Populating template files under /out/
INFO: PROCESSING DONE: {'subject': 'voice986', 'outdir': '/out/', 'session': '1'}
