Submitited subject: voice986
Submitted session: 1
Command:
singularity run -B /om2/scratch/Wed/rfbrito/dicom -B /om2/user/rfbrito/voice_depression/bids_conversion -B /om2/scratch/Wed/rfbrito/bids:/out /om2/user/rfbrito/containers/imaging/heudiconv_latest.sif -d /om2/scratch/Wed/rfbrito/dicom/{subject}/session001*/dicom/Trio*/*.dcm -o /out -f /om2/user/rfbrito/voice_depression/bids_conversion/heuristic.py -c dcm2niix -s voice986 -ss 1 -b --minmeta -g accession_number
['3-SMS5_rsfMRI_PA']
[{'item': '4-Spin_Echo_EPI_PA', 'dir': 'PA'}, {'item': '5-Spin_Echo_EPI_AP', 'dir': 'AP'}]
[{'item': '6-SMS2-diff_b1000_free_11b0_61dirs_PA', 'acq': 'PA'}, {'item': '11-SMS2-diff_b1000_free_4b0_AP', 'acq': 'AP'}]
['15-T1_MPRAGE_Ellison_4e_p2_1mm_iso']
[]
['19-PaTaKa_1_SMS5_Sparse_3x3x3_1640_1000ms', '20-PaTaKa_2_SMS5_Sparse_3x3x3_1640_1000ms']
['23-Sentences_1_SMS5_Sparse_2x2x2_4000_2900ms', '24-Sentences_2_SMS5_Sparse_2x2x2_4000_2900ms', '25-Sentences_3_SMS5_Sparse_2x2x2_4000_2900ms']
['28-Nonword_1_SMS5_Sparse_2x2x2_4000_2900ms', '29-Nonword_2_SMS5_Sparse_2x2x2_4000_2900ms', '30-Nonword_3_SMS5_Sparse_2x2x2_4000_2900ms']
['33-FaceMatch_1_SMS5_Sparse_2x2x2_2000_900ms', '34-FaceMatch_2_SMS5_Sparse_2x2x2_2000_900ms']
['37-EmoSent_1_SMS5_Sparse_2x2x2_4000_2900ms', '38-EmoSent_2_SMS5_Sparse_2x2x2_4000_2900ms']
['41-Vowels_1_SMS5_Sparse_2x2x2_4000_2900ms', '42-Vowels_2_SMS5_Sparse_2x2x2_4000_2900ms']
['45-PitchEmph_1_SMS5_Sparse_2x2x2_2000_900ms', '46-PitchEmph_2_SMS5_Sparse_2x2x2_2000_900ms']
['49-Movie_SMS5_rsfMRI_PA']
221012-23:50:30,368 nipype.utils WARNING:
	 A newer version (1.8.4) of nipy/nipype is available. You are using 1.8.0
221012-23:50:30,536 nipype.workflow INFO:
	 [Node] Setting-up "convert" in "/tmp/dcm2niixknyg_ppc/convert".
221012-23:50:30,646 nipype.workflow INFO:
	 [Node] Executing "convert" <nipype.interfaces.dcm2nii.Dcm2niix>
221012-23:50:31,896 nipype.interface INFO:
	 stdout 2022-10-12T23:50:31.896049:Chris Rorden's dcm2niiX version v1.0.20211006  GCC10.2.1 x86-64 (64-bit Linux)
221012-23:50:31,896 nipype.interface INFO:
	 stdout 2022-10-12T23:50:31.896049:Found 300 DICOM file(s)
221012-23:50:31,896 nipype.interface INFO:
	 stdout 2022-10-12T23:50:31.896049:Warning: Slice timing appears corrupted (range 0..5357.5, TR=1090 ms)
221012-23:50:31,896 nipype.interface INFO:
	 stdout 2022-10-12T23:50:31.896049:Convert 300 DICOM as /out/sub-voice986/ses-1/func/sub-voice986_ses-1_task-rest_run-1_bold_heudiconv774 (108x108x65x300)
221012-23:50:59,858 nipype.interface INFO:
	 stdout 2022-10-12T23:50:59.857934:Compress: "/usr/bin/pigz" -b 960 -n -f -6 "/out/sub-voice986/ses-1/func/sub-voice986_ses-1_task-rest_run-1_bold_heudiconv774.nii"
221012-23:50:59,863 nipype.interface INFO:
	 stdout 2022-10-12T23:50:59.857934:Conversion required 29.112821 seconds (0.728166 for core code).
221012-23:50:59,903 nipype.workflow INFO:
	 [Node] Finished "convert", elapsed time 29.170851s.
221012-23:51:04,262 nipype.workflow INFO:
	 [Node] Setting-up "convert" in "/tmp/dcm2niixmtkg5txw/convert".
221012-23:51:04,315 nipype.workflow INFO:
	 [Node] Executing "convert" <nipype.interfaces.dcm2nii.Dcm2niix>
221012-23:51:05,510 nipype.interface INFO:
	 stdout 2022-10-12T23:51:05.510195:Chris Rorden's dcm2niiX version v1.0.20211006  GCC10.2.1 x86-64 (64-bit Linux)
221012-23:51:05,510 nipype.interface INFO:
	 stdout 2022-10-12T23:51:05.510195:Found 260 DICOM file(s)
221012-23:51:05,510 nipype.interface INFO:
	 stdout 2022-10-12T23:51:05.510195:Convert 260 DICOM as /out/sub-voice986/ses-1/fmap/sub-voice986_ses-1_acq-func_dir-PA_run-1_epi_heudiconv844 (108x108x65x4)
221012-23:51:06,965 nipype.interface INFO:
	 stdout 2022-10-12T23:51:06.965547:Compress: "/usr/bin/pigz" -b 960 -n -f -6 "/out/sub-voice986/ses-1/fmap/sub-voice986_ses-1_acq-func_dir-PA_run-1_epi_heudiconv844.nii"
221012-23:51:06,965 nipype.interface INFO:
	 stdout 2022-10-12T23:51:06.965547:Conversion required 2.603563 seconds (0.136567 for core code).
221012-23:51:07,54 nipype.workflow INFO:
	 [Node] Finished "convert", elapsed time 2.738006s.
221012-23:51:07,759 nipype.workflow INFO:
	 [Node] Setting-up "convert" in "/tmp/dcm2niix0qqp280n/convert".
221012-23:51:07,830 nipype.workflow INFO:
	 [Node] Executing "convert" <nipype.interfaces.dcm2nii.Dcm2niix>
221012-23:51:16,446 nipype.interface INFO:
	 stdout 2022-10-12T23:51:16.446737:Chris Rorden's dcm2niiX version v1.0.20211006  GCC10.2.1 x86-64 (64-bit Linux)
221012-23:51:16,609 nipype.interface INFO:
	 stdout 2022-10-12T23:51:16.446737:Found 260 DICOM file(s)
221012-23:51:16,609 nipype.interface INFO:
	 stdout 2022-10-12T23:51:16.446737:Convert 260 DICOM as /out/sub-voice986/ses-1/fmap/sub-voice986_ses-1_acq-func_dir-AP_run-2_epi_heudiconv638 (108x108x65x4)
221012-23:51:16,932 nipype.interface INFO:
	 stdout 2022-10-12T23:51:16.932192:Compress: "/usr/bin/pigz" -b 960 -n -f -6 "/out/sub-voice986/ses-1/fmap/sub-voice986_ses-1_acq-func_dir-AP_run-2_epi_heudiconv638.nii"
221012-23:51:16,932 nipype.interface INFO:
	 stdout 2022-10-12T23:51:16.932192:Conversion required 9.069778 seconds (0.126882 for core code).
221012-23:51:16,964 nipype.workflow INFO:
	 [Node] Finished "convert", elapsed time 9.133421s.
221012-23:51:17,224 nipype.workflow INFO:
	 [Node] Setting-up "convert" in "/tmp/dcm2niix7nxtl4t4/convert".
221012-23:51:17,244 nipype.workflow INFO:
	 [Node] Executing "convert" <nipype.interfaces.dcm2nii.Dcm2niix>
221012-23:51:18,63 nipype.interface INFO:
	 stdout 2022-10-12T23:51:18.063314:Chris Rorden's dcm2niiX version v1.0.20211006  GCC10.2.1 x86-64 (64-bit Linux)
221012-23:51:18,63 nipype.interface INFO:
	 stdout 2022-10-12T23:51:18.063314:Found 72 DICOM file(s)
221012-23:51:18,63 nipype.interface INFO:
	 stdout 2022-10-12T23:51:18.063314:Warning: Slice timing appears corrupted (range 0..8.63999e+07, TR=4400 ms)
221012-23:51:18,63 nipype.interface INFO:
	 stdout 2022-10-12T23:51:18.063314:Convert 72 DICOM as /out/sub-voice986/ses-1/dwi/sub-voice986_ses-1_acq-PA_dwi_heudiconv729 (120x120x66x72)
221012-23:51:28,898 nipype.interface INFO:
	 stdout 2022-10-12T23:51:28.898569:Compress: "/usr/bin/pigz" -b 960 -n -f -6 "/out/sub-voice986/ses-1/dwi/sub-voice986_ses-1_acq-PA_dwi_heudiconv729.nii"
221012-23:51:29,21 nipype.interface INFO:
	 stdout 2022-10-12T23:51:28.898569:Conversion required 11.619865 seconds (0.298938 for core code).
221012-23:51:30,477 nipype.workflow INFO:
	 [Node] Finished "convert", elapsed time 13.231903s.
221012-23:51:30,871 nipype.workflow INFO:
	 [Node] Setting-up "convert" in "/tmp/dcm2niix84y2n_dx/convert".
221012-23:51:30,876 nipype.workflow INFO:
	 [Node] Executing "convert" <nipype.interfaces.dcm2nii.Dcm2niix>
221012-23:51:31,276 nipype.interface INFO:
	 stdout 2022-10-12T23:51:31.276514:Chris Rorden's dcm2niiX version v1.0.20211006  GCC10.2.1 x86-64 (64-bit Linux)
221012-23:51:31,276 nipype.interface INFO:
	 stdout 2022-10-12T23:51:31.276514:Found 7 DICOM file(s)
221012-23:51:31,277 nipype.interface INFO:
	 stdout 2022-10-12T23:51:31.276514:Warning: Slice timing appears corrupted (range 0..8.63999e+07, TR=4400 ms)
221012-23:51:31,277 nipype.interface INFO:
	 stdout 2022-10-12T23:51:31.276514:Convert 7 DICOM as /out/sub-voice986/ses-1/dwi/sub-voice986_ses-1_acq-AP_dwi_heudiconv940 (120x120x66x7)
221012-23:51:33,414 nipype.interface INFO:
	 stdout 2022-10-12T23:51:33.414573:Compress: "/usr/bin/pigz" -b 960 -n -f -6 "/out/sub-voice986/ses-1/dwi/sub-voice986_ses-1_acq-AP_dwi_heudiconv940.nii"
221012-23:51:33,414 nipype.interface INFO:
	 stdout 2022-10-12T23:51:33.414573:Conversion required 2.506873 seconds (0.041520 for core code).
221012-23:51:33,451 nipype.workflow INFO:
	 [Node] Finished "convert", elapsed time 2.574039s.
221012-23:51:34,8 nipype.workflow INFO:
	 [Node] Setting-up "convert" in "/tmp/dcm2niixthz5m4pj/convert".
221012-23:51:34,54 nipype.workflow INFO:
	 [Node] Executing "convert" <nipype.interfaces.dcm2nii.Dcm2niix>
221012-23:51:39,409 nipype.interface INFO:
	 stdout 2022-10-12T23:51:39.409163:Chris Rorden's dcm2niiX version v1.0.20211006  GCC10.2.1 x86-64 (64-bit Linux)
221012-23:51:39,410 nipype.interface INFO:
	 stdout 2022-10-12T23:51:39.409163:Found 176 DICOM file(s)
221012-23:51:39,410 nipype.interface INFO:
	 stdout 2022-10-12T23:51:39.409163:Convert 176 DICOM as /out/sub-voice986/ses-1/anat/sub-voice986_ses-1_run-1_T1w_heudiconv359 (256x256x176x1)
221012-23:51:41,242 nipype.interface INFO:
	 stdout 2022-10-12T23:51:41.242821:Compress: "/usr/bin/pigz" -b 960 -n -f -6 "/out/sub-voice986/ses-1/anat/sub-voice986_ses-1_run-1_T1w_heudiconv359.nii"
221012-23:51:41,243 nipype.interface INFO:
	 stdout 2022-10-12T23:51:41.242821:Conversion required 7.153163 seconds (0.342044 for core code).
221012-23:51:41,285 nipype.workflow INFO:
	 [Node] Finished "convert", elapsed time 7.229702s.
221012-23:51:41,608 nipype.workflow INFO:
	 [Node] Setting-up "convert" in "/tmp/dcm2niixq01vlb10/convert".
221012-23:51:41,661 nipype.workflow INFO:
	 [Node] Executing "convert" <nipype.interfaces.dcm2nii.Dcm2niix>
221012-23:51:42,844 nipype.interface INFO:
	 stdout 2022-10-12T23:51:42.844498:Chris Rorden's dcm2niiX version v1.0.20211006  GCC10.2.1 x86-64 (64-bit Linux)
221012-23:51:42,844 nipype.interface INFO:
	 stdout 2022-10-12T23:51:42.844498:Found 207 DICOM file(s)
221012-23:51:42,844 nipype.interface INFO:
	 stdout 2022-10-12T23:51:42.844498:Warning: Slice timing appears corrupted (range 0..3137.5, TR=1640 ms)
221012-23:51:42,845 nipype.interface INFO:
	 stdout 2022-10-12T23:51:42.844498:Convert 207 DICOM as /out/sub-voice986/ses-1/func/sub-voice986_ses-1_task-pataka_run-1_bold_heudiconv316 (72x72x45x207)
221012-23:51:51,614 nipype.interface INFO:
	 stdout 2022-10-12T23:51:51.614180:Compress: "/usr/bin/pigz" -b 960 -n -f -6 "/out/sub-voice986/ses-1/func/sub-voice986_ses-1_task-pataka_run-1_bold_heudiconv316.nii"
221012-23:51:52,854 nipype.interface INFO:
	 stdout 2022-10-12T23:51:51.614180:Conversion required 9.917831 seconds (0.281739 for core code).
221012-23:51:53,217 nipype.workflow INFO:
	 [Node] Finished "convert", elapsed time 11.222429s.
221012-23:51:54,68 nipype.workflow INFO:
	 [Node] Setting-up "convert" in "/tmp/dcm2niixjir45f12/convert".
221012-23:51:54,120 nipype.workflow INFO:
	 [Node] Executing "convert" <nipype.interfaces.dcm2nii.Dcm2niix>
221012-23:52:08,473 nipype.interface INFO:
	 stdout 2022-10-12T23:52:08.473231:Chris Rorden's dcm2niiX version v1.0.20211006  GCC10.2.1 x86-64 (64-bit Linux)
221012-23:52:08,476 nipype.interface INFO:
	 stdout 2022-10-12T23:52:08.473231:Found 207 DICOM file(s)
221012-23:52:08,476 nipype.interface INFO:
	 stdout 2022-10-12T23:52:08.473231:Warning: Slice timing appears corrupted (range 0..3135, TR=1640 ms)
221012-23:52:08,476 nipype.interface INFO:
	 stdout 2022-10-12T23:52:08.473231:Convert 207 DICOM as /out/sub-voice986/ses-1/func/sub-voice986_ses-1_task-pataka_run-2_bold_heudiconv371 (72x72x45x207)
221012-23:52:14,507 nipype.interface INFO:
	 stdout 2022-10-12T23:52:14.507030:Compress: "/usr/bin/pigz" -b 960 -n -f -6 "/out/sub-voice986/ses-1/func/sub-voice986_ses-1_task-pataka_run-2_bold_heudiconv371.nii"
221012-23:52:14,508 nipype.interface INFO:
	 stdout 2022-10-12T23:52:14.507030:Conversion required 20.335516 seconds (0.295322 for core code).
221012-23:52:14,557 nipype.workflow INFO:
	 [Node] Finished "convert", elapsed time 20.435129s.
221012-23:52:15,34 nipype.workflow INFO:
	 [Node] Setting-up "convert" in "/tmp/dcm2niixk01egyjq/convert".
221012-23:52:15,54 nipype.workflow INFO:
	 [Node] Executing "convert" <nipype.interfaces.dcm2nii.Dcm2niix>
221012-23:52:15,550 nipype.interface INFO:
	 stdout 2022-10-12T23:52:15.550659:Chris Rorden's dcm2niiX version v1.0.20211006  GCC10.2.1 x86-64 (64-bit Linux)
221012-23:52:15,551 nipype.interface INFO:
	 stdout 2022-10-12T23:52:15.550659:Found 57 DICOM file(s)
221012-23:52:15,551 nipype.interface INFO:
	 stdout 2022-10-12T23:52:15.550659:Warning: Slice timing appears corrupted (range 0..5360, TR=4000 ms)
221012-23:52:15,551 nipype.interface INFO:
	 stdout 2022-10-12T23:52:15.550659:Convert 57 DICOM as /out/sub-voice986/ses-1/func/sub-voice986_ses-1_task-pitchsent_run-1_bold_heudiconv661 (108x108x65x57)
221012-23:52:22,921 nipype.interface INFO:
	 stdout 2022-10-12T23:52:22.921121:Compress: "/usr/bin/pigz" -b 960 -n -f -6 "/out/sub-voice986/ses-1/func/sub-voice986_ses-1_task-pitchsent_run-1_bold_heudiconv661.nii"
221012-23:52:22,959 nipype.interface INFO:
	 stdout 2022-10-12T23:52:22.921121:Conversion required 7.835636 seconds (0.173708 for core code).
221012-23:52:24,973 nipype.workflow INFO:
	 [Node] Finished "convert", elapsed time 9.917894s.
221012-23:52:31,87 nipype.workflow INFO:
	 [Node] Setting-up "convert" in "/tmp/dcm2niixj3s477sm/convert".
221012-23:52:31,105 nipype.workflow INFO:
	 [Node] Executing "convert" <nipype.interfaces.dcm2nii.Dcm2niix>
221012-23:52:33,17 nipype.interface INFO:
	 stdout 2022-10-12T23:52:33.017470:Chris Rorden's dcm2niiX version v1.0.20211006  GCC10.2.1 x86-64 (64-bit Linux)
221012-23:52:33,17 nipype.interface INFO:
	 stdout 2022-10-12T23:52:33.017470:Found 57 DICOM file(s)
221012-23:52:33,17 nipype.interface INFO:
	 stdout 2022-10-12T23:52:33.017470:Warning: Slice timing appears corrupted (range 0..5360, TR=4000 ms)
221012-23:52:33,17 nipype.interface INFO:
	 stdout 2022-10-12T23:52:33.017470:Convert 57 DICOM as /out/sub-voice986/ses-1/func/sub-voice986_ses-1_task-pitchsent_run-2_bold_heudiconv027 (108x108x65x57)
221012-23:52:41,735 nipype.interface INFO:
	 stdout 2022-10-12T23:52:41.735937:Compress: "/usr/bin/pigz" -b 960 -n -f -6 "/out/sub-voice986/ses-1/func/sub-voice986_ses-1_task-pitchsent_run-2_bold_heudiconv027.nii"
221012-23:52:41,952 nipype.interface INFO:
	 stdout 2022-10-12T23:52:41.735937:Conversion required 10.575283 seconds (0.168317 for core code).
221012-23:52:41,993 nipype.workflow INFO:
	 [Node] Finished "convert", elapsed time 10.886973s.
221012-23:52:42,580 nipype.workflow INFO:
	 [Node] Setting-up "convert" in "/tmp/dcm2niixq79xfmn_/convert".
221012-23:52:42,594 nipype.workflow INFO:
	 [Node] Executing "convert" <nipype.interfaces.dcm2nii.Dcm2niix>
221012-23:52:47,659 nipype.interface INFO:
	 stdout 2022-10-12T23:52:47.659535:Chris Rorden's dcm2niiX version v1.0.20211006  GCC10.2.1 x86-64 (64-bit Linux)
221012-23:52:47,850 nipype.interface INFO:
	 stdout 2022-10-12T23:52:47.659535:Found 57 DICOM file(s)
221012-23:52:47,850 nipype.interface INFO:
	 stdout 2022-10-12T23:52:47.659535:Warning: Slice timing appears corrupted (range 0..5360, TR=4000 ms)
221012-23:52:47,850 nipype.interface INFO:
	 stdout 2022-10-12T23:52:47.659535:Convert 57 DICOM as /out/sub-voice986/ses-1/func/sub-voice986_ses-1_task-pitchsent_run-3_bold_heudiconv099 (108x108x65x57)
221012-23:52:52,746 nipype.interface INFO:
	 stdout 2022-10-12T23:52:52.746369:Compress: "/usr/bin/pigz" -b 960 -n -f -6 "/out/sub-voice986/ses-1/func/sub-voice986_ses-1_task-pitchsent_run-3_bold_heudiconv099.nii"
221012-23:52:52,746 nipype.interface INFO:
	 stdout 2022-10-12T23:52:52.746369:Conversion required 10.084471 seconds (0.172676 for core code).
221012-23:52:52,783 nipype.workflow INFO:
	 [Node] Finished "convert", elapsed time 10.188326s.
221012-23:52:53,162 nipype.workflow INFO:
	 [Node] Setting-up "convert" in "/tmp/dcm2niixlce4plo2/convert".
221012-23:52:53,176 nipype.workflow INFO:
	 [Node] Executing "convert" <nipype.interfaces.dcm2nii.Dcm2niix>
221012-23:52:53,581 nipype.interface INFO:
	 stdout 2022-10-12T23:52:53.581290:Chris Rorden's dcm2niiX version v1.0.20211006  GCC10.2.1 x86-64 (64-bit Linux)
221012-23:52:53,581 nipype.interface INFO:
	 stdout 2022-10-12T23:52:53.581290:Found 42 DICOM file(s)
221012-23:52:53,581 nipype.interface INFO:
	 stdout 2022-10-12T23:52:53.581290:Warning: Slice timing appears corrupted (range 0..5357.5, TR=4000 ms)
221012-23:52:53,581 nipype.interface INFO:
	 stdout 2022-10-12T23:52:53.581290:Convert 42 DICOM as /out/sub-voice986/ses-1/func/sub-voice986_ses-1_task-nwr_run-1_bold_heudiconv285 (108x108x65x42)
221012-23:52:59,20 nipype.interface INFO:
	 stdout 2022-10-12T23:52:59.020140:Compress: "/usr/bin/pigz" -b 960 -n -f -6 "/out/sub-voice986/ses-1/func/sub-voice986_ses-1_task-nwr_run-1_bold_heudiconv285.nii"
221012-23:52:59,21 nipype.interface INFO:
	 stdout 2022-10-12T23:52:59.020140:Conversion required 5.814287 seconds (0.113173 for core code).
221012-23:52:59,59 nipype.workflow INFO:
	 [Node] Finished "convert", elapsed time 5.881988s.
221012-23:52:59,379 nipype.workflow INFO:
	 [Node] Setting-up "convert" in "/tmp/dcm2niixsqnw081s/convert".
221012-23:52:59,392 nipype.workflow INFO:
	 [Node] Executing "convert" <nipype.interfaces.dcm2nii.Dcm2niix>
221012-23:53:03,2 nipype.interface INFO:
	 stdout 2022-10-12T23:53:03.002054:Chris Rorden's dcm2niiX version v1.0.20211006  GCC10.2.1 x86-64 (64-bit Linux)
221012-23:53:03,5 nipype.interface INFO:
	 stdout 2022-10-12T23:53:03.002054:Found 42 DICOM file(s)
221012-23:53:03,5 nipype.interface INFO:
	 stdout 2022-10-12T23:53:03.002054:Warning: Slice timing appears corrupted (range 0..5360, TR=4000 ms)
221012-23:53:03,5 nipype.interface INFO:
	 stdout 2022-10-12T23:53:03.002054:Convert 42 DICOM as /out/sub-voice986/ses-1/func/sub-voice986_ses-1_task-nwr_run-2_bold_heudiconv759 (108x108x65x42)
221012-23:53:11,151 nipype.interface INFO:
	 stdout 2022-10-12T23:53:11.151049:Compress: "/usr/bin/pigz" -b 960 -n -f -6 "/out/sub-voice986/ses-1/func/sub-voice986_ses-1_task-nwr_run-2_bold_heudiconv759.nii"
221012-23:53:11,190 nipype.interface INFO:
	 stdout 2022-10-12T23:53:11.151049:Conversion required 11.736380 seconds (0.156743 for core code).
221012-23:53:11,255 nipype.workflow INFO:
	 [Node] Finished "convert", elapsed time 11.861989s.
221012-23:53:13,855 nipype.workflow INFO:
	 [Node] Setting-up "convert" in "/tmp/dcm2niixadzyqe79/convert".
221012-23:53:13,866 nipype.workflow INFO:
	 [Node] Executing "convert" <nipype.interfaces.dcm2nii.Dcm2niix>
221012-23:53:18,563 nipype.interface INFO:
	 stdout 2022-10-12T23:53:18.563134:Chris Rorden's dcm2niiX version v1.0.20211006  GCC10.2.1 x86-64 (64-bit Linux)
221012-23:53:18,788 nipype.interface INFO:
	 stdout 2022-10-12T23:53:18.563134:Found 42 DICOM file(s)
221012-23:53:18,789 nipype.interface INFO:
	 stdout 2022-10-12T23:53:18.563134:Warning: Slice timing appears corrupted (range 0..5360, TR=4000 ms)
221012-23:53:18,789 nipype.interface INFO:
	 stdout 2022-10-12T23:53:18.563134:Convert 42 DICOM as /out/sub-voice986/ses-1/func/sub-voice986_ses-1_task-nwr_run-3_bold_heudiconv567 (108x108x65x42)
221012-23:53:27,540 nipype.interface INFO:
	 stdout 2022-10-12T23:53:27.540113:Compress: "/usr/bin/pigz" -b 960 -n -f -6 "/out/sub-voice986/ses-1/func/sub-voice986_ses-1_task-nwr_run-3_bold_heudiconv567.nii"
221012-23:53:28,813 nipype.interface INFO:
	 stdout 2022-10-12T23:53:27.540113:Conversion required 13.612019 seconds (0.108060 for core code).
221012-23:53:31,582 nipype.workflow INFO:
	 [Node] Finished "convert", elapsed time 17.715442s.
221012-23:53:37,74 nipype.workflow INFO:
	 [Node] Setting-up "convert" in "/tmp/dcm2niixsvppai2x/convert".
221012-23:53:37,97 nipype.workflow INFO:
	 [Node] Executing "convert" <nipype.interfaces.dcm2nii.Dcm2niix>
221012-23:53:39,793 nipype.interface INFO:
	 stdout 2022-10-12T23:53:39.793694:Chris Rorden's dcm2niiX version v1.0.20211006  GCC10.2.1 x86-64 (64-bit Linux)
221012-23:53:39,794 nipype.interface INFO:
	 stdout 2022-10-12T23:53:39.793694:Found 99 DICOM file(s)
221012-23:53:39,794 nipype.interface INFO:
	 stdout 2022-10-12T23:53:39.793694:Warning: Slice timing appears corrupted (range 0..5360, TR=2000 ms)
221012-23:53:39,794 nipype.interface INFO:
	 stdout 2022-10-12T23:53:39.793694:Convert 99 DICOM as /out/sub-voice986/ses-1/func/sub-voice986_ses-1_task-facematch_run-1_bold_heudiconv443 (108x108x65x99)
221012-23:53:53,663 nipype.interface INFO:
	 stdout 2022-10-12T23:53:53.663727:Compress: "/usr/bin/pigz" -b 960 -n -f -6 "/out/sub-voice986/ses-1/func/sub-voice986_ses-1_task-facematch_run-1_bold_heudiconv443.nii"
221012-23:53:54,80 nipype.interface INFO:
	 stdout 2022-10-12T23:53:53.663727:Conversion required 16.551785 seconds (0.261975 for core code).
221012-23:53:54,118 nipype.workflow INFO:
	 [Node] Finished "convert", elapsed time 17.020026s.
221012-23:53:55,42 nipype.workflow INFO:
	 [Node] Setting-up "convert" in "/tmp/dcm2niixlxcvujm5/convert".
221012-23:53:55,69 nipype.workflow INFO:
	 [Node] Executing "convert" <nipype.interfaces.dcm2nii.Dcm2niix>
221012-23:53:59,976 nipype.interface INFO:
	 stdout 2022-10-12T23:53:59.976170:Chris Rorden's dcm2niiX version v1.0.20211006  GCC10.2.1 x86-64 (64-bit Linux)
221012-23:54:00,959 nipype.interface INFO:
	 stdout 2022-10-12T23:53:59.976170:Found 99 DICOM file(s)
221012-23:54:00,959 nipype.interface INFO:
	 stdout 2022-10-12T23:53:59.976170:Warning: Slice timing appears corrupted (range 0..5360, TR=2000 ms)
221012-23:54:00,959 nipype.interface INFO:
	 stdout 2022-10-12T23:53:59.976170:Convert 99 DICOM as /out/sub-voice986/ses-1/func/sub-voice986_ses-1_task-facematch_run-2_bold_heudiconv974 (108x108x65x99)
221012-23:54:21,72 nipype.interface INFO:
	 stdout 2022-10-12T23:54:21.072018:Compress: "/usr/bin/pigz" -b 960 -n -f -6 "/out/sub-voice986/ses-1/func/sub-voice986_ses-1_task-facematch_run-2_bold_heudiconv974.nii"
221012-23:54:21,996 nipype.interface INFO:
	 stdout 2022-10-12T23:54:21.072018:Conversion required 25.974473 seconds (0.254033 for core code).
221012-23:54:22,31 nipype.workflow INFO:
	 [Node] Finished "convert", elapsed time 26.960827s.
221012-23:54:22,469 nipype.workflow INFO:
	 [Node] Setting-up "convert" in "/tmp/dcm2niixavgu34i2/convert".
221012-23:54:22,482 nipype.workflow INFO:
	 [Node] Executing "convert" <nipype.interfaces.dcm2nii.Dcm2niix>
221012-23:54:24,706 nipype.interface INFO:
	 stdout 2022-10-12T23:54:24.706513:Chris Rorden's dcm2niiX version v1.0.20211006  GCC10.2.1 x86-64 (64-bit Linux)
221012-23:54:24,706 nipype.interface INFO:
	 stdout 2022-10-12T23:54:24.706513:Found 42 DICOM file(s)
221012-23:54:24,707 nipype.interface INFO:
	 stdout 2022-10-12T23:54:24.706513:Warning: Slice timing appears corrupted (range 0..5357.5, TR=4000 ms)
221012-23:54:24,707 nipype.interface INFO:
	 stdout 2022-10-12T23:54:24.706513:Convert 42 DICOM as /out/sub-voice986/ses-1/func/sub-voice986_ses-1_task-emosent_run-1_bold_heudiconv004 (108x108x65x42)
221012-23:54:29,877 nipype.interface INFO:
	 stdout 2022-10-12T23:54:29.877454:Compress: "/usr/bin/pigz" -b 960 -n -f -6 "/out/sub-voice986/ses-1/func/sub-voice986_ses-1_task-emosent_run-1_bold_heudiconv004.nii"
221012-23:54:29,982 nipype.interface INFO:
	 stdout 2022-10-12T23:54:29.877454:Conversion required 7.371153 seconds (0.115716 for core code).
221012-23:54:30,15 nipype.workflow INFO:
	 [Node] Finished "convert", elapsed time 7.532624s.
221012-23:54:30,218 nipype.workflow INFO:
	 [Node] Setting-up "convert" in "/tmp/dcm2niixo14clvi0/convert".
221012-23:54:30,231 nipype.workflow INFO:
	 [Node] Executing "convert" <nipype.interfaces.dcm2nii.Dcm2niix>
221012-23:54:30,439 nipype.interface INFO:
	 stdout 2022-10-12T23:54:30.439594:Chris Rorden's dcm2niiX version v1.0.20211006  GCC10.2.1 x86-64 (64-bit Linux)
221012-23:54:30,440 nipype.interface INFO:
	 stdout 2022-10-12T23:54:30.439594:Found 42 DICOM file(s)
221012-23:54:30,440 nipype.interface INFO:
	 stdout 2022-10-12T23:54:30.439594:Warning: Slice timing appears corrupted (range 0..5360, TR=4000 ms)
221012-23:54:30,440 nipype.interface INFO:
	 stdout 2022-10-12T23:54:30.439594:Convert 42 DICOM as /out/sub-voice986/ses-1/func/sub-voice986_ses-1_task-emosent_run-2_bold_heudiconv793 (108x108x65x42)
221012-23:54:40,917 nipype.interface INFO:
	 stdout 2022-10-12T23:54:40.917117:Compress: "/usr/bin/pigz" -b 960 -n -f -6 "/out/sub-voice986/ses-1/func/sub-voice986_ses-1_task-emosent_run-2_bold_heudiconv793.nii"
221012-23:54:43,378 nipype.interface INFO:
	 stdout 2022-10-12T23:54:40.917117:Conversion required 10.666709 seconds (0.110281 for core code).
221012-23:54:45,832 nipype.workflow INFO:
	 [Node] Finished "convert", elapsed time 15.6009s.
221012-23:54:48,769 nipype.workflow INFO:
	 [Node] Setting-up "convert" in "/tmp/dcm2niixlsc8nphl/convert".
221012-23:54:48,785 nipype.workflow INFO:
	 [Node] Executing "convert" <nipype.interfaces.dcm2nii.Dcm2niix>
221012-23:54:54,231 nipype.interface INFO:
	 stdout 2022-10-12T23:54:54.231085:Chris Rorden's dcm2niiX version v1.0.20211006  GCC10.2.1 x86-64 (64-bit Linux)
221012-23:54:54,669 nipype.interface INFO:
	 stdout 2022-10-12T23:54:54.231085:Found 55 DICOM file(s)
221012-23:54:54,669 nipype.interface INFO:
	 stdout 2022-10-12T23:54:54.231085:Warning: Slice timing appears corrupted (range 0..5357.5, TR=4000 ms)
221012-23:54:54,669 nipype.interface INFO:
	 stdout 2022-10-12T23:54:54.231085:Convert 55 DICOM as /out/sub-voice986/ses-1/func/sub-voice986_ses-1_task-vowel_run-1_bold_heudiconv851 (108x108x65x55)
221012-23:54:59,317 nipype.interface INFO:
	 stdout 2022-10-12T23:54:59.317125:Compress: "/usr/bin/pigz" -b 960 -n -f -6 "/out/sub-voice986/ses-1/func/sub-voice986_ses-1_task-vowel_run-1_bold_heudiconv851.nii"
221012-23:54:59,317 nipype.interface INFO:
	 stdout 2022-10-12T23:54:59.317125:Conversion required 10.507092 seconds (0.165056 for core code).
221012-23:54:59,354 nipype.workflow INFO:
	 [Node] Finished "convert", elapsed time 10.567857s.
221012-23:54:59,557 nipype.workflow INFO:
	 [Node] Setting-up "convert" in "/tmp/dcm2niixjka80mra/convert".
221012-23:54:59,574 nipype.workflow INFO:
	 [Node] Executing "convert" <nipype.interfaces.dcm2nii.Dcm2niix>
221012-23:54:59,985 nipype.interface INFO:
	 stdout 2022-10-12T23:54:59.985335:Chris Rorden's dcm2niiX version v1.0.20211006  GCC10.2.1 x86-64 (64-bit Linux)
221012-23:54:59,985 nipype.interface INFO:
	 stdout 2022-10-12T23:54:59.985335:Found 55 DICOM file(s)
221012-23:54:59,985 nipype.interface INFO:
	 stdout 2022-10-12T23:54:59.985335:Warning: Slice timing appears corrupted (range 0..5360, TR=4000 ms)
221012-23:54:59,985 nipype.interface INFO:
	 stdout 2022-10-12T23:54:59.985335:Convert 55 DICOM as /out/sub-voice986/ses-1/func/sub-voice986_ses-1_task-vowel_run-2_bold_heudiconv770 (108x108x65x55)
221012-23:55:09,368 nipype.interface INFO:
	 stdout 2022-10-12T23:55:09.367965:Compress: "/usr/bin/pigz" -b 960 -n -f -6 "/out/sub-voice986/ses-1/func/sub-voice986_ses-1_task-vowel_run-2_bold_heudiconv770.nii"
221012-23:55:09,368 nipype.interface INFO:
	 stdout 2022-10-12T23:55:09.367965:Conversion required 9.768063 seconds (0.171682 for core code).
221012-23:55:11,475 nipype.workflow INFO:
	 [Node] Finished "convert", elapsed time 11.899479s.
221012-23:55:17,699 nipype.workflow INFO:
	 [Node] Setting-up "convert" in "/tmp/dcm2niix8qujizpw/convert".
221012-23:55:17,753 nipype.workflow INFO:
	 [Node] Executing "convert" <nipype.interfaces.dcm2nii.Dcm2niix>
221012-23:55:18,479 nipype.interface INFO:
	 stdout 2022-10-12T23:55:18.479207:Chris Rorden's dcm2niiX version v1.0.20211006  GCC10.2.1 x86-64 (64-bit Linux)
221012-23:55:18,479 nipype.interface INFO:
	 stdout 2022-10-12T23:55:18.479207:Found 101 DICOM file(s)
221012-23:55:18,479 nipype.interface INFO:
	 stdout 2022-10-12T23:55:18.479207:Warning: Slice timing appears corrupted (range 0..5360, TR=2000 ms)
221012-23:55:18,479 nipype.interface INFO:
	 stdout 2022-10-12T23:55:18.479207:Convert 101 DICOM as /out/sub-voice986/ses-1/func/sub-voice986_ses-1_task-pitchnw_run-1_bold_heudiconv754 (108x108x65x101)
221012-23:55:30,565 nipype.interface INFO:
	 stdout 2022-10-12T23:55:30.565833:Compress: "/usr/bin/pigz" -b 960 -n -f -6 "/out/sub-voice986/ses-1/func/sub-voice986_ses-1_task-pitchnw_run-1_bold_heudiconv754.nii"
221012-23:55:30,566 nipype.interface INFO:
	 stdout 2022-10-12T23:55:30.565833:Conversion required 12.747967 seconds (0.278587 for core code).
221012-23:55:30,606 nipype.workflow INFO:
	 [Node] Finished "convert", elapsed time 12.851127s.
221012-23:55:30,813 nipype.workflow INFO:
	 [Node] Setting-up "convert" in "/tmp/dcm2niixw6psk4jw/convert".
221012-23:55:30,841 nipype.workflow INFO:
	 [Node] Executing "convert" <nipype.interfaces.dcm2nii.Dcm2niix>
221012-23:55:31,266 nipype.interface INFO:
	 stdout 2022-10-12T23:55:31.266453:Chris Rorden's dcm2niiX version v1.0.20211006  GCC10.2.1 x86-64 (64-bit Linux)
221012-23:55:31,266 nipype.interface INFO:
	 stdout 2022-10-12T23:55:31.266453:Found 101 DICOM file(s)
221012-23:55:31,266 nipype.interface INFO:
	 stdout 2022-10-12T23:55:31.266453:Warning: Slice timing appears corrupted (range 0..5357.5, TR=2000 ms)
221012-23:55:31,266 nipype.interface INFO:
	 stdout 2022-10-12T23:55:31.266453:Convert 101 DICOM as /out/sub-voice986/ses-1/func/sub-voice986_ses-1_task-pitchnw_run-2_bold_heudiconv278 (108x108x65x101)
221012-23:55:43,773 nipype.interface INFO:
	 stdout 2022-10-12T23:55:43.773284:Compress: "/usr/bin/pigz" -b 960 -n -f -6 "/out/sub-voice986/ses-1/func/sub-voice986_ses-1_task-pitchnw_run-2_bold_heudiconv278.nii"
221012-23:55:43,773 nipype.interface INFO:
	 stdout 2022-10-12T23:55:43.773284:Conversion required 12.907859 seconds (0.289198 for core code).
221012-23:55:43,807 nipype.workflow INFO:
	 [Node] Finished "convert", elapsed time 12.96493s.
221012-23:55:46,727 nipype.workflow INFO:
	 [Node] Setting-up "convert" in "/tmp/dcm2niixijl3_rji/convert".
221012-23:55:46,758 nipype.workflow INFO:
	 [Node] Executing "convert" <nipype.interfaces.dcm2nii.Dcm2niix>
221012-23:55:52,14 nipype.interface INFO:
	 stdout 2022-10-12T23:55:52.014827:Chris Rorden's dcm2niiX version v1.0.20211006  GCC10.2.1 x86-64 (64-bit Linux)
221012-23:55:52,481 nipype.interface INFO:
	 stdout 2022-10-12T23:55:52.014827:Found 138 DICOM file(s)
221012-23:55:52,481 nipype.interface INFO:
	 stdout 2022-10-12T23:55:52.014827:Warning: Slice timing appears corrupted (range 0..5360, TR=1090 ms)
221012-23:55:52,482 nipype.interface INFO:
	 stdout 2022-10-12T23:55:52.014827:Convert 138 DICOM as /out/sub-voice986/ses-1/func/sub-voice986_ses-1_task-movie_run-1_bold_heudiconv372 (108x108x65x138)
221012-23:56:04,649 nipype.interface INFO:
	 stdout 2022-10-12T23:56:04.649316:Compress: "/usr/bin/pigz" -b 960 -n -f -6 "/out/sub-voice986/ses-1/func/sub-voice986_ses-1_task-movie_run-1_bold_heudiconv372.nii"
221012-23:56:04,678 nipype.interface INFO:
	 stdout 2022-10-12T23:56:04.649316:Conversion required 17.817230 seconds (0.326221 for core code).
221012-23:56:04,722 nipype.workflow INFO:
	 [Node] Finished "convert", elapsed time 17.914486s.
DONE
