INFO: Running heudiconv version 0.11.3+d20220512 latest 0.11.4
INFO: Need to process 1 study sessions
INFO: PROCESSING STARTS: {'subject': 'voice963', 'outdir': '/out/', 'session': '1'}
INFO: Processing 4268 dicoms
INFO: Analyzing 4268 dicoms
INFO: Generated sequence info for 39 accession numbers with 4268 entries total
INFO: Doing conversion using dcm2niix
INFO: Converting /out/sub-voice963/ses-1/func/sub-voice963_ses-1_task-rest_run-1_bold (300 DICOMs) -> /out/sub-voice963/ses-1/func . Converter: dcm2niix . Output types: ('nii.gz',)
WARNING: A newer version (1.8.4) of nipy/nipype is available. You are using 1.8.0
INFO: [Node] Setting-up "convert" in "/tmp/dcm2niix73c26u18/convert".
INFO: [Node] Executing "convert" <nipype.interfaces.dcm2nii.Dcm2niix>
INFO: stdout 2022-10-12T23:40:19.036819:Chris Rorden's dcm2niiX version v1.0.20211006  GCC10.2.1 x86-64 (64-bit Linux)
INFO: stdout 2022-10-12T23:40:19.036819:Found 300 DICOM file(s)
INFO: stdout 2022-10-12T23:40:19.036819:Warning: Slice timing appears corrupted (range 0..5360, TR=1090 ms)
INFO: stdout 2022-10-12T23:40:19.036819:Convert 300 DICOM as /out/sub-voice963/ses-1/func/sub-voice963_ses-1_task-rest_run-1_bold_heudiconv345 (108x108x65x300)
INFO: stdout 2022-10-12T23:40:56.824866:Compress: "/usr/bin/pigz" -b 960 -n -f -6 "/out/sub-voice963/ses-1/func/sub-voice963_ses-1_task-rest_run-1_bold_heudiconv345.nii"
INFO: stdout 2022-10-12T23:40:56.824866:Conversion required 41.569161 seconds (1.452976 for core code).
INFO: [Node] Finished "convert", elapsed time 41.643785s.
INFO: Post-treating /out/sub-voice963/ses-1/func/sub-voice963_ses-1_task-rest_run-1_bold.json file
INFO: Converting /out/sub-voice963/ses-1/fmap/sub-voice963_ses-1_acq-func_dir-PA_run-1_epi (260 DICOMs) -> /out/sub-voice963/ses-1/fmap . Converter: dcm2niix . Output types: ('nii.gz',)
INFO: [Node] Setting-up "convert" in "/tmp/dcm2niixcikzvd3y/convert".
INFO: [Node] Executing "convert" <nipype.interfaces.dcm2nii.Dcm2niix>
INFO: stdout 2022-10-12T23:40:58.918202:Chris Rorden's dcm2niiX version v1.0.20211006  GCC10.2.1 x86-64 (64-bit Linux)
INFO: stdout 2022-10-12T23:40:58.918202:Found 260 DICOM file(s)
INFO: stdout 2022-10-12T23:40:58.918202:Convert 260 DICOM as /out/sub-voice963/ses-1/fmap/sub-voice963_ses-1_acq-func_dir-PA_run-1_epi_heudiconv749 (108x108x65x4)
INFO: stdout 2022-10-12T23:40:59.481371:Compress: "/usr/bin/pigz" -b 960 -n -f -6 "/out/sub-voice963/ses-1/fmap/sub-voice963_ses-1_acq-func_dir-PA_run-1_epi_heudiconv749.nii"
INFO: stdout 2022-10-12T23:40:59.481371:Conversion required 1.846839 seconds (0.331544 for core code).
INFO: [Node] Finished "convert", elapsed time 1.913952s.
WARNING: Failed to find task field in /out/sub-voice963/ses-1/fmap/sub-voice963_ses-1_acq-func_dir-PA_run-1_epi.json.
INFO: Post-treating /out/sub-voice963/ses-1/fmap/sub-voice963_ses-1_acq-func_dir-PA_run-1_epi.json file
INFO: Converting /out/sub-voice963/ses-1/fmap/sub-voice963_ses-1_acq-func_dir-AP_run-2_epi (260 DICOMs) -> /out/sub-voice963/ses-1/fmap . Converter: dcm2niix . Output types: ('nii.gz',)
INFO: [Node] Setting-up "convert" in "/tmp/dcm2niix7t4p46fu/convert".
INFO: [Node] Executing "convert" <nipype.interfaces.dcm2nii.Dcm2niix>
INFO: stdout 2022-10-12T23:41:01.932644:Chris Rorden's dcm2niiX version v1.0.20211006  GCC10.2.1 x86-64 (64-bit Linux)
INFO: stdout 2022-10-12T23:41:01.932644:Found 260 DICOM file(s)
INFO: stdout 2022-10-12T23:41:01.932644:Convert 260 DICOM as /out/sub-voice963/ses-1/fmap/sub-voice963_ses-1_acq-func_dir-AP_run-2_epi_heudiconv219 (108x108x65x4)
INFO: stdout 2022-10-12T23:41:02.584267:Compress: "/usr/bin/pigz" -b 960 -n -f -6 "/out/sub-voice963/ses-1/fmap/sub-voice963_ses-1_acq-func_dir-AP_run-2_epi_heudiconv219.nii"
INFO: stdout 2022-10-12T23:41:02.584267:Conversion required 2.433923 seconds (0.313234 for core code).
INFO: [Node] Finished "convert", elapsed time 2.5138920000000002s.
WARNING: Failed to find task field in /out/sub-voice963/ses-1/fmap/sub-voice963_ses-1_acq-func_dir-AP_run-2_epi.json.
INFO: Post-treating /out/sub-voice963/ses-1/fmap/sub-voice963_ses-1_acq-func_dir-AP_run-2_epi.json file
INFO: Converting /out/sub-voice963/ses-1/dwi/sub-voice963_ses-1_acq-PA_dwi (72 DICOMs) -> /out/sub-voice963/ses-1/dwi . Converter: dcm2niix . Output types: ('nii.gz',)
INFO: [Node] Setting-up "convert" in "/tmp/dcm2niixffq7jpuz/convert".
INFO: [Node] Executing "convert" <nipype.interfaces.dcm2nii.Dcm2niix>
INFO: stdout 2022-10-12T23:41:04.618828:Chris Rorden's dcm2niiX version v1.0.20211006  GCC10.2.1 x86-64 (64-bit Linux)
INFO: stdout 2022-10-12T23:41:04.618828:Found 72 DICOM file(s)
INFO: stdout 2022-10-12T23:41:04.618828:Warning: Slice timing appears corrupted (range 0..8.63999e+07, TR=4400 ms)
INFO: stdout 2022-10-12T23:41:04.618828:Convert 72 DICOM as /out/sub-voice963/ses-1/dwi/sub-voice963_ses-1_acq-PA_dwi_heudiconv004 (120x120x66x72)
INFO: stdout 2022-10-12T23:41:15.658467:Compress: "/usr/bin/pigz" -b 960 -n -f -6 "/out/sub-voice963/ses-1/dwi/sub-voice963_ses-1_acq-PA_dwi_heudiconv004.nii"
INFO: stdout 2022-10-12T23:41:15.658467:Conversion required 12.653577 seconds (0.487325 for core code).
INFO: [Node] Finished "convert", elapsed time 12.714921s.
WARNING: Failed to find task field in /out/sub-voice963/ses-1/dwi/sub-voice963_ses-1_acq-PA_dwi.json.
INFO: Post-treating /out/sub-voice963/ses-1/dwi/sub-voice963_ses-1_acq-PA_dwi.json file
INFO: Converting /out/sub-voice963/ses-1/dwi/sub-voice963_ses-1_acq-AP_dwi (7 DICOMs) -> /out/sub-voice963/ses-1/dwi . Converter: dcm2niix . Output types: ('nii.gz',)
INFO: [Node] Setting-up "convert" in "/tmp/dcm2niix3g9jlqt8/convert".
INFO: [Node] Executing "convert" <nipype.interfaces.dcm2nii.Dcm2niix>
INFO: stdout 2022-10-12T23:41:16.207160:Chris Rorden's dcm2niiX version v1.0.20211006  GCC10.2.1 x86-64 (64-bit Linux)
INFO: stdout 2022-10-12T23:41:16.207160:Found 7 DICOM file(s)
INFO: stdout 2022-10-12T23:41:16.207160:Warning: Slice timing appears corrupted (range 0..8.63999e+07, TR=4400 ms)
INFO: stdout 2022-10-12T23:41:16.207160:Convert 7 DICOM as /out/sub-voice963/ses-1/dwi/sub-voice963_ses-1_acq-AP_dwi_heudiconv272 (120x120x66x7)
INFO: stdout 2022-10-12T23:41:17.306557:Compress: "/usr/bin/pigz" -b 960 -n -f -6 "/out/sub-voice963/ses-1/dwi/sub-voice963_ses-1_acq-AP_dwi_heudiconv272.nii"
INFO: stdout 2022-10-12T23:41:17.306557:Conversion required 1.283035 seconds (0.064555 for core code).
INFO: [Node] Finished "convert", elapsed time 1.348414s.
WARNING: Failed to find task field in /out/sub-voice963/ses-1/dwi/sub-voice963_ses-1_acq-AP_dwi.json.
INFO: Post-treating /out/sub-voice963/ses-1/dwi/sub-voice963_ses-1_acq-AP_dwi.json file
INFO: Converting /out/sub-voice963/ses-1/anat/sub-voice963_ses-1_run-1_T1w (176 DICOMs) -> /out/sub-voice963/ses-1/anat . Converter: dcm2niix . Output types: ('nii.gz',)
INFO: [Node] Setting-up "convert" in "/tmp/dcm2niixnkbe3lnf/convert".
INFO: [Node] Executing "convert" <nipype.interfaces.dcm2nii.Dcm2niix>
INFO: stdout 2022-10-12T23:41:19.353488:Chris Rorden's dcm2niiX version v1.0.20211006  GCC10.2.1 x86-64 (64-bit Linux)
INFO: stdout 2022-10-12T23:41:19.353488:Found 176 DICOM file(s)
INFO: stdout 2022-10-12T23:41:19.353488:Convert 176 DICOM as /out/sub-voice963/ses-1/anat/sub-voice963_ses-1_run-1_T1w_heudiconv114 (256x256x176x1)
INFO: stdout 2022-10-12T23:41:21.666933:Compress: "/usr/bin/pigz" -b 960 -n -f -6 "/out/sub-voice963/ses-1/anat/sub-voice963_ses-1_run-1_T1w_heudiconv114.nii"
INFO: stdout 2022-10-12T23:41:21.666933:Conversion required 3.242196 seconds (0.455992 for core code).
INFO: [Node] Finished "convert", elapsed time 3.425895s.
WARNING: Failed to find task field in /out/sub-voice963/ses-1/anat/sub-voice963_ses-1_run-1_T1w.json.
INFO: Post-treating /out/sub-voice963/ses-1/anat/sub-voice963_ses-1_run-1_T1w.json file
INFO: Converting /out/sub-voice963/ses-1/func/sub-voice963_ses-1_task-pataka_run-1_bold (207 DICOMs) -> /out/sub-voice963/ses-1/func . Converter: dcm2niix . Output types: ('nii.gz',)
INFO: [Node] Setting-up "convert" in "/tmp/dcm2niixdjhiqb5r/convert".
INFO: [Node] Executing "convert" <nipype.interfaces.dcm2nii.Dcm2niix>
INFO: stdout 2022-10-12T23:41:23.746371:Chris Rorden's dcm2niiX version v1.0.20211006  GCC10.2.1 x86-64 (64-bit Linux)
INFO: stdout 2022-10-12T23:41:23.746371:Found 207 DICOM file(s)
INFO: stdout 2022-10-12T23:41:23.746371:Warning: Slice timing appears corrupted (range 0..3135, TR=1640 ms)
INFO: stdout 2022-10-12T23:41:23.746371:Convert 207 DICOM as /out/sub-voice963/ses-1/func/sub-voice963_ses-1_task-pataka_run-1_bold_heudiconv972 (72x72x45x207)
INFO: stdout 2022-10-12T23:41:32.113483:Compress: "/usr/bin/pigz" -b 960 -n -f -6 "/out/sub-voice963/ses-1/func/sub-voice963_ses-1_task-pataka_run-1_bold_heudiconv972.nii"
INFO: stdout 2022-10-12T23:41:32.113483:Conversion required 9.792706 seconds (0.595096 for core code).
INFO: [Node] Finished "convert", elapsed time 9.864839s.
INFO: Post-treating /out/sub-voice963/ses-1/func/sub-voice963_ses-1_task-pataka_run-1_bold.json file
INFO: Converting /out/sub-voice963/ses-1/func/sub-voice963_ses-1_task-pataka_run-2_bold (207 DICOMs) -> /out/sub-voice963/ses-1/func . Converter: dcm2niix . Output types: ('nii.gz',)
INFO: [Node] Setting-up "convert" in "/tmp/dcm2niixmqwvnuqj/convert".
INFO: [Node] Executing "convert" <nipype.interfaces.dcm2nii.Dcm2niix>
INFO: stdout 2022-10-12T23:41:33.909261:Chris Rorden's dcm2niiX version v1.0.20211006  GCC10.2.1 x86-64 (64-bit Linux)
INFO: stdout 2022-10-12T23:41:33.909261:Found 207 DICOM file(s)
INFO: stdout 2022-10-12T23:41:33.909261:Warning: Slice timing appears corrupted (range 0..3135, TR=1640 ms)
INFO: stdout 2022-10-12T23:41:33.909261:Convert 207 DICOM as /out/sub-voice963/ses-1/func/sub-voice963_ses-1_task-pataka_run-2_bold_heudiconv867 (72x72x45x207)
INFO: stdout 2022-10-12T23:41:42.012935:Compress: "/usr/bin/pigz" -b 960 -n -f -6 "/out/sub-voice963/ses-1/func/sub-voice963_ses-1_task-pataka_run-2_bold_heudiconv867.nii"
INFO: stdout 2022-10-12T23:41:42.012935:Conversion required 9.281008 seconds (0.467157 for core code).
INFO: [Node] Finished "convert", elapsed time 9.372813s.
INFO: Post-treating /out/sub-voice963/ses-1/func/sub-voice963_ses-1_task-pataka_run-2_bold.json file
INFO: Converting /out/sub-voice963/ses-1/func/sub-voice963_ses-1_task-pitchsent_run-1_bold (64 DICOMs) -> /out/sub-voice963/ses-1/func . Converter: dcm2niix . Output types: ('nii.gz',)
INFO: [Node] Setting-up "convert" in "/tmp/dcm2niixg4iqx6bt/convert".
INFO: [Node] Executing "convert" <nipype.interfaces.dcm2nii.Dcm2niix>
INFO: stdout 2022-10-12T23:41:42.840896:Chris Rorden's dcm2niiX version v1.0.20211006  GCC10.2.1 x86-64 (64-bit Linux)
INFO: stdout 2022-10-12T23:41:42.840896:Found 64 DICOM file(s)
INFO: stdout 2022-10-12T23:41:42.840896:Warning: Slice timing appears corrupted (range 0..5357.5, TR=4000 ms)
INFO: stdout 2022-10-12T23:41:42.840896:Convert 64 DICOM as /out/sub-voice963/ses-1/func/sub-voice963_ses-1_task-pitchsent_run-1_bold_heudiconv537 (108x108x65x64)
INFO: stdout 2022-10-12T23:41:50.882715:Compress: "/usr/bin/pigz" -b 960 -n -f -6 "/out/sub-voice963/ses-1/func/sub-voice963_ses-1_task-pitchsent_run-1_bold_heudiconv537.nii"
INFO: stdout 2022-10-12T23:41:50.882715:Conversion required 8.444954 seconds (0.330557 for core code).
INFO: [Node] Finished "convert", elapsed time 8.534561s.
INFO: Post-treating /out/sub-voice963/ses-1/func/sub-voice963_ses-1_task-pitchsent_run-1_bold.json file
INFO: Converting /out/sub-voice963/ses-1/func/sub-voice963_ses-1_task-pitchsent_run-2_bold (64 DICOMs) -> /out/sub-voice963/ses-1/func . Converter: dcm2niix . Output types: ('nii.gz',)
INFO: [Node] Setting-up "convert" in "/tmp/dcm2niix3yhtcx80/convert".
INFO: [Node] Executing "convert" <nipype.interfaces.dcm2nii.Dcm2niix>
INFO: stdout 2022-10-12T23:41:51.794058:Chris Rorden's dcm2niiX version v1.0.20211006  GCC10.2.1 x86-64 (64-bit Linux)
INFO: stdout 2022-10-12T23:41:51.794058:Found 64 DICOM file(s)
INFO: stdout 2022-10-12T23:41:51.794058:Warning: Slice timing appears corrupted (range 0..5360, TR=4000 ms)
INFO: stdout 2022-10-12T23:41:51.794058:Convert 64 DICOM as /out/sub-voice963/ses-1/func/sub-voice963_ses-1_task-pitchsent_run-2_bold_heudiconv648 (108x108x65x64)
INFO: stdout 2022-10-12T23:42:00.063201:Compress: "/usr/bin/pigz" -b 960 -n -f -6 "/out/sub-voice963/ses-1/func/sub-voice963_ses-1_task-pitchsent_run-2_bold_heudiconv648.nii"
INFO: stdout 2022-10-12T23:42:00.063201:Conversion required 8.775804 seconds (0.319670 for core code).
INFO: [Node] Finished "convert", elapsed time 8.839111s.
INFO: Post-treating /out/sub-voice963/ses-1/func/sub-voice963_ses-1_task-pitchsent_run-2_bold.json file
INFO: Converting /out/sub-voice963/ses-1/func/sub-voice963_ses-1_task-nwr_run-1_bold (42 DICOMs) -> /out/sub-voice963/ses-1/func . Converter: dcm2niix . Output types: ('nii.gz',)
INFO: [Node] Setting-up "convert" in "/tmp/dcm2niixxu3x8jei/convert".
INFO: [Node] Executing "convert" <nipype.interfaces.dcm2nii.Dcm2niix>
INFO: stdout 2022-10-12T23:42:00.624531:Chris Rorden's dcm2niiX version v1.0.20211006  GCC10.2.1 x86-64 (64-bit Linux)
INFO: stdout 2022-10-12T23:42:00.624531:Found 42 DICOM file(s)
INFO: stdout 2022-10-12T23:42:00.624531:Warning: Slice timing appears corrupted (range 0..5357.5, TR=4000 ms)
INFO: stdout 2022-10-12T23:42:00.624531:Convert 42 DICOM as /out/sub-voice963/ses-1/func/sub-voice963_ses-1_task-nwr_run-1_bold_heudiconv893 (108x108x65x42)
INFO: stdout 2022-10-12T23:42:06.217039:Compress: "/usr/bin/pigz" -b 960 -n -f -6 "/out/sub-voice963/ses-1/func/sub-voice963_ses-1_task-nwr_run-1_bold_heudiconv893.nii"
INFO: stdout 2022-10-12T23:42:06.217039:Conversion required 5.879210 seconds (0.214300 for core code).
INFO: [Node] Finished "convert", elapsed time 5.983877s.
INFO: Post-treating /out/sub-voice963/ses-1/func/sub-voice963_ses-1_task-nwr_run-1_bold.json file
INFO: Converting /out/sub-voice963/ses-1/func/sub-voice963_ses-1_task-nwr_run-2_bold (42 DICOMs) -> /out/sub-voice963/ses-1/func . Converter: dcm2niix . Output types: ('nii.gz',)
INFO: [Node] Setting-up "convert" in "/tmp/dcm2niix17h4kj2i/convert".
INFO: [Node] Executing "convert" <nipype.interfaces.dcm2nii.Dcm2niix>
INFO: stdout 2022-10-12T23:42:07.118316:Chris Rorden's dcm2niiX version v1.0.20211006  GCC10.2.1 x86-64 (64-bit Linux)
INFO: stdout 2022-10-12T23:42:07.118316:Found 42 DICOM file(s)
INFO: stdout 2022-10-12T23:42:07.118316:Warning: Slice timing appears corrupted (range 0..5360, TR=4000 ms)
INFO: stdout 2022-10-12T23:42:07.118316:Convert 42 DICOM as /out/sub-voice963/ses-1/func/sub-voice963_ses-1_task-nwr_run-2_bold_heudiconv335 (108x108x65x42)
INFO: stdout 2022-10-12T23:42:12.846752:Compress: "/usr/bin/pigz" -b 960 -n -f -6 "/out/sub-voice963/ses-1/func/sub-voice963_ses-1_task-nwr_run-2_bold_heudiconv335.nii"
INFO: stdout 2022-10-12T23:42:12.846752:Conversion required 6.202654 seconds (0.224977 for core code).
INFO: [Node] Finished "convert", elapsed time 6.283175s.
INFO: Post-treating /out/sub-voice963/ses-1/func/sub-voice963_ses-1_task-nwr_run-2_bold.json file
INFO: Converting /out/sub-voice963/ses-1/func/sub-voice963_ses-1_task-nwr_run-3_bold (42 DICOMs) -> /out/sub-voice963/ses-1/func . Converter: dcm2niix . Output types: ('nii.gz',)
INFO: [Node] Setting-up "convert" in "/tmp/dcm2niix43r7e6z1/convert".
INFO: [Node] Executing "convert" <nipype.interfaces.dcm2nii.Dcm2niix>
INFO: stdout 2022-10-12T23:42:13.754797:Chris Rorden's dcm2niiX version v1.0.20211006  GCC10.2.1 x86-64 (64-bit Linux)
INFO: stdout 2022-10-12T23:42:13.754797:Found 42 DICOM file(s)
INFO: stdout 2022-10-12T23:42:13.754797:Warning: Slice timing appears corrupted (range 0..5360, TR=4000 ms)
INFO: stdout 2022-10-12T23:42:13.754797:Convert 42 DICOM as /out/sub-voice963/ses-1/func/sub-voice963_ses-1_task-nwr_run-3_bold_heudiconv472 (108x108x65x42)
INFO: stdout 2022-10-12T23:42:19.296204:Compress: "/usr/bin/pigz" -b 960 -n -f -6 "/out/sub-voice963/ses-1/func/sub-voice963_ses-1_task-nwr_run-3_bold_heudiconv472.nii"
INFO: stdout 2022-10-12T23:42:19.296204:Conversion required 5.972867 seconds (0.230930 for core code).
INFO: [Node] Finished "convert", elapsed time 6.056457s.
INFO: Post-treating /out/sub-voice963/ses-1/func/sub-voice963_ses-1_task-nwr_run-3_bold.json file
INFO: Converting /out/sub-voice963/ses-1/func/sub-voice963_ses-1_task-facematch_run-1_bold (99 DICOMs) -> /out/sub-voice963/ses-1/func . Converter: dcm2niix . Output types: ('nii.gz',)
INFO: [Node] Setting-up "convert" in "/tmp/dcm2niix4azrv120/convert".
INFO: [Node] Executing "convert" <nipype.interfaces.dcm2nii.Dcm2niix>
INFO: stdout 2022-10-12T23:42:20.777468:Chris Rorden's dcm2niiX version v1.0.20211006  GCC10.2.1 x86-64 (64-bit Linux)
INFO: stdout 2022-10-12T23:42:20.777468:Found 99 DICOM file(s)
INFO: stdout 2022-10-12T23:42:20.777468:Warning: Slice timing appears corrupted (range 0..5360, TR=2000 ms)
INFO: stdout 2022-10-12T23:42:20.777468:Convert 99 DICOM as /out/sub-voice963/ses-1/func/sub-voice963_ses-1_task-facematch_run-1_bold_heudiconv139 (108x108x65x99)
INFO: stdout 2022-10-12T23:42:33.371372:Compress: "/usr/bin/pigz" -b 960 -n -f -6 "/out/sub-voice963/ses-1/func/sub-voice963_ses-1_task-facematch_run-1_bold_heudiconv139.nii"
INFO: stdout 2022-10-12T23:42:33.371372:Conversion required 13.607115 seconds (0.589636 for core code).
INFO: [Node] Finished "convert", elapsed time 13.684830999999999s.
INFO: Post-treating /out/sub-voice963/ses-1/func/sub-voice963_ses-1_task-facematch_run-1_bold.json file
INFO: Converting /out/sub-voice963/ses-1/func/sub-voice963_ses-1_task-facematch_run-2_bold (99 DICOMs) -> /out/sub-voice963/ses-1/func . Converter: dcm2niix . Output types: ('nii.gz',)
INFO: [Node] Setting-up "convert" in "/tmp/dcm2niix1l4x6qbk/convert".
INFO: [Node] Executing "convert" <nipype.interfaces.dcm2nii.Dcm2niix>
INFO: stdout 2022-10-12T23:42:35.782185:Chris Rorden's dcm2niiX version v1.0.20211006  GCC10.2.1 x86-64 (64-bit Linux)
INFO: stdout 2022-10-12T23:42:35.782185:Found 99 DICOM file(s)
INFO: stdout 2022-10-12T23:42:35.782185:Warning: Slice timing appears corrupted (range 0..5357.5, TR=2000 ms)
INFO: stdout 2022-10-12T23:42:35.782185:Convert 99 DICOM as /out/sub-voice963/ses-1/func/sub-voice963_ses-1_task-facematch_run-2_bold_heudiconv932 (108x108x65x99)
INFO: stdout 2022-10-12T23:42:49.603441:Compress: "/usr/bin/pigz" -b 960 -n -f -6 "/out/sub-voice963/ses-1/func/sub-voice963_ses-1_task-facematch_run-2_bold_heudiconv932.nii"
INFO: stdout 2022-10-12T23:42:49.603441:Conversion required 14.852862 seconds (0.517680 for core code).
INFO: [Node] Finished "convert", elapsed time 14.949805s.
INFO: Post-treating /out/sub-voice963/ses-1/func/sub-voice963_ses-1_task-facematch_run-2_bold.json file
INFO: Converting /out/sub-voice963/ses-1/func/sub-voice963_ses-1_task-emosent_run-1_bold (48 DICOMs) -> /out/sub-voice963/ses-1/func . Converter: dcm2niix . Output types: ('nii.gz',)
INFO: [Node] Setting-up "convert" in "/tmp/dcm2niixqrubzc4h/convert".
INFO: [Node] Executing "convert" <nipype.interfaces.dcm2nii.Dcm2niix>
INFO: stdout 2022-10-12T23:42:50.523107:Chris Rorden's dcm2niiX version v1.0.20211006  GCC10.2.1 x86-64 (64-bit Linux)
INFO: stdout 2022-10-12T23:42:50.523107:Found 48 DICOM file(s)
INFO: stdout 2022-10-12T23:42:50.523107:Warning: Slice timing appears corrupted (range 0..5357.5, TR=4000 ms)
INFO: stdout 2022-10-12T23:42:50.523107:Convert 48 DICOM as /out/sub-voice963/ses-1/func/sub-voice963_ses-1_task-emosent_run-1_bold_heudiconv401 (108x108x65x48)
INFO: stdout 2022-10-12T23:42:57.142527:Compress: "/usr/bin/pigz" -b 960 -n -f -6 "/out/sub-voice963/ses-1/func/sub-voice963_ses-1_task-emosent_run-1_bold_heudiconv401.nii"
INFO: stdout 2022-10-12T23:42:57.142527:Conversion required 7.012277 seconds (0.244970 for core code).
INFO: [Node] Finished "convert", elapsed time 7.092278s.
INFO: Post-treating /out/sub-voice963/ses-1/func/sub-voice963_ses-1_task-emosent_run-1_bold.json file
INFO: Converting /out/sub-voice963/ses-1/func/sub-voice963_ses-1_task-emosent_run-2_bold (48 DICOMs) -> /out/sub-voice963/ses-1/func . Converter: dcm2niix . Output types: ('nii.gz',)
INFO: [Node] Setting-up "convert" in "/tmp/dcm2niixxzcmmrvq/convert".
INFO: [Node] Executing "convert" <nipype.interfaces.dcm2nii.Dcm2niix>
INFO: stdout 2022-10-12T23:42:58.345199:Chris Rorden's dcm2niiX version v1.0.20211006  GCC10.2.1 x86-64 (64-bit Linux)
INFO: stdout 2022-10-12T23:42:58.345199:Found 48 DICOM file(s)
INFO: stdout 2022-10-12T23:42:58.345199:Warning: Slice timing appears corrupted (range 0..5360, TR=4000 ms)
INFO: stdout 2022-10-12T23:42:58.345199:Convert 48 DICOM as /out/sub-voice963/ses-1/func/sub-voice963_ses-1_task-emosent_run-2_bold_heudiconv160 (108x108x65x48)
INFO: stdout 2022-10-12T23:43:04.653267:Compress: "/usr/bin/pigz" -b 960 -n -f -6 "/out/sub-voice963/ses-1/func/sub-voice963_ses-1_task-emosent_run-2_bold_heudiconv160.nii"
INFO: stdout 2022-10-12T23:43:04.653267:Conversion required 7.019622 seconds (0.239569 for core code).
INFO: [Node] Finished "convert", elapsed time 7.094821s.
INFO: Post-treating /out/sub-voice963/ses-1/func/sub-voice963_ses-1_task-emosent_run-2_bold.json file
INFO: Converting /out/sub-voice963/ses-1/func/sub-voice963_ses-1_task-vowel_run-1_bold (60 DICOMs) -> /out/sub-voice963/ses-1/func . Converter: dcm2niix . Output types: ('nii.gz',)
INFO: [Node] Setting-up "convert" in "/tmp/dcm2niixcqq3ycg4/convert".
INFO: [Node] Executing "convert" <nipype.interfaces.dcm2nii.Dcm2niix>
INFO: stdout 2022-10-12T23:43:06.108130:Chris Rorden's dcm2niiX version v1.0.20211006  GCC10.2.1 x86-64 (64-bit Linux)
INFO: stdout 2022-10-12T23:43:06.108130:Found 60 DICOM file(s)
INFO: stdout 2022-10-12T23:43:06.108130:Warning: Slice timing appears corrupted (range 0..5360, TR=4000 ms)
INFO: stdout 2022-10-12T23:43:06.108130:Convert 60 DICOM as /out/sub-voice963/ses-1/func/sub-voice963_ses-1_task-vowel_run-1_bold_heudiconv462 (108x108x65x60)
INFO: stdout 2022-10-12T23:43:14.878417:Compress: "/usr/bin/pigz" -b 960 -n -f -6 "/out/sub-voice963/ses-1/func/sub-voice963_ses-1_task-vowel_run-1_bold_heudiconv462.nii"
INFO: stdout 2022-10-12T23:43:14.878417:Conversion required 9.505800 seconds (0.348802 for core code).
INFO: [Node] Finished "convert", elapsed time 9.587125s.
INFO: Post-treating /out/sub-voice963/ses-1/func/sub-voice963_ses-1_task-vowel_run-1_bold.json file
INFO: Converting /out/sub-voice963/ses-1/func/sub-voice963_ses-1_task-vowel_run-2_bold (60 DICOMs) -> /out/sub-voice963/ses-1/func . Converter: dcm2niix . Output types: ('nii.gz',)
INFO: [Node] Setting-up "convert" in "/tmp/dcm2niixhk37f05m/convert".
INFO: [Node] Executing "convert" <nipype.interfaces.dcm2nii.Dcm2niix>
INFO: stdout 2022-10-12T23:43:16.226006:Chris Rorden's dcm2niiX version v1.0.20211006  GCC10.2.1 x86-64 (64-bit Linux)
INFO: stdout 2022-10-12T23:43:16.226006:Found 60 DICOM file(s)
INFO: stdout 2022-10-12T23:43:16.226006:Warning: Slice timing appears corrupted (range 0..5360, TR=4000 ms)
INFO: stdout 2022-10-12T23:43:16.226006:Convert 60 DICOM as /out/sub-voice963/ses-1/func/sub-voice963_ses-1_task-vowel_run-2_bold_heudiconv472 (108x108x65x60)
INFO: stdout 2022-10-12T23:43:23.793757:Compress: "/usr/bin/pigz" -b 960 -n -f -6 "/out/sub-voice963/ses-1/func/sub-voice963_ses-1_task-vowel_run-2_bold_heudiconv472.nii"
INFO: stdout 2022-10-12T23:43:23.793757:Conversion required 8.398565 seconds (0.334062 for core code).
INFO: [Node] Finished "convert", elapsed time 8.495076s.
INFO: Post-treating /out/sub-voice963/ses-1/func/sub-voice963_ses-1_task-vowel_run-2_bold.json file
INFO: Converting /out/sub-voice963/ses-1/func/sub-voice963_ses-1_task-pitchnw_run-1_bold (101 DICOMs) -> /out/sub-voice963/ses-1/func . Converter: dcm2niix . Output types: ('nii.gz',)
INFO: [Node] Setting-up "convert" in "/tmp/dcm2niixm8ttyv57/convert".
INFO: [Node] Executing "convert" <nipype.interfaces.dcm2nii.Dcm2niix>
INFO: stdout 2022-10-12T23:43:25.151088:Chris Rorden's dcm2niiX version v1.0.20211006  GCC10.2.1 x86-64 (64-bit Linux)
INFO: stdout 2022-10-12T23:43:25.151088:Found 101 DICOM file(s)
INFO: stdout 2022-10-12T23:43:25.151088:Warning: Slice timing appears corrupted (range 0..5360, TR=2000 ms)
INFO: stdout 2022-10-12T23:43:25.151088:Convert 101 DICOM as /out/sub-voice963/ses-1/func/sub-voice963_ses-1_task-pitchnw_run-1_bold_heudiconv170 (108x108x65x101)
INFO: stdout 2022-10-12T23:43:39.799403:Compress: "/usr/bin/pigz" -b 960 -n -f -6 "/out/sub-voice963/ses-1/func/sub-voice963_ses-1_task-pitchnw_run-1_bold_heudiconv170.nii"
INFO: stdout 2022-10-12T23:43:39.799403:Conversion required 15.617795 seconds (0.480530 for core code).
INFO: [Node] Finished "convert", elapsed time 15.707442s.
INFO: Post-treating /out/sub-voice963/ses-1/func/sub-voice963_ses-1_task-pitchnw_run-1_bold.json file
INFO: Converting /out/sub-voice963/ses-1/func/sub-voice963_ses-1_task-pitchnw_run-2_bold (101 DICOMs) -> /out/sub-voice963/ses-1/func . Converter: dcm2niix . Output types: ('nii.gz',)
INFO: [Node] Setting-up "convert" in "/tmp/dcm2niix6dq8i8uk/convert".
INFO: [Node] Executing "convert" <nipype.interfaces.dcm2nii.Dcm2niix>
INFO: stdout 2022-10-12T23:43:41.578386:Chris Rorden's dcm2niiX version v1.0.20211006  GCC10.2.1 x86-64 (64-bit Linux)
INFO: stdout 2022-10-12T23:43:41.578386:Found 101 DICOM file(s)
INFO: stdout 2022-10-12T23:43:41.578386:Warning: Slice timing appears corrupted (range 0..5360, TR=2000 ms)
INFO: stdout 2022-10-12T23:43:41.578386:Convert 101 DICOM as /out/sub-voice963/ses-1/func/sub-voice963_ses-1_task-pitchnw_run-2_bold_heudiconv662 (108x108x65x101)
INFO: stdout 2022-10-12T23:43:54.290768:Compress: "/usr/bin/pigz" -b 960 -n -f -6 "/out/sub-voice963/ses-1/func/sub-voice963_ses-1_task-pitchnw_run-2_bold_heudiconv662.nii"
INFO: stdout 2022-10-12T23:43:54.290768:Conversion required 13.622523 seconds (0.479912 for core code).
INFO: [Node] Finished "convert", elapsed time 13.757646s.
INFO: Post-treating /out/sub-voice963/ses-1/func/sub-voice963_ses-1_task-pitchnw_run-2_bold.json file
INFO: Converting /out/sub-voice963/ses-1/func/sub-voice963_ses-1_task-movie_run-1_bold (138 DICOMs) -> /out/sub-voice963/ses-1/func . Converter: dcm2niix . Output types: ('nii.gz',)
INFO: [Node] Setting-up "convert" in "/tmp/dcm2niixnt2zcceq/convert".
INFO: [Node] Executing "convert" <nipype.interfaces.dcm2nii.Dcm2niix>
INFO: stdout 2022-10-12T23:43:56.323801:Chris Rorden's dcm2niiX version v1.0.20211006  GCC10.2.1 x86-64 (64-bit Linux)
INFO: stdout 2022-10-12T23:43:56.323801:Found 138 DICOM file(s)
INFO: stdout 2022-10-12T23:43:56.323801:Warning: Slice timing appears corrupted (range 0..5360, TR=1090 ms)
INFO: stdout 2022-10-12T23:43:56.323801:Convert 138 DICOM as /out/sub-voice963/ses-1/func/sub-voice963_ses-1_task-movie_run-1_bold_heudiconv878 (108x108x65x138)
INFO: stdout 2022-10-12T23:44:14.962251:Compress: "/usr/bin/pigz" -b 960 -n -f -6 "/out/sub-voice963/ses-1/func/sub-voice963_ses-1_task-movie_run-1_bold_heudiconv878.nii"
INFO: stdout 2022-10-12T23:44:14.962251:Conversion required 19.763550 seconds (0.658133 for core code).
INFO: [Node] Finished "convert", elapsed time 19.853153s.
INFO: Post-treating /out/sub-voice963/ses-1/func/sub-voice963_ses-1_task-movie_run-1_bold.json file
WARNING: Existing lockfile found in /out/heudiconv.lock - waiting for the lock to be released. To set a timeout limit, set the HEUDICONV_FILELOCK_TIMEOUT environmental variable to a value in seconds. If this process hangs, it may require a manual deletion of the /out/heudiconv.lock.
INFO: Populating template files under /out/
INFO: PROCESSING DONE: {'subject': 'voice963', 'outdir': '/out/', 'session': '1'}
