Submitited subject: voice889
Submitted session: 1
Command:
singularity run -B /om2/scratch/Wed/rfbrito/dicom -B /om2/user/rfbrito/voice_depression/bids_conversion -B /om2/scratch/Wed/rfbrito/bids:/out /om2/user/rfbrito/containers/imaging/heudiconv_latest.sif -d /om2/scratch/Wed/rfbrito/dicom/{subject}/session001*/dicom/Trio*/*.dcm -o /out -f /om2/user/rfbrito/voice_depression/bids_conversion/heuristic.py -c dcm2niix -s voice889 -ss 1 -b --minmeta -g accession_number
['3-SMS5_rsfMRI_PA']
[{'item': '4-Spin_Echo_EPI_PA', 'dir': 'PA'}, {'item': '5-Spin_Echo_EPI_AP', 'dir': 'AP'}]
[{'item': '6-SMS2-diff_b1000_free_11b0_61dirs_PA', 'acq': 'PA'}, {'item': '11-SMS2-diff_b1000_free_4b0_AP', 'acq': 'AP'}]
['15-T1_MPRAGE_Ellison_4e_p2_1mm_iso']
['50-T2_SPACE_FLAIR_1.0_iso']
['19-PaTaKa_1_SMS5_Sparse_3x3x3_1640_1000ms', '20-PaTaKa_2_SMS5_Sparse_3x3x3_1640_1000ms']
['23-Sentences_1_SMS5_Sparse_2x2x2_4000_2900ms', '24-Sentences_2_SMS5_Sparse_2x2x2_4000_2900ms']
['27-Nonword_1_SMS5_Sparse_2x2x2_4000_2900ms', '28-Nonword_2_SMS5_Sparse_2x2x2_4000_2900ms', '29-Nonword_3_SMS5_Sparse_2x2x2_4000_2900ms']
['32-FaceMatch_1_SMS5_Sparse_2x2x2_2000_900ms', '33-FaceMatch_2_SMS5_Sparse_2x2x2_2000_900ms']
['36-EmoSent_1_SMS5_Sparse_2x2x2_4000_2900ms', '37-EmoSent_2_SMS5_Sparse_2x2x2_4000_2900ms']
['40-Vowels_1_SMS5_Sparse_2x2x2_4000_2900ms', '41-Vowels_2_SMS5_Sparse_2x2x2_4000_2900ms']
['44-PitchEmph_1_SMS5_Sparse_2x2x2_2000_900ms', '45-PitchEmph_2_SMS5_Sparse_2x2x2_2000_900ms']
['48-Movie_SMS5_rsfMRI_PA']
221012-23:33:02,563 nipype.utils WARNING:
	 A newer version (1.8.4) of nipy/nipype is available. You are using 1.8.0
221012-23:33:02,810 nipype.workflow INFO:
	 [Node] Setting-up "convert" in "/tmp/dcm2niix99js9gcq/convert".
221012-23:33:02,922 nipype.workflow INFO:
	 [Node] Executing "convert" <nipype.interfaces.dcm2nii.Dcm2niix>
221012-23:33:11,583 nipype.interface INFO:
	 stdout 2022-10-12T23:33:11.583163:Chris Rorden's dcm2niiX version v1.0.20211006  GCC10.2.1 x86-64 (64-bit Linux)
221012-23:33:11,590 nipype.interface INFO:
	 stdout 2022-10-12T23:33:11.583163:Found 300 DICOM file(s)
221012-23:33:11,590 nipype.interface INFO:
	 stdout 2022-10-12T23:33:11.583163:Warning: Slice timing appears corrupted (range 0..5360, TR=1090 ms)
221012-23:33:11,590 nipype.interface INFO:
	 stdout 2022-10-12T23:33:11.583163:Convert 300 DICOM as /out/sub-voice889/ses-1/func/sub-voice889_ses-1_task-rest_run-1_bold_heudiconv302 (108x108x65x300)
221012-23:33:41,156 nipype.interface INFO:
	 stdout 2022-10-12T23:33:41.155989:Compress: "/usr/bin/pigz" -b 960 -n -f -6 "/out/sub-voice889/ses-1/func/sub-voice889_ses-1_task-rest_run-1_bold_heudiconv302.nii"
221012-23:33:41,167 nipype.interface INFO:
	 stdout 2022-10-12T23:33:41.155989:Conversion required 38.094436 seconds (0.721060 for core code).
221012-23:33:41,539 nipype.workflow INFO:
	 [Node] Finished "convert", elapsed time 38.48607s.
221012-23:33:43,317 nipype.workflow INFO:
	 [Node] Setting-up "convert" in "/tmp/dcm2niixexk3rj1o/convert".
221012-23:33:43,386 nipype.workflow INFO:
	 [Node] Executing "convert" <nipype.interfaces.dcm2nii.Dcm2niix>
221012-23:33:47,690 nipype.interface INFO:
	 stdout 2022-10-12T23:33:47.690026:Chris Rorden's dcm2niiX version v1.0.20211006  GCC10.2.1 x86-64 (64-bit Linux)
221012-23:33:47,710 nipype.interface INFO:
	 stdout 2022-10-12T23:33:47.690026:Found 260 DICOM file(s)
221012-23:33:47,710 nipype.interface INFO:
	 stdout 2022-10-12T23:33:47.690026:Convert 260 DICOM as /out/sub-voice889/ses-1/fmap/sub-voice889_ses-1_acq-func_dir-PA_run-1_epi_heudiconv704 (108x108x65x4)
221012-23:33:48,250 nipype.interface INFO:
	 stdout 2022-10-12T23:33:48.250392:Compress: "/usr/bin/pigz" -b 960 -n -f -6 "/out/sub-voice889/ses-1/fmap/sub-voice889_ses-1_acq-func_dir-PA_run-1_epi_heudiconv704.nii"
221012-23:33:48,250 nipype.interface INFO:
	 stdout 2022-10-12T23:33:48.250392:Conversion required 4.845027 seconds (0.127223 for core code).
221012-23:33:48,283 nipype.workflow INFO:
	 [Node] Finished "convert", elapsed time 4.895805s.
221012-23:33:58,670 nipype.workflow INFO:
	 [Node] Setting-up "convert" in "/tmp/dcm2niix_a11bs9q/convert".
221012-23:33:58,773 nipype.workflow INFO:
	 [Node] Executing "convert" <nipype.interfaces.dcm2nii.Dcm2niix>
221012-23:34:01,474 nipype.interface INFO:
	 stdout 2022-10-12T23:34:01.474655:Chris Rorden's dcm2niiX version v1.0.20211006  GCC10.2.1 x86-64 (64-bit Linux)
221012-23:34:01,475 nipype.interface INFO:
	 stdout 2022-10-12T23:34:01.474655:Found 260 DICOM file(s)
221012-23:34:01,475 nipype.interface INFO:
	 stdout 2022-10-12T23:34:01.474655:Convert 260 DICOM as /out/sub-voice889/ses-1/fmap/sub-voice889_ses-1_acq-func_dir-AP_run-2_epi_heudiconv778 (108x108x65x4)
221012-23:34:02,662 nipype.interface INFO:
	 stdout 2022-10-12T23:34:02.662560:Compress: "/usr/bin/pigz" -b 960 -n -f -6 "/out/sub-voice889/ses-1/fmap/sub-voice889_ses-1_acq-func_dir-AP_run-2_epi_heudiconv778.nii"
221012-23:34:02,689 nipype.interface INFO:
	 stdout 2022-10-12T23:34:02.662560:Conversion required 3.547992 seconds (0.135053 for core code).
221012-23:34:03,499 nipype.workflow INFO:
	 [Node] Finished "convert", elapsed time 4.725215s.
221012-23:34:04,394 nipype.workflow INFO:
	 [Node] Setting-up "convert" in "/tmp/dcm2niixxr7mv6ss/convert".
221012-23:34:04,428 nipype.workflow INFO:
	 [Node] Executing "convert" <nipype.interfaces.dcm2nii.Dcm2niix>
221012-23:34:13,453 nipype.interface INFO:
	 stdout 2022-10-12T23:34:13.452886:Chris Rorden's dcm2niiX version v1.0.20211006  GCC10.2.1 x86-64 (64-bit Linux)
221012-23:34:13,475 nipype.interface INFO:
	 stdout 2022-10-12T23:34:13.452886:Found 72 DICOM file(s)
221012-23:34:13,475 nipype.interface INFO:
	 stdout 2022-10-12T23:34:13.452886:Warning: Slice timing appears corrupted (range 0..8.63999e+07, TR=4400 ms)
221012-23:34:13,475 nipype.interface INFO:
	 stdout 2022-10-12T23:34:13.452886:Convert 72 DICOM as /out/sub-voice889/ses-1/dwi/sub-voice889_ses-1_acq-PA_dwi_heudiconv368 (120x120x66x72)
221012-23:34:25,658 nipype.interface INFO:
	 stdout 2022-10-12T23:34:25.658764:Compress: "/usr/bin/pigz" -b 960 -n -f -6 "/out/sub-voice889/ses-1/dwi/sub-voice889_ses-1_acq-PA_dwi_heudiconv368.nii"
221012-23:34:25,826 nipype.interface INFO:
	 stdout 2022-10-12T23:34:25.658764:Conversion required 21.196073 seconds (0.259712 for core code).
221012-23:34:25,961 nipype.workflow INFO:
	 [Node] Finished "convert", elapsed time 21.531298s.
221012-23:34:28,865 nipype.workflow INFO:
	 [Node] Setting-up "convert" in "/tmp/dcm2niix67hu18pf/convert".
221012-23:34:28,891 nipype.workflow INFO:
	 [Node] Executing "convert" <nipype.interfaces.dcm2nii.Dcm2niix>
221012-23:34:29,550 nipype.interface INFO:
	 stdout 2022-10-12T23:34:29.549886:Chris Rorden's dcm2niiX version v1.0.20211006  GCC10.2.1 x86-64 (64-bit Linux)
221012-23:34:29,550 nipype.interface INFO:
	 stdout 2022-10-12T23:34:29.549886:Found 7 DICOM file(s)
221012-23:34:29,550 nipype.interface INFO:
	 stdout 2022-10-12T23:34:29.549886:Warning: Slice timing appears corrupted (range 0..8.63999e+07, TR=4400 ms)
221012-23:34:29,550 nipype.interface INFO:
	 stdout 2022-10-12T23:34:29.549886:Convert 7 DICOM as /out/sub-voice889/ses-1/dwi/sub-voice889_ses-1_acq-AP_dwi_heudiconv915 (120x120x66x7)
221012-23:34:34,417 nipype.interface INFO:
	 stdout 2022-10-12T23:34:34.417671:Compress: "/usr/bin/pigz" -b 960 -n -f -6 "/out/sub-voice889/ses-1/dwi/sub-voice889_ses-1_acq-AP_dwi_heudiconv915.nii"
221012-23:34:34,454 nipype.interface INFO:
	 stdout 2022-10-12T23:34:34.417671:Conversion required 5.510655 seconds (0.037553 for core code).
221012-23:34:34,679 nipype.workflow INFO:
	 [Node] Finished "convert", elapsed time 5.78568s.
221012-23:34:37,858 nipype.workflow INFO:
	 [Node] Setting-up "convert" in "/tmp/dcm2niix4nvh26ak/convert".
221012-23:34:37,923 nipype.workflow INFO:
	 [Node] Executing "convert" <nipype.interfaces.dcm2nii.Dcm2niix>
221012-23:34:45,701 nipype.interface INFO:
	 stdout 2022-10-12T23:34:45.701785:Chris Rorden's dcm2niiX version v1.0.20211006  GCC10.2.1 x86-64 (64-bit Linux)
221012-23:34:45,711 nipype.interface INFO:
	 stdout 2022-10-12T23:34:45.701785:Found 176 DICOM file(s)
221012-23:34:45,711 nipype.interface INFO:
	 stdout 2022-10-12T23:34:45.701785:Convert 176 DICOM as /out/sub-voice889/ses-1/anat/sub-voice889_ses-1_run-1_T1w_heudiconv246 (256x256x176x1)
221012-23:34:48,346 nipype.interface INFO:
	 stdout 2022-10-12T23:34:48.346044:Compress: "/usr/bin/pigz" -b 960 -n -f -6 "/out/sub-voice889/ses-1/anat/sub-voice889_ses-1_run-1_T1w_heudiconv246.nii"
221012-23:34:48,346 nipype.interface INFO:
	 stdout 2022-10-12T23:34:48.346044:Conversion required 9.658558 seconds (0.376253 for core code).
221012-23:34:48,427 nipype.workflow INFO:
	 [Node] Finished "convert", elapsed time 10.502913s.
221012-23:34:49,124 nipype.workflow INFO:
	 [Node] Setting-up "convert" in "/tmp/dcm2niixtryr705s/convert".
221012-23:34:49,194 nipype.workflow INFO:
	 [Node] Executing "convert" <nipype.interfaces.dcm2nii.Dcm2niix>
221012-23:34:52,48 nipype.interface INFO:
	 stdout 2022-10-12T23:34:52.048196:Chris Rorden's dcm2niiX version v1.0.20211006  GCC10.2.1 x86-64 (64-bit Linux)
221012-23:34:52,48 nipype.interface INFO:
	 stdout 2022-10-12T23:34:52.048196:Found 176 DICOM file(s)
221012-23:34:52,48 nipype.interface INFO:
	 stdout 2022-10-12T23:34:52.048196:Convert 176 DICOM as /out/sub-voice889/ses-1/anat/sub-voice889_ses-1_T2w_heudiconv301 (256x256x176x1)
221012-23:34:54,521 nipype.interface INFO:
	 stdout 2022-10-12T23:34:54.521648:Compress: "/usr/bin/pigz" -b 960 -n -f -6 "/out/sub-voice889/ses-1/anat/sub-voice889_ses-1_T2w_heudiconv301.nii"
221012-23:34:54,521 nipype.interface INFO:
	 stdout 2022-10-12T23:34:54.521648:Conversion required 5.289447 seconds (0.382499 for core code).
221012-23:34:54,542 nipype.workflow INFO:
	 [Node] Finished "convert", elapsed time 5.3469619999999995s.
221012-23:34:57,491 nipype.workflow INFO:
	 [Node] Setting-up "convert" in "/tmp/dcm2niixw_9c7mf4/convert".
221012-23:34:57,644 nipype.workflow INFO:
	 [Node] Executing "convert" <nipype.interfaces.dcm2nii.Dcm2niix>
221012-23:35:12,745 nipype.interface INFO:
	 stdout 2022-10-12T23:35:12.745075:Chris Rorden's dcm2niiX version v1.0.20211006  GCC10.2.1 x86-64 (64-bit Linux)
221012-23:35:12,746 nipype.interface INFO:
	 stdout 2022-10-12T23:35:12.745075:Found 207 DICOM file(s)
221012-23:35:12,746 nipype.interface INFO:
	 stdout 2022-10-12T23:35:12.745075:Warning: Slice timing appears corrupted (range 0..3135, TR=1640 ms)
221012-23:35:12,746 nipype.interface INFO:
	 stdout 2022-10-12T23:35:12.745075:Convert 207 DICOM as /out/sub-voice889/ses-1/func/sub-voice889_ses-1_task-pataka_run-1_bold_heudiconv413 (72x72x45x207)
221012-23:35:20,329 nipype.interface INFO:
	 stdout 2022-10-12T23:35:20.329791:Compress: "/usr/bin/pigz" -b 960 -n -f -6 "/out/sub-voice889/ses-1/func/sub-voice889_ses-1_task-pataka_run-1_bold_heudiconv413.nii"
221012-23:35:20,349 nipype.interface INFO:
	 stdout 2022-10-12T23:35:20.329791:Conversion required 22.554245 seconds (0.285274 for core code).
221012-23:35:20,444 nipype.workflow INFO:
	 [Node] Finished "convert", elapsed time 22.79917s.
221012-23:35:24,534 nipype.workflow INFO:
	 [Node] Setting-up "convert" in "/tmp/dcm2niixngcy_u9w/convert".
221012-23:35:24,681 nipype.workflow INFO:
	 [Node] Executing "convert" <nipype.interfaces.dcm2nii.Dcm2niix>
221012-23:35:34,313 nipype.interface INFO:
	 stdout 2022-10-12T23:35:34.313663:Chris Rorden's dcm2niiX version v1.0.20211006  GCC10.2.1 x86-64 (64-bit Linux)
221012-23:35:34,323 nipype.interface INFO:
	 stdout 2022-10-12T23:35:34.313663:Found 207 DICOM file(s)
221012-23:35:34,323 nipype.interface INFO:
	 stdout 2022-10-12T23:35:34.313663:Warning: Slice timing appears corrupted (range 0..3137.5, TR=1640 ms)
221012-23:35:34,323 nipype.interface INFO:
	 stdout 2022-10-12T23:35:34.313663:Convert 207 DICOM as /out/sub-voice889/ses-1/func/sub-voice889_ses-1_task-pataka_run-2_bold_heudiconv726 (72x72x45x207)
221012-23:35:45,388 nipype.interface INFO:
	 stdout 2022-10-12T23:35:45.388474:Compress: "/usr/bin/pigz" -b 960 -n -f -6 "/out/sub-voice889/ses-1/func/sub-voice889_ses-1_task-pataka_run-2_bold_heudiconv726.nii"
221012-23:35:45,403 nipype.interface INFO:
	 stdout 2022-10-12T23:35:45.388474:Conversion required 20.598445 seconds (0.284246 for core code).
221012-23:35:46,34 nipype.workflow INFO:
	 [Node] Finished "convert", elapsed time 21.158388s.
221012-23:35:50,140 nipype.workflow INFO:
	 [Node] Setting-up "convert" in "/tmp/dcm2niixz6u16af5/convert".
221012-23:35:50,172 nipype.workflow INFO:
	 [Node] Executing "convert" <nipype.interfaces.dcm2nii.Dcm2niix>
221012-23:35:51,907 nipype.interface INFO:
	 stdout 2022-10-12T23:35:51.907664:Chris Rorden's dcm2niiX version v1.0.20211006  GCC10.2.1 x86-64 (64-bit Linux)
221012-23:35:51,908 nipype.interface INFO:
	 stdout 2022-10-12T23:35:51.907664:Found 64 DICOM file(s)
221012-23:35:51,908 nipype.interface INFO:
	 stdout 2022-10-12T23:35:51.907664:Warning: Slice timing appears corrupted (range 0..5360, TR=4000 ms)
221012-23:35:51,908 nipype.interface INFO:
	 stdout 2022-10-12T23:35:51.907664:Convert 64 DICOM as /out/sub-voice889/ses-1/func/sub-voice889_ses-1_task-pitchsent_run-1_bold_heudiconv767 (108x108x65x64)
221012-23:35:59,44 nipype.interface INFO:
	 stdout 2022-10-12T23:35:59.044375:Compress: "/usr/bin/pigz" -b 960 -n -f -6 "/out/sub-voice889/ses-1/func/sub-voice889_ses-1_task-pitchsent_run-1_bold_heudiconv767.nii"
221012-23:35:59,48 nipype.interface INFO:
	 stdout 2022-10-12T23:35:59.044375:Conversion required 8.837845 seconds (0.193591 for core code).
221012-23:35:59,128 nipype.workflow INFO:
	 [Node] Finished "convert", elapsed time 8.954382s.
221012-23:36:02,721 nipype.workflow INFO:
	 [Node] Setting-up "convert" in "/tmp/dcm2niix6slnds9_/convert".
221012-23:36:02,744 nipype.workflow INFO:
	 [Node] Executing "convert" <nipype.interfaces.dcm2nii.Dcm2niix>
221012-23:36:05,983 nipype.interface INFO:
	 stdout 2022-10-12T23:36:05.983872:Chris Rorden's dcm2niiX version v1.0.20211006  GCC10.2.1 x86-64 (64-bit Linux)
221012-23:36:06,13 nipype.interface INFO:
	 stdout 2022-10-12T23:36:05.983872:Found 64 DICOM file(s)
221012-23:36:06,13 nipype.interface INFO:
	 stdout 2022-10-12T23:36:05.983872:Warning: Slice timing appears corrupted (range 0..5357.5, TR=4000 ms)
221012-23:36:06,13 nipype.interface INFO:
	 stdout 2022-10-12T23:36:05.983872:Convert 64 DICOM as /out/sub-voice889/ses-1/func/sub-voice889_ses-1_task-pitchsent_run-2_bold_heudiconv469 (108x108x65x64)
221012-23:36:12,590 nipype.interface INFO:
	 stdout 2022-10-12T23:36:12.590298:Compress: "/usr/bin/pigz" -b 960 -n -f -6 "/out/sub-voice889/ses-1/func/sub-voice889_ses-1_task-pitchsent_run-2_bold_heudiconv469.nii"
221012-23:36:12,596 nipype.interface INFO:
	 stdout 2022-10-12T23:36:12.590298:Conversion required 9.689637 seconds (0.171412 for core code).
221012-23:36:12,693 nipype.workflow INFO:
	 [Node] Finished "convert", elapsed time 9.947888s.
221012-23:36:13,206 nipype.workflow INFO:
	 [Node] Setting-up "convert" in "/tmp/dcm2niixtpkxqln3/convert".
221012-23:36:13,226 nipype.workflow INFO:
	 [Node] Executing "convert" <nipype.interfaces.dcm2nii.Dcm2niix>
221012-23:36:16,640 nipype.interface INFO:
	 stdout 2022-10-12T23:36:16.640735:Chris Rorden's dcm2niiX version v1.0.20211006  GCC10.2.1 x86-64 (64-bit Linux)
221012-23:36:16,651 nipype.interface INFO:
	 stdout 2022-10-12T23:36:16.640735:Found 42 DICOM file(s)
221012-23:36:16,651 nipype.interface INFO:
	 stdout 2022-10-12T23:36:16.640735:Warning: Slice timing appears corrupted (range 0..5360, TR=4000 ms)
221012-23:36:16,651 nipype.interface INFO:
	 stdout 2022-10-12T23:36:16.640735:Convert 42 DICOM as /out/sub-voice889/ses-1/func/sub-voice889_ses-1_task-nwr_run-1_bold_heudiconv306 (108x108x65x42)
221012-23:36:20,947 nipype.interface INFO:
	 stdout 2022-10-12T23:36:20.947354:Compress: "/usr/bin/pigz" -b 960 -n -f -6 "/out/sub-voice889/ses-1/func/sub-voice889_ses-1_task-nwr_run-1_bold_heudiconv306.nii"
221012-23:36:20,947 nipype.interface INFO:
	 stdout 2022-10-12T23:36:20.947354:Conversion required 7.630070 seconds (0.131260 for core code).
221012-23:36:22,337 nipype.workflow INFO:
	 [Node] Finished "convert", elapsed time 9.109308s.
221012-23:36:26,933 nipype.workflow INFO:
	 [Node] Setting-up "convert" in "/tmp/dcm2niixlku45poh/convert".
221012-23:36:27,117 nipype.workflow INFO:
	 [Node] Executing "convert" <nipype.interfaces.dcm2nii.Dcm2niix>
221012-23:36:28,294 nipype.interface INFO:
	 stdout 2022-10-12T23:36:28.294601:Chris Rorden's dcm2niiX version v1.0.20211006  GCC10.2.1 x86-64 (64-bit Linux)
221012-23:36:28,295 nipype.interface INFO:
	 stdout 2022-10-12T23:36:28.294601:Found 42 DICOM file(s)
221012-23:36:28,295 nipype.interface INFO:
	 stdout 2022-10-12T23:36:28.294601:Warning: Slice timing appears corrupted (range 0..5357.5, TR=4000 ms)
221012-23:36:28,295 nipype.interface INFO:
	 stdout 2022-10-12T23:36:28.294601:Convert 42 DICOM as /out/sub-voice889/ses-1/func/sub-voice889_ses-1_task-nwr_run-2_bold_heudiconv947 (108x108x65x42)
221012-23:36:33,435 nipype.interface INFO:
	 stdout 2022-10-12T23:36:33.435799:Compress: "/usr/bin/pigz" -b 960 -n -f -6 "/out/sub-voice889/ses-1/func/sub-voice889_ses-1_task-nwr_run-2_bold_heudiconv947.nii"
221012-23:36:33,436 nipype.interface INFO:
	 stdout 2022-10-12T23:36:33.435799:Conversion required 6.183380 seconds (0.125247 for core code).
221012-23:36:33,888 nipype.workflow INFO:
	 [Node] Finished "convert", elapsed time 6.769496s.
221012-23:36:36,261 nipype.workflow INFO:
	 [Node] Setting-up "convert" in "/tmp/dcm2niixfg8s_fax/convert".
221012-23:36:36,281 nipype.workflow INFO:
	 [Node] Executing "convert" <nipype.interfaces.dcm2nii.Dcm2niix>
221012-23:36:38,98 nipype.interface INFO:
	 stdout 2022-10-12T23:36:38.097825:Chris Rorden's dcm2niiX version v1.0.20211006  GCC10.2.1 x86-64 (64-bit Linux)
221012-23:36:38,98 nipype.interface INFO:
	 stdout 2022-10-12T23:36:38.097825:Found 42 DICOM file(s)
221012-23:36:38,98 nipype.interface INFO:
	 stdout 2022-10-12T23:36:38.097825:Warning: Slice timing appears corrupted (range 0..5360, TR=4000 ms)
221012-23:36:38,98 nipype.interface INFO:
	 stdout 2022-10-12T23:36:38.097825:Convert 42 DICOM as /out/sub-voice889/ses-1/func/sub-voice889_ses-1_task-nwr_run-3_bold_heudiconv420 (108x108x65x42)
221012-23:36:42,639 nipype.interface INFO:
	 stdout 2022-10-12T23:36:42.639019:Compress: "/usr/bin/pigz" -b 960 -n -f -6 "/out/sub-voice889/ses-1/func/sub-voice889_ses-1_task-nwr_run-3_bold_heudiconv420.nii"
221012-23:36:42,765 nipype.interface INFO:
	 stdout 2022-10-12T23:36:42.639019:Conversion required 6.297323 seconds (0.126621 for core code).
221012-23:36:43,2 nipype.workflow INFO:
	 [Node] Finished "convert", elapsed time 6.719277s.
221012-23:36:47,246 nipype.workflow INFO:
	 [Node] Setting-up "convert" in "/tmp/dcm2niix4124621l/convert".
221012-23:36:47,417 nipype.workflow INFO:
	 [Node] Executing "convert" <nipype.interfaces.dcm2nii.Dcm2niix>
221012-23:36:53,432 nipype.interface INFO:
	 stdout 2022-10-12T23:36:53.432681:Chris Rorden's dcm2niiX version v1.0.20211006  GCC10.2.1 x86-64 (64-bit Linux)
221012-23:36:53,464 nipype.interface INFO:
	 stdout 2022-10-12T23:36:53.432681:Found 99 DICOM file(s)
221012-23:36:53,464 nipype.interface INFO:
	 stdout 2022-10-12T23:36:53.432681:Warning: Slice timing appears corrupted (range 0..5357.5, TR=2000 ms)
221012-23:36:53,464 nipype.interface INFO:
	 stdout 2022-10-12T23:36:53.432681:Convert 99 DICOM as /out/sub-voice889/ses-1/func/sub-voice889_ses-1_task-facematch_run-1_bold_heudiconv812 (108x108x65x99)
221012-23:37:03,283 nipype.interface INFO:
	 stdout 2022-10-12T23:37:03.282921:Compress: "/usr/bin/pigz" -b 960 -n -f -6 "/out/sub-voice889/ses-1/func/sub-voice889_ses-1_task-facematch_run-1_bold_heudiconv812.nii"
221012-23:37:03,307 nipype.interface INFO:
	 stdout 2022-10-12T23:37:03.282921:Conversion required 15.817933 seconds (0.290847 for core code).
221012-23:37:03,776 nipype.workflow INFO:
	 [Node] Finished "convert", elapsed time 16.357283s.
221012-23:37:07,38 nipype.workflow INFO:
	 [Node] Setting-up "convert" in "/tmp/dcm2niixojvl7vne/convert".
221012-23:37:07,81 nipype.workflow INFO:
	 [Node] Executing "convert" <nipype.interfaces.dcm2nii.Dcm2niix>
221012-23:37:15,313 nipype.interface INFO:
	 stdout 2022-10-12T23:37:15.312842:Chris Rorden's dcm2niiX version v1.0.20211006  GCC10.2.1 x86-64 (64-bit Linux)
221012-23:37:15,346 nipype.interface INFO:
	 stdout 2022-10-12T23:37:15.312842:Found 99 DICOM file(s)
221012-23:37:15,346 nipype.interface INFO:
	 stdout 2022-10-12T23:37:15.312842:Warning: Slice timing appears corrupted (range 0..5360, TR=2000 ms)
221012-23:37:15,346 nipype.interface INFO:
	 stdout 2022-10-12T23:37:15.312842:Convert 99 DICOM as /out/sub-voice889/ses-1/func/sub-voice889_ses-1_task-facematch_run-2_bold_heudiconv390 (108x108x65x99)
221012-23:37:23,909 nipype.interface INFO:
	 stdout 2022-10-12T23:37:23.908955:Compress: "/usr/bin/pigz" -b 960 -n -f -6 "/out/sub-voice889/ses-1/func/sub-voice889_ses-1_task-facematch_run-2_bold_heudiconv390.nii"
221012-23:37:23,941 nipype.interface INFO:
	 stdout 2022-10-12T23:37:23.908955:Conversion required 16.787153 seconds (0.279922 for core code).
221012-23:37:24,229 nipype.workflow INFO:
	 [Node] Finished "convert", elapsed time 17.14658s.
221012-23:37:26,672 nipype.workflow INFO:
	 [Node] Setting-up "convert" in "/tmp/dcm2niixjklp65ji/convert".
221012-23:37:26,780 nipype.workflow INFO:
	 [Node] Executing "convert" <nipype.interfaces.dcm2nii.Dcm2niix>
221012-23:37:32,90 nipype.interface INFO:
	 stdout 2022-10-12T23:37:32.090019:Chris Rorden's dcm2niiX version v1.0.20211006  GCC10.2.1 x86-64 (64-bit Linux)
221012-23:37:32,92 nipype.interface INFO:
	 stdout 2022-10-12T23:37:32.090019:Found 48 DICOM file(s)
221012-23:37:32,93 nipype.interface INFO:
	 stdout 2022-10-12T23:37:32.090019:Warning: Slice timing appears corrupted (range 0..5360, TR=4000 ms)
221012-23:37:32,93 nipype.interface INFO:
	 stdout 2022-10-12T23:37:32.090019:Convert 48 DICOM as /out/sub-voice889/ses-1/func/sub-voice889_ses-1_task-emosent_run-1_bold_heudiconv652 (108x108x65x48)
221012-23:37:37,813 nipype.interface INFO:
	 stdout 2022-10-12T23:37:37.813442:Compress: "/usr/bin/pigz" -b 960 -n -f -6 "/out/sub-voice889/ses-1/func/sub-voice889_ses-1_task-emosent_run-1_bold_heudiconv652.nii"
221012-23:37:37,847 nipype.interface INFO:
	 stdout 2022-10-12T23:37:37.813442:Conversion required 10.846609 seconds (0.163110 for core code).
221012-23:37:38,154 nipype.workflow INFO:
	 [Node] Finished "convert", elapsed time 11.372966s.
221012-23:37:39,926 nipype.workflow INFO:
	 [Node] Setting-up "convert" in "/tmp/dcm2niixp_op7cmb/convert".
221012-23:37:39,949 nipype.workflow INFO:
	 [Node] Executing "convert" <nipype.interfaces.dcm2nii.Dcm2niix>
221012-23:37:42,547 nipype.interface INFO:
	 stdout 2022-10-12T23:37:42.547431:Chris Rorden's dcm2niiX version v1.0.20211006  GCC10.2.1 x86-64 (64-bit Linux)
221012-23:37:42,547 nipype.interface INFO:
	 stdout 2022-10-12T23:37:42.547431:Found 48 DICOM file(s)
221012-23:37:42,547 nipype.interface INFO:
	 stdout 2022-10-12T23:37:42.547431:Warning: Slice timing appears corrupted (range 0..5360, TR=4000 ms)
221012-23:37:42,547 nipype.interface INFO:
	 stdout 2022-10-12T23:37:42.547431:Convert 48 DICOM as /out/sub-voice889/ses-1/func/sub-voice889_ses-1_task-emosent_run-2_bold_heudiconv419 (108x108x65x48)
221012-23:37:48,912 nipype.interface INFO:
	 stdout 2022-10-12T23:37:48.912637:Compress: "/usr/bin/pigz" -b 960 -n -f -6 "/out/sub-voice889/ses-1/func/sub-voice889_ses-1_task-emosent_run-2_bold_heudiconv419.nii"
221012-23:37:48,949 nipype.interface INFO:
	 stdout 2022-10-12T23:37:48.912637:Conversion required 8.900408 seconds (0.140520 for core code).
221012-23:37:49,87 nipype.workflow INFO:
	 [Node] Finished "convert", elapsed time 9.137258s.
221012-23:37:54,489 nipype.workflow INFO:
	 [Node] Setting-up "convert" in "/tmp/dcm2niix_hfshvsh/convert".
221012-23:37:54,518 nipype.workflow INFO:
	 [Node] Executing "convert" <nipype.interfaces.dcm2nii.Dcm2niix>
221012-23:38:00,117 nipype.interface INFO:
	 stdout 2022-10-12T23:38:00.116955:Chris Rorden's dcm2niiX version v1.0.20211006  GCC10.2.1 x86-64 (64-bit Linux)
221012-23:38:00,121 nipype.interface INFO:
	 stdout 2022-10-12T23:38:00.116955:Found 60 DICOM file(s)
221012-23:38:00,121 nipype.interface INFO:
	 stdout 2022-10-12T23:38:00.116955:Warning: Slice timing appears corrupted (range 0..5357.5, TR=4000 ms)
221012-23:38:00,121 nipype.interface INFO:
	 stdout 2022-10-12T23:38:00.116955:Convert 60 DICOM as /out/sub-voice889/ses-1/func/sub-voice889_ses-1_task-vowel_run-1_bold_heudiconv611 (108x108x65x60)
221012-23:38:06,863 nipype.interface INFO:
	 stdout 2022-10-12T23:38:06.863656:Compress: "/usr/bin/pigz" -b 960 -n -f -6 "/out/sub-voice889/ses-1/func/sub-voice889_ses-1_task-vowel_run-1_bold_heudiconv611.nii"
221012-23:38:06,887 nipype.interface INFO:
	 stdout 2022-10-12T23:38:06.863656:Conversion required 12.201256 seconds (0.158072 for core code).
221012-23:38:06,939 nipype.workflow INFO:
	 [Node] Finished "convert", elapsed time 12.419452s.
221012-23:38:09,321 nipype.workflow INFO:
	 [Node] Setting-up "convert" in "/tmp/dcm2niixr_1be5md/convert".
221012-23:38:09,337 nipype.workflow INFO:
	 [Node] Executing "convert" <nipype.interfaces.dcm2nii.Dcm2niix>
221012-23:38:13,976 nipype.interface INFO:
	 stdout 2022-10-12T23:38:13.975929:Chris Rorden's dcm2niiX version v1.0.20211006  GCC10.2.1 x86-64 (64-bit Linux)
221012-23:38:13,994 nipype.interface INFO:
	 stdout 2022-10-12T23:38:13.975929:Found 60 DICOM file(s)
221012-23:38:13,994 nipype.interface INFO:
	 stdout 2022-10-12T23:38:13.975929:Warning: Slice timing appears corrupted (range 0..5360, TR=4000 ms)
221012-23:38:13,994 nipype.interface INFO:
	 stdout 2022-10-12T23:38:13.975929:Convert 60 DICOM as /out/sub-voice889/ses-1/func/sub-voice889_ses-1_task-vowel_run-2_bold_heudiconv825 (108x108x65x60)
221012-23:38:20,898 nipype.interface INFO:
	 stdout 2022-10-12T23:38:20.897993:Compress: "/usr/bin/pigz" -b 960 -n -f -6 "/out/sub-voice889/ses-1/func/sub-voice889_ses-1_task-vowel_run-2_bold_heudiconv825.nii"
221012-23:38:20,902 nipype.interface INFO:
	 stdout 2022-10-12T23:38:20.897993:Conversion required 11.502522 seconds (0.197678 for core code).
221012-23:38:21,61 nipype.workflow INFO:
	 [Node] Finished "convert", elapsed time 11.723017s.
221012-23:38:22,819 nipype.workflow INFO:
	 [Node] Setting-up "convert" in "/tmp/dcm2niixjm8zd8br/convert".
221012-23:38:22,850 nipype.workflow INFO:
	 [Node] Executing "convert" <nipype.interfaces.dcm2nii.Dcm2niix>
221012-23:38:29,667 nipype.interface INFO:
	 stdout 2022-10-12T23:38:29.667723:Chris Rorden's dcm2niiX version v1.0.20211006  GCC10.2.1 x86-64 (64-bit Linux)
221012-23:38:29,698 nipype.interface INFO:
	 stdout 2022-10-12T23:38:29.667723:Found 101 DICOM file(s)
221012-23:38:29,698 nipype.interface INFO:
	 stdout 2022-10-12T23:38:29.667723:Warning: Slice timing appears corrupted (range 0..5360, TR=2000 ms)
221012-23:38:29,698 nipype.interface INFO:
	 stdout 2022-10-12T23:38:29.667723:Convert 101 DICOM as /out/sub-voice889/ses-1/func/sub-voice889_ses-1_task-pitchnw_run-1_bold_heudiconv174 (108x108x65x101)
221012-23:38:39,349 nipype.interface INFO:
	 stdout 2022-10-12T23:38:39.349392:Compress: "/usr/bin/pigz" -b 960 -n -f -6 "/out/sub-voice889/ses-1/func/sub-voice889_ses-1_task-pitchnw_run-1_bold_heudiconv174.nii"
221012-23:38:39,354 nipype.interface INFO:
	 stdout 2022-10-12T23:38:39.349392:Conversion required 16.454353 seconds (0.270402 for core code).
221012-23:38:39,578 nipype.workflow INFO:
	 [Node] Finished "convert", elapsed time 16.726958s.
221012-23:38:41,455 nipype.workflow INFO:
	 [Node] Setting-up "convert" in "/tmp/dcm2niixvjarrwfn/convert".
221012-23:38:41,484 nipype.workflow INFO:
	 [Node] Executing "convert" <nipype.interfaces.dcm2nii.Dcm2niix>
221012-23:38:45,638 nipype.interface INFO:
	 stdout 2022-10-12T23:38:45.638246:Chris Rorden's dcm2niiX version v1.0.20211006  GCC10.2.1 x86-64 (64-bit Linux)
221012-23:38:46,594 nipype.interface INFO:
	 stdout 2022-10-12T23:38:45.638246:Found 101 DICOM file(s)
221012-23:38:46,594 nipype.interface INFO:
	 stdout 2022-10-12T23:38:45.638246:Warning: Slice timing appears corrupted (range 0..5357.5, TR=2000 ms)
221012-23:38:46,594 nipype.interface INFO:
	 stdout 2022-10-12T23:38:45.638246:Convert 101 DICOM as /out/sub-voice889/ses-1/func/sub-voice889_ses-1_task-pitchnw_run-2_bold_heudiconv017 (108x108x65x101)
221012-23:38:54,813 nipype.interface INFO:
	 stdout 2022-10-12T23:38:54.813286:Compress: "/usr/bin/pigz" -b 960 -n -f -6 "/out/sub-voice889/ses-1/func/sub-voice889_ses-1_task-pitchnw_run-2_bold_heudiconv017.nii"
221012-23:38:54,816 nipype.interface INFO:
	 stdout 2022-10-12T23:38:54.813286:Conversion required 13.259324 seconds (0.285716 for core code).
221012-23:38:54,846 nipype.workflow INFO:
	 [Node] Finished "convert", elapsed time 13.360438s.
221012-23:38:55,509 nipype.workflow INFO:
	 [Node] Setting-up "convert" in "/tmp/dcm2niixj2xubd87/convert".
221012-23:38:55,548 nipype.workflow INFO:
	 [Node] Executing "convert" <nipype.interfaces.dcm2nii.Dcm2niix>
221012-23:38:56,347 nipype.interface INFO:
	 stdout 2022-10-12T23:38:56.346942:Chris Rorden's dcm2niiX version v1.0.20211006  GCC10.2.1 x86-64 (64-bit Linux)
221012-23:38:56,347 nipype.interface INFO:
	 stdout 2022-10-12T23:38:56.346942:Found 138 DICOM file(s)
221012-23:38:56,347 nipype.interface INFO:
	 stdout 2022-10-12T23:38:56.346942:Warning: Slice timing appears corrupted (range 0..5360, TR=1090 ms)
221012-23:38:56,347 nipype.interface INFO:
	 stdout 2022-10-12T23:38:56.346942:Convert 138 DICOM as /out/sub-voice889/ses-1/func/sub-voice889_ses-1_task-movie_run-1_bold_heudiconv319 (108x108x65x138)
221012-23:39:08,539 nipype.interface INFO:
	 stdout 2022-10-12T23:39:08.539608:Compress: "/usr/bin/pigz" -b 960 -n -f -6 "/out/sub-voice889/ses-1/func/sub-voice889_ses-1_task-movie_run-1_bold_heudiconv319.nii"
221012-23:39:08,542 nipype.interface INFO:
	 stdout 2022-10-12T23:39:08.539608:Conversion required 12.972716 seconds (0.342228 for core code).
221012-23:39:08,594 nipype.workflow INFO:
	 [Node] Finished "convert", elapsed time 13.045395s.
DONE
