INFO: Running heudiconv version 0.11.3+d20220512 latest 0.11.4
INFO: Need to process 1 study sessions
INFO: PROCESSING STARTS: {'subject': 'voice850', 'outdir': '/out/', 'session': '1'}
INFO: Processing 4378 dicoms
INFO: Analyzing 4378 dicoms
INFO: Generated sequence info for 40 accession numbers with 4378 entries total
INFO: Doing conversion using dcm2niix
INFO: Converting /out/sub-voice850/ses-1/func/sub-voice850_ses-1_task-rest_run-1_bold (300 DICOMs) -> /out/sub-voice850/ses-1/func . Converter: dcm2niix . Output types: ('nii.gz',)
WARNING: A newer version (1.8.4) of nipy/nipype is available. You are using 1.8.0
INFO: [Node] Setting-up "convert" in "/tmp/dcm2niixfdm2hn6z/convert".
INFO: [Node] Executing "convert" <nipype.interfaces.dcm2nii.Dcm2niix>
INFO: stdout 2022-10-12T23:32:03.736829:Chris Rorden's dcm2niiX version v1.0.20211006  GCC10.2.1 x86-64 (64-bit Linux)
INFO: stdout 2022-10-12T23:32:03.736829:Found 300 DICOM file(s)
INFO: stdout 2022-10-12T23:32:03.736829:Warning: Slice timing appears corrupted (range 0..5357.5, TR=1090 ms)
INFO: stdout 2022-10-12T23:32:03.736829:Convert 300 DICOM as /out/sub-voice850/ses-1/func/sub-voice850_ses-1_task-rest_run-1_bold_heudiconv849 (108x108x65x300)
INFO: stdout 2022-10-12T23:32:34.004099:Compress: "/usr/bin/pigz" -b 960 -n -f -6 "/out/sub-voice850/ses-1/func/sub-voice850_ses-1_task-rest_run-1_bold_heudiconv849.nii"
INFO: stdout 2022-10-12T23:32:34.004099:Conversion required 33.654376 seconds (1.008965 for core code).
INFO: [Node] Finished "convert", elapsed time 33.693543s.
INFO: Post-treating /out/sub-voice850/ses-1/func/sub-voice850_ses-1_task-rest_run-1_bold.json file
INFO: Converting /out/sub-voice850/ses-1/fmap/sub-voice850_ses-1_acq-func_dir-PA_run-1_epi (260 DICOMs) -> /out/sub-voice850/ses-1/fmap . Converter: dcm2niix . Output types: ('nii.gz',)
INFO: [Node] Setting-up "convert" in "/tmp/dcm2niixqmjgkyvr/convert".
INFO: [Node] Executing "convert" <nipype.interfaces.dcm2nii.Dcm2niix>
INFO: stdout 2022-10-12T23:32:37.526599:Chris Rorden's dcm2niiX version v1.0.20211006  GCC10.2.1 x86-64 (64-bit Linux)
INFO: stdout 2022-10-12T23:32:37.526599:Found 260 DICOM file(s)
INFO: stdout 2022-10-12T23:32:37.526599:Convert 260 DICOM as /out/sub-voice850/ses-1/fmap/sub-voice850_ses-1_acq-func_dir-PA_run-1_epi_heudiconv939 (108x108x65x4)
INFO: stdout 2022-10-12T23:32:38.651181:Compress: "/usr/bin/pigz" -b 960 -n -f -6 "/out/sub-voice850/ses-1/fmap/sub-voice850_ses-1_acq-func_dir-PA_run-1_epi_heudiconv939.nii"
INFO: stdout 2022-10-12T23:32:38.651181:Conversion required 3.231606 seconds (0.159451 for core code).
INFO: [Node] Finished "convert", elapsed time 3.299579s.
WARNING: Failed to find task field in /out/sub-voice850/ses-1/fmap/sub-voice850_ses-1_acq-func_dir-PA_run-1_epi.json.
INFO: Post-treating /out/sub-voice850/ses-1/fmap/sub-voice850_ses-1_acq-func_dir-PA_run-1_epi.json file
INFO: Converting /out/sub-voice850/ses-1/fmap/sub-voice850_ses-1_acq-func_dir-AP_run-2_epi (260 DICOMs) -> /out/sub-voice850/ses-1/fmap . Converter: dcm2niix . Output types: ('nii.gz',)
INFO: [Node] Setting-up "convert" in "/tmp/dcm2niixny4fxdr_/convert".
INFO: [Node] Executing "convert" <nipype.interfaces.dcm2nii.Dcm2niix>
INFO: stdout 2022-10-12T23:32:40.954787:Chris Rorden's dcm2niiX version v1.0.20211006  GCC10.2.1 x86-64 (64-bit Linux)
INFO: stdout 2022-10-12T23:32:40.954787:Found 260 DICOM file(s)
INFO: stdout 2022-10-12T23:32:40.954787:Convert 260 DICOM as /out/sub-voice850/ses-1/fmap/sub-voice850_ses-1_acq-func_dir-AP_run-2_epi_heudiconv736 (108x108x65x4)
INFO: stdout 2022-10-12T23:32:41.601372:Compress: "/usr/bin/pigz" -b 960 -n -f -6 "/out/sub-voice850/ses-1/fmap/sub-voice850_ses-1_acq-func_dir-AP_run-2_epi_heudiconv736.nii"
INFO: stdout 2022-10-12T23:32:41.601372:Conversion required 2.082562 seconds (0.187140 for core code).
INFO: [Node] Finished "convert", elapsed time 2.15721s.
WARNING: Failed to find task field in /out/sub-voice850/ses-1/fmap/sub-voice850_ses-1_acq-func_dir-AP_run-2_epi.json.
INFO: Post-treating /out/sub-voice850/ses-1/fmap/sub-voice850_ses-1_acq-func_dir-AP_run-2_epi.json file
INFO: Converting /out/sub-voice850/ses-1/dwi/sub-voice850_ses-1_acq-PA_dwi (72 DICOMs) -> /out/sub-voice850/ses-1/dwi . Converter: dcm2niix . Output types: ('nii.gz',)
INFO: [Node] Setting-up "convert" in "/tmp/dcm2niixouaa58bi/convert".
INFO: [Node] Executing "convert" <nipype.interfaces.dcm2nii.Dcm2niix>
INFO: stdout 2022-10-12T23:32:43.175059:Chris Rorden's dcm2niiX version v1.0.20211006  GCC10.2.1 x86-64 (64-bit Linux)
INFO: stdout 2022-10-12T23:32:43.175059:Found 72 DICOM file(s)
INFO: stdout 2022-10-12T23:32:43.175059:Warning: Slice timing appears corrupted (range 0..8.63999e+07, TR=4400 ms)
INFO: stdout 2022-10-12T23:32:43.175059:Convert 72 DICOM as /out/sub-voice850/ses-1/dwi/sub-voice850_ses-1_acq-PA_dwi_heudiconv231 (120x120x66x72)
INFO: stdout 2022-10-12T23:32:52.218487:Compress: "/usr/bin/pigz" -b 960 -n -f -6 "/out/sub-voice850/ses-1/dwi/sub-voice850_ses-1_acq-PA_dwi_heudiconv231.nii"
INFO: stdout 2022-10-12T23:32:52.218487:Conversion required 10.017536 seconds (0.286027 for core code).
INFO: [Node] Finished "convert", elapsed time 10.129008s.
WARNING: Failed to find task field in /out/sub-voice850/ses-1/dwi/sub-voice850_ses-1_acq-PA_dwi.json.
INFO: Post-treating /out/sub-voice850/ses-1/dwi/sub-voice850_ses-1_acq-PA_dwi.json file
INFO: Converting /out/sub-voice850/ses-1/dwi/sub-voice850_ses-1_acq-AP_dwi (7 DICOMs) -> /out/sub-voice850/ses-1/dwi . Converter: dcm2niix . Output types: ('nii.gz',)
INFO: [Node] Setting-up "convert" in "/tmp/dcm2niix79wduaia/convert".
INFO: [Node] Executing "convert" <nipype.interfaces.dcm2nii.Dcm2niix>
INFO: stdout 2022-10-12T23:32:53.031200:Chris Rorden's dcm2niiX version v1.0.20211006  GCC10.2.1 x86-64 (64-bit Linux)
INFO: stdout 2022-10-12T23:32:53.031200:Found 7 DICOM file(s)
INFO: stdout 2022-10-12T23:32:53.031200:Warning: Slice timing appears corrupted (range 0..8.63999e+07, TR=4400 ms)
INFO: stdout 2022-10-12T23:32:53.031200:Convert 7 DICOM as /out/sub-voice850/ses-1/dwi/sub-voice850_ses-1_acq-AP_dwi_heudiconv803 (120x120x66x7)
INFO: stdout 2022-10-12T23:32:54.206290:Compress: "/usr/bin/pigz" -b 960 -n -f -6 "/out/sub-voice850/ses-1/dwi/sub-voice850_ses-1_acq-AP_dwi_heudiconv803.nii"
INFO: stdout 2022-10-12T23:32:54.206290:Conversion required 1.360643 seconds (0.048921 for core code).
INFO: [Node] Finished "convert", elapsed time 1.420984s.
WARNING: Failed to find task field in /out/sub-voice850/ses-1/dwi/sub-voice850_ses-1_acq-AP_dwi.json.
INFO: Post-treating /out/sub-voice850/ses-1/dwi/sub-voice850_ses-1_acq-AP_dwi.json file
INFO: Converting /out/sub-voice850/ses-1/anat/sub-voice850_ses-1_run-1_T1w (176 DICOMs) -> /out/sub-voice850/ses-1/anat . Converter: dcm2niix . Output types: ('nii.gz',)
INFO: [Node] Setting-up "convert" in "/tmp/dcm2niixyoj6locd/convert".
INFO: [Node] Executing "convert" <nipype.interfaces.dcm2nii.Dcm2niix>
INFO: stdout 2022-10-12T23:32:56.348610:Chris Rorden's dcm2niiX version v1.0.20211006  GCC10.2.1 x86-64 (64-bit Linux)
INFO: stdout 2022-10-12T23:32:56.348610:Found 176 DICOM file(s)
INFO: stdout 2022-10-12T23:32:56.348610:Convert 176 DICOM as /out/sub-voice850/ses-1/anat/sub-voice850_ses-1_run-1_T1w_heudiconv151 (256x256x176x1)
INFO: stdout 2022-10-12T23:32:58.082806:Compress: "/usr/bin/pigz" -b 960 -n -f -6 "/out/sub-voice850/ses-1/anat/sub-voice850_ses-1_run-1_T1w_heudiconv151.nii"
INFO: stdout 2022-10-12T23:32:58.082806:Conversion required 2.945216 seconds (0.227077 for core code).
INFO: [Node] Finished "convert", elapsed time 3.007442s.
WARNING: Failed to find task field in /out/sub-voice850/ses-1/anat/sub-voice850_ses-1_run-1_T1w.json.
INFO: Post-treating /out/sub-voice850/ses-1/anat/sub-voice850_ses-1_run-1_T1w.json file
INFO: Converting /out/sub-voice850/ses-1/func/sub-voice850_ses-1_task-pataka_run-1_bold (207 DICOMs) -> /out/sub-voice850/ses-1/func . Converter: dcm2niix . Output types: ('nii.gz',)
INFO: [Node] Setting-up "convert" in "/tmp/dcm2niixyiis4kb7/convert".
INFO: [Node] Executing "convert" <nipype.interfaces.dcm2nii.Dcm2niix>
INFO: stdout 2022-10-12T23:33:01.459844:Chris Rorden's dcm2niiX version v1.0.20211006  GCC10.2.1 x86-64 (64-bit Linux)
INFO: stdout 2022-10-12T23:33:01.459844:Found 207 DICOM file(s)
INFO: stdout 2022-10-12T23:33:01.459844:Warning: Slice timing appears corrupted (range 0..3135, TR=1640 ms)
INFO: stdout 2022-10-12T23:33:01.459844:Convert 207 DICOM as /out/sub-voice850/ses-1/func/sub-voice850_ses-1_task-pataka_run-1_bold_heudiconv466 (72x72x45x207)
INFO: stdout 2022-10-12T23:33:08.525875:Compress: "/usr/bin/pigz" -b 960 -n -f -6 "/out/sub-voice850/ses-1/func/sub-voice850_ses-1_task-pataka_run-1_bold_heudiconv466.nii"
INFO: stdout 2022-10-12T23:33:08.525875:Conversion required 9.602514 seconds (0.344403 for core code).
INFO: [Node] Finished "convert", elapsed time 9.658586s.
INFO: Post-treating /out/sub-voice850/ses-1/func/sub-voice850_ses-1_task-pataka_run-1_bold.json file
INFO: Converting /out/sub-voice850/ses-1/func/sub-voice850_ses-1_task-pataka_run-2_bold (204 DICOMs) -> /out/sub-voice850/ses-1/func . Converter: dcm2niix . Output types: ('nii.gz',)
INFO: [Node] Setting-up "convert" in "/tmp/dcm2niixatulsbr_/convert".
INFO: [Node] Executing "convert" <nipype.interfaces.dcm2nii.Dcm2niix>
INFO: stdout 2022-10-12T23:33:11.536374:Chris Rorden's dcm2niiX version v1.0.20211006  GCC10.2.1 x86-64 (64-bit Linux)
INFO: stdout 2022-10-12T23:33:11.536374:Found 204 DICOM file(s)
INFO: stdout 2022-10-12T23:33:11.536374:Warning: Slice timing appears corrupted (range 0..3135, TR=1640 ms)
INFO: stdout 2022-10-12T23:33:11.536374:Convert 204 DICOM as /out/sub-voice850/ses-1/func/sub-voice850_ses-1_task-pataka_run-2_bold_heudiconv006 (72x72x45x204)
INFO: stdout 2022-10-12T23:33:18.059749:Compress: "/usr/bin/pigz" -b 960 -n -f -6 "/out/sub-voice850/ses-1/func/sub-voice850_ses-1_task-pataka_run-2_bold_heudiconv006.nii"
INFO: stdout 2022-10-12T23:33:18.059749:Conversion required 8.623723 seconds (0.351830 for core code).
INFO: [Node] Finished "convert", elapsed time 8.709627s.
INFO: Post-treating /out/sub-voice850/ses-1/func/sub-voice850_ses-1_task-pataka_run-2_bold.json file
INFO: Converting /out/sub-voice850/ses-1/func/sub-voice850_ses-1_task-pitchsent_run-1_bold (64 DICOMs) -> /out/sub-voice850/ses-1/func . Converter: dcm2niix . Output types: ('nii.gz',)
INFO: [Node] Setting-up "convert" in "/tmp/dcm2niix873icg0y/convert".
INFO: [Node] Executing "convert" <nipype.interfaces.dcm2nii.Dcm2niix>
INFO: stdout 2022-10-12T23:33:19.109048:Chris Rorden's dcm2niiX version v1.0.20211006  GCC10.2.1 x86-64 (64-bit Linux)
INFO: stdout 2022-10-12T23:33:19.109048:Found 64 DICOM file(s)
INFO: stdout 2022-10-12T23:33:19.109048:Warning: Slice timing appears corrupted (range 0..5357.5, TR=4000 ms)
INFO: stdout 2022-10-12T23:33:19.109048:Convert 64 DICOM as /out/sub-voice850/ses-1/func/sub-voice850_ses-1_task-pitchsent_run-1_bold_heudiconv653 (108x108x65x64)
INFO: stdout 2022-10-12T23:33:26.315222:Compress: "/usr/bin/pigz" -b 960 -n -f -6 "/out/sub-voice850/ses-1/func/sub-voice850_ses-1_task-pitchsent_run-1_bold_heudiconv653.nii"
INFO: stdout 2022-10-12T23:33:26.315222:Conversion required 7.756667 seconds (0.192229 for core code).
INFO: [Node] Finished "convert", elapsed time 7.812162s.
INFO: Post-treating /out/sub-voice850/ses-1/func/sub-voice850_ses-1_task-pitchsent_run-1_bold.json file
INFO: Converting /out/sub-voice850/ses-1/func/sub-voice850_ses-1_task-pitchsent_run-2_bold (64 DICOMs) -> /out/sub-voice850/ses-1/func . Converter: dcm2niix . Output types: ('nii.gz',)
INFO: [Node] Setting-up "convert" in "/tmp/dcm2niix6hthhjgn/convert".
INFO: [Node] Executing "convert" <nipype.interfaces.dcm2nii.Dcm2niix>
INFO: stdout 2022-10-12T23:33:26.913231:Chris Rorden's dcm2niiX version v1.0.20211006  GCC10.2.1 x86-64 (64-bit Linux)
INFO: stdout 2022-10-12T23:33:26.913231:Found 64 DICOM file(s)
INFO: stdout 2022-10-12T23:33:26.913231:Warning: Slice timing appears corrupted (range 0..5360, TR=4000 ms)
INFO: stdout 2022-10-12T23:33:26.913231:Convert 64 DICOM as /out/sub-voice850/ses-1/func/sub-voice850_ses-1_task-pitchsent_run-2_bold_heudiconv651 (108x108x65x64)
INFO: stdout 2022-10-12T23:33:32.508120:Compress: "/usr/bin/pigz" -b 960 -n -f -6 "/out/sub-voice850/ses-1/func/sub-voice850_ses-1_task-pitchsent_run-2_bold_heudiconv651.nii"
INFO: stdout 2022-10-12T23:33:32.508120:Conversion required 5.890099 seconds (0.189496 for core code).
INFO: [Node] Finished "convert", elapsed time 5.9356100000000005s.
INFO: Post-treating /out/sub-voice850/ses-1/func/sub-voice850_ses-1_task-pitchsent_run-2_bold.json file
INFO: Converting /out/sub-voice850/ses-1/func/sub-voice850_ses-1_task-nwr_run-1_bold (42 DICOMs) -> /out/sub-voice850/ses-1/func . Converter: dcm2niix . Output types: ('nii.gz',)
INFO: [Node] Setting-up "convert" in "/tmp/dcm2niixrr06w6bm/convert".
INFO: [Node] Executing "convert" <nipype.interfaces.dcm2nii.Dcm2niix>
INFO: stdout 2022-10-12T23:33:33.469275:Chris Rorden's dcm2niiX version v1.0.20211006  GCC10.2.1 x86-64 (64-bit Linux)
INFO: stdout 2022-10-12T23:33:33.469275:Found 42 DICOM file(s)
INFO: stdout 2022-10-12T23:33:33.469275:Warning: Slice timing appears corrupted (range 0..5357.5, TR=4000 ms)
INFO: stdout 2022-10-12T23:33:33.469275:Convert 42 DICOM as /out/sub-voice850/ses-1/func/sub-voice850_ses-1_task-nwr_run-1_bold_heudiconv321 (108x108x65x42)
INFO: stdout 2022-10-12T23:33:37.724720:Compress: "/usr/bin/pigz" -b 960 -n -f -6 "/out/sub-voice850/ses-1/func/sub-voice850_ses-1_task-nwr_run-1_bold_heudiconv321.nii"
INFO: stdout 2022-10-12T23:33:37.724720:Conversion required 4.702945 seconds (0.127125 for core code).
INFO: [Node] Finished "convert", elapsed time 4.894135s.
INFO: Post-treating /out/sub-voice850/ses-1/func/sub-voice850_ses-1_task-nwr_run-1_bold.json file
INFO: Converting /out/sub-voice850/ses-1/func/sub-voice850_ses-1_task-nwr_run-2_bold (42 DICOMs) -> /out/sub-voice850/ses-1/func . Converter: dcm2niix . Output types: ('nii.gz',)
INFO: [Node] Setting-up "convert" in "/tmp/dcm2niix0rok9bx2/convert".
INFO: [Node] Executing "convert" <nipype.interfaces.dcm2nii.Dcm2niix>
INFO: stdout 2022-10-12T23:33:39.241363:Chris Rorden's dcm2niiX version v1.0.20211006  GCC10.2.1 x86-64 (64-bit Linux)
INFO: stdout 2022-10-12T23:33:39.241363:Found 42 DICOM file(s)
INFO: stdout 2022-10-12T23:33:39.241363:Warning: Slice timing appears corrupted (range 0..5360, TR=4000 ms)
INFO: stdout 2022-10-12T23:33:39.241363:Convert 42 DICOM as /out/sub-voice850/ses-1/func/sub-voice850_ses-1_task-nwr_run-2_bold_heudiconv229 (108x108x65x42)
INFO: stdout 2022-10-12T23:33:43.180906:Compress: "/usr/bin/pigz" -b 960 -n -f -6 "/out/sub-voice850/ses-1/func/sub-voice850_ses-1_task-nwr_run-2_bold_heudiconv229.nii"
INFO: stdout 2022-10-12T23:33:43.180906:Conversion required 4.622260 seconds (0.130678 for core code).
INFO: [Node] Finished "convert", elapsed time 4.702038s.
INFO: Post-treating /out/sub-voice850/ses-1/func/sub-voice850_ses-1_task-nwr_run-2_bold.json file
INFO: Converting /out/sub-voice850/ses-1/func/sub-voice850_ses-1_task-nwr_run-3_bold (42 DICOMs) -> /out/sub-voice850/ses-1/func . Converter: dcm2niix . Output types: ('nii.gz',)
INFO: [Node] Setting-up "convert" in "/tmp/dcm2niixm01i1t9t/convert".
INFO: [Node] Executing "convert" <nipype.interfaces.dcm2nii.Dcm2niix>
INFO: stdout 2022-10-12T23:33:43.932751:Chris Rorden's dcm2niiX version v1.0.20211006  GCC10.2.1 x86-64 (64-bit Linux)
INFO: stdout 2022-10-12T23:33:43.932751:Found 42 DICOM file(s)
INFO: stdout 2022-10-12T23:33:43.932751:Warning: Slice timing appears corrupted (range 0..5360, TR=4000 ms)
INFO: stdout 2022-10-12T23:33:43.932751:Convert 42 DICOM as /out/sub-voice850/ses-1/func/sub-voice850_ses-1_task-nwr_run-3_bold_heudiconv849 (108x108x65x42)
INFO: stdout 2022-10-12T23:33:47.648196:Compress: "/usr/bin/pigz" -b 960 -n -f -6 "/out/sub-voice850/ses-1/func/sub-voice850_ses-1_task-nwr_run-3_bold_heudiconv849.nii"
INFO: stdout 2022-10-12T23:33:47.648196:Conversion required 4.070978 seconds (0.123082 for core code).
INFO: [Node] Finished "convert", elapsed time 4.121157s.
INFO: Post-treating /out/sub-voice850/ses-1/func/sub-voice850_ses-1_task-nwr_run-3_bold.json file
INFO: Converting /out/sub-voice850/ses-1/func/sub-voice850_ses-1_task-facematch_run-1_bold (99 DICOMs) -> /out/sub-voice850/ses-1/func . Converter: dcm2niix . Output types: ('nii.gz',)
INFO: [Node] Setting-up "convert" in "/tmp/dcm2niixj_kw5dbt/convert".
INFO: [Node] Executing "convert" <nipype.interfaces.dcm2nii.Dcm2niix>
INFO: stdout 2022-10-12T23:33:48.570217:Chris Rorden's dcm2niiX version v1.0.20211006  GCC10.2.1 x86-64 (64-bit Linux)
INFO: stdout 2022-10-12T23:33:48.570217:Found 99 DICOM file(s)
INFO: stdout 2022-10-12T23:33:48.570217:Warning: Slice timing appears corrupted (range 0..5360, TR=2000 ms)
INFO: stdout 2022-10-12T23:33:48.570217:Convert 99 DICOM as /out/sub-voice850/ses-1/func/sub-voice850_ses-1_task-facematch_run-1_bold_heudiconv334 (108x108x65x99)
INFO: stdout 2022-10-12T23:33:57.460883:Compress: "/usr/bin/pigz" -b 960 -n -f -6 "/out/sub-voice850/ses-1/func/sub-voice850_ses-1_task-facematch_run-1_bold_heudiconv334.nii"
INFO: stdout 2022-10-12T23:33:57.460883:Conversion required 9.490891 seconds (0.284148 for core code).
INFO: [Node] Finished "convert", elapsed time 9.658208s.
INFO: Post-treating /out/sub-voice850/ses-1/func/sub-voice850_ses-1_task-facematch_run-1_bold.json file
INFO: Converting /out/sub-voice850/ses-1/func/sub-voice850_ses-1_task-facematch_run-2_bold (95 DICOMs) -> /out/sub-voice850/ses-1/func . Converter: dcm2niix . Output types: ('nii.gz',)
INFO: [Node] Setting-up "convert" in "/tmp/dcm2niix4963oenu/convert".
INFO: [Node] Executing "convert" <nipype.interfaces.dcm2nii.Dcm2niix>
INFO: stdout 2022-10-12T23:33:58.692794:Chris Rorden's dcm2niiX version v1.0.20211006  GCC10.2.1 x86-64 (64-bit Linux)
INFO: stdout 2022-10-12T23:33:58.692794:Found 95 DICOM file(s)
INFO: stdout 2022-10-12T23:33:58.692794:Warning: Slice timing appears corrupted (range 0..5360, TR=2000 ms)
INFO: stdout 2022-10-12T23:33:58.692794:Convert 95 DICOM as /out/sub-voice850/ses-1/func/sub-voice850_ses-1_task-facematch_run-2_bold_heudiconv689 (108x108x65x95)
INFO: stdout 2022-10-12T23:34:07.103977:Compress: "/usr/bin/pigz" -b 960 -n -f -6 "/out/sub-voice850/ses-1/func/sub-voice850_ses-1_task-facematch_run-2_bold_heudiconv689.nii"
INFO: stdout 2022-10-12T23:34:07.103977:Conversion required 9.018664 seconds (0.286936 for core code).
INFO: [Node] Finished "convert", elapsed time 9.067063s.
INFO: Post-treating /out/sub-voice850/ses-1/func/sub-voice850_ses-1_task-facematch_run-2_bold.json file
INFO: Converting /out/sub-voice850/ses-1/func/sub-voice850_ses-1_task-emosent_run-1_bold (48 DICOMs) -> /out/sub-voice850/ses-1/func . Converter: dcm2niix . Output types: ('nii.gz',)
INFO: [Node] Setting-up "convert" in "/tmp/dcm2niix19q75hxj/convert".
INFO: [Node] Executing "convert" <nipype.interfaces.dcm2nii.Dcm2niix>
INFO: stdout 2022-10-12T23:34:07.438041:Chris Rorden's dcm2niiX version v1.0.20211006  GCC10.2.1 x86-64 (64-bit Linux)
INFO: stdout 2022-10-12T23:34:07.438041:Found 48 DICOM file(s)
INFO: stdout 2022-10-12T23:34:07.438041:Warning: Slice timing appears corrupted (range 0..5360, TR=4000 ms)
INFO: stdout 2022-10-12T23:34:07.438041:Convert 48 DICOM as /out/sub-voice850/ses-1/func/sub-voice850_ses-1_task-emosent_run-1_bold_heudiconv450 (108x108x65x48)
INFO: stdout 2022-10-12T23:34:11.844104:Compress: "/usr/bin/pigz" -b 960 -n -f -6 "/out/sub-voice850/ses-1/func/sub-voice850_ses-1_task-emosent_run-1_bold_heudiconv450.nii"
INFO: stdout 2022-10-12T23:34:11.844104:Conversion required 4.601409 seconds (0.135839 for core code).
INFO: [Node] Finished "convert", elapsed time 4.675921s.
INFO: Post-treating /out/sub-voice850/ses-1/func/sub-voice850_ses-1_task-emosent_run-1_bold.json file
INFO: Converting /out/sub-voice850/ses-1/func/sub-voice850_ses-1_task-emosent_run-2_bold (48 DICOMs) -> /out/sub-voice850/ses-1/func . Converter: dcm2niix . Output types: ('nii.gz',)
INFO: [Node] Setting-up "convert" in "/tmp/dcm2niixk8th1_ak/convert".
INFO: [Node] Executing "convert" <nipype.interfaces.dcm2nii.Dcm2niix>
INFO: stdout 2022-10-12T23:34:12.265257:Chris Rorden's dcm2niiX version v1.0.20211006  GCC10.2.1 x86-64 (64-bit Linux)
INFO: stdout 2022-10-12T23:34:12.265257:Found 48 DICOM file(s)
INFO: stdout 2022-10-12T23:34:12.265257:Warning: Slice timing appears corrupted (range 0..5357.5, TR=4000 ms)
INFO: stdout 2022-10-12T23:34:12.265257:Convert 48 DICOM as /out/sub-voice850/ses-1/func/sub-voice850_ses-1_task-emosent_run-2_bold_heudiconv121 (108x108x65x48)
INFO: stdout 2022-10-12T23:34:16.965786:Compress: "/usr/bin/pigz" -b 960 -n -f -6 "/out/sub-voice850/ses-1/func/sub-voice850_ses-1_task-emosent_run-2_bold_heudiconv121.nii"
INFO: stdout 2022-10-12T23:34:16.965786:Conversion required 4.929615 seconds (0.152079 for core code).
INFO: [Node] Finished "convert", elapsed time 4.985077s.
INFO: Post-treating /out/sub-voice850/ses-1/func/sub-voice850_ses-1_task-emosent_run-2_bold.json file
INFO: Converting /out/sub-voice850/ses-1/func/sub-voice850_ses-1_task-vowel_run-1_bold (60 DICOMs) -> /out/sub-voice850/ses-1/func . Converter: dcm2niix . Output types: ('nii.gz',)
INFO: [Node] Setting-up "convert" in "/tmp/dcm2niix1uvwo3fs/convert".
INFO: [Node] Executing "convert" <nipype.interfaces.dcm2nii.Dcm2niix>
INFO: stdout 2022-10-12T23:34:18.539190:Chris Rorden's dcm2niiX version v1.0.20211006  GCC10.2.1 x86-64 (64-bit Linux)
INFO: stdout 2022-10-12T23:34:18.539190:Found 60 DICOM file(s)
INFO: stdout 2022-10-12T23:34:18.539190:Warning: Slice timing appears corrupted (range 0..5357.5, TR=4000 ms)
INFO: stdout 2022-10-12T23:34:18.539190:Convert 60 DICOM as /out/sub-voice850/ses-1/func/sub-voice850_ses-1_task-vowel_run-1_bold_heudiconv644 (108x108x65x60)
INFO: stdout 2022-10-12T23:34:23.950521:Compress: "/usr/bin/pigz" -b 960 -n -f -6 "/out/sub-voice850/ses-1/func/sub-voice850_ses-1_task-vowel_run-1_bold_heudiconv644.nii"
INFO: stdout 2022-10-12T23:34:23.950521:Conversion required 6.290320 seconds (0.197276 for core code).
INFO: [Node] Finished "convert", elapsed time 6.365612s.
INFO: Post-treating /out/sub-voice850/ses-1/func/sub-voice850_ses-1_task-vowel_run-1_bold.json file
INFO: Converting /out/sub-voice850/ses-1/func/sub-voice850_ses-1_task-vowel_run-2_bold (60 DICOMs) -> /out/sub-voice850/ses-1/func . Converter: dcm2niix . Output types: ('nii.gz',)
INFO: [Node] Setting-up "convert" in "/tmp/dcm2niixv8gad498/convert".
INFO: [Node] Executing "convert" <nipype.interfaces.dcm2nii.Dcm2niix>
INFO: stdout 2022-10-12T23:34:24.544055:Chris Rorden's dcm2niiX version v1.0.20211006  GCC10.2.1 x86-64 (64-bit Linux)
INFO: stdout 2022-10-12T23:34:24.544055:Found 60 DICOM file(s)
INFO: stdout 2022-10-12T23:34:24.544055:Warning: Slice timing appears corrupted (range 0..5360, TR=4000 ms)
INFO: stdout 2022-10-12T23:34:24.544055:Convert 60 DICOM as /out/sub-voice850/ses-1/func/sub-voice850_ses-1_task-vowel_run-2_bold_heudiconv216 (108x108x65x60)
INFO: stdout 2022-10-12T23:34:29.800703:Compress: "/usr/bin/pigz" -b 960 -n -f -6 "/out/sub-voice850/ses-1/func/sub-voice850_ses-1_task-vowel_run-2_bold_heudiconv216.nii"
INFO: stdout 2022-10-12T23:34:29.800703:Conversion required 5.596902 seconds (0.172130 for core code).
INFO: [Node] Finished "convert", elapsed time 5.645674s.
INFO: Post-treating /out/sub-voice850/ses-1/func/sub-voice850_ses-1_task-vowel_run-2_bold.json file
INFO: Converting /out/sub-voice850/ses-1/func/sub-voice850_ses-1_task-pitchnw_run-1_bold (101 DICOMs) -> /out/sub-voice850/ses-1/func . Converter: dcm2niix . Output types: ('nii.gz',)
INFO: [Node] Setting-up "convert" in "/tmp/dcm2niix6k7cv263/convert".
INFO: [Node] Executing "convert" <nipype.interfaces.dcm2nii.Dcm2niix>
INFO: stdout 2022-10-12T23:34:30.670346:Chris Rorden's dcm2niiX version v1.0.20211006  GCC10.2.1 x86-64 (64-bit Linux)
INFO: stdout 2022-10-12T23:34:30.670346:Found 101 DICOM file(s)
INFO: stdout 2022-10-12T23:34:30.670346:Warning: Slice timing appears corrupted (range 0..5360, TR=2000 ms)
INFO: stdout 2022-10-12T23:34:30.670346:Convert 101 DICOM as /out/sub-voice850/ses-1/func/sub-voice850_ses-1_task-pitchnw_run-1_bold_heudiconv050 (108x108x65x101)
INFO: stdout 2022-10-12T23:34:41.425400:Compress: "/usr/bin/pigz" -b 960 -n -f -6 "/out/sub-voice850/ses-1/func/sub-voice850_ses-1_task-pitchnw_run-1_bold_heudiconv050.nii"
INFO: stdout 2022-10-12T23:34:41.425400:Conversion required 11.330886 seconds (0.286913 for core code).
INFO: [Node] Finished "convert", elapsed time 11.404761s.
INFO: Post-treating /out/sub-voice850/ses-1/func/sub-voice850_ses-1_task-pitchnw_run-1_bold.json file
INFO: Converting /out/sub-voice850/ses-1/func/sub-voice850_ses-1_task-pitchnw_run-2_bold (97 DICOMs) -> /out/sub-voice850/ses-1/func . Converter: dcm2niix . Output types: ('nii.gz',)
INFO: [Node] Setting-up "convert" in "/tmp/dcm2niixp00n6dit/convert".
INFO: [Node] Executing "convert" <nipype.interfaces.dcm2nii.Dcm2niix>
INFO: stdout 2022-10-12T23:34:46.287917:Chris Rorden's dcm2niiX version v1.0.20211006  GCC10.2.1 x86-64 (64-bit Linux)
INFO: stdout 2022-10-12T23:34:46.287917:Found 97 DICOM file(s)
INFO: stdout 2022-10-12T23:34:46.287917:Warning: Slice timing appears corrupted (range 0..5360, TR=2000 ms)
INFO: stdout 2022-10-12T23:34:46.287917:Convert 97 DICOM as /out/sub-voice850/ses-1/func/sub-voice850_ses-1_task-pitchnw_run-2_bold_heudiconv969 (108x108x65x97)
INFO: stdout 2022-10-12T23:34:55.565903:Compress: "/usr/bin/pigz" -b 960 -n -f -6 "/out/sub-voice850/ses-1/func/sub-voice850_ses-1_task-pitchnw_run-2_bold_heudiconv969.nii"
INFO: stdout 2022-10-12T23:34:55.565903:Conversion required 11.152431 seconds (0.360594 for core code).
INFO: [Node] Finished "convert", elapsed time 11.33551s.
INFO: Post-treating /out/sub-voice850/ses-1/func/sub-voice850_ses-1_task-pitchnw_run-2_bold.json file
INFO: Converting /out/sub-voice850/ses-1/func/sub-voice850_ses-1_task-movie_run-1_bold (138 DICOMs) -> /out/sub-voice850/ses-1/func . Converter: dcm2niix . Output types: ('nii.gz',)
INFO: [Node] Setting-up "convert" in "/tmp/dcm2niixowmyrtcc/convert".
INFO: [Node] Executing "convert" <nipype.interfaces.dcm2nii.Dcm2niix>
INFO: stdout 2022-10-12T23:34:57.522523:Chris Rorden's dcm2niiX version v1.0.20211006  GCC10.2.1 x86-64 (64-bit Linux)
INFO: stdout 2022-10-12T23:34:57.522523:Found 138 DICOM file(s)
INFO: stdout 2022-10-12T23:34:57.522523:Warning: Slice timing appears corrupted (range 0..5360, TR=1090 ms)
INFO: stdout 2022-10-12T23:34:57.522523:Convert 138 DICOM as /out/sub-voice850/ses-1/func/sub-voice850_ses-1_task-movie_run-1_bold_heudiconv790 (108x108x65x138)
INFO: stdout 2022-10-12T23:35:10.108917:Compress: "/usr/bin/pigz" -b 960 -n -f -6 "/out/sub-voice850/ses-1/func/sub-voice850_ses-1_task-movie_run-1_bold_heudiconv790.nii"
INFO: stdout 2022-10-12T23:35:10.108917:Conversion required 13.858285 seconds (0.387768 for core code).
INFO: [Node] Finished "convert", elapsed time 13.908334s.
INFO: Post-treating /out/sub-voice850/ses-1/func/sub-voice850_ses-1_task-movie_run-1_bold.json file
INFO: Populating template files under /out/
INFO: PROCESSING DONE: {'subject': 'voice850', 'outdir': '/out/', 'session': '1'}
