INFO: Running heudiconv version 0.11.3+d20220512 latest 0.11.4
INFO: Need to process 1 study sessions
INFO: PROCESSING STARTS: {'subject': 'voice864', 'outdir': '/out/', 'session': '1'}
INFO: Processing 4944 dicoms
INFO: Analyzing 4944 dicoms
INFO: Generated sequence info for 47 accession numbers with 4944 entries total
INFO: Doing conversion using dcm2niix
INFO: Converting /out/sub-voice864/ses-1/func/sub-voice864_ses-1_task-rest_run-1_bold (295 DICOMs) -> /out/sub-voice864/ses-1/func . Converter: dcm2niix . Output types: ('nii.gz',)
WARNING: A newer version (1.8.4) of nipy/nipype is available. You are using 1.8.0
INFO: [Node] Setting-up "convert" in "/tmp/dcm2niixutbb5uua/convert".
INFO: [Node] Executing "convert" <nipype.interfaces.dcm2nii.Dcm2niix>
INFO: stdout 2022-10-12T23:33:18.482454:Chris Rorden's dcm2niiX version v1.0.20211006  GCC10.2.1 x86-64 (64-bit Linux)
INFO: stdout 2022-10-12T23:33:18.482454:Found 295 DICOM file(s)
INFO: stdout 2022-10-12T23:33:18.482454:Warning: Slice timing appears corrupted (range 0..5360, TR=1090 ms)
INFO: stdout 2022-10-12T23:33:18.482454:Convert 295 DICOM as /out/sub-voice864/ses-1/func/sub-voice864_ses-1_task-rest_run-1_bold_heudiconv388 (108x108x65x295)
INFO: stdout 2022-10-12T23:33:58.352481:Compress: "/usr/bin/pigz" -b 960 -n -f -6 "/out/sub-voice864/ses-1/func/sub-voice864_ses-1_task-rest_run-1_bold_heudiconv388.nii"
INFO: stdout 2022-10-12T23:33:58.352481:Conversion required 46.694463 seconds (0.639467 for core code).
INFO: [Node] Finished "convert", elapsed time 46.905045s.
INFO: Post-treating /out/sub-voice864/ses-1/func/sub-voice864_ses-1_task-rest_run-1_bold.json file
INFO: Converting /out/sub-voice864/ses-1/fmap/sub-voice864_ses-1_acq-func_dir-PA_run-1_epi (260 DICOMs) -> /out/sub-voice864/ses-1/fmap . Converter: dcm2niix . Output types: ('nii.gz',)
INFO: [Node] Setting-up "convert" in "/tmp/dcm2niixxwumot2h/convert".
INFO: [Node] Executing "convert" <nipype.interfaces.dcm2nii.Dcm2niix>
INFO: stdout 2022-10-12T23:34:01.944870:Chris Rorden's dcm2niiX version v1.0.20211006  GCC10.2.1 x86-64 (64-bit Linux)
INFO: stdout 2022-10-12T23:34:01.944870:Found 260 DICOM file(s)
INFO: stdout 2022-10-12T23:34:01.944870:Convert 260 DICOM as /out/sub-voice864/ses-1/fmap/sub-voice864_ses-1_acq-func_dir-PA_run-1_epi_heudiconv000 (108x108x65x4)
INFO: stdout 2022-10-12T23:34:03.511279:Compress: "/usr/bin/pigz" -b 960 -n -f -6 "/out/sub-voice864/ses-1/fmap/sub-voice864_ses-1_acq-func_dir-PA_run-1_epi_heudiconv000.nii"
INFO: stdout 2022-10-12T23:34:03.511279:Conversion required 2.717353 seconds (0.113409 for core code).
INFO: [Node] Finished "convert", elapsed time 2.847127s.
WARNING: Failed to find task field in /out/sub-voice864/ses-1/fmap/sub-voice864_ses-1_acq-func_dir-PA_run-1_epi.json.
INFO: Post-treating /out/sub-voice864/ses-1/fmap/sub-voice864_ses-1_acq-func_dir-PA_run-1_epi.json file
INFO: Converting /out/sub-voice864/ses-1/fmap/sub-voice864_ses-1_acq-func_dir-AP_run-2_epi (260 DICOMs) -> /out/sub-voice864/ses-1/fmap . Converter: dcm2niix . Output types: ('nii.gz',)
INFO: [Node] Setting-up "convert" in "/tmp/dcm2niixt0w12esl/convert".
INFO: [Node] Executing "convert" <nipype.interfaces.dcm2nii.Dcm2niix>
INFO: stdout 2022-10-12T23:34:18.632388:Chris Rorden's dcm2niiX version v1.0.20211006  GCC10.2.1 x86-64 (64-bit Linux)
INFO: stdout 2022-10-12T23:34:18.632388:Found 260 DICOM file(s)
INFO: stdout 2022-10-12T23:34:18.632388:Convert 260 DICOM as /out/sub-voice864/ses-1/fmap/sub-voice864_ses-1_acq-func_dir-AP_run-2_epi_heudiconv127 (108x108x65x4)
INFO: stdout 2022-10-12T23:34:19.953769:Compress: "/usr/bin/pigz" -b 960 -n -f -6 "/out/sub-voice864/ses-1/fmap/sub-voice864_ses-1_acq-func_dir-AP_run-2_epi_heudiconv127.nii"
INFO: stdout 2022-10-12T23:34:19.953769:Conversion required 14.986391 seconds (0.119375 for core code).
INFO: [Node] Finished "convert", elapsed time 15.089177s.
WARNING: Failed to find task field in /out/sub-voice864/ses-1/fmap/sub-voice864_ses-1_acq-func_dir-AP_run-2_epi.json.
INFO: Post-treating /out/sub-voice864/ses-1/fmap/sub-voice864_ses-1_acq-func_dir-AP_run-2_epi.json file
INFO: Converting /out/sub-voice864/ses-1/dwi/sub-voice864_ses-1_acq-PA_dwi (72 DICOMs) -> /out/sub-voice864/ses-1/dwi . Converter: dcm2niix . Output types: ('nii.gz',)
INFO: [Node] Setting-up "convert" in "/tmp/dcm2niixa7oper2f/convert".
INFO: [Node] Executing "convert" <nipype.interfaces.dcm2nii.Dcm2niix>
INFO: stdout 2022-10-12T23:34:27.399325:Chris Rorden's dcm2niiX version v1.0.20211006  GCC10.2.1 x86-64 (64-bit Linux)
INFO: stdout 2022-10-12T23:34:27.399325:Found 72 DICOM file(s)
INFO: stdout 2022-10-12T23:34:27.399325:Warning: Slice timing appears corrupted (range 0..8.63999e+07, TR=4400 ms)
INFO: stdout 2022-10-12T23:34:27.399325:Convert 72 DICOM as /out/sub-voice864/ses-1/dwi/sub-voice864_ses-1_acq-PA_dwi_heudiconv193 (120x120x66x72)
INFO: stdout 2022-10-12T23:34:37.846738:Compress: "/usr/bin/pigz" -b 960 -n -f -6 "/out/sub-voice864/ses-1/dwi/sub-voice864_ses-1_acq-PA_dwi_heudiconv193.nii"
INFO: stdout 2022-10-12T23:34:37.846738:Conversion required 15.816466 seconds (0.300221 for core code).
INFO: [Node] Finished "convert", elapsed time 15.948012s.
WARNING: Failed to find task field in /out/sub-voice864/ses-1/dwi/sub-voice864_ses-1_acq-PA_dwi.json.
INFO: Post-treating /out/sub-voice864/ses-1/dwi/sub-voice864_ses-1_acq-PA_dwi.json file
INFO: Converting /out/sub-voice864/ses-1/dwi/sub-voice864_ses-1_acq-AP_dwi (7 DICOMs) -> /out/sub-voice864/ses-1/dwi . Converter: dcm2niix . Output types: ('nii.gz',)
INFO: [Node] Setting-up "convert" in "/tmp/dcm2niixp6hqb8br/convert".
INFO: [Node] Executing "convert" <nipype.interfaces.dcm2nii.Dcm2niix>
INFO: stdout 2022-10-12T23:34:44.830569:Chris Rorden's dcm2niiX version v1.0.20211006  GCC10.2.1 x86-64 (64-bit Linux)
INFO: stdout 2022-10-12T23:34:44.830569:Found 7 DICOM file(s)
INFO: stdout 2022-10-12T23:34:44.830569:Warning: Slice timing appears corrupted (range 0..8.63999e+07, TR=4400 ms)
INFO: stdout 2022-10-12T23:34:44.830569:Convert 7 DICOM as /out/sub-voice864/ses-1/dwi/sub-voice864_ses-1_acq-AP_dwi_heudiconv392 (120x120x66x7)
INFO: stdout 2022-10-12T23:34:46.446518:Compress: "/usr/bin/pigz" -b 960 -n -f -6 "/out/sub-voice864/ses-1/dwi/sub-voice864_ses-1_acq-AP_dwi_heudiconv392.nii"
INFO: stdout 2022-10-12T23:34:46.446518:Conversion required 4.609197 seconds (0.037785 for core code).
INFO: [Node] Finished "convert", elapsed time 6.3086s.
WARNING: Failed to find task field in /out/sub-voice864/ses-1/dwi/sub-voice864_ses-1_acq-AP_dwi.json.
INFO: Post-treating /out/sub-voice864/ses-1/dwi/sub-voice864_ses-1_acq-AP_dwi.json file
INFO: Converting /out/sub-voice864/ses-1/anat/sub-voice864_ses-1_run-1_T1w (176 DICOMs) -> /out/sub-voice864/ses-1/anat . Converter: dcm2niix . Output types: ('nii.gz',)
INFO: [Node] Setting-up "convert" in "/tmp/dcm2niixliyvqix3/convert".
INFO: [Node] Executing "convert" <nipype.interfaces.dcm2nii.Dcm2niix>
INFO: stdout 2022-10-12T23:34:54.653763:Chris Rorden's dcm2niiX version v1.0.20211006  GCC10.2.1 x86-64 (64-bit Linux)
INFO: stdout 2022-10-12T23:34:54.653763:Found 176 DICOM file(s)
INFO: stdout 2022-10-12T23:34:54.653763:Convert 176 DICOM as /out/sub-voice864/ses-1/anat/sub-voice864_ses-1_run-1_T1w_heudiconv916 (256x256x176x1)
INFO: stdout 2022-10-12T23:34:56.880455:Compress: "/usr/bin/pigz" -b 960 -n -f -6 "/out/sub-voice864/ses-1/anat/sub-voice864_ses-1_run-1_T1w_heudiconv916.nii"
INFO: stdout 2022-10-12T23:34:56.880455:Conversion required 7.324589 seconds (0.346736 for core code).
INFO: [Node] Finished "convert", elapsed time 8.007961s.
WARNING: Failed to find task field in /out/sub-voice864/ses-1/anat/sub-voice864_ses-1_run-1_T1w.json.
INFO: Post-treating /out/sub-voice864/ses-1/anat/sub-voice864_ses-1_run-1_T1w.json file
INFO: Converting /out/sub-voice864/ses-1/anat/sub-voice864_ses-1_T2w (176 DICOMs) -> /out/sub-voice864/ses-1/anat . Converter: dcm2niix . Output types: ('nii.gz',)
INFO: [Node] Setting-up "convert" in "/tmp/dcm2niixi5qk4efl/convert".
INFO: [Node] Executing "convert" <nipype.interfaces.dcm2nii.Dcm2niix>
INFO: stdout 2022-10-12T23:35:12.648418:Chris Rorden's dcm2niiX version v1.0.20211006  GCC10.2.1 x86-64 (64-bit Linux)
INFO: stdout 2022-10-12T23:35:12.648418:Found 176 DICOM file(s)
INFO: stdout 2022-10-12T23:35:12.648418:Convert 176 DICOM as /out/sub-voice864/ses-1/anat/sub-voice864_ses-1_T2w_heudiconv364 (256x256x176x1)
INFO: stdout 2022-10-12T23:35:16.509060:Compress: "/usr/bin/pigz" -b 960 -n -f -6 "/out/sub-voice864/ses-1/anat/sub-voice864_ses-1_T2w_heudiconv364.nii"
INFO: stdout 2022-10-12T23:35:16.509060:Conversion required 17.015588 seconds (0.366634 for core code).
INFO: [Node] Finished "convert", elapsed time 17.725891s.
WARNING: Failed to find task field in /out/sub-voice864/ses-1/anat/sub-voice864_ses-1_T2w.json.
INFO: Post-treating /out/sub-voice864/ses-1/anat/sub-voice864_ses-1_T2w.json file
INFO: Converting /out/sub-voice864/ses-1/func/sub-voice864_ses-1_task-pataka_run-1_bold (207 DICOMs) -> /out/sub-voice864/ses-1/func . Converter: dcm2niix . Output types: ('nii.gz',)
INFO: [Node] Setting-up "convert" in "/tmp/dcm2niixc8t3pcev/convert".
INFO: [Node] Executing "convert" <nipype.interfaces.dcm2nii.Dcm2niix>
INFO: stdout 2022-10-12T23:35:20.372754:Chris Rorden's dcm2niiX version v1.0.20211006  GCC10.2.1 x86-64 (64-bit Linux)
INFO: stdout 2022-10-12T23:35:20.372754:Found 207 DICOM file(s)
INFO: stdout 2022-10-12T23:35:20.372754:Warning: Slice timing appears corrupted (range 0..3135, TR=1640 ms)
INFO: stdout 2022-10-12T23:35:20.372754:Convert 207 DICOM as /out/sub-voice864/ses-1/func/sub-voice864_ses-1_task-pataka_run-1_bold_heudiconv353 (72x72x45x207)
INFO: stdout 2022-10-12T23:35:27.942727:Compress: "/usr/bin/pigz" -b 960 -n -f -6 "/out/sub-voice864/ses-1/func/sub-voice864_ses-1_task-pataka_run-1_bold_heudiconv353.nii"
INFO: stdout 2022-10-12T23:35:27.942727:Conversion required 9.219633 seconds (0.251239 for core code).
INFO: [Node] Finished "convert", elapsed time 9.32189s.
INFO: Post-treating /out/sub-voice864/ses-1/func/sub-voice864_ses-1_task-pataka_run-1_bold.json file
INFO: Converting /out/sub-voice864/ses-1/func/sub-voice864_ses-1_task-pataka_run-2_bold (207 DICOMs) -> /out/sub-voice864/ses-1/func . Converter: dcm2niix . Output types: ('nii.gz',)
INFO: [Node] Setting-up "convert" in "/tmp/dcm2niixsvm_lsvs/convert".
INFO: [Node] Executing "convert" <nipype.interfaces.dcm2nii.Dcm2niix>
INFO: stdout 2022-10-12T23:35:52.522581:Chris Rorden's dcm2niiX version v1.0.20211006  GCC10.2.1 x86-64 (64-bit Linux)
INFO: stdout 2022-10-12T23:35:52.522581:Found 207 DICOM file(s)
INFO: stdout 2022-10-12T23:35:52.522581:Warning: Slice timing appears corrupted (range 0..3135, TR=1640 ms)
INFO: stdout 2022-10-12T23:35:52.522581:Convert 207 DICOM as /out/sub-voice864/ses-1/func/sub-voice864_ses-1_task-pataka_run-2_bold_heudiconv668 (72x72x45x207)
INFO: stdout 2022-10-12T23:35:59.395576:Compress: "/usr/bin/pigz" -b 960 -n -f -6 "/out/sub-voice864/ses-1/func/sub-voice864_ses-1_task-pataka_run-2_bold_heudiconv668.nii"
INFO: stdout 2022-10-12T23:35:59.395576:Conversion required 25.211451 seconds (0.230935 for core code).
INFO: [Node] Finished "convert", elapsed time 25.54584s.
INFO: Post-treating /out/sub-voice864/ses-1/func/sub-voice864_ses-1_task-pataka_run-2_bold.json file
INFO: Converting /out/sub-voice864/ses-1/func/sub-voice864_ses-1_task-pitchsent_run-1_bold (64 DICOMs) -> /out/sub-voice864/ses-1/func . Converter: dcm2niix . Output types: ('nii.gz',)
INFO: [Node] Setting-up "convert" in "/tmp/dcm2niixn5jw5akt/convert".
INFO: [Node] Executing "convert" <nipype.interfaces.dcm2nii.Dcm2niix>
INFO: stdout 2022-10-12T23:36:02.798462:Chris Rorden's dcm2niiX version v1.0.20211006  GCC10.2.1 x86-64 (64-bit Linux)
INFO: stdout 2022-10-12T23:36:02.798462:Found 64 DICOM file(s)
INFO: stdout 2022-10-12T23:36:02.798462:Warning: Slice timing appears corrupted (range 0..5357.5, TR=4000 ms)
INFO: stdout 2022-10-12T23:36:02.798462:Convert 64 DICOM as /out/sub-voice864/ses-1/func/sub-voice864_ses-1_task-pitchsent_run-1_bold_heudiconv949 (108x108x65x64)
INFO: stdout 2022-10-12T23:36:10.463255:Compress: "/usr/bin/pigz" -b 960 -n -f -6 "/out/sub-voice864/ses-1/func/sub-voice864_ses-1_task-pitchsent_run-1_bold_heudiconv949.nii"
INFO: stdout 2022-10-12T23:36:10.463255:Conversion required 9.271660 seconds (0.153749 for core code).
INFO: [Node] Finished "convert", elapsed time 9.356237s.
INFO: Post-treating /out/sub-voice864/ses-1/func/sub-voice864_ses-1_task-pitchsent_run-1_bold.json file
INFO: Converting /out/sub-voice864/ses-1/func/sub-voice864_ses-1_task-pitchsent_run-2_bold (64 DICOMs) -> /out/sub-voice864/ses-1/func . Converter: dcm2niix . Output types: ('nii.gz',)
INFO: [Node] Setting-up "convert" in "/tmp/dcm2niixycud970u/convert".
INFO: [Node] Executing "convert" <nipype.interfaces.dcm2nii.Dcm2niix>
INFO: stdout 2022-10-12T23:36:13.518817:Chris Rorden's dcm2niiX version v1.0.20211006  GCC10.2.1 x86-64 (64-bit Linux)
INFO: stdout 2022-10-12T23:36:13.518817:Found 64 DICOM file(s)
INFO: stdout 2022-10-12T23:36:13.518817:Warning: Slice timing appears corrupted (range 0..5357.5, TR=4000 ms)
INFO: stdout 2022-10-12T23:36:13.518817:Convert 64 DICOM as /out/sub-voice864/ses-1/func/sub-voice864_ses-1_task-pitchsent_run-2_bold_heudiconv527 (108x108x65x64)
INFO: stdout 2022-10-12T23:36:22.294712:Compress: "/usr/bin/pigz" -b 960 -n -f -6 "/out/sub-voice864/ses-1/func/sub-voice864_ses-1_task-pitchsent_run-2_bold_heudiconv527.nii"
INFO: stdout 2022-10-12T23:36:22.294712:Conversion required 9.456504 seconds (0.146229 for core code).
INFO: [Node] Finished "convert", elapsed time 9.514851s.
INFO: Post-treating /out/sub-voice864/ses-1/func/sub-voice864_ses-1_task-pitchsent_run-2_bold.json file
INFO: Converting /out/sub-voice864/ses-1/func/sub-voice864_ses-1_task-nwr_run-1_bold (42 DICOMs) -> /out/sub-voice864/ses-1/func . Converter: dcm2niix . Output types: ('nii.gz',)
INFO: [Node] Setting-up "convert" in "/tmp/dcm2niix6eaqgt9j/convert".
INFO: [Node] Executing "convert" <nipype.interfaces.dcm2nii.Dcm2niix>
INFO: stdout 2022-10-12T23:36:26.354274:Chris Rorden's dcm2niiX version v1.0.20211006  GCC10.2.1 x86-64 (64-bit Linux)
INFO: stdout 2022-10-12T23:36:26.354274:Found 42 DICOM file(s)
INFO: stdout 2022-10-12T23:36:26.354274:Warning: Slice timing appears corrupted (range 0..5360, TR=4000 ms)
INFO: stdout 2022-10-12T23:36:26.354274:Convert 42 DICOM as /out/sub-voice864/ses-1/func/sub-voice864_ses-1_task-nwr_run-1_bold_heudiconv728 (108x108x65x42)
INFO: stdout 2022-10-12T23:36:31.256494:Compress: "/usr/bin/pigz" -b 960 -n -f -6 "/out/sub-voice864/ses-1/func/sub-voice864_ses-1_task-nwr_run-1_bold_heudiconv728.nii"
INFO: stdout 2022-10-12T23:36:31.256494:Conversion required 7.832983 seconds (0.106860 for core code).
INFO: [Node] Finished "convert", elapsed time 8.115047s.
INFO: Post-treating /out/sub-voice864/ses-1/func/sub-voice864_ses-1_task-nwr_run-1_bold.json file
INFO: Converting /out/sub-voice864/ses-1/func/sub-voice864_ses-1_task-nwr_run-2_bold (42 DICOMs) -> /out/sub-voice864/ses-1/func . Converter: dcm2niix . Output types: ('nii.gz',)
INFO: [Node] Setting-up "convert" in "/tmp/dcm2niixnqeywj88/convert".
INFO: [Node] Executing "convert" <nipype.interfaces.dcm2nii.Dcm2niix>
INFO: stdout 2022-10-12T23:36:34.776974:Chris Rorden's dcm2niiX version v1.0.20211006  GCC10.2.1 x86-64 (64-bit Linux)
INFO: stdout 2022-10-12T23:36:34.776974:Found 42 DICOM file(s)
INFO: stdout 2022-10-12T23:36:34.776974:Warning: Slice timing appears corrupted (range 0..5360, TR=4000 ms)
INFO: stdout 2022-10-12T23:36:34.776974:Convert 42 DICOM as /out/sub-voice864/ses-1/func/sub-voice864_ses-1_task-nwr_run-2_bold_heudiconv290 (108x108x65x42)
INFO: stdout 2022-10-12T23:36:40.433473:Compress: "/usr/bin/pigz" -b 960 -n -f -6 "/out/sub-voice864/ses-1/func/sub-voice864_ses-1_task-nwr_run-2_bold_heudiconv290.nii"
INFO: stdout 2022-10-12T23:36:40.433473:Conversion required 6.305858 seconds (0.092866 for core code).
INFO: [Node] Finished "convert", elapsed time 8.231403s.
INFO: Post-treating /out/sub-voice864/ses-1/func/sub-voice864_ses-1_task-nwr_run-2_bold.json file
INFO: Converting /out/sub-voice864/ses-1/func/sub-voice864_ses-1_task-nwr_run-3_bold (42 DICOMs) -> /out/sub-voice864/ses-1/func . Converter: dcm2niix . Output types: ('nii.gz',)
INFO: [Node] Setting-up "convert" in "/tmp/dcm2niixpfttucnn/convert".
INFO: [Node] Executing "convert" <nipype.interfaces.dcm2nii.Dcm2niix>
INFO: stdout 2022-10-12T23:36:45.639979:Chris Rorden's dcm2niiX version v1.0.20211006  GCC10.2.1 x86-64 (64-bit Linux)
INFO: stdout 2022-10-12T23:36:45.639979:Found 42 DICOM file(s)
INFO: stdout 2022-10-12T23:36:45.639979:Warning: Slice timing appears corrupted (range 0..5357.5, TR=4000 ms)
INFO: stdout 2022-10-12T23:36:45.639979:Convert 42 DICOM as /out/sub-voice864/ses-1/func/sub-voice864_ses-1_task-nwr_run-3_bold_heudiconv230 (108x108x65x42)
INFO: stdout 2022-10-12T23:36:51.144254:Compress: "/usr/bin/pigz" -b 960 -n -f -6 "/out/sub-voice864/ses-1/func/sub-voice864_ses-1_task-nwr_run-3_bold_heudiconv230.nii"
INFO: stdout 2022-10-12T23:36:51.144254:Conversion required 7.220133 seconds (0.106143 for core code).
INFO: [Node] Finished "convert", elapsed time 7.46275s.
INFO: Post-treating /out/sub-voice864/ses-1/func/sub-voice864_ses-1_task-nwr_run-3_bold.json file
INFO: Converting /out/sub-voice864/ses-1/func/sub-voice864_ses-1_task-emosent_run-1_bold (48 DICOMs) -> /out/sub-voice864/ses-1/func . Converter: dcm2niix . Output types: ('nii.gz',)
INFO: [Node] Setting-up "convert" in "/tmp/dcm2niixhc89agme/convert".
INFO: [Node] Executing "convert" <nipype.interfaces.dcm2nii.Dcm2niix>
INFO: stdout 2022-10-12T23:36:53.195911:Chris Rorden's dcm2niiX version v1.0.20211006  GCC10.2.1 x86-64 (64-bit Linux)
INFO: stdout 2022-10-12T23:36:53.195911:Found 48 DICOM file(s)
INFO: stdout 2022-10-12T23:36:53.195911:Warning: Slice timing appears corrupted (range 0..5357.5, TR=4000 ms)
INFO: stdout 2022-10-12T23:36:53.195911:Convert 48 DICOM as /out/sub-voice864/ses-1/func/sub-voice864_ses-1_task-emosent_run-1_bold_heudiconv523 (108x108x65x48)
INFO: stdout 2022-10-12T23:37:01.236516:Compress: "/usr/bin/pigz" -b 960 -n -f -6 "/out/sub-voice864/ses-1/func/sub-voice864_ses-1_task-emosent_run-1_bold_heudiconv523.nii"
INFO: stdout 2022-10-12T23:37:01.236516:Conversion required 9.235332 seconds (0.114814 for core code).
INFO: [Node] Finished "convert", elapsed time 9.571382s.
INFO: Post-treating /out/sub-voice864/ses-1/func/sub-voice864_ses-1_task-emosent_run-1_bold.json file
INFO: Converting /out/sub-voice864/ses-1/func/sub-voice864_ses-1_task-emosent_run-2_bold (48 DICOMs) -> /out/sub-voice864/ses-1/func . Converter: dcm2niix . Output types: ('nii.gz',)
INFO: [Node] Setting-up "convert" in "/tmp/dcm2niixaa_xij2h/convert".
INFO: [Node] Executing "convert" <nipype.interfaces.dcm2nii.Dcm2niix>
INFO: stdout 2022-10-12T23:37:05.586380:Chris Rorden's dcm2niiX version v1.0.20211006  GCC10.2.1 x86-64 (64-bit Linux)
INFO: stdout 2022-10-12T23:37:05.586380:Found 48 DICOM file(s)
INFO: stdout 2022-10-12T23:37:05.586380:Warning: Slice timing appears corrupted (range 0..5360, TR=4000 ms)
INFO: stdout 2022-10-12T23:37:05.586380:Convert 48 DICOM as /out/sub-voice864/ses-1/func/sub-voice864_ses-1_task-emosent_run-2_bold_heudiconv286 (108x108x65x48)
INFO: stdout 2022-10-12T23:37:10.858945:Compress: "/usr/bin/pigz" -b 960 -n -f -6 "/out/sub-voice864/ses-1/func/sub-voice864_ses-1_task-emosent_run-2_bold_heudiconv286.nii"
INFO: stdout 2022-10-12T23:37:10.858945:Conversion required 7.498224 seconds (0.118674 for core code).
INFO: [Node] Finished "convert", elapsed time 7.665762s.
INFO: Post-treating /out/sub-voice864/ses-1/func/sub-voice864_ses-1_task-emosent_run-2_bold.json file
INFO: Converting /out/sub-voice864/ses-1/func/sub-voice864_ses-1_task-vowel_run-1_bold (60 DICOMs) -> /out/sub-voice864/ses-1/func . Converter: dcm2niix . Output types: ('nii.gz',)
INFO: [Node] Setting-up "convert" in "/tmp/dcm2niix2l1u5j_j/convert".
INFO: [Node] Executing "convert" <nipype.interfaces.dcm2nii.Dcm2niix>
INFO: stdout 2022-10-12T23:37:17.199411:Chris Rorden's dcm2niiX version v1.0.20211006  GCC10.2.1 x86-64 (64-bit Linux)
INFO: stdout 2022-10-12T23:37:17.199411:Found 60 DICOM file(s)
INFO: stdout 2022-10-12T23:37:17.199411:Warning: Slice timing appears corrupted (range 0..5357.5, TR=4000 ms)
INFO: stdout 2022-10-12T23:37:17.199411:Convert 60 DICOM as /out/sub-voice864/ses-1/func/sub-voice864_ses-1_task-vowel_run-1_bold_heudiconv775 (108x108x65x60)
INFO: stdout 2022-10-12T23:37:23.277336:Compress: "/usr/bin/pigz" -b 960 -n -f -6 "/out/sub-voice864/ses-1/func/sub-voice864_ses-1_task-vowel_run-1_bold_heudiconv775.nii"
INFO: stdout 2022-10-12T23:37:23.277336:Conversion required 7.343542 seconds (0.143539 for core code).
INFO: [Node] Finished "convert", elapsed time 7.463036s.
INFO: Post-treating /out/sub-voice864/ses-1/func/sub-voice864_ses-1_task-vowel_run-1_bold.json file
INFO: Converting /out/sub-voice864/ses-1/func/sub-voice864_ses-1_task-vowel_run-2_bold (60 DICOMs) -> /out/sub-voice864/ses-1/func . Converter: dcm2niix . Output types: ('nii.gz',)
INFO: [Node] Setting-up "convert" in "/tmp/dcm2niixwic6mno7/convert".
INFO: [Node] Executing "convert" <nipype.interfaces.dcm2nii.Dcm2niix>
INFO: stdout 2022-10-12T23:37:26.790270:Chris Rorden's dcm2niiX version v1.0.20211006  GCC10.2.1 x86-64 (64-bit Linux)
INFO: stdout 2022-10-12T23:37:26.790270:Found 60 DICOM file(s)
INFO: stdout 2022-10-12T23:37:26.790270:Warning: Slice timing appears corrupted (range 0..5357.5, TR=4000 ms)
INFO: stdout 2022-10-12T23:37:26.790270:Convert 60 DICOM as /out/sub-voice864/ses-1/func/sub-voice864_ses-1_task-vowel_run-2_bold_heudiconv350 (108x108x65x60)
INFO: stdout 2022-10-12T23:37:36.086548:Compress: "/usr/bin/pigz" -b 960 -n -f -6 "/out/sub-voice864/ses-1/func/sub-voice864_ses-1_task-vowel_run-2_bold_heudiconv350.nii"
INFO: stdout 2022-10-12T23:37:36.086548:Conversion required 11.724643 seconds (0.159166 for core code).
INFO: [Node] Finished "convert", elapsed time 11.83438s.
INFO: Post-treating /out/sub-voice864/ses-1/func/sub-voice864_ses-1_task-vowel_run-2_bold.json file
INFO: Converting /out/sub-voice864/ses-1/func/sub-voice864_ses-1_task-pitchnw_run-1_bold (101 DICOMs) -> /out/sub-voice864/ses-1/func . Converter: dcm2niix . Output types: ('nii.gz',)
INFO: [Node] Setting-up "convert" in "/tmp/dcm2niixy4t0nm_s/convert".
INFO: [Node] Executing "convert" <nipype.interfaces.dcm2nii.Dcm2niix>
INFO: stdout 2022-10-12T23:37:47.265657:Chris Rorden's dcm2niiX version v1.0.20211006  GCC10.2.1 x86-64 (64-bit Linux)
INFO: stdout 2022-10-12T23:37:47.265657:Found 101 DICOM file(s)
INFO: stdout 2022-10-12T23:37:47.265657:Warning: Slice timing appears corrupted (range 0..5357.5, TR=2000 ms)
INFO: stdout 2022-10-12T23:37:47.265657:Convert 101 DICOM as /out/sub-voice864/ses-1/func/sub-voice864_ses-1_task-pitchnw_run-1_bold_heudiconv215 (108x108x65x101)
INFO: stdout 2022-10-12T23:37:59.282190:Compress: "/usr/bin/pigz" -b 960 -n -f -6 "/out/sub-voice864/ses-1/func/sub-voice864_ses-1_task-pitchnw_run-1_bold_heudiconv215.nii"
INFO: stdout 2022-10-12T23:37:59.282190:Conversion required 19.637016 seconds (0.243335 for core code).
INFO: [Node] Finished "convert", elapsed time 19.725789s.
INFO: Post-treating /out/sub-voice864/ses-1/func/sub-voice864_ses-1_task-pitchnw_run-1_bold.json file
INFO: Converting /out/sub-voice864/ses-1/func/sub-voice864_ses-1_task-pitchnw_run-2_bold (101 DICOMs) -> /out/sub-voice864/ses-1/func . Converter: dcm2niix . Output types: ('nii.gz',)
INFO: [Node] Setting-up "convert" in "/tmp/dcm2niixf7i936e1/convert".
INFO: [Node] Executing "convert" <nipype.interfaces.dcm2nii.Dcm2niix>
INFO: stdout 2022-10-12T23:38:05.511755:Chris Rorden's dcm2niiX version v1.0.20211006  GCC10.2.1 x86-64 (64-bit Linux)
INFO: stdout 2022-10-12T23:38:05.511755:Found 101 DICOM file(s)
INFO: stdout 2022-10-12T23:38:05.511755:Warning: Slice timing appears corrupted (range 0..5357.5, TR=2000 ms)
INFO: stdout 2022-10-12T23:38:05.511755:Convert 101 DICOM as /out/sub-voice864/ses-1/func/sub-voice864_ses-1_task-pitchnw_run-2_bold_heudiconv953 (108x108x65x101)
INFO: stdout 2022-10-12T23:38:16.877076:Compress: "/usr/bin/pigz" -b 960 -n -f -6 "/out/sub-voice864/ses-1/func/sub-voice864_ses-1_task-pitchnw_run-2_bold_heudiconv953.nii"
INFO: stdout 2022-10-12T23:38:16.877076:Conversion required 14.837964 seconds (0.223125 for core code).
INFO: [Node] Finished "convert", elapsed time 15.019003s.
INFO: Post-treating /out/sub-voice864/ses-1/func/sub-voice864_ses-1_task-pitchnw_run-2_bold.json file
INFO: Converting /out/sub-voice864/ses-1/func/sub-voice864_ses-1_task-movie_run-1_bold (138 DICOMs) -> /out/sub-voice864/ses-1/func . Converter: dcm2niix . Output types: ('nii.gz',)
INFO: [Node] Setting-up "convert" in "/tmp/dcm2niixkw5tczjz/convert".
INFO: [Node] Executing "convert" <nipype.interfaces.dcm2nii.Dcm2niix>
INFO: stdout 2022-10-12T23:38:24.469322:Chris Rorden's dcm2niiX version v1.0.20211006  GCC10.2.1 x86-64 (64-bit Linux)
INFO: stdout 2022-10-12T23:38:24.469322:Found 138 DICOM file(s)
INFO: stdout 2022-10-12T23:38:24.469322:Warning: Slice timing appears corrupted (range 0..5360, TR=1090 ms)
INFO: stdout 2022-10-12T23:38:24.469322:Convert 138 DICOM as /out/sub-voice864/ses-1/func/sub-voice864_ses-1_task-movie_run-1_bold_heudiconv996 (108x108x65x138)
INFO: stdout 2022-10-12T23:38:40.795777:Compress: "/usr/bin/pigz" -b 960 -n -f -6 "/out/sub-voice864/ses-1/func/sub-voice864_ses-1_task-movie_run-1_bold_heudiconv996.nii"
INFO: stdout 2022-10-12T23:38:40.795777:Conversion required 21.881743 seconds (0.303655 for core code).
INFO: [Node] Finished "convert", elapsed time 21.921011s.
INFO: Post-treating /out/sub-voice864/ses-1/func/sub-voice864_ses-1_task-movie_run-1_bold.json file
WARNING: Existing lockfile found in /out/heudiconv.lock - waiting for the lock to be released. To set a timeout limit, set the HEUDICONV_FILELOCK_TIMEOUT environmental variable to a value in seconds. If this process hangs, it may require a manual deletion of the /out/heudiconv.lock.
INFO: Populating template files under /out/
INFO: PROCESSING DONE: {'subject': 'voice864', 'outdir': '/out/', 'session': '1'}
