INFO: Running heudiconv version 0.11.3+d20220512 latest 0.11.4
INFO: Need to process 1 study sessions
INFO: PROCESSING STARTS: {'subject': 'voice862', 'outdir': '/out/', 'session': '1'}
INFO: Processing 5267 dicoms
INFO: Analyzing 5267 dicoms
INFO: Generated sequence info for 51 accession numbers with 5267 entries total
INFO: Doing conversion using dcm2niix
INFO: Converting /out/sub-voice862/ses-1/func/sub-voice862_ses-1_task-rest_run-1_bold (295 DICOMs) -> /out/sub-voice862/ses-1/func . Converter: dcm2niix . Output types: ('nii.gz',)
WARNING: A newer version (1.8.4) of nipy/nipype is available. You are using 1.8.0
INFO: [Node] Setting-up "convert" in "/tmp/dcm2niixaifarpcl/convert".
INFO: [Node] Executing "convert" <nipype.interfaces.dcm2nii.Dcm2niix>
INFO: stdout 2022-10-12T23:32:52.011355:Chris Rorden's dcm2niiX version v1.0.20211006  GCC10.2.1 x86-64 (64-bit Linux)
INFO: stdout 2022-10-12T23:32:52.011355:Found 295 DICOM file(s)
INFO: stdout 2022-10-12T23:32:52.011355:Warning: Slice timing appears corrupted (range 0..5360, TR=1090 ms)
INFO: stdout 2022-10-12T23:32:52.011355:Convert 295 DICOM as /out/sub-voice862/ses-1/func/sub-voice862_ses-1_task-rest_run-1_bold_heudiconv672 (108x108x65x295)
INFO: stdout 2022-10-12T23:33:25.578820:Compress: "/usr/bin/pigz" -b 960 -n -f -6 "/out/sub-voice862/ses-1/func/sub-voice862_ses-1_task-rest_run-1_bold_heudiconv672.nii"
INFO: stdout 2022-10-12T23:33:25.578820:Conversion required 40.021199 seconds (0.628533 for core code).
INFO: [Node] Finished "convert", elapsed time 40.726677s.
INFO: Post-treating /out/sub-voice862/ses-1/func/sub-voice862_ses-1_task-rest_run-1_bold.json file
INFO: Converting /out/sub-voice862/ses-1/fmap/sub-voice862_ses-1_acq-func_dir-PA_run-1_epi (260 DICOMs) -> /out/sub-voice862/ses-1/fmap . Converter: dcm2niix . Output types: ('nii.gz',)
INFO: [Node] Setting-up "convert" in "/tmp/dcm2niixytnv4onw/convert".
INFO: [Node] Executing "convert" <nipype.interfaces.dcm2nii.Dcm2niix>
INFO: stdout 2022-10-12T23:33:31.099682:Chris Rorden's dcm2niiX version v1.0.20211006  GCC10.2.1 x86-64 (64-bit Linux)
INFO: stdout 2022-10-12T23:33:31.099682:Found 260 DICOM file(s)
INFO: stdout 2022-10-12T23:33:31.099682:Convert 260 DICOM as /out/sub-voice862/ses-1/fmap/sub-voice862_ses-1_acq-func_dir-PA_run-1_epi_heudiconv730 (108x108x65x4)
INFO: stdout 2022-10-12T23:33:32.117340:Compress: "/usr/bin/pigz" -b 960 -n -f -6 "/out/sub-voice862/ses-1/fmap/sub-voice862_ses-1_acq-func_dir-PA_run-1_epi_heudiconv730.nii"
INFO: stdout 2022-10-12T23:33:32.117340:Conversion required 4.861309 seconds (0.100878 for core code).
INFO: [Node] Finished "convert", elapsed time 4.941365s.
WARNING: Failed to find task field in /out/sub-voice862/ses-1/fmap/sub-voice862_ses-1_acq-func_dir-PA_run-1_epi.json.
INFO: Post-treating /out/sub-voice862/ses-1/fmap/sub-voice862_ses-1_acq-func_dir-PA_run-1_epi.json file
INFO: Converting /out/sub-voice862/ses-1/fmap/sub-voice862_ses-1_acq-func_dir-AP_run-2_epi (260 DICOMs) -> /out/sub-voice862/ses-1/fmap . Converter: dcm2niix . Output types: ('nii.gz',)
INFO: [Node] Setting-up "convert" in "/tmp/dcm2niixv7_hlapa/convert".
INFO: [Node] Executing "convert" <nipype.interfaces.dcm2nii.Dcm2niix>
INFO: stdout 2022-10-12T23:33:42.708033:Chris Rorden's dcm2niiX version v1.0.20211006  GCC10.2.1 x86-64 (64-bit Linux)
INFO: stdout 2022-10-12T23:33:42.708033:Found 260 DICOM file(s)
INFO: stdout 2022-10-12T23:33:42.708033:Convert 260 DICOM as /out/sub-voice862/ses-1/fmap/sub-voice862_ses-1_acq-func_dir-AP_run-2_epi_heudiconv047 (108x108x65x4)
INFO: stdout 2022-10-12T23:33:43.249097:Compress: "/usr/bin/pigz" -b 960 -n -f -6 "/out/sub-voice862/ses-1/fmap/sub-voice862_ses-1_acq-func_dir-AP_run-2_epi_heudiconv047.nii"
INFO: stdout 2022-10-12T23:33:43.249097:Conversion required 10.046287 seconds (0.105430 for core code).
INFO: [Node] Finished "convert", elapsed time 10.124404s.
WARNING: Failed to find task field in /out/sub-voice862/ses-1/fmap/sub-voice862_ses-1_acq-func_dir-AP_run-2_epi.json.
INFO: Post-treating /out/sub-voice862/ses-1/fmap/sub-voice862_ses-1_acq-func_dir-AP_run-2_epi.json file
INFO: Converting /out/sub-voice862/ses-1/dwi/sub-voice862_ses-1_acq-PA_dwi (72 DICOMs) -> /out/sub-voice862/ses-1/dwi . Converter: dcm2niix . Output types: ('nii.gz',)
INFO: [Node] Setting-up "convert" in "/tmp/dcm2niixbf32b88j/convert".
INFO: [Node] Executing "convert" <nipype.interfaces.dcm2nii.Dcm2niix>
INFO: stdout 2022-10-12T23:33:45.853117:Chris Rorden's dcm2niiX version v1.0.20211006  GCC10.2.1 x86-64 (64-bit Linux)
INFO: stdout 2022-10-12T23:33:45.853117:Found 72 DICOM file(s)
INFO: stdout 2022-10-12T23:33:45.853117:Warning: Slice timing appears corrupted (range 0..8.63999e+07, TR=4400 ms)
INFO: stdout 2022-10-12T23:33:45.853117:Convert 72 DICOM as /out/sub-voice862/ses-1/dwi/sub-voice862_ses-1_acq-PA_dwi_heudiconv887 (120x120x66x72)
INFO: stdout 2022-10-12T23:33:58.329856:Compress: "/usr/bin/pigz" -b 960 -n -f -6 "/out/sub-voice862/ses-1/dwi/sub-voice862_ses-1_acq-PA_dwi_heudiconv887.nii"
INFO: stdout 2022-10-12T23:33:58.329856:Conversion required 14.550594 seconds (0.219884 for core code).
INFO: [Node] Finished "convert", elapsed time 14.808965s.
WARNING: Failed to find task field in /out/sub-voice862/ses-1/dwi/sub-voice862_ses-1_acq-PA_dwi.json.
INFO: Post-treating /out/sub-voice862/ses-1/dwi/sub-voice862_ses-1_acq-PA_dwi.json file
INFO: Converting /out/sub-voice862/ses-1/dwi/sub-voice862_ses-1_acq-AP_dwi (7 DICOMs) -> /out/sub-voice862/ses-1/dwi . Converter: dcm2niix . Output types: ('nii.gz',)
INFO: [Node] Setting-up "convert" in "/tmp/dcm2niixgykjk36j/convert".
INFO: [Node] Executing "convert" <nipype.interfaces.dcm2nii.Dcm2niix>
INFO: stdout 2022-10-12T23:33:59.651153:Chris Rorden's dcm2niiX version v1.0.20211006  GCC10.2.1 x86-64 (64-bit Linux)
INFO: stdout 2022-10-12T23:33:59.651153:Found 7 DICOM file(s)
INFO: stdout 2022-10-12T23:33:59.651153:Warning: Slice timing appears corrupted (range 0..8.63999e+07, TR=4400 ms)
INFO: stdout 2022-10-12T23:33:59.651153:Convert 7 DICOM as /out/sub-voice862/ses-1/dwi/sub-voice862_ses-1_acq-AP_dwi_heudiconv139 (120x120x66x7)
INFO: stdout 2022-10-12T23:34:01.073123:Compress: "/usr/bin/pigz" -b 960 -n -f -6 "/out/sub-voice862/ses-1/dwi/sub-voice862_ses-1_acq-AP_dwi_heudiconv139.nii"
INFO: stdout 2022-10-12T23:34:01.073123:Conversion required 1.953030 seconds (0.031863 for core code).
INFO: [Node] Finished "convert", elapsed time 1.990707s.
WARNING: Failed to find task field in /out/sub-voice862/ses-1/dwi/sub-voice862_ses-1_acq-AP_dwi.json.
INFO: Post-treating /out/sub-voice862/ses-1/dwi/sub-voice862_ses-1_acq-AP_dwi.json file
INFO: Converting /out/sub-voice862/ses-1/anat/sub-voice862_ses-1_run-1_T1w (176 DICOMs) -> /out/sub-voice862/ses-1/anat . Converter: dcm2niix . Output types: ('nii.gz',)
INFO: [Node] Setting-up "convert" in "/tmp/dcm2niix0a6pggdm/convert".
INFO: [Node] Executing "convert" <nipype.interfaces.dcm2nii.Dcm2niix>
INFO: stdout 2022-10-12T23:34:05.197847:Chris Rorden's dcm2niiX version v1.0.20211006  GCC10.2.1 x86-64 (64-bit Linux)
INFO: stdout 2022-10-12T23:34:05.197847:Found 176 DICOM file(s)
INFO: stdout 2022-10-12T23:34:05.197847:Convert 176 DICOM as /out/sub-voice862/ses-1/anat/sub-voice862_ses-1_run-1_T1w_heudiconv214 (256x256x176x1)
INFO: stdout 2022-10-12T23:34:12.052541:Compress: "/usr/bin/pigz" -b 960 -n -f -6 "/out/sub-voice862/ses-1/anat/sub-voice862_ses-1_run-1_T1w_heudiconv214.nii"
INFO: stdout 2022-10-12T23:34:12.052541:Conversion required 10.392480 seconds (0.406250 for core code).
INFO: [Node] Finished "convert", elapsed time 10.567422s.
WARNING: Failed to find task field in /out/sub-voice862/ses-1/anat/sub-voice862_ses-1_run-1_T1w.json.
INFO: Post-treating /out/sub-voice862/ses-1/anat/sub-voice862_ses-1_run-1_T1w.json file
INFO: Converting /out/sub-voice862/ses-1/anat/sub-voice862_ses-1_T2w (176 DICOMs) -> /out/sub-voice862/ses-1/anat . Converter: dcm2niix . Output types: ('nii.gz',)
INFO: [Node] Setting-up "convert" in "/tmp/dcm2niixrs85mbig/convert".
INFO: [Node] Executing "convert" <nipype.interfaces.dcm2nii.Dcm2niix>
INFO: stdout 2022-10-12T23:34:21.880534:Chris Rorden's dcm2niiX version v1.0.20211006  GCC10.2.1 x86-64 (64-bit Linux)
INFO: stdout 2022-10-12T23:34:21.880534:Found 176 DICOM file(s)
INFO: stdout 2022-10-12T23:34:21.880534:Convert 176 DICOM as /out/sub-voice862/ses-1/anat/sub-voice862_ses-1_T2w_heudiconv247 (256x256x176x1)
INFO: stdout 2022-10-12T23:34:23.895213:Compress: "/usr/bin/pigz" -b 960 -n -f -6 "/out/sub-voice862/ses-1/anat/sub-voice862_ses-1_T2w_heudiconv247.nii"
INFO: stdout 2022-10-12T23:34:23.895213:Conversion required 10.457450 seconds (0.361894 for core code).
INFO: [Node] Finished "convert", elapsed time 10.856393s.
WARNING: Failed to find task field in /out/sub-voice862/ses-1/anat/sub-voice862_ses-1_T2w.json.
INFO: Post-treating /out/sub-voice862/ses-1/anat/sub-voice862_ses-1_T2w.json file
INFO: Converting /out/sub-voice862/ses-1/func/sub-voice862_ses-1_task-pataka_run-1_bold (207 DICOMs) -> /out/sub-voice862/ses-1/func . Converter: dcm2niix . Output types: ('nii.gz',)
INFO: [Node] Setting-up "convert" in "/tmp/dcm2niix8uhc5g6m/convert".
INFO: [Node] Executing "convert" <nipype.interfaces.dcm2nii.Dcm2niix>
INFO: stdout 2022-10-12T23:34:40.307628:Chris Rorden's dcm2niiX version v1.0.20211006  GCC10.2.1 x86-64 (64-bit Linux)
INFO: stdout 2022-10-12T23:34:40.307628:Found 207 DICOM file(s)
INFO: stdout 2022-10-12T23:34:40.307628:Warning: Slice timing appears corrupted (range 0..3135, TR=1640 ms)
INFO: stdout 2022-10-12T23:34:40.307628:Convert 207 DICOM as /out/sub-voice862/ses-1/func/sub-voice862_ses-1_task-pataka_run-1_bold_heudiconv267 (72x72x45x207)
INFO: stdout 2022-10-12T23:34:48.449480:Compress: "/usr/bin/pigz" -b 960 -n -f -6 "/out/sub-voice862/ses-1/func/sub-voice862_ses-1_task-pataka_run-1_bold_heudiconv267.nii"
INFO: stdout 2022-10-12T23:34:48.449480:Conversion required 21.047943 seconds (0.287608 for core code).
INFO: [Node] Finished "convert", elapsed time 21.25995s.
INFO: Post-treating /out/sub-voice862/ses-1/func/sub-voice862_ses-1_task-pataka_run-1_bold.json file
INFO: Converting /out/sub-voice862/ses-1/func/sub-voice862_ses-1_task-pataka_run-2_bold (207 DICOMs) -> /out/sub-voice862/ses-1/func . Converter: dcm2niix . Output types: ('nii.gz',)
INFO: [Node] Setting-up "convert" in "/tmp/dcm2niixcva0s6_h/convert".
INFO: [Node] Executing "convert" <nipype.interfaces.dcm2nii.Dcm2niix>
INFO: stdout 2022-10-12T23:34:55.017154:Chris Rorden's dcm2niiX version v1.0.20211006  GCC10.2.1 x86-64 (64-bit Linux)
INFO: stdout 2022-10-12T23:34:55.017154:Found 207 DICOM file(s)
INFO: stdout 2022-10-12T23:34:55.017154:Warning: Slice timing appears corrupted (range 0..3135, TR=1640 ms)
INFO: stdout 2022-10-12T23:34:55.017154:Convert 207 DICOM as /out/sub-voice862/ses-1/func/sub-voice862_ses-1_task-pataka_run-2_bold_heudiconv755 (72x72x45x207)
INFO: stdout 2022-10-12T23:35:06.299282:Compress: "/usr/bin/pigz" -b 960 -n -f -6 "/out/sub-voice862/ses-1/func/sub-voice862_ses-1_task-pataka_run-2_bold_heudiconv755.nii"
INFO: stdout 2022-10-12T23:35:06.299282:Conversion required 16.821697 seconds (0.289963 for core code).
INFO: [Node] Finished "convert", elapsed time 17.079081s.
INFO: Post-treating /out/sub-voice862/ses-1/func/sub-voice862_ses-1_task-pataka_run-2_bold.json file
INFO: Converting /out/sub-voice862/ses-1/func/sub-voice862_ses-1_task-pitchsent_run-1_bold (64 DICOMs) -> /out/sub-voice862/ses-1/func . Converter: dcm2niix . Output types: ('nii.gz',)
INFO: [Node] Setting-up "convert" in "/tmp/dcm2niixi224c50k/convert".
INFO: [Node] Executing "convert" <nipype.interfaces.dcm2nii.Dcm2niix>
INFO: stdout 2022-10-12T23:35:16.087399:Chris Rorden's dcm2niiX version v1.0.20211006  GCC10.2.1 x86-64 (64-bit Linux)
INFO: stdout 2022-10-12T23:35:16.087399:Found 64 DICOM file(s)
INFO: stdout 2022-10-12T23:35:16.087399:Warning: Slice timing appears corrupted (range 0..5360, TR=4000 ms)
INFO: stdout 2022-10-12T23:35:16.087399:Convert 64 DICOM as /out/sub-voice862/ses-1/func/sub-voice862_ses-1_task-pitchsent_run-1_bold_heudiconv749 (108x108x65x64)
INFO: stdout 2022-10-12T23:35:24.307806:Compress: "/usr/bin/pigz" -b 960 -n -f -6 "/out/sub-voice862/ses-1/func/sub-voice862_ses-1_task-pitchsent_run-1_bold_heudiconv749.nii"
INFO: stdout 2022-10-12T23:35:24.307806:Conversion required 11.501146 seconds (0.170859 for core code).
INFO: [Node] Finished "convert", elapsed time 11.70281s.
INFO: Post-treating /out/sub-voice862/ses-1/func/sub-voice862_ses-1_task-pitchsent_run-1_bold.json file
INFO: Converting /out/sub-voice862/ses-1/func/sub-voice862_ses-1_task-pitchsent_run-2_bold (64 DICOMs) -> /out/sub-voice862/ses-1/func . Converter: dcm2niix . Output types: ('nii.gz',)
INFO: [Node] Setting-up "convert" in "/tmp/dcm2niix0df5uhxg/convert".
INFO: [Node] Executing "convert" <nipype.interfaces.dcm2nii.Dcm2niix>
INFO: stdout 2022-10-12T23:35:32.852839:Chris Rorden's dcm2niiX version v1.0.20211006  GCC10.2.1 x86-64 (64-bit Linux)
INFO: stdout 2022-10-12T23:35:32.852839:Found 64 DICOM file(s)
INFO: stdout 2022-10-12T23:35:32.852839:Warning: Slice timing appears corrupted (range 0..5360, TR=4000 ms)
INFO: stdout 2022-10-12T23:35:32.852839:Convert 64 DICOM as /out/sub-voice862/ses-1/func/sub-voice862_ses-1_task-pitchsent_run-2_bold_heudiconv396 (108x108x65x64)
INFO: stdout 2022-10-12T23:35:45.331196:Compress: "/usr/bin/pigz" -b 960 -n -f -6 "/out/sub-voice862/ses-1/func/sub-voice862_ses-1_task-pitchsent_run-2_bold_heudiconv396.nii"
INFO: stdout 2022-10-12T23:35:45.331196:Conversion required 19.676876 seconds (0.226707 for core code).
INFO: [Node] Finished "convert", elapsed time 20.226374s.
INFO: Post-treating /out/sub-voice862/ses-1/func/sub-voice862_ses-1_task-pitchsent_run-2_bold.json file
INFO: Converting /out/sub-voice862/ses-1/func/sub-voice862_ses-1_task-nwr_run-1_bold (42 DICOMs) -> /out/sub-voice862/ses-1/func . Converter: dcm2niix . Output types: ('nii.gz',)
INFO: [Node] Setting-up "convert" in "/tmp/dcm2niixudjz_8tg/convert".
INFO: [Node] Executing "convert" <nipype.interfaces.dcm2nii.Dcm2niix>
INFO: stdout 2022-10-12T23:35:50.680121:Chris Rorden's dcm2niiX version v1.0.20211006  GCC10.2.1 x86-64 (64-bit Linux)
INFO: stdout 2022-10-12T23:35:50.680121:Found 42 DICOM file(s)
INFO: stdout 2022-10-12T23:35:50.680121:Warning: Slice timing appears corrupted (range 0..5357.5, TR=4000 ms)
INFO: stdout 2022-10-12T23:35:50.680121:Convert 42 DICOM as /out/sub-voice862/ses-1/func/sub-voice862_ses-1_task-nwr_run-1_bold_heudiconv414 (108x108x65x42)
INFO: stdout 2022-10-12T23:35:54.776894:Compress: "/usr/bin/pigz" -b 960 -n -f -6 "/out/sub-voice862/ses-1/func/sub-voice862_ses-1_task-nwr_run-1_bold_heudiconv414.nii"
INFO: stdout 2022-10-12T23:35:54.776894:Conversion required 5.540170 seconds (0.109469 for core code).
INFO: [Node] Finished "convert", elapsed time 5.654484s.
INFO: Post-treating /out/sub-voice862/ses-1/func/sub-voice862_ses-1_task-nwr_run-1_bold.json file
INFO: Converting /out/sub-voice862/ses-1/func/sub-voice862_ses-1_task-nwr_run-2_bold (42 DICOMs) -> /out/sub-voice862/ses-1/func . Converter: dcm2niix . Output types: ('nii.gz',)
INFO: [Node] Setting-up "convert" in "/tmp/dcm2niixp9_wdr8_/convert".
INFO: [Node] Executing "convert" <nipype.interfaces.dcm2nii.Dcm2niix>
INFO: stdout 2022-10-12T23:35:55.865194:Chris Rorden's dcm2niiX version v1.0.20211006  GCC10.2.1 x86-64 (64-bit Linux)
INFO: stdout 2022-10-12T23:35:55.865194:Found 42 DICOM file(s)
INFO: stdout 2022-10-12T23:35:55.865194:Warning: Slice timing appears corrupted (range 0..5357.5, TR=4000 ms)
INFO: stdout 2022-10-12T23:35:55.865194:Convert 42 DICOM as /out/sub-voice862/ses-1/func/sub-voice862_ses-1_task-nwr_run-2_bold_heudiconv814 (108x108x65x42)
INFO: stdout 2022-10-12T23:36:02.741800:Compress: "/usr/bin/pigz" -b 960 -n -f -6 "/out/sub-voice862/ses-1/func/sub-voice862_ses-1_task-nwr_run-2_bold_heudiconv814.nii"
INFO: stdout 2022-10-12T23:36:02.741800:Conversion required 7.613802 seconds (0.113525 for core code).
INFO: [Node] Finished "convert", elapsed time 8.897677999999999s.
INFO: Post-treating /out/sub-voice862/ses-1/func/sub-voice862_ses-1_task-nwr_run-2_bold.json file
INFO: Converting /out/sub-voice862/ses-1/func/sub-voice862_ses-1_task-nwr_run-3_bold (42 DICOMs) -> /out/sub-voice862/ses-1/func . Converter: dcm2niix . Output types: ('nii.gz',)
INFO: [Node] Setting-up "convert" in "/tmp/dcm2niixhd7w68ms/convert".
INFO: [Node] Executing "convert" <nipype.interfaces.dcm2nii.Dcm2niix>
INFO: stdout 2022-10-12T23:36:08.894435:Chris Rorden's dcm2niiX version v1.0.20211006  GCC10.2.1 x86-64 (64-bit Linux)
INFO: stdout 2022-10-12T23:36:08.894435:Found 42 DICOM file(s)
INFO: stdout 2022-10-12T23:36:08.894435:Warning: Slice timing appears corrupted (range 0..5360, TR=4000 ms)
INFO: stdout 2022-10-12T23:36:08.894435:Convert 42 DICOM as /out/sub-voice862/ses-1/func/sub-voice862_ses-1_task-nwr_run-3_bold_heudiconv193 (108x108x65x42)
INFO: stdout 2022-10-12T23:36:15.794874:Compress: "/usr/bin/pigz" -b 960 -n -f -6 "/out/sub-voice862/ses-1/func/sub-voice862_ses-1_task-nwr_run-3_bold_heudiconv193.nii"
INFO: stdout 2022-10-12T23:36:15.794874:Conversion required 9.364293 seconds (0.103476 for core code).
INFO: [Node] Finished "convert", elapsed time 10.573572s.
INFO: Post-treating /out/sub-voice862/ses-1/func/sub-voice862_ses-1_task-nwr_run-3_bold.json file
INFO: Converting /out/sub-voice862/ses-1/func/sub-voice862_ses-1_task-facematch_run-1_bold (99 DICOMs) -> /out/sub-voice862/ses-1/func . Converter: dcm2niix . Output types: ('nii.gz',)
INFO: [Node] Setting-up "convert" in "/tmp/dcm2niix33mj10x1/convert".
INFO: [Node] Executing "convert" <nipype.interfaces.dcm2nii.Dcm2niix>
INFO: stdout 2022-10-12T23:36:20.874613:Chris Rorden's dcm2niiX version v1.0.20211006  GCC10.2.1 x86-64 (64-bit Linux)
INFO: stdout 2022-10-12T23:36:20.874613:Found 99 DICOM file(s)
INFO: stdout 2022-10-12T23:36:20.874613:Warning: Slice timing appears corrupted (range 0..5357.5, TR=2000 ms)
INFO: stdout 2022-10-12T23:36:20.874613:Convert 99 DICOM as /out/sub-voice862/ses-1/func/sub-voice862_ses-1_task-facematch_run-1_bold_heudiconv679 (108x108x65x99)
INFO: stdout 2022-10-12T23:36:31.276654:Compress: "/usr/bin/pigz" -b 960 -n -f -6 "/out/sub-voice862/ses-1/func/sub-voice862_ses-1_task-facematch_run-1_bold_heudiconv679.nii"
INFO: stdout 2022-10-12T23:36:31.276654:Conversion required 12.960468 seconds (0.230429 for core code).
INFO: [Node] Finished "convert", elapsed time 13.256712s.
INFO: Post-treating /out/sub-voice862/ses-1/func/sub-voice862_ses-1_task-facematch_run-1_bold.json file
INFO: Converting /out/sub-voice862/ses-1/func/sub-voice862_ses-1_task-facematch_run-2_bold (99 DICOMs) -> /out/sub-voice862/ses-1/func . Converter: dcm2niix . Output types: ('nii.gz',)
INFO: [Node] Setting-up "convert" in "/tmp/dcm2niixsmlsx410/convert".
INFO: [Node] Executing "convert" <nipype.interfaces.dcm2nii.Dcm2niix>
INFO: stdout 2022-10-12T23:36:40.258119:Chris Rorden's dcm2niiX version v1.0.20211006  GCC10.2.1 x86-64 (64-bit Linux)
INFO: stdout 2022-10-12T23:36:40.258119:Found 99 DICOM file(s)
INFO: stdout 2022-10-12T23:36:40.258119:Warning: Slice timing appears corrupted (range 0..5360, TR=2000 ms)
INFO: stdout 2022-10-12T23:36:40.258119:Convert 99 DICOM as /out/sub-voice862/ses-1/func/sub-voice862_ses-1_task-facematch_run-2_bold_heudiconv988 (108x108x65x99)
INFO: stdout 2022-10-12T23:36:51.364444:Compress: "/usr/bin/pigz" -b 960 -n -f -6 "/out/sub-voice862/ses-1/func/sub-voice862_ses-1_task-facematch_run-2_bold_heudiconv988.nii"
INFO: stdout 2022-10-12T23:36:51.364444:Conversion required 16.950033 seconds (0.237736 for core code).
INFO: [Node] Finished "convert", elapsed time 17.153504s.
INFO: Post-treating /out/sub-voice862/ses-1/func/sub-voice862_ses-1_task-facematch_run-2_bold.json file
INFO: Converting /out/sub-voice862/ses-1/func/sub-voice862_ses-1_task-emosent_run-1_bold (48 DICOMs) -> /out/sub-voice862/ses-1/func . Converter: dcm2niix . Output types: ('nii.gz',)
INFO: [Node] Setting-up "convert" in "/tmp/dcm2niix0cphnv88/convert".
INFO: [Node] Executing "convert" <nipype.interfaces.dcm2nii.Dcm2niix>
INFO: stdout 2022-10-12T23:36:55.742439:Chris Rorden's dcm2niiX version v1.0.20211006  GCC10.2.1 x86-64 (64-bit Linux)
INFO: stdout 2022-10-12T23:36:55.742439:Found 48 DICOM file(s)
INFO: stdout 2022-10-12T23:36:55.742439:Warning: Slice timing appears corrupted (range 0..5357.5, TR=4000 ms)
INFO: stdout 2022-10-12T23:36:55.742439:Convert 48 DICOM as /out/sub-voice862/ses-1/func/sub-voice862_ses-1_task-emosent_run-1_bold_heudiconv101 (108x108x65x48)
INFO: stdout 2022-10-12T23:37:01.317946:Compress: "/usr/bin/pigz" -b 960 -n -f -6 "/out/sub-voice862/ses-1/func/sub-voice862_ses-1_task-emosent_run-1_bold_heudiconv101.nii"
INFO: stdout 2022-10-12T23:37:01.317946:Conversion required 8.959117 seconds (0.128632 for core code).
INFO: [Node] Finished "convert", elapsed time 9.403419s.
INFO: Post-treating /out/sub-voice862/ses-1/func/sub-voice862_ses-1_task-emosent_run-1_bold.json file
INFO: Converting /out/sub-voice862/ses-1/func/sub-voice862_ses-1_task-emosent_run-2_bold (48 DICOMs) -> /out/sub-voice862/ses-1/func . Converter: dcm2niix . Output types: ('nii.gz',)
INFO: [Node] Setting-up "convert" in "/tmp/dcm2niixp12p9t0a/convert".
INFO: [Node] Executing "convert" <nipype.interfaces.dcm2nii.Dcm2niix>
INFO: stdout 2022-10-12T23:37:06.925670:Chris Rorden's dcm2niiX version v1.0.20211006  GCC10.2.1 x86-64 (64-bit Linux)
INFO: stdout 2022-10-12T23:37:06.925670:Found 48 DICOM file(s)
INFO: stdout 2022-10-12T23:37:06.925670:Warning: Slice timing appears corrupted (range 0..5360, TR=4000 ms)
INFO: stdout 2022-10-12T23:37:06.925670:Convert 48 DICOM as /out/sub-voice862/ses-1/func/sub-voice862_ses-1_task-emosent_run-2_bold_heudiconv736 (108x108x65x48)
INFO: stdout 2022-10-12T23:37:13.930705:Compress: "/usr/bin/pigz" -b 960 -n -f -6 "/out/sub-voice862/ses-1/func/sub-voice862_ses-1_task-emosent_run-2_bold_heudiconv736.nii"
INFO: stdout 2022-10-12T23:37:13.930705:Conversion required 9.925075 seconds (0.118913 for core code).
INFO: [Node] Finished "convert", elapsed time 10.165896s.
INFO: Post-treating /out/sub-voice862/ses-1/func/sub-voice862_ses-1_task-emosent_run-2_bold.json file
INFO: Converting /out/sub-voice862/ses-1/func/sub-voice862_ses-1_task-vowel_run-1_bold (60 DICOMs) -> /out/sub-voice862/ses-1/func . Converter: dcm2niix . Output types: ('nii.gz',)
INFO: [Node] Setting-up "convert" in "/tmp/dcm2niix1xc3sizd/convert".
INFO: [Node] Executing "convert" <nipype.interfaces.dcm2nii.Dcm2niix>
INFO: stdout 2022-10-12T23:37:18.699447:Chris Rorden's dcm2niiX version v1.0.20211006  GCC10.2.1 x86-64 (64-bit Linux)
INFO: stdout 2022-10-12T23:37:18.699447:Found 60 DICOM file(s)
INFO: stdout 2022-10-12T23:37:18.699447:Warning: Slice timing appears corrupted (range 0..5360, TR=4000 ms)
INFO: stdout 2022-10-12T23:37:18.699447:Convert 60 DICOM as /out/sub-voice862/ses-1/func/sub-voice862_ses-1_task-vowel_run-1_bold_heudiconv998 (108x108x65x60)
INFO: stdout 2022-10-12T23:37:26.078461:Compress: "/usr/bin/pigz" -b 960 -n -f -6 "/out/sub-voice862/ses-1/func/sub-voice862_ses-1_task-vowel_run-1_bold_heudiconv998.nii"
INFO: stdout 2022-10-12T23:37:26.078461:Conversion required 9.671347 seconds (0.145372 for core code).
INFO: [Node] Finished "convert", elapsed time 10.22229s.
INFO: Post-treating /out/sub-voice862/ses-1/func/sub-voice862_ses-1_task-vowel_run-1_bold.json file
INFO: Converting /out/sub-voice862/ses-1/func/sub-voice862_ses-1_task-vowel_run-2_bold (60 DICOMs) -> /out/sub-voice862/ses-1/func . Converter: dcm2niix . Output types: ('nii.gz',)
INFO: [Node] Setting-up "convert" in "/tmp/dcm2niixrrxlwhg9/convert".
INFO: [Node] Executing "convert" <nipype.interfaces.dcm2nii.Dcm2niix>
INFO: stdout 2022-10-12T23:37:37.167948:Chris Rorden's dcm2niiX version v1.0.20211006  GCC10.2.1 x86-64 (64-bit Linux)
INFO: stdout 2022-10-12T23:37:37.167948:Found 60 DICOM file(s)
INFO: stdout 2022-10-12T23:37:37.167948:Warning: Slice timing appears corrupted (range 0..5360, TR=4000 ms)
INFO: stdout 2022-10-12T23:37:37.167948:Convert 60 DICOM as /out/sub-voice862/ses-1/func/sub-voice862_ses-1_task-vowel_run-2_bold_heudiconv680 (108x108x65x60)
INFO: stdout 2022-10-12T23:37:43.870271:Compress: "/usr/bin/pigz" -b 960 -n -f -6 "/out/sub-voice862/ses-1/func/sub-voice862_ses-1_task-vowel_run-2_bold_heudiconv680.nii"
INFO: stdout 2022-10-12T23:37:43.870271:Conversion required 11.850046 seconds (0.143043 for core code).
INFO: [Node] Finished "convert", elapsed time 12.294408s.
INFO: Post-treating /out/sub-voice862/ses-1/func/sub-voice862_ses-1_task-vowel_run-2_bold.json file
INFO: Converting /out/sub-voice862/ses-1/func/sub-voice862_ses-1_task-pitchnw_run-1_bold (101 DICOMs) -> /out/sub-voice862/ses-1/func . Converter: dcm2niix . Output types: ('nii.gz',)
INFO: [Node] Setting-up "convert" in "/tmp/dcm2niixalocqlul/convert".
INFO: [Node] Executing "convert" <nipype.interfaces.dcm2nii.Dcm2niix>
INFO: stdout 2022-10-12T23:37:55.116080:Chris Rorden's dcm2niiX version v1.0.20211006  GCC10.2.1 x86-64 (64-bit Linux)
INFO: stdout 2022-10-12T23:37:55.116080:Found 101 DICOM file(s)
INFO: stdout 2022-10-12T23:37:55.116080:Warning: Slice timing appears corrupted (range 0..5360, TR=2000 ms)
INFO: stdout 2022-10-12T23:37:55.116080:Convert 101 DICOM as /out/sub-voice862/ses-1/func/sub-voice862_ses-1_task-pitchnw_run-1_bold_heudiconv789 (108x108x65x101)
INFO: stdout 2022-10-12T23:38:07.598102:Compress: "/usr/bin/pigz" -b 960 -n -f -6 "/out/sub-voice862/ses-1/func/sub-voice862_ses-1_task-pitchnw_run-1_bold_heudiconv789.nii"
INFO: stdout 2022-10-12T23:38:07.598102:Conversion required 17.711584 seconds (0.228130 for core code).
INFO: [Node] Finished "convert", elapsed time 17.845522s.
INFO: Post-treating /out/sub-voice862/ses-1/func/sub-voice862_ses-1_task-pitchnw_run-1_bold.json file
INFO: Converting /out/sub-voice862/ses-1/func/sub-voice862_ses-1_task-pitchnw_run-2_bold (101 DICOMs) -> /out/sub-voice862/ses-1/func . Converter: dcm2niix . Output types: ('nii.gz',)
INFO: [Node] Setting-up "convert" in "/tmp/dcm2niix_1ahj2sv/convert".
INFO: [Node] Executing "convert" <nipype.interfaces.dcm2nii.Dcm2niix>
INFO: stdout 2022-10-12T23:38:17.733274:Chris Rorden's dcm2niiX version v1.0.20211006  GCC10.2.1 x86-64 (64-bit Linux)
INFO: stdout 2022-10-12T23:38:17.733274:Found 101 DICOM file(s)
INFO: stdout 2022-10-12T23:38:17.733274:Warning: Slice timing appears corrupted (range 0..5357.5, TR=2000 ms)
INFO: stdout 2022-10-12T23:38:17.733274:Convert 101 DICOM as /out/sub-voice862/ses-1/func/sub-voice862_ses-1_task-pitchnw_run-2_bold_heudiconv575 (108x108x65x101)
INFO: stdout 2022-10-12T23:38:28.494456:Compress: "/usr/bin/pigz" -b 960 -n -f -6 "/out/sub-voice862/ses-1/func/sub-voice862_ses-1_task-pitchnw_run-2_bold_heudiconv575.nii"
INFO: stdout 2022-10-12T23:38:28.494456:Conversion required 18.248904 seconds (0.251865 for core code).
INFO: [Node] Finished "convert", elapsed time 18.589217s.
INFO: Post-treating /out/sub-voice862/ses-1/func/sub-voice862_ses-1_task-pitchnw_run-2_bold.json file
INFO: Converting /out/sub-voice862/ses-1/func/sub-voice862_ses-1_task-movie_run-1_bold (138 DICOMs) -> /out/sub-voice862/ses-1/func . Converter: dcm2niix . Output types: ('nii.gz',)
INFO: [Node] Setting-up "convert" in "/tmp/dcm2niixyamp_xvk/convert".
INFO: [Node] Executing "convert" <nipype.interfaces.dcm2nii.Dcm2niix>
INFO: stdout 2022-10-12T23:38:34.946411:Chris Rorden's dcm2niiX version v1.0.20211006  GCC10.2.1 x86-64 (64-bit Linux)
INFO: stdout 2022-10-12T23:38:34.946411:Found 138 DICOM file(s)
INFO: stdout 2022-10-12T23:38:34.946411:Warning: Slice timing appears corrupted (range 0..5360, TR=1090 ms)
INFO: stdout 2022-10-12T23:38:34.946411:Convert 138 DICOM as /out/sub-voice862/ses-1/func/sub-voice862_ses-1_task-movie_run-1_bold_heudiconv915 (108x108x65x138)
INFO: stdout 2022-10-12T23:38:47.507880:Compress: "/usr/bin/pigz" -b 960 -n -f -6 "/out/sub-voice862/ses-1/func/sub-voice862_ses-1_task-movie_run-1_bold_heudiconv915.nii"
INFO: stdout 2022-10-12T23:38:47.507880:Conversion required 16.070378 seconds (0.314723 for core code).
INFO: [Node] Finished "convert", elapsed time 16.350063s.
INFO: Post-treating /out/sub-voice862/ses-1/func/sub-voice862_ses-1_task-movie_run-1_bold.json file
WARNING: Existing lockfile found in /out/heudiconv.lock - waiting for the lock to be released. To set a timeout limit, set the HEUDICONV_FILELOCK_TIMEOUT environmental variable to a value in seconds. If this process hangs, it may require a manual deletion of the /out/heudiconv.lock.
INFO: Populating template files under /out/
INFO: PROCESSING DONE: {'subject': 'voice862', 'outdir': '/out/', 'session': '1'}
