INFO: Running heudiconv version 0.11.3+d20220512 latest 0.11.4
INFO: Need to process 1 study sessions
INFO: PROCESSING STARTS: {'subject': 'voice867', 'outdir': '/out/', 'session': '1'}
INFO: Processing 5264 dicoms
INFO: Analyzing 5264 dicoms
INFO: Generated sequence info for 50 accession numbers with 5264 entries total
INFO: Doing conversion using dcm2niix
INFO: Converting /out/sub-voice867/ses-1/func/sub-voice867_ses-1_task-rest_run-1_bold (296 DICOMs) -> /out/sub-voice867/ses-1/func . Converter: dcm2niix . Output types: ('nii.gz',)
WARNING: A newer version (1.8.4) of nipy/nipype is available. You are using 1.8.0
INFO: [Node] Setting-up "convert" in "/tmp/dcm2niixotyea8mc/convert".
INFO: [Node] Executing "convert" <nipype.interfaces.dcm2nii.Dcm2niix>
INFO: stdout 2022-10-12T23:31:57.841155:Chris Rorden's dcm2niiX version v1.0.20211006  GCC10.2.1 x86-64 (64-bit Linux)
INFO: stdout 2022-10-12T23:31:57.841155:Found 296 DICOM file(s)
INFO: stdout 2022-10-12T23:31:57.841155:Warning: Slice timing appears corrupted (range 0..5360, TR=1090 ms)
INFO: stdout 2022-10-12T23:31:57.841155:Convert 296 DICOM as /out/sub-voice867/ses-1/func/sub-voice867_ses-1_task-rest_run-1_bold_heudiconv818 (108x108x65x296)
INFO: stdout 2022-10-12T23:32:28.394547:Compress: "/usr/bin/pigz" -b 960 -n -f -6 "/out/sub-voice867/ses-1/func/sub-voice867_ses-1_task-rest_run-1_bold_heudiconv818.nii"
INFO: stdout 2022-10-12T23:32:28.394547:Conversion required 33.440322 seconds (1.016931 for core code).
INFO: [Node] Finished "convert", elapsed time 33.492907s.
INFO: Post-treating /out/sub-voice867/ses-1/func/sub-voice867_ses-1_task-rest_run-1_bold.json file
INFO: Converting /out/sub-voice867/ses-1/fmap/sub-voice867_ses-1_acq-func_dir-PA_run-1_epi (260 DICOMs) -> /out/sub-voice867/ses-1/fmap . Converter: dcm2niix . Output types: ('nii.gz',)
INFO: [Node] Setting-up "convert" in "/tmp/dcm2niixchxepodf/convert".
INFO: [Node] Executing "convert" <nipype.interfaces.dcm2nii.Dcm2niix>
INFO: stdout 2022-10-12T23:32:30.657688:Chris Rorden's dcm2niiX version v1.0.20211006  GCC10.2.1 x86-64 (64-bit Linux)
INFO: stdout 2022-10-12T23:32:30.657688:Found 260 DICOM file(s)
INFO: stdout 2022-10-12T23:32:30.657688:Convert 260 DICOM as /out/sub-voice867/ses-1/fmap/sub-voice867_ses-1_acq-func_dir-PA_run-1_epi_heudiconv048 (108x108x65x4)
INFO: stdout 2022-10-12T23:32:31.135162:Compress: "/usr/bin/pigz" -b 960 -n -f -6 "/out/sub-voice867/ses-1/fmap/sub-voice867_ses-1_acq-func_dir-PA_run-1_epi_heudiconv048.nii"
INFO: stdout 2022-10-12T23:32:31.135162:Conversion required 1.903698 seconds (0.253786 for core code).
INFO: [Node] Finished "convert", elapsed time 1.992167s.
WARNING: Failed to find task field in /out/sub-voice867/ses-1/fmap/sub-voice867_ses-1_acq-func_dir-PA_run-1_epi.json.
INFO: Post-treating /out/sub-voice867/ses-1/fmap/sub-voice867_ses-1_acq-func_dir-PA_run-1_epi.json file
INFO: Converting /out/sub-voice867/ses-1/fmap/sub-voice867_ses-1_acq-func_dir-AP_run-2_epi (260 DICOMs) -> /out/sub-voice867/ses-1/fmap . Converter: dcm2niix . Output types: ('nii.gz',)
INFO: [Node] Setting-up "convert" in "/tmp/dcm2niixryzgwlzo/convert".
INFO: [Node] Executing "convert" <nipype.interfaces.dcm2nii.Dcm2niix>
INFO: stdout 2022-10-12T23:32:33.715178:Chris Rorden's dcm2niiX version v1.0.20211006  GCC10.2.1 x86-64 (64-bit Linux)
INFO: stdout 2022-10-12T23:32:33.715178:Found 260 DICOM file(s)
INFO: stdout 2022-10-12T23:32:33.715178:Convert 260 DICOM as /out/sub-voice867/ses-1/fmap/sub-voice867_ses-1_acq-func_dir-AP_run-2_epi_heudiconv426 (108x108x65x4)
INFO: stdout 2022-10-12T23:32:34.240887:Compress: "/usr/bin/pigz" -b 960 -n -f -6 "/out/sub-voice867/ses-1/fmap/sub-voice867_ses-1_acq-func_dir-AP_run-2_epi_heudiconv426.nii"
INFO: stdout 2022-10-12T23:32:34.240887:Conversion required 2.014896 seconds (0.252441 for core code).
INFO: [Node] Finished "convert", elapsed time 2.287764s.
WARNING: Failed to find task field in /out/sub-voice867/ses-1/fmap/sub-voice867_ses-1_acq-func_dir-AP_run-2_epi.json.
INFO: Post-treating /out/sub-voice867/ses-1/fmap/sub-voice867_ses-1_acq-func_dir-AP_run-2_epi.json file
INFO: Converting /out/sub-voice867/ses-1/dwi/sub-voice867_ses-1_acq-PA_dwi (72 DICOMs) -> /out/sub-voice867/ses-1/dwi . Converter: dcm2niix . Output types: ('nii.gz',)
INFO: [Node] Setting-up "convert" in "/tmp/dcm2niixti_2chr9/convert".
INFO: [Node] Executing "convert" <nipype.interfaces.dcm2nii.Dcm2niix>
INFO: stdout 2022-10-12T23:32:36.150976:Chris Rorden's dcm2niiX version v1.0.20211006  GCC10.2.1 x86-64 (64-bit Linux)
INFO: stdout 2022-10-12T23:32:36.150976:Found 72 DICOM file(s)
INFO: stdout 2022-10-12T23:32:36.150976:Warning: Slice timing appears corrupted (range 0..8.63999e+07, TR=4400 ms)
INFO: stdout 2022-10-12T23:32:36.150976:Convert 72 DICOM as /out/sub-voice867/ses-1/dwi/sub-voice867_ses-1_acq-PA_dwi_heudiconv208 (120x120x66x72)
INFO: stdout 2022-10-12T23:32:45.579469:Compress: "/usr/bin/pigz" -b 960 -n -f -6 "/out/sub-voice867/ses-1/dwi/sub-voice867_ses-1_acq-PA_dwi_heudiconv208.nii"
INFO: stdout 2022-10-12T23:32:45.579469:Conversion required 10.456729 seconds (0.339436 for core code).
INFO: [Node] Finished "convert", elapsed time 11.112348s.
WARNING: Failed to find task field in /out/sub-voice867/ses-1/dwi/sub-voice867_ses-1_acq-PA_dwi.json.
INFO: Post-treating /out/sub-voice867/ses-1/dwi/sub-voice867_ses-1_acq-PA_dwi.json file
INFO: Converting /out/sub-voice867/ses-1/dwi/sub-voice867_ses-1_acq-AP_dwi (7 DICOMs) -> /out/sub-voice867/ses-1/dwi . Converter: dcm2niix . Output types: ('nii.gz',)
INFO: [Node] Setting-up "convert" in "/tmp/dcm2niix84vo7n7y/convert".
INFO: [Node] Executing "convert" <nipype.interfaces.dcm2nii.Dcm2niix>
INFO: stdout 2022-10-12T23:32:46.454034:Chris Rorden's dcm2niiX version v1.0.20211006  GCC10.2.1 x86-64 (64-bit Linux)
INFO: stdout 2022-10-12T23:32:46.454034:Found 7 DICOM file(s)
INFO: stdout 2022-10-12T23:32:46.454034:Warning: Slice timing appears corrupted (range 0..8.63999e+07, TR=4400 ms)
INFO: stdout 2022-10-12T23:32:46.454034:Convert 7 DICOM as /out/sub-voice867/ses-1/dwi/sub-voice867_ses-1_acq-AP_dwi_heudiconv605 (120x120x66x7)
INFO: stdout 2022-10-12T23:32:47.353185:Compress: "/usr/bin/pigz" -b 960 -n -f -6 "/out/sub-voice867/ses-1/dwi/sub-voice867_ses-1_acq-AP_dwi_heudiconv605.nii"
INFO: stdout 2022-10-12T23:32:47.353185:Conversion required 1.154578 seconds (0.048711 for core code).
INFO: [Node] Finished "convert", elapsed time 1.252547s.
WARNING: Failed to find task field in /out/sub-voice867/ses-1/dwi/sub-voice867_ses-1_acq-AP_dwi.json.
INFO: Post-treating /out/sub-voice867/ses-1/dwi/sub-voice867_ses-1_acq-AP_dwi.json file
INFO: Converting /out/sub-voice867/ses-1/anat/sub-voice867_ses-1_run-1_T1w (176 DICOMs) -> /out/sub-voice867/ses-1/anat . Converter: dcm2niix . Output types: ('nii.gz',)
INFO: [Node] Setting-up "convert" in "/tmp/dcm2niixfmmf69ak/convert".
INFO: [Node] Executing "convert" <nipype.interfaces.dcm2nii.Dcm2niix>
INFO: stdout 2022-10-12T23:32:49.046580:Chris Rorden's dcm2niiX version v1.0.20211006  GCC10.2.1 x86-64 (64-bit Linux)
INFO: stdout 2022-10-12T23:32:49.046580:Found 176 DICOM file(s)
INFO: stdout 2022-10-12T23:32:49.046580:Convert 176 DICOM as /out/sub-voice867/ses-1/anat/sub-voice867_ses-1_run-1_T1w_heudiconv680 (256x256x176x1)
INFO: stdout 2022-10-12T23:32:50.622123:Compress: "/usr/bin/pigz" -b 960 -n -f -6 "/out/sub-voice867/ses-1/anat/sub-voice867_ses-1_run-1_T1w_heudiconv680.nii"
INFO: stdout 2022-10-12T23:32:50.622123:Conversion required 2.774741 seconds (0.302714 for core code).
INFO: [Node] Finished "convert", elapsed time 2.863741s.
WARNING: Failed to find task field in /out/sub-voice867/ses-1/anat/sub-voice867_ses-1_run-1_T1w.json.
INFO: Post-treating /out/sub-voice867/ses-1/anat/sub-voice867_ses-1_run-1_T1w.json file
INFO: Converting /out/sub-voice867/ses-1/anat/sub-voice867_ses-1_T2w (176 DICOMs) -> /out/sub-voice867/ses-1/anat . Converter: dcm2niix . Output types: ('nii.gz',)
INFO: [Node] Setting-up "convert" in "/tmp/dcm2niixq0irfa03/convert".
INFO: [Node] Executing "convert" <nipype.interfaces.dcm2nii.Dcm2niix>
INFO: stdout 2022-10-12T23:32:52.407538:Chris Rorden's dcm2niiX version v1.0.20211006  GCC10.2.1 x86-64 (64-bit Linux)
INFO: stdout 2022-10-12T23:32:52.407538:Found 176 DICOM file(s)
INFO: stdout 2022-10-12T23:32:52.407538:Convert 176 DICOM as /out/sub-voice867/ses-1/anat/sub-voice867_ses-1_T2w_heudiconv212 (256x256x176x1)
INFO: stdout 2022-10-12T23:32:53.835089:Compress: "/usr/bin/pigz" -b 960 -n -f -6 "/out/sub-voice867/ses-1/anat/sub-voice867_ses-1_T2w_heudiconv212.nii"
INFO: stdout 2022-10-12T23:32:53.835089:Conversion required 2.639659 seconds (0.287442 for core code).
INFO: [Node] Finished "convert", elapsed time 2.786228s.
WARNING: Failed to find task field in /out/sub-voice867/ses-1/anat/sub-voice867_ses-1_T2w.json.
INFO: Post-treating /out/sub-voice867/ses-1/anat/sub-voice867_ses-1_T2w.json file
INFO: Converting /out/sub-voice867/ses-1/func/sub-voice867_ses-1_task-pataka_run-1_bold (207 DICOMs) -> /out/sub-voice867/ses-1/func . Converter: dcm2niix . Output types: ('nii.gz',)
INFO: [Node] Setting-up "convert" in "/tmp/dcm2niix3ypl1y73/convert".
INFO: [Node] Executing "convert" <nipype.interfaces.dcm2nii.Dcm2niix>
INFO: stdout 2022-10-12T23:32:55.625532:Chris Rorden's dcm2niiX version v1.0.20211006  GCC10.2.1 x86-64 (64-bit Linux)
INFO: stdout 2022-10-12T23:32:55.625532:Found 207 DICOM file(s)
INFO: stdout 2022-10-12T23:32:55.625532:Warning: Slice timing appears corrupted (range 0..3135, TR=1640 ms)
INFO: stdout 2022-10-12T23:32:55.625532:Convert 207 DICOM as /out/sub-voice867/ses-1/func/sub-voice867_ses-1_task-pataka_run-1_bold_heudiconv622 (72x72x45x207)
INFO: stdout 2022-10-12T23:33:02.103949:Compress: "/usr/bin/pigz" -b 960 -n -f -6 "/out/sub-voice867/ses-1/func/sub-voice867_ses-1_task-pataka_run-1_bold_heudiconv622.nii"
INFO: stdout 2022-10-12T23:33:02.103949:Conversion required 7.407735 seconds (0.315336 for core code).
INFO: [Node] Finished "convert", elapsed time 7.622752s.
INFO: Post-treating /out/sub-voice867/ses-1/func/sub-voice867_ses-1_task-pataka_run-1_bold.json file
INFO: Converting /out/sub-voice867/ses-1/func/sub-voice867_ses-1_task-pataka_run-2_bold (207 DICOMs) -> /out/sub-voice867/ses-1/func . Converter: dcm2niix . Output types: ('nii.gz',)
INFO: [Node] Setting-up "convert" in "/tmp/dcm2niixd3ivywsc/convert".
INFO: [Node] Executing "convert" <nipype.interfaces.dcm2nii.Dcm2niix>
INFO: stdout 2022-10-12T23:33:03.635841:Chris Rorden's dcm2niiX version v1.0.20211006  GCC10.2.1 x86-64 (64-bit Linux)
INFO: stdout 2022-10-12T23:33:03.635841:Found 207 DICOM file(s)
INFO: stdout 2022-10-12T23:33:03.635841:Warning: Slice timing appears corrupted (range 0..3135, TR=1640 ms)
INFO: stdout 2022-10-12T23:33:03.635841:Convert 207 DICOM as /out/sub-voice867/ses-1/func/sub-voice867_ses-1_task-pataka_run-2_bold_heudiconv957 (72x72x45x207)
INFO: stdout 2022-10-12T23:33:10.275619:Compress: "/usr/bin/pigz" -b 960 -n -f -6 "/out/sub-voice867/ses-1/func/sub-voice867_ses-1_task-pataka_run-2_bold_heudiconv957.nii"
INFO: stdout 2022-10-12T23:33:10.275619:Conversion required 7.750438 seconds (0.378567 for core code).
INFO: [Node] Finished "convert", elapsed time 7.818334s.
INFO: Post-treating /out/sub-voice867/ses-1/func/sub-voice867_ses-1_task-pataka_run-2_bold.json file
INFO: Converting /out/sub-voice867/ses-1/func/sub-voice867_ses-1_task-pitchsent_run-1_bold (64 DICOMs) -> /out/sub-voice867/ses-1/func . Converter: dcm2niix . Output types: ('nii.gz',)
INFO: [Node] Setting-up "convert" in "/tmp/dcm2niixle0dxpqc/convert".
INFO: [Node] Executing "convert" <nipype.interfaces.dcm2nii.Dcm2niix>
INFO: stdout 2022-10-12T23:33:11.190108:Chris Rorden's dcm2niiX version v1.0.20211006  GCC10.2.1 x86-64 (64-bit Linux)
INFO: stdout 2022-10-12T23:33:11.190108:Found 64 DICOM file(s)
INFO: stdout 2022-10-12T23:33:11.190108:Warning: Slice timing appears corrupted (range 0..5360, TR=4000 ms)
INFO: stdout 2022-10-12T23:33:11.190108:Convert 64 DICOM as /out/sub-voice867/ses-1/func/sub-voice867_ses-1_task-pitchsent_run-1_bold_heudiconv093 (108x108x65x64)
INFO: stdout 2022-10-12T23:33:17.791671:Compress: "/usr/bin/pigz" -b 960 -n -f -6 "/out/sub-voice867/ses-1/func/sub-voice867_ses-1_task-pitchsent_run-1_bold_heudiconv093.nii"
INFO: stdout 2022-10-12T23:33:17.791671:Conversion required 7.176313 seconds (0.233277 for core code).
INFO: [Node] Finished "convert", elapsed time 7.26494s.
INFO: Post-treating /out/sub-voice867/ses-1/func/sub-voice867_ses-1_task-pitchsent_run-1_bold.json file
INFO: Converting /out/sub-voice867/ses-1/func/sub-voice867_ses-1_task-pitchsent_run-2_bold (64 DICOMs) -> /out/sub-voice867/ses-1/func . Converter: dcm2niix . Output types: ('nii.gz',)
INFO: [Node] Setting-up "convert" in "/tmp/dcm2niixxgu4g3m9/convert".
INFO: [Node] Executing "convert" <nipype.interfaces.dcm2nii.Dcm2niix>
INFO: stdout 2022-10-12T23:33:18.640012:Chris Rorden's dcm2niiX version v1.0.20211006  GCC10.2.1 x86-64 (64-bit Linux)
INFO: stdout 2022-10-12T23:33:18.640012:Found 64 DICOM file(s)
INFO: stdout 2022-10-12T23:33:18.640012:Warning: Slice timing appears corrupted (range 0..5360, TR=4000 ms)
INFO: stdout 2022-10-12T23:33:18.640012:Convert 64 DICOM as /out/sub-voice867/ses-1/func/sub-voice867_ses-1_task-pitchsent_run-2_bold_heudiconv819 (108x108x65x64)
INFO: stdout 2022-10-12T23:33:26.532236:Compress: "/usr/bin/pigz" -b 960 -n -f -6 "/out/sub-voice867/ses-1/func/sub-voice867_ses-1_task-pitchsent_run-2_bold_heudiconv819.nii"
INFO: stdout 2022-10-12T23:33:26.532236:Conversion required 8.392852 seconds (0.250901 for core code).
INFO: [Node] Finished "convert", elapsed time 8.439624s.
INFO: Post-treating /out/sub-voice867/ses-1/func/sub-voice867_ses-1_task-pitchsent_run-2_bold.json file
INFO: Converting /out/sub-voice867/ses-1/func/sub-voice867_ses-1_task-nwr_run-1_bold (42 DICOMs) -> /out/sub-voice867/ses-1/func . Converter: dcm2niix . Output types: ('nii.gz',)
INFO: [Node] Setting-up "convert" in "/tmp/dcm2niix0_r7f_d9/convert".
INFO: [Node] Executing "convert" <nipype.interfaces.dcm2nii.Dcm2niix>
INFO: stdout 2022-10-12T23:33:26.911485:Chris Rorden's dcm2niiX version v1.0.20211006  GCC10.2.1 x86-64 (64-bit Linux)
INFO: stdout 2022-10-12T23:33:26.911485:Found 42 DICOM file(s)
INFO: stdout 2022-10-12T23:33:26.911485:Warning: Slice timing appears corrupted (range 0..5360, TR=4000 ms)
INFO: stdout 2022-10-12T23:33:26.911485:Convert 42 DICOM as /out/sub-voice867/ses-1/func/sub-voice867_ses-1_task-nwr_run-1_bold_heudiconv270 (108x108x65x42)
INFO: stdout 2022-10-12T23:33:31.105736:Compress: "/usr/bin/pigz" -b 960 -n -f -6 "/out/sub-voice867/ses-1/func/sub-voice867_ses-1_task-nwr_run-1_bold_heudiconv270.nii"
INFO: stdout 2022-10-12T23:33:31.105736:Conversion required 4.388659 seconds (0.136402 for core code).
INFO: [Node] Finished "convert", elapsed time 4.444072s.
INFO: Post-treating /out/sub-voice867/ses-1/func/sub-voice867_ses-1_task-nwr_run-1_bold.json file
INFO: Converting /out/sub-voice867/ses-1/func/sub-voice867_ses-1_task-nwr_run-2_bold (42 DICOMs) -> /out/sub-voice867/ses-1/func . Converter: dcm2niix . Output types: ('nii.gz',)
INFO: [Node] Setting-up "convert" in "/tmp/dcm2niix2koemdtt/convert".
INFO: [Node] Executing "convert" <nipype.interfaces.dcm2nii.Dcm2niix>
INFO: stdout 2022-10-12T23:33:31.671595:Chris Rorden's dcm2niiX version v1.0.20211006  GCC10.2.1 x86-64 (64-bit Linux)
INFO: stdout 2022-10-12T23:33:31.671595:Found 42 DICOM file(s)
INFO: stdout 2022-10-12T23:33:31.671595:Warning: Slice timing appears corrupted (range 0..5360, TR=4000 ms)
INFO: stdout 2022-10-12T23:33:31.671595:Convert 42 DICOM as /out/sub-voice867/ses-1/func/sub-voice867_ses-1_task-nwr_run-2_bold_heudiconv779 (108x108x65x42)
INFO: stdout 2022-10-12T23:33:35.819061:Compress: "/usr/bin/pigz" -b 960 -n -f -6 "/out/sub-voice867/ses-1/func/sub-voice867_ses-1_task-nwr_run-2_bold_heudiconv779.nii"
INFO: stdout 2022-10-12T23:33:35.819061:Conversion required 4.526223 seconds (0.144753 for core code).
INFO: [Node] Finished "convert", elapsed time 4.5774550000000005s.
INFO: Post-treating /out/sub-voice867/ses-1/func/sub-voice867_ses-1_task-nwr_run-2_bold.json file
INFO: Converting /out/sub-voice867/ses-1/func/sub-voice867_ses-1_task-nwr_run-3_bold (42 DICOMs) -> /out/sub-voice867/ses-1/func . Converter: dcm2niix . Output types: ('nii.gz',)
INFO: [Node] Setting-up "convert" in "/tmp/dcm2niix0waad3xt/convert".
INFO: [Node] Executing "convert" <nipype.interfaces.dcm2nii.Dcm2niix>
INFO: stdout 2022-10-12T23:33:36.678142:Chris Rorden's dcm2niiX version v1.0.20211006  GCC10.2.1 x86-64 (64-bit Linux)
INFO: stdout 2022-10-12T23:33:36.678142:Found 42 DICOM file(s)
INFO: stdout 2022-10-12T23:33:36.678142:Warning: Slice timing appears corrupted (range 0..5357.5, TR=4000 ms)
INFO: stdout 2022-10-12T23:33:36.678142:Convert 42 DICOM as /out/sub-voice867/ses-1/func/sub-voice867_ses-1_task-nwr_run-3_bold_heudiconv245 (108x108x65x42)
INFO: stdout 2022-10-12T23:33:41.578444:Compress: "/usr/bin/pigz" -b 960 -n -f -6 "/out/sub-voice867/ses-1/func/sub-voice867_ses-1_task-nwr_run-3_bold_heudiconv245.nii"
INFO: stdout 2022-10-12T23:33:41.578444:Conversion required 5.228077 seconds (0.162890 for core code).
INFO: [Node] Finished "convert", elapsed time 5.292534s.
INFO: Post-treating /out/sub-voice867/ses-1/func/sub-voice867_ses-1_task-nwr_run-3_bold.json file
INFO: Converting /out/sub-voice867/ses-1/func/sub-voice867_ses-1_task-facematch_run-1_bold (98 DICOMs) -> /out/sub-voice867/ses-1/func . Converter: dcm2niix . Output types: ('nii.gz',)
INFO: [Node] Setting-up "convert" in "/tmp/dcm2niixojrlqjnb/convert".
INFO: [Node] Executing "convert" <nipype.interfaces.dcm2nii.Dcm2niix>
INFO: stdout 2022-10-12T23:33:42.829874:Chris Rorden's dcm2niiX version v1.0.20211006  GCC10.2.1 x86-64 (64-bit Linux)
INFO: stdout 2022-10-12T23:33:42.829874:Found 98 DICOM file(s)
INFO: stdout 2022-10-12T23:33:42.829874:Warning: Slice timing appears corrupted (range 0..5360, TR=2000 ms)
INFO: stdout 2022-10-12T23:33:42.829874:Convert 98 DICOM as /out/sub-voice867/ses-1/func/sub-voice867_ses-1_task-facematch_run-1_bold_heudiconv026 (108x108x65x98)
INFO: stdout 2022-10-12T23:33:52.663399:Compress: "/usr/bin/pigz" -b 960 -n -f -6 "/out/sub-voice867/ses-1/func/sub-voice867_ses-1_task-facematch_run-1_bold_heudiconv026.nii"
INFO: stdout 2022-10-12T23:33:52.663399:Conversion required 10.478501 seconds (0.376330 for core code).
INFO: [Node] Finished "convert", elapsed time 10.822246s.
INFO: Post-treating /out/sub-voice867/ses-1/func/sub-voice867_ses-1_task-facematch_run-1_bold.json file
INFO: Converting /out/sub-voice867/ses-1/func/sub-voice867_ses-1_task-facematch_run-2_bold (99 DICOMs) -> /out/sub-voice867/ses-1/func . Converter: dcm2niix . Output types: ('nii.gz',)
INFO: [Node] Setting-up "convert" in "/tmp/dcm2niix741oq29b/convert".
INFO: [Node] Executing "convert" <nipype.interfaces.dcm2nii.Dcm2niix>
INFO: stdout 2022-10-12T23:33:54.168935:Chris Rorden's dcm2niiX version v1.0.20211006  GCC10.2.1 x86-64 (64-bit Linux)
INFO: stdout 2022-10-12T23:33:54.168935:Found 99 DICOM file(s)
INFO: stdout 2022-10-12T23:33:54.168935:Warning: Slice timing appears corrupted (range 0..5360, TR=2000 ms)
INFO: stdout 2022-10-12T23:33:54.168935:Convert 99 DICOM as /out/sub-voice867/ses-1/func/sub-voice867_ses-1_task-facematch_run-2_bold_heudiconv775 (108x108x65x99)
INFO: stdout 2022-10-12T23:34:04.146816:Compress: "/usr/bin/pigz" -b 960 -n -f -6 "/out/sub-voice867/ses-1/func/sub-voice867_ses-1_task-facematch_run-2_bold_heudiconv775.nii"
INFO: stdout 2022-10-12T23:34:04.146816:Conversion required 11.114964 seconds (0.329943 for core code).
INFO: [Node] Finished "convert", elapsed time 11.171359s.
INFO: Post-treating /out/sub-voice867/ses-1/func/sub-voice867_ses-1_task-facematch_run-2_bold.json file
INFO: Converting /out/sub-voice867/ses-1/func/sub-voice867_ses-1_task-emosent_run-1_bold (48 DICOMs) -> /out/sub-voice867/ses-1/func . Converter: dcm2niix . Output types: ('nii.gz',)
INFO: [Node] Setting-up "convert" in "/tmp/dcm2niixgfajdzxh/convert".
INFO: [Node] Executing "convert" <nipype.interfaces.dcm2nii.Dcm2niix>
INFO: stdout 2022-10-12T23:34:04.739687:Chris Rorden's dcm2niiX version v1.0.20211006  GCC10.2.1 x86-64 (64-bit Linux)
INFO: stdout 2022-10-12T23:34:04.739687:Found 48 DICOM file(s)
INFO: stdout 2022-10-12T23:34:04.739687:Warning: Slice timing appears corrupted (range 0..5360, TR=4000 ms)
INFO: stdout 2022-10-12T23:34:04.739687:Convert 48 DICOM as /out/sub-voice867/ses-1/func/sub-voice867_ses-1_task-emosent_run-1_bold_heudiconv777 (108x108x65x48)
INFO: stdout 2022-10-12T23:34:09.667135:Compress: "/usr/bin/pigz" -b 960 -n -f -6 "/out/sub-voice867/ses-1/func/sub-voice867_ses-1_task-emosent_run-1_bold_heudiconv777.nii"
INFO: stdout 2022-10-12T23:34:09.667135:Conversion required 5.353810 seconds (0.195555 for core code).
INFO: [Node] Finished "convert", elapsed time 5.403182s.
INFO: Post-treating /out/sub-voice867/ses-1/func/sub-voice867_ses-1_task-emosent_run-1_bold.json file
INFO: Converting /out/sub-voice867/ses-1/func/sub-voice867_ses-1_task-emosent_run-2_bold (48 DICOMs) -> /out/sub-voice867/ses-1/func . Converter: dcm2niix . Output types: ('nii.gz',)
INFO: [Node] Setting-up "convert" in "/tmp/dcm2niixvytuxzxw/convert".
INFO: [Node] Executing "convert" <nipype.interfaces.dcm2nii.Dcm2niix>
INFO: stdout 2022-10-12T23:34:10.199025:Chris Rorden's dcm2niiX version v1.0.20211006  GCC10.2.1 x86-64 (64-bit Linux)
INFO: stdout 2022-10-12T23:34:10.199025:Found 48 DICOM file(s)
INFO: stdout 2022-10-12T23:34:10.199025:Warning: Slice timing appears corrupted (range 0..5360, TR=4000 ms)
INFO: stdout 2022-10-12T23:34:10.199025:Convert 48 DICOM as /out/sub-voice867/ses-1/func/sub-voice867_ses-1_task-emosent_run-2_bold_heudiconv889 (108x108x65x48)
INFO: stdout 2022-10-12T23:34:14.992825:Compress: "/usr/bin/pigz" -b 960 -n -f -6 "/out/sub-voice867/ses-1/func/sub-voice867_ses-1_task-emosent_run-2_bold_heudiconv889.nii"
INFO: stdout 2022-10-12T23:34:14.992825:Conversion required 5.168459 seconds (0.185425 for core code).
INFO: [Node] Finished "convert", elapsed time 5.22767s.
INFO: Post-treating /out/sub-voice867/ses-1/func/sub-voice867_ses-1_task-emosent_run-2_bold.json file
INFO: Converting /out/sub-voice867/ses-1/func/sub-voice867_ses-1_task-vowel_run-1_bold (60 DICOMs) -> /out/sub-voice867/ses-1/func . Converter: dcm2niix . Output types: ('nii.gz',)
INFO: [Node] Setting-up "convert" in "/tmp/dcm2niix1hk_at8m/convert".
INFO: [Node] Executing "convert" <nipype.interfaces.dcm2nii.Dcm2niix>
INFO: stdout 2022-10-12T23:34:15.728328:Chris Rorden's dcm2niiX version v1.0.20211006  GCC10.2.1 x86-64 (64-bit Linux)
INFO: stdout 2022-10-12T23:34:15.728328:Found 60 DICOM file(s)
INFO: stdout 2022-10-12T23:34:15.728328:Warning: Slice timing appears corrupted (range 0..5360, TR=4000 ms)
INFO: stdout 2022-10-12T23:34:15.728328:Convert 60 DICOM as /out/sub-voice867/ses-1/func/sub-voice867_ses-1_task-vowel_run-1_bold_heudiconv852 (108x108x65x60)
INFO: stdout 2022-10-12T23:34:21.915384:Compress: "/usr/bin/pigz" -b 960 -n -f -6 "/out/sub-voice867/ses-1/func/sub-voice867_ses-1_task-vowel_run-1_bold_heudiconv852.nii"
INFO: stdout 2022-10-12T23:34:21.915384:Conversion required 6.659472 seconds (0.230456 for core code).
INFO: [Node] Finished "convert", elapsed time 6.745131s.
INFO: Post-treating /out/sub-voice867/ses-1/func/sub-voice867_ses-1_task-vowel_run-1_bold.json file
INFO: Converting /out/sub-voice867/ses-1/func/sub-voice867_ses-1_task-vowel_run-2_bold (60 DICOMs) -> /out/sub-voice867/ses-1/func . Converter: dcm2niix . Output types: ('nii.gz',)
INFO: [Node] Setting-up "convert" in "/tmp/dcm2niixz3kxkm0p/convert".
INFO: [Node] Executing "convert" <nipype.interfaces.dcm2nii.Dcm2niix>
INFO: stdout 2022-10-12T23:34:22.723556:Chris Rorden's dcm2niiX version v1.0.20211006  GCC10.2.1 x86-64 (64-bit Linux)
INFO: stdout 2022-10-12T23:34:22.723556:Found 60 DICOM file(s)
INFO: stdout 2022-10-12T23:34:22.723556:Warning: Slice timing appears corrupted (range 0..5357.5, TR=4000 ms)
INFO: stdout 2022-10-12T23:34:22.723556:Convert 60 DICOM as /out/sub-voice867/ses-1/func/sub-voice867_ses-1_task-vowel_run-2_bold_heudiconv839 (108x108x65x60)
INFO: stdout 2022-10-12T23:34:29.195748:Compress: "/usr/bin/pigz" -b 960 -n -f -6 "/out/sub-voice867/ses-1/func/sub-voice867_ses-1_task-vowel_run-2_bold_heudiconv839.nii"
INFO: stdout 2022-10-12T23:34:29.195748:Conversion required 6.930326 seconds (0.195817 for core code).
INFO: [Node] Finished "convert", elapsed time 7.012403s.
INFO: Post-treating /out/sub-voice867/ses-1/func/sub-voice867_ses-1_task-vowel_run-2_bold.json file
INFO: Converting /out/sub-voice867/ses-1/func/sub-voice867_ses-1_task-pitchnw_run-1_bold (101 DICOMs) -> /out/sub-voice867/ses-1/func . Converter: dcm2niix . Output types: ('nii.gz',)
INFO: [Node] Setting-up "convert" in "/tmp/dcm2niixkgut655b/convert".
INFO: [Node] Executing "convert" <nipype.interfaces.dcm2nii.Dcm2niix>
INFO: stdout 2022-10-12T23:34:30.052251:Chris Rorden's dcm2niiX version v1.0.20211006  GCC10.2.1 x86-64 (64-bit Linux)
INFO: stdout 2022-10-12T23:34:30.052251:Found 101 DICOM file(s)
INFO: stdout 2022-10-12T23:34:30.052251:Warning: Slice timing appears corrupted (range 0..5357.5, TR=2000 ms)
INFO: stdout 2022-10-12T23:34:30.052251:Convert 101 DICOM as /out/sub-voice867/ses-1/func/sub-voice867_ses-1_task-pitchnw_run-1_bold_heudiconv515 (108x108x65x101)
INFO: stdout 2022-10-12T23:34:39.935955:Compress: "/usr/bin/pigz" -b 960 -n -f -6 "/out/sub-voice867/ses-1/func/sub-voice867_ses-1_task-pitchnw_run-1_bold_heudiconv515.nii"
INFO: stdout 2022-10-12T23:34:39.935955:Conversion required 10.462988 seconds (0.375802 for core code).
INFO: [Node] Finished "convert", elapsed time 10.514928s.
INFO: Post-treating /out/sub-voice867/ses-1/func/sub-voice867_ses-1_task-pitchnw_run-1_bold.json file
INFO: Converting /out/sub-voice867/ses-1/func/sub-voice867_ses-1_task-pitchnw_run-2_bold (101 DICOMs) -> /out/sub-voice867/ses-1/func . Converter: dcm2niix . Output types: ('nii.gz',)
INFO: [Node] Setting-up "convert" in "/tmp/dcm2niix5zxq6hvb/convert".
INFO: [Node] Executing "convert" <nipype.interfaces.dcm2nii.Dcm2niix>
INFO: stdout 2022-10-12T23:34:42.881533:Chris Rorden's dcm2niiX version v1.0.20211006  GCC10.2.1 x86-64 (64-bit Linux)
INFO: stdout 2022-10-12T23:34:42.881533:Found 101 DICOM file(s)
INFO: stdout 2022-10-12T23:34:42.881533:Warning: Slice timing appears corrupted (range 0..5360, TR=2000 ms)
INFO: stdout 2022-10-12T23:34:42.881533:Convert 101 DICOM as /out/sub-voice867/ses-1/func/sub-voice867_ses-1_task-pitchnw_run-2_bold_heudiconv622 (108x108x65x101)
INFO: stdout 2022-10-12T23:34:54.646952:Compress: "/usr/bin/pigz" -b 960 -n -f -6 "/out/sub-voice867/ses-1/func/sub-voice867_ses-1_task-pitchnw_run-2_bold_heudiconv622.nii"
INFO: stdout 2022-10-12T23:34:54.646952:Conversion required 13.047953 seconds (0.376249 for core code).
INFO: [Node] Finished "convert", elapsed time 14.004555s.
INFO: Post-treating /out/sub-voice867/ses-1/func/sub-voice867_ses-1_task-pitchnw_run-2_bold.json file
INFO: Converting /out/sub-voice867/ses-1/func/sub-voice867_ses-1_task-movie_run-1_bold (138 DICOMs) -> /out/sub-voice867/ses-1/func . Converter: dcm2niix . Output types: ('nii.gz',)
INFO: [Node] Setting-up "convert" in "/tmp/dcm2niix77o9t5r8/convert".
INFO: [Node] Executing "convert" <nipype.interfaces.dcm2nii.Dcm2niix>
INFO: stdout 2022-10-12T23:34:56.773730:Chris Rorden's dcm2niiX version v1.0.20211006  GCC10.2.1 x86-64 (64-bit Linux)
INFO: stdout 2022-10-12T23:34:56.773730:Found 138 DICOM file(s)
INFO: stdout 2022-10-12T23:34:56.773730:Warning: Slice timing appears corrupted (range 0..5360, TR=1090 ms)
INFO: stdout 2022-10-12T23:34:56.773730:Convert 138 DICOM as /out/sub-voice867/ses-1/func/sub-voice867_ses-1_task-movie_run-1_bold_heudiconv853 (108x108x65x138)
INFO: stdout 2022-10-12T23:35:11.262403:Compress: "/usr/bin/pigz" -b 960 -n -f -6 "/out/sub-voice867/ses-1/func/sub-voice867_ses-1_task-movie_run-1_bold_heudiconv853.nii"
INFO: stdout 2022-10-12T23:35:11.262403:Conversion required 16.095505 seconds (0.499979 for core code).
INFO: [Node] Finished "convert", elapsed time 16.158404s.
INFO: Post-treating /out/sub-voice867/ses-1/func/sub-voice867_ses-1_task-movie_run-1_bold.json file
WARNING: Existing lockfile found in /out/heudiconv.lock - waiting for the lock to be released. To set a timeout limit, set the HEUDICONV_FILELOCK_TIMEOUT environmental variable to a value in seconds. If this process hangs, it may require a manual deletion of the /out/heudiconv.lock.
INFO: Populating template files under /out/
INFO: PROCESSING DONE: {'subject': 'voice867', 'outdir': '/out/', 'session': '1'}
