INFO: Running heudiconv version 0.11.3+d20220512 latest 0.11.4
INFO: Need to process 1 study sessions
INFO: PROCESSING STARTS: {'subject': 'voice991', 'outdir': '/out/', 'session': '1'}
INFO: Processing 5296 dicoms
INFO: Analyzing 5296 dicoms
INFO: Generated sequence info for 52 accession numbers with 5296 entries total
INFO: Doing conversion using dcm2niix
INFO: Converting /out/sub-voice991/ses-1/func/sub-voice991_ses-1_task-rest_run-1_bold (300 DICOMs) -> /out/sub-voice991/ses-1/func . Converter: dcm2niix . Output types: ('nii.gz',)
WARNING: A newer version (1.8.4) of nipy/nipype is available. You are using 1.8.0
INFO: [Node] Setting-up "convert" in "/tmp/dcm2niix16pxu_tn/convert".
INFO: [Node] Executing "convert" <nipype.interfaces.dcm2nii.Dcm2niix>
INFO: stdout 2022-10-12T23:42:50.375399:Chris Rorden's dcm2niiX version v1.0.20211006  GCC10.2.1 x86-64 (64-bit Linux)
INFO: stdout 2022-10-12T23:42:50.375399:Found 300 DICOM file(s)
INFO: stdout 2022-10-12T23:42:50.375399:Warning: Slice timing appears corrupted (range 0..5360, TR=1090 ms)
INFO: stdout 2022-10-12T23:42:50.375399:Convert 300 DICOM as /out/sub-voice991/ses-1/func/sub-voice991_ses-1_task-rest_run-1_bold_heudiconv963 (108x108x65x300)
INFO: stdout 2022-10-12T23:43:21.224522:Compress: "/usr/bin/pigz" -b 960 -n -f -6 "/out/sub-voice991/ses-1/func/sub-voice991_ses-1_task-rest_run-1_bold_heudiconv963.nii"
INFO: stdout 2022-10-12T23:43:21.224522:Conversion required 33.153450 seconds (1.655045 for core code).
INFO: [Node] Finished "convert", elapsed time 33.18858s.
INFO: Post-treating /out/sub-voice991/ses-1/func/sub-voice991_ses-1_task-rest_run-1_bold.json file
INFO: Converting /out/sub-voice991/ses-1/fmap/sub-voice991_ses-1_acq-func_dir-PA_run-1_epi (260 DICOMs) -> /out/sub-voice991/ses-1/fmap . Converter: dcm2niix . Output types: ('nii.gz',)
INFO: [Node] Setting-up "convert" in "/tmp/dcm2niixxwmf3tz9/convert".
INFO: [Node] Executing "convert" <nipype.interfaces.dcm2nii.Dcm2niix>
INFO: stdout 2022-10-12T23:43:23.065711:Chris Rorden's dcm2niiX version v1.0.20211006  GCC10.2.1 x86-64 (64-bit Linux)
INFO: stdout 2022-10-12T23:43:23.065711:Found 260 DICOM file(s)
INFO: stdout 2022-10-12T23:43:23.065711:Convert 260 DICOM as /out/sub-voice991/ses-1/fmap/sub-voice991_ses-1_acq-func_dir-PA_run-1_epi_heudiconv218 (108x108x65x4)
INFO: stdout 2022-10-12T23:43:23.718597:Compress: "/usr/bin/pigz" -b 960 -n -f -6 "/out/sub-voice991/ses-1/fmap/sub-voice991_ses-1_acq-func_dir-PA_run-1_epi_heudiconv218.nii"
INFO: stdout 2022-10-12T23:43:23.718597:Conversion required 1.669036 seconds (0.362907 for core code).
INFO: [Node] Finished "convert", elapsed time 1.709177s.
WARNING: Failed to find task field in /out/sub-voice991/ses-1/fmap/sub-voice991_ses-1_acq-func_dir-PA_run-1_epi.json.
INFO: Post-treating /out/sub-voice991/ses-1/fmap/sub-voice991_ses-1_acq-func_dir-PA_run-1_epi.json file
INFO: Converting /out/sub-voice991/ses-1/fmap/sub-voice991_ses-1_acq-func_dir-AP_run-2_epi (260 DICOMs) -> /out/sub-voice991/ses-1/fmap . Converter: dcm2niix . Output types: ('nii.gz',)
INFO: [Node] Setting-up "convert" in "/tmp/dcm2niixn8wocdsx/convert".
INFO: [Node] Executing "convert" <nipype.interfaces.dcm2nii.Dcm2niix>
INFO: stdout 2022-10-12T23:43:26.491315:Chris Rorden's dcm2niiX version v1.0.20211006  GCC10.2.1 x86-64 (64-bit Linux)
INFO: stdout 2022-10-12T23:43:26.491315:Found 260 DICOM file(s)
INFO: stdout 2022-10-12T23:43:26.491315:Convert 260 DICOM as /out/sub-voice991/ses-1/fmap/sub-voice991_ses-1_acq-func_dir-AP_run-2_epi_heudiconv962 (108x108x65x4)
INFO: stdout 2022-10-12T23:43:27.319629:Compress: "/usr/bin/pigz" -b 960 -n -f -6 "/out/sub-voice991/ses-1/fmap/sub-voice991_ses-1_acq-func_dir-AP_run-2_epi_heudiconv962.nii"
INFO: stdout 2022-10-12T23:43:27.319629:Conversion required 3.098425 seconds (0.368848 for core code).
INFO: [Node] Finished "convert", elapsed time 3.156211s.
WARNING: Failed to find task field in /out/sub-voice991/ses-1/fmap/sub-voice991_ses-1_acq-func_dir-AP_run-2_epi.json.
INFO: Post-treating /out/sub-voice991/ses-1/fmap/sub-voice991_ses-1_acq-func_dir-AP_run-2_epi.json file
INFO: Converting /out/sub-voice991/ses-1/dwi/sub-voice991_ses-1_acq-PA_dwi (72 DICOMs) -> /out/sub-voice991/ses-1/dwi . Converter: dcm2niix . Output types: ('nii.gz',)
INFO: [Node] Setting-up "convert" in "/tmp/dcm2niix8327wla7/convert".
INFO: [Node] Executing "convert" <nipype.interfaces.dcm2nii.Dcm2niix>
INFO: stdout 2022-10-12T23:43:28.817774:Chris Rorden's dcm2niiX version v1.0.20211006  GCC10.2.1 x86-64 (64-bit Linux)
INFO: stdout 2022-10-12T23:43:28.817774:Found 72 DICOM file(s)
INFO: stdout 2022-10-12T23:43:28.817774:Warning: Slice timing appears corrupted (range 0..8.63999e+07, TR=4400 ms)
INFO: stdout 2022-10-12T23:43:28.817774:Convert 72 DICOM as /out/sub-voice991/ses-1/dwi/sub-voice991_ses-1_acq-PA_dwi_heudiconv854 (120x120x66x72)
INFO: stdout 2022-10-12T23:43:38.381946:Compress: "/usr/bin/pigz" -b 960 -n -f -6 "/out/sub-voice991/ses-1/dwi/sub-voice991_ses-1_acq-PA_dwi_heudiconv854.nii"
INFO: stdout 2022-10-12T23:43:38.381946:Conversion required 10.564467 seconds (0.520309 for core code).
INFO: [Node] Finished "convert", elapsed time 10.660782s.
WARNING: Failed to find task field in /out/sub-voice991/ses-1/dwi/sub-voice991_ses-1_acq-PA_dwi.json.
INFO: Post-treating /out/sub-voice991/ses-1/dwi/sub-voice991_ses-1_acq-PA_dwi.json file
INFO: Converting /out/sub-voice991/ses-1/dwi/sub-voice991_ses-1_acq-AP_dwi (7 DICOMs) -> /out/sub-voice991/ses-1/dwi . Converter: dcm2niix . Output types: ('nii.gz',)
INFO: [Node] Setting-up "convert" in "/tmp/dcm2niixry74lg09/convert".
INFO: [Node] Executing "convert" <nipype.interfaces.dcm2nii.Dcm2niix>
INFO: stdout 2022-10-12T23:43:38.896892:Chris Rorden's dcm2niiX version v1.0.20211006  GCC10.2.1 x86-64 (64-bit Linux)
INFO: stdout 2022-10-12T23:43:38.896892:Found 7 DICOM file(s)
INFO: stdout 2022-10-12T23:43:38.896892:Warning: Slice timing appears corrupted (range 0..8.63999e+07, TR=4400 ms)
INFO: stdout 2022-10-12T23:43:38.896892:Convert 7 DICOM as /out/sub-voice991/ses-1/dwi/sub-voice991_ses-1_acq-AP_dwi_heudiconv520 (120x120x66x7)
INFO: stdout 2022-10-12T23:43:40.252777:Compress: "/usr/bin/pigz" -b 960 -n -f -6 "/out/sub-voice991/ses-1/dwi/sub-voice991_ses-1_acq-AP_dwi_heudiconv520.nii"
INFO: stdout 2022-10-12T23:43:40.252777:Conversion required 1.576489 seconds (0.076057 for core code).
INFO: [Node] Finished "convert", elapsed time 1.6883110000000001s.
WARNING: Failed to find task field in /out/sub-voice991/ses-1/dwi/sub-voice991_ses-1_acq-AP_dwi.json.
INFO: Post-treating /out/sub-voice991/ses-1/dwi/sub-voice991_ses-1_acq-AP_dwi.json file
INFO: Converting /out/sub-voice991/ses-1/anat/sub-voice991_ses-1_run-1_T1w (176 DICOMs) -> /out/sub-voice991/ses-1/anat . Converter: dcm2niix . Output types: ('nii.gz',)
INFO: [Node] Setting-up "convert" in "/tmp/dcm2niixlfgqi41c/convert".
INFO: [Node] Executing "convert" <nipype.interfaces.dcm2nii.Dcm2niix>
INFO: stdout 2022-10-12T23:43:42.439101:Chris Rorden's dcm2niiX version v1.0.20211006  GCC10.2.1 x86-64 (64-bit Linux)
INFO: stdout 2022-10-12T23:43:42.439101:Found 176 DICOM file(s)
INFO: stdout 2022-10-12T23:43:42.439101:Convert 176 DICOM as /out/sub-voice991/ses-1/anat/sub-voice991_ses-1_run-1_T1w_heudiconv050 (256x256x176x1)
INFO: stdout 2022-10-12T23:43:44.186596:Compress: "/usr/bin/pigz" -b 960 -n -f -6 "/out/sub-voice991/ses-1/anat/sub-voice991_ses-1_run-1_T1w_heudiconv050.nii"
INFO: stdout 2022-10-12T23:43:44.186596:Conversion required 2.513592 seconds (0.404534 for core code).
INFO: [Node] Finished "convert", elapsed time 2.575717s.
WARNING: Failed to find task field in /out/sub-voice991/ses-1/anat/sub-voice991_ses-1_run-1_T1w.json.
INFO: Post-treating /out/sub-voice991/ses-1/anat/sub-voice991_ses-1_run-1_T1w.json file
INFO: Converting /out/sub-voice991/ses-1/anat/sub-voice991_ses-1_T2w (176 DICOMs) -> /out/sub-voice991/ses-1/anat . Converter: dcm2niix . Output types: ('nii.gz',)
INFO: [Node] Setting-up "convert" in "/tmp/dcm2niixzf_b3uyv/convert".
INFO: [Node] Executing "convert" <nipype.interfaces.dcm2nii.Dcm2niix>
INFO: stdout 2022-10-12T23:43:45.239293:Chris Rorden's dcm2niiX version v1.0.20211006  GCC10.2.1 x86-64 (64-bit Linux)
INFO: stdout 2022-10-12T23:43:45.239293:Found 176 DICOM file(s)
INFO: stdout 2022-10-12T23:43:45.239293:Convert 176 DICOM as /out/sub-voice991/ses-1/anat/sub-voice991_ses-1_T2w_heudiconv543 (256x256x176x1)
INFO: stdout 2022-10-12T23:43:46.789237:Compress: "/usr/bin/pigz" -b 960 -n -f -6 "/out/sub-voice991/ses-1/anat/sub-voice991_ses-1_T2w_heudiconv543.nii"
INFO: stdout 2022-10-12T23:43:46.789237:Conversion required 2.216731 seconds (0.396435 for core code).
INFO: [Node] Finished "convert", elapsed time 2.2933s.
WARNING: Failed to find task field in /out/sub-voice991/ses-1/anat/sub-voice991_ses-1_T2w.json.
INFO: Post-treating /out/sub-voice991/ses-1/anat/sub-voice991_ses-1_T2w.json file
INFO: Converting /out/sub-voice991/ses-1/func/sub-voice991_ses-1_task-pataka_run-1_bold (207 DICOMs) -> /out/sub-voice991/ses-1/func . Converter: dcm2niix . Output types: ('nii.gz',)
INFO: [Node] Setting-up "convert" in "/tmp/dcm2niixheotswgn/convert".
INFO: [Node] Executing "convert" <nipype.interfaces.dcm2nii.Dcm2niix>
INFO: stdout 2022-10-12T23:43:48.772284:Chris Rorden's dcm2niiX version v1.0.20211006  GCC10.2.1 x86-64 (64-bit Linux)
INFO: stdout 2022-10-12T23:43:48.772284:Found 207 DICOM file(s)
INFO: stdout 2022-10-12T23:43:48.772284:Warning: Slice timing appears corrupted (range 0..3137.5, TR=1640 ms)
INFO: stdout 2022-10-12T23:43:48.772284:Convert 207 DICOM as /out/sub-voice991/ses-1/func/sub-voice991_ses-1_task-pataka_run-1_bold_heudiconv009 (72x72x45x207)
INFO: stdout 2022-10-12T23:43:55.554578:Compress: "/usr/bin/pigz" -b 960 -n -f -6 "/out/sub-voice991/ses-1/func/sub-voice991_ses-1_task-pataka_run-1_bold_heudiconv009.nii"
INFO: stdout 2022-10-12T23:43:55.554578:Conversion required 8.389829 seconds (0.563491 for core code).
INFO: [Node] Finished "convert", elapsed time 8.453303s.
INFO: Post-treating /out/sub-voice991/ses-1/func/sub-voice991_ses-1_task-pataka_run-1_bold.json file
INFO: Converting /out/sub-voice991/ses-1/func/sub-voice991_ses-1_task-pataka_run-2_bold (207 DICOMs) -> /out/sub-voice991/ses-1/func . Converter: dcm2niix . Output types: ('nii.gz',)
INFO: [Node] Setting-up "convert" in "/tmp/dcm2niix0lo2qa98/convert".
INFO: [Node] Executing "convert" <nipype.interfaces.dcm2nii.Dcm2niix>
INFO: stdout 2022-10-12T23:43:57.514096:Chris Rorden's dcm2niiX version v1.0.20211006  GCC10.2.1 x86-64 (64-bit Linux)
INFO: stdout 2022-10-12T23:43:57.514096:Found 207 DICOM file(s)
INFO: stdout 2022-10-12T23:43:57.514096:Warning: Slice timing appears corrupted (range 0..3135, TR=1640 ms)
INFO: stdout 2022-10-12T23:43:57.514096:Convert 207 DICOM as /out/sub-voice991/ses-1/func/sub-voice991_ses-1_task-pataka_run-2_bold_heudiconv736 (72x72x45x207)
INFO: stdout 2022-10-12T23:44:04.251162:Compress: "/usr/bin/pigz" -b 960 -n -f -6 "/out/sub-voice991/ses-1/func/sub-voice991_ses-1_task-pataka_run-2_bold_heudiconv736.nii"
INFO: stdout 2022-10-12T23:44:04.251162:Conversion required 8.254728 seconds (0.575652 for core code).
INFO: [Node] Finished "convert", elapsed time 8.305087s.
INFO: Post-treating /out/sub-voice991/ses-1/func/sub-voice991_ses-1_task-pataka_run-2_bold.json file
INFO: Converting /out/sub-voice991/ses-1/func/sub-voice991_ses-1_task-pitchsent_run-1_bold (57 DICOMs) -> /out/sub-voice991/ses-1/func . Converter: dcm2niix . Output types: ('nii.gz',)
INFO: [Node] Setting-up "convert" in "/tmp/dcm2niix2dhf1iip/convert".
INFO: [Node] Executing "convert" <nipype.interfaces.dcm2nii.Dcm2niix>
INFO: stdout 2022-10-12T23:44:05.297194:Chris Rorden's dcm2niiX version v1.0.20211006  GCC10.2.1 x86-64 (64-bit Linux)
INFO: stdout 2022-10-12T23:44:05.297194:Found 57 DICOM file(s)
INFO: stdout 2022-10-12T23:44:05.297194:Warning: Slice timing appears corrupted (range 0..5360, TR=4000 ms)
INFO: stdout 2022-10-12T23:44:05.297194:Convert 57 DICOM as /out/sub-voice991/ses-1/func/sub-voice991_ses-1_task-pitchsent_run-1_bold_heudiconv509 (108x108x65x57)
INFO: stdout 2022-10-12T23:44:12.141825:Compress: "/usr/bin/pigz" -b 960 -n -f -6 "/out/sub-voice991/ses-1/func/sub-voice991_ses-1_task-pitchsent_run-1_bold_heudiconv509.nii"
INFO: stdout 2022-10-12T23:44:12.141825:Conversion required 7.665165 seconds (0.372602 for core code).
INFO: [Node] Finished "convert", elapsed time 7.730257s.
INFO: Post-treating /out/sub-voice991/ses-1/func/sub-voice991_ses-1_task-pitchsent_run-1_bold.json file
INFO: Converting /out/sub-voice991/ses-1/func/sub-voice991_ses-1_task-pitchsent_run-2_bold (57 DICOMs) -> /out/sub-voice991/ses-1/func . Converter: dcm2niix . Output types: ('nii.gz',)
INFO: [Node] Setting-up "convert" in "/tmp/dcm2niixvd_xde2n/convert".
INFO: [Node] Executing "convert" <nipype.interfaces.dcm2nii.Dcm2niix>
INFO: stdout 2022-10-12T23:44:13.369359:Chris Rorden's dcm2niiX version v1.0.20211006  GCC10.2.1 x86-64 (64-bit Linux)
INFO: stdout 2022-10-12T23:44:13.369359:Found 57 DICOM file(s)
INFO: stdout 2022-10-12T23:44:13.369359:Warning: Slice timing appears corrupted (range 0..5360, TR=4000 ms)
INFO: stdout 2022-10-12T23:44:13.369359:Convert 57 DICOM as /out/sub-voice991/ses-1/func/sub-voice991_ses-1_task-pitchsent_run-2_bold_heudiconv578 (108x108x65x57)
INFO: stdout 2022-10-12T23:44:20.270489:Compress: "/usr/bin/pigz" -b 960 -n -f -6 "/out/sub-voice991/ses-1/func/sub-voice991_ses-1_task-pitchsent_run-2_bold_heudiconv578.nii"
INFO: stdout 2022-10-12T23:44:20.270489:Conversion required 7.803980 seconds (0.371238 for core code).
INFO: [Node] Finished "convert", elapsed time 7.866216s.
INFO: Post-treating /out/sub-voice991/ses-1/func/sub-voice991_ses-1_task-pitchsent_run-2_bold.json file
INFO: Converting /out/sub-voice991/ses-1/func/sub-voice991_ses-1_task-pitchsent_run-3_bold (57 DICOMs) -> /out/sub-voice991/ses-1/func . Converter: dcm2niix . Output types: ('nii.gz',)
INFO: [Node] Setting-up "convert" in "/tmp/dcm2niix7mxx33pv/convert".
INFO: [Node] Executing "convert" <nipype.interfaces.dcm2nii.Dcm2niix>
INFO: stdout 2022-10-12T23:44:24.416843:Chris Rorden's dcm2niiX version v1.0.20211006  GCC10.2.1 x86-64 (64-bit Linux)
INFO: stdout 2022-10-12T23:44:24.416843:Found 57 DICOM file(s)
INFO: stdout 2022-10-12T23:44:24.416843:Warning: Slice timing appears corrupted (range 0..5357.5, TR=4000 ms)
INFO: stdout 2022-10-12T23:44:24.416843:Convert 57 DICOM as /out/sub-voice991/ses-1/func/sub-voice991_ses-1_task-pitchsent_run-3_bold_heudiconv979 (108x108x65x57)
INFO: stdout 2022-10-12T23:44:31.756119:Compress: "/usr/bin/pigz" -b 960 -n -f -6 "/out/sub-voice991/ses-1/func/sub-voice991_ses-1_task-pitchsent_run-3_bold_heudiconv979.nii"
INFO: stdout 2022-10-12T23:44:31.756119:Conversion required 9.220343 seconds (0.373359 for core code).
INFO: [Node] Finished "convert", elapsed time 9.441076s.
INFO: Post-treating /out/sub-voice991/ses-1/func/sub-voice991_ses-1_task-pitchsent_run-3_bold.json file
INFO: Converting /out/sub-voice991/ses-1/func/sub-voice991_ses-1_task-nwr_run-1_bold (42 DICOMs) -> /out/sub-voice991/ses-1/func . Converter: dcm2niix . Output types: ('nii.gz',)
INFO: [Node] Setting-up "convert" in "/tmp/dcm2niixz2amv430/convert".
INFO: [Node] Executing "convert" <nipype.interfaces.dcm2nii.Dcm2niix>
INFO: stdout 2022-10-12T23:44:33.635390:Chris Rorden's dcm2niiX version v1.0.20211006  GCC10.2.1 x86-64 (64-bit Linux)
INFO: stdout 2022-10-12T23:44:33.635390:Found 42 DICOM file(s)
INFO: stdout 2022-10-12T23:44:33.635390:Warning: Slice timing appears corrupted (range 0..5357.5, TR=4000 ms)
INFO: stdout 2022-10-12T23:44:33.635390:Convert 42 DICOM as /out/sub-voice991/ses-1/func/sub-voice991_ses-1_task-nwr_run-1_bold_heudiconv166 (108x108x65x42)
INFO: stdout 2022-10-12T23:44:39.656799:Compress: "/usr/bin/pigz" -b 960 -n -f -6 "/out/sub-voice991/ses-1/func/sub-voice991_ses-1_task-nwr_run-1_bold_heudiconv166.nii"
INFO: stdout 2022-10-12T23:44:39.656799:Conversion required 7.412500 seconds (0.288970 for core code).
INFO: [Node] Finished "convert", elapsed time 7.580231s.
INFO: Post-treating /out/sub-voice991/ses-1/func/sub-voice991_ses-1_task-nwr_run-1_bold.json file
INFO: Converting /out/sub-voice991/ses-1/func/sub-voice991_ses-1_task-nwr_run-2_bold (42 DICOMs) -> /out/sub-voice991/ses-1/func . Converter: dcm2niix . Output types: ('nii.gz',)
INFO: [Node] Setting-up "convert" in "/tmp/dcm2niixmhijvpx5/convert".
INFO: [Node] Executing "convert" <nipype.interfaces.dcm2nii.Dcm2niix>
INFO: stdout 2022-10-12T23:44:41.531706:Chris Rorden's dcm2niiX version v1.0.20211006  GCC10.2.1 x86-64 (64-bit Linux)
INFO: stdout 2022-10-12T23:44:41.531706:Found 42 DICOM file(s)
INFO: stdout 2022-10-12T23:44:41.531706:Warning: Slice timing appears corrupted (range 0..5357.5, TR=4000 ms)
INFO: stdout 2022-10-12T23:44:41.531706:Convert 42 DICOM as /out/sub-voice991/ses-1/func/sub-voice991_ses-1_task-nwr_run-2_bold_heudiconv470 (108x108x65x42)
INFO: stdout 2022-10-12T23:44:47.079739:Compress: "/usr/bin/pigz" -b 960 -n -f -6 "/out/sub-voice991/ses-1/func/sub-voice991_ses-1_task-nwr_run-2_bold_heudiconv470.nii"
INFO: stdout 2022-10-12T23:44:47.079739:Conversion required 6.536194 seconds (0.290430 for core code).
INFO: [Node] Finished "convert", elapsed time 6.6258s.
INFO: Post-treating /out/sub-voice991/ses-1/func/sub-voice991_ses-1_task-nwr_run-2_bold.json file
INFO: Converting /out/sub-voice991/ses-1/func/sub-voice991_ses-1_task-nwr_run-3_bold (42 DICOMs) -> /out/sub-voice991/ses-1/func . Converter: dcm2niix . Output types: ('nii.gz',)
INFO: [Node] Setting-up "convert" in "/tmp/dcm2niixbfqnyizc/convert".
INFO: [Node] Executing "convert" <nipype.interfaces.dcm2nii.Dcm2niix>
INFO: stdout 2022-10-12T23:44:48.113730:Chris Rorden's dcm2niiX version v1.0.20211006  GCC10.2.1 x86-64 (64-bit Linux)
INFO: stdout 2022-10-12T23:44:48.113730:Found 42 DICOM file(s)
INFO: stdout 2022-10-12T23:44:48.113730:Warning: Slice timing appears corrupted (range 0..5360, TR=4000 ms)
INFO: stdout 2022-10-12T23:44:48.113730:Convert 42 DICOM as /out/sub-voice991/ses-1/func/sub-voice991_ses-1_task-nwr_run-3_bold_heudiconv975 (108x108x65x42)
INFO: stdout 2022-10-12T23:44:52.507208:Compress: "/usr/bin/pigz" -b 960 -n -f -6 "/out/sub-voice991/ses-1/func/sub-voice991_ses-1_task-nwr_run-3_bold_heudiconv975.nii"
INFO: stdout 2022-10-12T23:44:52.507208:Conversion required 4.929823 seconds (0.255170 for core code).
INFO: [Node] Finished "convert", elapsed time 4.992544s.
INFO: Post-treating /out/sub-voice991/ses-1/func/sub-voice991_ses-1_task-nwr_run-3_bold.json file
INFO: Converting /out/sub-voice991/ses-1/func/sub-voice991_ses-1_task-facematch_run-1_bold (99 DICOMs) -> /out/sub-voice991/ses-1/func . Converter: dcm2niix . Output types: ('nii.gz',)
INFO: [Node] Setting-up "convert" in "/tmp/dcm2niixagjs57zl/convert".
INFO: [Node] Executing "convert" <nipype.interfaces.dcm2nii.Dcm2niix>
INFO: stdout 2022-10-12T23:44:54.001161:Chris Rorden's dcm2niiX version v1.0.20211006  GCC10.2.1 x86-64 (64-bit Linux)
INFO: stdout 2022-10-12T23:44:54.001161:Found 99 DICOM file(s)
INFO: stdout 2022-10-12T23:44:54.001161:Warning: Slice timing appears corrupted (range 0..5357.5, TR=2000 ms)
INFO: stdout 2022-10-12T23:44:54.001161:Convert 99 DICOM as /out/sub-voice991/ses-1/func/sub-voice991_ses-1_task-facematch_run-1_bold_heudiconv469 (108x108x65x99)
INFO: stdout 2022-10-12T23:45:04.581041:Compress: "/usr/bin/pigz" -b 960 -n -f -6 "/out/sub-voice991/ses-1/func/sub-voice991_ses-1_task-facematch_run-1_bold_heudiconv469.nii"
INFO: stdout 2022-10-12T23:45:04.581041:Conversion required 11.552305 seconds (0.550510 for core code).
INFO: [Node] Finished "convert", elapsed time 11.706801s.
INFO: Post-treating /out/sub-voice991/ses-1/func/sub-voice991_ses-1_task-facematch_run-1_bold.json file
INFO: Converting /out/sub-voice991/ses-1/func/sub-voice991_ses-1_task-facematch_run-2_bold (99 DICOMs) -> /out/sub-voice991/ses-1/func . Converter: dcm2niix . Output types: ('nii.gz',)
INFO: [Node] Setting-up "convert" in "/tmp/dcm2niixl97ktqdw/convert".
INFO: [Node] Executing "convert" <nipype.interfaces.dcm2nii.Dcm2niix>
INFO: stdout 2022-10-12T23:45:05.685095:Chris Rorden's dcm2niiX version v1.0.20211006  GCC10.2.1 x86-64 (64-bit Linux)
INFO: stdout 2022-10-12T23:45:05.685095:Found 99 DICOM file(s)
INFO: stdout 2022-10-12T23:45:05.685095:Warning: Slice timing appears corrupted (range 0..5360, TR=2000 ms)
INFO: stdout 2022-10-12T23:45:05.685095:Convert 99 DICOM as /out/sub-voice991/ses-1/func/sub-voice991_ses-1_task-facematch_run-2_bold_heudiconv697 (108x108x65x99)
INFO: stdout 2022-10-12T23:45:16.673179:Compress: "/usr/bin/pigz" -b 960 -n -f -6 "/out/sub-voice991/ses-1/func/sub-voice991_ses-1_task-facematch_run-2_bold_heudiconv697.nii"
INFO: stdout 2022-10-12T23:45:16.673179:Conversion required 11.769654 seconds (0.527435 for core code).
INFO: [Node] Finished "convert", elapsed time 11.813731s.
INFO: Post-treating /out/sub-voice991/ses-1/func/sub-voice991_ses-1_task-facematch_run-2_bold.json file
INFO: Converting /out/sub-voice991/ses-1/func/sub-voice991_ses-1_task-emosent_run-1_bold (42 DICOMs) -> /out/sub-voice991/ses-1/func . Converter: dcm2niix . Output types: ('nii.gz',)
INFO: [Node] Setting-up "convert" in "/tmp/dcm2niix1i2sr96l/convert".
INFO: [Node] Executing "convert" <nipype.interfaces.dcm2nii.Dcm2niix>
INFO: stdout 2022-10-12T23:45:17.321045:Chris Rorden's dcm2niiX version v1.0.20211006  GCC10.2.1 x86-64 (64-bit Linux)
INFO: stdout 2022-10-12T23:45:17.321045:Found 42 DICOM file(s)
INFO: stdout 2022-10-12T23:45:17.321045:Warning: Slice timing appears corrupted (range 0..5357.5, TR=4000 ms)
INFO: stdout 2022-10-12T23:45:17.321045:Convert 42 DICOM as /out/sub-voice991/ses-1/func/sub-voice991_ses-1_task-emosent_run-1_bold_heudiconv846 (108x108x65x42)
INFO: stdout 2022-10-12T23:45:22.059470:Compress: "/usr/bin/pigz" -b 960 -n -f -6 "/out/sub-voice991/ses-1/func/sub-voice991_ses-1_task-emosent_run-1_bold_heudiconv846.nii"
INFO: stdout 2022-10-12T23:45:22.059470:Conversion required 5.043684 seconds (0.247458 for core code).
INFO: [Node] Finished "convert", elapsed time 5.125462s.
INFO: Post-treating /out/sub-voice991/ses-1/func/sub-voice991_ses-1_task-emosent_run-1_bold.json file
INFO: Converting /out/sub-voice991/ses-1/func/sub-voice991_ses-1_task-emosent_run-2_bold (42 DICOMs) -> /out/sub-voice991/ses-1/func . Converter: dcm2niix . Output types: ('nii.gz',)
INFO: [Node] Setting-up "convert" in "/tmp/dcm2niix_5ox6plf/convert".
INFO: [Node] Executing "convert" <nipype.interfaces.dcm2nii.Dcm2niix>
INFO: stdout 2022-10-12T23:45:25.004889:Chris Rorden's dcm2niiX version v1.0.20211006  GCC10.2.1 x86-64 (64-bit Linux)
INFO: stdout 2022-10-12T23:45:25.004889:Found 42 DICOM file(s)
INFO: stdout 2022-10-12T23:45:25.004889:Warning: Slice timing appears corrupted (range 0..5360, TR=4000 ms)
INFO: stdout 2022-10-12T23:45:25.004889:Convert 42 DICOM as /out/sub-voice991/ses-1/func/sub-voice991_ses-1_task-emosent_run-2_bold_heudiconv029 (108x108x65x42)
INFO: stdout 2022-10-12T23:45:30.790402:Compress: "/usr/bin/pigz" -b 960 -n -f -6 "/out/sub-voice991/ses-1/func/sub-voice991_ses-1_task-emosent_run-2_bold_heudiconv029.nii"
INFO: stdout 2022-10-12T23:45:30.790402:Conversion required 6.889879 seconds (0.259885 for core code).
INFO: [Node] Finished "convert", elapsed time 7.233657s.
INFO: Post-treating /out/sub-voice991/ses-1/func/sub-voice991_ses-1_task-emosent_run-2_bold.json file
INFO: Converting /out/sub-voice991/ses-1/func/sub-voice991_ses-1_task-vowel_run-1_bold (55 DICOMs) -> /out/sub-voice991/ses-1/func . Converter: dcm2niix . Output types: ('nii.gz',)
INFO: [Node] Setting-up "convert" in "/tmp/dcm2niixytij1of5/convert".
INFO: [Node] Executing "convert" <nipype.interfaces.dcm2nii.Dcm2niix>
INFO: stdout 2022-10-12T23:45:32.266354:Chris Rorden's dcm2niiX version v1.0.20211006  GCC10.2.1 x86-64 (64-bit Linux)
INFO: stdout 2022-10-12T23:45:32.266354:Found 55 DICOM file(s)
INFO: stdout 2022-10-12T23:45:32.266354:Warning: Slice timing appears corrupted (range 0..5360, TR=4000 ms)
INFO: stdout 2022-10-12T23:45:32.266354:Convert 55 DICOM as /out/sub-voice991/ses-1/func/sub-voice991_ses-1_task-vowel_run-1_bold_heudiconv760 (108x108x65x55)
INFO: stdout 2022-10-12T23:45:38.365369:Compress: "/usr/bin/pigz" -b 960 -n -f -6 "/out/sub-voice991/ses-1/func/sub-voice991_ses-1_task-vowel_run-1_bold_heudiconv760.nii"
INFO: stdout 2022-10-12T23:45:38.365369:Conversion required 6.884262 seconds (0.341533 for core code).
INFO: [Node] Finished "convert", elapsed time 6.943115s.
INFO: Post-treating /out/sub-voice991/ses-1/func/sub-voice991_ses-1_task-vowel_run-1_bold.json file
INFO: Converting /out/sub-voice991/ses-1/func/sub-voice991_ses-1_task-vowel_run-2_bold (55 DICOMs) -> /out/sub-voice991/ses-1/func . Converter: dcm2niix . Output types: ('nii.gz',)
INFO: [Node] Setting-up "convert" in "/tmp/dcm2niixko7p4sr4/convert".
INFO: [Node] Executing "convert" <nipype.interfaces.dcm2nii.Dcm2niix>
INFO: stdout 2022-10-12T23:45:39.846600:Chris Rorden's dcm2niiX version v1.0.20211006  GCC10.2.1 x86-64 (64-bit Linux)
INFO: stdout 2022-10-12T23:45:39.846600:Found 55 DICOM file(s)
INFO: stdout 2022-10-12T23:45:39.846600:Warning: Slice timing appears corrupted (range 0..5360, TR=4000 ms)
INFO: stdout 2022-10-12T23:45:39.846600:Convert 55 DICOM as /out/sub-voice991/ses-1/func/sub-voice991_ses-1_task-vowel_run-2_bold_heudiconv772 (108x108x65x55)
INFO: stdout 2022-10-12T23:45:47.898611:Compress: "/usr/bin/pigz" -b 960 -n -f -6 "/out/sub-voice991/ses-1/func/sub-voice991_ses-1_task-vowel_run-2_bold_heudiconv772.nii"
INFO: stdout 2022-10-12T23:45:47.898611:Conversion required 8.985341 seconds (0.341322 for core code).
INFO: [Node] Finished "convert", elapsed time 9.04745s.
INFO: Post-treating /out/sub-voice991/ses-1/func/sub-voice991_ses-1_task-vowel_run-2_bold.json file
INFO: Converting /out/sub-voice991/ses-1/func/sub-voice991_ses-1_task-pitchnw_run-1_bold (101 DICOMs) -> /out/sub-voice991/ses-1/func . Converter: dcm2niix . Output types: ('nii.gz',)
INFO: [Node] Setting-up "convert" in "/tmp/dcm2niix7vobti15/convert".
INFO: [Node] Executing "convert" <nipype.interfaces.dcm2nii.Dcm2niix>
INFO: stdout 2022-10-12T23:45:50.582685:Chris Rorden's dcm2niiX version v1.0.20211006  GCC10.2.1 x86-64 (64-bit Linux)
INFO: stdout 2022-10-12T23:45:50.582685:Found 101 DICOM file(s)
INFO: stdout 2022-10-12T23:45:50.582685:Warning: Slice timing appears corrupted (range 0..5357.5, TR=2000 ms)
INFO: stdout 2022-10-12T23:45:50.582685:Convert 101 DICOM as /out/sub-voice991/ses-1/func/sub-voice991_ses-1_task-pitchnw_run-1_bold_heudiconv279 (108x108x65x101)
INFO: stdout 2022-10-12T23:46:02.874881:Compress: "/usr/bin/pigz" -b 960 -n -f -6 "/out/sub-voice991/ses-1/func/sub-voice991_ses-1_task-pitchnw_run-1_bold_heudiconv279.nii"
INFO: stdout 2022-10-12T23:46:02.874881:Conversion required 13.436315 seconds (0.583176 for core code).
INFO: [Node] Finished "convert", elapsed time 13.693603s.
INFO: Post-treating /out/sub-voice991/ses-1/func/sub-voice991_ses-1_task-pitchnw_run-1_bold.json file
INFO: Converting /out/sub-voice991/ses-1/func/sub-voice991_ses-1_task-pitchnw_run-2_bold (101 DICOMs) -> /out/sub-voice991/ses-1/func . Converter: dcm2niix . Output types: ('nii.gz',)
INFO: [Node] Setting-up "convert" in "/tmp/dcm2niixhn7azvau/convert".
INFO: [Node] Executing "convert" <nipype.interfaces.dcm2nii.Dcm2niix>
INFO: stdout 2022-10-12T23:46:04.161290:Chris Rorden's dcm2niiX version v1.0.20211006  GCC10.2.1 x86-64 (64-bit Linux)
INFO: stdout 2022-10-12T23:46:04.161290:Found 101 DICOM file(s)
INFO: stdout 2022-10-12T23:46:04.161290:Warning: Slice timing appears corrupted (range 0..5360, TR=2000 ms)
INFO: stdout 2022-10-12T23:46:04.161290:Convert 101 DICOM as /out/sub-voice991/ses-1/func/sub-voice991_ses-1_task-pitchnw_run-2_bold_heudiconv193 (108x108x65x101)
INFO: stdout 2022-10-12T23:46:15.206662:Compress: "/usr/bin/pigz" -b 960 -n -f -6 "/out/sub-voice991/ses-1/func/sub-voice991_ses-1_task-pitchnw_run-2_bold_heudiconv193.nii"
INFO: stdout 2022-10-12T23:46:15.206662:Conversion required 12.049931 seconds (0.577197 for core code).
INFO: [Node] Finished "convert", elapsed time 12.104839s.
INFO: Post-treating /out/sub-voice991/ses-1/func/sub-voice991_ses-1_task-pitchnw_run-2_bold.json file
INFO: Converting /out/sub-voice991/ses-1/func/sub-voice991_ses-1_task-movie_run-1_bold (138 DICOMs) -> /out/sub-voice991/ses-1/func . Converter: dcm2niix . Output types: ('nii.gz',)
INFO: [Node] Setting-up "convert" in "/tmp/dcm2niixdhfy5ryo/convert".
INFO: [Node] Executing "convert" <nipype.interfaces.dcm2nii.Dcm2niix>
INFO: stdout 2022-10-12T23:46:18.341226:Chris Rorden's dcm2niiX version v1.0.20211006  GCC10.2.1 x86-64 (64-bit Linux)
INFO: stdout 2022-10-12T23:46:18.341226:Found 138 DICOM file(s)
INFO: stdout 2022-10-12T23:46:18.341226:Warning: Slice timing appears corrupted (range 0..5360, TR=1090 ms)
INFO: stdout 2022-10-12T23:46:18.341226:Convert 138 DICOM as /out/sub-voice991/ses-1/func/sub-voice991_ses-1_task-movie_run-1_bold_heudiconv397 (108x108x65x138)
INFO: stdout 2022-10-12T23:46:34.482277:Compress: "/usr/bin/pigz" -b 960 -n -f -6 "/out/sub-voice991/ses-1/func/sub-voice991_ses-1_task-movie_run-1_bold_heudiconv397.nii"
INFO: stdout 2022-10-12T23:46:34.482277:Conversion required 17.981301 seconds (0.858220 for core code).
INFO: [Node] Finished "convert", elapsed time 18.048882s.
INFO: Post-treating /out/sub-voice991/ses-1/func/sub-voice991_ses-1_task-movie_run-1_bold.json file
WARNING: Existing lockfile found in /out/heudiconv.lock - waiting for the lock to be released. To set a timeout limit, set the HEUDICONV_FILELOCK_TIMEOUT environmental variable to a value in seconds. If this process hangs, it may require a manual deletion of the /out/heudiconv.lock.
INFO: Populating template files under /out/
INFO: PROCESSING DONE: {'subject': 'voice991', 'outdir': '/out/', 'session': '1'}
