INFO: Running heudiconv version 0.11.3+d20220512 latest 0.11.4
INFO: Need to process 1 study sessions
INFO: PROCESSING STARTS: {'subject': 'voice996', 'outdir': '/out/', 'session': '1'}
INFO: Processing 5293 dicoms
INFO: Analyzing 5293 dicoms
INFO: Generated sequence info for 52 accession numbers with 5293 entries total
INFO: Doing conversion using dcm2niix
INFO: Converting /out/sub-voice996/ses-1/func/sub-voice996_ses-1_task-rest_run-1_bold (300 DICOMs) -> /out/sub-voice996/ses-1/func . Converter: dcm2niix . Output types: ('nii.gz',)
WARNING: A newer version (1.8.4) of nipy/nipype is available. You are using 1.8.0
INFO: [Node] Setting-up "convert" in "/tmp/dcm2niixmo8v0ccp/convert".
INFO: [Node] Executing "convert" <nipype.interfaces.dcm2nii.Dcm2niix>
INFO: stdout 2022-10-12T23:43:11.636121:Chris Rorden's dcm2niiX version v1.0.20211006  GCC10.2.1 x86-64 (64-bit Linux)
INFO: stdout 2022-10-12T23:43:11.636121:Found 300 DICOM file(s)
INFO: stdout 2022-10-12T23:43:11.636121:Warning: Slice timing appears corrupted (range 0..5357.5, TR=1090 ms)
INFO: stdout 2022-10-12T23:43:11.636121:Convert 300 DICOM as /out/sub-voice996/ses-1/func/sub-voice996_ses-1_task-rest_run-1_bold_heudiconv848 (108x108x65x300)
INFO: stdout 2022-10-12T23:43:37.577830:Compress: "/usr/bin/pigz" -b 960 -n -f -6 "/out/sub-voice996/ses-1/func/sub-voice996_ses-1_task-rest_run-1_bold_heudiconv848.nii"
INFO: stdout 2022-10-12T23:43:37.577830:Conversion required 27.740040 seconds (0.880692 for core code).
INFO: [Node] Finished "convert", elapsed time 27.781998s.
INFO: Post-treating /out/sub-voice996/ses-1/func/sub-voice996_ses-1_task-rest_run-1_bold.json file
INFO: Converting /out/sub-voice996/ses-1/fmap/sub-voice996_ses-1_acq-func_dir-PA_run-1_epi (260 DICOMs) -> /out/sub-voice996/ses-1/fmap . Converter: dcm2niix . Output types: ('nii.gz',)
INFO: [Node] Setting-up "convert" in "/tmp/dcm2niixvukrkpsu/convert".
INFO: [Node] Executing "convert" <nipype.interfaces.dcm2nii.Dcm2niix>
INFO: stdout 2022-10-12T23:43:39.445265:Chris Rorden's dcm2niiX version v1.0.20211006  GCC10.2.1 x86-64 (64-bit Linux)
INFO: stdout 2022-10-12T23:43:39.445265:Found 260 DICOM file(s)
INFO: stdout 2022-10-12T23:43:39.445265:Convert 260 DICOM as /out/sub-voice996/ses-1/fmap/sub-voice996_ses-1_acq-func_dir-PA_run-1_epi_heudiconv893 (108x108x65x4)
INFO: stdout 2022-10-12T23:43:39.899552:Compress: "/usr/bin/pigz" -b 960 -n -f -6 "/out/sub-voice996/ses-1/fmap/sub-voice996_ses-1_acq-func_dir-PA_run-1_epi_heudiconv893.nii"
INFO: stdout 2022-10-12T23:43:39.899552:Conversion required 1.591899 seconds (0.121085 for core code).
INFO: [Node] Finished "convert", elapsed time 1.637585s.
WARNING: Failed to find task field in /out/sub-voice996/ses-1/fmap/sub-voice996_ses-1_acq-func_dir-PA_run-1_epi.json.
INFO: Post-treating /out/sub-voice996/ses-1/fmap/sub-voice996_ses-1_acq-func_dir-PA_run-1_epi.json file
INFO: Converting /out/sub-voice996/ses-1/fmap/sub-voice996_ses-1_acq-func_dir-AP_run-2_epi (260 DICOMs) -> /out/sub-voice996/ses-1/fmap . Converter: dcm2niix . Output types: ('nii.gz',)
INFO: [Node] Setting-up "convert" in "/tmp/dcm2niixrj1cj30d/convert".
INFO: [Node] Executing "convert" <nipype.interfaces.dcm2nii.Dcm2niix>
INFO: stdout 2022-10-12T23:43:42.294138:Chris Rorden's dcm2niiX version v1.0.20211006  GCC10.2.1 x86-64 (64-bit Linux)
INFO: stdout 2022-10-12T23:43:42.294138:Found 260 DICOM file(s)
INFO: stdout 2022-10-12T23:43:42.294138:Convert 260 DICOM as /out/sub-voice996/ses-1/fmap/sub-voice996_ses-1_acq-func_dir-AP_run-2_epi_heudiconv491 (108x108x65x4)
INFO: stdout 2022-10-12T23:43:42.967207:Compress: "/usr/bin/pigz" -b 960 -n -f -6 "/out/sub-voice996/ses-1/fmap/sub-voice996_ses-1_acq-func_dir-AP_run-2_epi_heudiconv491.nii"
INFO: stdout 2022-10-12T23:43:42.967207:Conversion required 2.074688 seconds (0.134425 for core code).
INFO: [Node] Finished "convert", elapsed time 2.136475s.
WARNING: Failed to find task field in /out/sub-voice996/ses-1/fmap/sub-voice996_ses-1_acq-func_dir-AP_run-2_epi.json.
INFO: Post-treating /out/sub-voice996/ses-1/fmap/sub-voice996_ses-1_acq-func_dir-AP_run-2_epi.json file
INFO: Converting /out/sub-voice996/ses-1/dwi/sub-voice996_ses-1_acq-PA_dwi (72 DICOMs) -> /out/sub-voice996/ses-1/dwi . Converter: dcm2niix . Output types: ('nii.gz',)
INFO: [Node] Setting-up "convert" in "/tmp/dcm2niixj6vfbpae/convert".
INFO: [Node] Executing "convert" <nipype.interfaces.dcm2nii.Dcm2niix>
INFO: stdout 2022-10-12T23:43:44.163178:Chris Rorden's dcm2niiX version v1.0.20211006  GCC10.2.1 x86-64 (64-bit Linux)
INFO: stdout 2022-10-12T23:43:44.163178:Found 72 DICOM file(s)
INFO: stdout 2022-10-12T23:43:44.163178:Warning: Slice timing appears corrupted (range 0..8.63999e+07, TR=4400 ms)
INFO: stdout 2022-10-12T23:43:44.163178:Convert 72 DICOM as /out/sub-voice996/ses-1/dwi/sub-voice996_ses-1_acq-PA_dwi_heudiconv708 (120x120x66x72)
INFO: stdout 2022-10-12T23:43:52.081515:Compress: "/usr/bin/pigz" -b 960 -n -f -6 "/out/sub-voice996/ses-1/dwi/sub-voice996_ses-1_acq-PA_dwi_heudiconv708.nii"
INFO: stdout 2022-10-12T23:43:52.081515:Conversion required 8.870738 seconds (0.300095 for core code).
INFO: [Node] Finished "convert", elapsed time 8.935703s.
WARNING: Failed to find task field in /out/sub-voice996/ses-1/dwi/sub-voice996_ses-1_acq-PA_dwi.json.
INFO: Post-treating /out/sub-voice996/ses-1/dwi/sub-voice996_ses-1_acq-PA_dwi.json file
INFO: Converting /out/sub-voice996/ses-1/dwi/sub-voice996_ses-1_acq-AP_dwi (7 DICOMs) -> /out/sub-voice996/ses-1/dwi . Converter: dcm2niix . Output types: ('nii.gz',)
INFO: [Node] Setting-up "convert" in "/tmp/dcm2niix0f19xznh/convert".
INFO: [Node] Executing "convert" <nipype.interfaces.dcm2nii.Dcm2niix>
INFO: stdout 2022-10-12T23:43:52.548622:Chris Rorden's dcm2niiX version v1.0.20211006  GCC10.2.1 x86-64 (64-bit Linux)
INFO: stdout 2022-10-12T23:43:52.548622:Found 7 DICOM file(s)
INFO: stdout 2022-10-12T23:43:52.548622:Warning: Slice timing appears corrupted (range 0..8.63999e+07, TR=4400 ms)
INFO: stdout 2022-10-12T23:43:52.548622:Convert 7 DICOM as /out/sub-voice996/ses-1/dwi/sub-voice996_ses-1_acq-AP_dwi_heudiconv579 (120x120x66x7)
INFO: stdout 2022-10-12T23:43:53.385568:Compress: "/usr/bin/pigz" -b 960 -n -f -6 "/out/sub-voice996/ses-1/dwi/sub-voice996_ses-1_acq-AP_dwi_heudiconv579.nii"
INFO: stdout 2022-10-12T23:43:53.385568:Conversion required 1.030181 seconds (0.035838 for core code).
INFO: [Node] Finished "convert", elapsed time 1.079947s.
WARNING: Failed to find task field in /out/sub-voice996/ses-1/dwi/sub-voice996_ses-1_acq-AP_dwi.json.
INFO: Post-treating /out/sub-voice996/ses-1/dwi/sub-voice996_ses-1_acq-AP_dwi.json file
INFO: Converting /out/sub-voice996/ses-1/anat/sub-voice996_ses-1_run-1_T1w (176 DICOMs) -> /out/sub-voice996/ses-1/anat . Converter: dcm2niix . Output types: ('nii.gz',)
INFO: [Node] Setting-up "convert" in "/tmp/dcm2niixvjjp5uui/convert".
INFO: [Node] Executing "convert" <nipype.interfaces.dcm2nii.Dcm2niix>
INFO: stdout 2022-10-12T23:43:54.290839:Chris Rorden's dcm2niiX version v1.0.20211006  GCC10.2.1 x86-64 (64-bit Linux)
INFO: stdout 2022-10-12T23:43:54.290839:Found 176 DICOM file(s)
INFO: stdout 2022-10-12T23:43:54.290839:Convert 176 DICOM as /out/sub-voice996/ses-1/anat/sub-voice996_ses-1_run-1_T1w_heudiconv921 (256x256x176x1)
INFO: stdout 2022-10-12T23:43:55.581270:Compress: "/usr/bin/pigz" -b 960 -n -f -6 "/out/sub-voice996/ses-1/anat/sub-voice996_ses-1_run-1_T1w_heudiconv921.nii"
INFO: stdout 2022-10-12T23:43:55.581270:Conversion required 1.823113 seconds (0.180791 for core code).
INFO: [Node] Finished "convert", elapsed time 1.869163s.
WARNING: Failed to find task field in /out/sub-voice996/ses-1/anat/sub-voice996_ses-1_run-1_T1w.json.
INFO: Post-treating /out/sub-voice996/ses-1/anat/sub-voice996_ses-1_run-1_T1w.json file
INFO: Converting /out/sub-voice996/ses-1/anat/sub-voice996_ses-1_T2w (176 DICOMs) -> /out/sub-voice996/ses-1/anat . Converter: dcm2niix . Output types: ('nii.gz',)
INFO: [Node] Setting-up "convert" in "/tmp/dcm2niixra9qsbcu/convert".
INFO: [Node] Executing "convert" <nipype.interfaces.dcm2nii.Dcm2niix>
INFO: stdout 2022-10-12T23:43:56.738993:Chris Rorden's dcm2niiX version v1.0.20211006  GCC10.2.1 x86-64 (64-bit Linux)
INFO: stdout 2022-10-12T23:43:56.738993:Found 176 DICOM file(s)
INFO: stdout 2022-10-12T23:43:56.738993:Convert 176 DICOM as /out/sub-voice996/ses-1/anat/sub-voice996_ses-1_T2w_heudiconv113 (256x256x176x1)
INFO: stdout 2022-10-12T23:43:58.134884:Compress: "/usr/bin/pigz" -b 960 -n -f -6 "/out/sub-voice996/ses-1/anat/sub-voice996_ses-1_T2w_heudiconv113.nii"
INFO: stdout 2022-10-12T23:43:58.134884:Conversion required 2.272217 seconds (0.288054 for core code).
INFO: [Node] Finished "convert", elapsed time 2.316095s.
WARNING: Failed to find task field in /out/sub-voice996/ses-1/anat/sub-voice996_ses-1_T2w.json.
INFO: Post-treating /out/sub-voice996/ses-1/anat/sub-voice996_ses-1_T2w.json file
INFO: Converting /out/sub-voice996/ses-1/func/sub-voice996_ses-1_task-pataka_run-1_bold (207 DICOMs) -> /out/sub-voice996/ses-1/func . Converter: dcm2niix . Output types: ('nii.gz',)
INFO: [Node] Setting-up "convert" in "/tmp/dcm2niix2wxhnh1m/convert".
INFO: [Node] Executing "convert" <nipype.interfaces.dcm2nii.Dcm2niix>
INFO: stdout 2022-10-12T23:43:59.358815:Chris Rorden's dcm2niiX version v1.0.20211006  GCC10.2.1 x86-64 (64-bit Linux)
INFO: stdout 2022-10-12T23:43:59.358815:Found 207 DICOM file(s)
INFO: stdout 2022-10-12T23:43:59.358815:Warning: Slice timing appears corrupted (range 0..3135, TR=1640 ms)
INFO: stdout 2022-10-12T23:43:59.358815:Convert 207 DICOM as /out/sub-voice996/ses-1/func/sub-voice996_ses-1_task-pataka_run-1_bold_heudiconv304 (72x72x45x207)
INFO: stdout 2022-10-12T23:44:04.882789:Compress: "/usr/bin/pigz" -b 960 -n -f -6 "/out/sub-voice996/ses-1/func/sub-voice996_ses-1_task-pataka_run-1_bold_heudiconv304.nii"
INFO: stdout 2022-10-12T23:44:04.882789:Conversion required 6.488556 seconds (0.260571 for core code).
INFO: [Node] Finished "convert", elapsed time 6.531595s.
INFO: Post-treating /out/sub-voice996/ses-1/func/sub-voice996_ses-1_task-pataka_run-1_bold.json file
INFO: Converting /out/sub-voice996/ses-1/func/sub-voice996_ses-1_task-pataka_run-2_bold (207 DICOMs) -> /out/sub-voice996/ses-1/func . Converter: dcm2niix . Output types: ('nii.gz',)
INFO: [Node] Setting-up "convert" in "/tmp/dcm2niixcchgb7xd/convert".
INFO: [Node] Executing "convert" <nipype.interfaces.dcm2nii.Dcm2niix>
INFO: stdout 2022-10-12T23:44:07.133276:Chris Rorden's dcm2niiX version v1.0.20211006  GCC10.2.1 x86-64 (64-bit Linux)
INFO: stdout 2022-10-12T23:44:07.133276:Found 207 DICOM file(s)
INFO: stdout 2022-10-12T23:44:07.133276:Warning: Slice timing appears corrupted (range 0..3135, TR=1640 ms)
INFO: stdout 2022-10-12T23:44:07.133276:Convert 207 DICOM as /out/sub-voice996/ses-1/func/sub-voice996_ses-1_task-pataka_run-2_bold_heudiconv893 (72x72x45x207)
INFO: stdout 2022-10-12T23:44:12.731801:Compress: "/usr/bin/pigz" -b 960 -n -f -6 "/out/sub-voice996/ses-1/func/sub-voice996_ses-1_task-pataka_run-2_bold_heudiconv893.nii"
INFO: stdout 2022-10-12T23:44:12.731801:Conversion required 7.493410 seconds (0.321447 for core code).
INFO: [Node] Finished "convert", elapsed time 7.545356s.
INFO: Post-treating /out/sub-voice996/ses-1/func/sub-voice996_ses-1_task-pataka_run-2_bold.json file
INFO: Converting /out/sub-voice996/ses-1/func/sub-voice996_ses-1_task-pitchsent_run-1_bold (57 DICOMs) -> /out/sub-voice996/ses-1/func . Converter: dcm2niix . Output types: ('nii.gz',)
INFO: [Node] Setting-up "convert" in "/tmp/dcm2niixf1eswlme/convert".
INFO: [Node] Executing "convert" <nipype.interfaces.dcm2nii.Dcm2niix>
INFO: stdout 2022-10-12T23:44:14.685972:Chris Rorden's dcm2niiX version v1.0.20211006  GCC10.2.1 x86-64 (64-bit Linux)
INFO: stdout 2022-10-12T23:44:14.685972:Found 57 DICOM file(s)
INFO: stdout 2022-10-12T23:44:14.685972:Warning: Slice timing appears corrupted (range 0..5360, TR=4000 ms)
INFO: stdout 2022-10-12T23:44:14.685972:Convert 57 DICOM as /out/sub-voice996/ses-1/func/sub-voice996_ses-1_task-pitchsent_run-1_bold_heudiconv161 (108x108x65x57)
INFO: stdout 2022-10-12T23:44:19.623615:Compress: "/usr/bin/pigz" -b 960 -n -f -6 "/out/sub-voice996/ses-1/func/sub-voice996_ses-1_task-pitchsent_run-1_bold_heudiconv161.nii"
INFO: stdout 2022-10-12T23:44:19.623615:Conversion required 5.921463 seconds (0.245453 for core code).
INFO: [Node] Finished "convert", elapsed time 5.989562s.
INFO: Post-treating /out/sub-voice996/ses-1/func/sub-voice996_ses-1_task-pitchsent_run-1_bold.json file
INFO: Converting /out/sub-voice996/ses-1/func/sub-voice996_ses-1_task-pitchsent_run-2_bold (57 DICOMs) -> /out/sub-voice996/ses-1/func . Converter: dcm2niix . Output types: ('nii.gz',)
INFO: [Node] Setting-up "convert" in "/tmp/dcm2niix49vjtc84/convert".
INFO: [Node] Executing "convert" <nipype.interfaces.dcm2nii.Dcm2niix>
INFO: stdout 2022-10-12T23:44:21.169542:Chris Rorden's dcm2niiX version v1.0.20211006  GCC10.2.1 x86-64 (64-bit Linux)
INFO: stdout 2022-10-12T23:44:21.169542:Found 57 DICOM file(s)
INFO: stdout 2022-10-12T23:44:21.169542:Warning: Slice timing appears corrupted (range 0..5360, TR=4000 ms)
INFO: stdout 2022-10-12T23:44:21.169542:Convert 57 DICOM as /out/sub-voice996/ses-1/func/sub-voice996_ses-1_task-pitchsent_run-2_bold_heudiconv196 (108x108x65x57)
INFO: stdout 2022-10-12T23:44:27.866520:Compress: "/usr/bin/pigz" -b 960 -n -f -6 "/out/sub-voice996/ses-1/func/sub-voice996_ses-1_task-pitchsent_run-2_bold_heudiconv196.nii"
INFO: stdout 2022-10-12T23:44:27.866520:Conversion required 7.723459 seconds (0.234782 for core code).
INFO: [Node] Finished "convert", elapsed time 7.902906s.
INFO: Post-treating /out/sub-voice996/ses-1/func/sub-voice996_ses-1_task-pitchsent_run-2_bold.json file
INFO: Converting /out/sub-voice996/ses-1/func/sub-voice996_ses-1_task-pitchsent_run-3_bold (57 DICOMs) -> /out/sub-voice996/ses-1/func . Converter: dcm2niix . Output types: ('nii.gz',)
INFO: [Node] Setting-up "convert" in "/tmp/dcm2niixzx7bfmid/convert".
INFO: [Node] Executing "convert" <nipype.interfaces.dcm2nii.Dcm2niix>
INFO: stdout 2022-10-12T23:44:29.259415:Chris Rorden's dcm2niiX version v1.0.20211006  GCC10.2.1 x86-64 (64-bit Linux)
INFO: stdout 2022-10-12T23:44:29.259415:Found 57 DICOM file(s)
INFO: stdout 2022-10-12T23:44:29.259415:Warning: Slice timing appears corrupted (range 0..5360, TR=4000 ms)
INFO: stdout 2022-10-12T23:44:29.259415:Convert 57 DICOM as /out/sub-voice996/ses-1/func/sub-voice996_ses-1_task-pitchsent_run-3_bold_heudiconv170 (108x108x65x57)
INFO: stdout 2022-10-12T23:44:34.112041:Compress: "/usr/bin/pigz" -b 960 -n -f -6 "/out/sub-voice996/ses-1/func/sub-voice996_ses-1_task-pitchsent_run-3_bold_heudiconv170.nii"
INFO: stdout 2022-10-12T23:44:34.112041:Conversion required 5.373404 seconds (0.205381 for core code).
INFO: [Node] Finished "convert", elapsed time 5.43178s.
INFO: Post-treating /out/sub-voice996/ses-1/func/sub-voice996_ses-1_task-pitchsent_run-3_bold.json file
INFO: Converting /out/sub-voice996/ses-1/func/sub-voice996_ses-1_task-nwr_run-1_bold (42 DICOMs) -> /out/sub-voice996/ses-1/func . Converter: dcm2niix . Output types: ('nii.gz',)
INFO: [Node] Setting-up "convert" in "/tmp/dcm2niixfr1_9t_p/convert".
INFO: [Node] Executing "convert" <nipype.interfaces.dcm2nii.Dcm2niix>
INFO: stdout 2022-10-12T23:44:35.122387:Chris Rorden's dcm2niiX version v1.0.20211006  GCC10.2.1 x86-64 (64-bit Linux)
INFO: stdout 2022-10-12T23:44:35.122387:Found 42 DICOM file(s)
INFO: stdout 2022-10-12T23:44:35.122387:Warning: Slice timing appears corrupted (range 0..5357.5, TR=4000 ms)
INFO: stdout 2022-10-12T23:44:35.122387:Convert 42 DICOM as /out/sub-voice996/ses-1/func/sub-voice996_ses-1_task-nwr_run-1_bold_heudiconv867 (108x108x65x42)
INFO: stdout 2022-10-12T23:44:38.650394:Compress: "/usr/bin/pigz" -b 960 -n -f -6 "/out/sub-voice996/ses-1/func/sub-voice996_ses-1_task-nwr_run-1_bold_heudiconv867.nii"
INFO: stdout 2022-10-12T23:44:38.650394:Conversion required 3.910228 seconds (0.148311 for core code).
INFO: [Node] Finished "convert", elapsed time 3.968273s.
INFO: Post-treating /out/sub-voice996/ses-1/func/sub-voice996_ses-1_task-nwr_run-1_bold.json file
INFO: Converting /out/sub-voice996/ses-1/func/sub-voice996_ses-1_task-nwr_run-2_bold (42 DICOMs) -> /out/sub-voice996/ses-1/func . Converter: dcm2niix . Output types: ('nii.gz',)
INFO: [Node] Setting-up "convert" in "/tmp/dcm2niix57q400jy/convert".
INFO: [Node] Executing "convert" <nipype.interfaces.dcm2nii.Dcm2niix>
INFO: stdout 2022-10-12T23:44:40.391684:Chris Rorden's dcm2niiX version v1.0.20211006  GCC10.2.1 x86-64 (64-bit Linux)
INFO: stdout 2022-10-12T23:44:40.391684:Found 42 DICOM file(s)
INFO: stdout 2022-10-12T23:44:40.391684:Warning: Slice timing appears corrupted (range 0..5357.5, TR=4000 ms)
INFO: stdout 2022-10-12T23:44:40.391684:Convert 42 DICOM as /out/sub-voice996/ses-1/func/sub-voice996_ses-1_task-nwr_run-2_bold_heudiconv686 (108x108x65x42)
INFO: stdout 2022-10-12T23:44:44.028654:Compress: "/usr/bin/pigz" -b 960 -n -f -6 "/out/sub-voice996/ses-1/func/sub-voice996_ses-1_task-nwr_run-2_bold_heudiconv686.nii"
INFO: stdout 2022-10-12T23:44:44.028654:Conversion required 4.519232 seconds (0.200684 for core code).
INFO: [Node] Finished "convert", elapsed time 4.568076s.
INFO: Post-treating /out/sub-voice996/ses-1/func/sub-voice996_ses-1_task-nwr_run-2_bold.json file
INFO: Converting /out/sub-voice996/ses-1/func/sub-voice996_ses-1_task-nwr_run-3_bold (42 DICOMs) -> /out/sub-voice996/ses-1/func . Converter: dcm2niix . Output types: ('nii.gz',)
INFO: [Node] Setting-up "convert" in "/tmp/dcm2niixvgj4ef1k/convert".
INFO: [Node] Executing "convert" <nipype.interfaces.dcm2nii.Dcm2niix>
INFO: stdout 2022-10-12T23:44:44.957860:Chris Rorden's dcm2niiX version v1.0.20211006  GCC10.2.1 x86-64 (64-bit Linux)
INFO: stdout 2022-10-12T23:44:44.957860:Found 42 DICOM file(s)
INFO: stdout 2022-10-12T23:44:44.957860:Warning: Slice timing appears corrupted (range 0..5357.5, TR=4000 ms)
INFO: stdout 2022-10-12T23:44:44.957860:Convert 42 DICOM as /out/sub-voice996/ses-1/func/sub-voice996_ses-1_task-nwr_run-3_bold_heudiconv925 (108x108x65x42)
INFO: stdout 2022-10-12T23:44:49.836883:Compress: "/usr/bin/pigz" -b 960 -n -f -6 "/out/sub-voice996/ses-1/func/sub-voice996_ses-1_task-nwr_run-3_bold_heudiconv925.nii"
INFO: stdout 2022-10-12T23:44:49.836883:Conversion required 5.263099 seconds (0.149604 for core code).
INFO: [Node] Finished "convert", elapsed time 5.315285s.
INFO: Post-treating /out/sub-voice996/ses-1/func/sub-voice996_ses-1_task-nwr_run-3_bold.json file
INFO: Converting /out/sub-voice996/ses-1/func/sub-voice996_ses-1_task-facematch_run-1_bold (99 DICOMs) -> /out/sub-voice996/ses-1/func . Converter: dcm2niix . Output types: ('nii.gz',)
INFO: [Node] Setting-up "convert" in "/tmp/dcm2niixdvok7l3e/convert".
INFO: [Node] Executing "convert" <nipype.interfaces.dcm2nii.Dcm2niix>
INFO: stdout 2022-10-12T23:44:52.241655:Chris Rorden's dcm2niiX version v1.0.20211006  GCC10.2.1 x86-64 (64-bit Linux)
INFO: stdout 2022-10-12T23:44:52.241655:Found 99 DICOM file(s)
INFO: stdout 2022-10-12T23:44:52.241655:Warning: Slice timing appears corrupted (range 0..5360, TR=2000 ms)
INFO: stdout 2022-10-12T23:44:52.241655:Convert 99 DICOM as /out/sub-voice996/ses-1/func/sub-voice996_ses-1_task-facematch_run-1_bold_heudiconv377 (108x108x65x99)
INFO: stdout 2022-10-12T23:45:00.566778:Compress: "/usr/bin/pigz" -b 960 -n -f -6 "/out/sub-voice996/ses-1/func/sub-voice996_ses-1_task-facematch_run-1_bold_heudiconv377.nii"
INFO: stdout 2022-10-12T23:45:00.566778:Conversion required 9.806793 seconds (0.383040 for core code).
INFO: [Node] Finished "convert", elapsed time 9.88367s.
INFO: Post-treating /out/sub-voice996/ses-1/func/sub-voice996_ses-1_task-facematch_run-1_bold.json file
INFO: Converting /out/sub-voice996/ses-1/func/sub-voice996_ses-1_task-facematch_run-2_bold (99 DICOMs) -> /out/sub-voice996/ses-1/func . Converter: dcm2niix . Output types: ('nii.gz',)
INFO: [Node] Setting-up "convert" in "/tmp/dcm2niix1vovj2pl/convert".
INFO: [Node] Executing "convert" <nipype.interfaces.dcm2nii.Dcm2niix>
INFO: stdout 2022-10-12T23:45:02.627251:Chris Rorden's dcm2niiX version v1.0.20211006  GCC10.2.1 x86-64 (64-bit Linux)
INFO: stdout 2022-10-12T23:45:02.627251:Found 99 DICOM file(s)
INFO: stdout 2022-10-12T23:45:02.627251:Warning: Slice timing appears corrupted (range 0..5360, TR=2000 ms)
INFO: stdout 2022-10-12T23:45:02.627251:Convert 99 DICOM as /out/sub-voice996/ses-1/func/sub-voice996_ses-1_task-facematch_run-2_bold_heudiconv687 (108x108x65x99)
INFO: stdout 2022-10-12T23:45:12.013401:Compress: "/usr/bin/pigz" -b 960 -n -f -6 "/out/sub-voice996/ses-1/func/sub-voice996_ses-1_task-facematch_run-2_bold_heudiconv687.nii"
INFO: stdout 2022-10-12T23:45:12.013401:Conversion required 10.724339 seconds (0.395622 for core code).
INFO: [Node] Finished "convert", elapsed time 10.775797s.
INFO: Post-treating /out/sub-voice996/ses-1/func/sub-voice996_ses-1_task-facematch_run-2_bold.json file
INFO: Converting /out/sub-voice996/ses-1/func/sub-voice996_ses-1_task-emosent_run-1_bold (42 DICOMs) -> /out/sub-voice996/ses-1/func . Converter: dcm2niix . Output types: ('nii.gz',)
INFO: [Node] Setting-up "convert" in "/tmp/dcm2niixu3l8d1x5/convert".
INFO: [Node] Executing "convert" <nipype.interfaces.dcm2nii.Dcm2niix>
INFO: stdout 2022-10-12T23:45:13.424597:Chris Rorden's dcm2niiX version v1.0.20211006  GCC10.2.1 x86-64 (64-bit Linux)
INFO: stdout 2022-10-12T23:45:13.424597:Found 42 DICOM file(s)
INFO: stdout 2022-10-12T23:45:13.424597:Warning: Slice timing appears corrupted (range 0..5360, TR=4000 ms)
INFO: stdout 2022-10-12T23:45:13.424597:Convert 42 DICOM as /out/sub-voice996/ses-1/func/sub-voice996_ses-1_task-emosent_run-1_bold_heudiconv626 (108x108x65x42)
INFO: stdout 2022-10-12T23:45:17.613872:Compress: "/usr/bin/pigz" -b 960 -n -f -6 "/out/sub-voice996/ses-1/func/sub-voice996_ses-1_task-emosent_run-1_bold_heudiconv626.nii"
INFO: stdout 2022-10-12T23:45:17.613872:Conversion required 4.563202 seconds (0.130515 for core code).
INFO: [Node] Finished "convert", elapsed time 4.624798s.
INFO: Post-treating /out/sub-voice996/ses-1/func/sub-voice996_ses-1_task-emosent_run-1_bold.json file
INFO: Converting /out/sub-voice996/ses-1/func/sub-voice996_ses-1_task-emosent_run-2_bold (42 DICOMs) -> /out/sub-voice996/ses-1/func . Converter: dcm2niix . Output types: ('nii.gz',)
INFO: [Node] Setting-up "convert" in "/tmp/dcm2niixdit60y_w/convert".
INFO: [Node] Executing "convert" <nipype.interfaces.dcm2nii.Dcm2niix>
INFO: stdout 2022-10-12T23:45:19.329785:Chris Rorden's dcm2niiX version v1.0.20211006  GCC10.2.1 x86-64 (64-bit Linux)
INFO: stdout 2022-10-12T23:45:19.329785:Found 42 DICOM file(s)
INFO: stdout 2022-10-12T23:45:19.329785:Warning: Slice timing appears corrupted (range 0..5360, TR=4000 ms)
INFO: stdout 2022-10-12T23:45:19.329785:Convert 42 DICOM as /out/sub-voice996/ses-1/func/sub-voice996_ses-1_task-emosent_run-2_bold_heudiconv996 (108x108x65x42)
INFO: stdout 2022-10-12T23:45:22.976638:Compress: "/usr/bin/pigz" -b 960 -n -f -6 "/out/sub-voice996/ses-1/func/sub-voice996_ses-1_task-emosent_run-2_bold_heudiconv996.nii"
INFO: stdout 2022-10-12T23:45:22.976638:Conversion required 4.179920 seconds (0.174374 for core code).
INFO: [Node] Finished "convert", elapsed time 4.236808s.
INFO: Post-treating /out/sub-voice996/ses-1/func/sub-voice996_ses-1_task-emosent_run-2_bold.json file
INFO: Converting /out/sub-voice996/ses-1/func/sub-voice996_ses-1_task-vowel_run-1_bold (55 DICOMs) -> /out/sub-voice996/ses-1/func . Converter: dcm2niix . Output types: ('nii.gz',)
INFO: [Node] Setting-up "convert" in "/tmp/dcm2niix4jrjdf51/convert".
INFO: [Node] Executing "convert" <nipype.interfaces.dcm2nii.Dcm2niix>
INFO: stdout 2022-10-12T23:45:24.709096:Chris Rorden's dcm2niiX version v1.0.20211006  GCC10.2.1 x86-64 (64-bit Linux)
INFO: stdout 2022-10-12T23:45:24.709096:Found 55 DICOM file(s)
INFO: stdout 2022-10-12T23:45:24.709096:Warning: Slice timing appears corrupted (range 0..5360, TR=4000 ms)
INFO: stdout 2022-10-12T23:45:24.709096:Convert 55 DICOM as /out/sub-voice996/ses-1/func/sub-voice996_ses-1_task-vowel_run-1_bold_heudiconv581 (108x108x65x55)
INFO: stdout 2022-10-12T23:45:29.861106:Compress: "/usr/bin/pigz" -b 960 -n -f -6 "/out/sub-voice996/ses-1/func/sub-voice996_ses-1_task-vowel_run-1_bold_heudiconv581.nii"
INFO: stdout 2022-10-12T23:45:29.861106:Conversion required 6.092983 seconds (0.230827 for core code).
INFO: [Node] Finished "convert", elapsed time 6.142414s.
INFO: Post-treating /out/sub-voice996/ses-1/func/sub-voice996_ses-1_task-vowel_run-1_bold.json file
INFO: Converting /out/sub-voice996/ses-1/func/sub-voice996_ses-1_task-vowel_run-2_bold (55 DICOMs) -> /out/sub-voice996/ses-1/func . Converter: dcm2niix . Output types: ('nii.gz',)
INFO: [Node] Setting-up "convert" in "/tmp/dcm2niixn_9bnt6x/convert".
INFO: [Node] Executing "convert" <nipype.interfaces.dcm2nii.Dcm2niix>
INFO: stdout 2022-10-12T23:45:31.414576:Chris Rorden's dcm2niiX version v1.0.20211006  GCC10.2.1 x86-64 (64-bit Linux)
INFO: stdout 2022-10-12T23:45:31.414576:Found 55 DICOM file(s)
INFO: stdout 2022-10-12T23:45:31.414576:Warning: Slice timing appears corrupted (range 0..5357.5, TR=4000 ms)
INFO: stdout 2022-10-12T23:45:31.414576:Convert 55 DICOM as /out/sub-voice996/ses-1/func/sub-voice996_ses-1_task-vowel_run-2_bold_heudiconv352 (108x108x65x55)
INFO: stdout 2022-10-12T23:45:38.633018:Compress: "/usr/bin/pigz" -b 960 -n -f -6 "/out/sub-voice996/ses-1/func/sub-voice996_ses-1_task-vowel_run-2_bold_heudiconv352.nii"
INFO: stdout 2022-10-12T23:45:38.633018:Conversion required 8.099536 seconds (0.203516 for core code).
INFO: [Node] Finished "convert", elapsed time 8.145924s.
INFO: Post-treating /out/sub-voice996/ses-1/func/sub-voice996_ses-1_task-vowel_run-2_bold.json file
INFO: Converting /out/sub-voice996/ses-1/func/sub-voice996_ses-1_task-pitchnw_run-1_bold (101 DICOMs) -> /out/sub-voice996/ses-1/func . Converter: dcm2niix . Output types: ('nii.gz',)
INFO: [Node] Setting-up "convert" in "/tmp/dcm2niixzoda5tdg/convert".
INFO: [Node] Executing "convert" <nipype.interfaces.dcm2nii.Dcm2niix>
INFO: stdout 2022-10-12T23:45:41.672133:Chris Rorden's dcm2niiX version v1.0.20211006  GCC10.2.1 x86-64 (64-bit Linux)
INFO: stdout 2022-10-12T23:45:41.672133:Found 101 DICOM file(s)
INFO: stdout 2022-10-12T23:45:41.672133:Warning: Slice timing appears corrupted (range 0..5357.5, TR=2000 ms)
INFO: stdout 2022-10-12T23:45:41.672133:Convert 101 DICOM as /out/sub-voice996/ses-1/func/sub-voice996_ses-1_task-pitchnw_run-1_bold_heudiconv843 (108x108x65x101)
INFO: stdout 2022-10-12T23:45:50.776228:Compress: "/usr/bin/pigz" -b 960 -n -f -6 "/out/sub-voice996/ses-1/func/sub-voice996_ses-1_task-pitchnw_run-1_bold_heudiconv843.nii"
INFO: stdout 2022-10-12T23:45:50.776228:Conversion required 10.944030 seconds (0.417917 for core code).
INFO: [Node] Finished "convert", elapsed time 11.025657s.
INFO: Post-treating /out/sub-voice996/ses-1/func/sub-voice996_ses-1_task-pitchnw_run-1_bold.json file
INFO: Converting /out/sub-voice996/ses-1/func/sub-voice996_ses-1_task-pitchnw_run-2_bold (101 DICOMs) -> /out/sub-voice996/ses-1/func . Converter: dcm2niix . Output types: ('nii.gz',)
INFO: [Node] Setting-up "convert" in "/tmp/dcm2niix1qk_j3w7/convert".
INFO: [Node] Executing "convert" <nipype.interfaces.dcm2nii.Dcm2niix>
INFO: stdout 2022-10-12T23:45:52.217700:Chris Rorden's dcm2niiX version v1.0.20211006  GCC10.2.1 x86-64 (64-bit Linux)
INFO: stdout 2022-10-12T23:45:52.217700:Found 101 DICOM file(s)
INFO: stdout 2022-10-12T23:45:52.217700:Warning: Slice timing appears corrupted (range 0..5360, TR=2000 ms)
INFO: stdout 2022-10-12T23:45:52.217700:Convert 101 DICOM as /out/sub-voice996/ses-1/func/sub-voice996_ses-1_task-pitchnw_run-2_bold_heudiconv017 (108x108x65x101)
INFO: stdout 2022-10-12T23:46:01.209888:Compress: "/usr/bin/pigz" -b 960 -n -f -6 "/out/sub-voice996/ses-1/func/sub-voice996_ses-1_task-pitchnw_run-2_bold_heudiconv017.nii"
INFO: stdout 2022-10-12T23:46:01.209888:Conversion required 9.958037 seconds (0.377583 for core code).
INFO: [Node] Finished "convert", elapsed time 10.025515s.
INFO: Post-treating /out/sub-voice996/ses-1/func/sub-voice996_ses-1_task-pitchnw_run-2_bold.json file
INFO: Converting /out/sub-voice996/ses-1/func/sub-voice996_ses-1_task-movie_run-1_bold (138 DICOMs) -> /out/sub-voice996/ses-1/func . Converter: dcm2niix . Output types: ('nii.gz',)
INFO: [Node] Setting-up "convert" in "/tmp/dcm2niixigwwfy0t/convert".
INFO: [Node] Executing "convert" <nipype.interfaces.dcm2nii.Dcm2niix>
INFO: stdout 2022-10-12T23:46:02.847704:Chris Rorden's dcm2niiX version v1.0.20211006  GCC10.2.1 x86-64 (64-bit Linux)
INFO: stdout 2022-10-12T23:46:02.847704:Found 138 DICOM file(s)
INFO: stdout 2022-10-12T23:46:02.847704:Warning: Slice timing appears corrupted (range 0..5360, TR=1090 ms)
INFO: stdout 2022-10-12T23:46:02.847704:Convert 138 DICOM as /out/sub-voice996/ses-1/func/sub-voice996_ses-1_task-movie_run-1_bold_heudiconv219 (108x108x65x138)
INFO: stdout 2022-10-12T23:46:15.073331:Compress: "/usr/bin/pigz" -b 960 -n -f -6 "/out/sub-voice996/ses-1/func/sub-voice996_ses-1_task-movie_run-1_bold_heudiconv219.nii"
INFO: stdout 2022-10-12T23:46:15.073331:Conversion required 13.445508 seconds (0.407661 for core code).
INFO: [Node] Finished "convert", elapsed time 13.505655s.
INFO: Post-treating /out/sub-voice996/ses-1/func/sub-voice996_ses-1_task-movie_run-1_bold.json file
WARNING: Existing lockfile found in /out/heudiconv.lock - waiting for the lock to be released. To set a timeout limit, set the HEUDICONV_FILELOCK_TIMEOUT environmental variable to a value in seconds. If this process hangs, it may require a manual deletion of the /out/heudiconv.lock.
INFO: Populating template files under /out/
INFO: PROCESSING DONE: {'subject': 'voice996', 'outdir': '/out/', 'session': '1'}
