INFO: Running heudiconv version 0.11.3+d20220512 latest 0.11.4
INFO: Need to process 1 study sessions
INFO: PROCESSING STARTS: {'subject': 'voice974', 'outdir': '/out/', 'session': '1'}
INFO: Processing 5137 dicoms
INFO: Analyzing 5137 dicoms
INFO: Generated sequence info for 48 accession numbers with 5137 entries total
INFO: Doing conversion using dcm2niix
INFO: Converting /out/sub-voice974/ses-1/func/sub-voice974_ses-1_task-rest_run-1_bold (300 DICOMs) -> /out/sub-voice974/ses-1/func . Converter: dcm2niix . Output types: ('nii.gz',)
WARNING: A newer version (1.8.4) of nipy/nipype is available. You are using 1.8.0
INFO: [Node] Setting-up "convert" in "/tmp/dcm2niixpah4abwl/convert".
INFO: [Node] Executing "convert" <nipype.interfaces.dcm2nii.Dcm2niix>
INFO: stdout 2022-10-12T23:40:43.551249:Chris Rorden's dcm2niiX version v1.0.20211006  GCC10.2.1 x86-64 (64-bit Linux)
INFO: stdout 2022-10-12T23:40:43.551249:Found 300 DICOM file(s)
INFO: stdout 2022-10-12T23:40:43.551249:Warning: Slice timing appears corrupted (range 0..5360, TR=1090 ms)
INFO: stdout 2022-10-12T23:40:43.551249:Convert 300 DICOM as /out/sub-voice974/ses-1/func/sub-voice974_ses-1_task-rest_run-1_bold_heudiconv045 (108x108x65x300)
INFO: stdout 2022-10-12T23:41:13.686822:Compress: "/usr/bin/pigz" -b 960 -n -f -6 "/out/sub-voice974/ses-1/func/sub-voice974_ses-1_task-rest_run-1_bold_heudiconv045.nii"
INFO: stdout 2022-10-12T23:41:13.686822:Conversion required 31.556060 seconds (1.020211 for core code).
INFO: [Node] Finished "convert", elapsed time 31.603722s.
INFO: Post-treating /out/sub-voice974/ses-1/func/sub-voice974_ses-1_task-rest_run-1_bold.json file
INFO: Converting /out/sub-voice974/ses-1/fmap/sub-voice974_ses-1_acq-func_dir-PA_run-1_epi (260 DICOMs) -> /out/sub-voice974/ses-1/fmap . Converter: dcm2niix . Output types: ('nii.gz',)
INFO: [Node] Setting-up "convert" in "/tmp/dcm2niixze6v1zet/convert".
INFO: [Node] Executing "convert" <nipype.interfaces.dcm2nii.Dcm2niix>
INFO: stdout 2022-10-12T23:41:14.890402:Chris Rorden's dcm2niiX version v1.0.20211006  GCC10.2.1 x86-64 (64-bit Linux)
INFO: stdout 2022-10-12T23:41:14.890402:Found 260 DICOM file(s)
INFO: stdout 2022-10-12T23:41:14.890402:Convert 260 DICOM as /out/sub-voice974/ses-1/fmap/sub-voice974_ses-1_acq-func_dir-PA_run-1_epi_heudiconv105 (108x108x65x4)
INFO: stdout 2022-10-12T23:41:15.341569:Compress: "/usr/bin/pigz" -b 960 -n -f -6 "/out/sub-voice974/ses-1/fmap/sub-voice974_ses-1_acq-func_dir-PA_run-1_epi_heudiconv105.nii"
INFO: stdout 2022-10-12T23:41:15.341569:Conversion required 1.126246 seconds (0.180118 for core code).
INFO: [Node] Finished "convert", elapsed time 1.177229s.
WARNING: Failed to find task field in /out/sub-voice974/ses-1/fmap/sub-voice974_ses-1_acq-func_dir-PA_run-1_epi.json.
INFO: Post-treating /out/sub-voice974/ses-1/fmap/sub-voice974_ses-1_acq-func_dir-PA_run-1_epi.json file
INFO: Converting /out/sub-voice974/ses-1/fmap/sub-voice974_ses-1_acq-func_dir-AP_run-2_epi (260 DICOMs) -> /out/sub-voice974/ses-1/fmap . Converter: dcm2niix . Output types: ('nii.gz',)
INFO: [Node] Setting-up "convert" in "/tmp/dcm2niixp8vr7r56/convert".
INFO: [Node] Executing "convert" <nipype.interfaces.dcm2nii.Dcm2niix>
INFO: stdout 2022-10-12T23:41:16.783123:Chris Rorden's dcm2niiX version v1.0.20211006  GCC10.2.1 x86-64 (64-bit Linux)
INFO: stdout 2022-10-12T23:41:16.783123:Found 260 DICOM file(s)
INFO: stdout 2022-10-12T23:41:16.783123:Convert 260 DICOM as /out/sub-voice974/ses-1/fmap/sub-voice974_ses-1_acq-func_dir-AP_run-2_epi_heudiconv727 (108x108x65x4)
INFO: stdout 2022-10-12T23:41:17.635497:Compress: "/usr/bin/pigz" -b 960 -n -f -6 "/out/sub-voice974/ses-1/fmap/sub-voice974_ses-1_acq-func_dir-AP_run-2_epi_heudiconv727.nii"
INFO: stdout 2022-10-12T23:41:17.635497:Conversion required 1.621719 seconds (0.212857 for core code).
INFO: [Node] Finished "convert", elapsed time 1.7123s.
WARNING: Failed to find task field in /out/sub-voice974/ses-1/fmap/sub-voice974_ses-1_acq-func_dir-AP_run-2_epi.json.
INFO: Post-treating /out/sub-voice974/ses-1/fmap/sub-voice974_ses-1_acq-func_dir-AP_run-2_epi.json file
INFO: Converting /out/sub-voice974/ses-1/dwi/sub-voice974_ses-1_acq-PA_dwi (72 DICOMs) -> /out/sub-voice974/ses-1/dwi . Converter: dcm2niix . Output types: ('nii.gz',)
INFO: [Node] Setting-up "convert" in "/tmp/dcm2niix_uy8fdqz/convert".
INFO: [Node] Executing "convert" <nipype.interfaces.dcm2nii.Dcm2niix>
INFO: stdout 2022-10-12T23:41:19.357301:Chris Rorden's dcm2niiX version v1.0.20211006  GCC10.2.1 x86-64 (64-bit Linux)
INFO: stdout 2022-10-12T23:41:19.357301:Found 72 DICOM file(s)
INFO: stdout 2022-10-12T23:41:19.357301:Warning: Slice timing appears corrupted (range 0..8.63999e+07, TR=4400 ms)
INFO: stdout 2022-10-12T23:41:19.357301:Convert 72 DICOM as /out/sub-voice974/ses-1/dwi/sub-voice974_ses-1_acq-PA_dwi_heudiconv870 (120x120x66x72)
INFO: stdout 2022-10-12T23:41:28.357557:Compress: "/usr/bin/pigz" -b 960 -n -f -6 "/out/sub-voice974/ses-1/dwi/sub-voice974_ses-1_acq-PA_dwi_heudiconv870.nii"
INFO: stdout 2022-10-12T23:41:28.357557:Conversion required 9.895435 seconds (0.365021 for core code).
INFO: [Node] Finished "convert", elapsed time 9.956452s.
WARNING: Failed to find task field in /out/sub-voice974/ses-1/dwi/sub-voice974_ses-1_acq-PA_dwi.json.
INFO: Post-treating /out/sub-voice974/ses-1/dwi/sub-voice974_ses-1_acq-PA_dwi.json file
INFO: Converting /out/sub-voice974/ses-1/dwi/sub-voice974_ses-1_acq-AP_dwi (7 DICOMs) -> /out/sub-voice974/ses-1/dwi . Converter: dcm2niix . Output types: ('nii.gz',)
INFO: [Node] Setting-up "convert" in "/tmp/dcm2niix3qeqa1a8/convert".
INFO: [Node] Executing "convert" <nipype.interfaces.dcm2nii.Dcm2niix>
INFO: stdout 2022-10-12T23:41:28.662607:Chris Rorden's dcm2niiX version v1.0.20211006  GCC10.2.1 x86-64 (64-bit Linux)
INFO: stdout 2022-10-12T23:41:28.662607:Found 7 DICOM file(s)
INFO: stdout 2022-10-12T23:41:28.662607:Warning: Slice timing appears corrupted (range 0..8.63999e+07, TR=4400 ms)
INFO: stdout 2022-10-12T23:41:28.662607:Convert 7 DICOM as /out/sub-voice974/ses-1/dwi/sub-voice974_ses-1_acq-AP_dwi_heudiconv172 (120x120x66x7)
INFO: stdout 2022-10-12T23:41:29.597329:Compress: "/usr/bin/pigz" -b 960 -n -f -6 "/out/sub-voice974/ses-1/dwi/sub-voice974_ses-1_acq-AP_dwi_heudiconv172.nii"
INFO: stdout 2022-10-12T23:41:29.597329:Conversion required 1.069012 seconds (0.039835 for core code).
INFO: [Node] Finished "convert", elapsed time 1.128929s.
WARNING: Failed to find task field in /out/sub-voice974/ses-1/dwi/sub-voice974_ses-1_acq-AP_dwi.json.
INFO: Post-treating /out/sub-voice974/ses-1/dwi/sub-voice974_ses-1_acq-AP_dwi.json file
INFO: Converting /out/sub-voice974/ses-1/anat/sub-voice974_ses-1_run-1_T1w (176 DICOMs) -> /out/sub-voice974/ses-1/anat . Converter: dcm2niix . Output types: ('nii.gz',)
INFO: [Node] Setting-up "convert" in "/tmp/dcm2niixi8kcx1b2/convert".
INFO: [Node] Executing "convert" <nipype.interfaces.dcm2nii.Dcm2niix>
INFO: stdout 2022-10-12T23:41:30.570194:Chris Rorden's dcm2niiX version v1.0.20211006  GCC10.2.1 x86-64 (64-bit Linux)
INFO: stdout 2022-10-12T23:41:30.570194:Found 176 DICOM file(s)
INFO: stdout 2022-10-12T23:41:30.570194:Convert 176 DICOM as /out/sub-voice974/ses-1/anat/sub-voice974_ses-1_run-1_T1w_heudiconv333 (256x256x176x1)
INFO: stdout 2022-10-12T23:41:32.252621:Compress: "/usr/bin/pigz" -b 960 -n -f -6 "/out/sub-voice974/ses-1/anat/sub-voice974_ses-1_run-1_T1w_heudiconv333.nii"
INFO: stdout 2022-10-12T23:41:32.252621:Conversion required 2.374378 seconds (0.270114 for core code).
INFO: [Node] Finished "convert", elapsed time 2.42874s.
WARNING: Failed to find task field in /out/sub-voice974/ses-1/anat/sub-voice974_ses-1_run-1_T1w.json.
INFO: Post-treating /out/sub-voice974/ses-1/anat/sub-voice974_ses-1_run-1_T1w.json file
INFO: Converting /out/sub-voice974/ses-1/anat/sub-voice974_ses-1_T2w (176 DICOMs) -> /out/sub-voice974/ses-1/anat . Converter: dcm2niix . Output types: ('nii.gz',)
INFO: [Node] Setting-up "convert" in "/tmp/dcm2niixjber_v6l/convert".
INFO: [Node] Executing "convert" <nipype.interfaces.dcm2nii.Dcm2niix>
INFO: stdout 2022-10-12T23:41:33.408420:Chris Rorden's dcm2niiX version v1.0.20211006  GCC10.2.1 x86-64 (64-bit Linux)
INFO: stdout 2022-10-12T23:41:33.408420:Found 176 DICOM file(s)
INFO: stdout 2022-10-12T23:41:33.408420:Convert 176 DICOM as /out/sub-voice974/ses-1/anat/sub-voice974_ses-1_T2w_heudiconv495 (256x256x176x1)
INFO: stdout 2022-10-12T23:41:34.808432:Compress: "/usr/bin/pigz" -b 960 -n -f -6 "/out/sub-voice974/ses-1/anat/sub-voice974_ses-1_T2w_heudiconv495.nii"
INFO: stdout 2022-10-12T23:41:34.808432:Conversion required 2.123379 seconds (0.257071 for core code).
INFO: [Node] Finished "convert", elapsed time 2.213911s.
WARNING: Failed to find task field in /out/sub-voice974/ses-1/anat/sub-voice974_ses-1_T2w.json.
INFO: Post-treating /out/sub-voice974/ses-1/anat/sub-voice974_ses-1_T2w.json file
INFO: Converting /out/sub-voice974/ses-1/func/sub-voice974_ses-1_task-pataka_run-1_bold (207 DICOMs) -> /out/sub-voice974/ses-1/func . Converter: dcm2niix . Output types: ('nii.gz',)
INFO: [Node] Setting-up "convert" in "/tmp/dcm2niixn_h9k2jc/convert".
INFO: [Node] Executing "convert" <nipype.interfaces.dcm2nii.Dcm2niix>
INFO: stdout 2022-10-12T23:41:35.800119:Chris Rorden's dcm2niiX version v1.0.20211006  GCC10.2.1 x86-64 (64-bit Linux)
INFO: stdout 2022-10-12T23:41:35.800119:Found 207 DICOM file(s)
INFO: stdout 2022-10-12T23:41:35.800119:Warning: Slice timing appears corrupted (range 0..3137.5, TR=1640 ms)
INFO: stdout 2022-10-12T23:41:35.800119:Convert 207 DICOM as /out/sub-voice974/ses-1/func/sub-voice974_ses-1_task-pataka_run-1_bold_heudiconv829 (72x72x45x207)
INFO: stdout 2022-10-12T23:41:42.305652:Compress: "/usr/bin/pigz" -b 960 -n -f -6 "/out/sub-voice974/ses-1/func/sub-voice974_ses-1_task-pataka_run-1_bold_heudiconv829.nii"
INFO: stdout 2022-10-12T23:41:42.305652:Conversion required 7.210353 seconds (0.339175 for core code).
INFO: [Node] Finished "convert", elapsed time 7.284509s.
INFO: Post-treating /out/sub-voice974/ses-1/func/sub-voice974_ses-1_task-pataka_run-1_bold.json file
INFO: Converting /out/sub-voice974/ses-1/func/sub-voice974_ses-1_task-pataka_run-2_bold (207 DICOMs) -> /out/sub-voice974/ses-1/func . Converter: dcm2niix . Output types: ('nii.gz',)
INFO: [Node] Setting-up "convert" in "/tmp/dcm2niixnm5lznol/convert".
INFO: [Node] Executing "convert" <nipype.interfaces.dcm2nii.Dcm2niix>
INFO: stdout 2022-10-12T23:41:43.310423:Chris Rorden's dcm2niiX version v1.0.20211006  GCC10.2.1 x86-64 (64-bit Linux)
INFO: stdout 2022-10-12T23:41:43.310423:Found 207 DICOM file(s)
INFO: stdout 2022-10-12T23:41:43.310423:Warning: Slice timing appears corrupted (range 0..3135, TR=1640 ms)
INFO: stdout 2022-10-12T23:41:43.310423:Convert 207 DICOM as /out/sub-voice974/ses-1/func/sub-voice974_ses-1_task-pataka_run-2_bold_heudiconv039 (72x72x45x207)
INFO: stdout 2022-10-12T23:41:49.861327:Compress: "/usr/bin/pigz" -b 960 -n -f -6 "/out/sub-voice974/ses-1/func/sub-voice974_ses-1_task-pataka_run-2_bold_heudiconv039.nii"
INFO: stdout 2022-10-12T23:41:49.861327:Conversion required 7.250487 seconds (0.341663 for core code).
INFO: [Node] Finished "convert", elapsed time 7.300512s.
INFO: Post-treating /out/sub-voice974/ses-1/func/sub-voice974_ses-1_task-pataka_run-2_bold.json file
INFO: Converting /out/sub-voice974/ses-1/func/sub-voice974_ses-1_task-pitchsent_run-1_bold (64 DICOMs) -> /out/sub-voice974/ses-1/func . Converter: dcm2niix . Output types: ('nii.gz',)
INFO: [Node] Setting-up "convert" in "/tmp/dcm2niixypdidixm/convert".
INFO: [Node] Executing "convert" <nipype.interfaces.dcm2nii.Dcm2niix>
INFO: stdout 2022-10-12T23:41:50.456646:Chris Rorden's dcm2niiX version v1.0.20211006  GCC10.2.1 x86-64 (64-bit Linux)
INFO: stdout 2022-10-12T23:41:50.456646:Found 64 DICOM file(s)
INFO: stdout 2022-10-12T23:41:50.456646:Warning: Slice timing appears corrupted (range 0..5357.5, TR=4000 ms)
INFO: stdout 2022-10-12T23:41:50.456646:Convert 64 DICOM as /out/sub-voice974/ses-1/func/sub-voice974_ses-1_task-pitchsent_run-1_bold_heudiconv687 (108x108x65x64)
INFO: stdout 2022-10-12T23:41:56.906657:Compress: "/usr/bin/pigz" -b 960 -n -f -6 "/out/sub-voice974/ses-1/func/sub-voice974_ses-1_task-pitchsent_run-1_bold_heudiconv687.nii"
INFO: stdout 2022-10-12T23:41:56.906657:Conversion required 6.746910 seconds (0.208595 for core code).
INFO: [Node] Finished "convert", elapsed time 6.812941s.
INFO: Post-treating /out/sub-voice974/ses-1/func/sub-voice974_ses-1_task-pitchsent_run-1_bold.json file
INFO: Converting /out/sub-voice974/ses-1/func/sub-voice974_ses-1_task-pitchsent_run-2_bold (64 DICOMs) -> /out/sub-voice974/ses-1/func . Converter: dcm2niix . Output types: ('nii.gz',)
INFO: [Node] Setting-up "convert" in "/tmp/dcm2niixlaiskeqs/convert".
INFO: [Node] Executing "convert" <nipype.interfaces.dcm2nii.Dcm2niix>
INFO: stdout 2022-10-12T23:41:57.816347:Chris Rorden's dcm2niiX version v1.0.20211006  GCC10.2.1 x86-64 (64-bit Linux)
INFO: stdout 2022-10-12T23:41:57.816347:Found 64 DICOM file(s)
INFO: stdout 2022-10-12T23:41:57.816347:Warning: Slice timing appears corrupted (range 0..5360, TR=4000 ms)
INFO: stdout 2022-10-12T23:41:57.816347:Convert 64 DICOM as /out/sub-voice974/ses-1/func/sub-voice974_ses-1_task-pitchsent_run-2_bold_heudiconv462 (108x108x65x64)
INFO: stdout 2022-10-12T23:42:04.825544:Compress: "/usr/bin/pigz" -b 960 -n -f -6 "/out/sub-voice974/ses-1/func/sub-voice974_ses-1_task-pitchsent_run-2_bold_heudiconv462.nii"
INFO: stdout 2022-10-12T23:42:04.825544:Conversion required 7.391717 seconds (0.238165 for core code).
INFO: [Node] Finished "convert", elapsed time 7.509106s.
INFO: Post-treating /out/sub-voice974/ses-1/func/sub-voice974_ses-1_task-pitchsent_run-2_bold.json file
INFO: Converting /out/sub-voice974/ses-1/func/sub-voice974_ses-1_task-nwr_run-1_bold (42 DICOMs) -> /out/sub-voice974/ses-1/func . Converter: dcm2niix . Output types: ('nii.gz',)
INFO: [Node] Setting-up "convert" in "/tmp/dcm2niixn0358ao9/convert".
INFO: [Node] Executing "convert" <nipype.interfaces.dcm2nii.Dcm2niix>
INFO: stdout 2022-10-12T23:42:05.531823:Chris Rorden's dcm2niiX version v1.0.20211006  GCC10.2.1 x86-64 (64-bit Linux)
INFO: stdout 2022-10-12T23:42:05.531823:Found 42 DICOM file(s)
INFO: stdout 2022-10-12T23:42:05.531823:Warning: Slice timing appears corrupted (range 0..5360, TR=4000 ms)
INFO: stdout 2022-10-12T23:42:05.531823:Convert 42 DICOM as /out/sub-voice974/ses-1/func/sub-voice974_ses-1_task-nwr_run-1_bold_heudiconv445 (108x108x65x42)
INFO: stdout 2022-10-12T23:42:09.807193:Compress: "/usr/bin/pigz" -b 960 -n -f -6 "/out/sub-voice974/ses-1/func/sub-voice974_ses-1_task-nwr_run-1_bold_heudiconv445.nii"
INFO: stdout 2022-10-12T23:42:09.807193:Conversion required 4.651547 seconds (0.166463 for core code).
INFO: [Node] Finished "convert", elapsed time 4.81441s.
INFO: Post-treating /out/sub-voice974/ses-1/func/sub-voice974_ses-1_task-nwr_run-1_bold.json file
INFO: Converting /out/sub-voice974/ses-1/func/sub-voice974_ses-1_task-nwr_run-2_bold (42 DICOMs) -> /out/sub-voice974/ses-1/func . Converter: dcm2niix . Output types: ('nii.gz',)
INFO: [Node] Setting-up "convert" in "/tmp/dcm2niixzvnuzpki/convert".
INFO: [Node] Executing "convert" <nipype.interfaces.dcm2nii.Dcm2niix>
INFO: stdout 2022-10-12T23:42:10.348484:Chris Rorden's dcm2niiX version v1.0.20211006  GCC10.2.1 x86-64 (64-bit Linux)
INFO: stdout 2022-10-12T23:42:10.348484:Found 42 DICOM file(s)
INFO: stdout 2022-10-12T23:42:10.348484:Warning: Slice timing appears corrupted (range 0..5360, TR=4000 ms)
INFO: stdout 2022-10-12T23:42:10.348484:Convert 42 DICOM as /out/sub-voice974/ses-1/func/sub-voice974_ses-1_task-nwr_run-2_bold_heudiconv534 (108x108x65x42)
INFO: stdout 2022-10-12T23:42:14.827844:Compress: "/usr/bin/pigz" -b 960 -n -f -6 "/out/sub-voice974/ses-1/func/sub-voice974_ses-1_task-nwr_run-2_bold_heudiconv534.nii"
INFO: stdout 2022-10-12T23:42:14.827844:Conversion required 4.757788 seconds (0.166479 for core code).
INFO: [Node] Finished "convert", elapsed time 4.820064s.
INFO: Post-treating /out/sub-voice974/ses-1/func/sub-voice974_ses-1_task-nwr_run-2_bold.json file
INFO: Converting /out/sub-voice974/ses-1/func/sub-voice974_ses-1_task-nwr_run-3_bold (42 DICOMs) -> /out/sub-voice974/ses-1/func . Converter: dcm2niix . Output types: ('nii.gz',)
INFO: [Node] Setting-up "convert" in "/tmp/dcm2niix5lpcx5tr/convert".
INFO: [Node] Executing "convert" <nipype.interfaces.dcm2nii.Dcm2niix>
INFO: stdout 2022-10-12T23:42:15.308103:Chris Rorden's dcm2niiX version v1.0.20211006  GCC10.2.1 x86-64 (64-bit Linux)
INFO: stdout 2022-10-12T23:42:15.308103:Found 42 DICOM file(s)
INFO: stdout 2022-10-12T23:42:15.308103:Warning: Slice timing appears corrupted (range 0..5360, TR=4000 ms)
INFO: stdout 2022-10-12T23:42:15.308103:Convert 42 DICOM as /out/sub-voice974/ses-1/func/sub-voice974_ses-1_task-nwr_run-3_bold_heudiconv752 (108x108x65x42)
INFO: stdout 2022-10-12T23:42:20.180117:Compress: "/usr/bin/pigz" -b 960 -n -f -6 "/out/sub-voice974/ses-1/func/sub-voice974_ses-1_task-nwr_run-3_bold_heudiconv752.nii"
INFO: stdout 2022-10-12T23:42:20.180117:Conversion required 5.093932 seconds (0.137640 for core code).
INFO: [Node] Finished "convert", elapsed time 5.209877s.
INFO: Post-treating /out/sub-voice974/ses-1/func/sub-voice974_ses-1_task-nwr_run-3_bold.json file
INFO: Converting /out/sub-voice974/ses-1/func/sub-voice974_ses-1_task-facematch_run-1_bold (99 DICOMs) -> /out/sub-voice974/ses-1/func . Converter: dcm2niix . Output types: ('nii.gz',)
INFO: [Node] Setting-up "convert" in "/tmp/dcm2niixez9t34hb/convert".
INFO: [Node] Executing "convert" <nipype.interfaces.dcm2nii.Dcm2niix>
INFO: stdout 2022-10-12T23:42:21.099911:Chris Rorden's dcm2niiX version v1.0.20211006  GCC10.2.1 x86-64 (64-bit Linux)
INFO: stdout 2022-10-12T23:42:21.099911:Found 99 DICOM file(s)
INFO: stdout 2022-10-12T23:42:21.099911:Warning: Slice timing appears corrupted (range 0..5360, TR=2000 ms)
INFO: stdout 2022-10-12T23:42:21.099911:Convert 99 DICOM as /out/sub-voice974/ses-1/func/sub-voice974_ses-1_task-facematch_run-1_bold_heudiconv774 (108x108x65x99)
INFO: stdout 2022-10-12T23:42:30.937314:Compress: "/usr/bin/pigz" -b 960 -n -f -6 "/out/sub-voice974/ses-1/func/sub-voice974_ses-1_task-facematch_run-1_bold_heudiconv774.nii"
INFO: stdout 2022-10-12T23:42:30.937314:Conversion required 10.386900 seconds (0.327724 for core code).
INFO: [Node] Finished "convert", elapsed time 10.485471s.
INFO: Post-treating /out/sub-voice974/ses-1/func/sub-voice974_ses-1_task-facematch_run-1_bold.json file
INFO: Converting /out/sub-voice974/ses-1/func/sub-voice974_ses-1_task-facematch_run-2_bold (99 DICOMs) -> /out/sub-voice974/ses-1/func . Converter: dcm2niix . Output types: ('nii.gz',)
INFO: [Node] Setting-up "convert" in "/tmp/dcm2niixb2gedxo1/convert".
INFO: [Node] Executing "convert" <nipype.interfaces.dcm2nii.Dcm2niix>
INFO: stdout 2022-10-12T23:42:32.435627:Chris Rorden's dcm2niiX version v1.0.20211006  GCC10.2.1 x86-64 (64-bit Linux)
INFO: stdout 2022-10-12T23:42:32.435627:Found 99 DICOM file(s)
INFO: stdout 2022-10-12T23:42:32.435627:Warning: Slice timing appears corrupted (range 0..5357.5, TR=2000 ms)
INFO: stdout 2022-10-12T23:42:32.435627:Convert 99 DICOM as /out/sub-voice974/ses-1/func/sub-voice974_ses-1_task-facematch_run-2_bold_heudiconv309 (108x108x65x99)
INFO: stdout 2022-10-12T23:42:43.483399:Compress: "/usr/bin/pigz" -b 960 -n -f -6 "/out/sub-voice974/ses-1/func/sub-voice974_ses-1_task-facematch_run-2_bold_heudiconv309.nii"
INFO: stdout 2022-10-12T23:42:43.483399:Conversion required 12.222457 seconds (0.390907 for core code).
INFO: [Node] Finished "convert", elapsed time 12.300426s.
INFO: Post-treating /out/sub-voice974/ses-1/func/sub-voice974_ses-1_task-facematch_run-2_bold.json file
INFO: Converting /out/sub-voice974/ses-1/func/sub-voice974_ses-1_task-emosent_run-1_bold (48 DICOMs) -> /out/sub-voice974/ses-1/func . Converter: dcm2niix . Output types: ('nii.gz',)
INFO: [Node] Setting-up "convert" in "/tmp/dcm2niixaqlsgkn_/convert".
INFO: [Node] Executing "convert" <nipype.interfaces.dcm2nii.Dcm2niix>
INFO: stdout 2022-10-12T23:42:44.703365:Chris Rorden's dcm2niiX version v1.0.20211006  GCC10.2.1 x86-64 (64-bit Linux)
INFO: stdout 2022-10-12T23:42:44.703365:Found 48 DICOM file(s)
INFO: stdout 2022-10-12T23:42:44.703365:Warning: Slice timing appears corrupted (range 0..5360, TR=4000 ms)
INFO: stdout 2022-10-12T23:42:44.703365:Convert 48 DICOM as /out/sub-voice974/ses-1/func/sub-voice974_ses-1_task-emosent_run-1_bold_heudiconv952 (108x108x65x48)
INFO: stdout 2022-10-12T23:42:49.733975:Compress: "/usr/bin/pigz" -b 960 -n -f -6 "/out/sub-voice974/ses-1/func/sub-voice974_ses-1_task-emosent_run-1_bold_heudiconv952.nii"
INFO: stdout 2022-10-12T23:42:49.733975:Conversion required 5.522015 seconds (0.224107 for core code).
INFO: [Node] Finished "convert", elapsed time 5.596156s.
INFO: Post-treating /out/sub-voice974/ses-1/func/sub-voice974_ses-1_task-emosent_run-1_bold.json file
INFO: Converting /out/sub-voice974/ses-1/func/sub-voice974_ses-1_task-emosent_run-2_bold (48 DICOMs) -> /out/sub-voice974/ses-1/func . Converter: dcm2niix . Output types: ('nii.gz',)
INFO: [Node] Setting-up "convert" in "/tmp/dcm2niix_5un_8yv/convert".
INFO: [Node] Executing "convert" <nipype.interfaces.dcm2nii.Dcm2niix>
INFO: stdout 2022-10-12T23:42:50.561358:Chris Rorden's dcm2niiX version v1.0.20211006  GCC10.2.1 x86-64 (64-bit Linux)
INFO: stdout 2022-10-12T23:42:50.561358:Found 48 DICOM file(s)
INFO: stdout 2022-10-12T23:42:50.561358:Warning: Slice timing appears corrupted (range 0..5360, TR=4000 ms)
INFO: stdout 2022-10-12T23:42:50.561358:Convert 48 DICOM as /out/sub-voice974/ses-1/func/sub-voice974_ses-1_task-emosent_run-2_bold_heudiconv343 (108x108x65x48)
INFO: stdout 2022-10-12T23:42:55.470187:Compress: "/usr/bin/pigz" -b 960 -n -f -6 "/out/sub-voice974/ses-1/func/sub-voice974_ses-1_task-emosent_run-2_bold_heudiconv343.nii"
INFO: stdout 2022-10-12T23:42:55.470187:Conversion required 5.292139 seconds (0.185385 for core code).
INFO: [Node] Finished "convert", elapsed time 5.372927s.
INFO: Post-treating /out/sub-voice974/ses-1/func/sub-voice974_ses-1_task-emosent_run-2_bold.json file
INFO: Converting /out/sub-voice974/ses-1/func/sub-voice974_ses-1_task-vowel_run-1_bold (60 DICOMs) -> /out/sub-voice974/ses-1/func . Converter: dcm2niix . Output types: ('nii.gz',)
INFO: [Node] Setting-up "convert" in "/tmp/dcm2niix5wooa2mr/convert".
INFO: [Node] Executing "convert" <nipype.interfaces.dcm2nii.Dcm2niix>
INFO: stdout 2022-10-12T23:42:56.371879:Chris Rorden's dcm2niiX version v1.0.20211006  GCC10.2.1 x86-64 (64-bit Linux)
INFO: stdout 2022-10-12T23:42:56.371879:Found 60 DICOM file(s)
INFO: stdout 2022-10-12T23:42:56.371879:Warning: Slice timing appears corrupted (range 0..5360, TR=4000 ms)
INFO: stdout 2022-10-12T23:42:56.371879:Convert 60 DICOM as /out/sub-voice974/ses-1/func/sub-voice974_ses-1_task-vowel_run-1_bold_heudiconv799 (108x108x65x60)
INFO: stdout 2022-10-12T23:43:02.699930:Compress: "/usr/bin/pigz" -b 960 -n -f -6 "/out/sub-voice974/ses-1/func/sub-voice974_ses-1_task-vowel_run-1_bold_heudiconv799.nii"
INFO: stdout 2022-10-12T23:43:02.699930:Conversion required 6.935386 seconds (0.255536 for core code).
INFO: [Node] Finished "convert", elapsed time 6.989984s.
INFO: Post-treating /out/sub-voice974/ses-1/func/sub-voice974_ses-1_task-vowel_run-1_bold.json file
INFO: Converting /out/sub-voice974/ses-1/func/sub-voice974_ses-1_task-vowel_run-2_bold (60 DICOMs) -> /out/sub-voice974/ses-1/func . Converter: dcm2niix . Output types: ('nii.gz',)
INFO: [Node] Setting-up "convert" in "/tmp/dcm2niixuru6c6h_/convert".
INFO: [Node] Executing "convert" <nipype.interfaces.dcm2nii.Dcm2niix>
INFO: stdout 2022-10-12T23:43:03.449861:Chris Rorden's dcm2niiX version v1.0.20211006  GCC10.2.1 x86-64 (64-bit Linux)
INFO: stdout 2022-10-12T23:43:03.449861:Found 60 DICOM file(s)
INFO: stdout 2022-10-12T23:43:03.449861:Warning: Slice timing appears corrupted (range 0..5360, TR=4000 ms)
INFO: stdout 2022-10-12T23:43:03.449861:Convert 60 DICOM as /out/sub-voice974/ses-1/func/sub-voice974_ses-1_task-vowel_run-2_bold_heudiconv145 (108x108x65x60)
INFO: stdout 2022-10-12T23:43:09.894921:Compress: "/usr/bin/pigz" -b 960 -n -f -6 "/out/sub-voice974/ses-1/func/sub-voice974_ses-1_task-vowel_run-2_bold_heudiconv145.nii"
INFO: stdout 2022-10-12T23:43:09.894921:Conversion required 6.961194 seconds (0.218753 for core code).
INFO: [Node] Finished "convert", elapsed time 7.018088s.
INFO: Post-treating /out/sub-voice974/ses-1/func/sub-voice974_ses-1_task-vowel_run-2_bold.json file
INFO: Converting /out/sub-voice974/ses-1/func/sub-voice974_ses-1_task-pitchnw_run-1_bold (101 DICOMs) -> /out/sub-voice974/ses-1/func . Converter: dcm2niix . Output types: ('nii.gz',)
INFO: [Node] Setting-up "convert" in "/tmp/dcm2niixk4ur4yn0/convert".
INFO: [Node] Executing "convert" <nipype.interfaces.dcm2nii.Dcm2niix>
INFO: stdout 2022-10-12T23:43:10.792490:Chris Rorden's dcm2niiX version v1.0.20211006  GCC10.2.1 x86-64 (64-bit Linux)
INFO: stdout 2022-10-12T23:43:10.792490:Found 101 DICOM file(s)
INFO: stdout 2022-10-12T23:43:10.792490:Warning: Slice timing appears corrupted (range 0..5360, TR=2000 ms)
INFO: stdout 2022-10-12T23:43:10.792490:Convert 101 DICOM as /out/sub-voice974/ses-1/func/sub-voice974_ses-1_task-pitchnw_run-1_bold_heudiconv263 (108x108x65x101)
INFO: stdout 2022-10-12T23:43:21.444594:Compress: "/usr/bin/pigz" -b 960 -n -f -6 "/out/sub-voice974/ses-1/func/sub-voice974_ses-1_task-pitchnw_run-1_bold_heudiconv263.nii"
INFO: stdout 2022-10-12T23:43:21.444594:Conversion required 11.220560 seconds (0.366739 for core code).
INFO: [Node] Finished "convert", elapsed time 11.278985s.
INFO: Post-treating /out/sub-voice974/ses-1/func/sub-voice974_ses-1_task-pitchnw_run-1_bold.json file
INFO: Converting /out/sub-voice974/ses-1/func/sub-voice974_ses-1_task-pitchnw_run-2_bold (101 DICOMs) -> /out/sub-voice974/ses-1/func . Converter: dcm2niix . Output types: ('nii.gz',)
INFO: [Node] Setting-up "convert" in "/tmp/dcm2niixdx3sn3xx/convert".
INFO: [Node] Executing "convert" <nipype.interfaces.dcm2nii.Dcm2niix>
INFO: stdout 2022-10-12T23:43:22.197208:Chris Rorden's dcm2niiX version v1.0.20211006  GCC10.2.1 x86-64 (64-bit Linux)
INFO: stdout 2022-10-12T23:43:22.197208:Found 101 DICOM file(s)
INFO: stdout 2022-10-12T23:43:22.197208:Warning: Slice timing appears corrupted (range 0..5357.5, TR=2000 ms)
INFO: stdout 2022-10-12T23:43:22.197208:Convert 101 DICOM as /out/sub-voice974/ses-1/func/sub-voice974_ses-1_task-pitchnw_run-2_bold_heudiconv602 (108x108x65x101)
INFO: stdout 2022-10-12T23:43:32.385602:Compress: "/usr/bin/pigz" -b 960 -n -f -6 "/out/sub-voice974/ses-1/func/sub-voice974_ses-1_task-pitchnw_run-2_bold_heudiconv602.nii"
INFO: stdout 2022-10-12T23:43:32.385602:Conversion required 10.673341 seconds (0.361564 for core code).
INFO: [Node] Finished "convert", elapsed time 10.760929s.
INFO: Post-treating /out/sub-voice974/ses-1/func/sub-voice974_ses-1_task-pitchnw_run-2_bold.json file
INFO: Converting /out/sub-voice974/ses-1/func/sub-voice974_ses-1_task-movie_run-1_bold (138 DICOMs) -> /out/sub-voice974/ses-1/func . Converter: dcm2niix . Output types: ('nii.gz',)
INFO: [Node] Setting-up "convert" in "/tmp/dcm2niixve38g5pu/convert".
INFO: [Node] Executing "convert" <nipype.interfaces.dcm2nii.Dcm2niix>
INFO: stdout 2022-10-12T23:43:33.588226:Chris Rorden's dcm2niiX version v1.0.20211006  GCC10.2.1 x86-64 (64-bit Linux)
INFO: stdout 2022-10-12T23:43:33.588226:Found 138 DICOM file(s)
INFO: stdout 2022-10-12T23:43:33.588226:Warning: Slice timing appears corrupted (range 0..5360, TR=1090 ms)
INFO: stdout 2022-10-12T23:43:33.588226:Convert 138 DICOM as /out/sub-voice974/ses-1/func/sub-voice974_ses-1_task-movie_run-1_bold_heudiconv274 (108x108x65x138)
INFO: stdout 2022-10-12T23:43:48.349047:Compress: "/usr/bin/pigz" -b 960 -n -f -6 "/out/sub-voice974/ses-1/func/sub-voice974_ses-1_task-movie_run-1_bold_heudiconv274.nii"
INFO: stdout 2022-10-12T23:43:48.349047:Conversion required 15.620313 seconds (0.528594 for core code).
INFO: [Node] Finished "convert", elapsed time 15.689098s.
INFO: Post-treating /out/sub-voice974/ses-1/func/sub-voice974_ses-1_task-movie_run-1_bold.json file
INFO: Populating template files under /out/
INFO: PROCESSING DONE: {'subject': 'voice974', 'outdir': '/out/', 'session': '1'}
