Submitited subject: voice949
Submitted session: 1
Command:
singularity run -B /mindhive -B /om2/user/rfbrito/voice_depression/bids_conversion -B /om2/scratch/Wed/rfbrito/bids:/out /om2/user/rfbrito/containers/imaging/heudiconv_latest.sif -d /mindhive/xnat/dicom_storage/voice/dicom/{subject}/session001*/dicom/Trio*/*.dcm -o /out -f /om2/user/rfbrito/voice_depression/bids_conversion/heuristic.py -c dcm2niix -s voice949 -ss 1 --datalad -b --minmeta -g accession_number
['3-SMS5_rsfMRI_PA']
[{'item': '4-Spin_Echo_EPI_PA', 'dir': 'PA'}, {'item': '5-Spin_Echo_EPI_AP', 'dir': 'AP'}]
[{'item': '6-SMS2-diff_b1000_free_11b0_61dirs_PA', 'acq': 'PA'}, {'item': '11-SMS2-diff_b1000_free_4b0_AP', 'acq': 'AP'}]
['15-T1_MPRAGE_Ellison_4e_p2_1mm_iso']
[]
['26-PaTaKa_1_SMS5_Sparse_3x3x3_1640_1000ms', '27-PaTaKa_2_SMS5_Sparse_3x3x3_1640_1000ms']
['34-Sentences_1_SMS5_Sparse_2x2x2_4000_2900ms', '35-Sentences_2_SMS5_Sparse_2x2x2_4000_2900ms']
['23-Nonword_1_SMS5_Sparse_2x2x2_4000_2900ms', '24-Nonword_2_SMS5_Sparse_2x2x2_4000_2900ms', '25-Nonword_3_SMS5_Sparse_2x2x2_4000_2900ms']
['30-FaceMatch_1_SMS5_Sparse_2x2x2_2000_900ms', '31-FaceMatch_2_SMS5_Sparse_2x2x2_2000_900ms']
['32-EmoSent_1_SMS5_Sparse_2x2x2_4000_2900ms', '33-EmoSent_2_SMS5_Sparse_2x2x2_4000_2900ms']
['38-Vowels_1_SMS5_Sparse_2x2x2_4000_2900ms', '39-Vowels_2_SMS5_Sparse_2x2x2_4000_2900ms']
['21-PitchEmph_1_SMS5_Sparse_2x2x2_2000_900ms', '22-PitchEmph_2_SMS5_Sparse_2x2x2_2000_900ms']
['40-Movie_SMS5_rsfMRI_PA']
221007-18:51:30,618 nipype.utils WARNING:
	 A newer version (1.8.4) of nipy/nipype is available. You are using 1.8.0
221007-18:51:30,712 nipype.workflow INFO:
	 [Node] Setting-up "convert" in "/tmp/dcm2niixli04hbh_/convert".
221007-18:51:30,836 nipype.workflow INFO:
	 [Node] Executing "convert" <nipype.interfaces.dcm2nii.Dcm2niix>
221007-18:51:31,881 nipype.interface INFO:
	 stdout 2022-10-07T18:51:31.881153:Chris Rorden's dcm2niiX version v1.0.20211006  GCC10.2.1 x86-64 (64-bit Linux)
221007-18:51:31,881 nipype.interface INFO:
	 stdout 2022-10-07T18:51:31.881153:Found 300 DICOM file(s)
221007-18:51:31,881 nipype.interface INFO:
	 stdout 2022-10-07T18:51:31.881153:Warning: Slice timing appears corrupted (range 0..5360, TR=1090 ms)
221007-18:51:31,881 nipype.interface INFO:
	 stdout 2022-10-07T18:51:31.881153:Convert 300 DICOM as /out/sub-voice949/ses-1/func/sub-voice949_ses-1_task-rest_run-1_bold_heudiconv411 (108x108x65x300)
221007-18:52:02,990 nipype.interface INFO:
	 stdout 2022-10-07T18:52:02.990462:Compress: "/usr/bin/pigz" -b 960 -n -f -6 "/out/sub-voice949/ses-1/func/sub-voice949_ses-1_task-rest_run-1_bold_heudiconv411.nii"
221007-18:52:02,993 nipype.interface INFO:
	 stdout 2022-10-07T18:52:02.990462:Conversion required 32.043627 seconds (1.220556 for core code).
221007-18:52:03,35 nipype.workflow INFO:
	 [Node] Finished "convert", elapsed time 32.102551s.
221007-18:52:03,332 nipype.workflow INFO:
	 [Node] Setting-up "convert" in "/tmp/dcm2niixf5e442fb/convert".
221007-18:52:03,434 nipype.workflow INFO:
	 [Node] Executing "convert" <nipype.interfaces.dcm2nii.Dcm2niix>
221007-18:52:03,708 nipype.interface INFO:
	 stdout 2022-10-07T18:52:03.708246:Chris Rorden's dcm2niiX version v1.0.20211006  GCC10.2.1 x86-64 (64-bit Linux)
221007-18:52:03,708 nipype.interface INFO:
	 stdout 2022-10-07T18:52:03.708246:Found 260 DICOM file(s)
221007-18:52:03,708 nipype.interface INFO:
	 stdout 2022-10-07T18:52:03.708246:Convert 260 DICOM as /out/sub-voice949/ses-1/fmap/sub-voice949_ses-1_acq-func_dir-PA_run-1_epi_heudiconv810 (108x108x65x4)
221007-18:52:04,189 nipype.interface INFO:
	 stdout 2022-10-07T18:52:04.189586:Compress: "/usr/bin/pigz" -b 960 -n -f -6 "/out/sub-voice949/ses-1/fmap/sub-voice949_ses-1_acq-func_dir-PA_run-1_epi_heudiconv810.nii"
221007-18:52:04,189 nipype.interface INFO:
	 stdout 2022-10-07T18:52:04.189586:Conversion required 0.733768 seconds (0.150335 for core code).
221007-18:52:04,228 nipype.workflow INFO:
	 [Node] Finished "convert", elapsed time 0.792916s.
221007-18:52:04,500 nipype.workflow INFO:
	 [Node] Setting-up "convert" in "/tmp/dcm2niix6p95ztgq/convert".
221007-18:52:04,600 nipype.workflow INFO:
	 [Node] Executing "convert" <nipype.interfaces.dcm2nii.Dcm2niix>
221007-18:52:04,872 nipype.interface INFO:
	 stdout 2022-10-07T18:52:04.872528:Chris Rorden's dcm2niiX version v1.0.20211006  GCC10.2.1 x86-64 (64-bit Linux)
221007-18:52:04,872 nipype.interface INFO:
	 stdout 2022-10-07T18:52:04.872528:Found 260 DICOM file(s)
221007-18:52:04,873 nipype.interface INFO:
	 stdout 2022-10-07T18:52:04.872528:Convert 260 DICOM as /out/sub-voice949/ses-1/fmap/sub-voice949_ses-1_acq-func_dir-AP_run-2_epi_heudiconv247 (108x108x65x4)
221007-18:52:05,338 nipype.interface INFO:
	 stdout 2022-10-07T18:52:05.338001:Compress: "/usr/bin/pigz" -b 960 -n -f -6 "/out/sub-voice949/ses-1/fmap/sub-voice949_ses-1_acq-func_dir-AP_run-2_epi_heudiconv247.nii"
221007-18:52:05,338 nipype.interface INFO:
	 stdout 2022-10-07T18:52:05.338001:Conversion required 0.717940 seconds (0.152332 for core code).
221007-18:52:05,378 nipype.workflow INFO:
	 [Node] Finished "convert", elapsed time 0.776271s.
221007-18:52:05,517 nipype.workflow INFO:
	 [Node] Setting-up "convert" in "/tmp/dcm2niix86d_ze0m/convert".
221007-18:52:05,545 nipype.workflow INFO:
	 [Node] Executing "convert" <nipype.interfaces.dcm2nii.Dcm2niix>
221007-18:52:08,201 nipype.interface INFO:
	 stdout 2022-10-07T18:52:08.201508:Chris Rorden's dcm2niiX version v1.0.20211006  GCC10.2.1 x86-64 (64-bit Linux)
221007-18:52:08,201 nipype.interface INFO:
	 stdout 2022-10-07T18:52:08.201508:Found 72 DICOM file(s)
221007-18:52:08,202 nipype.interface INFO:
	 stdout 2022-10-07T18:52:08.201508:Warning: Slice timing appears corrupted (range 0..8.63999e+07, TR=4400 ms)
221007-18:52:08,202 nipype.interface INFO:
	 stdout 2022-10-07T18:52:08.201508:Convert 72 DICOM as /out/sub-voice949/ses-1/dwi/sub-voice949_ses-1_acq-PA_dwi_heudiconv775 (120x120x66x72)
221007-18:52:18,16 nipype.interface INFO:
	 stdout 2022-10-07T18:52:18.016263:Compress: "/usr/bin/pigz" -b 960 -n -f -6 "/out/sub-voice949/ses-1/dwi/sub-voice949_ses-1_acq-PA_dwi_heudiconv775.nii"
221007-18:52:18,17 nipype.interface INFO:
	 stdout 2022-10-07T18:52:18.016263:Conversion required 12.452176 seconds (0.393940 for core code).
221007-18:52:18,54 nipype.workflow INFO:
	 [Node] Finished "convert", elapsed time 12.507477s.
221007-18:52:18,180 nipype.workflow INFO:
	 [Node] Setting-up "convert" in "/tmp/dcm2niixq9ndf6o4/convert".
221007-18:52:18,186 nipype.workflow INFO:
	 [Node] Executing "convert" <nipype.interfaces.dcm2nii.Dcm2niix>
221007-18:52:18,452 nipype.interface INFO:
	 stdout 2022-10-07T18:52:18.452323:Chris Rorden's dcm2niiX version v1.0.20211006  GCC10.2.1 x86-64 (64-bit Linux)
221007-18:52:18,452 nipype.interface INFO:
	 stdout 2022-10-07T18:52:18.452323:Found 7 DICOM file(s)
221007-18:52:18,452 nipype.interface INFO:
	 stdout 2022-10-07T18:52:18.452323:Warning: Slice timing appears corrupted (range 0..8.63999e+07, TR=4400 ms)
221007-18:52:18,452 nipype.interface INFO:
	 stdout 2022-10-07T18:52:18.452323:Convert 7 DICOM as /out/sub-voice949/ses-1/dwi/sub-voice949_ses-1_acq-AP_dwi_heudiconv683 (120x120x66x7)
221007-18:52:19,453 nipype.interface INFO:
	 stdout 2022-10-07T18:52:19.453083:Compress: "/usr/bin/pigz" -b 960 -n -f -6 "/out/sub-voice949/ses-1/dwi/sub-voice949_ses-1_acq-AP_dwi_heudiconv683.nii"
221007-18:52:19,453 nipype.interface INFO:
	 stdout 2022-10-07T18:52:19.453083:Conversion required 1.240984 seconds (0.045183 for core code).
221007-18:52:19,492 nipype.workflow INFO:
	 [Node] Finished "convert", elapsed time 1.305755s.
221007-18:52:19,695 nipype.workflow INFO:
	 [Node] Setting-up "convert" in "/tmp/dcm2niixp5piry1e/convert".
221007-18:52:19,777 nipype.workflow INFO:
	 [Node] Executing "convert" <nipype.interfaces.dcm2nii.Dcm2niix>
221007-18:52:19,970 nipype.interface INFO:
	 stdout 2022-10-07T18:52:19.970681:Chris Rorden's dcm2niiX version v1.0.20211006  GCC10.2.1 x86-64 (64-bit Linux)
221007-18:52:19,971 nipype.interface INFO:
	 stdout 2022-10-07T18:52:19.970681:Found 176 DICOM file(s)
221007-18:52:19,971 nipype.interface INFO:
	 stdout 2022-10-07T18:52:19.970681:Convert 176 DICOM as /out/sub-voice949/ses-1/anat/sub-voice949_ses-1_run-1_T1w_heudiconv098 (256x256x176x1)
221007-18:52:21,711 nipype.interface INFO:
	 stdout 2022-10-07T18:52:21.711510:Compress: "/usr/bin/pigz" -b 960 -n -f -6 "/out/sub-voice949/ses-1/anat/sub-voice949_ses-1_run-1_T1w_heudiconv098.nii"
221007-18:52:21,711 nipype.interface INFO:
	 stdout 2022-10-07T18:52:21.711510:Conversion required 1.913003 seconds (0.210117 for core code).
221007-18:52:21,759 nipype.workflow INFO:
	 [Node] Finished "convert", elapsed time 1.980727s.
221007-18:52:21,895 nipype.workflow INFO:
	 [Node] Setting-up "convert" in "/tmp/dcm2niix402p15sl/convert".
221007-18:52:21,978 nipype.workflow INFO:
	 [Node] Executing "convert" <nipype.interfaces.dcm2nii.Dcm2niix>
221007-18:52:22,470 nipype.interface INFO:
	 stdout 2022-10-07T18:52:22.469889:Chris Rorden's dcm2niiX version v1.0.20211006  GCC10.2.1 x86-64 (64-bit Linux)
221007-18:52:22,470 nipype.interface INFO:
	 stdout 2022-10-07T18:52:22.469889:Found 207 DICOM file(s)
221007-18:52:22,470 nipype.interface INFO:
	 stdout 2022-10-07T18:52:22.469889:Warning: Slice timing appears corrupted (range 0..3135, TR=1640 ms)
221007-18:52:22,470 nipype.interface INFO:
	 stdout 2022-10-07T18:52:22.469889:Convert 207 DICOM as /out/sub-voice949/ses-1/func/sub-voice949_ses-1_task-pataka_run-1_bold_heudiconv491 (72x72x45x207)
221007-18:52:29,396 nipype.interface INFO:
	 stdout 2022-10-07T18:52:29.396193:Compress: "/usr/bin/pigz" -b 960 -n -f -6 "/out/sub-voice949/ses-1/func/sub-voice949_ses-1_task-pataka_run-1_bold_heudiconv491.nii"
221007-18:52:29,397 nipype.interface INFO:
	 stdout 2022-10-07T18:52:29.396193:Conversion required 7.393417 seconds (0.479275 for core code).
221007-18:52:29,432 nipype.workflow INFO:
	 [Node] Finished "convert", elapsed time 7.453001s.
221007-18:52:29,630 nipype.workflow INFO:
	 [Node] Setting-up "convert" in "/tmp/dcm2niixgqj1m6my/convert".
221007-18:52:29,711 nipype.workflow INFO:
	 [Node] Executing "convert" <nipype.interfaces.dcm2nii.Dcm2niix>
221007-18:52:30,211 nipype.interface INFO:
	 stdout 2022-10-07T18:52:30.211110:Chris Rorden's dcm2niiX version v1.0.20211006  GCC10.2.1 x86-64 (64-bit Linux)
221007-18:52:30,211 nipype.interface INFO:
	 stdout 2022-10-07T18:52:30.211110:Found 207 DICOM file(s)
221007-18:52:30,211 nipype.interface INFO:
	 stdout 2022-10-07T18:52:30.211110:Warning: Slice timing appears corrupted (range 0..3135, TR=1640 ms)
221007-18:52:30,211 nipype.interface INFO:
	 stdout 2022-10-07T18:52:30.211110:Convert 207 DICOM as /out/sub-voice949/ses-1/func/sub-voice949_ses-1_task-pataka_run-2_bold_heudiconv190 (72x72x45x207)
221007-18:52:36,983 nipype.interface INFO:
	 stdout 2022-10-07T18:52:36.983754:Compress: "/usr/bin/pigz" -b 960 -n -f -6 "/out/sub-voice949/ses-1/func/sub-voice949_ses-1_task-pataka_run-2_bold_heudiconv190.nii"
221007-18:52:36,983 nipype.interface INFO:
	 stdout 2022-10-07T18:52:36.983754:Conversion required 7.248108 seconds (0.471035 for core code).
221007-18:52:37,22 nipype.workflow INFO:
	 [Node] Finished "convert", elapsed time 7.31s.
221007-18:52:37,141 nipype.workflow INFO:
	 [Node] Setting-up "convert" in "/tmp/dcm2niixldbg50aj/convert".
221007-18:52:37,167 nipype.workflow INFO:
	 [Node] Executing "convert" <nipype.interfaces.dcm2nii.Dcm2niix>
221007-18:52:37,568 nipype.interface INFO:
	 stdout 2022-10-07T18:52:37.568069:Chris Rorden's dcm2niiX version v1.0.20211006  GCC10.2.1 x86-64 (64-bit Linux)
221007-18:52:37,568 nipype.interface INFO:
	 stdout 2022-10-07T18:52:37.568069:Found 64 DICOM file(s)
221007-18:52:37,568 nipype.interface INFO:
	 stdout 2022-10-07T18:52:37.568069:Warning: Slice timing appears corrupted (range 0..5360, TR=4000 ms)
221007-18:52:37,568 nipype.interface INFO:
	 stdout 2022-10-07T18:52:37.568069:Convert 64 DICOM as /out/sub-voice949/ses-1/func/sub-voice949_ses-1_task-pitchsent_run-1_bold_heudiconv610 (108x108x65x64)
221007-18:52:44,206 nipype.interface INFO:
	 stdout 2022-10-07T18:52:44.206693:Compress: "/usr/bin/pigz" -b 960 -n -f -6 "/out/sub-voice949/ses-1/func/sub-voice949_ses-1_task-pitchsent_run-1_bold_heudiconv610.nii"
221007-18:52:44,206 nipype.interface INFO:
	 stdout 2022-10-07T18:52:44.206693:Conversion required 7.019090 seconds (0.276782 for core code).
221007-18:52:44,245 nipype.workflow INFO:
	 [Node] Finished "convert", elapsed time 7.076544s.
221007-18:52:44,354 nipype.workflow INFO:
	 [Node] Setting-up "convert" in "/tmp/dcm2niixttbubp6c/convert".
221007-18:52:44,381 nipype.workflow INFO:
	 [Node] Executing "convert" <nipype.interfaces.dcm2nii.Dcm2niix>
221007-18:52:44,697 nipype.interface INFO:
	 stdout 2022-10-07T18:52:44.697286:Chris Rorden's dcm2niiX version v1.0.20211006  GCC10.2.1 x86-64 (64-bit Linux)
221007-18:52:44,697 nipype.interface INFO:
	 stdout 2022-10-07T18:52:44.697286:Found 64 DICOM file(s)
221007-18:52:44,697 nipype.interface INFO:
	 stdout 2022-10-07T18:52:44.697286:Warning: Slice timing appears corrupted (range 0..5360, TR=4000 ms)
221007-18:52:44,697 nipype.interface INFO:
	 stdout 2022-10-07T18:52:44.697286:Convert 64 DICOM as /out/sub-voice949/ses-1/func/sub-voice949_ses-1_task-pitchsent_run-2_bold_heudiconv239 (108x108x65x64)
221007-18:52:51,524 nipype.interface INFO:
	 stdout 2022-10-07T18:52:51.524725:Compress: "/usr/bin/pigz" -b 960 -n -f -6 "/out/sub-voice949/ses-1/func/sub-voice949_ses-1_task-pitchsent_run-2_bold_heudiconv239.nii"
221007-18:52:51,524 nipype.interface INFO:
	 stdout 2022-10-07T18:52:51.524725:Conversion required 7.120739 seconds (0.275818 for core code).
221007-18:52:51,561 nipype.workflow INFO:
	 [Node] Finished "convert", elapsed time 7.179532s.
221007-18:52:51,674 nipype.workflow INFO:
	 [Node] Setting-up "convert" in "/tmp/dcm2niixrvcaxhsq/convert".
221007-18:52:51,693 nipype.workflow INFO:
	 [Node] Executing "convert" <nipype.interfaces.dcm2nii.Dcm2niix>
221007-18:52:51,866 nipype.interface INFO:
	 stdout 2022-10-07T18:52:51.866178:Chris Rorden's dcm2niiX version v1.0.20211006  GCC10.2.1 x86-64 (64-bit Linux)
221007-18:52:51,866 nipype.interface INFO:
	 stdout 2022-10-07T18:52:51.866178:Found 42 DICOM file(s)
221007-18:52:51,866 nipype.interface INFO:
	 stdout 2022-10-07T18:52:51.866178:Warning: Slice timing appears corrupted (range 0..5360, TR=4000 ms)
221007-18:52:51,866 nipype.interface INFO:
	 stdout 2022-10-07T18:52:51.866178:Convert 42 DICOM as /out/sub-voice949/ses-1/func/sub-voice949_ses-1_task-nwr_run-1_bold_heudiconv579 (108x108x65x42)
221007-18:52:56,288 nipype.interface INFO:
	 stdout 2022-10-07T18:52:56.288876:Compress: "/usr/bin/pigz" -b 960 -n -f -6 "/out/sub-voice949/ses-1/func/sub-voice949_ses-1_task-nwr_run-1_bold_heudiconv579.nii"
221007-18:52:56,290 nipype.interface INFO:
	 stdout 2022-10-07T18:52:56.288876:Conversion required 4.573134 seconds (0.172349 for core code).
221007-18:52:56,325 nipype.workflow INFO:
	 [Node] Finished "convert", elapsed time 4.631494s.
221007-18:52:56,447 nipype.workflow INFO:
	 [Node] Setting-up "convert" in "/tmp/dcm2niix4gqwqu2y/convert".
221007-18:52:56,465 nipype.workflow INFO:
	 [Node] Executing "convert" <nipype.interfaces.dcm2nii.Dcm2niix>
221007-18:52:56,710 nipype.interface INFO:
	 stdout 2022-10-07T18:52:56.710786:Chris Rorden's dcm2niiX version v1.0.20211006  GCC10.2.1 x86-64 (64-bit Linux)
221007-18:52:56,711 nipype.interface INFO:
	 stdout 2022-10-07T18:52:56.710786:Found 42 DICOM file(s)
221007-18:52:56,711 nipype.interface INFO:
	 stdout 2022-10-07T18:52:56.710786:Warning: Slice timing appears corrupted (range 0..5360, TR=4000 ms)
221007-18:52:56,711 nipype.interface INFO:
	 stdout 2022-10-07T18:52:56.710786:Convert 42 DICOM as /out/sub-voice949/ses-1/func/sub-voice949_ses-1_task-nwr_run-2_bold_heudiconv998 (108x108x65x42)
221007-18:53:01,147 nipype.interface INFO:
	 stdout 2022-10-07T18:53:01.147741:Compress: "/usr/bin/pigz" -b 960 -n -f -6 "/out/sub-voice949/ses-1/func/sub-voice949_ses-1_task-nwr_run-2_bold_heudiconv998.nii"
221007-18:53:01,152 nipype.interface INFO:
	 stdout 2022-10-07T18:53:01.147741:Conversion required 4.661652 seconds (0.185584 for core code).
221007-18:53:01,185 nipype.workflow INFO:
	 [Node] Finished "convert", elapsed time 4.7187470000000005s.
221007-18:53:01,298 nipype.workflow INFO:
	 [Node] Setting-up "convert" in "/tmp/dcm2niixk3pnjb_q/convert".
221007-18:53:01,326 nipype.workflow INFO:
	 [Node] Executing "convert" <nipype.interfaces.dcm2nii.Dcm2niix>
221007-18:53:01,604 nipype.interface INFO:
	 stdout 2022-10-07T18:53:01.604839:Chris Rorden's dcm2niiX version v1.0.20211006  GCC10.2.1 x86-64 (64-bit Linux)
221007-18:53:01,605 nipype.interface INFO:
	 stdout 2022-10-07T18:53:01.604839:Found 42 DICOM file(s)
221007-18:53:01,605 nipype.interface INFO:
	 stdout 2022-10-07T18:53:01.604839:Warning: Slice timing appears corrupted (range 0..5360, TR=4000 ms)
221007-18:53:01,605 nipype.interface INFO:
	 stdout 2022-10-07T18:53:01.604839:Convert 42 DICOM as /out/sub-voice949/ses-1/func/sub-voice949_ses-1_task-nwr_run-3_bold_heudiconv055 (108x108x65x42)
221007-18:53:06,40 nipype.interface INFO:
	 stdout 2022-10-07T18:53:06.040225:Compress: "/usr/bin/pigz" -b 960 -n -f -6 "/out/sub-voice949/ses-1/func/sub-voice949_ses-1_task-nwr_run-3_bold_heudiconv055.nii"
221007-18:53:06,43 nipype.interface INFO:
	 stdout 2022-10-07T18:53:06.040225:Conversion required 4.690960 seconds (0.198642 for core code).
221007-18:53:06,92 nipype.workflow INFO:
	 [Node] Finished "convert", elapsed time 4.764745s.
221007-18:53:06,413 nipype.workflow INFO:
	 [Node] Setting-up "convert" in "/tmp/dcm2niixfvk0ytwo/convert".
221007-18:53:06,458 nipype.workflow INFO:
	 [Node] Executing "convert" <nipype.interfaces.dcm2nii.Dcm2niix>
221007-18:53:07,163 nipype.interface INFO:
	 stdout 2022-10-07T18:53:07.163833:Chris Rorden's dcm2niiX version v1.0.20211006  GCC10.2.1 x86-64 (64-bit Linux)
221007-18:53:07,164 nipype.interface INFO:
	 stdout 2022-10-07T18:53:07.163833:Found 99 DICOM file(s)
221007-18:53:07,164 nipype.interface INFO:
	 stdout 2022-10-07T18:53:07.163833:Warning: Slice timing appears corrupted (range 0..5357.5, TR=2000 ms)
221007-18:53:07,164 nipype.interface INFO:
	 stdout 2022-10-07T18:53:07.163833:Convert 99 DICOM as /out/sub-voice949/ses-1/func/sub-voice949_ses-1_task-facematch_run-1_bold_heudiconv842 (108x108x65x99)
221007-18:53:17,592 nipype.interface INFO:
	 stdout 2022-10-07T18:53:17.592230:Compress: "/usr/bin/pigz" -b 960 -n -f -6 "/out/sub-voice949/ses-1/func/sub-voice949_ses-1_task-facematch_run-1_bold_heudiconv842.nii"
221007-18:53:17,596 nipype.interface INFO:
	 stdout 2022-10-07T18:53:17.592230:Conversion required 11.107937 seconds (0.441006 for core code).
221007-18:53:17,637 nipype.workflow INFO:
	 [Node] Finished "convert", elapsed time 11.178117s.
221007-18:53:17,928 nipype.workflow INFO:
	 [Node] Setting-up "convert" in "/tmp/dcm2niix7j88hxcu/convert".
221007-18:53:17,970 nipype.workflow INFO:
	 [Node] Executing "convert" <nipype.interfaces.dcm2nii.Dcm2niix>
221007-18:53:18,796 nipype.interface INFO:
	 stdout 2022-10-07T18:53:18.796372:Chris Rorden's dcm2niiX version v1.0.20211006  GCC10.2.1 x86-64 (64-bit Linux)
221007-18:53:18,796 nipype.interface INFO:
	 stdout 2022-10-07T18:53:18.796372:Found 99 DICOM file(s)
221007-18:53:18,796 nipype.interface INFO:
	 stdout 2022-10-07T18:53:18.796372:Warning: Slice timing appears corrupted (range 0..5360, TR=2000 ms)
221007-18:53:18,796 nipype.interface INFO:
	 stdout 2022-10-07T18:53:18.796372:Convert 99 DICOM as /out/sub-voice949/ses-1/func/sub-voice949_ses-1_task-facematch_run-2_bold_heudiconv807 (108x108x65x99)
221007-18:53:28,695 nipype.interface INFO:
	 stdout 2022-10-07T18:53:28.695321:Compress: "/usr/bin/pigz" -b 960 -n -f -6 "/out/sub-voice949/ses-1/func/sub-voice949_ses-1_task-facematch_run-2_bold_heudiconv807.nii"
221007-18:53:28,707 nipype.interface INFO:
	 stdout 2022-10-07T18:53:28.695321:Conversion required 10.689369 seconds (0.445252 for core code).
221007-18:53:28,750 nipype.workflow INFO:
	 [Node] Finished "convert", elapsed time 10.778853s.
221007-18:53:29,21 nipype.workflow INFO:
	 [Node] Setting-up "convert" in "/tmp/dcm2niixfsdqe2j1/convert".
221007-18:53:29,54 nipype.workflow INFO:
	 [Node] Executing "convert" <nipype.interfaces.dcm2nii.Dcm2niix>
221007-18:53:29,507 nipype.interface INFO:
	 stdout 2022-10-07T18:53:29.506890:Chris Rorden's dcm2niiX version v1.0.20211006  GCC10.2.1 x86-64 (64-bit Linux)
221007-18:53:29,507 nipype.interface INFO:
	 stdout 2022-10-07T18:53:29.506890:Found 48 DICOM file(s)
221007-18:53:29,507 nipype.interface INFO:
	 stdout 2022-10-07T18:53:29.506890:Warning: Slice timing appears corrupted (range 0..5357.5, TR=4000 ms)
221007-18:53:29,507 nipype.interface INFO:
	 stdout 2022-10-07T18:53:29.506890:Convert 48 DICOM as /out/sub-voice949/ses-1/func/sub-voice949_ses-1_task-emosent_run-1_bold_heudiconv469 (108x108x65x48)
221007-18:53:34,598 nipype.interface INFO:
	 stdout 2022-10-07T18:53:34.598527:Compress: "/usr/bin/pigz" -b 960 -n -f -6 "/out/sub-voice949/ses-1/func/sub-voice949_ses-1_task-emosent_run-1_bold_heudiconv469.nii"
221007-18:53:34,598 nipype.interface INFO:
	 stdout 2022-10-07T18:53:34.598527:Conversion required 5.509304 seconds (0.231889 for core code).
221007-18:53:34,641 nipype.workflow INFO:
	 [Node] Finished "convert", elapsed time 5.586165s.
221007-18:53:34,935 nipype.workflow INFO:
	 [Node] Setting-up "convert" in "/tmp/dcm2niixy6ajoijj/convert".
221007-18:53:34,956 nipype.workflow INFO:
	 [Node] Executing "convert" <nipype.interfaces.dcm2nii.Dcm2niix>
221007-18:53:35,384 nipype.interface INFO:
	 stdout 2022-10-07T18:53:35.384567:Chris Rorden's dcm2niiX version v1.0.20211006  GCC10.2.1 x86-64 (64-bit Linux)
221007-18:53:35,385 nipype.interface INFO:
	 stdout 2022-10-07T18:53:35.384567:Found 48 DICOM file(s)
221007-18:53:35,385 nipype.interface INFO:
	 stdout 2022-10-07T18:53:35.384567:Warning: Slice timing appears corrupted (range 0..5357.5, TR=4000 ms)
221007-18:53:35,385 nipype.interface INFO:
	 stdout 2022-10-07T18:53:35.384567:Convert 48 DICOM as /out/sub-voice949/ses-1/func/sub-voice949_ses-1_task-emosent_run-2_bold_heudiconv218 (108x108x65x48)
221007-18:53:40,379 nipype.interface INFO:
	 stdout 2022-10-07T18:53:40.379338:Compress: "/usr/bin/pigz" -b 960 -n -f -6 "/out/sub-voice949/ses-1/func/sub-voice949_ses-1_task-emosent_run-2_bold_heudiconv218.nii"
221007-18:53:40,379 nipype.interface INFO:
	 stdout 2022-10-07T18:53:40.379338:Conversion required 5.390220 seconds (0.202335 for core code).
221007-18:53:40,424 nipype.workflow INFO:
	 [Node] Finished "convert", elapsed time 5.46743s.
221007-18:53:40,766 nipype.workflow INFO:
	 [Node] Setting-up "convert" in "/tmp/dcm2niixqorjwv95/convert".
221007-18:53:40,792 nipype.workflow INFO:
	 [Node] Executing "convert" <nipype.interfaces.dcm2nii.Dcm2niix>
221007-18:53:41,266 nipype.interface INFO:
	 stdout 2022-10-07T18:53:41.266321:Chris Rorden's dcm2niiX version v1.0.20211006  GCC10.2.1 x86-64 (64-bit Linux)
221007-18:53:41,266 nipype.interface INFO:
	 stdout 2022-10-07T18:53:41.266321:Found 60 DICOM file(s)
221007-18:53:41,266 nipype.interface INFO:
	 stdout 2022-10-07T18:53:41.266321:Warning: Slice timing appears corrupted (range 0..5360, TR=4000 ms)
221007-18:53:41,266 nipype.interface INFO:
	 stdout 2022-10-07T18:53:41.266321:Convert 60 DICOM as /out/sub-voice949/ses-1/func/sub-voice949_ses-1_task-vowel_run-1_bold_heudiconv989 (108x108x65x60)
221007-18:53:47,508 nipype.interface INFO:
	 stdout 2022-10-07T18:53:47.508333:Compress: "/usr/bin/pigz" -b 960 -n -f -6 "/out/sub-voice949/ses-1/func/sub-voice949_ses-1_task-vowel_run-1_bold_heudiconv989.nii"
221007-18:53:47,508 nipype.interface INFO:
	 stdout 2022-10-07T18:53:47.508333:Conversion required 6.691440 seconds (0.263489 for core code).
221007-18:53:47,544 nipype.workflow INFO:
	 [Node] Finished "convert", elapsed time 6.751055s.
221007-18:53:47,747 nipype.workflow INFO:
	 [Node] Setting-up "convert" in "/tmp/dcm2niix5yp3hoio/convert".
221007-18:53:47,779 nipype.workflow INFO:
	 [Node] Executing "convert" <nipype.interfaces.dcm2nii.Dcm2niix>
221007-18:53:48,252 nipype.interface INFO:
	 stdout 2022-10-07T18:53:48.252300:Chris Rorden's dcm2niiX version v1.0.20211006  GCC10.2.1 x86-64 (64-bit Linux)
221007-18:53:48,252 nipype.interface INFO:
	 stdout 2022-10-07T18:53:48.252300:Found 60 DICOM file(s)
221007-18:53:48,252 nipype.interface INFO:
	 stdout 2022-10-07T18:53:48.252300:Warning: Slice timing appears corrupted (range 0..5360, TR=4000 ms)
221007-18:53:48,252 nipype.interface INFO:
	 stdout 2022-10-07T18:53:48.252300:Convert 60 DICOM as /out/sub-voice949/ses-1/func/sub-voice949_ses-1_task-vowel_run-2_bold_heudiconv067 (108x108x65x60)
221007-18:53:54,539 nipype.interface INFO:
	 stdout 2022-10-07T18:53:54.539794:Compress: "/usr/bin/pigz" -b 960 -n -f -6 "/out/sub-voice949/ses-1/func/sub-voice949_ses-1_task-vowel_run-2_bold_heudiconv067.nii"
221007-18:53:54,540 nipype.interface INFO:
	 stdout 2022-10-07T18:53:54.539794:Conversion required 6.735165 seconds (0.260569 for core code).
221007-18:53:54,581 nipype.workflow INFO:
	 [Node] Finished "convert", elapsed time 6.800751s.
221007-18:53:54,798 nipype.workflow INFO:
	 [Node] Setting-up "convert" in "/tmp/dcm2niixu98f_7wq/convert".
221007-18:53:54,839 nipype.workflow INFO:
	 [Node] Executing "convert" <nipype.interfaces.dcm2nii.Dcm2niix>
221007-18:53:55,785 nipype.interface INFO:
	 stdout 2022-10-07T18:53:55.785584:Chris Rorden's dcm2niiX version v1.0.20211006  GCC10.2.1 x86-64 (64-bit Linux)
221007-18:53:55,786 nipype.interface INFO:
	 stdout 2022-10-07T18:53:55.785584:Found 101 DICOM file(s)
221007-18:53:55,786 nipype.interface INFO:
	 stdout 2022-10-07T18:53:55.785584:Warning: Slice timing appears corrupted (range 0..5357.5, TR=2000 ms)
221007-18:53:55,786 nipype.interface INFO:
	 stdout 2022-10-07T18:53:55.785584:Convert 101 DICOM as /out/sub-voice949/ses-1/func/sub-voice949_ses-1_task-pitchnw_run-1_bold_heudiconv845 (108x108x65x101)
221007-18:54:06,424 nipype.interface INFO:
	 stdout 2022-10-07T18:54:06.423984:Compress: "/usr/bin/pigz" -b 960 -n -f -6 "/out/sub-voice949/ses-1/func/sub-voice949_ses-1_task-pitchnw_run-1_bold_heudiconv845.nii"
221007-18:54:06,425 nipype.interface INFO:
	 stdout 2022-10-07T18:54:06.423984:Conversion required 11.555717 seconds (0.543965 for core code).
221007-18:54:06,462 nipype.workflow INFO:
	 [Node] Finished "convert", elapsed time 11.622075s.
221007-18:54:06,679 nipype.workflow INFO:
	 [Node] Setting-up "convert" in "/tmp/dcm2niixpsskx08f/convert".
221007-18:54:06,719 nipype.workflow INFO:
	 [Node] Executing "convert" <nipype.interfaces.dcm2nii.Dcm2niix>
221007-18:54:07,560 nipype.interface INFO:
	 stdout 2022-10-07T18:54:07.559936:Chris Rorden's dcm2niiX version v1.0.20211006  GCC10.2.1 x86-64 (64-bit Linux)
221007-18:54:07,560 nipype.interface INFO:
	 stdout 2022-10-07T18:54:07.559936:Found 101 DICOM file(s)
221007-18:54:07,560 nipype.interface INFO:
	 stdout 2022-10-07T18:54:07.559936:Warning: Slice timing appears corrupted (range 0..5360, TR=2000 ms)
221007-18:54:07,560 nipype.interface INFO:
	 stdout 2022-10-07T18:54:07.559936:Convert 101 DICOM as /out/sub-voice949/ses-1/func/sub-voice949_ses-1_task-pitchnw_run-2_bold_heudiconv166 (108x108x65x101)
221007-18:54:18,228 nipype.interface INFO:
	 stdout 2022-10-07T18:54:18.228068:Compress: "/usr/bin/pigz" -b 960 -n -f -6 "/out/sub-voice949/ses-1/func/sub-voice949_ses-1_task-pitchnw_run-2_bold_heudiconv166.nii"
221007-18:54:18,229 nipype.interface INFO:
	 stdout 2022-10-07T18:54:18.228068:Conversion required 11.484461 seconds (0.482096 for core code).
221007-18:54:18,267 nipype.workflow INFO:
	 [Node] Finished "convert", elapsed time 11.546942s.
221007-18:54:18,494 nipype.workflow INFO:
	 [Node] Setting-up "convert" in "/tmp/dcm2niixv8egsil4/convert".
221007-18:54:18,550 nipype.workflow INFO:
	 [Node] Executing "convert" <nipype.interfaces.dcm2nii.Dcm2niix>
221007-18:54:19,628 nipype.interface INFO:
	 stdout 2022-10-07T18:54:19.628249:Chris Rorden's dcm2niiX version v1.0.20211006  GCC10.2.1 x86-64 (64-bit Linux)
221007-18:54:19,628 nipype.interface INFO:
	 stdout 2022-10-07T18:54:19.628249:Found 138 DICOM file(s)
221007-18:54:19,628 nipype.interface INFO:
	 stdout 2022-10-07T18:54:19.628249:Warning: Slice timing appears corrupted (range 0..5360, TR=1090 ms)
221007-18:54:19,628 nipype.interface INFO:
	 stdout 2022-10-07T18:54:19.628249:Convert 138 DICOM as /out/sub-voice949/ses-1/func/sub-voice949_ses-1_task-movie_run-1_bold_heudiconv110 (108x108x65x138)
221007-18:54:33,980 nipype.interface INFO:
	 stdout 2022-10-07T18:54:33.980907:Compress: "/usr/bin/pigz" -b 960 -n -f -6 "/out/sub-voice949/ses-1/func/sub-voice949_ses-1_task-movie_run-1_bold_heudiconv110.nii"
221007-18:54:33,982 nipype.interface INFO:
	 stdout 2022-10-07T18:54:33.980907:Conversion required 15.411291 seconds (0.629330 for core code).
221007-18:54:34,24 nipype.workflow INFO:
	 [Node] Finished "convert", elapsed time 15.472497s.
