INFO: Running heudiconv version 0.11.3+d20220512 latest 0.11.4
INFO: Need to process 1 study sessions
INFO: PROCESSING STARTS: {'subject': 'voice857', 'outdir': '/out/', 'session': '1'}
INFO: Processing 5068 dicoms
INFO: Analyzing 5068 dicoms
INFO: Generated sequence info for 50 accession numbers with 5068 entries total
INFO: Doing conversion using dcm2niix
INFO: Converting /out/sub-voice857/ses-1/func/sub-voice857_ses-1_task-rest_run-1_bold (297 DICOMs) -> /out/sub-voice857/ses-1/func . Converter: dcm2niix . Output types: ('nii.gz',)
WARNING: A newer version (1.8.4) of nipy/nipype is available. You are using 1.8.0
INFO: [Node] Setting-up "convert" in "/tmp/dcm2niixiajxbu3n/convert".
INFO: [Node] Executing "convert" <nipype.interfaces.dcm2nii.Dcm2niix>
INFO: stdout 2022-10-07T18:38:31.924035:Chris Rorden's dcm2niiX version v1.0.20211006  GCC10.2.1 x86-64 (64-bit Linux)
INFO: stdout 2022-10-07T18:38:31.924035:Found 297 DICOM file(s)
INFO: stdout 2022-10-07T18:38:31.924035:Warning: Slice timing appears corrupted (range 0..5357.5, TR=1090 ms)
INFO: stdout 2022-10-07T18:38:31.924035:Convert 297 DICOM as /out/sub-voice857/ses-1/func/sub-voice857_ses-1_task-rest_run-1_bold_heudiconv553 (108x108x65x297)
INFO: stdout 2022-10-07T18:39:07.569471:Compress: "/usr/bin/pigz" -b 960 -n -f -6 "/out/sub-voice857/ses-1/func/sub-voice857_ses-1_task-rest_run-1_bold_heudiconv553.nii"
INFO: stdout 2022-10-07T18:39:07.569471:Conversion required 40.684509 seconds (4.245136 for core code).
INFO: [Node] Finished "convert", elapsed time 41.574383s.
INFO: Post-treating /out/sub-voice857/ses-1/func/sub-voice857_ses-1_task-rest_run-1_bold.json file
INFO: Converting /out/sub-voice857/ses-1/fmap/sub-voice857_ses-1_acq-func_dir-PA_run-1_epi (260 DICOMs) -> /out/sub-voice857/ses-1/fmap . Converter: dcm2niix . Output types: ('nii.gz',)
INFO: [Node] Setting-up "convert" in "/tmp/dcm2niixakgi_hzc/convert".
INFO: [Node] Executing "convert" <nipype.interfaces.dcm2nii.Dcm2niix>
INFO: stdout 2022-10-07T18:39:27.197373:Chris Rorden's dcm2niiX version v1.0.20211006  GCC10.2.1 x86-64 (64-bit Linux)
INFO: stdout 2022-10-07T18:39:27.197373:Found 260 DICOM file(s)
INFO: stdout 2022-10-07T18:39:27.197373:Convert 260 DICOM as /out/sub-voice857/ses-1/fmap/sub-voice857_ses-1_acq-func_dir-PA_run-1_epi_heudiconv520 (108x108x65x4)
INFO: stdout 2022-10-07T18:39:27.961803:Compress: "/usr/bin/pigz" -b 960 -n -f -6 "/out/sub-voice857/ses-1/fmap/sub-voice857_ses-1_acq-func_dir-PA_run-1_epi_heudiconv520.nii"
INFO: stdout 2022-10-07T18:39:27.961803:Conversion required 9.670010 seconds (2.740824 for core code).
INFO: [Node] Finished "convert", elapsed time 10.568867000000001s.
WARNING: Failed to find task field in /out/sub-voice857/ses-1/fmap/sub-voice857_ses-1_acq-func_dir-PA_run-1_epi.json.
INFO: Post-treating /out/sub-voice857/ses-1/fmap/sub-voice857_ses-1_acq-func_dir-PA_run-1_epi.json file
INFO: Converting /out/sub-voice857/ses-1/fmap/sub-voice857_ses-1_acq-func_dir-AP_run-2_epi (260 DICOMs) -> /out/sub-voice857/ses-1/fmap . Converter: dcm2niix . Output types: ('nii.gz',)
INFO: [Node] Setting-up "convert" in "/tmp/dcm2niix2willzny/convert".
INFO: [Node] Executing "convert" <nipype.interfaces.dcm2nii.Dcm2niix>
INFO: stdout 2022-10-07T18:39:45.038348:Chris Rorden's dcm2niiX version v1.0.20211006  GCC10.2.1 x86-64 (64-bit Linux)
INFO: stdout 2022-10-07T18:39:45.038348:Found 260 DICOM file(s)
INFO: stdout 2022-10-07T18:39:45.038348:Convert 260 DICOM as /out/sub-voice857/ses-1/fmap/sub-voice857_ses-1_acq-func_dir-AP_run-2_epi_heudiconv043 (108x108x65x4)
INFO: stdout 2022-10-07T18:39:46.658145:Compress: "/usr/bin/pigz" -b 960 -n -f -6 "/out/sub-voice857/ses-1/fmap/sub-voice857_ses-1_acq-func_dir-AP_run-2_epi_heudiconv043.nii"
INFO: stdout 2022-10-07T18:39:46.658145:Conversion required 7.875020 seconds (4.057172 for core code).
INFO: [Node] Finished "convert", elapsed time 10.291133s.
WARNING: Failed to find task field in /out/sub-voice857/ses-1/fmap/sub-voice857_ses-1_acq-func_dir-AP_run-2_epi.json.
INFO: Post-treating /out/sub-voice857/ses-1/fmap/sub-voice857_ses-1_acq-func_dir-AP_run-2_epi.json file
INFO: Converting /out/sub-voice857/ses-1/dwi/sub-voice857_ses-1_acq-PA_dwi (72 DICOMs) -> /out/sub-voice857/ses-1/dwi . Converter: dcm2niix . Output types: ('nii.gz',)
INFO: [Node] Setting-up "convert" in "/tmp/dcm2niixto61z27o/convert".
INFO: [Node] Executing "convert" <nipype.interfaces.dcm2nii.Dcm2niix>
INFO: stdout 2022-10-07T18:39:51.476017:Chris Rorden's dcm2niiX version v1.0.20211006  GCC10.2.1 x86-64 (64-bit Linux)
INFO: stdout 2022-10-07T18:39:51.476017:Found 72 DICOM file(s)
INFO: stdout 2022-10-07T18:39:51.476017:Warning: Slice timing appears corrupted (range 0..8.63999e+07, TR=4400 ms)
INFO: stdout 2022-10-07T18:39:51.476017:Convert 72 DICOM as /out/sub-voice857/ses-1/dwi/sub-voice857_ses-1_acq-PA_dwi_heudiconv354 (120x120x66x72)
INFO: stdout 2022-10-07T18:40:01.548452:Compress: "/usr/bin/pigz" -b 960 -n -f -6 "/out/sub-voice857/ses-1/dwi/sub-voice857_ses-1_acq-PA_dwi_heudiconv354.nii"
INFO: stdout 2022-10-07T18:40:01.548452:Conversion required 13.360088 seconds (1.095886 for core code).
INFO: [Node] Finished "convert", elapsed time 13.650335s.
WARNING: Failed to find task field in /out/sub-voice857/ses-1/dwi/sub-voice857_ses-1_acq-PA_dwi.json.
INFO: Post-treating /out/sub-voice857/ses-1/dwi/sub-voice857_ses-1_acq-PA_dwi.json file
INFO: Converting /out/sub-voice857/ses-1/dwi/sub-voice857_ses-1_acq-AP_dwi (7 DICOMs) -> /out/sub-voice857/ses-1/dwi . Converter: dcm2niix . Output types: ('nii.gz',)
INFO: [Node] Setting-up "convert" in "/tmp/dcm2niix509gthgq/convert".
INFO: [Node] Executing "convert" <nipype.interfaces.dcm2nii.Dcm2niix>
INFO: stdout 2022-10-07T18:40:05.982093:Chris Rorden's dcm2niiX version v1.0.20211006  GCC10.2.1 x86-64 (64-bit Linux)
INFO: stdout 2022-10-07T18:40:05.982093:Found 7 DICOM file(s)
INFO: stdout 2022-10-07T18:40:05.982093:Warning: Slice timing appears corrupted (range 0..8.63999e+07, TR=4400 ms)
INFO: stdout 2022-10-07T18:40:05.982093:Convert 7 DICOM as /out/sub-voice857/ses-1/dwi/sub-voice857_ses-1_acq-AP_dwi_heudiconv141 (120x120x66x7)
INFO: stdout 2022-10-07T18:40:08.006187:Compress: "/usr/bin/pigz" -b 960 -n -f -6 "/out/sub-voice857/ses-1/dwi/sub-voice857_ses-1_acq-AP_dwi_heudiconv141.nii"
INFO: stdout 2022-10-07T18:40:08.006187:Conversion required 3.429548 seconds (0.395806 for core code).
INFO: [Node] Finished "convert", elapsed time 4.022637s.
WARNING: Failed to find task field in /out/sub-voice857/ses-1/dwi/sub-voice857_ses-1_acq-AP_dwi.json.
INFO: Post-treating /out/sub-voice857/ses-1/dwi/sub-voice857_ses-1_acq-AP_dwi.json file
INFO: Converting /out/sub-voice857/ses-1/anat/sub-voice857_ses-1_run-1_T1w (176 DICOMs) -> /out/sub-voice857/ses-1/anat . Converter: dcm2niix . Output types: ('nii.gz',)
INFO: [Node] Setting-up "convert" in "/tmp/dcm2niix1aw1xqex/convert".
INFO: [Node] Executing "convert" <nipype.interfaces.dcm2nii.Dcm2niix>
INFO: stdout 2022-10-07T18:40:12.750164:Chris Rorden's dcm2niiX version v1.0.20211006  GCC10.2.1 x86-64 (64-bit Linux)
INFO: stdout 2022-10-07T18:40:12.750164:Found 176 DICOM file(s)
INFO: stdout 2022-10-07T18:40:12.750164:Convert 176 DICOM as /out/sub-voice857/ses-1/anat/sub-voice857_ses-1_run-1_T1w_heudiconv603 (256x256x176x1)
INFO: stdout 2022-10-07T18:40:17.859172:Compress: "/usr/bin/pigz" -b 960 -n -f -6 "/out/sub-voice857/ses-1/anat/sub-voice857_ses-1_run-1_T1w_heudiconv603.nii"
INFO: stdout 2022-10-07T18:40:17.859172:Conversion required 8.038298 seconds (1.967029 for core code).
INFO: [Node] Finished "convert", elapsed time 8.676964s.
WARNING: Failed to find task field in /out/sub-voice857/ses-1/anat/sub-voice857_ses-1_run-1_T1w.json.
INFO: Post-treating /out/sub-voice857/ses-1/anat/sub-voice857_ses-1_run-1_T1w.json file
INFO: Converting /out/sub-voice857/ses-1/anat/sub-voice857_ses-1_T2w (176 DICOMs) -> /out/sub-voice857/ses-1/anat . Converter: dcm2niix . Output types: ('nii.gz',)
INFO: [Node] Setting-up "convert" in "/tmp/dcm2niixgl13ovep/convert".
INFO: [Node] Executing "convert" <nipype.interfaces.dcm2nii.Dcm2niix>
INFO: stdout 2022-10-07T18:40:23.457445:Chris Rorden's dcm2niiX version v1.0.20211006  GCC10.2.1 x86-64 (64-bit Linux)
INFO: stdout 2022-10-07T18:40:23.457445:Found 176 DICOM file(s)
INFO: stdout 2022-10-07T18:40:23.457445:Convert 176 DICOM as /out/sub-voice857/ses-1/anat/sub-voice857_ses-1_T2w_heudiconv534 (256x256x176x1)
INFO: stdout 2022-10-07T18:40:25.781844:Compress: "/usr/bin/pigz" -b 960 -n -f -6 "/out/sub-voice857/ses-1/anat/sub-voice857_ses-1_T2w_heudiconv534.nii"
INFO: stdout 2022-10-07T18:40:25.781844:Conversion required 5.842928 seconds (3.346737 for core code).
INFO: [Node] Finished "convert", elapsed time 6.371137s.
WARNING: Failed to find task field in /out/sub-voice857/ses-1/anat/sub-voice857_ses-1_T2w.json.
INFO: Post-treating /out/sub-voice857/ses-1/anat/sub-voice857_ses-1_T2w.json file
INFO: Converting /out/sub-voice857/ses-1/func/sub-voice857_ses-1_task-pataka_run-1_bold (207 DICOMs) -> /out/sub-voice857/ses-1/func . Converter: dcm2niix . Output types: ('nii.gz',)
INFO: [Node] Setting-up "convert" in "/tmp/dcm2niix_ylidkqq/convert".
INFO: [Node] Executing "convert" <nipype.interfaces.dcm2nii.Dcm2niix>
INFO: stdout 2022-10-07T18:40:35.680536:Chris Rorden's dcm2niiX version v1.0.20211006  GCC10.2.1 x86-64 (64-bit Linux)
INFO: stdout 2022-10-07T18:40:35.680536:Found 207 DICOM file(s)
INFO: stdout 2022-10-07T18:40:35.680536:Warning: Slice timing appears corrupted (range 0..3135, TR=1640 ms)
INFO: stdout 2022-10-07T18:40:35.680536:Convert 207 DICOM as /out/sub-voice857/ses-1/func/sub-voice857_ses-1_task-pataka_run-1_bold_heudiconv980 (72x72x45x207)
INFO: stdout 2022-10-07T18:40:44.464383:Compress: "/usr/bin/pigz" -b 960 -n -f -6 "/out/sub-voice857/ses-1/func/sub-voice857_ses-1_task-pataka_run-1_bold_heudiconv980.nii"
INFO: stdout 2022-10-07T18:40:44.464383:Conversion required 14.461346 seconds (5.014698 for core code).
INFO: [Node] Finished "convert", elapsed time 18.285595s.
INFO: Post-treating /out/sub-voice857/ses-1/func/sub-voice857_ses-1_task-pataka_run-1_bold.json file
INFO: Converting /out/sub-voice857/ses-1/func/sub-voice857_ses-1_task-pitchsent_run-1_bold (64 DICOMs) -> /out/sub-voice857/ses-1/func . Converter: dcm2niix . Output types: ('nii.gz',)
INFO: [Node] Setting-up "convert" in "/tmp/dcm2niixu7ztynf7/convert".
INFO: [Node] Executing "convert" <nipype.interfaces.dcm2nii.Dcm2niix>
INFO: stdout 2022-10-07T18:40:50.607306:Chris Rorden's dcm2niiX version v1.0.20211006  GCC10.2.1 x86-64 (64-bit Linux)
INFO: stdout 2022-10-07T18:40:50.607306:Found 64 DICOM file(s)
INFO: stdout 2022-10-07T18:40:50.607306:Warning: Slice timing appears corrupted (range 0..5360, TR=4000 ms)
INFO: stdout 2022-10-07T18:40:50.607306:Convert 64 DICOM as /out/sub-voice857/ses-1/func/sub-voice857_ses-1_task-pitchsent_run-1_bold_heudiconv408 (108x108x65x64)
INFO: stdout 2022-10-07T18:41:00.600282:Compress: "/usr/bin/pigz" -b 960 -n -f -6 "/out/sub-voice857/ses-1/func/sub-voice857_ses-1_task-pitchsent_run-1_bold_heudiconv408.nii"
INFO: stdout 2022-10-07T18:41:00.600282:Conversion required 11.755290 seconds (0.760310 for core code).
INFO: [Node] Finished "convert", elapsed time 14.29939s.
INFO: Post-treating /out/sub-voice857/ses-1/func/sub-voice857_ses-1_task-pitchsent_run-1_bold.json file
INFO: Converting /out/sub-voice857/ses-1/func/sub-voice857_ses-1_task-pitchsent_run-2_bold (64 DICOMs) -> /out/sub-voice857/ses-1/func . Converter: dcm2niix . Output types: ('nii.gz',)
INFO: [Node] Setting-up "convert" in "/tmp/dcm2niixul7002xm/convert".
INFO: [Node] Executing "convert" <nipype.interfaces.dcm2nii.Dcm2niix>
INFO: stdout 2022-10-07T18:41:08.814525:Chris Rorden's dcm2niiX version v1.0.20211006  GCC10.2.1 x86-64 (64-bit Linux)
INFO: stdout 2022-10-07T18:41:08.814525:Found 64 DICOM file(s)
INFO: stdout 2022-10-07T18:41:08.814525:Warning: Slice timing appears corrupted (range 0..5360, TR=4000 ms)
INFO: stdout 2022-10-07T18:41:08.814525:Convert 64 DICOM as /out/sub-voice857/ses-1/func/sub-voice857_ses-1_task-pitchsent_run-2_bold_heudiconv876 (108x108x65x64)
INFO: stdout 2022-10-07T18:41:18.175702:Compress: "/usr/bin/pigz" -b 960 -n -f -6 "/out/sub-voice857/ses-1/func/sub-voice857_ses-1_task-pitchsent_run-2_bold_heudiconv876.nii"
INFO: stdout 2022-10-07T18:41:18.175702:Conversion required 13.220714 seconds (3.371175 for core code).
INFO: [Node] Finished "convert", elapsed time 15.444385s.
INFO: Post-treating /out/sub-voice857/ses-1/func/sub-voice857_ses-1_task-pitchsent_run-2_bold.json file
INFO: Converting /out/sub-voice857/ses-1/func/sub-voice857_ses-1_task-nwr_run-1_bold (42 DICOMs) -> /out/sub-voice857/ses-1/func . Converter: dcm2niix . Output types: ('nii.gz',)
INFO: [Node] Setting-up "convert" in "/tmp/dcm2niix2reb_2m4/convert".
INFO: [Node] Executing "convert" <nipype.interfaces.dcm2nii.Dcm2niix>
INFO: stdout 2022-10-07T18:41:25.668332:Chris Rorden's dcm2niiX version v1.0.20211006  GCC10.2.1 x86-64 (64-bit Linux)
INFO: stdout 2022-10-07T18:41:25.668332:Found 42 DICOM file(s)
INFO: stdout 2022-10-07T18:41:25.668332:Warning: Slice timing appears corrupted (range 0..5360, TR=4000 ms)
INFO: stdout 2022-10-07T18:41:25.668332:Convert 42 DICOM as /out/sub-voice857/ses-1/func/sub-voice857_ses-1_task-nwr_run-1_bold_heudiconv736 (108x108x65x42)
INFO: stdout 2022-10-07T18:41:33.256607:Compress: "/usr/bin/pigz" -b 960 -n -f -6 "/out/sub-voice857/ses-1/func/sub-voice857_ses-1_task-nwr_run-1_bold_heudiconv736.nii"
INFO: stdout 2022-10-07T18:41:33.256607:Conversion required 9.030124 seconds (0.558947 for core code).
INFO: [Node] Finished "convert", elapsed time 10.110858s.
INFO: Post-treating /out/sub-voice857/ses-1/func/sub-voice857_ses-1_task-nwr_run-1_bold.json file
INFO: Converting /out/sub-voice857/ses-1/func/sub-voice857_ses-1_task-nwr_run-2_bold (42 DICOMs) -> /out/sub-voice857/ses-1/func . Converter: dcm2niix . Output types: ('nii.gz',)
INFO: [Node] Setting-up "convert" in "/tmp/dcm2niix8k5lqcld/convert".
INFO: [Node] Executing "convert" <nipype.interfaces.dcm2nii.Dcm2niix>
INFO: stdout 2022-10-07T18:41:42.688829:Chris Rorden's dcm2niiX version v1.0.20211006  GCC10.2.1 x86-64 (64-bit Linux)
INFO: stdout 2022-10-07T18:41:42.688829:Found 42 DICOM file(s)
INFO: stdout 2022-10-07T18:41:42.688829:Warning: Slice timing appears corrupted (range 0..5357.5, TR=4000 ms)
INFO: stdout 2022-10-07T18:41:42.688829:Convert 42 DICOM as /out/sub-voice857/ses-1/func/sub-voice857_ses-1_task-nwr_run-2_bold_heudiconv066 (108x108x65x42)
INFO: stdout 2022-10-07T18:41:49.453752:Compress: "/usr/bin/pigz" -b 960 -n -f -6 "/out/sub-voice857/ses-1/func/sub-voice857_ses-1_task-nwr_run-2_bold_heudiconv066.nii"
INFO: stdout 2022-10-07T18:41:49.453752:Conversion required 8.881311 seconds (1.819848 for core code).
INFO: [Node] Finished "convert", elapsed time 10.372587s.
INFO: Post-treating /out/sub-voice857/ses-1/func/sub-voice857_ses-1_task-nwr_run-2_bold.json file
INFO: Converting /out/sub-voice857/ses-1/func/sub-voice857_ses-1_task-nwr_run-3_bold (42 DICOMs) -> /out/sub-voice857/ses-1/func . Converter: dcm2niix . Output types: ('nii.gz',)
INFO: [Node] Setting-up "convert" in "/tmp/dcm2niixon_vct51/convert".
INFO: [Node] Executing "convert" <nipype.interfaces.dcm2nii.Dcm2niix>
INFO: stdout 2022-10-07T18:42:00.885252:Chris Rorden's dcm2niiX version v1.0.20211006  GCC10.2.1 x86-64 (64-bit Linux)
INFO: stdout 2022-10-07T18:42:00.885252:Found 42 DICOM file(s)
INFO: stdout 2022-10-07T18:42:00.885252:Warning: Slice timing appears corrupted (range 0..5357.5, TR=4000 ms)
INFO: stdout 2022-10-07T18:42:00.885252:Convert 42 DICOM as /out/sub-voice857/ses-1/func/sub-voice857_ses-1_task-nwr_run-3_bold_heudiconv896 (108x108x65x42)
INFO: stdout 2022-10-07T18:42:06.040327:Compress: "/usr/bin/pigz" -b 960 -n -f -6 "/out/sub-voice857/ses-1/func/sub-voice857_ses-1_task-nwr_run-3_bold_heudiconv896.nii"
INFO: stdout 2022-10-07T18:42:06.040327:Conversion required 7.292123 seconds (1.531779 for core code).
INFO: [Node] Finished "convert", elapsed time 12.949582s.
INFO: Post-treating /out/sub-voice857/ses-1/func/sub-voice857_ses-1_task-nwr_run-3_bold.json file
INFO: Converting /out/sub-voice857/ses-1/func/sub-voice857_ses-1_task-facematch_run-1_bold (99 DICOMs) -> /out/sub-voice857/ses-1/func . Converter: dcm2niix . Output types: ('nii.gz',)
INFO: [Node] Setting-up "convert" in "/tmp/dcm2niix_2j_pot0/convert".
INFO: [Node] Executing "convert" <nipype.interfaces.dcm2nii.Dcm2niix>
INFO: stdout 2022-10-07T18:42:25.711571:Chris Rorden's dcm2niiX version v1.0.20211006  GCC10.2.1 x86-64 (64-bit Linux)
INFO: stdout 2022-10-07T18:42:25.711571:Found 99 DICOM file(s)
INFO: stdout 2022-10-07T18:42:25.711571:Warning: Slice timing appears corrupted (range 0..5360, TR=2000 ms)
INFO: stdout 2022-10-07T18:42:25.711571:Convert 99 DICOM as /out/sub-voice857/ses-1/func/sub-voice857_ses-1_task-facematch_run-1_bold_heudiconv950 (108x108x65x99)
INFO: stdout 2022-10-07T18:42:37.355567:Compress: "/usr/bin/pigz" -b 960 -n -f -6 "/out/sub-voice857/ses-1/func/sub-voice857_ses-1_task-facematch_run-1_bold_heudiconv950.nii"
INFO: stdout 2022-10-07T18:42:37.355567:Conversion required 16.283412 seconds (3.427925 for core code).
INFO: [Node] Finished "convert", elapsed time 18.040524s.
INFO: Post-treating /out/sub-voice857/ses-1/func/sub-voice857_ses-1_task-facematch_run-1_bold.json file
INFO: Converting /out/sub-voice857/ses-1/func/sub-voice857_ses-1_task-facematch_run-2_bold (99 DICOMs) -> /out/sub-voice857/ses-1/func . Converter: dcm2niix . Output types: ('nii.gz',)
INFO: [Node] Setting-up "convert" in "/tmp/dcm2niixrmq2miwp/convert".
INFO: [Node] Executing "convert" <nipype.interfaces.dcm2nii.Dcm2niix>
INFO: stdout 2022-10-07T18:42:47.685409:Chris Rorden's dcm2niiX version v1.0.20211006  GCC10.2.1 x86-64 (64-bit Linux)
INFO: stdout 2022-10-07T18:42:47.685409:Found 99 DICOM file(s)
INFO: stdout 2022-10-07T18:42:47.685409:Warning: Slice timing appears corrupted (range 0..5360, TR=2000 ms)
INFO: stdout 2022-10-07T18:42:47.685409:Convert 99 DICOM as /out/sub-voice857/ses-1/func/sub-voice857_ses-1_task-facematch_run-2_bold_heudiconv610 (108x108x65x99)
INFO: stdout 2022-10-07T18:42:59.860548:Compress: "/usr/bin/pigz" -b 960 -n -f -6 "/out/sub-voice857/ses-1/func/sub-voice857_ses-1_task-facematch_run-2_bold_heudiconv610.nii"
INFO: stdout 2022-10-07T18:42:59.860548:Conversion required 14.212872 seconds (1.730076 for core code).
INFO: [Node] Finished "convert", elapsed time 20.038486s.
INFO: Post-treating /out/sub-voice857/ses-1/func/sub-voice857_ses-1_task-facematch_run-2_bold.json file
INFO: Converting /out/sub-voice857/ses-1/func/sub-voice857_ses-1_task-emosent_run-1_bold (48 DICOMs) -> /out/sub-voice857/ses-1/func . Converter: dcm2niix . Output types: ('nii.gz',)
INFO: [Node] Setting-up "convert" in "/tmp/dcm2niixwy7cjfc1/convert".
INFO: [Node] Executing "convert" <nipype.interfaces.dcm2nii.Dcm2niix>
INFO: stdout 2022-10-07T18:43:12.888665:Chris Rorden's dcm2niiX version v1.0.20211006  GCC10.2.1 x86-64 (64-bit Linux)
INFO: stdout 2022-10-07T18:43:12.888665:Found 48 DICOM file(s)
INFO: stdout 2022-10-07T18:43:12.888665:Warning: Slice timing appears corrupted (range 0..5357.5, TR=4000 ms)
INFO: stdout 2022-10-07T18:43:12.888665:Convert 48 DICOM as /out/sub-voice857/ses-1/func/sub-voice857_ses-1_task-emosent_run-1_bold_heudiconv664 (108x108x65x48)
INFO: stdout 2022-10-07T18:43:21.728533:Compress: "/usr/bin/pigz" -b 960 -n -f -6 "/out/sub-voice857/ses-1/func/sub-voice857_ses-1_task-emosent_run-1_bold_heudiconv664.nii"
INFO: stdout 2022-10-07T18:43:21.728533:Conversion required 11.344469 seconds (1.947484 for core code).
INFO: [Node] Finished "convert", elapsed time 16.150069s.
INFO: Post-treating /out/sub-voice857/ses-1/func/sub-voice857_ses-1_task-emosent_run-1_bold.json file
INFO: Converting /out/sub-voice857/ses-1/func/sub-voice857_ses-1_task-emosent_run-2_bold (48 DICOMs) -> /out/sub-voice857/ses-1/func . Converter: dcm2niix . Output types: ('nii.gz',)
INFO: [Node] Setting-up "convert" in "/tmp/dcm2niixp2ibgd4v/convert".
INFO: [Node] Executing "convert" <nipype.interfaces.dcm2nii.Dcm2niix>
INFO: stdout 2022-10-07T18:43:32.742149:Chris Rorden's dcm2niiX version v1.0.20211006  GCC10.2.1 x86-64 (64-bit Linux)
INFO: stdout 2022-10-07T18:43:32.742149:Found 48 DICOM file(s)
INFO: stdout 2022-10-07T18:43:32.742149:Warning: Slice timing appears corrupted (range 0..5357.5, TR=4000 ms)
INFO: stdout 2022-10-07T18:43:32.742149:Convert 48 DICOM as /out/sub-voice857/ses-1/func/sub-voice857_ses-1_task-emosent_run-2_bold_heudiconv606 (108x108x65x48)
INFO: stdout 2022-10-07T18:43:40.346779:Compress: "/usr/bin/pigz" -b 960 -n -f -6 "/out/sub-voice857/ses-1/func/sub-voice857_ses-1_task-emosent_run-2_bold_heudiconv606.nii"
INFO: stdout 2022-10-07T18:43:40.346779:Conversion required 8.244431 seconds (0.587111 for core code).
INFO: [Node] Finished "convert", elapsed time 11.070695s.
INFO: Post-treating /out/sub-voice857/ses-1/func/sub-voice857_ses-1_task-emosent_run-2_bold.json file
INFO: Converting /out/sub-voice857/ses-1/func/sub-voice857_ses-1_task-vowel_run-1_bold (60 DICOMs) -> /out/sub-voice857/ses-1/func . Converter: dcm2niix . Output types: ('nii.gz',)
INFO: [Node] Setting-up "convert" in "/tmp/dcm2niixs073fcdb/convert".
INFO: [Node] Executing "convert" <nipype.interfaces.dcm2nii.Dcm2niix>
INFO: stdout 2022-10-07T18:43:52.028662:Chris Rorden's dcm2niiX version v1.0.20211006  GCC10.2.1 x86-64 (64-bit Linux)
INFO: stdout 2022-10-07T18:43:52.028662:Found 60 DICOM file(s)
INFO: stdout 2022-10-07T18:43:52.028662:Warning: Slice timing appears corrupted (range 0..5357.5, TR=4000 ms)
INFO: stdout 2022-10-07T18:43:52.028662:Convert 60 DICOM as /out/sub-voice857/ses-1/func/sub-voice857_ses-1_task-vowel_run-1_bold_heudiconv363 (108x108x65x60)
INFO: stdout 2022-10-07T18:44:00.617129:Compress: "/usr/bin/pigz" -b 960 -n -f -6 "/out/sub-voice857/ses-1/func/sub-voice857_ses-1_task-vowel_run-1_bold_heudiconv363.nii"
INFO: stdout 2022-10-07T18:44:00.617129:Conversion required 9.918692 seconds (1.185975 for core code).
INFO: [Node] Finished "convert", elapsed time 11.508826s.
INFO: Post-treating /out/sub-voice857/ses-1/func/sub-voice857_ses-1_task-vowel_run-1_bold.json file
INFO: Converting /out/sub-voice857/ses-1/func/sub-voice857_ses-1_task-vowel_run-2_bold (60 DICOMs) -> /out/sub-voice857/ses-1/func . Converter: dcm2niix . Output types: ('nii.gz',)
INFO: [Node] Setting-up "convert" in "/tmp/dcm2niix73trwlxx/convert".
INFO: [Node] Executing "convert" <nipype.interfaces.dcm2nii.Dcm2niix>
INFO: stdout 2022-10-07T18:44:11.185012:Chris Rorden's dcm2niiX version v1.0.20211006  GCC10.2.1 x86-64 (64-bit Linux)
INFO: stdout 2022-10-07T18:44:11.185012:Found 60 DICOM file(s)
INFO: stdout 2022-10-07T18:44:11.185012:Warning: Slice timing appears corrupted (range 0..5360, TR=4000 ms)
INFO: stdout 2022-10-07T18:44:11.185012:Convert 60 DICOM as /out/sub-voice857/ses-1/func/sub-voice857_ses-1_task-vowel_run-2_bold_heudiconv467 (108x108x65x60)
INFO: stdout 2022-10-07T18:44:18.038781:Compress: "/usr/bin/pigz" -b 960 -n -f -6 "/out/sub-voice857/ses-1/func/sub-voice857_ses-1_task-vowel_run-2_bold_heudiconv467.nii"
INFO: stdout 2022-10-07T18:44:18.038781:Conversion required 8.044425 seconds (1.051853 for core code).
INFO: [Node] Finished "convert", elapsed time 11.772569s.
INFO: Post-treating /out/sub-voice857/ses-1/func/sub-voice857_ses-1_task-vowel_run-2_bold.json file
INFO: Converting /out/sub-voice857/ses-1/func/sub-voice857_ses-1_task-pitchnw_run-1_bold (101 DICOMs) -> /out/sub-voice857/ses-1/func . Converter: dcm2niix . Output types: ('nii.gz',)
INFO: [Node] Setting-up "convert" in "/tmp/dcm2niixq4h4ht7r/convert".
INFO: [Node] Executing "convert" <nipype.interfaces.dcm2nii.Dcm2niix>
INFO: stdout 2022-10-07T18:44:28.094603:Chris Rorden's dcm2niiX version v1.0.20211006  GCC10.2.1 x86-64 (64-bit Linux)
INFO: stdout 2022-10-07T18:44:28.094603:Found 101 DICOM file(s)
INFO: stdout 2022-10-07T18:44:28.094603:Warning: Slice timing appears corrupted (range 0..5360, TR=2000 ms)
INFO: stdout 2022-10-07T18:44:28.094603:Convert 101 DICOM as /out/sub-voice857/ses-1/func/sub-voice857_ses-1_task-pitchnw_run-1_bold_heudiconv081 (108x108x65x101)
INFO: stdout 2022-10-07T18:44:41.553414:Compress: "/usr/bin/pigz" -b 960 -n -f -6 "/out/sub-voice857/ses-1/func/sub-voice857_ses-1_task-pitchnw_run-1_bold_heudiconv081.nii"
INFO: stdout 2022-10-07T18:44:41.553414:Conversion required 18.118147 seconds (3.375752 for core code).
INFO: [Node] Finished "convert", elapsed time 20.448405s.
INFO: Post-treating /out/sub-voice857/ses-1/func/sub-voice857_ses-1_task-pitchnw_run-1_bold.json file
INFO: Converting /out/sub-voice857/ses-1/func/sub-voice857_ses-1_task-pitchnw_run-2_bold (101 DICOMs) -> /out/sub-voice857/ses-1/func . Converter: dcm2niix . Output types: ('nii.gz',)
INFO: [Node] Setting-up "convert" in "/tmp/dcm2niixrl8t9rn5/convert".
INFO: [Node] Executing "convert" <nipype.interfaces.dcm2nii.Dcm2niix>
INFO: stdout 2022-10-07T18:44:57.001416:Chris Rorden's dcm2niiX version v1.0.20211006  GCC10.2.1 x86-64 (64-bit Linux)
INFO: stdout 2022-10-07T18:44:57.001416:Found 101 DICOM file(s)
INFO: stdout 2022-10-07T18:44:57.001416:Warning: Slice timing appears corrupted (range 0..5360, TR=2000 ms)
INFO: stdout 2022-10-07T18:44:57.001416:Convert 101 DICOM as /out/sub-voice857/ses-1/func/sub-voice857_ses-1_task-pitchnw_run-2_bold_heudiconv620 (108x108x65x101)
INFO: stdout 2022-10-07T18:45:09.413141:Compress: "/usr/bin/pigz" -b 960 -n -f -6 "/out/sub-voice857/ses-1/func/sub-voice857_ses-1_task-pitchnw_run-2_bold_heudiconv620.nii"
INFO: stdout 2022-10-07T18:45:09.413141:Conversion required 17.446692 seconds (2.798958 for core code).
INFO: [Node] Finished "convert", elapsed time 23.7572s.
INFO: Post-treating /out/sub-voice857/ses-1/func/sub-voice857_ses-1_task-pitchnw_run-2_bold.json file
INFO: Converting /out/sub-voice857/ses-1/func/sub-voice857_ses-1_task-movie_run-1_bold (138 DICOMs) -> /out/sub-voice857/ses-1/func . Converter: dcm2niix . Output types: ('nii.gz',)
INFO: [Node] Setting-up "convert" in "/tmp/dcm2niixrwfw09lk/convert".
INFO: [Node] Executing "convert" <nipype.interfaces.dcm2nii.Dcm2niix>
INFO: stdout 2022-10-07T18:45:28.670029:Chris Rorden's dcm2niiX version v1.0.20211006  GCC10.2.1 x86-64 (64-bit Linux)
INFO: stdout 2022-10-07T18:45:28.670029:Found 138 DICOM file(s)
INFO: stdout 2022-10-07T18:45:28.670029:Warning: Slice timing appears corrupted (range 0..5357.5, TR=1090 ms)
INFO: stdout 2022-10-07T18:45:28.670029:Convert 138 DICOM as /out/sub-voice857/ses-1/func/sub-voice857_ses-1_task-movie_run-1_bold_heudiconv820 (108x108x65x138)
INFO: stdout 2022-10-07T18:45:46.016789:Compress: "/usr/bin/pigz" -b 960 -n -f -6 "/out/sub-voice857/ses-1/func/sub-voice857_ses-1_task-movie_run-1_bold_heudiconv820.nii"
INFO: stdout 2022-10-07T18:45:46.016789:Conversion required 23.276236 seconds (5.006678 for core code).
INFO: [Node] Finished "convert", elapsed time 24.982641s.
INFO: Post-treating /out/sub-voice857/ses-1/func/sub-voice857_ses-1_task-movie_run-1_bold.json file
WARNING: Existing lockfile found in /out/heudiconv.lock - waiting for the lock to be released. To set a timeout limit, set the HEUDICONV_FILELOCK_TIMEOUT environmental variable to a value in seconds. If this process hangs, it may require a manual deletion of the /out/heudiconv.lock.
INFO: Populating template files under /out/
INFO: PROCESSING DONE: {'subject': 'voice857', 'outdir': '/out/', 'session': '1'}
INFO: Total: starting
INFO: 
INFO: Total: processed result for /out
INFO: Total: done
INFO: Total: starting
INFO: 
INFO: Total: processed result for /out/.heudiconv
[WARNING] Received an exception CommandError(CommandError: 'git -c diff.ignoreSubmodules=none update-index --add --replace --cacheinfo 160000 62f16d01994e46ef649b0494d44c1c215af615b0 .heudiconv' failed with exitcode 128 [err: 'fatal: Unable to create '/out/.git/index.lock': File exists.

Another git process seems to be running in this repository, e.g.
an editor opened by 'git commit'. Please make sure all processes
are terminated then try again. If it still fails, a git process
may have crashed in this repository earlier:
remove the file manually to continue.']). Canceling not-yet running jobs and waiting for completion of running. You can force earlier forceful exit by Ctrl-C. 
WARNING: Received an exception CommandError(CommandError: 'git -c diff.ignoreSubmodules=none update-index --add --replace --cacheinfo 160000 62f16d01994e46ef649b0494d44c1c215af615b0 .heudiconv' failed with exitcode 128 [err: 'fatal: Unable to create '/out/.git/index.lock': File exists.

Another git process seems to be running in this repository, e.g.
an editor opened by 'git commit'. Please make sure all processes
are terminated then try again. If it still fails, a git process
may have crashed in this repository earlier:
remove the file manually to continue.']). Canceling not-yet running jobs and waiting for completion of running. You can force earlier forceful exit by Ctrl-C.
[INFO] Canceled 0 out of 0 jobs. 0 left running. 
INFO: Canceled 0 out of 0 jobs. 0 left running.
Traceback (most recent call last):
  File "/opt/miniconda-latest/lib/python3.7/site-packages/datalad/support/parallel.py", line 368, in _iter_threads
    raise _FinalShutdown()
datalad.support.parallel._FinalShutdown

During handling of the above exception, another exception occurred:

Traceback (most recent call last):
  File "/opt/miniconda-latest/bin/heudiconv", line 33, in <module>
    sys.exit(load_entry_point('heudiconv', 'console_scripts', 'heudiconv')())
  File "/src/heudiconv/heudiconv/cli/run.py", line 24, in main
    workflow(**kwargs)
  File "/src/heudiconv/heudiconv/main.py", line 406, in workflow
    add_to_datalad(outdir, study_outdir, msg, bids_options)
  File "/src/heudiconv/heudiconv/external/dlad.py", line 125, in add_to_datalad
    ds.save('.', recursive=True
  File "/opt/miniconda-latest/lib/python3.7/site-packages/datalad/distribution/dataset.py", line 502, in apply_func
    return f(*args, **kwargs)
  File "/opt/miniconda-latest/lib/python3.7/site-packages/datalad/interface/utils.py", line 447, in eval_func
    return return_func(*args, **kwargs)
  File "/opt/miniconda-latest/lib/python3.7/site-packages/datalad/interface/utils.py", line 439, in return_func
    results = list(results)
  File "/opt/miniconda-latest/lib/python3.7/site-packages/datalad/interface/utils.py", line 369, in generator_func
    allkwargs):
  File "/opt/miniconda-latest/lib/python3.7/site-packages/datalad/interface/utils.py", line 544, in _process_results
    for res in results:
  File "/opt/miniconda-latest/lib/python3.7/site-packages/datalad/core/local/save.py", line 398, in __call__
    lgr=lgr,
  File "/opt/miniconda-latest/lib/python3.7/site-packages/datalad/support/parallel.py", line 535, in __iter__
    for res in super().__iter__():
  File "/opt/miniconda-latest/lib/python3.7/site-packages/datalad/support/parallel.py", line 265, in __iter__
    yield from self._iter_threads(self._jobs)
  File "/opt/miniconda-latest/lib/python3.7/site-packages/datalad/support/parallel.py", line 417, in _iter_threads
    self.shutdown(force=True, exception=self._producer_exception or interrupted_by_exception)
  File "/opt/miniconda-latest/lib/python3.7/site-packages/datalad/support/parallel.py", line 233, in shutdown
    raise exception
  File "/opt/miniconda-latest/lib/python3.7/site-packages/datalad/support/parallel.py", line 401, in _iter_threads
    done_useful |= self._pop_done_futures(lgr)
  File "/opt/miniconda-latest/lib/python3.7/site-packages/datalad/support/parallel.py", line 463, in _pop_done_futures
    raise exception
  File "/opt/miniconda-latest/lib/python3.7/concurrent/futures/thread.py", line 57, in run
    result = self.fn(*self.args, **self.kwargs)
  File "/opt/miniconda-latest/lib/python3.7/site-packages/datalad/support/parallel.py", line 329, in consumer_worker
    for r in res:
  File "/opt/miniconda-latest/lib/python3.7/site-packages/datalad/core/local/save.py", line 322, in save_ds
    amend=amend):
  File "/opt/miniconda-latest/lib/python3.7/site-packages/datalad/support/gitrepo.py", line 3425, in save_
    for r in self._save_add_submodules(to_stage_submodules):
  File "/opt/miniconda-latest/lib/python3.7/site-packages/datalad/support/gitrepo.py", line 3662, in _save_add_submodules
    i['commit'], i['rpath']
  File "/opt/miniconda-latest/lib/python3.7/site-packages/datalad/dataset/gitrepo.py", line 437, in call_git
    read_only=read_only))
  File "/opt/miniconda-latest/lib/python3.7/site-packages/datalad/dataset/gitrepo.py", line 482, in call_git_items_
    sep=sep):
  File "/opt/miniconda-latest/lib/python3.7/site-packages/datalad/dataset/gitrepo.py", line 345, in _generator_call_git
    for file_no, content in generator:
  File "/opt/miniconda-latest/lib/python3.7/_collections_abc.py", line 317, in __next__
    return self.send(None)
  File "/opt/miniconda-latest/lib/python3.7/site-packages/datalad/runner/nonasyncrunner.py", line 98, in send
    self._check_result()
  File "/opt/miniconda-latest/lib/python3.7/site-packages/datalad/runner/nonasyncrunner.py", line 80, in _check_result
    self.runner._check_result()
  File "/opt/miniconda-latest/lib/python3.7/site-packages/datalad/runner/nonasyncrunner.py", line 259, in _check_result
    stderr=decoded_output.get("stderr", None))
datalad.runner.exception.CommandError: CommandError: 'git -c diff.ignoreSubmodules=none update-index --add --replace --cacheinfo 160000 62f16d01994e46ef649b0494d44c1c215af615b0 .heudiconv' failed with exitcode 128 [err: 'fatal: Unable to create '/out/.git/index.lock': File exists.

Another git process seems to be running in this repository, e.g.
an editor opened by 'git commit'. Please make sure all processes
are terminated then try again. If it still fails, a git process
may have crashed in this repository earlier:
remove the file manually to continue.']
