INFO: Running heudiconv version 0.11.3+d20220512 latest 0.11.4
INFO: Need to process 1 study sessions
INFO: PROCESSING STARTS: {'subject': 'voice852', 'outdir': '/out/', 'session': '1'}
INFO: Processing 4083 dicoms
INFO: Analyzing 4083 dicoms
INFO: Generated sequence info for 36 accession numbers with 4083 entries total
INFO: Doing conversion using dcm2niix
INFO: Converting /out/sub-voice852/ses-1/func/sub-voice852_ses-1_task-rest_run-1_bold (300 DICOMs) -> /out/sub-voice852/ses-1/func . Converter: dcm2niix . Output types: ('nii.gz',)
WARNING: A newer version (1.8.4) of nipy/nipype is available. You are using 1.8.0
INFO: [Node] Setting-up "convert" in "/tmp/dcm2niixuwz58rqk/convert".
INFO: [Node] Executing "convert" <nipype.interfaces.dcm2nii.Dcm2niix>
INFO: stdout 2022-10-07T18:22:59.082449:Chris Rorden's dcm2niiX version v1.0.20211006  GCC10.2.1 x86-64 (64-bit Linux)
INFO: stdout 2022-10-07T18:22:59.082449:Found 300 DICOM file(s)
INFO: stdout 2022-10-07T18:22:59.082449:Warning: Slice timing appears corrupted (range 0..5360, TR=1090 ms)
INFO: stdout 2022-10-07T18:22:59.082449:Convert 300 DICOM as /out/sub-voice852/ses-1/func/sub-voice852_ses-1_task-rest_run-1_bold_heudiconv044 (108x108x65x300)
INFO: stdout 2022-10-07T18:23:28.567973:Compress: "/usr/bin/pigz" -b 960 -n -f -6 "/out/sub-voice852/ses-1/func/sub-voice852_ses-1_task-rest_run-1_bold_heudiconv044.nii"
INFO: stdout 2022-10-07T18:23:28.567973:Conversion required 30.289458 seconds (0.824163 for core code).
INFO: [Node] Finished "convert", elapsed time 30.335548s.
INFO: Post-treating /out/sub-voice852/ses-1/func/sub-voice852_ses-1_task-rest_run-1_bold.json file
INFO: Converting /out/sub-voice852/ses-1/fmap/sub-voice852_ses-1_acq-func_dir-PA_run-1_epi (260 DICOMs) -> /out/sub-voice852/ses-1/fmap . Converter: dcm2niix . Output types: ('nii.gz',)
INFO: [Node] Setting-up "convert" in "/tmp/dcm2niix9kdn6wp_/convert".
INFO: [Node] Executing "convert" <nipype.interfaces.dcm2nii.Dcm2niix>
INFO: stdout 2022-10-07T18:23:29.234663:Chris Rorden's dcm2niiX version v1.0.20211006  GCC10.2.1 x86-64 (64-bit Linux)
INFO: stdout 2022-10-07T18:23:29.234663:Found 260 DICOM file(s)
INFO: stdout 2022-10-07T18:23:29.234663:Convert 260 DICOM as /out/sub-voice852/ses-1/fmap/sub-voice852_ses-1_acq-func_dir-PA_run-1_epi_heudiconv569 (108x108x65x4)
INFO: stdout 2022-10-07T18:23:29.761932:Compress: "/usr/bin/pigz" -b 960 -n -f -6 "/out/sub-voice852/ses-1/fmap/sub-voice852_ses-1_acq-func_dir-PA_run-1_epi_heudiconv569.nii"
INFO: stdout 2022-10-07T18:23:29.761932:Conversion required 0.755037 seconds (0.134490 for core code).
INFO: [Node] Finished "convert", elapsed time 0.812251s.
WARNING: Failed to find task field in /out/sub-voice852/ses-1/fmap/sub-voice852_ses-1_acq-func_dir-PA_run-1_epi.json.
INFO: Post-treating /out/sub-voice852/ses-1/fmap/sub-voice852_ses-1_acq-func_dir-PA_run-1_epi.json file
INFO: Converting /out/sub-voice852/ses-1/fmap/sub-voice852_ses-1_acq-func_dir-AP_run-2_epi (260 DICOMs) -> /out/sub-voice852/ses-1/fmap . Converter: dcm2niix . Output types: ('nii.gz',)
INFO: [Node] Setting-up "convert" in "/tmp/dcm2niixl_mel0bn/convert".
INFO: [Node] Executing "convert" <nipype.interfaces.dcm2nii.Dcm2niix>
INFO: stdout 2022-10-07T18:23:30.483670:Chris Rorden's dcm2niiX version v1.0.20211006  GCC10.2.1 x86-64 (64-bit Linux)
INFO: stdout 2022-10-07T18:23:30.483670:Found 260 DICOM file(s)
INFO: stdout 2022-10-07T18:23:30.483670:Convert 260 DICOM as /out/sub-voice852/ses-1/fmap/sub-voice852_ses-1_acq-func_dir-AP_run-2_epi_heudiconv065 (108x108x65x4)
INFO: stdout 2022-10-07T18:23:30.968047:Compress: "/usr/bin/pigz" -b 960 -n -f -6 "/out/sub-voice852/ses-1/fmap/sub-voice852_ses-1_acq-func_dir-AP_run-2_epi_heudiconv065.nii"
INFO: stdout 2022-10-07T18:23:30.968047:Conversion required 0.780404 seconds (0.142258 for core code).
INFO: [Node] Finished "convert", elapsed time 0.843993s.
WARNING: Failed to find task field in /out/sub-voice852/ses-1/fmap/sub-voice852_ses-1_acq-func_dir-AP_run-2_epi.json.
INFO: Post-treating /out/sub-voice852/ses-1/fmap/sub-voice852_ses-1_acq-func_dir-AP_run-2_epi.json file
INFO: Converting /out/sub-voice852/ses-1/dwi/sub-voice852_ses-1_acq-PA_dwi (72 DICOMs) -> /out/sub-voice852/ses-1/dwi . Converter: dcm2niix . Output types: ('nii.gz',)
INFO: [Node] Setting-up "convert" in "/tmp/dcm2niixymwun5p2/convert".
INFO: [Node] Executing "convert" <nipype.interfaces.dcm2nii.Dcm2niix>
INFO: stdout 2022-10-07T18:23:32.171490:Chris Rorden's dcm2niiX version v1.0.20211006  GCC10.2.1 x86-64 (64-bit Linux)
INFO: stdout 2022-10-07T18:23:32.171490:Found 72 DICOM file(s)
INFO: stdout 2022-10-07T18:23:32.171490:Warning: Slice timing appears corrupted (range 0..8.63999e+07, TR=4400 ms)
INFO: stdout 2022-10-07T18:23:32.171490:Convert 72 DICOM as /out/sub-voice852/ses-1/dwi/sub-voice852_ses-1_acq-PA_dwi_heudiconv306 (120x120x66x72)
INFO: stdout 2022-10-07T18:23:41.537220:Compress: "/usr/bin/pigz" -b 960 -n -f -6 "/out/sub-voice852/ses-1/dwi/sub-voice852_ses-1_acq-PA_dwi_heudiconv306.nii"
INFO: stdout 2022-10-07T18:23:41.537220:Conversion required 10.335634 seconds (0.279881 for core code).
INFO: [Node] Finished "convert", elapsed time 10.395943s.
WARNING: Failed to find task field in /out/sub-voice852/ses-1/dwi/sub-voice852_ses-1_acq-PA_dwi.json.
INFO: Post-treating /out/sub-voice852/ses-1/dwi/sub-voice852_ses-1_acq-PA_dwi.json file
INFO: Converting /out/sub-voice852/ses-1/dwi/sub-voice852_ses-1_acq-AP_dwi (7 DICOMs) -> /out/sub-voice852/ses-1/dwi . Converter: dcm2niix . Output types: ('nii.gz',)
INFO: [Node] Setting-up "convert" in "/tmp/dcm2niix3duucpe9/convert".
INFO: [Node] Executing "convert" <nipype.interfaces.dcm2nii.Dcm2niix>
INFO: stdout 2022-10-07T18:23:41.892178:Chris Rorden's dcm2niiX version v1.0.20211006  GCC10.2.1 x86-64 (64-bit Linux)
INFO: stdout 2022-10-07T18:23:41.892178:Found 7 DICOM file(s)
INFO: stdout 2022-10-07T18:23:41.892178:Warning: Slice timing appears corrupted (range 0..8.63999e+07, TR=4400 ms)
INFO: stdout 2022-10-07T18:23:41.892178:Convert 7 DICOM as /out/sub-voice852/ses-1/dwi/sub-voice852_ses-1_acq-AP_dwi_heudiconv386 (120x120x66x7)
INFO: stdout 2022-10-07T18:23:42.828202:Compress: "/usr/bin/pigz" -b 960 -n -f -6 "/out/sub-voice852/ses-1/dwi/sub-voice852_ses-1_acq-AP_dwi_heudiconv386.nii"
INFO: stdout 2022-10-07T18:23:42.828202:Conversion required 1.065934 seconds (0.036220 for core code).
INFO: [Node] Finished "convert", elapsed time 1.123046s.
WARNING: Failed to find task field in /out/sub-voice852/ses-1/dwi/sub-voice852_ses-1_acq-AP_dwi.json.
INFO: Post-treating /out/sub-voice852/ses-1/dwi/sub-voice852_ses-1_acq-AP_dwi.json file
INFO: Converting /out/sub-voice852/ses-1/anat/sub-voice852_ses-1_run-1_T1w (176 DICOMs) -> /out/sub-voice852/ses-1/anat . Converter: dcm2niix . Output types: ('nii.gz',)
INFO: [Node] Setting-up "convert" in "/tmp/dcm2niix9ey0dlcy/convert".
INFO: [Node] Executing "convert" <nipype.interfaces.dcm2nii.Dcm2niix>
INFO: stdout 2022-10-07T18:23:43.379129:Chris Rorden's dcm2niiX version v1.0.20211006  GCC10.2.1 x86-64 (64-bit Linux)
INFO: stdout 2022-10-07T18:23:43.379129:Found 176 DICOM file(s)
INFO: stdout 2022-10-07T18:23:43.379129:Convert 176 DICOM as /out/sub-voice852/ses-1/anat/sub-voice852_ses-1_run-1_T1w_heudiconv657 (256x256x176x1)
INFO: stdout 2022-10-07T18:23:45.100278:Compress: "/usr/bin/pigz" -b 960 -n -f -6 "/out/sub-voice852/ses-1/anat/sub-voice852_ses-1_run-1_T1w_heudiconv657.nii"
INFO: stdout 2022-10-07T18:23:45.100278:Conversion required 1.907416 seconds (0.217047 for core code).
INFO: [Node] Finished "convert", elapsed time 1.97902s.
WARNING: Failed to find task field in /out/sub-voice852/ses-1/anat/sub-voice852_ses-1_run-1_T1w.json.
INFO: Post-treating /out/sub-voice852/ses-1/anat/sub-voice852_ses-1_run-1_T1w.json file
INFO: Converting /out/sub-voice852/ses-1/func/sub-voice852_ses-1_task-pataka_run-1_bold (207 DICOMs) -> /out/sub-voice852/ses-1/func . Converter: dcm2niix . Output types: ('nii.gz',)
INFO: [Node] Setting-up "convert" in "/tmp/dcm2niix_gks7s9o/convert".
INFO: [Node] Executing "convert" <nipype.interfaces.dcm2nii.Dcm2niix>
INFO: stdout 2022-10-07T18:23:45.634931:Chris Rorden's dcm2niiX version v1.0.20211006  GCC10.2.1 x86-64 (64-bit Linux)
INFO: stdout 2022-10-07T18:23:45.634931:Found 207 DICOM file(s)
INFO: stdout 2022-10-07T18:23:45.634931:Warning: Slice timing appears corrupted (range 0..3137.5, TR=1640 ms)
INFO: stdout 2022-10-07T18:23:45.634931:Convert 207 DICOM as /out/sub-voice852/ses-1/func/sub-voice852_ses-1_task-pataka_run-1_bold_heudiconv022 (72x72x45x207)
INFO: stdout 2022-10-07T18:23:52.224254:Compress: "/usr/bin/pigz" -b 960 -n -f -6 "/out/sub-voice852/ses-1/func/sub-voice852_ses-1_task-pataka_run-1_bold_heudiconv022.nii"
INFO: stdout 2022-10-07T18:23:52.224254:Conversion required 6.834632 seconds (0.265995 for core code).
INFO: [Node] Finished "convert", elapsed time 6.893761s.
INFO: Post-treating /out/sub-voice852/ses-1/func/sub-voice852_ses-1_task-pataka_run-1_bold.json file
INFO: Converting /out/sub-voice852/ses-1/func/sub-voice852_ses-1_task-pataka_run-2_bold (207 DICOMs) -> /out/sub-voice852/ses-1/func . Converter: dcm2niix . Output types: ('nii.gz',)
INFO: [Node] Setting-up "convert" in "/tmp/dcm2niixn4qt_k8s/convert".
INFO: [Node] Executing "convert" <nipype.interfaces.dcm2nii.Dcm2niix>
INFO: stdout 2022-10-07T18:23:52.808566:Chris Rorden's dcm2niiX version v1.0.20211006  GCC10.2.1 x86-64 (64-bit Linux)
INFO: stdout 2022-10-07T18:23:52.808566:Found 207 DICOM file(s)
INFO: stdout 2022-10-07T18:23:52.808566:Warning: Slice timing appears corrupted (range 0..3137.5, TR=1640 ms)
INFO: stdout 2022-10-07T18:23:52.808566:Convert 207 DICOM as /out/sub-voice852/ses-1/func/sub-voice852_ses-1_task-pataka_run-2_bold_heudiconv328 (72x72x45x207)
INFO: stdout 2022-10-07T18:23:59.416764:Compress: "/usr/bin/pigz" -b 960 -n -f -6 "/out/sub-voice852/ses-1/func/sub-voice852_ses-1_task-pataka_run-2_bold_heudiconv328.nii"
INFO: stdout 2022-10-07T18:23:59.416764:Conversion required 6.880665 seconds (0.260926 for core code).
INFO: [Node] Finished "convert", elapsed time 6.938248s.
INFO: Post-treating /out/sub-voice852/ses-1/func/sub-voice852_ses-1_task-pataka_run-2_bold.json file
INFO: Converting /out/sub-voice852/ses-1/func/sub-voice852_ses-1_task-pitchsent_run-1_bold (64 DICOMs) -> /out/sub-voice852/ses-1/func . Converter: dcm2niix . Output types: ('nii.gz',)
INFO: [Node] Setting-up "convert" in "/tmp/dcm2niixbcsk22qv/convert".
INFO: [Node] Executing "convert" <nipype.interfaces.dcm2nii.Dcm2niix>
INFO: stdout 2022-10-07T18:23:59.785521:Chris Rorden's dcm2niiX version v1.0.20211006  GCC10.2.1 x86-64 (64-bit Linux)
INFO: stdout 2022-10-07T18:23:59.785521:Found 64 DICOM file(s)
INFO: stdout 2022-10-07T18:23:59.785521:Warning: Slice timing appears corrupted (range 0..5360, TR=4000 ms)
INFO: stdout 2022-10-07T18:23:59.785521:Convert 64 DICOM as /out/sub-voice852/ses-1/func/sub-voice852_ses-1_task-pitchsent_run-1_bold_heudiconv016 (108x108x65x64)
INFO: stdout 2022-10-07T18:24:06.250947:Compress: "/usr/bin/pigz" -b 960 -n -f -6 "/out/sub-voice852/ses-1/func/sub-voice852_ses-1_task-pitchsent_run-1_bold_heudiconv016.nii"
INFO: stdout 2022-10-07T18:24:06.250947:Conversion required 6.613858 seconds (0.201913 for core code).
INFO: [Node] Finished "convert", elapsed time 6.681924s.
INFO: Post-treating /out/sub-voice852/ses-1/func/sub-voice852_ses-1_task-pitchsent_run-1_bold.json file
INFO: Converting /out/sub-voice852/ses-1/func/sub-voice852_ses-1_task-pitchsent_run-2_bold (60 DICOMs) -> /out/sub-voice852/ses-1/func . Converter: dcm2niix . Output types: ('nii.gz',)
INFO: [Node] Setting-up "convert" in "/tmp/dcm2niix89s80huc/convert".
INFO: [Node] Executing "convert" <nipype.interfaces.dcm2nii.Dcm2niix>
INFO: stdout 2022-10-07T18:24:06.626365:Chris Rorden's dcm2niiX version v1.0.20211006  GCC10.2.1 x86-64 (64-bit Linux)
INFO: stdout 2022-10-07T18:24:06.626365:Found 60 DICOM file(s)
INFO: stdout 2022-10-07T18:24:06.626365:Warning: Slice timing appears corrupted (range 0..5360, TR=4000 ms)
INFO: stdout 2022-10-07T18:24:06.626365:Convert 60 DICOM as /out/sub-voice852/ses-1/func/sub-voice852_ses-1_task-pitchsent_run-2_bold_heudiconv679 (108x108x65x60)
INFO: stdout 2022-10-07T18:24:12.679511:Compress: "/usr/bin/pigz" -b 960 -n -f -6 "/out/sub-voice852/ses-1/func/sub-voice852_ses-1_task-pitchsent_run-2_bold_heudiconv679.nii"
INFO: stdout 2022-10-07T18:24:12.679511:Conversion required 6.199030 seconds (0.191563 for core code).
INFO: [Node] Finished "convert", elapsed time 6.255063s.
INFO: Post-treating /out/sub-voice852/ses-1/func/sub-voice852_ses-1_task-pitchsent_run-2_bold.json file
INFO: Converting /out/sub-voice852/ses-1/func/sub-voice852_ses-1_task-nwr_run-1_bold (42 DICOMs) -> /out/sub-voice852/ses-1/func . Converter: dcm2niix . Output types: ('nii.gz',)
INFO: [Node] Setting-up "convert" in "/tmp/dcm2niix6jbv6rb_/convert".
INFO: [Node] Executing "convert" <nipype.interfaces.dcm2nii.Dcm2niix>
INFO: stdout 2022-10-07T18:24:12.992217:Chris Rorden's dcm2niiX version v1.0.20211006  GCC10.2.1 x86-64 (64-bit Linux)
INFO: stdout 2022-10-07T18:24:12.992217:Found 42 DICOM file(s)
INFO: stdout 2022-10-07T18:24:12.992217:Warning: Slice timing appears corrupted (range 0..5360, TR=4000 ms)
INFO: stdout 2022-10-07T18:24:12.992217:Convert 42 DICOM as /out/sub-voice852/ses-1/func/sub-voice852_ses-1_task-nwr_run-1_bold_heudiconv933 (108x108x65x42)
INFO: stdout 2022-10-07T18:24:17.267818:Compress: "/usr/bin/pigz" -b 960 -n -f -6 "/out/sub-voice852/ses-1/func/sub-voice852_ses-1_task-nwr_run-1_bold_heudiconv933.nii"
INFO: stdout 2022-10-07T18:24:17.267818:Conversion required 4.393122 seconds (0.131402 for core code).
INFO: [Node] Finished "convert", elapsed time 4.486859s.
INFO: Post-treating /out/sub-voice852/ses-1/func/sub-voice852_ses-1_task-nwr_run-1_bold.json file
INFO: Converting /out/sub-voice852/ses-1/func/sub-voice852_ses-1_task-nwr_run-2_bold (42 DICOMs) -> /out/sub-voice852/ses-1/func . Converter: dcm2niix . Output types: ('nii.gz',)
INFO: [Node] Setting-up "convert" in "/tmp/dcm2niixcxb1paxm/convert".
INFO: [Node] Executing "convert" <nipype.interfaces.dcm2nii.Dcm2niix>
INFO: stdout 2022-10-07T18:24:17.645837:Chris Rorden's dcm2niiX version v1.0.20211006  GCC10.2.1 x86-64 (64-bit Linux)
INFO: stdout 2022-10-07T18:24:17.645837:Found 42 DICOM file(s)
INFO: stdout 2022-10-07T18:24:17.645837:Warning: Slice timing appears corrupted (range 0..5357.5, TR=4000 ms)
INFO: stdout 2022-10-07T18:24:17.645837:Convert 42 DICOM as /out/sub-voice852/ses-1/func/sub-voice852_ses-1_task-nwr_run-2_bold_heudiconv169 (108x108x65x42)
INFO: stdout 2022-10-07T18:24:21.932376:Compress: "/usr/bin/pigz" -b 960 -n -f -6 "/out/sub-voice852/ses-1/func/sub-voice852_ses-1_task-nwr_run-2_bold_heudiconv169.nii"
INFO: stdout 2022-10-07T18:24:21.932376:Conversion required 4.402069 seconds (0.132890 for core code).
INFO: [Node] Finished "convert", elapsed time 4.459143s.
INFO: Post-treating /out/sub-voice852/ses-1/func/sub-voice852_ses-1_task-nwr_run-2_bold.json file
INFO: Converting /out/sub-voice852/ses-1/func/sub-voice852_ses-1_task-nwr_run-3_bold (42 DICOMs) -> /out/sub-voice852/ses-1/func . Converter: dcm2niix . Output types: ('nii.gz',)
INFO: [Node] Setting-up "convert" in "/tmp/dcm2niixx3n2uy38/convert".
INFO: [Node] Executing "convert" <nipype.interfaces.dcm2nii.Dcm2niix>
INFO: stdout 2022-10-07T18:24:22.214796:Chris Rorden's dcm2niiX version v1.0.20211006  GCC10.2.1 x86-64 (64-bit Linux)
INFO: stdout 2022-10-07T18:24:22.214796:Found 42 DICOM file(s)
INFO: stdout 2022-10-07T18:24:22.214796:Warning: Slice timing appears corrupted (range 0..5360, TR=4000 ms)
INFO: stdout 2022-10-07T18:24:22.214796:Convert 42 DICOM as /out/sub-voice852/ses-1/func/sub-voice852_ses-1_task-nwr_run-3_bold_heudiconv491 (108x108x65x42)
INFO: stdout 2022-10-07T18:24:26.479773:Compress: "/usr/bin/pigz" -b 960 -n -f -6 "/out/sub-voice852/ses-1/func/sub-voice852_ses-1_task-nwr_run-3_bold_heudiconv491.nii"
INFO: stdout 2022-10-07T18:24:26.479773:Conversion required 4.375941 seconds (0.138585 for core code).
INFO: [Node] Finished "convert", elapsed time 4.443084s.
INFO: Post-treating /out/sub-voice852/ses-1/func/sub-voice852_ses-1_task-nwr_run-3_bold.json file
INFO: Converting /out/sub-voice852/ses-1/func/sub-voice852_ses-1_task-facematch_run-1_bold (99 DICOMs) -> /out/sub-voice852/ses-1/func . Converter: dcm2niix . Output types: ('nii.gz',)
INFO: [Node] Setting-up "convert" in "/tmp/dcm2niixqzrkqbf2/convert".
INFO: [Node] Executing "convert" <nipype.interfaces.dcm2nii.Dcm2niix>
INFO: stdout 2022-10-07T18:24:26.962155:Chris Rorden's dcm2niiX version v1.0.20211006  GCC10.2.1 x86-64 (64-bit Linux)
INFO: stdout 2022-10-07T18:24:26.962155:Found 99 DICOM file(s)
INFO: stdout 2022-10-07T18:24:26.962155:Warning: Slice timing appears corrupted (range 0..5360, TR=2000 ms)
INFO: stdout 2022-10-07T18:24:26.962155:Convert 99 DICOM as /out/sub-voice852/ses-1/func/sub-voice852_ses-1_task-facematch_run-1_bold_heudiconv072 (108x108x65x99)
INFO: stdout 2022-10-07T18:24:36.996207:Compress: "/usr/bin/pigz" -b 960 -n -f -6 "/out/sub-voice852/ses-1/func/sub-voice852_ses-1_task-facematch_run-1_bold_heudiconv072.nii"
INFO: stdout 2022-10-07T18:24:36.996207:Conversion required 10.267881 seconds (0.301317 for core code).
INFO: [Node] Finished "convert", elapsed time 10.460763s.
INFO: Post-treating /out/sub-voice852/ses-1/func/sub-voice852_ses-1_task-facematch_run-1_bold.json file
INFO: Converting /out/sub-voice852/ses-1/func/sub-voice852_ses-1_task-facematch_run-2_bold (99 DICOMs) -> /out/sub-voice852/ses-1/func . Converter: dcm2niix . Output types: ('nii.gz',)
INFO: [Node] Setting-up "convert" in "/tmp/dcm2niixstg1lmb_/convert".
INFO: [Node] Executing "convert" <nipype.interfaces.dcm2nii.Dcm2niix>
INFO: stdout 2022-10-07T18:24:37.619244:Chris Rorden's dcm2niiX version v1.0.20211006  GCC10.2.1 x86-64 (64-bit Linux)
INFO: stdout 2022-10-07T18:24:37.619244:Found 99 DICOM file(s)
INFO: stdout 2022-10-07T18:24:37.619244:Warning: Slice timing appears corrupted (range 0..5357.5, TR=2000 ms)
INFO: stdout 2022-10-07T18:24:37.619244:Convert 99 DICOM as /out/sub-voice852/ses-1/func/sub-voice852_ses-1_task-facematch_run-2_bold_heudiconv678 (108x108x65x99)
INFO: stdout 2022-10-07T18:24:47.761061:Compress: "/usr/bin/pigz" -b 960 -n -f -6 "/out/sub-voice852/ses-1/func/sub-voice852_ses-1_task-facematch_run-2_bold_heudiconv678.nii"
INFO: stdout 2022-10-07T18:24:47.761061:Conversion required 10.379343 seconds (0.298743 for core code).
INFO: [Node] Finished "convert", elapsed time 10.439238s.
INFO: Post-treating /out/sub-voice852/ses-1/func/sub-voice852_ses-1_task-facematch_run-2_bold.json file
INFO: Converting /out/sub-voice852/ses-1/func/sub-voice852_ses-1_task-emosent_run-1_bold (48 DICOMs) -> /out/sub-voice852/ses-1/func . Converter: dcm2niix . Output types: ('nii.gz',)
INFO: [Node] Setting-up "convert" in "/tmp/dcm2niixiy5znuyp/convert".
INFO: [Node] Executing "convert" <nipype.interfaces.dcm2nii.Dcm2niix>
INFO: stdout 2022-10-07T18:24:48.138768:Chris Rorden's dcm2niiX version v1.0.20211006  GCC10.2.1 x86-64 (64-bit Linux)
INFO: stdout 2022-10-07T18:24:48.138768:Found 48 DICOM file(s)
INFO: stdout 2022-10-07T18:24:48.138768:Warning: Slice timing appears corrupted (range 0..5360, TR=4000 ms)
INFO: stdout 2022-10-07T18:24:48.138768:Convert 48 DICOM as /out/sub-voice852/ses-1/func/sub-voice852_ses-1_task-emosent_run-1_bold_heudiconv644 (108x108x65x48)
INFO: stdout 2022-10-07T18:24:53.002218:Compress: "/usr/bin/pigz" -b 960 -n -f -6 "/out/sub-voice852/ses-1/func/sub-voice852_ses-1_task-emosent_run-1_bold_heudiconv644.nii"
INFO: stdout 2022-10-07T18:24:53.002218:Conversion required 4.982820 seconds (0.152239 for core code).
INFO: [Node] Finished "convert", elapsed time 5.040409s.
INFO: Post-treating /out/sub-voice852/ses-1/func/sub-voice852_ses-1_task-emosent_run-1_bold.json file
INFO: Converting /out/sub-voice852/ses-1/func/sub-voice852_ses-1_task-emosent_run-2_bold (48 DICOMs) -> /out/sub-voice852/ses-1/func . Converter: dcm2niix . Output types: ('nii.gz',)
INFO: [Node] Setting-up "convert" in "/tmp/dcm2niixkxbip87q/convert".
INFO: [Node] Executing "convert" <nipype.interfaces.dcm2nii.Dcm2niix>
INFO: stdout 2022-10-07T18:24:53.318927:Chris Rorden's dcm2niiX version v1.0.20211006  GCC10.2.1 x86-64 (64-bit Linux)
INFO: stdout 2022-10-07T18:24:53.318927:Found 48 DICOM file(s)
INFO: stdout 2022-10-07T18:24:53.318927:Warning: Slice timing appears corrupted (range 0..5357.5, TR=4000 ms)
INFO: stdout 2022-10-07T18:24:53.318927:Convert 48 DICOM as /out/sub-voice852/ses-1/func/sub-voice852_ses-1_task-emosent_run-2_bold_heudiconv782 (108x108x65x48)
INFO: stdout 2022-10-07T18:24:58.192530:Compress: "/usr/bin/pigz" -b 960 -n -f -6 "/out/sub-voice852/ses-1/func/sub-voice852_ses-1_task-emosent_run-2_bold_heudiconv782.nii"
INFO: stdout 2022-10-07T18:24:58.192530:Conversion required 4.987775 seconds (0.148641 for core code).
INFO: [Node] Finished "convert", elapsed time 5.041027s.
INFO: Post-treating /out/sub-voice852/ses-1/func/sub-voice852_ses-1_task-emosent_run-2_bold.json file
INFO: Converting /out/sub-voice852/ses-1/func/sub-voice852_ses-1_task-vowel_run-1_bold (60 DICOMs) -> /out/sub-voice852/ses-1/func . Converter: dcm2niix . Output types: ('nii.gz',)
INFO: [Node] Setting-up "convert" in "/tmp/dcm2niixgpln5f61/convert".
INFO: [Node] Executing "convert" <nipype.interfaces.dcm2nii.Dcm2niix>
INFO: stdout 2022-10-07T18:24:58.540426:Chris Rorden's dcm2niiX version v1.0.20211006  GCC10.2.1 x86-64 (64-bit Linux)
INFO: stdout 2022-10-07T18:24:58.540426:Found 60 DICOM file(s)
INFO: stdout 2022-10-07T18:24:58.540426:Warning: Slice timing appears corrupted (range 0..5357.5, TR=4000 ms)
INFO: stdout 2022-10-07T18:24:58.540426:Convert 60 DICOM as /out/sub-voice852/ses-1/func/sub-voice852_ses-1_task-vowel_run-1_bold_heudiconv616 (108x108x65x60)
INFO: stdout 2022-10-07T18:25:04.530220:Compress: "/usr/bin/pigz" -b 960 -n -f -6 "/out/sub-voice852/ses-1/func/sub-voice852_ses-1_task-vowel_run-1_bold_heudiconv616.nii"
INFO: stdout 2022-10-07T18:25:04.530220:Conversion required 6.136337 seconds (0.187216 for core code).
INFO: [Node] Finished "convert", elapsed time 6.196396s.
INFO: Post-treating /out/sub-voice852/ses-1/func/sub-voice852_ses-1_task-vowel_run-1_bold.json file
INFO: Converting /out/sub-voice852/ses-1/func/sub-voice852_ses-1_task-vowel_run-2_bold (60 DICOMs) -> /out/sub-voice852/ses-1/func . Converter: dcm2niix . Output types: ('nii.gz',)
INFO: [Node] Setting-up "convert" in "/tmp/dcm2niix0uyph4r9/convert".
INFO: [Node] Executing "convert" <nipype.interfaces.dcm2nii.Dcm2niix>
INFO: stdout 2022-10-07T18:25:04.970655:Chris Rorden's dcm2niiX version v1.0.20211006  GCC10.2.1 x86-64 (64-bit Linux)
INFO: stdout 2022-10-07T18:25:04.970655:Found 60 DICOM file(s)
INFO: stdout 2022-10-07T18:25:04.970655:Warning: Slice timing appears corrupted (range 0..5360, TR=4000 ms)
INFO: stdout 2022-10-07T18:25:04.970655:Convert 60 DICOM as /out/sub-voice852/ses-1/func/sub-voice852_ses-1_task-vowel_run-2_bold_heudiconv167 (108x108x65x60)
INFO: stdout 2022-10-07T18:25:11.013774:Compress: "/usr/bin/pigz" -b 960 -n -f -6 "/out/sub-voice852/ses-1/func/sub-voice852_ses-1_task-vowel_run-2_bold_heudiconv167.nii"
INFO: stdout 2022-10-07T18:25:11.013774:Conversion required 6.192991 seconds (0.188862 for core code).
INFO: [Node] Finished "convert", elapsed time 6.251986s.
INFO: Post-treating /out/sub-voice852/ses-1/func/sub-voice852_ses-1_task-vowel_run-2_bold.json file
INFO: Converting /out/sub-voice852/ses-1/func/sub-voice852_ses-1_task-pitchnw_run-1_bold (101 DICOMs) -> /out/sub-voice852/ses-1/func . Converter: dcm2niix . Output types: ('nii.gz',)
INFO: [Node] Setting-up "convert" in "/tmp/dcm2niix5pol7vrf/convert".
INFO: [Node] Executing "convert" <nipype.interfaces.dcm2nii.Dcm2niix>
INFO: stdout 2022-10-07T18:25:11.857049:Chris Rorden's dcm2niiX version v1.0.20211006  GCC10.2.1 x86-64 (64-bit Linux)
INFO: stdout 2022-10-07T18:25:11.857049:Found 101 DICOM file(s)
INFO: stdout 2022-10-07T18:25:11.857049:Warning: Slice timing appears corrupted (range 0..5360, TR=2000 ms)
INFO: stdout 2022-10-07T18:25:11.857049:Convert 101 DICOM as /out/sub-voice852/ses-1/func/sub-voice852_ses-1_task-pitchnw_run-1_bold_heudiconv410 (108x108x65x101)
INFO: stdout 2022-10-07T18:25:22.131666:Compress: "/usr/bin/pigz" -b 960 -n -f -6 "/out/sub-voice852/ses-1/func/sub-voice852_ses-1_task-pitchnw_run-1_bold_heudiconv410.nii"
INFO: stdout 2022-10-07T18:25:22.131666:Conversion required 10.745342 seconds (0.306037 for core code).
INFO: [Node] Finished "convert", elapsed time 10.85887s.
INFO: Post-treating /out/sub-voice852/ses-1/func/sub-voice852_ses-1_task-pitchnw_run-1_bold.json file
INFO: Converting /out/sub-voice852/ses-1/func/sub-voice852_ses-1_task-pitchnw_run-2_bold (101 DICOMs) -> /out/sub-voice852/ses-1/func . Converter: dcm2niix . Output types: ('nii.gz',)
INFO: [Node] Setting-up "convert" in "/tmp/dcm2niixul7h4uu7/convert".
INFO: [Node] Executing "convert" <nipype.interfaces.dcm2nii.Dcm2niix>
INFO: stdout 2022-10-07T18:25:22.716247:Chris Rorden's dcm2niiX version v1.0.20211006  GCC10.2.1 x86-64 (64-bit Linux)
INFO: stdout 2022-10-07T18:25:22.716247:Found 101 DICOM file(s)
INFO: stdout 2022-10-07T18:25:22.716247:Warning: Slice timing appears corrupted (range 0..5357.5, TR=2000 ms)
INFO: stdout 2022-10-07T18:25:22.716247:Convert 101 DICOM as /out/sub-voice852/ses-1/func/sub-voice852_ses-1_task-pitchnw_run-2_bold_heudiconv487 (108x108x65x101)
INFO: stdout 2022-10-07T18:25:32.567475:Compress: "/usr/bin/pigz" -b 960 -n -f -6 "/out/sub-voice852/ses-1/func/sub-voice852_ses-1_task-pitchnw_run-2_bold_heudiconv487.nii"
INFO: stdout 2022-10-07T18:25:32.567475:Conversion required 10.091427 seconds (0.307083 for core code).
INFO: [Node] Finished "convert", elapsed time 10.162184s.
INFO: Post-treating /out/sub-voice852/ses-1/func/sub-voice852_ses-1_task-pitchnw_run-2_bold.json file
INFO: Populating template files under /out/
INFO: PROCESSING DONE: {'subject': 'voice852', 'outdir': '/out/', 'session': '1'}
INFO: Total: starting
INFO: 
INFO: Total: processed result for /out
INFO: Total: done
INFO: Total: starting
INFO: 
INFO: Clear progress bars
INFO: Refresh progress bars
INFO: Total: processed result for /out/.heudiconv
INFO: Clear progress bars
INFO: Refresh progress bars
[WARNING] Received an exception CommandError(CommandError: 'git -c diff.ignoreSubmodules=none rm -- sub-voice852/ses-1/func/sub-voice852_ses-1_task-rest_run-1_bold_heudiconv044.json sub-voice852/ses-1/func/sub-voice852_ses-1_task-rest_run-1_bold_heudiconv044.nii sub-voice852/ses-1/func/sub-voice852_ses-1_task-rest_run-1_bold_heudiconv044.nii.gz' failed with exitcode 128 [err: 'fatal: pathspec 'sub-voice852/ses-1/func/sub-voice852_ses-1_task-rest_run-1_bold_heudiconv044.json' did not match any files']). Canceling not-yet running jobs and waiting for completion of running. You can force earlier forceful exit by Ctrl-C. 
WARNING: Received an exception CommandError(CommandError: 'git -c diff.ignoreSubmodules=none rm -- sub-voice852/ses-1/func/sub-voice852_ses-1_task-rest_run-1_bold_heudiconv044.json sub-voice852/ses-1/func/sub-voice852_ses-1_task-rest_run-1_bold_heudiconv044.nii sub-voice852/ses-1/func/sub-voice852_ses-1_task-rest_run-1_bold_heudiconv044.nii.gz' failed with exitcode 128 [err: 'fatal: pathspec 'sub-voice852/ses-1/func/sub-voice852_ses-1_task-rest_run-1_bold_heudiconv044.json' did not match any files']). Canceling not-yet running jobs and waiting for completion of running. You can force earlier forceful exit by Ctrl-C.
[INFO] Canceled 0 out of 0 jobs. 0 left running. 
INFO: Canceled 0 out of 0 jobs. 0 left running.
Traceback (most recent call last):
  File "/opt/miniconda-latest/lib/python3.7/site-packages/datalad/support/parallel.py", line 368, in _iter_threads
    raise _FinalShutdown()
datalad.support.parallel._FinalShutdown

During handling of the above exception, another exception occurred:

Traceback (most recent call last):
  File "/opt/miniconda-latest/bin/heudiconv", line 33, in <module>
    sys.exit(load_entry_point('heudiconv', 'console_scripts', 'heudiconv')())
  File "/src/heudiconv/heudiconv/cli/run.py", line 24, in main
    workflow(**kwargs)
  File "/src/heudiconv/heudiconv/main.py", line 406, in workflow
    add_to_datalad(outdir, study_outdir, msg, bids_options)
  File "/src/heudiconv/heudiconv/external/dlad.py", line 125, in add_to_datalad
    ds.save('.', recursive=True
  File "/opt/miniconda-latest/lib/python3.7/site-packages/datalad/distribution/dataset.py", line 502, in apply_func
    return f(*args, **kwargs)
  File "/opt/miniconda-latest/lib/python3.7/site-packages/datalad/interface/utils.py", line 447, in eval_func
    return return_func(*args, **kwargs)
  File "/opt/miniconda-latest/lib/python3.7/site-packages/datalad/interface/utils.py", line 439, in return_func
    results = list(results)
  File "/opt/miniconda-latest/lib/python3.7/site-packages/datalad/interface/utils.py", line 369, in generator_func
    allkwargs):
  File "/opt/miniconda-latest/lib/python3.7/site-packages/datalad/interface/utils.py", line 544, in _process_results
    for res in results:
  File "/opt/miniconda-latest/lib/python3.7/site-packages/datalad/core/local/save.py", line 398, in __call__
    lgr=lgr,
  File "/opt/miniconda-latest/lib/python3.7/site-packages/datalad/support/parallel.py", line 535, in __iter__
    for res in super().__iter__():
  File "/opt/miniconda-latest/lib/python3.7/site-packages/datalad/support/parallel.py", line 265, in __iter__
    yield from self._iter_threads(self._jobs)
  File "/opt/miniconda-latest/lib/python3.7/site-packages/datalad/support/parallel.py", line 417, in _iter_threads
    self.shutdown(force=True, exception=self._producer_exception or interrupted_by_exception)
  File "/opt/miniconda-latest/lib/python3.7/site-packages/datalad/support/parallel.py", line 233, in shutdown
    raise exception
  File "/opt/miniconda-latest/lib/python3.7/site-packages/datalad/support/parallel.py", line 401, in _iter_threads
    done_useful |= self._pop_done_futures(lgr)
  File "/opt/miniconda-latest/lib/python3.7/site-packages/datalad/support/parallel.py", line 463, in _pop_done_futures
    raise exception
  File "/opt/miniconda-latest/lib/python3.7/concurrent/futures/thread.py", line 57, in run
    result = self.fn(*self.args, **self.kwargs)
  File "/opt/miniconda-latest/lib/python3.7/site-packages/datalad/support/parallel.py", line 329, in consumer_worker
    for r in res:
  File "/opt/miniconda-latest/lib/python3.7/site-packages/datalad/core/local/save.py", line 322, in save_ds
    amend=amend):
  File "/opt/miniconda-latest/lib/python3.7/site-packages/datalad/support/gitrepo.py", line 3374, in save_
    recursive=False):
  File "/opt/miniconda-latest/lib/python3.7/site-packages/datalad/support/gitrepo.py", line 323, in _wrap_normalize_paths
    result = func(self, files_new, *args, **kwargs)
  File "/opt/miniconda-latest/lib/python3.7/site-packages/datalad/support/annexrepo.py", line 2694, in remove
    **kwargs)
  File "/opt/miniconda-latest/lib/python3.7/site-packages/datalad/support/gitrepo.py", line 323, in _wrap_normalize_paths
    result = func(self, files_new, *args, **kwargs)
  File "/opt/miniconda-latest/lib/python3.7/site-packages/datalad/support/gitrepo.py", line 1312, in remove
    ['rm'] + to_options(**kwargs), files=files)
  File "/opt/miniconda-latest/lib/python3.7/site-packages/datalad/support/gitrepo.py", line 1310, in <listcomp>
    line.strip()[4:-1]
  File "/opt/miniconda-latest/lib/python3.7/site-packages/datalad/dataset/gitrepo.py", line 482, in call_git_items_
    sep=sep):
  File "/opt/miniconda-latest/lib/python3.7/site-packages/datalad/dataset/gitrepo.py", line 345, in _generator_call_git
    for file_no, content in generator:
  File "/opt/miniconda-latest/lib/python3.7/site-packages/datalad/runner/gitrunner.py", line 268, in run_on_filelist_chunks_items_
    yield from chunk_generator
  File "/opt/miniconda-latest/lib/python3.7/_collections_abc.py", line 317, in __next__
    return self.send(None)
  File "/opt/miniconda-latest/lib/python3.7/site-packages/datalad/runner/nonasyncrunner.py", line 98, in send
    self._check_result()
  File "/opt/miniconda-latest/lib/python3.7/site-packages/datalad/runner/nonasyncrunner.py", line 80, in _check_result
    self.runner._check_result()
  File "/opt/miniconda-latest/lib/python3.7/site-packages/datalad/runner/nonasyncrunner.py", line 259, in _check_result
    stderr=decoded_output.get("stderr", None))
datalad.runner.exception.CommandError: CommandError: 'git -c diff.ignoreSubmodules=none rm -- sub-voice852/ses-1/func/sub-voice852_ses-1_task-rest_run-1_bold_heudiconv044.json sub-voice852/ses-1/func/sub-voice852_ses-1_task-rest_run-1_bold_heudiconv044.nii sub-voice852/ses-1/func/sub-voice852_ses-1_task-rest_run-1_bold_heudiconv044.nii.gz' failed with exitcode 128 [err: 'fatal: pathspec 'sub-voice852/ses-1/func/sub-voice852_ses-1_task-rest_run-1_bold_heudiconv044.json' did not match any files']
