INFO: Running heudiconv version 0.11.3+d20220512 latest 0.11.4
INFO: Need to process 1 study sessions
INFO: PROCESSING STARTS: {'subject': 'voice846', 'outdir': '/out/', 'session': '1'}
INFO: Processing 4565 dicoms
INFO: Analyzing 4565 dicoms
INFO: Generated sequence info for 39 accession numbers with 4565 entries total
INFO: Doing conversion using dcm2niix
INFO: Converting /out/sub-voice846/ses-1/func/sub-voice846_ses-1_task-rest_run-1_bold (300 DICOMs) -> /out/sub-voice846/ses-1/func . Converter: dcm2niix . Output types: ('nii.gz',)
WARNING: A newer version (1.8.4) of nipy/nipype is available. You are using 1.8.0
INFO: [Node] Setting-up "convert" in "/tmp/dcm2niixgm55__zr/convert".
INFO: [Node] Executing "convert" <nipype.interfaces.dcm2nii.Dcm2niix>
INFO: stdout 2022-10-12T23:32:41.273019:Chris Rorden's dcm2niiX version v1.0.20211006  GCC10.2.1 x86-64 (64-bit Linux)
INFO: stdout 2022-10-12T23:32:41.273019:Found 300 DICOM file(s)
INFO: stdout 2022-10-12T23:32:41.273019:Warning: Slice timing appears corrupted (range 0..5357.5, TR=1090 ms)
INFO: stdout 2022-10-12T23:32:41.273019:Convert 300 DICOM as /out/sub-voice846/ses-1/func/sub-voice846_ses-1_task-rest_run-1_bold_heudiconv885 (108x108x65x300)
INFO: stdout 2022-10-12T23:33:11.153245:Compress: "/usr/bin/pigz" -b 960 -n -f -6 "/out/sub-voice846/ses-1/func/sub-voice846_ses-1_task-rest_run-1_bold_heudiconv885.nii"
INFO: stdout 2022-10-12T23:33:11.153245:Conversion required 41.233996 seconds (3.756828 for core code).
INFO: [Node] Finished "convert", elapsed time 41.277554s.
INFO: Post-treating /out/sub-voice846/ses-1/func/sub-voice846_ses-1_task-rest_run-1_bold.json file
INFO: Converting /out/sub-voice846/ses-1/fmap/sub-voice846_ses-1_acq-func_dir-PA_run-1_epi (260 DICOMs) -> /out/sub-voice846/ses-1/fmap . Converter: dcm2niix . Output types: ('nii.gz',)
INFO: [Node] Setting-up "convert" in "/tmp/dcm2niix67tzu27u/convert".
INFO: [Node] Executing "convert" <nipype.interfaces.dcm2nii.Dcm2niix>
INFO: stdout 2022-10-12T23:33:21.036233:Chris Rorden's dcm2niiX version v1.0.20211006  GCC10.2.1 x86-64 (64-bit Linux)
INFO: stdout 2022-10-12T23:33:21.036233:Found 260 DICOM file(s)
INFO: stdout 2022-10-12T23:33:21.036233:Convert 260 DICOM as /out/sub-voice846/ses-1/fmap/sub-voice846_ses-1_acq-func_dir-PA_run-1_epi_heudiconv631 (108x108x65x4)
INFO: stdout 2022-10-12T23:33:22.144681:Compress: "/usr/bin/pigz" -b 960 -n -f -6 "/out/sub-voice846/ses-1/fmap/sub-voice846_ses-1_acq-func_dir-PA_run-1_epi_heudiconv631.nii"
INFO: stdout 2022-10-12T23:33:22.144681:Conversion required 9.784845 seconds (0.265048 for core code).
INFO: [Node] Finished "convert", elapsed time 10.286185s.
WARNING: Failed to find task field in /out/sub-voice846/ses-1/fmap/sub-voice846_ses-1_acq-func_dir-PA_run-1_epi.json.
INFO: Post-treating /out/sub-voice846/ses-1/fmap/sub-voice846_ses-1_acq-func_dir-PA_run-1_epi.json file
INFO: Converting /out/sub-voice846/ses-1/fmap/sub-voice846_ses-1_acq-func_dir-AP_run-2_epi (260 DICOMs) -> /out/sub-voice846/ses-1/fmap . Converter: dcm2niix . Output types: ('nii.gz',)
INFO: [Node] Setting-up "convert" in "/tmp/dcm2niixcyck8m40/convert".
INFO: [Node] Executing "convert" <nipype.interfaces.dcm2nii.Dcm2niix>
INFO: stdout 2022-10-12T23:33:28.887696:Chris Rorden's dcm2niiX version v1.0.20211006  GCC10.2.1 x86-64 (64-bit Linux)
INFO: stdout 2022-10-12T23:33:28.887696:Found 260 DICOM file(s)
INFO: stdout 2022-10-12T23:33:28.887696:Convert 260 DICOM as /out/sub-voice846/ses-1/fmap/sub-voice846_ses-1_acq-func_dir-AP_run-2_epi_heudiconv464 (108x108x65x4)
INFO: stdout 2022-10-12T23:33:29.762380:Compress: "/usr/bin/pigz" -b 960 -n -f -6 "/out/sub-voice846/ses-1/fmap/sub-voice846_ses-1_acq-func_dir-AP_run-2_epi_heudiconv464.nii"
INFO: stdout 2022-10-12T23:33:29.762380:Conversion required 6.314396 seconds (0.209647 for core code).
INFO: [Node] Finished "convert", elapsed time 6.416692s.
WARNING: Failed to find task field in /out/sub-voice846/ses-1/fmap/sub-voice846_ses-1_acq-func_dir-AP_run-2_epi.json.
INFO: Post-treating /out/sub-voice846/ses-1/fmap/sub-voice846_ses-1_acq-func_dir-AP_run-2_epi.json file
INFO: Converting /out/sub-voice846/ses-1/dwi/sub-voice846_ses-1_acq-PA_dwi (72 DICOMs) -> /out/sub-voice846/ses-1/dwi . Converter: dcm2niix . Output types: ('nii.gz',)
INFO: [Node] Setting-up "convert" in "/tmp/dcm2niixln9tpo9l/convert".
INFO: [Node] Executing "convert" <nipype.interfaces.dcm2nii.Dcm2niix>
INFO: stdout 2022-10-12T23:33:33.408356:Chris Rorden's dcm2niiX version v1.0.20211006  GCC10.2.1 x86-64 (64-bit Linux)
INFO: stdout 2022-10-12T23:33:33.408356:Found 72 DICOM file(s)
INFO: stdout 2022-10-12T23:33:33.408356:Warning: Slice timing appears corrupted (range 0..8.63999e+07, TR=4400 ms)
INFO: stdout 2022-10-12T23:33:33.408356:Convert 72 DICOM as /out/sub-voice846/ses-1/dwi/sub-voice846_ses-1_acq-PA_dwi_heudiconv272 (120x120x66x72)
INFO: stdout 2022-10-12T23:33:43.243964:Compress: "/usr/bin/pigz" -b 960 -n -f -6 "/out/sub-voice846/ses-1/dwi/sub-voice846_ses-1_acq-PA_dwi_heudiconv272.nii"
INFO: stdout 2022-10-12T23:33:43.243964:Conversion required 12.430203 seconds (0.437893 for core code).
INFO: [Node] Finished "convert", elapsed time 12.543589s.
WARNING: Failed to find task field in /out/sub-voice846/ses-1/dwi/sub-voice846_ses-1_acq-PA_dwi.json.
INFO: Post-treating /out/sub-voice846/ses-1/dwi/sub-voice846_ses-1_acq-PA_dwi.json file
INFO: Converting /out/sub-voice846/ses-1/dwi/sub-voice846_ses-1_acq-AP_dwi (7 DICOMs) -> /out/sub-voice846/ses-1/dwi . Converter: dcm2niix . Output types: ('nii.gz',)
INFO: [Node] Setting-up "convert" in "/tmp/dcm2niixpocwb6yv/convert".
INFO: [Node] Executing "convert" <nipype.interfaces.dcm2nii.Dcm2niix>
INFO: stdout 2022-10-12T23:33:44.170473:Chris Rorden's dcm2niiX version v1.0.20211006  GCC10.2.1 x86-64 (64-bit Linux)
INFO: stdout 2022-10-12T23:33:44.170473:Found 7 DICOM file(s)
INFO: stdout 2022-10-12T23:33:44.170473:Warning: Slice timing appears corrupted (range 0..8.63999e+07, TR=4400 ms)
INFO: stdout 2022-10-12T23:33:44.170473:Convert 7 DICOM as /out/sub-voice846/ses-1/dwi/sub-voice846_ses-1_acq-AP_dwi_heudiconv688 (120x120x66x7)
INFO: stdout 2022-10-12T23:33:45.162193:Compress: "/usr/bin/pigz" -b 960 -n -f -6 "/out/sub-voice846/ses-1/dwi/sub-voice846_ses-1_acq-AP_dwi_heudiconv688.nii"
INFO: stdout 2022-10-12T23:33:45.162193:Conversion required 1.323108 seconds (0.048312 for core code).
INFO: [Node] Finished "convert", elapsed time 1.449441s.
WARNING: Failed to find task field in /out/sub-voice846/ses-1/dwi/sub-voice846_ses-1_acq-AP_dwi.json.
INFO: Post-treating /out/sub-voice846/ses-1/dwi/sub-voice846_ses-1_acq-AP_dwi.json file
INFO: Converting /out/sub-voice846/ses-1/anat/sub-voice846_ses-1_run-1_T1w (176 DICOMs) -> /out/sub-voice846/ses-1/anat . Converter: dcm2niix . Output types: ('nii.gz',)
INFO: [Node] Setting-up "convert" in "/tmp/dcm2niixlmtvcx6u/convert".
INFO: [Node] Executing "convert" <nipype.interfaces.dcm2nii.Dcm2niix>
INFO: stdout 2022-10-12T23:33:50.569402:Chris Rorden's dcm2niiX version v1.0.20211006  GCC10.2.1 x86-64 (64-bit Linux)
INFO: stdout 2022-10-12T23:33:50.569402:Found 176 DICOM file(s)
INFO: stdout 2022-10-12T23:33:50.569402:Convert 176 DICOM as /out/sub-voice846/ses-1/anat/sub-voice846_ses-1_run-1_T1w_heudiconv308 (256x256x176x1)
INFO: stdout 2022-10-12T23:33:52.395493:Compress: "/usr/bin/pigz" -b 960 -n -f -6 "/out/sub-voice846/ses-1/anat/sub-voice846_ses-1_run-1_T1w_heudiconv308.nii"
INFO: stdout 2022-10-12T23:33:52.395493:Conversion required 6.876329 seconds (0.464410 for core code).
INFO: [Node] Finished "convert", elapsed time 6.9184909999999995s.
WARNING: Failed to find task field in /out/sub-voice846/ses-1/anat/sub-voice846_ses-1_run-1_T1w.json.
INFO: Post-treating /out/sub-voice846/ses-1/anat/sub-voice846_ses-1_run-1_T1w.json file
INFO: Converting /out/sub-voice846/ses-1/anat/sub-voice846_ses-1_T2w (176 DICOMs) -> /out/sub-voice846/ses-1/anat . Converter: dcm2niix . Output types: ('nii.gz',)
INFO: [Node] Setting-up "convert" in "/tmp/dcm2niixsamtg4xi/convert".
INFO: [Node] Executing "convert" <nipype.interfaces.dcm2nii.Dcm2niix>
INFO: stdout 2022-10-12T23:33:58.310744:Chris Rorden's dcm2niiX version v1.0.20211006  GCC10.2.1 x86-64 (64-bit Linux)
INFO: stdout 2022-10-12T23:33:58.310744:Found 176 DICOM file(s)
INFO: stdout 2022-10-12T23:33:58.310744:Convert 176 DICOM as /out/sub-voice846/ses-1/anat/sub-voice846_ses-1_T2w_heudiconv896 (256x256x176x1)
INFO: stdout 2022-10-12T23:34:00.127434:Compress: "/usr/bin/pigz" -b 960 -n -f -6 "/out/sub-voice846/ses-1/anat/sub-voice846_ses-1_T2w_heudiconv896.nii"
INFO: stdout 2022-10-12T23:34:00.127434:Conversion required 6.369206 seconds (0.439565 for core code).
INFO: [Node] Finished "convert", elapsed time 6.413812s.
WARNING: Failed to find task field in /out/sub-voice846/ses-1/anat/sub-voice846_ses-1_T2w.json.
INFO: Post-treating /out/sub-voice846/ses-1/anat/sub-voice846_ses-1_T2w.json file
INFO: Converting /out/sub-voice846/ses-1/func/sub-voice846_ses-1_task-pataka_run-1_bold (207 DICOMs) -> /out/sub-voice846/ses-1/func . Converter: dcm2niix . Output types: ('nii.gz',)
INFO: [Node] Setting-up "convert" in "/tmp/dcm2niixrt2f7g6n/convert".
INFO: [Node] Executing "convert" <nipype.interfaces.dcm2nii.Dcm2niix>
INFO: stdout 2022-10-12T23:34:04.700269:Chris Rorden's dcm2niiX version v1.0.20211006  GCC10.2.1 x86-64 (64-bit Linux)
INFO: stdout 2022-10-12T23:34:04.700269:Found 207 DICOM file(s)
INFO: stdout 2022-10-12T23:34:04.700269:Warning: Slice timing appears corrupted (range 0..3135, TR=1640 ms)
INFO: stdout 2022-10-12T23:34:04.700269:Convert 207 DICOM as /out/sub-voice846/ses-1/func/sub-voice846_ses-1_task-pataka_run-1_bold_heudiconv457 (72x72x45x207)
INFO: stdout 2022-10-12T23:34:11.649894:Compress: "/usr/bin/pigz" -b 960 -n -f -6 "/out/sub-voice846/ses-1/func/sub-voice846_ses-1_task-pataka_run-1_bold_heudiconv457.nii"
INFO: stdout 2022-10-12T23:34:11.649894:Conversion required 11.277390 seconds (0.678746 for core code).
INFO: [Node] Finished "convert", elapsed time 11.414361s.
INFO: Post-treating /out/sub-voice846/ses-1/func/sub-voice846_ses-1_task-pataka_run-1_bold.json file
INFO: Converting /out/sub-voice846/ses-1/func/sub-voice846_ses-1_task-pataka_run-2_bold (205 DICOMs) -> /out/sub-voice846/ses-1/func . Converter: dcm2niix . Output types: ('nii.gz',)
INFO: [Node] Setting-up "convert" in "/tmp/dcm2niixdzzjwxnu/convert".
INFO: [Node] Executing "convert" <nipype.interfaces.dcm2nii.Dcm2niix>
INFO: stdout 2022-10-12T23:34:16.959723:Chris Rorden's dcm2niiX version v1.0.20211006  GCC10.2.1 x86-64 (64-bit Linux)
INFO: stdout 2022-10-12T23:34:16.959723:Found 205 DICOM file(s)
INFO: stdout 2022-10-12T23:34:16.959723:Warning: Slice timing appears corrupted (range 0..3137.5, TR=1640 ms)
INFO: stdout 2022-10-12T23:34:16.959723:Convert 205 DICOM as /out/sub-voice846/ses-1/func/sub-voice846_ses-1_task-pataka_run-2_bold_heudiconv362 (72x72x45x205)
INFO: stdout 2022-10-12T23:34:23.755555:Compress: "/usr/bin/pigz" -b 960 -n -f -6 "/out/sub-voice846/ses-1/func/sub-voice846_ses-1_task-pataka_run-2_bold_heudiconv362.nii"
INFO: stdout 2022-10-12T23:34:23.755555:Conversion required 11.416657 seconds (0.632149 for core code).
INFO: [Node] Finished "convert", elapsed time 11.471299s.
INFO: Post-treating /out/sub-voice846/ses-1/func/sub-voice846_ses-1_task-pataka_run-2_bold.json file
INFO: Converting /out/sub-voice846/ses-1/func/sub-voice846_ses-1_task-pitchsent_run-1_bold (64 DICOMs) -> /out/sub-voice846/ses-1/func . Converter: dcm2niix . Output types: ('nii.gz',)
INFO: [Node] Setting-up "convert" in "/tmp/dcm2niixhufavmtr/convert".
INFO: [Node] Executing "convert" <nipype.interfaces.dcm2nii.Dcm2niix>
INFO: stdout 2022-10-12T23:34:26.876053:Chris Rorden's dcm2niiX version v1.0.20211006  GCC10.2.1 x86-64 (64-bit Linux)
INFO: stdout 2022-10-12T23:34:26.876053:Found 64 DICOM file(s)
INFO: stdout 2022-10-12T23:34:26.876053:Warning: Slice timing appears corrupted (range 0..5360, TR=4000 ms)
INFO: stdout 2022-10-12T23:34:26.876053:Convert 64 DICOM as /out/sub-voice846/ses-1/func/sub-voice846_ses-1_task-pitchsent_run-1_bold_heudiconv205 (108x108x65x64)
INFO: stdout 2022-10-12T23:34:33.884016:Compress: "/usr/bin/pigz" -b 960 -n -f -6 "/out/sub-voice846/ses-1/func/sub-voice846_ses-1_task-pitchsent_run-1_bold_heudiconv205.nii"
INFO: stdout 2022-10-12T23:34:33.884016:Conversion required 9.606430 seconds (0.710137 for core code).
INFO: [Node] Finished "convert", elapsed time 9.78649s.
INFO: Post-treating /out/sub-voice846/ses-1/func/sub-voice846_ses-1_task-pitchsent_run-1_bold.json file
INFO: Converting /out/sub-voice846/ses-1/func/sub-voice846_ses-1_task-pitchsent_run-2_bold (64 DICOMs) -> /out/sub-voice846/ses-1/func . Converter: dcm2niix . Output types: ('nii.gz',)
INFO: [Node] Setting-up "convert" in "/tmp/dcm2niixmjeoedpm/convert".
INFO: [Node] Executing "convert" <nipype.interfaces.dcm2nii.Dcm2niix>
INFO: stdout 2022-10-12T23:34:41.970878:Chris Rorden's dcm2niiX version v1.0.20211006  GCC10.2.1 x86-64 (64-bit Linux)
INFO: stdout 2022-10-12T23:34:41.970878:Found 64 DICOM file(s)
INFO: stdout 2022-10-12T23:34:41.970878:Warning: Slice timing appears corrupted (range 0..5357.5, TR=4000 ms)
INFO: stdout 2022-10-12T23:34:41.970878:Convert 64 DICOM as /out/sub-voice846/ses-1/func/sub-voice846_ses-1_task-pitchsent_run-2_bold_heudiconv110 (108x108x65x64)
INFO: stdout 2022-10-12T23:34:49.325662:Compress: "/usr/bin/pigz" -b 960 -n -f -6 "/out/sub-voice846/ses-1/func/sub-voice846_ses-1_task-pitchsent_run-2_bold_heudiconv110.nii"
INFO: stdout 2022-10-12T23:34:49.325662:Conversion required 13.035516 seconds (0.863743 for core code).
INFO: [Node] Finished "convert", elapsed time 13.132503s.
INFO: Post-treating /out/sub-voice846/ses-1/func/sub-voice846_ses-1_task-pitchsent_run-2_bold.json file
INFO: Converting /out/sub-voice846/ses-1/func/sub-voice846_ses-1_task-nwr_run-1_bold (42 DICOMs) -> /out/sub-voice846/ses-1/func . Converter: dcm2niix . Output types: ('nii.gz',)
INFO: [Node] Setting-up "convert" in "/tmp/dcm2niixqgm5o1vt/convert".
INFO: [Node] Executing "convert" <nipype.interfaces.dcm2nii.Dcm2niix>
INFO: stdout 2022-10-12T23:34:52.279687:Chris Rorden's dcm2niiX version v1.0.20211006  GCC10.2.1 x86-64 (64-bit Linux)
INFO: stdout 2022-10-12T23:34:52.279687:Found 42 DICOM file(s)
INFO: stdout 2022-10-12T23:34:52.279687:Warning: Slice timing appears corrupted (range 0..5357.5, TR=4000 ms)
INFO: stdout 2022-10-12T23:34:52.279687:Convert 42 DICOM as /out/sub-voice846/ses-1/func/sub-voice846_ses-1_task-nwr_run-1_bold_heudiconv431 (108x108x65x42)
INFO: stdout 2022-10-12T23:34:57.031511:Compress: "/usr/bin/pigz" -b 960 -n -f -6 "/out/sub-voice846/ses-1/func/sub-voice846_ses-1_task-nwr_run-1_bold_heudiconv431.nii"
INFO: stdout 2022-10-12T23:34:57.031511:Conversion required 7.238449 seconds (0.438786 for core code).
INFO: [Node] Finished "convert", elapsed time 7.389611s.
INFO: Post-treating /out/sub-voice846/ses-1/func/sub-voice846_ses-1_task-nwr_run-1_bold.json file
INFO: Converting /out/sub-voice846/ses-1/func/sub-voice846_ses-1_task-nwr_run-2_bold (42 DICOMs) -> /out/sub-voice846/ses-1/func . Converter: dcm2niix . Output types: ('nii.gz',)
INFO: [Node] Setting-up "convert" in "/tmp/dcm2niix0w23y0_1/convert".
INFO: [Node] Executing "convert" <nipype.interfaces.dcm2nii.Dcm2niix>
INFO: stdout 2022-10-12T23:35:00.224210:Chris Rorden's dcm2niiX version v1.0.20211006  GCC10.2.1 x86-64 (64-bit Linux)
INFO: stdout 2022-10-12T23:35:00.224210:Found 42 DICOM file(s)
INFO: stdout 2022-10-12T23:35:00.224210:Warning: Slice timing appears corrupted (range 0..5357.5, TR=4000 ms)
INFO: stdout 2022-10-12T23:35:00.224210:Convert 42 DICOM as /out/sub-voice846/ses-1/func/sub-voice846_ses-1_task-nwr_run-2_bold_heudiconv779 (108x108x65x42)
INFO: stdout 2022-10-12T23:35:04.581179:Compress: "/usr/bin/pigz" -b 960 -n -f -6 "/out/sub-voice846/ses-1/func/sub-voice846_ses-1_task-nwr_run-2_bold_heudiconv779.nii"
INFO: stdout 2022-10-12T23:35:04.581179:Conversion required 6.967969 seconds (0.214984 for core code).
INFO: [Node] Finished "convert", elapsed time 7.048421s.
INFO: Post-treating /out/sub-voice846/ses-1/func/sub-voice846_ses-1_task-nwr_run-2_bold.json file
INFO: Converting /out/sub-voice846/ses-1/func/sub-voice846_ses-1_task-nwr_run-3_bold (42 DICOMs) -> /out/sub-voice846/ses-1/func . Converter: dcm2niix . Output types: ('nii.gz',)
INFO: [Node] Setting-up "convert" in "/tmp/dcm2niixrcu7xun0/convert".
INFO: [Node] Executing "convert" <nipype.interfaces.dcm2nii.Dcm2niix>
INFO: stdout 2022-10-12T23:35:07.569051:Chris Rorden's dcm2niiX version v1.0.20211006  GCC10.2.1 x86-64 (64-bit Linux)
INFO: stdout 2022-10-12T23:35:07.569051:Found 42 DICOM file(s)
INFO: stdout 2022-10-12T23:35:07.569051:Warning: Slice timing appears corrupted (range 0..5360, TR=4000 ms)
INFO: stdout 2022-10-12T23:35:07.569051:Convert 42 DICOM as /out/sub-voice846/ses-1/func/sub-voice846_ses-1_task-nwr_run-3_bold_heudiconv099 (108x108x65x42)
INFO: stdout 2022-10-12T23:35:12.269521:Compress: "/usr/bin/pigz" -b 960 -n -f -6 "/out/sub-voice846/ses-1/func/sub-voice846_ses-1_task-nwr_run-3_bold_heudiconv099.nii"
INFO: stdout 2022-10-12T23:35:12.269521:Conversion required 7.087687 seconds (0.214078 for core code).
INFO: [Node] Finished "convert", elapsed time 7.196003s.
INFO: Post-treating /out/sub-voice846/ses-1/func/sub-voice846_ses-1_task-nwr_run-3_bold.json file
INFO: Converting /out/sub-voice846/ses-1/func/sub-voice846_ses-1_task-facematch_run-1_bold (99 DICOMs) -> /out/sub-voice846/ses-1/func . Converter: dcm2niix . Output types: ('nii.gz',)
INFO: [Node] Setting-up "convert" in "/tmp/dcm2niixfnmdzzzi/convert".
INFO: [Node] Executing "convert" <nipype.interfaces.dcm2nii.Dcm2niix>
INFO: stdout 2022-10-12T23:35:17.272072:Chris Rorden's dcm2niiX version v1.0.20211006  GCC10.2.1 x86-64 (64-bit Linux)
INFO: stdout 2022-10-12T23:35:17.272072:Found 99 DICOM file(s)
INFO: stdout 2022-10-12T23:35:17.272072:Warning: Slice timing appears corrupted (range 0..5360, TR=2000 ms)
INFO: stdout 2022-10-12T23:35:17.272072:Convert 99 DICOM as /out/sub-voice846/ses-1/func/sub-voice846_ses-1_task-facematch_run-1_bold_heudiconv332 (108x108x65x99)
INFO: stdout 2022-10-12T23:35:27.573288:Compress: "/usr/bin/pigz" -b 960 -n -f -6 "/out/sub-voice846/ses-1/func/sub-voice846_ses-1_task-facematch_run-1_bold_heudiconv332.nii"
INFO: stdout 2022-10-12T23:35:27.573288:Conversion required 14.726505 seconds (0.910032 for core code).
INFO: [Node] Finished "convert", elapsed time 14.925257s.
INFO: Post-treating /out/sub-voice846/ses-1/func/sub-voice846_ses-1_task-facematch_run-1_bold.json file
INFO: Converting /out/sub-voice846/ses-1/func/sub-voice846_ses-1_task-facematch_run-2_bold (99 DICOMs) -> /out/sub-voice846/ses-1/func . Converter: dcm2niix . Output types: ('nii.gz',)
INFO: [Node] Setting-up "convert" in "/tmp/dcm2niixteho04no/convert".
INFO: [Node] Executing "convert" <nipype.interfaces.dcm2nii.Dcm2niix>
INFO: stdout 2022-10-12T23:35:33.651485:Chris Rorden's dcm2niiX version v1.0.20211006  GCC10.2.1 x86-64 (64-bit Linux)
INFO: stdout 2022-10-12T23:35:33.651485:Found 99 DICOM file(s)
INFO: stdout 2022-10-12T23:35:33.651485:Warning: Slice timing appears corrupted (range 0..5360, TR=2000 ms)
INFO: stdout 2022-10-12T23:35:33.651485:Convert 99 DICOM as /out/sub-voice846/ses-1/func/sub-voice846_ses-1_task-facematch_run-2_bold_heudiconv449 (108x108x65x99)
INFO: stdout 2022-10-12T23:35:44.075597:Compress: "/usr/bin/pigz" -b 960 -n -f -6 "/out/sub-voice846/ses-1/func/sub-voice846_ses-1_task-facematch_run-2_bold_heudiconv449.nii"
INFO: stdout 2022-10-12T23:35:44.075597:Conversion required 15.656440 seconds (1.095730 for core code).
INFO: [Node] Finished "convert", elapsed time 15.82294s.
INFO: Post-treating /out/sub-voice846/ses-1/func/sub-voice846_ses-1_task-facematch_run-2_bold.json file
INFO: Converting /out/sub-voice846/ses-1/func/sub-voice846_ses-1_task-emosent_run-1_bold (48 DICOMs) -> /out/sub-voice846/ses-1/func . Converter: dcm2niix . Output types: ('nii.gz',)
INFO: [Node] Setting-up "convert" in "/tmp/dcm2niix51z201xt/convert".
INFO: [Node] Executing "convert" <nipype.interfaces.dcm2nii.Dcm2niix>
INFO: stdout 2022-10-12T23:35:46.878675:Chris Rorden's dcm2niiX version v1.0.20211006  GCC10.2.1 x86-64 (64-bit Linux)
INFO: stdout 2022-10-12T23:35:46.878675:Found 48 DICOM file(s)
INFO: stdout 2022-10-12T23:35:46.878675:Warning: Slice timing appears corrupted (range 0..5360, TR=4000 ms)
INFO: stdout 2022-10-12T23:35:46.878675:Convert 48 DICOM as /out/sub-voice846/ses-1/func/sub-voice846_ses-1_task-emosent_run-1_bold_heudiconv238 (108x108x65x48)
INFO: stdout 2022-10-12T23:35:51.914849:Compress: "/usr/bin/pigz" -b 960 -n -f -6 "/out/sub-voice846/ses-1/func/sub-voice846_ses-1_task-emosent_run-1_bold_heudiconv238.nii"
INFO: stdout 2022-10-12T23:35:51.914849:Conversion required 7.265424 seconds (0.368513 for core code).
INFO: [Node] Finished "convert", elapsed time 7.407873s.
INFO: Post-treating /out/sub-voice846/ses-1/func/sub-voice846_ses-1_task-emosent_run-1_bold.json file
INFO: Converting /out/sub-voice846/ses-1/func/sub-voice846_ses-1_task-emosent_run-2_bold (48 DICOMs) -> /out/sub-voice846/ses-1/func . Converter: dcm2niix . Output types: ('nii.gz',)
INFO: [Node] Setting-up "convert" in "/tmp/dcm2niixbl0xa3yq/convert".
INFO: [Node] Executing "convert" <nipype.interfaces.dcm2nii.Dcm2niix>
INFO: stdout 2022-10-12T23:35:53.748946:Chris Rorden's dcm2niiX version v1.0.20211006  GCC10.2.1 x86-64 (64-bit Linux)
INFO: stdout 2022-10-12T23:35:53.748946:Found 48 DICOM file(s)
INFO: stdout 2022-10-12T23:35:53.748946:Warning: Slice timing appears corrupted (range 0..5360, TR=4000 ms)
INFO: stdout 2022-10-12T23:35:53.748946:Convert 48 DICOM as /out/sub-voice846/ses-1/func/sub-voice846_ses-1_task-emosent_run-2_bold_heudiconv149 (108x108x65x48)
INFO: stdout 2022-10-12T23:35:58.949371:Compress: "/usr/bin/pigz" -b 960 -n -f -6 "/out/sub-voice846/ses-1/func/sub-voice846_ses-1_task-emosent_run-2_bold_heudiconv149.nii"
INFO: stdout 2022-10-12T23:35:58.949371:Conversion required 6.494830 seconds (0.377517 for core code).
INFO: [Node] Finished "convert", elapsed time 6.623333s.
INFO: Post-treating /out/sub-voice846/ses-1/func/sub-voice846_ses-1_task-emosent_run-2_bold.json file
INFO: Converting /out/sub-voice846/ses-1/func/sub-voice846_ses-1_task-vowel_run-1_bold (60 DICOMs) -> /out/sub-voice846/ses-1/func . Converter: dcm2niix . Output types: ('nii.gz',)
INFO: [Node] Setting-up "convert" in "/tmp/dcm2niixi5o1u6w_/convert".
INFO: [Node] Executing "convert" <nipype.interfaces.dcm2nii.Dcm2niix>
INFO: stdout 2022-10-12T23:36:06.593308:Chris Rorden's dcm2niiX version v1.0.20211006  GCC10.2.1 x86-64 (64-bit Linux)
INFO: stdout 2022-10-12T23:36:06.593308:Found 60 DICOM file(s)
INFO: stdout 2022-10-12T23:36:06.593308:Warning: Slice timing appears corrupted (range 0..5360, TR=4000 ms)
INFO: stdout 2022-10-12T23:36:06.593308:Convert 60 DICOM as /out/sub-voice846/ses-1/func/sub-voice846_ses-1_task-vowel_run-1_bold_heudiconv411 (108x108x65x60)
INFO: stdout 2022-10-12T23:36:12.557620:Compress: "/usr/bin/pigz" -b 960 -n -f -6 "/out/sub-voice846/ses-1/func/sub-voice846_ses-1_task-vowel_run-1_bold_heudiconv411.nii"
INFO: stdout 2022-10-12T23:36:12.557620:Conversion required 11.701701 seconds (0.804146 for core code).
INFO: [Node] Finished "convert", elapsed time 11.801394s.
INFO: Post-treating /out/sub-voice846/ses-1/func/sub-voice846_ses-1_task-vowel_run-1_bold.json file
INFO: Converting /out/sub-voice846/ses-1/func/sub-voice846_ses-1_task-vowel_run-2_bold (60 DICOMs) -> /out/sub-voice846/ses-1/func . Converter: dcm2niix . Output types: ('nii.gz',)
INFO: [Node] Setting-up "convert" in "/tmp/dcm2niixm1iyielu/convert".
INFO: [Node] Executing "convert" <nipype.interfaces.dcm2nii.Dcm2niix>
INFO: stdout 2022-10-12T23:36:17.360433:Chris Rorden's dcm2niiX version v1.0.20211006  GCC10.2.1 x86-64 (64-bit Linux)
INFO: stdout 2022-10-12T23:36:17.360433:Found 60 DICOM file(s)
INFO: stdout 2022-10-12T23:36:17.360433:Warning: Slice timing appears corrupted (range 0..5360, TR=4000 ms)
INFO: stdout 2022-10-12T23:36:17.360433:Convert 60 DICOM as /out/sub-voice846/ses-1/func/sub-voice846_ses-1_task-vowel_run-2_bold_heudiconv241 (108x108x65x60)
INFO: stdout 2022-10-12T23:36:23.305031:Compress: "/usr/bin/pigz" -b 960 -n -f -6 "/out/sub-voice846/ses-1/func/sub-voice846_ses-1_task-vowel_run-2_bold_heudiconv241.nii"
INFO: stdout 2022-10-12T23:36:23.305031:Conversion required 10.356091 seconds (0.710094 for core code).
INFO: [Node] Finished "convert", elapsed time 11.057895s.
INFO: Post-treating /out/sub-voice846/ses-1/func/sub-voice846_ses-1_task-vowel_run-2_bold.json file
INFO: Converting /out/sub-voice846/ses-1/func/sub-voice846_ses-1_task-pitchnw_run-1_bold (98 DICOMs) -> /out/sub-voice846/ses-1/func . Converter: dcm2niix . Output types: ('nii.gz',)
INFO: [Node] Setting-up "convert" in "/tmp/dcm2niixb3_dnkg1/convert".
INFO: [Node] Executing "convert" <nipype.interfaces.dcm2nii.Dcm2niix>
INFO: stdout 2022-10-12T23:36:31.227220:Chris Rorden's dcm2niiX version v1.0.20211006  GCC10.2.1 x86-64 (64-bit Linux)
INFO: stdout 2022-10-12T23:36:31.227220:Found 98 DICOM file(s)
INFO: stdout 2022-10-12T23:36:31.227220:Warning: Slice timing appears corrupted (range 0..5357.5, TR=2000 ms)
INFO: stdout 2022-10-12T23:36:31.227220:Convert 98 DICOM as /out/sub-voice846/ses-1/func/sub-voice846_ses-1_task-pitchnw_run-1_bold_heudiconv827 (108x108x65x98)
INFO: stdout 2022-10-12T23:36:41.889516:Compress: "/usr/bin/pigz" -b 960 -n -f -6 "/out/sub-voice846/ses-1/func/sub-voice846_ses-1_task-pitchnw_run-1_bold_heudiconv827.nii"
INFO: stdout 2022-10-12T23:36:41.889516:Conversion required 15.711744 seconds (1.150764 for core code).
INFO: [Node] Finished "convert", elapsed time 15.791601s.
INFO: Post-treating /out/sub-voice846/ses-1/func/sub-voice846_ses-1_task-pitchnw_run-1_bold.json file
INFO: Converting /out/sub-voice846/ses-1/func/sub-voice846_ses-1_task-pitchnw_run-2_bold (101 DICOMs) -> /out/sub-voice846/ses-1/func . Converter: dcm2niix . Output types: ('nii.gz',)
INFO: [Node] Setting-up "convert" in "/tmp/dcm2niixy2n7ui8y/convert".
INFO: [Node] Executing "convert" <nipype.interfaces.dcm2nii.Dcm2niix>
INFO: stdout 2022-10-12T23:36:50.535736:Chris Rorden's dcm2niiX version v1.0.20211006  GCC10.2.1 x86-64 (64-bit Linux)
INFO: stdout 2022-10-12T23:36:50.535736:Found 101 DICOM file(s)
INFO: stdout 2022-10-12T23:36:50.535736:Warning: Slice timing appears corrupted (range 0..5357.5, TR=2000 ms)
INFO: stdout 2022-10-12T23:36:50.535736:Convert 101 DICOM as /out/sub-voice846/ses-1/func/sub-voice846_ses-1_task-pitchnw_run-2_bold_heudiconv323 (108x108x65x101)
INFO: stdout 2022-10-12T23:37:02.242516:Compress: "/usr/bin/pigz" -b 960 -n -f -6 "/out/sub-voice846/ses-1/func/sub-voice846_ses-1_task-pitchnw_run-2_bold_heudiconv323.nii"
INFO: stdout 2022-10-12T23:37:02.242516:Conversion required 19.173280 seconds (0.851158 for core code).
INFO: [Node] Finished "convert", elapsed time 19.242142s.
INFO: Post-treating /out/sub-voice846/ses-1/func/sub-voice846_ses-1_task-pitchnw_run-2_bold.json file
INFO: Converting /out/sub-voice846/ses-1/func/sub-voice846_ses-1_task-movie_run-1_bold (135 DICOMs) -> /out/sub-voice846/ses-1/func . Converter: dcm2niix . Output types: ('nii.gz',)
INFO: [Node] Setting-up "convert" in "/tmp/dcm2niixzzlmqgc8/convert".
INFO: [Node] Executing "convert" <nipype.interfaces.dcm2nii.Dcm2niix>
INFO: stdout 2022-10-12T23:37:13.277469:Chris Rorden's dcm2niiX version v1.0.20211006  GCC10.2.1 x86-64 (64-bit Linux)
INFO: stdout 2022-10-12T23:37:13.277469:Found 135 DICOM file(s)
INFO: stdout 2022-10-12T23:37:13.277469:Warning: Slice timing appears corrupted (range 0..5357.5, TR=1090 ms)
INFO: stdout 2022-10-12T23:37:13.277469:Convert 135 DICOM as /out/sub-voice846/ses-1/func/sub-voice846_ses-1_task-movie_run-1_bold_heudiconv488 (108x108x65x135)
INFO: stdout 2022-10-12T23:37:27.159237:Compress: "/usr/bin/pigz" -b 960 -n -f -6 "/out/sub-voice846/ses-1/func/sub-voice846_ses-1_task-movie_run-1_bold_heudiconv488.nii"
INFO: stdout 2022-10-12T23:37:27.159237:Conversion required 22.728977 seconds (1.404158 for core code).
INFO: [Node] Finished "convert", elapsed time 22.791035s.
INFO: Post-treating /out/sub-voice846/ses-1/func/sub-voice846_ses-1_task-movie_run-1_bold.json file
WARNING: Existing lockfile found in /out/heudiconv.lock - waiting for the lock to be released. To set a timeout limit, set the HEUDICONV_FILELOCK_TIMEOUT environmental variable to a value in seconds. If this process hangs, it may require a manual deletion of the /out/heudiconv.lock.
INFO: Populating template files under /out/
INFO: PROCESSING DONE: {'subject': 'voice846', 'outdir': '/out/', 'session': '1'}
