INFO: Running heudiconv version 0.11.3+d20220512 latest 0.11.4
INFO: Need to process 1 study sessions
INFO: PROCESSING STARTS: {'subject': 'voice994', 'outdir': '/out/', 'session': '1'}
INFO: Processing 4650 dicoms
INFO: Analyzing 4650 dicoms
INFO: Generated sequence info for 44 accession numbers with 4650 entries total
INFO: Doing conversion using dcm2niix
INFO: Converting /out/sub-voice994/ses-1/func/sub-voice994_ses-1_task-rest_run-1_bold (300 DICOMs) -> /out/sub-voice994/ses-1/func . Converter: dcm2niix . Output types: ('nii.gz',)
WARNING: A newer version (1.8.4) of nipy/nipype is available. You are using 1.8.0
INFO: [Node] Setting-up "convert" in "/tmp/dcm2niixg9h2_0up/convert".
INFO: [Node] Executing "convert" <nipype.interfaces.dcm2nii.Dcm2niix>
INFO: stdout 2022-10-12T23:41:54.174058:Chris Rorden's dcm2niiX version v1.0.20211006  GCC10.2.1 x86-64 (64-bit Linux)
INFO: stdout 2022-10-12T23:41:54.174058:Found 300 DICOM file(s)
INFO: stdout 2022-10-12T23:41:54.174058:Warning: Slice timing appears corrupted (range 0..5357.5, TR=1090 ms)
INFO: stdout 2022-10-12T23:41:54.174058:Convert 300 DICOM as /out/sub-voice994/ses-1/func/sub-voice994_ses-1_task-rest_run-1_bold_heudiconv797 (108x108x65x300)
INFO: stdout 2022-10-12T23:42:24.534550:Compress: "/usr/bin/pigz" -b 960 -n -f -6 "/out/sub-voice994/ses-1/func/sub-voice994_ses-1_task-rest_run-1_bold_heudiconv797.nii"
INFO: stdout 2022-10-12T23:42:24.534550:Conversion required 31.700301 seconds (1.015022 for core code).
INFO: [Node] Finished "convert", elapsed time 31.742501s.
INFO: Post-treating /out/sub-voice994/ses-1/func/sub-voice994_ses-1_task-rest_run-1_bold.json file
INFO: Converting /out/sub-voice994/ses-1/fmap/sub-voice994_ses-1_acq-func_dir-PA_run-1_epi (260 DICOMs) -> /out/sub-voice994/ses-1/fmap . Converter: dcm2niix . Output types: ('nii.gz',)
INFO: [Node] Setting-up "convert" in "/tmp/dcm2niix7jlh5ir5/convert".
INFO: [Node] Executing "convert" <nipype.interfaces.dcm2nii.Dcm2niix>
INFO: stdout 2022-10-12T23:42:26.690339:Chris Rorden's dcm2niiX version v1.0.20211006  GCC10.2.1 x86-64 (64-bit Linux)
INFO: stdout 2022-10-12T23:42:26.690339:Found 260 DICOM file(s)
INFO: stdout 2022-10-12T23:42:26.690339:Convert 260 DICOM as /out/sub-voice994/ses-1/fmap/sub-voice994_ses-1_acq-func_dir-PA_run-1_epi_heudiconv032 (108x108x65x4)
INFO: stdout 2022-10-12T23:42:27.165434:Compress: "/usr/bin/pigz" -b 960 -n -f -6 "/out/sub-voice994/ses-1/fmap/sub-voice994_ses-1_acq-func_dir-PA_run-1_epi_heudiconv032.nii"
INFO: stdout 2022-10-12T23:42:27.165434:Conversion required 1.737884 seconds (0.189756 for core code).
INFO: [Node] Finished "convert", elapsed time 1.8348870000000002s.
WARNING: Failed to find task field in /out/sub-voice994/ses-1/fmap/sub-voice994_ses-1_acq-func_dir-PA_run-1_epi.json.
INFO: Post-treating /out/sub-voice994/ses-1/fmap/sub-voice994_ses-1_acq-func_dir-PA_run-1_epi.json file
INFO: Converting /out/sub-voice994/ses-1/fmap/sub-voice994_ses-1_acq-func_dir-AP_run-2_epi (260 DICOMs) -> /out/sub-voice994/ses-1/fmap . Converter: dcm2niix . Output types: ('nii.gz',)
INFO: [Node] Setting-up "convert" in "/tmp/dcm2niixx7nnbfib/convert".
INFO: [Node] Executing "convert" <nipype.interfaces.dcm2nii.Dcm2niix>
INFO: stdout 2022-10-12T23:42:29.583910:Chris Rorden's dcm2niiX version v1.0.20211006  GCC10.2.1 x86-64 (64-bit Linux)
INFO: stdout 2022-10-12T23:42:29.583910:Found 260 DICOM file(s)
INFO: stdout 2022-10-12T23:42:29.583910:Convert 260 DICOM as /out/sub-voice994/ses-1/fmap/sub-voice994_ses-1_acq-func_dir-AP_run-2_epi_heudiconv424 (108x108x65x4)
INFO: stdout 2022-10-12T23:42:30.046479:Compress: "/usr/bin/pigz" -b 960 -n -f -6 "/out/sub-voice994/ses-1/fmap/sub-voice994_ses-1_acq-func_dir-AP_run-2_epi_heudiconv424.nii"
INFO: stdout 2022-10-12T23:42:30.046479:Conversion required 2.349736 seconds (0.265354 for core code).
INFO: [Node] Finished "convert", elapsed time 2.442891s.
WARNING: Failed to find task field in /out/sub-voice994/ses-1/fmap/sub-voice994_ses-1_acq-func_dir-AP_run-2_epi.json.
INFO: Post-treating /out/sub-voice994/ses-1/fmap/sub-voice994_ses-1_acq-func_dir-AP_run-2_epi.json file
INFO: Converting /out/sub-voice994/ses-1/dwi/sub-voice994_ses-1_acq-PA_dwi (72 DICOMs) -> /out/sub-voice994/ses-1/dwi . Converter: dcm2niix . Output types: ('nii.gz',)
INFO: [Node] Setting-up "convert" in "/tmp/dcm2niix_etua1o5/convert".
INFO: [Node] Executing "convert" <nipype.interfaces.dcm2nii.Dcm2niix>
INFO: stdout 2022-10-12T23:42:31.647201:Chris Rorden's dcm2niiX version v1.0.20211006  GCC10.2.1 x86-64 (64-bit Linux)
INFO: stdout 2022-10-12T23:42:31.647201:Found 72 DICOM file(s)
INFO: stdout 2022-10-12T23:42:31.647201:Warning: Slice timing appears corrupted (range 0..8.63999e+07, TR=4400 ms)
INFO: stdout 2022-10-12T23:42:31.647201:Convert 72 DICOM as /out/sub-voice994/ses-1/dwi/sub-voice994_ses-1_acq-PA_dwi_heudiconv086 (120x120x66x72)
INFO: stdout 2022-10-12T23:42:40.611254:Compress: "/usr/bin/pigz" -b 960 -n -f -6 "/out/sub-voice994/ses-1/dwi/sub-voice994_ses-1_acq-PA_dwi_heudiconv086.nii"
INFO: stdout 2022-10-12T23:42:40.611254:Conversion required 10.309517 seconds (0.352133 for core code).
INFO: [Node] Finished "convert", elapsed time 10.387854s.
WARNING: Failed to find task field in /out/sub-voice994/ses-1/dwi/sub-voice994_ses-1_acq-PA_dwi.json.
INFO: Post-treating /out/sub-voice994/ses-1/dwi/sub-voice994_ses-1_acq-PA_dwi.json file
INFO: Converting /out/sub-voice994/ses-1/dwi/sub-voice994_ses-1_acq-AP_dwi (7 DICOMs) -> /out/sub-voice994/ses-1/dwi . Converter: dcm2niix . Output types: ('nii.gz',)
INFO: [Node] Setting-up "convert" in "/tmp/dcm2niixdgj3sif1/convert".
INFO: [Node] Executing "convert" <nipype.interfaces.dcm2nii.Dcm2niix>
INFO: stdout 2022-10-12T23:42:41.292229:Chris Rorden's dcm2niiX version v1.0.20211006  GCC10.2.1 x86-64 (64-bit Linux)
INFO: stdout 2022-10-12T23:42:41.292229:Found 7 DICOM file(s)
INFO: stdout 2022-10-12T23:42:41.292229:Warning: Slice timing appears corrupted (range 0..8.63999e+07, TR=4400 ms)
INFO: stdout 2022-10-12T23:42:41.292229:Convert 7 DICOM as /out/sub-voice994/ses-1/dwi/sub-voice994_ses-1_acq-AP_dwi_heudiconv913 (120x120x66x7)
INFO: stdout 2022-10-12T23:42:42.223199:Compress: "/usr/bin/pigz" -b 960 -n -f -6 "/out/sub-voice994/ses-1/dwi/sub-voice994_ses-1_acq-AP_dwi_heudiconv913.nii"
INFO: stdout 2022-10-12T23:42:42.223199:Conversion required 1.169900 seconds (0.049698 for core code).
INFO: [Node] Finished "convert", elapsed time 1.236018s.
WARNING: Failed to find task field in /out/sub-voice994/ses-1/dwi/sub-voice994_ses-1_acq-AP_dwi.json.
INFO: Post-treating /out/sub-voice994/ses-1/dwi/sub-voice994_ses-1_acq-AP_dwi.json file
INFO: Converting /out/sub-voice994/ses-1/anat/sub-voice994_ses-1_run-1_T1w (176 DICOMs) -> /out/sub-voice994/ses-1/anat . Converter: dcm2niix . Output types: ('nii.gz',)
INFO: [Node] Setting-up "convert" in "/tmp/dcm2niixyp6au76m/convert".
INFO: [Node] Executing "convert" <nipype.interfaces.dcm2nii.Dcm2niix>
INFO: stdout 2022-10-12T23:42:44.331328:Chris Rorden's dcm2niiX version v1.0.20211006  GCC10.2.1 x86-64 (64-bit Linux)
INFO: stdout 2022-10-12T23:42:44.331328:Found 176 DICOM file(s)
INFO: stdout 2022-10-12T23:42:44.331328:Convert 176 DICOM as /out/sub-voice994/ses-1/anat/sub-voice994_ses-1_run-1_T1w_heudiconv117 (256x256x176x1)
INFO: stdout 2022-10-12T23:42:46.135136:Compress: "/usr/bin/pigz" -b 960 -n -f -6 "/out/sub-voice994/ses-1/anat/sub-voice994_ses-1_run-1_T1w_heudiconv117.nii"
INFO: stdout 2022-10-12T23:42:46.135136:Conversion required 3.376366 seconds (0.321712 for core code).
INFO: [Node] Finished "convert", elapsed time 3.528469s.
WARNING: Failed to find task field in /out/sub-voice994/ses-1/anat/sub-voice994_ses-1_run-1_T1w.json.
INFO: Post-treating /out/sub-voice994/ses-1/anat/sub-voice994_ses-1_run-1_T1w.json file
INFO: Converting /out/sub-voice994/ses-1/func/sub-voice994_ses-1_task-pataka_run-1_bold (207 DICOMs) -> /out/sub-voice994/ses-1/func . Converter: dcm2niix . Output types: ('nii.gz',)
INFO: [Node] Setting-up "convert" in "/tmp/dcm2niixr33djqip/convert".
INFO: [Node] Executing "convert" <nipype.interfaces.dcm2nii.Dcm2niix>
INFO: stdout 2022-10-12T23:42:47.985202:Chris Rorden's dcm2niiX version v1.0.20211006  GCC10.2.1 x86-64 (64-bit Linux)
INFO: stdout 2022-10-12T23:42:47.985202:Found 207 DICOM file(s)
INFO: stdout 2022-10-12T23:42:47.985202:Warning: Slice timing appears corrupted (range 0..3135, TR=1640 ms)
INFO: stdout 2022-10-12T23:42:47.985202:Convert 207 DICOM as /out/sub-voice994/ses-1/func/sub-voice994_ses-1_task-pataka_run-1_bold_heudiconv089 (72x72x45x207)
INFO: stdout 2022-10-12T23:42:54.791084:Compress: "/usr/bin/pigz" -b 960 -n -f -6 "/out/sub-voice994/ses-1/func/sub-voice994_ses-1_task-pataka_run-1_bold_heudiconv089.nii"
INFO: stdout 2022-10-12T23:42:54.791084:Conversion required 8.174012 seconds (0.402451 for core code).
INFO: [Node] Finished "convert", elapsed time 8.277091s.
INFO: Post-treating /out/sub-voice994/ses-1/func/sub-voice994_ses-1_task-pataka_run-1_bold.json file
INFO: Converting /out/sub-voice994/ses-1/func/sub-voice994_ses-1_task-pataka_run-2_bold (207 DICOMs) -> /out/sub-voice994/ses-1/func . Converter: dcm2niix . Output types: ('nii.gz',)
INFO: [Node] Setting-up "convert" in "/tmp/dcm2niixpa9u8men/convert".
INFO: [Node] Executing "convert" <nipype.interfaces.dcm2nii.Dcm2niix>
INFO: stdout 2022-10-12T23:42:57.776148:Chris Rorden's dcm2niiX version v1.0.20211006  GCC10.2.1 x86-64 (64-bit Linux)
INFO: stdout 2022-10-12T23:42:57.776148:Found 207 DICOM file(s)
INFO: stdout 2022-10-12T23:42:57.776148:Warning: Slice timing appears corrupted (range 0..3135, TR=1640 ms)
INFO: stdout 2022-10-12T23:42:57.776148:Convert 207 DICOM as /out/sub-voice994/ses-1/func/sub-voice994_ses-1_task-pataka_run-2_bold_heudiconv474 (72x72x45x207)
INFO: stdout 2022-10-12T23:43:04.634446:Compress: "/usr/bin/pigz" -b 960 -n -f -6 "/out/sub-voice994/ses-1/func/sub-voice994_ses-1_task-pataka_run-2_bold_heudiconv474.nii"
INFO: stdout 2022-10-12T23:43:04.634446:Conversion required 9.228371 seconds (0.372088 for core code).
INFO: [Node] Finished "convert", elapsed time 9.342119s.
INFO: Post-treating /out/sub-voice994/ses-1/func/sub-voice994_ses-1_task-pataka_run-2_bold.json file
INFO: Converting /out/sub-voice994/ses-1/func/sub-voice994_ses-1_task-pitchsent_run-1_bold (57 DICOMs) -> /out/sub-voice994/ses-1/func . Converter: dcm2niix . Output types: ('nii.gz',)
INFO: [Node] Setting-up "convert" in "/tmp/dcm2niixc3cooh0l/convert".
INFO: [Node] Executing "convert" <nipype.interfaces.dcm2nii.Dcm2niix>
INFO: stdout 2022-10-12T23:43:06.030212:Chris Rorden's dcm2niiX version v1.0.20211006  GCC10.2.1 x86-64 (64-bit Linux)
INFO: stdout 2022-10-12T23:43:06.030212:Found 57 DICOM file(s)
INFO: stdout 2022-10-12T23:43:06.030212:Warning: Slice timing appears corrupted (range 0..5360, TR=4000 ms)
INFO: stdout 2022-10-12T23:43:06.030212:Convert 57 DICOM as /out/sub-voice994/ses-1/func/sub-voice994_ses-1_task-pitchsent_run-1_bold_heudiconv580 (108x108x65x57)
INFO: stdout 2022-10-12T23:43:12.057662:Compress: "/usr/bin/pigz" -b 960 -n -f -6 "/out/sub-voice994/ses-1/func/sub-voice994_ses-1_task-pitchsent_run-1_bold_heudiconv580.nii"
INFO: stdout 2022-10-12T23:43:12.057662:Conversion required 6.751037 seconds (0.215862 for core code).
INFO: [Node] Finished "convert", elapsed time 6.877071s.
INFO: Post-treating /out/sub-voice994/ses-1/func/sub-voice994_ses-1_task-pitchsent_run-1_bold.json file
INFO: Converting /out/sub-voice994/ses-1/func/sub-voice994_ses-1_task-pitchsent_run-2_bold (57 DICOMs) -> /out/sub-voice994/ses-1/func . Converter: dcm2niix . Output types: ('nii.gz',)
INFO: [Node] Setting-up "convert" in "/tmp/dcm2niix9dzi6pbb/convert".
INFO: [Node] Executing "convert" <nipype.interfaces.dcm2nii.Dcm2niix>
INFO: stdout 2022-10-12T23:43:13.039881:Chris Rorden's dcm2niiX version v1.0.20211006  GCC10.2.1 x86-64 (64-bit Linux)
INFO: stdout 2022-10-12T23:43:13.039881:Found 57 DICOM file(s)
INFO: stdout 2022-10-12T23:43:13.039881:Warning: Slice timing appears corrupted (range 0..5357.5, TR=4000 ms)
INFO: stdout 2022-10-12T23:43:13.039881:Convert 57 DICOM as /out/sub-voice994/ses-1/func/sub-voice994_ses-1_task-pitchsent_run-2_bold_heudiconv901 (108x108x65x57)
INFO: stdout 2022-10-12T23:43:19.276991:Compress: "/usr/bin/pigz" -b 960 -n -f -6 "/out/sub-voice994/ses-1/func/sub-voice994_ses-1_task-pitchsent_run-2_bold_heudiconv901.nii"
INFO: stdout 2022-10-12T23:43:19.276991:Conversion required 6.595182 seconds (0.220222 for core code).
INFO: [Node] Finished "convert", elapsed time 6.939967s.
INFO: Post-treating /out/sub-voice994/ses-1/func/sub-voice994_ses-1_task-pitchsent_run-2_bold.json file
INFO: Converting /out/sub-voice994/ses-1/func/sub-voice994_ses-1_task-pitchsent_run-3_bold (57 DICOMs) -> /out/sub-voice994/ses-1/func . Converter: dcm2niix . Output types: ('nii.gz',)
INFO: [Node] Setting-up "convert" in "/tmp/dcm2niixk742e1fi/convert".
INFO: [Node] Executing "convert" <nipype.interfaces.dcm2nii.Dcm2niix>
INFO: stdout 2022-10-12T23:43:19.841009:Chris Rorden's dcm2niiX version v1.0.20211006  GCC10.2.1 x86-64 (64-bit Linux)
INFO: stdout 2022-10-12T23:43:19.841009:Found 57 DICOM file(s)
INFO: stdout 2022-10-12T23:43:19.841009:Warning: Slice timing appears corrupted (range 0..5360, TR=4000 ms)
INFO: stdout 2022-10-12T23:43:19.841009:Convert 57 DICOM as /out/sub-voice994/ses-1/func/sub-voice994_ses-1_task-pitchsent_run-3_bold_heudiconv258 (108x108x65x57)
INFO: stdout 2022-10-12T23:43:26.436363:Compress: "/usr/bin/pigz" -b 960 -n -f -6 "/out/sub-voice994/ses-1/func/sub-voice994_ses-1_task-pitchsent_run-3_bold_heudiconv258.nii"
INFO: stdout 2022-10-12T23:43:26.436363:Conversion required 6.891585 seconds (0.224107 for core code).
INFO: [Node] Finished "convert", elapsed time 6.989535s.
INFO: Post-treating /out/sub-voice994/ses-1/func/sub-voice994_ses-1_task-pitchsent_run-3_bold.json file
INFO: Converting /out/sub-voice994/ses-1/func/sub-voice994_ses-1_task-nwr_run-1_bold (42 DICOMs) -> /out/sub-voice994/ses-1/func . Converter: dcm2niix . Output types: ('nii.gz',)
INFO: [Node] Setting-up "convert" in "/tmp/dcm2niixoh7_1635/convert".
INFO: [Node] Executing "convert" <nipype.interfaces.dcm2nii.Dcm2niix>
INFO: stdout 2022-10-12T23:43:27.298396:Chris Rorden's dcm2niiX version v1.0.20211006  GCC10.2.1 x86-64 (64-bit Linux)
INFO: stdout 2022-10-12T23:43:27.298396:Found 42 DICOM file(s)
INFO: stdout 2022-10-12T23:43:27.298396:Warning: Slice timing appears corrupted (range 0..5360, TR=4000 ms)
INFO: stdout 2022-10-12T23:43:27.298396:Convert 42 DICOM as /out/sub-voice994/ses-1/func/sub-voice994_ses-1_task-nwr_run-1_bold_heudiconv050 (108x108x65x42)
INFO: stdout 2022-10-12T23:43:31.817237:Compress: "/usr/bin/pigz" -b 960 -n -f -6 "/out/sub-voice994/ses-1/func/sub-voice994_ses-1_task-nwr_run-1_bold_heudiconv050.nii"
INFO: stdout 2022-10-12T23:43:31.817237:Conversion required 5.032934 seconds (0.170311 for core code).
INFO: [Node] Finished "convert", elapsed time 5.172505s.
INFO: Post-treating /out/sub-voice994/ses-1/func/sub-voice994_ses-1_task-nwr_run-1_bold.json file
INFO: Converting /out/sub-voice994/ses-1/func/sub-voice994_ses-1_task-nwr_run-2_bold (42 DICOMs) -> /out/sub-voice994/ses-1/func . Converter: dcm2niix . Output types: ('nii.gz',)
INFO: [Node] Setting-up "convert" in "/tmp/dcm2niix5zy1y1ev/convert".
INFO: [Node] Executing "convert" <nipype.interfaces.dcm2nii.Dcm2niix>
INFO: stdout 2022-10-12T23:43:32.334336:Chris Rorden's dcm2niiX version v1.0.20211006  GCC10.2.1 x86-64 (64-bit Linux)
INFO: stdout 2022-10-12T23:43:32.334336:Found 42 DICOM file(s)
INFO: stdout 2022-10-12T23:43:32.334336:Warning: Slice timing appears corrupted (range 0..5357.5, TR=4000 ms)
INFO: stdout 2022-10-12T23:43:32.334336:Convert 42 DICOM as /out/sub-voice994/ses-1/func/sub-voice994_ses-1_task-nwr_run-2_bold_heudiconv278 (108x108x65x42)
INFO: stdout 2022-10-12T23:43:36.822715:Compress: "/usr/bin/pigz" -b 960 -n -f -6 "/out/sub-voice994/ses-1/func/sub-voice994_ses-1_task-nwr_run-2_bold_heudiconv278.nii"
INFO: stdout 2022-10-12T23:43:36.822715:Conversion required 4.797277 seconds (0.170960 for core code).
INFO: [Node] Finished "convert", elapsed time 4.874939s.
INFO: Post-treating /out/sub-voice994/ses-1/func/sub-voice994_ses-1_task-nwr_run-2_bold.json file
INFO: Converting /out/sub-voice994/ses-1/func/sub-voice994_ses-1_task-facematch_run-1_bold (99 DICOMs) -> /out/sub-voice994/ses-1/func . Converter: dcm2niix . Output types: ('nii.gz',)
INFO: [Node] Setting-up "convert" in "/tmp/dcm2niixord0u1xc/convert".
INFO: [Node] Executing "convert" <nipype.interfaces.dcm2nii.Dcm2niix>
INFO: stdout 2022-10-12T23:43:37.932342:Chris Rorden's dcm2niiX version v1.0.20211006  GCC10.2.1 x86-64 (64-bit Linux)
INFO: stdout 2022-10-12T23:43:37.932342:Found 99 DICOM file(s)
INFO: stdout 2022-10-12T23:43:37.932342:Warning: Slice timing appears corrupted (range 0..5357.5, TR=2000 ms)
INFO: stdout 2022-10-12T23:43:37.932342:Convert 99 DICOM as /out/sub-voice994/ses-1/func/sub-voice994_ses-1_task-facematch_run-1_bold_heudiconv354 (108x108x65x99)
INFO: stdout 2022-10-12T23:43:48.453798:Compress: "/usr/bin/pigz" -b 960 -n -f -6 "/out/sub-voice994/ses-1/func/sub-voice994_ses-1_task-facematch_run-1_bold_heudiconv354.nii"
INFO: stdout 2022-10-12T23:43:48.453798:Conversion required 11.187379 seconds (0.395992 for core code).
INFO: [Node] Finished "convert", elapsed time 11.347005s.
INFO: Post-treating /out/sub-voice994/ses-1/func/sub-voice994_ses-1_task-facematch_run-1_bold.json file
INFO: Converting /out/sub-voice994/ses-1/func/sub-voice994_ses-1_task-facematch_run-2_bold (99 DICOMs) -> /out/sub-voice994/ses-1/func . Converter: dcm2niix . Output types: ('nii.gz',)
INFO: [Node] Setting-up "convert" in "/tmp/dcm2niixtrw9ln2h/convert".
INFO: [Node] Executing "convert" <nipype.interfaces.dcm2nii.Dcm2niix>
INFO: stdout 2022-10-12T23:43:49.740864:Chris Rorden's dcm2niiX version v1.0.20211006  GCC10.2.1 x86-64 (64-bit Linux)
INFO: stdout 2022-10-12T23:43:49.740864:Found 99 DICOM file(s)
INFO: stdout 2022-10-12T23:43:49.740864:Warning: Slice timing appears corrupted (range 0..5360, TR=2000 ms)
INFO: stdout 2022-10-12T23:43:49.740864:Convert 99 DICOM as /out/sub-voice994/ses-1/func/sub-voice994_ses-1_task-facematch_run-2_bold_heudiconv368 (108x108x65x99)
INFO: stdout 2022-10-12T23:44:00.431510:Compress: "/usr/bin/pigz" -b 960 -n -f -6 "/out/sub-voice994/ses-1/func/sub-voice994_ses-1_task-facematch_run-2_bold_heudiconv368.nii"
INFO: stdout 2022-10-12T23:44:00.431510:Conversion required 11.576229 seconds (0.394636 for core code).
INFO: [Node] Finished "convert", elapsed time 11.680092s.
INFO: Post-treating /out/sub-voice994/ses-1/func/sub-voice994_ses-1_task-facematch_run-2_bold.json file
INFO: Converting /out/sub-voice994/ses-1/func/sub-voice994_ses-1_task-emosent_run-1_bold (42 DICOMs) -> /out/sub-voice994/ses-1/func . Converter: dcm2niix . Output types: ('nii.gz',)
INFO: [Node] Setting-up "convert" in "/tmp/dcm2niix0ia2mpxy/convert".
INFO: [Node] Executing "convert" <nipype.interfaces.dcm2nii.Dcm2niix>
INFO: stdout 2022-10-12T23:44:01.018414:Chris Rorden's dcm2niiX version v1.0.20211006  GCC10.2.1 x86-64 (64-bit Linux)
INFO: stdout 2022-10-12T23:44:01.018414:Found 42 DICOM file(s)
INFO: stdout 2022-10-12T23:44:01.018414:Warning: Slice timing appears corrupted (range 0..5360, TR=4000 ms)
INFO: stdout 2022-10-12T23:44:01.018414:Convert 42 DICOM as /out/sub-voice994/ses-1/func/sub-voice994_ses-1_task-emosent_run-1_bold_heudiconv643 (108x108x65x42)
INFO: stdout 2022-10-12T23:44:05.458113:Compress: "/usr/bin/pigz" -b 960 -n -f -6 "/out/sub-voice994/ses-1/func/sub-voice994_ses-1_task-emosent_run-1_bold_heudiconv643.nii"
INFO: stdout 2022-10-12T23:44:05.458113:Conversion required 4.689255 seconds (0.171350 for core code).
INFO: [Node] Finished "convert", elapsed time 4.784736s.
INFO: Post-treating /out/sub-voice994/ses-1/func/sub-voice994_ses-1_task-emosent_run-1_bold.json file
INFO: Converting /out/sub-voice994/ses-1/func/sub-voice994_ses-1_task-emosent_run-2_bold (42 DICOMs) -> /out/sub-voice994/ses-1/func . Converter: dcm2niix . Output types: ('nii.gz',)
INFO: [Node] Setting-up "convert" in "/tmp/dcm2niix5bp5csng/convert".
INFO: [Node] Executing "convert" <nipype.interfaces.dcm2nii.Dcm2niix>
INFO: stdout 2022-10-12T23:44:06.599003:Chris Rorden's dcm2niiX version v1.0.20211006  GCC10.2.1 x86-64 (64-bit Linux)
INFO: stdout 2022-10-12T23:44:06.599003:Found 42 DICOM file(s)
INFO: stdout 2022-10-12T23:44:06.599003:Warning: Slice timing appears corrupted (range 0..5360, TR=4000 ms)
INFO: stdout 2022-10-12T23:44:06.599003:Convert 42 DICOM as /out/sub-voice994/ses-1/func/sub-voice994_ses-1_task-emosent_run-2_bold_heudiconv234 (108x108x65x42)
INFO: stdout 2022-10-12T23:44:11.341918:Compress: "/usr/bin/pigz" -b 960 -n -f -6 "/out/sub-voice994/ses-1/func/sub-voice994_ses-1_task-emosent_run-2_bold_heudiconv234.nii"
INFO: stdout 2022-10-12T23:44:11.341918:Conversion required 5.121289 seconds (0.175164 for core code).
INFO: [Node] Finished "convert", elapsed time 5.30968s.
INFO: Post-treating /out/sub-voice994/ses-1/func/sub-voice994_ses-1_task-emosent_run-2_bold.json file
INFO: Converting /out/sub-voice994/ses-1/func/sub-voice994_ses-1_task-vowel_run-1_bold (55 DICOMs) -> /out/sub-voice994/ses-1/func . Converter: dcm2niix . Output types: ('nii.gz',)
INFO: [Node] Setting-up "convert" in "/tmp/dcm2niixs1yfp_pm/convert".
INFO: [Node] Executing "convert" <nipype.interfaces.dcm2nii.Dcm2niix>
INFO: stdout 2022-10-12T23:44:12.312277:Chris Rorden's dcm2niiX version v1.0.20211006  GCC10.2.1 x86-64 (64-bit Linux)
INFO: stdout 2022-10-12T23:44:12.312277:Found 55 DICOM file(s)
INFO: stdout 2022-10-12T23:44:12.312277:Warning: Slice timing appears corrupted (range 0..5360, TR=4000 ms)
INFO: stdout 2022-10-12T23:44:12.312277:Convert 55 DICOM as /out/sub-voice994/ses-1/func/sub-voice994_ses-1_task-vowel_run-1_bold_heudiconv687 (108x108x65x55)
INFO: stdout 2022-10-12T23:44:18.210102:Compress: "/usr/bin/pigz" -b 960 -n -f -6 "/out/sub-voice994/ses-1/func/sub-voice994_ses-1_task-vowel_run-1_bold_heudiconv687.nii"
INFO: stdout 2022-10-12T23:44:18.210102:Conversion required 6.257994 seconds (0.230974 for core code).
INFO: [Node] Finished "convert", elapsed time 6.511875s.
INFO: Post-treating /out/sub-voice994/ses-1/func/sub-voice994_ses-1_task-vowel_run-1_bold.json file
INFO: Converting /out/sub-voice994/ses-1/func/sub-voice994_ses-1_task-movie_run-1_bold (138 DICOMs) -> /out/sub-voice994/ses-1/func . Converter: dcm2niix . Output types: ('nii.gz',)
INFO: [Node] Setting-up "convert" in "/tmp/dcm2niix8vl5mu9j/convert".
INFO: [Node] Executing "convert" <nipype.interfaces.dcm2nii.Dcm2niix>
INFO: stdout 2022-10-12T23:44:19.693674:Chris Rorden's dcm2niiX version v1.0.20211006  GCC10.2.1 x86-64 (64-bit Linux)
INFO: stdout 2022-10-12T23:44:19.693674:Found 138 DICOM file(s)
INFO: stdout 2022-10-12T23:44:19.693674:Warning: Slice timing appears corrupted (range 0..5360, TR=1090 ms)
INFO: stdout 2022-10-12T23:44:19.693674:Convert 138 DICOM as /out/sub-voice994/ses-1/func/sub-voice994_ses-1_task-movie_run-1_bold_heudiconv086 (108x108x65x138)
INFO: stdout 2022-10-12T23:44:34.606702:Compress: "/usr/bin/pigz" -b 960 -n -f -6 "/out/sub-voice994/ses-1/func/sub-voice994_ses-1_task-movie_run-1_bold_heudiconv086.nii"
INFO: stdout 2022-10-12T23:44:34.606702:Conversion required 15.909514 seconds (0.492976 for core code).
INFO: [Node] Finished "convert", elapsed time 16.003695s.
INFO: Post-treating /out/sub-voice994/ses-1/func/sub-voice994_ses-1_task-movie_run-1_bold.json file
WARNING: Existing lockfile found in /out/heudiconv.lock - waiting for the lock to be released. To set a timeout limit, set the HEUDICONV_FILELOCK_TIMEOUT environmental variable to a value in seconds. If this process hangs, it may require a manual deletion of the /out/heudiconv.lock.
INFO: Populating template files under /out/
INFO: PROCESSING DONE: {'subject': 'voice994', 'outdir': '/out/', 'session': '1'}
