INFO: Running heudiconv version 0.11.3+d20220512 latest 0.11.4
INFO: Need to process 1 study sessions
INFO: PROCESSING STARTS: {'subject': 'voice990', 'outdir': '/out/', 'session': '1'}
INFO: Processing 3432 dicoms
INFO: Analyzing 3432 dicoms
INFO: Generated sequence info for 28 accession numbers with 3432 entries total
INFO: Doing conversion using dcm2niix
INFO: Converting /out/sub-voice990/ses-1/func/sub-voice990_ses-1_task-rest_run-1_bold (300 DICOMs) -> /out/sub-voice990/ses-1/func . Converter: dcm2niix . Output types: ('nii.gz',)
WARNING: A newer version (1.8.4) of nipy/nipype is available. You are using 1.8.0
INFO: [Node] Setting-up "convert" in "/tmp/dcm2niixirag6nst/convert".
INFO: [Node] Executing "convert" <nipype.interfaces.dcm2nii.Dcm2niix>
INFO: stdout 2022-10-07T20:15:18.443930:Chris Rorden's dcm2niiX version v1.0.20211006  GCC10.2.1 x86-64 (64-bit Linux)
INFO: stdout 2022-10-07T20:15:18.443930:Found 300 DICOM file(s)
INFO: stdout 2022-10-07T20:15:18.443930:Warning: Slice timing appears corrupted (range 0..5360, TR=1090 ms)
INFO: stdout 2022-10-07T20:15:18.443930:Convert 300 DICOM as /out/sub-voice990/ses-1/func/sub-voice990_ses-1_task-rest_run-1_bold_heudiconv181 (108x108x65x300)
INFO: stdout 2022-10-07T20:15:52.934312:Compress: "/usr/bin/pigz" -b 960 -n -f -6 "/out/sub-voice990/ses-1/func/sub-voice990_ses-1_task-rest_run-1_bold_heudiconv181.nii"
INFO: stdout 2022-10-07T20:15:52.934312:Conversion required 35.661389 seconds (1.421126 for core code).
INFO: [Node] Finished "convert", elapsed time 35.772469s.
INFO: Post-treating /out/sub-voice990/ses-1/func/sub-voice990_ses-1_task-rest_run-1_bold.json file
INFO: Converting /out/sub-voice990/ses-1/fmap/sub-voice990_ses-1_acq-func_dir-PA_run-1_epi (260 DICOMs) -> /out/sub-voice990/ses-1/fmap . Converter: dcm2niix . Output types: ('nii.gz',)
INFO: [Node] Setting-up "convert" in "/tmp/dcm2niix0j84knba/convert".
INFO: [Node] Executing "convert" <nipype.interfaces.dcm2nii.Dcm2niix>
INFO: stdout 2022-10-07T20:15:54.352555:Chris Rorden's dcm2niiX version v1.0.20211006  GCC10.2.1 x86-64 (64-bit Linux)
INFO: stdout 2022-10-07T20:15:54.352555:Found 260 DICOM file(s)
INFO: stdout 2022-10-07T20:15:54.352555:Convert 260 DICOM as /out/sub-voice990/ses-1/fmap/sub-voice990_ses-1_acq-func_dir-PA_run-1_epi_heudiconv114 (108x108x65x4)
INFO: stdout 2022-10-07T20:15:55.040667:Compress: "/usr/bin/pigz" -b 960 -n -f -6 "/out/sub-voice990/ses-1/fmap/sub-voice990_ses-1_acq-func_dir-PA_run-1_epi_heudiconv114.nii"
INFO: stdout 2022-10-07T20:15:55.040667:Conversion required 1.139794 seconds (0.292779 for core code).
INFO: [Node] Finished "convert", elapsed time 1.2688329999999999s.
WARNING: Failed to find task field in /out/sub-voice990/ses-1/fmap/sub-voice990_ses-1_acq-func_dir-PA_run-1_epi.json.
INFO: Post-treating /out/sub-voice990/ses-1/fmap/sub-voice990_ses-1_acq-func_dir-PA_run-1_epi.json file
INFO: Converting /out/sub-voice990/ses-1/fmap/sub-voice990_ses-1_acq-func_dir-AP_run-2_epi (260 DICOMs) -> /out/sub-voice990/ses-1/fmap . Converter: dcm2niix . Output types: ('nii.gz',)
INFO: [Node] Setting-up "convert" in "/tmp/dcm2niixn4jrfjov/convert".
INFO: [Node] Executing "convert" <nipype.interfaces.dcm2nii.Dcm2niix>
INFO: stdout 2022-10-07T20:15:56.408313:Chris Rorden's dcm2niiX version v1.0.20211006  GCC10.2.1 x86-64 (64-bit Linux)
INFO: stdout 2022-10-07T20:15:56.408313:Found 260 DICOM file(s)
INFO: stdout 2022-10-07T20:15:56.408313:Convert 260 DICOM as /out/sub-voice990/ses-1/fmap/sub-voice990_ses-1_acq-func_dir-AP_run-2_epi_heudiconv767 (108x108x65x4)
INFO: stdout 2022-10-07T20:15:57.033475:Compress: "/usr/bin/pigz" -b 960 -n -f -6 "/out/sub-voice990/ses-1/fmap/sub-voice990_ses-1_acq-func_dir-AP_run-2_epi_heudiconv767.nii"
INFO: stdout 2022-10-07T20:15:57.033475:Conversion required 1.102288 seconds (0.296850 for core code).
INFO: [Node] Finished "convert", elapsed time 1.220391s.
WARNING: Failed to find task field in /out/sub-voice990/ses-1/fmap/sub-voice990_ses-1_acq-func_dir-AP_run-2_epi.json.
INFO: Post-treating /out/sub-voice990/ses-1/fmap/sub-voice990_ses-1_acq-func_dir-AP_run-2_epi.json file
INFO: Converting /out/sub-voice990/ses-1/dwi/sub-voice990_ses-1_acq-PA_dwi (72 DICOMs) -> /out/sub-voice990/ses-1/dwi . Converter: dcm2niix . Output types: ('nii.gz',)
INFO: [Node] Setting-up "convert" in "/tmp/dcm2niix87ctleiu/convert".
INFO: [Node] Executing "convert" <nipype.interfaces.dcm2nii.Dcm2niix>
INFO: stdout 2022-10-07T20:15:59.347847:Chris Rorden's dcm2niiX version v1.0.20211006  GCC10.2.1 x86-64 (64-bit Linux)
INFO: stdout 2022-10-07T20:15:59.347847:Found 72 DICOM file(s)
INFO: stdout 2022-10-07T20:15:59.347847:Warning: Slice timing appears corrupted (range 0..8.63999e+07, TR=4400 ms)
INFO: stdout 2022-10-07T20:15:59.347847:Convert 72 DICOM as /out/sub-voice990/ses-1/dwi/sub-voice990_ses-1_acq-PA_dwi_heudiconv719 (120x120x66x72)
INFO: stdout 2022-10-07T20:16:09.613459:Compress: "/usr/bin/pigz" -b 960 -n -f -6 "/out/sub-voice990/ses-1/dwi/sub-voice990_ses-1_acq-PA_dwi_heudiconv719.nii"
INFO: stdout 2022-10-07T20:16:09.613459:Conversion required 12.097509 seconds (0.527176 for core code).
INFO: [Node] Finished "convert", elapsed time 12.227877s.
WARNING: Failed to find task field in /out/sub-voice990/ses-1/dwi/sub-voice990_ses-1_acq-PA_dwi.json.
INFO: Post-treating /out/sub-voice990/ses-1/dwi/sub-voice990_ses-1_acq-PA_dwi.json file
INFO: Converting /out/sub-voice990/ses-1/dwi/sub-voice990_ses-1_acq-AP_dwi (7 DICOMs) -> /out/sub-voice990/ses-1/dwi . Converter: dcm2niix . Output types: ('nii.gz',)
INFO: [Node] Setting-up "convert" in "/tmp/dcm2niix8wwnker7/convert".
INFO: [Node] Executing "convert" <nipype.interfaces.dcm2nii.Dcm2niix>
INFO: stdout 2022-10-07T20:16:11.445234:Chris Rorden's dcm2niiX version v1.0.20211006  GCC10.2.1 x86-64 (64-bit Linux)
INFO: stdout 2022-10-07T20:16:11.445234:Found 7 DICOM file(s)
INFO: stdout 2022-10-07T20:16:11.445234:Warning: Slice timing appears corrupted (range 0..8.63999e+07, TR=4400 ms)
INFO: stdout 2022-10-07T20:16:11.445234:Convert 7 DICOM as /out/sub-voice990/ses-1/dwi/sub-voice990_ses-1_acq-AP_dwi_heudiconv626 (120x120x66x7)
INFO: stdout 2022-10-07T20:16:13.336810:Compress: "/usr/bin/pigz" -b 960 -n -f -6 "/out/sub-voice990/ses-1/dwi/sub-voice990_ses-1_acq-AP_dwi_heudiconv626.nii"
INFO: stdout 2022-10-07T20:16:13.336810:Conversion required 2.664480 seconds (0.065634 for core code).
INFO: [Node] Finished "convert", elapsed time 2.816578s.
WARNING: Failed to find task field in /out/sub-voice990/ses-1/dwi/sub-voice990_ses-1_acq-AP_dwi.json.
INFO: Post-treating /out/sub-voice990/ses-1/dwi/sub-voice990_ses-1_acq-AP_dwi.json file
INFO: Converting /out/sub-voice990/ses-1/anat/sub-voice990_ses-1_run-1_T1w (176 DICOMs) -> /out/sub-voice990/ses-1/anat . Converter: dcm2niix . Output types: ('nii.gz',)
INFO: [Node] Setting-up "convert" in "/tmp/dcm2niixizvq1xbn/convert".
INFO: [Node] Executing "convert" <nipype.interfaces.dcm2nii.Dcm2niix>
INFO: stdout 2022-10-07T20:16:14.465204:Chris Rorden's dcm2niiX version v1.0.20211006  GCC10.2.1 x86-64 (64-bit Linux)
INFO: stdout 2022-10-07T20:16:14.465204:Found 176 DICOM file(s)
INFO: stdout 2022-10-07T20:16:14.465204:Convert 176 DICOM as /out/sub-voice990/ses-1/anat/sub-voice990_ses-1_run-1_T1w_heudiconv243 (256x256x176x1)
INFO: stdout 2022-10-07T20:16:16.546209:Compress: "/usr/bin/pigz" -b 960 -n -f -6 "/out/sub-voice990/ses-1/anat/sub-voice990_ses-1_run-1_T1w_heudiconv243.nii"
INFO: stdout 2022-10-07T20:16:16.546209:Conversion required 2.423897 seconds (0.448735 for core code).
INFO: [Node] Finished "convert", elapsed time 2.522528s.
WARNING: Failed to find task field in /out/sub-voice990/ses-1/anat/sub-voice990_ses-1_run-1_T1w.json.
INFO: Post-treating /out/sub-voice990/ses-1/anat/sub-voice990_ses-1_run-1_T1w.json file
INFO: Converting /out/sub-voice990/ses-1/func/sub-voice990_ses-1_task-pataka_run-1_bold (207 DICOMs) -> /out/sub-voice990/ses-1/func . Converter: dcm2niix . Output types: ('nii.gz',)
INFO: [Node] Setting-up "convert" in "/tmp/dcm2niixtgql3pxe/convert".
INFO: [Node] Executing "convert" <nipype.interfaces.dcm2nii.Dcm2niix>
INFO: stdout 2022-10-07T20:16:17.905746:Chris Rorden's dcm2niiX version v1.0.20211006  GCC10.2.1 x86-64 (64-bit Linux)
INFO: stdout 2022-10-07T20:16:17.905746:Found 207 DICOM file(s)
INFO: stdout 2022-10-07T20:16:17.905746:Warning: Slice timing appears corrupted (range 0..3137.5, TR=1640 ms)
INFO: stdout 2022-10-07T20:16:17.905746:Convert 207 DICOM as /out/sub-voice990/ses-1/func/sub-voice990_ses-1_task-pataka_run-1_bold_heudiconv429 (72x72x45x207)
INFO: stdout 2022-10-07T20:16:25.385560:Compress: "/usr/bin/pigz" -b 960 -n -f -6 "/out/sub-voice990/ses-1/func/sub-voice990_ses-1_task-pataka_run-1_bold_heudiconv429.nii"
INFO: stdout 2022-10-07T20:16:25.385560:Conversion required 8.062296 seconds (0.474518 for core code).
INFO: [Node] Finished "convert", elapsed time 8.197712s.
INFO: Post-treating /out/sub-voice990/ses-1/func/sub-voice990_ses-1_task-pataka_run-1_bold.json file
INFO: Converting /out/sub-voice990/ses-1/func/sub-voice990_ses-1_task-pataka_run-2_bold (207 DICOMs) -> /out/sub-voice990/ses-1/func . Converter: dcm2niix . Output types: ('nii.gz',)
INFO: [Node] Setting-up "convert" in "/tmp/dcm2niixemtl9s9n/convert".
INFO: [Node] Executing "convert" <nipype.interfaces.dcm2nii.Dcm2niix>
INFO: stdout 2022-10-07T20:16:26.475728:Chris Rorden's dcm2niiX version v1.0.20211006  GCC10.2.1 x86-64 (64-bit Linux)
INFO: stdout 2022-10-07T20:16:26.475728:Found 207 DICOM file(s)
INFO: stdout 2022-10-07T20:16:26.475728:Warning: Slice timing appears corrupted (range 0..3137.5, TR=1640 ms)
INFO: stdout 2022-10-07T20:16:26.475728:Convert 207 DICOM as /out/sub-voice990/ses-1/func/sub-voice990_ses-1_task-pataka_run-2_bold_heudiconv082 (72x72x45x207)
INFO: stdout 2022-10-07T20:16:33.744877:Compress: "/usr/bin/pigz" -b 960 -n -f -6 "/out/sub-voice990/ses-1/func/sub-voice990_ses-1_task-pataka_run-2_bold_heudiconv082.nii"
INFO: stdout 2022-10-07T20:16:33.744877:Conversion required 7.802323 seconds (0.461501 for core code).
INFO: [Node] Finished "convert", elapsed time 7.899916s.
INFO: Post-treating /out/sub-voice990/ses-1/func/sub-voice990_ses-1_task-pataka_run-2_bold.json file
INFO: Converting /out/sub-voice990/ses-1/func/sub-voice990_ses-1_task-pitchsent_run-1_bold (57 DICOMs) -> /out/sub-voice990/ses-1/func . Converter: dcm2niix . Output types: ('nii.gz',)
INFO: [Node] Setting-up "convert" in "/tmp/dcm2niixomi1h1yr/convert".
INFO: [Node] Executing "convert" <nipype.interfaces.dcm2nii.Dcm2niix>
INFO: stdout 2022-10-07T20:16:34.459103:Chris Rorden's dcm2niiX version v1.0.20211006  GCC10.2.1 x86-64 (64-bit Linux)
INFO: stdout 2022-10-07T20:16:34.459103:Found 57 DICOM file(s)
INFO: stdout 2022-10-07T20:16:34.459103:Warning: Slice timing appears corrupted (range 0..5360, TR=4000 ms)
INFO: stdout 2022-10-07T20:16:34.459103:Convert 57 DICOM as /out/sub-voice990/ses-1/func/sub-voice990_ses-1_task-pitchsent_run-1_bold_heudiconv403 (108x108x65x57)
INFO: stdout 2022-10-07T20:16:41.547639:Compress: "/usr/bin/pigz" -b 960 -n -f -6 "/out/sub-voice990/ses-1/func/sub-voice990_ses-1_task-pitchsent_run-1_bold_heudiconv403.nii"
INFO: stdout 2022-10-07T20:16:41.547639:Conversion required 7.429399 seconds (0.371365 for core code).
INFO: [Node] Finished "convert", elapsed time 7.556513s.
INFO: Post-treating /out/sub-voice990/ses-1/func/sub-voice990_ses-1_task-pitchsent_run-1_bold.json file
INFO: Converting /out/sub-voice990/ses-1/func/sub-voice990_ses-1_task-pitchsent_run-2_bold (57 DICOMs) -> /out/sub-voice990/ses-1/func . Converter: dcm2niix . Output types: ('nii.gz',)
INFO: [Node] Setting-up "convert" in "/tmp/dcm2niixl9lovi71/convert".
INFO: [Node] Executing "convert" <nipype.interfaces.dcm2nii.Dcm2niix>
INFO: stdout 2022-10-07T20:16:42.351826:Chris Rorden's dcm2niiX version v1.0.20211006  GCC10.2.1 x86-64 (64-bit Linux)
INFO: stdout 2022-10-07T20:16:42.351826:Found 57 DICOM file(s)
INFO: stdout 2022-10-07T20:16:42.351826:Warning: Slice timing appears corrupted (range 0..5360, TR=4000 ms)
INFO: stdout 2022-10-07T20:16:42.351826:Convert 57 DICOM as /out/sub-voice990/ses-1/func/sub-voice990_ses-1_task-pitchsent_run-2_bold_heudiconv321 (108x108x65x57)
INFO: stdout 2022-10-07T20:16:49.481593:Compress: "/usr/bin/pigz" -b 960 -n -f -6 "/out/sub-voice990/ses-1/func/sub-voice990_ses-1_task-pitchsent_run-2_bold_heudiconv321.nii"
INFO: stdout 2022-10-07T20:16:49.481593:Conversion required 7.506423 seconds (0.354236 for core code).
INFO: [Node] Finished "convert", elapsed time 7.624541s.
INFO: Post-treating /out/sub-voice990/ses-1/func/sub-voice990_ses-1_task-pitchsent_run-2_bold.json file
INFO: Converting /out/sub-voice990/ses-1/func/sub-voice990_ses-1_task-pitchsent_run-3_bold (57 DICOMs) -> /out/sub-voice990/ses-1/func . Converter: dcm2niix . Output types: ('nii.gz',)
INFO: [Node] Setting-up "convert" in "/tmp/dcm2niixgvnigelw/convert".
INFO: [Node] Executing "convert" <nipype.interfaces.dcm2nii.Dcm2niix>
INFO: stdout 2022-10-07T20:16:50.955557:Chris Rorden's dcm2niiX version v1.0.20211006  GCC10.2.1 x86-64 (64-bit Linux)
INFO: stdout 2022-10-07T20:16:50.955557:Found 57 DICOM file(s)
INFO: stdout 2022-10-07T20:16:50.955557:Warning: Slice timing appears corrupted (range 0..5360, TR=4000 ms)
INFO: stdout 2022-10-07T20:16:50.955557:Convert 57 DICOM as /out/sub-voice990/ses-1/func/sub-voice990_ses-1_task-pitchsent_run-3_bold_heudiconv562 (108x108x65x57)
INFO: stdout 2022-10-07T20:16:58.489370:Compress: "/usr/bin/pigz" -b 960 -n -f -6 "/out/sub-voice990/ses-1/func/sub-voice990_ses-1_task-pitchsent_run-3_bold_heudiconv562.nii"
INFO: stdout 2022-10-07T20:16:58.489370:Conversion required 7.919960 seconds (0.269947 for core code).
INFO: [Node] Finished "convert", elapsed time 8.178699s.
INFO: Post-treating /out/sub-voice990/ses-1/func/sub-voice990_ses-1_task-pitchsent_run-3_bold.json file
WARNING: Existing lockfile found in /out/heudiconv.lock - waiting for the lock to be released. To set a timeout limit, set the HEUDICONV_FILELOCK_TIMEOUT environmental variable to a value in seconds. If this process hangs, it may require a manual deletion of the /out/heudiconv.lock.
INFO: Populating template files under /out/
INFO: PROCESSING DONE: {'subject': 'voice990', 'outdir': '/out/', 'session': '1'}
INFO: Total: starting
INFO: 
INFO: Total: processed result for /out
INFO: Total: done
INFO: Total: starting
INFO: 
INFO: Total: processed result for /out/.heudiconv
[WARNING] Received an exception CommandError(CommandError: 'git -c diff.ignoreSubmodules=none update-index --add --replace --cacheinfo 160000 584a62e7216c9dc9004c0d3510d84b1c0479d489 .heudiconv' failed with exitcode 128 [err: 'fatal: Unable to create '/out/.git/index.lock': File exists.

Another git process seems to be running in this repository, e.g.
an editor opened by 'git commit'. Please make sure all processes
are terminated then try again. If it still fails, a git process
may have crashed in this repository earlier:
remove the file manually to continue.']). Canceling not-yet running jobs and waiting for completion of running. You can force earlier forceful exit by Ctrl-C. 
WARNING: Received an exception CommandError(CommandError: 'git -c diff.ignoreSubmodules=none update-index --add --replace --cacheinfo 160000 584a62e7216c9dc9004c0d3510d84b1c0479d489 .heudiconv' failed with exitcode 128 [err: 'fatal: Unable to create '/out/.git/index.lock': File exists.

Another git process seems to be running in this repository, e.g.
an editor opened by 'git commit'. Please make sure all processes
are terminated then try again. If it still fails, a git process
may have crashed in this repository earlier:
remove the file manually to continue.']). Canceling not-yet running jobs and waiting for completion of running. You can force earlier forceful exit by Ctrl-C.
[INFO] Canceled 0 out of 0 jobs. 0 left running. 
INFO: Canceled 0 out of 0 jobs. 0 left running.
Traceback (most recent call last):
  File "/opt/miniconda-latest/lib/python3.7/site-packages/datalad/support/parallel.py", line 368, in _iter_threads
    raise _FinalShutdown()
datalad.support.parallel._FinalShutdown

During handling of the above exception, another exception occurred:

Traceback (most recent call last):
  File "/opt/miniconda-latest/bin/heudiconv", line 33, in <module>
    sys.exit(load_entry_point('heudiconv', 'console_scripts', 'heudiconv')())
  File "/src/heudiconv/heudiconv/cli/run.py", line 24, in main
    workflow(**kwargs)
  File "/src/heudiconv/heudiconv/main.py", line 406, in workflow
    add_to_datalad(outdir, study_outdir, msg, bids_options)
  File "/src/heudiconv/heudiconv/external/dlad.py", line 125, in add_to_datalad
    ds.save('.', recursive=True
  File "/opt/miniconda-latest/lib/python3.7/site-packages/datalad/distribution/dataset.py", line 502, in apply_func
    return f(*args, **kwargs)
  File "/opt/miniconda-latest/lib/python3.7/site-packages/datalad/interface/utils.py", line 447, in eval_func
    return return_func(*args, **kwargs)
  File "/opt/miniconda-latest/lib/python3.7/site-packages/datalad/interface/utils.py", line 439, in return_func
    results = list(results)
  File "/opt/miniconda-latest/lib/python3.7/site-packages/datalad/interface/utils.py", line 369, in generator_func
    allkwargs):
  File "/opt/miniconda-latest/lib/python3.7/site-packages/datalad/interface/utils.py", line 544, in _process_results
    for res in results:
  File "/opt/miniconda-latest/lib/python3.7/site-packages/datalad/core/local/save.py", line 398, in __call__
    lgr=lgr,
  File "/opt/miniconda-latest/lib/python3.7/site-packages/datalad/support/parallel.py", line 535, in __iter__
    for res in super().__iter__():
  File "/opt/miniconda-latest/lib/python3.7/site-packages/datalad/support/parallel.py", line 265, in __iter__
    yield from self._iter_threads(self._jobs)
  File "/opt/miniconda-latest/lib/python3.7/site-packages/datalad/support/parallel.py", line 417, in _iter_threads
    self.shutdown(force=True, exception=self._producer_exception or interrupted_by_exception)
  File "/opt/miniconda-latest/lib/python3.7/site-packages/datalad/support/parallel.py", line 233, in shutdown
    raise exception
  File "/opt/miniconda-latest/lib/python3.7/site-packages/datalad/support/parallel.py", line 401, in _iter_threads
    done_useful |= self._pop_done_futures(lgr)
  File "/opt/miniconda-latest/lib/python3.7/site-packages/datalad/support/parallel.py", line 463, in _pop_done_futures
    raise exception
  File "/opt/miniconda-latest/lib/python3.7/concurrent/futures/thread.py", line 57, in run
    result = self.fn(*self.args, **self.kwargs)
  File "/opt/miniconda-latest/lib/python3.7/site-packages/datalad/support/parallel.py", line 329, in consumer_worker
    for r in res:
  File "/opt/miniconda-latest/lib/python3.7/site-packages/datalad/core/local/save.py", line 322, in save_ds
    amend=amend):
  File "/opt/miniconda-latest/lib/python3.7/site-packages/datalad/support/gitrepo.py", line 3425, in save_
    for r in self._save_add_submodules(to_stage_submodules):
  File "/opt/miniconda-latest/lib/python3.7/site-packages/datalad/support/gitrepo.py", line 3662, in _save_add_submodules
    i['commit'], i['rpath']
  File "/opt/miniconda-latest/lib/python3.7/site-packages/datalad/dataset/gitrepo.py", line 437, in call_git
    read_only=read_only))
  File "/opt/miniconda-latest/lib/python3.7/site-packages/datalad/dataset/gitrepo.py", line 482, in call_git_items_
    sep=sep):
  File "/opt/miniconda-latest/lib/python3.7/site-packages/datalad/dataset/gitrepo.py", line 345, in _generator_call_git
    for file_no, content in generator:
  File "/opt/miniconda-latest/lib/python3.7/_collections_abc.py", line 317, in __next__
    return self.send(None)
  File "/opt/miniconda-latest/lib/python3.7/site-packages/datalad/runner/nonasyncrunner.py", line 98, in send
    self._check_result()
  File "/opt/miniconda-latest/lib/python3.7/site-packages/datalad/runner/nonasyncrunner.py", line 80, in _check_result
    self.runner._check_result()
  File "/opt/miniconda-latest/lib/python3.7/site-packages/datalad/runner/nonasyncrunner.py", line 259, in _check_result
    stderr=decoded_output.get("stderr", None))
datalad.runner.exception.CommandError: CommandError: 'git -c diff.ignoreSubmodules=none update-index --add --replace --cacheinfo 160000 584a62e7216c9dc9004c0d3510d84b1c0479d489 .heudiconv' failed with exitcode 128 [err: 'fatal: Unable to create '/out/.git/index.lock': File exists.

Another git process seems to be running in this repository, e.g.
an editor opened by 'git commit'. Please make sure all processes
are terminated then try again. If it still fails, a git process
may have crashed in this repository earlier:
remove the file manually to continue.']
