INFO: Running heudiconv version 0.11.3+d20220512 latest 0.11.4
INFO: Need to process 1 study sessions
INFO: PROCESSING STARTS: {'subject': 'voice999', 'outdir': '/out/', 'session': '2'}
INFO: Processing 4664 dicoms
INFO: Analyzing 4664 dicoms
INFO: Generated sequence info for 39 accession numbers with 4664 entries total
INFO: Doing conversion using dcm2niix
INFO: Converting /out/sub-voice999/ses-2/func/sub-voice999_ses-2_task-rest_run-1_bold (300 DICOMs) -> /out/sub-voice999/ses-2/func . Converter: dcm2niix . Output types: ('nii.gz',)
WARNING: A newer version (1.8.4) of nipy/nipype is available. You are using 1.8.0
INFO: [Node] Setting-up "convert" in "/tmp/dcm2niixzhky4vrj/convert".
INFO: [Node] Executing "convert" <nipype.interfaces.dcm2nii.Dcm2niix>
INFO: stdout 2022-10-12T23:48:17.655283:Chris Rorden's dcm2niiX version v1.0.20211006  GCC10.2.1 x86-64 (64-bit Linux)
INFO: stdout 2022-10-12T23:48:17.655283:Found 300 DICOM file(s)
INFO: stdout 2022-10-12T23:48:17.655283:Warning: Slice timing appears corrupted (range 0..5360, TR=1090 ms)
INFO: stdout 2022-10-12T23:48:17.655283:Convert 300 DICOM as /out/sub-voice999/ses-2/func/sub-voice999_ses-2_task-rest_run-1_bold_heudiconv207 (108x108x65x300)
INFO: stdout 2022-10-12T23:48:43.159807:Compress: "/usr/bin/pigz" -b 960 -n -f -6 "/out/sub-voice999/ses-2/func/sub-voice999_ses-2_task-rest_run-1_bold_heudiconv207.nii"
INFO: stdout 2022-10-12T23:48:43.159807:Conversion required 30.289118 seconds (0.606795 for core code).
INFO: [Node] Finished "convert", elapsed time 30.33026s.
INFO: Post-treating /out/sub-voice999/ses-2/func/sub-voice999_ses-2_task-rest_run-1_bold.json file
INFO: Converting /out/sub-voice999/ses-2/fmap/sub-voice999_ses-2_acq-func_dir-PA_run-1_epi (260 DICOMs) -> /out/sub-voice999/ses-2/fmap . Converter: dcm2niix . Output types: ('nii.gz',)
INFO: [Node] Setting-up "convert" in "/tmp/dcm2niixw1f9kk_7/convert".
INFO: [Node] Executing "convert" <nipype.interfaces.dcm2nii.Dcm2niix>
INFO: stdout 2022-10-12T23:48:47.759611:Chris Rorden's dcm2niiX version v1.0.20211006  GCC10.2.1 x86-64 (64-bit Linux)
INFO: stdout 2022-10-12T23:48:47.759611:Found 260 DICOM file(s)
INFO: stdout 2022-10-12T23:48:47.759611:Convert 260 DICOM as /out/sub-voice999/ses-2/fmap/sub-voice999_ses-2_acq-func_dir-PA_run-1_epi_heudiconv854 (108x108x65x4)
INFO: stdout 2022-10-12T23:48:48.218878:Compress: "/usr/bin/pigz" -b 960 -n -f -6 "/out/sub-voice999/ses-2/fmap/sub-voice999_ses-2_acq-func_dir-PA_run-1_epi_heudiconv854.nii"
INFO: stdout 2022-10-12T23:48:48.218878:Conversion required 3.807178 seconds (0.113672 for core code).
INFO: [Node] Finished "convert", elapsed time 3.8656420000000002s.
WARNING: Failed to find task field in /out/sub-voice999/ses-2/fmap/sub-voice999_ses-2_acq-func_dir-PA_run-1_epi.json.
INFO: Post-treating /out/sub-voice999/ses-2/fmap/sub-voice999_ses-2_acq-func_dir-PA_run-1_epi.json file
INFO: Converting /out/sub-voice999/ses-2/fmap/sub-voice999_ses-2_acq-func_dir-AP_run-2_epi (260 DICOMs) -> /out/sub-voice999/ses-2/fmap . Converter: dcm2niix . Output types: ('nii.gz',)
INFO: [Node] Setting-up "convert" in "/tmp/dcm2niixi7dncncm/convert".
INFO: [Node] Executing "convert" <nipype.interfaces.dcm2nii.Dcm2niix>
INFO: stdout 2022-10-12T23:48:50.776586:Chris Rorden's dcm2niiX version v1.0.20211006  GCC10.2.1 x86-64 (64-bit Linux)
INFO: stdout 2022-10-12T23:48:50.776586:Found 260 DICOM file(s)
INFO: stdout 2022-10-12T23:48:50.776586:Convert 260 DICOM as /out/sub-voice999/ses-2/fmap/sub-voice999_ses-2_acq-func_dir-AP_run-2_epi_heudiconv264 (108x108x65x4)
INFO: stdout 2022-10-12T23:48:51.287119:Compress: "/usr/bin/pigz" -b 960 -n -f -6 "/out/sub-voice999/ses-2/fmap/sub-voice999_ses-2_acq-func_dir-AP_run-2_epi_heudiconv264.nii"
INFO: stdout 2022-10-12T23:48:51.287119:Conversion required 2.529132 seconds (0.089562 for core code).
INFO: [Node] Finished "convert", elapsed time 2.615151s.
WARNING: Failed to find task field in /out/sub-voice999/ses-2/fmap/sub-voice999_ses-2_acq-func_dir-AP_run-2_epi.json.
INFO: Post-treating /out/sub-voice999/ses-2/fmap/sub-voice999_ses-2_acq-func_dir-AP_run-2_epi.json file
INFO: Converting /out/sub-voice999/ses-2/dwi/sub-voice999_ses-2_acq-PA_dwi (72 DICOMs) -> /out/sub-voice999/ses-2/dwi . Converter: dcm2niix . Output types: ('nii.gz',)
INFO: [Node] Setting-up "convert" in "/tmp/dcm2niix_chbykew/convert".
INFO: [Node] Executing "convert" <nipype.interfaces.dcm2nii.Dcm2niix>
INFO: stdout 2022-10-12T23:48:54.291565:Chris Rorden's dcm2niiX version v1.0.20211006  GCC10.2.1 x86-64 (64-bit Linux)
INFO: stdout 2022-10-12T23:48:54.291565:Found 72 DICOM file(s)
INFO: stdout 2022-10-12T23:48:54.291565:Warning: Slice timing appears corrupted (range 0..8.63999e+07, TR=4400 ms)
INFO: stdout 2022-10-12T23:48:54.291565:Convert 72 DICOM as /out/sub-voice999/ses-2/dwi/sub-voice999_ses-2_acq-PA_dwi_heudiconv030 (120x120x66x72)
INFO: stdout 2022-10-12T23:49:01.762259:Compress: "/usr/bin/pigz" -b 960 -n -f -6 "/out/sub-voice999/ses-2/dwi/sub-voice999_ses-2_acq-PA_dwi_heudiconv030.nii"
INFO: stdout 2022-10-12T23:49:01.762259:Conversion required 10.079211 seconds (0.215504 for core code).
INFO: [Node] Finished "convert", elapsed time 10.131902s.
WARNING: Failed to find task field in /out/sub-voice999/ses-2/dwi/sub-voice999_ses-2_acq-PA_dwi.json.
INFO: Post-treating /out/sub-voice999/ses-2/dwi/sub-voice999_ses-2_acq-PA_dwi.json file
INFO: Converting /out/sub-voice999/ses-2/dwi/sub-voice999_ses-2_acq-AP_dwi (7 DICOMs) -> /out/sub-voice999/ses-2/dwi . Converter: dcm2niix . Output types: ('nii.gz',)
INFO: [Node] Setting-up "convert" in "/tmp/dcm2niixzp_41m6h/convert".
INFO: [Node] Executing "convert" <nipype.interfaces.dcm2nii.Dcm2niix>
INFO: stdout 2022-10-12T23:49:02.338331:Chris Rorden's dcm2niiX version v1.0.20211006  GCC10.2.1 x86-64 (64-bit Linux)
INFO: stdout 2022-10-12T23:49:02.338331:Found 7 DICOM file(s)
INFO: stdout 2022-10-12T23:49:02.338331:Warning: Slice timing appears corrupted (range 0..8.63999e+07, TR=4400 ms)
INFO: stdout 2022-10-12T23:49:02.338331:Convert 7 DICOM as /out/sub-voice999/ses-2/dwi/sub-voice999_ses-2_acq-AP_dwi_heudiconv897 (120x120x66x7)
INFO: stdout 2022-10-12T23:49:03.157171:Compress: "/usr/bin/pigz" -b 960 -n -f -6 "/out/sub-voice999/ses-2/dwi/sub-voice999_ses-2_acq-AP_dwi_heudiconv897.nii"
INFO: stdout 2022-10-12T23:49:03.157171:Conversion required 1.062108 seconds (0.023697 for core code).
INFO: [Node] Finished "convert", elapsed time 1.109673s.
WARNING: Failed to find task field in /out/sub-voice999/ses-2/dwi/sub-voice999_ses-2_acq-AP_dwi.json.
INFO: Post-treating /out/sub-voice999/ses-2/dwi/sub-voice999_ses-2_acq-AP_dwi.json file
INFO: Converting /out/sub-voice999/ses-2/anat/sub-voice999_ses-2_run-1_T1w (176 DICOMs) -> /out/sub-voice999/ses-2/anat . Converter: dcm2niix . Output types: ('nii.gz',)
INFO: [Node] Setting-up "convert" in "/tmp/dcm2niixr04hnn88/convert".
INFO: [Node] Executing "convert" <nipype.interfaces.dcm2nii.Dcm2niix>
INFO: stdout 2022-10-12T23:49:04.663364:Chris Rorden's dcm2niiX version v1.0.20211006  GCC10.2.1 x86-64 (64-bit Linux)
INFO: stdout 2022-10-12T23:49:04.663364:Found 176 DICOM file(s)
INFO: stdout 2022-10-12T23:49:04.663364:Convert 176 DICOM as /out/sub-voice999/ses-2/anat/sub-voice999_ses-2_run-1_T1w_heudiconv339 (256x256x176x1)
INFO: stdout 2022-10-12T23:49:06.243034:Compress: "/usr/bin/pigz" -b 960 -n -f -6 "/out/sub-voice999/ses-2/anat/sub-voice999_ses-2_run-1_T1w_heudiconv339.nii"
INFO: stdout 2022-10-12T23:49:06.243034:Conversion required 2.611487 seconds (0.301142 for core code).
INFO: [Node] Finished "convert", elapsed time 2.657476s.
WARNING: Failed to find task field in /out/sub-voice999/ses-2/anat/sub-voice999_ses-2_run-1_T1w.json.
INFO: Post-treating /out/sub-voice999/ses-2/anat/sub-voice999_ses-2_run-1_T1w.json file
INFO: Converting /out/sub-voice999/ses-2/anat/sub-voice999_ses-2_T2w (176 DICOMs) -> /out/sub-voice999/ses-2/anat . Converter: dcm2niix . Output types: ('nii.gz',)
INFO: [Node] Setting-up "convert" in "/tmp/dcm2niixo2f5v06m/convert".
INFO: [Node] Executing "convert" <nipype.interfaces.dcm2nii.Dcm2niix>
INFO: stdout 2022-10-12T23:49:07.843402:Chris Rorden's dcm2niiX version v1.0.20211006  GCC10.2.1 x86-64 (64-bit Linux)
INFO: stdout 2022-10-12T23:49:07.843402:Found 176 DICOM file(s)
INFO: stdout 2022-10-12T23:49:07.843402:Convert 176 DICOM as /out/sub-voice999/ses-2/anat/sub-voice999_ses-2_T2w_heudiconv840 (256x256x176x1)
INFO: stdout 2022-10-12T23:49:09.271593:Compress: "/usr/bin/pigz" -b 960 -n -f -6 "/out/sub-voice999/ses-2/anat/sub-voice999_ses-2_T2w_heudiconv840.nii"
INFO: stdout 2022-10-12T23:49:09.271593:Conversion required 2.409547 seconds (0.294157 for core code).
INFO: [Node] Finished "convert", elapsed time 2.453939s.
WARNING: Failed to find task field in /out/sub-voice999/ses-2/anat/sub-voice999_ses-2_T2w.json.
INFO: Post-treating /out/sub-voice999/ses-2/anat/sub-voice999_ses-2_T2w.json file
INFO: Converting /out/sub-voice999/ses-2/func/sub-voice999_ses-2_task-pataka_run-1_bold (207 DICOMs) -> /out/sub-voice999/ses-2/func . Converter: dcm2niix . Output types: ('nii.gz',)
INFO: [Node] Setting-up "convert" in "/tmp/dcm2niixxmrjrl54/convert".
INFO: [Node] Executing "convert" <nipype.interfaces.dcm2nii.Dcm2niix>
INFO: stdout 2022-10-12T23:49:11.738015:Chris Rorden's dcm2niiX version v1.0.20211006  GCC10.2.1 x86-64 (64-bit Linux)
INFO: stdout 2022-10-12T23:49:11.738015:Found 207 DICOM file(s)
INFO: stdout 2022-10-12T23:49:11.738015:Warning: Slice timing appears corrupted (range 0..3135, TR=1640 ms)
INFO: stdout 2022-10-12T23:49:11.738015:Convert 207 DICOM as /out/sub-voice999/ses-2/func/sub-voice999_ses-2_task-pataka_run-1_bold_heudiconv000 (72x72x45x207)
INFO: stdout 2022-10-12T23:49:17.320695:Compress: "/usr/bin/pigz" -b 960 -n -f -6 "/out/sub-voice999/ses-2/func/sub-voice999_ses-2_task-pataka_run-1_bold_heudiconv000.nii"
INFO: stdout 2022-10-12T23:49:17.320695:Conversion required 7.425932 seconds (0.192141 for core code).
INFO: [Node] Finished "convert", elapsed time 7.50254s.
INFO: Post-treating /out/sub-voice999/ses-2/func/sub-voice999_ses-2_task-pataka_run-1_bold.json file
INFO: Converting /out/sub-voice999/ses-2/func/sub-voice999_ses-2_task-pataka_run-2_bold (207 DICOMs) -> /out/sub-voice999/ses-2/func . Converter: dcm2niix . Output types: ('nii.gz',)
INFO: [Node] Setting-up "convert" in "/tmp/dcm2niixiu4vw7he/convert".
INFO: [Node] Executing "convert" <nipype.interfaces.dcm2nii.Dcm2niix>
INFO: stdout 2022-10-12T23:49:20.190568:Chris Rorden's dcm2niiX version v1.0.20211006  GCC10.2.1 x86-64 (64-bit Linux)
INFO: stdout 2022-10-12T23:49:20.190568:Found 207 DICOM file(s)
INFO: stdout 2022-10-12T23:49:20.190568:Warning: Slice timing appears corrupted (range 0..3135, TR=1640 ms)
INFO: stdout 2022-10-12T23:49:20.190568:Convert 207 DICOM as /out/sub-voice999/ses-2/func/sub-voice999_ses-2_task-pataka_run-2_bold_heudiconv666 (72x72x45x207)
INFO: stdout 2022-10-12T23:49:25.621406:Compress: "/usr/bin/pigz" -b 960 -n -f -6 "/out/sub-voice999/ses-2/func/sub-voice999_ses-2_task-pataka_run-2_bold_heudiconv666.nii"
INFO: stdout 2022-10-12T23:49:25.621406:Conversion required 7.700695 seconds (0.199435 for core code).
INFO: [Node] Finished "convert", elapsed time 7.7615s.
INFO: Post-treating /out/sub-voice999/ses-2/func/sub-voice999_ses-2_task-pataka_run-2_bold.json file
INFO: Converting /out/sub-voice999/ses-2/func/sub-voice999_ses-2_task-pitchsent_run-1_bold (57 DICOMs) -> /out/sub-voice999/ses-2/func . Converter: dcm2niix . Output types: ('nii.gz',)
INFO: [Node] Setting-up "convert" in "/tmp/dcm2niix8oe5h093/convert".
INFO: [Node] Executing "convert" <nipype.interfaces.dcm2nii.Dcm2niix>
INFO: stdout 2022-10-12T23:49:26.789620:Chris Rorden's dcm2niiX version v1.0.20211006  GCC10.2.1 x86-64 (64-bit Linux)
INFO: stdout 2022-10-12T23:49:26.789620:Found 57 DICOM file(s)
INFO: stdout 2022-10-12T23:49:26.789620:Warning: Slice timing appears corrupted (range 0..5357.5, TR=4000 ms)
INFO: stdout 2022-10-12T23:49:26.789620:Convert 57 DICOM as /out/sub-voice999/ses-2/func/sub-voice999_ses-2_task-pitchsent_run-1_bold_heudiconv905 (108x108x65x57)
INFO: stdout 2022-10-12T23:49:31.506513:Compress: "/usr/bin/pigz" -b 960 -n -f -6 "/out/sub-voice999/ses-2/func/sub-voice999_ses-2_task-pitchsent_run-1_bold_heudiconv905.nii"
INFO: stdout 2022-10-12T23:49:31.506513:Conversion required 5.399812 seconds (0.135407 for core code).
INFO: [Node] Finished "convert", elapsed time 5.579043s.
INFO: Post-treating /out/sub-voice999/ses-2/func/sub-voice999_ses-2_task-pitchsent_run-1_bold.json file
INFO: Converting /out/sub-voice999/ses-2/func/sub-voice999_ses-2_task-pitchsent_run-2_bold (57 DICOMs) -> /out/sub-voice999/ses-2/func . Converter: dcm2niix . Output types: ('nii.gz',)
INFO: [Node] Setting-up "convert" in "/tmp/dcm2niix__41xcg9/convert".
INFO: [Node] Executing "convert" <nipype.interfaces.dcm2nii.Dcm2niix>
INFO: stdout 2022-10-12T23:49:32.597570:Chris Rorden's dcm2niiX version v1.0.20211006  GCC10.2.1 x86-64 (64-bit Linux)
INFO: stdout 2022-10-12T23:49:32.597570:Found 57 DICOM file(s)
INFO: stdout 2022-10-12T23:49:32.597570:Warning: Slice timing appears corrupted (range 0..5360, TR=4000 ms)
INFO: stdout 2022-10-12T23:49:32.597570:Convert 57 DICOM as /out/sub-voice999/ses-2/func/sub-voice999_ses-2_task-pitchsent_run-2_bold_heudiconv873 (108x108x65x57)
INFO: stdout 2022-10-12T23:49:37.322215:Compress: "/usr/bin/pigz" -b 960 -n -f -6 "/out/sub-voice999/ses-2/func/sub-voice999_ses-2_task-pitchsent_run-2_bold_heudiconv873.nii"
INFO: stdout 2022-10-12T23:49:37.322215:Conversion required 5.303772 seconds (0.131778 for core code).
INFO: [Node] Finished "convert", elapsed time 5.348574s.
INFO: Post-treating /out/sub-voice999/ses-2/func/sub-voice999_ses-2_task-pitchsent_run-2_bold.json file
INFO: Converting /out/sub-voice999/ses-2/func/sub-voice999_ses-2_task-nwr_run-1_bold (42 DICOMs) -> /out/sub-voice999/ses-2/func . Converter: dcm2niix . Output types: ('nii.gz',)
INFO: [Node] Setting-up "convert" in "/tmp/dcm2niixp2eofgxf/convert".
INFO: [Node] Executing "convert" <nipype.interfaces.dcm2nii.Dcm2niix>
INFO: stdout 2022-10-12T23:49:37.973405:Chris Rorden's dcm2niiX version v1.0.20211006  GCC10.2.1 x86-64 (64-bit Linux)
INFO: stdout 2022-10-12T23:49:37.973405:Found 42 DICOM file(s)
INFO: stdout 2022-10-12T23:49:37.973405:Warning: Slice timing appears corrupted (range 0..5357.5, TR=4000 ms)
INFO: stdout 2022-10-12T23:49:37.973405:Convert 42 DICOM as /out/sub-voice999/ses-2/func/sub-voice999_ses-2_task-nwr_run-1_bold_heudiconv208 (108x108x65x42)
INFO: stdout 2022-10-12T23:49:41.485084:Compress: "/usr/bin/pigz" -b 960 -n -f -6 "/out/sub-voice999/ses-2/func/sub-voice999_ses-2_task-nwr_run-1_bold_heudiconv208.nii"
INFO: stdout 2022-10-12T23:49:41.485084:Conversion required 3.837946 seconds (0.098819 for core code).
INFO: [Node] Finished "convert", elapsed time 3.8962529999999997s.
INFO: Post-treating /out/sub-voice999/ses-2/func/sub-voice999_ses-2_task-nwr_run-1_bold.json file
INFO: Converting /out/sub-voice999/ses-2/func/sub-voice999_ses-2_task-nwr_run-2_bold (42 DICOMs) -> /out/sub-voice999/ses-2/func . Converter: dcm2niix . Output types: ('nii.gz',)
INFO: [Node] Setting-up "convert" in "/tmp/dcm2niixb7g95syx/convert".
INFO: [Node] Executing "convert" <nipype.interfaces.dcm2nii.Dcm2niix>
INFO: stdout 2022-10-12T23:49:42.182854:Chris Rorden's dcm2niiX version v1.0.20211006  GCC10.2.1 x86-64 (64-bit Linux)
INFO: stdout 2022-10-12T23:49:42.182854:Found 42 DICOM file(s)
INFO: stdout 2022-10-12T23:49:42.182854:Warning: Slice timing appears corrupted (range 0..5357.5, TR=4000 ms)
INFO: stdout 2022-10-12T23:49:42.182854:Convert 42 DICOM as /out/sub-voice999/ses-2/func/sub-voice999_ses-2_task-nwr_run-2_bold_heudiconv049 (108x108x65x42)
INFO: stdout 2022-10-12T23:49:45.675365:Compress: "/usr/bin/pigz" -b 960 -n -f -6 "/out/sub-voice999/ses-2/func/sub-voice999_ses-2_task-nwr_run-2_bold_heudiconv049.nii"
INFO: stdout 2022-10-12T23:49:45.675365:Conversion required 3.842061 seconds (0.098443 for core code).
INFO: [Node] Finished "convert", elapsed time 3.931295s.
INFO: Post-treating /out/sub-voice999/ses-2/func/sub-voice999_ses-2_task-nwr_run-2_bold.json file
INFO: Converting /out/sub-voice999/ses-2/func/sub-voice999_ses-2_task-facematch_run-1_bold (99 DICOMs) -> /out/sub-voice999/ses-2/func . Converter: dcm2niix . Output types: ('nii.gz',)
INFO: [Node] Setting-up "convert" in "/tmp/dcm2niix8zblfn17/convert".
INFO: [Node] Executing "convert" <nipype.interfaces.dcm2nii.Dcm2niix>
INFO: stdout 2022-10-12T23:49:47.901518:Chris Rorden's dcm2niiX version v1.0.20211006  GCC10.2.1 x86-64 (64-bit Linux)
INFO: stdout 2022-10-12T23:49:47.901518:Found 99 DICOM file(s)
INFO: stdout 2022-10-12T23:49:47.901518:Warning: Slice timing appears corrupted (range 0..5357.5, TR=2000 ms)
INFO: stdout 2022-10-12T23:49:47.901518:Convert 99 DICOM as /out/sub-voice999/ses-2/func/sub-voice999_ses-2_task-facematch_run-1_bold_heudiconv852 (108x108x65x99)
INFO: stdout 2022-10-12T23:49:56.169682:Compress: "/usr/bin/pigz" -b 960 -n -f -6 "/out/sub-voice999/ses-2/func/sub-voice999_ses-2_task-facematch_run-1_bold_heudiconv852.nii"
INFO: stdout 2022-10-12T23:49:56.169682:Conversion required 9.471787 seconds (0.211018 for core code).
INFO: [Node] Finished "convert", elapsed time 9.544779s.
INFO: Post-treating /out/sub-voice999/ses-2/func/sub-voice999_ses-2_task-facematch_run-1_bold.json file
INFO: Converting /out/sub-voice999/ses-2/func/sub-voice999_ses-2_task-emosent_run-1_bold (42 DICOMs) -> /out/sub-voice999/ses-2/func . Converter: dcm2niix . Output types: ('nii.gz',)
INFO: [Node] Setting-up "convert" in "/tmp/dcm2niix3zpq0khv/convert".
INFO: [Node] Executing "convert" <nipype.interfaces.dcm2nii.Dcm2niix>
INFO: stdout 2022-10-12T23:49:57.146483:Chris Rorden's dcm2niiX version v1.0.20211006  GCC10.2.1 x86-64 (64-bit Linux)
INFO: stdout 2022-10-12T23:49:57.146483:Found 42 DICOM file(s)
INFO: stdout 2022-10-12T23:49:57.146483:Warning: Slice timing appears corrupted (range 0..5360, TR=4000 ms)
INFO: stdout 2022-10-12T23:49:57.146483:Convert 42 DICOM as /out/sub-voice999/ses-2/func/sub-voice999_ses-2_task-emosent_run-1_bold_heudiconv029 (108x108x65x42)
INFO: stdout 2022-10-12T23:50:00.890283:Compress: "/usr/bin/pigz" -b 960 -n -f -6 "/out/sub-voice999/ses-2/func/sub-voice999_ses-2_task-emosent_run-1_bold_heudiconv029.nii"
INFO: stdout 2022-10-12T23:50:00.890283:Conversion required 4.179294 seconds (0.127250 for core code).
INFO: [Node] Finished "convert", elapsed time 4.241413s.
INFO: Post-treating /out/sub-voice999/ses-2/func/sub-voice999_ses-2_task-emosent_run-1_bold.json file
INFO: Converting /out/sub-voice999/ses-2/func/sub-voice999_ses-2_task-vowel_run-1_bold (55 DICOMs) -> /out/sub-voice999/ses-2/func . Converter: dcm2niix . Output types: ('nii.gz',)
INFO: [Node] Setting-up "convert" in "/tmp/dcm2niixrcupa76u/convert".
INFO: [Node] Executing "convert" <nipype.interfaces.dcm2nii.Dcm2niix>
INFO: stdout 2022-10-12T23:50:01.831336:Chris Rorden's dcm2niiX version v1.0.20211006  GCC10.2.1 x86-64 (64-bit Linux)
INFO: stdout 2022-10-12T23:50:01.831336:Found 55 DICOM file(s)
INFO: stdout 2022-10-12T23:50:01.831336:Warning: Slice timing appears corrupted (range 0..5360, TR=4000 ms)
INFO: stdout 2022-10-12T23:50:01.831336:Convert 55 DICOM as /out/sub-voice999/ses-2/func/sub-voice999_ses-2_task-vowel_run-1_bold_heudiconv666 (108x108x65x55)
INFO: stdout 2022-10-12T23:50:06.469372:Compress: "/usr/bin/pigz" -b 960 -n -f -6 "/out/sub-voice999/ses-2/func/sub-voice999_ses-2_task-vowel_run-1_bold_heudiconv666.nii"
INFO: stdout 2022-10-12T23:50:06.469372:Conversion required 5.234986 seconds (0.170600 for core code).
INFO: [Node] Finished "convert", elapsed time 5.279344s.
INFO: Post-treating /out/sub-voice999/ses-2/func/sub-voice999_ses-2_task-vowel_run-1_bold.json file
INFO: Converting /out/sub-voice999/ses-2/func/sub-voice999_ses-2_task-vowel_run-2_bold (55 DICOMs) -> /out/sub-voice999/ses-2/func . Converter: dcm2niix . Output types: ('nii.gz',)
INFO: [Node] Setting-up "convert" in "/tmp/dcm2niixeuhssdn_/convert".
INFO: [Node] Executing "convert" <nipype.interfaces.dcm2nii.Dcm2niix>
INFO: stdout 2022-10-12T23:50:07.374153:Chris Rorden's dcm2niiX version v1.0.20211006  GCC10.2.1 x86-64 (64-bit Linux)
INFO: stdout 2022-10-12T23:50:07.374153:Found 55 DICOM file(s)
INFO: stdout 2022-10-12T23:50:07.374153:Warning: Slice timing appears corrupted (range 0..5357.5, TR=4000 ms)
INFO: stdout 2022-10-12T23:50:07.374153:Convert 55 DICOM as /out/sub-voice999/ses-2/func/sub-voice999_ses-2_task-vowel_run-2_bold_heudiconv630 (108x108x65x55)
INFO: stdout 2022-10-12T23:50:11.963125:Compress: "/usr/bin/pigz" -b 960 -n -f -6 "/out/sub-voice999/ses-2/func/sub-voice999_ses-2_task-vowel_run-2_bold_heudiconv630.nii"
INFO: stdout 2022-10-12T23:50:11.963125:Conversion required 5.091760 seconds (0.132134 for core code).
INFO: [Node] Finished "convert", elapsed time 5.156318s.
INFO: Post-treating /out/sub-voice999/ses-2/func/sub-voice999_ses-2_task-vowel_run-2_bold.json file
INFO: Converting /out/sub-voice999/ses-2/func/sub-voice999_ses-2_task-pitchnw_run-1_bold (101 DICOMs) -> /out/sub-voice999/ses-2/func . Converter: dcm2niix . Output types: ('nii.gz',)
INFO: [Node] Setting-up "convert" in "/tmp/dcm2niixyg87dlg2/convert".
INFO: [Node] Executing "convert" <nipype.interfaces.dcm2nii.Dcm2niix>
INFO: stdout 2022-10-12T23:50:13.174375:Chris Rorden's dcm2niiX version v1.0.20211006  GCC10.2.1 x86-64 (64-bit Linux)
INFO: stdout 2022-10-12T23:50:13.174375:Found 101 DICOM file(s)
INFO: stdout 2022-10-12T23:50:13.174375:Warning: Slice timing appears corrupted (range 0..5357.5, TR=2000 ms)
INFO: stdout 2022-10-12T23:50:13.174375:Convert 101 DICOM as /out/sub-voice999/ses-2/func/sub-voice999_ses-2_task-pitchnw_run-1_bold_heudiconv684 (108x108x65x101)
INFO: stdout 2022-10-12T23:50:21.454318:Compress: "/usr/bin/pigz" -b 960 -n -f -6 "/out/sub-voice999/ses-2/func/sub-voice999_ses-2_task-pitchnw_run-1_bold_heudiconv684.nii"
INFO: stdout 2022-10-12T23:50:21.454318:Conversion required 9.106049 seconds (0.205551 for core code).
INFO: [Node] Finished "convert", elapsed time 9.162578s.
INFO: Post-treating /out/sub-voice999/ses-2/func/sub-voice999_ses-2_task-pitchnw_run-1_bold.json file
INFO: Converting /out/sub-voice999/ses-2/func/sub-voice999_ses-2_task-pitchnw_run-2_bold (101 DICOMs) -> /out/sub-voice999/ses-2/func . Converter: dcm2niix . Output types: ('nii.gz',)
INFO: [Node] Setting-up "convert" in "/tmp/dcm2niixz9wnxz9x/convert".
INFO: [Node] Executing "convert" <nipype.interfaces.dcm2nii.Dcm2niix>
INFO: stdout 2022-10-12T23:50:22.484202:Chris Rorden's dcm2niiX version v1.0.20211006  GCC10.2.1 x86-64 (64-bit Linux)
INFO: stdout 2022-10-12T23:50:22.484202:Found 101 DICOM file(s)
INFO: stdout 2022-10-12T23:50:22.484202:Warning: Slice timing appears corrupted (range 0..5357.5, TR=2000 ms)
INFO: stdout 2022-10-12T23:50:22.484202:Convert 101 DICOM as /out/sub-voice999/ses-2/func/sub-voice999_ses-2_task-pitchnw_run-2_bold_heudiconv146 (108x108x65x101)
INFO: stdout 2022-10-12T23:50:30.607504:Compress: "/usr/bin/pigz" -b 960 -n -f -6 "/out/sub-voice999/ses-2/func/sub-voice999_ses-2_task-pitchnw_run-2_bold_heudiconv146.nii"
INFO: stdout 2022-10-12T23:50:30.607504:Conversion required 8.749778 seconds (0.209519 for core code).
INFO: [Node] Finished "convert", elapsed time 8.827544s.
INFO: Post-treating /out/sub-voice999/ses-2/func/sub-voice999_ses-2_task-pitchnw_run-2_bold.json file
INFO: Converting /out/sub-voice999/ses-2/func/sub-voice999_ses-2_task-movie_run-1_bold (138 DICOMs) -> /out/sub-voice999/ses-2/func . Converter: dcm2niix . Output types: ('nii.gz',)
INFO: [Node] Setting-up "convert" in "/tmp/dcm2niix0ce7hbmd/convert".
INFO: [Node] Executing "convert" <nipype.interfaces.dcm2nii.Dcm2niix>
INFO: stdout 2022-10-12T23:50:32.009671:Chris Rorden's dcm2niiX version v1.0.20211006  GCC10.2.1 x86-64 (64-bit Linux)
INFO: stdout 2022-10-12T23:50:32.009671:Found 138 DICOM file(s)
INFO: stdout 2022-10-12T23:50:32.009671:Warning: Slice timing appears corrupted (range 0..5360, TR=1090 ms)
INFO: stdout 2022-10-12T23:50:32.009671:Convert 138 DICOM as /out/sub-voice999/ses-2/func/sub-voice999_ses-2_task-movie_run-1_bold_heudiconv028 (108x108x65x138)
INFO: stdout 2022-10-12T23:50:43.289662:Compress: "/usr/bin/pigz" -b 960 -n -f -6 "/out/sub-voice999/ses-2/func/sub-voice999_ses-2_task-movie_run-1_bold_heudiconv028.nii"
INFO: stdout 2022-10-12T23:50:43.289662:Conversion required 12.301375 seconds (0.354663 for core code).
INFO: [Node] Finished "convert", elapsed time 12.336945s.
INFO: Post-treating /out/sub-voice999/ses-2/func/sub-voice999_ses-2_task-movie_run-1_bold.json file
INFO: Populating template files under /out/
INFO: PROCESSING DONE: {'subject': 'voice999', 'outdir': '/out/', 'session': '2'}
