INFO: Running heudiconv version 0.11.3+d20220512 latest 0.11.4
INFO: Need to process 1 study sessions
INFO: PROCESSING STARTS: {'subject': 'voice891', 'outdir': '/out/', 'session': '1'}
INFO: Processing 5417 dicoms
INFO: Analyzing 5417 dicoms
INFO: Generated sequence info for 53 accession numbers with 5417 entries total
INFO: Doing conversion using dcm2niix
INFO: Converting /out/sub-voice891/ses-1/func/sub-voice891_ses-1_task-rest_run-1_bold (300 DICOMs) -> /out/sub-voice891/ses-1/func . Converter: dcm2niix . Output types: ('nii.gz',)
WARNING: A newer version (1.8.4) of nipy/nipype is available. You are using 1.8.0
INFO: [Node] Setting-up "convert" in "/tmp/dcm2niixmla62yie/convert".
INFO: [Node] Executing "convert" <nipype.interfaces.dcm2nii.Dcm2niix>
INFO: stdout 2022-10-07T18:33:32.344089:Chris Rorden's dcm2niiX version v1.0.20211006  GCC10.2.1 x86-64 (64-bit Linux)
INFO: stdout 2022-10-07T18:33:32.344089:Found 300 DICOM file(s)
INFO: stdout 2022-10-07T18:33:32.344089:Warning: Slice timing appears corrupted (range 0..5360, TR=1090 ms)
INFO: stdout 2022-10-07T18:33:32.344089:Convert 300 DICOM as /out/sub-voice891/ses-1/func/sub-voice891_ses-1_task-rest_run-1_bold_heudiconv213 (108x108x65x300)
INFO: stdout 2022-10-07T18:34:06.828339:Compress: "/usr/bin/pigz" -b 960 -n -f -6 "/out/sub-voice891/ses-1/func/sub-voice891_ses-1_task-rest_run-1_bold_heudiconv213.nii"
INFO: stdout 2022-10-07T18:34:06.828339:Conversion required 36.035207 seconds (1.720061 for core code).
INFO: [Node] Finished "convert", elapsed time 36.120294s.
INFO: Post-treating /out/sub-voice891/ses-1/func/sub-voice891_ses-1_task-rest_run-1_bold.json file
INFO: Converting /out/sub-voice891/ses-1/fmap/sub-voice891_ses-1_acq-func_dir-PA_run-1_epi (260 DICOMs) -> /out/sub-voice891/ses-1/fmap . Converter: dcm2niix . Output types: ('nii.gz',)
INFO: [Node] Setting-up "convert" in "/tmp/dcm2niix920sz3_m/convert".
INFO: [Node] Executing "convert" <nipype.interfaces.dcm2nii.Dcm2niix>
INFO: stdout 2022-10-07T18:34:07.995429:Chris Rorden's dcm2niiX version v1.0.20211006  GCC10.2.1 x86-64 (64-bit Linux)
INFO: stdout 2022-10-07T18:34:07.995429:Found 260 DICOM file(s)
INFO: stdout 2022-10-07T18:34:07.995429:Convert 260 DICOM as /out/sub-voice891/ses-1/fmap/sub-voice891_ses-1_acq-func_dir-PA_run-1_epi_heudiconv163 (108x108x65x4)
INFO: stdout 2022-10-07T18:34:08.630763:Compress: "/usr/bin/pigz" -b 960 -n -f -6 "/out/sub-voice891/ses-1/fmap/sub-voice891_ses-1_acq-func_dir-PA_run-1_epi_heudiconv163.nii"
INFO: stdout 2022-10-07T18:34:08.630763:Conversion required 1.075045 seconds (0.295607 for core code).
INFO: [Node] Finished "convert", elapsed time 1.16201s.
WARNING: Failed to find task field in /out/sub-voice891/ses-1/fmap/sub-voice891_ses-1_acq-func_dir-PA_run-1_epi.json.
INFO: Post-treating /out/sub-voice891/ses-1/fmap/sub-voice891_ses-1_acq-func_dir-PA_run-1_epi.json file
INFO: Converting /out/sub-voice891/ses-1/fmap/sub-voice891_ses-1_acq-func_dir-AP_run-2_epi (260 DICOMs) -> /out/sub-voice891/ses-1/fmap . Converter: dcm2niix . Output types: ('nii.gz',)
INFO: [Node] Setting-up "convert" in "/tmp/dcm2niixbcffxf6j/convert".
INFO: [Node] Executing "convert" <nipype.interfaces.dcm2nii.Dcm2niix>
INFO: stdout 2022-10-07T18:34:09.761706:Chris Rorden's dcm2niiX version v1.0.20211006  GCC10.2.1 x86-64 (64-bit Linux)
INFO: stdout 2022-10-07T18:34:09.761706:Found 260 DICOM file(s)
INFO: stdout 2022-10-07T18:34:09.761706:Convert 260 DICOM as /out/sub-voice891/ses-1/fmap/sub-voice891_ses-1_acq-func_dir-AP_run-2_epi_heudiconv576 (108x108x65x4)
INFO: stdout 2022-10-07T18:34:10.341865:Compress: "/usr/bin/pigz" -b 960 -n -f -6 "/out/sub-voice891/ses-1/fmap/sub-voice891_ses-1_acq-func_dir-AP_run-2_epi_heudiconv576.nii"
INFO: stdout 2022-10-07T18:34:10.341865:Conversion required 1.107918 seconds (0.339956 for core code).
INFO: [Node] Finished "convert", elapsed time 1.248903s.
WARNING: Failed to find task field in /out/sub-voice891/ses-1/fmap/sub-voice891_ses-1_acq-func_dir-AP_run-2_epi.json.
INFO: Post-treating /out/sub-voice891/ses-1/fmap/sub-voice891_ses-1_acq-func_dir-AP_run-2_epi.json file
INFO: Converting /out/sub-voice891/ses-1/dwi/sub-voice891_ses-1_acq-PA_dwi (72 DICOMs) -> /out/sub-voice891/ses-1/dwi . Converter: dcm2niix . Output types: ('nii.gz',)
INFO: [Node] Setting-up "convert" in "/tmp/dcm2niixwrssysql/convert".
INFO: [Node] Executing "convert" <nipype.interfaces.dcm2nii.Dcm2niix>
INFO: stdout 2022-10-07T18:34:11.781694:Chris Rorden's dcm2niiX version v1.0.20211006  GCC10.2.1 x86-64 (64-bit Linux)
INFO: stdout 2022-10-07T18:34:11.781694:Found 72 DICOM file(s)
INFO: stdout 2022-10-07T18:34:11.781694:Warning: Slice timing appears corrupted (range 0..8.63999e+07, TR=4400 ms)
INFO: stdout 2022-10-07T18:34:11.781694:Convert 72 DICOM as /out/sub-voice891/ses-1/dwi/sub-voice891_ses-1_acq-PA_dwi_heudiconv503 (120x120x66x72)
INFO: stdout 2022-10-07T18:34:22.506908:Compress: "/usr/bin/pigz" -b 960 -n -f -6 "/out/sub-voice891/ses-1/dwi/sub-voice891_ses-1_acq-PA_dwi_heudiconv503.nii"
INFO: stdout 2022-10-07T18:34:22.506908:Conversion required 11.680538 seconds (0.522682 for core code).
INFO: [Node] Finished "convert", elapsed time 11.766221999999999s.
WARNING: Failed to find task field in /out/sub-voice891/ses-1/dwi/sub-voice891_ses-1_acq-PA_dwi.json.
INFO: Post-treating /out/sub-voice891/ses-1/dwi/sub-voice891_ses-1_acq-PA_dwi.json file
INFO: Converting /out/sub-voice891/ses-1/dwi/sub-voice891_ses-1_acq-AP_dwi (7 DICOMs) -> /out/sub-voice891/ses-1/dwi . Converter: dcm2niix . Output types: ('nii.gz',)
INFO: [Node] Setting-up "convert" in "/tmp/dcm2niixytemf56w/convert".
INFO: [Node] Executing "convert" <nipype.interfaces.dcm2nii.Dcm2niix>
INFO: stdout 2022-10-07T18:34:22.902028:Chris Rorden's dcm2niiX version v1.0.20211006  GCC10.2.1 x86-64 (64-bit Linux)
INFO: stdout 2022-10-07T18:34:22.902028:Found 7 DICOM file(s)
INFO: stdout 2022-10-07T18:34:22.902028:Warning: Slice timing appears corrupted (range 0..8.63999e+07, TR=4400 ms)
INFO: stdout 2022-10-07T18:34:22.902028:Convert 7 DICOM as /out/sub-voice891/ses-1/dwi/sub-voice891_ses-1_acq-AP_dwi_heudiconv532 (120x120x66x7)
INFO: stdout 2022-10-07T18:34:23.938861:Compress: "/usr/bin/pigz" -b 960 -n -f -6 "/out/sub-voice891/ses-1/dwi/sub-voice891_ses-1_acq-AP_dwi_heudiconv532.nii"
INFO: stdout 2022-10-07T18:34:23.938861:Conversion required 1.200919 seconds (0.075217 for core code).
INFO: [Node] Finished "convert", elapsed time 1.332916s.
WARNING: Failed to find task field in /out/sub-voice891/ses-1/dwi/sub-voice891_ses-1_acq-AP_dwi.json.
INFO: Post-treating /out/sub-voice891/ses-1/dwi/sub-voice891_ses-1_acq-AP_dwi.json file
INFO: Converting /out/sub-voice891/ses-1/anat/sub-voice891_ses-1_run-1_T1w (176 DICOMs) -> /out/sub-voice891/ses-1/anat . Converter: dcm2niix . Output types: ('nii.gz',)
INFO: [Node] Setting-up "convert" in "/tmp/dcm2niixree4_uan/convert".
INFO: [Node] Executing "convert" <nipype.interfaces.dcm2nii.Dcm2niix>
INFO: stdout 2022-10-07T18:34:24.840901:Chris Rorden's dcm2niiX version v1.0.20211006  GCC10.2.1 x86-64 (64-bit Linux)
INFO: stdout 2022-10-07T18:34:24.840901:Found 176 DICOM file(s)
INFO: stdout 2022-10-07T18:34:24.840901:Convert 176 DICOM as /out/sub-voice891/ses-1/anat/sub-voice891_ses-1_run-1_T1w_heudiconv837 (256x256x176x1)
INFO: stdout 2022-10-07T18:34:26.768058:Compress: "/usr/bin/pigz" -b 960 -n -f -6 "/out/sub-voice891/ses-1/anat/sub-voice891_ses-1_run-1_T1w_heudiconv837.nii"
INFO: stdout 2022-10-07T18:34:26.768058:Conversion required 2.283537 seconds (0.481855 for core code).
INFO: [Node] Finished "convert", elapsed time 2.365909s.
WARNING: Failed to find task field in /out/sub-voice891/ses-1/anat/sub-voice891_ses-1_run-1_T1w.json.
INFO: Post-treating /out/sub-voice891/ses-1/anat/sub-voice891_ses-1_run-1_T1w.json file
INFO: Converting /out/sub-voice891/ses-1/anat/sub-voice891_ses-1_T2w (176 DICOMs) -> /out/sub-voice891/ses-1/anat . Converter: dcm2niix . Output types: ('nii.gz',)
INFO: [Node] Setting-up "convert" in "/tmp/dcm2niix8q8ko7lj/convert".
INFO: [Node] Executing "convert" <nipype.interfaces.dcm2nii.Dcm2niix>
INFO: stdout 2022-10-07T18:34:27.589042:Chris Rorden's dcm2niiX version v1.0.20211006  GCC10.2.1 x86-64 (64-bit Linux)
INFO: stdout 2022-10-07T18:34:27.589042:Found 176 DICOM file(s)
INFO: stdout 2022-10-07T18:34:27.589042:Convert 176 DICOM as /out/sub-voice891/ses-1/anat/sub-voice891_ses-1_T2w_heudiconv282 (256x256x176x1)
INFO: stdout 2022-10-07T18:34:29.253116:Compress: "/usr/bin/pigz" -b 960 -n -f -6 "/out/sub-voice891/ses-1/anat/sub-voice891_ses-1_T2w_heudiconv282.nii"
INFO: stdout 2022-10-07T18:34:29.253116:Conversion required 2.046136 seconds (0.466440 for core code).
INFO: [Node] Finished "convert", elapsed time 2.122902s.
WARNING: Failed to find task field in /out/sub-voice891/ses-1/anat/sub-voice891_ses-1_T2w.json.
INFO: Post-treating /out/sub-voice891/ses-1/anat/sub-voice891_ses-1_T2w.json file
INFO: Converting /out/sub-voice891/ses-1/func/sub-voice891_ses-1_task-pataka_run-1_bold (207 DICOMs) -> /out/sub-voice891/ses-1/func . Converter: dcm2niix . Output types: ('nii.gz',)
INFO: [Node] Setting-up "convert" in "/tmp/dcm2niixqnyzibfs/convert".
INFO: [Node] Executing "convert" <nipype.interfaces.dcm2nii.Dcm2niix>
INFO: stdout 2022-10-07T18:34:30.441544:Chris Rorden's dcm2niiX version v1.0.20211006  GCC10.2.1 x86-64 (64-bit Linux)
INFO: stdout 2022-10-07T18:34:30.441544:Found 207 DICOM file(s)
INFO: stdout 2022-10-07T18:34:30.441544:Warning: Slice timing appears corrupted (range 0..3135, TR=1640 ms)
INFO: stdout 2022-10-07T18:34:30.441544:Convert 207 DICOM as /out/sub-voice891/ses-1/func/sub-voice891_ses-1_task-pataka_run-1_bold_heudiconv349 (72x72x45x207)
INFO: stdout 2022-10-07T18:34:38.249761:Compress: "/usr/bin/pigz" -b 960 -n -f -6 "/out/sub-voice891/ses-1/func/sub-voice891_ses-1_task-pataka_run-1_bold_heudiconv349.nii"
INFO: stdout 2022-10-07T18:34:38.249761:Conversion required 8.357829 seconds (0.549045 for core code).
INFO: [Node] Finished "convert", elapsed time 8.447826s.
INFO: Post-treating /out/sub-voice891/ses-1/func/sub-voice891_ses-1_task-pataka_run-1_bold.json file
INFO: Converting /out/sub-voice891/ses-1/func/sub-voice891_ses-1_task-pataka_run-2_bold (207 DICOMs) -> /out/sub-voice891/ses-1/func . Converter: dcm2niix . Output types: ('nii.gz',)
INFO: [Node] Setting-up "convert" in "/tmp/dcm2niixxh31zy09/convert".
INFO: [Node] Executing "convert" <nipype.interfaces.dcm2nii.Dcm2niix>
INFO: stdout 2022-10-07T18:34:39.411321:Chris Rorden's dcm2niiX version v1.0.20211006  GCC10.2.1 x86-64 (64-bit Linux)
INFO: stdout 2022-10-07T18:34:39.411321:Found 207 DICOM file(s)
INFO: stdout 2022-10-07T18:34:39.411321:Warning: Slice timing appears corrupted (range 0..3135, TR=1640 ms)
INFO: stdout 2022-10-07T18:34:39.411321:Convert 207 DICOM as /out/sub-voice891/ses-1/func/sub-voice891_ses-1_task-pataka_run-2_bold_heudiconv026 (72x72x45x207)
INFO: stdout 2022-10-07T18:34:47.100590:Compress: "/usr/bin/pigz" -b 960 -n -f -6 "/out/sub-voice891/ses-1/func/sub-voice891_ses-1_task-pataka_run-2_bold_heudiconv026.nii"
INFO: stdout 2022-10-07T18:34:47.100590:Conversion required 8.297911 seconds (0.528739 for core code).
INFO: [Node] Finished "convert", elapsed time 8.379974s.
INFO: Post-treating /out/sub-voice891/ses-1/func/sub-voice891_ses-1_task-pataka_run-2_bold.json file
INFO: Converting /out/sub-voice891/ses-1/func/sub-voice891_ses-1_task-pitchsent_run-1_bold (64 DICOMs) -> /out/sub-voice891/ses-1/func . Converter: dcm2niix . Output types: ('nii.gz',)
INFO: [Node] Setting-up "convert" in "/tmp/dcm2niix0n_9gs1o/convert".
INFO: [Node] Executing "convert" <nipype.interfaces.dcm2nii.Dcm2niix>
INFO: stdout 2022-10-07T18:34:47.942903:Chris Rorden's dcm2niiX version v1.0.20211006  GCC10.2.1 x86-64 (64-bit Linux)
INFO: stdout 2022-10-07T18:34:47.942903:Found 64 DICOM file(s)
INFO: stdout 2022-10-07T18:34:47.942903:Warning: Slice timing appears corrupted (range 0..5360, TR=4000 ms)
INFO: stdout 2022-10-07T18:34:47.942903:Convert 64 DICOM as /out/sub-voice891/ses-1/func/sub-voice891_ses-1_task-pitchsent_run-1_bold_heudiconv512 (108x108x65x64)
INFO: stdout 2022-10-07T18:34:55.563834:Compress: "/usr/bin/pigz" -b 960 -n -f -6 "/out/sub-voice891/ses-1/func/sub-voice891_ses-1_task-pitchsent_run-1_bold_heudiconv512.nii"
INFO: stdout 2022-10-07T18:34:55.563834:Conversion required 8.079574 seconds (0.453451 for core code).
INFO: [Node] Finished "convert", elapsed time 8.192322s.
INFO: Post-treating /out/sub-voice891/ses-1/func/sub-voice891_ses-1_task-pitchsent_run-1_bold.json file
INFO: Converting /out/sub-voice891/ses-1/func/sub-voice891_ses-1_task-pitchsent_run-2_bold (64 DICOMs) -> /out/sub-voice891/ses-1/func . Converter: dcm2niix . Output types: ('nii.gz',)
INFO: [Node] Setting-up "convert" in "/tmp/dcm2niix298_i2k2/convert".
INFO: [Node] Executing "convert" <nipype.interfaces.dcm2nii.Dcm2niix>
INFO: stdout 2022-10-07T18:34:56.259508:Chris Rorden's dcm2niiX version v1.0.20211006  GCC10.2.1 x86-64 (64-bit Linux)
INFO: stdout 2022-10-07T18:34:56.259508:Found 64 DICOM file(s)
INFO: stdout 2022-10-07T18:34:56.259508:Warning: Slice timing appears corrupted (range 0..5357.5, TR=4000 ms)
INFO: stdout 2022-10-07T18:34:56.259508:Convert 64 DICOM as /out/sub-voice891/ses-1/func/sub-voice891_ses-1_task-pitchsent_run-2_bold_heudiconv866 (108x108x65x64)
INFO: stdout 2022-10-07T18:35:03.948214:Compress: "/usr/bin/pigz" -b 960 -n -f -6 "/out/sub-voice891/ses-1/func/sub-voice891_ses-1_task-pitchsent_run-2_bold_heudiconv866.nii"
INFO: stdout 2022-10-07T18:35:03.948214:Conversion required 8.007920 seconds (0.385888 for core code).
INFO: [Node] Finished "convert", elapsed time 8.090493s.
INFO: Post-treating /out/sub-voice891/ses-1/func/sub-voice891_ses-1_task-pitchsent_run-2_bold.json file
INFO: Converting /out/sub-voice891/ses-1/func/sub-voice891_ses-1_task-nwr_run-1_bold (42 DICOMs) -> /out/sub-voice891/ses-1/func . Converter: dcm2niix . Output types: ('nii.gz',)
INFO: [Node] Setting-up "convert" in "/tmp/dcm2niixz1q5177s/convert".
INFO: [Node] Executing "convert" <nipype.interfaces.dcm2nii.Dcm2niix>
INFO: stdout 2022-10-07T18:35:04.471571:Chris Rorden's dcm2niiX version v1.0.20211006  GCC10.2.1 x86-64 (64-bit Linux)
INFO: stdout 2022-10-07T18:35:04.471571:Found 42 DICOM file(s)
INFO: stdout 2022-10-07T18:35:04.471571:Warning: Slice timing appears corrupted (range 0..5360, TR=4000 ms)
INFO: stdout 2022-10-07T18:35:04.471571:Convert 42 DICOM as /out/sub-voice891/ses-1/func/sub-voice891_ses-1_task-nwr_run-1_bold_heudiconv925 (108x108x65x42)
INFO: stdout 2022-10-07T18:35:09.463891:Compress: "/usr/bin/pigz" -b 960 -n -f -6 "/out/sub-voice891/ses-1/func/sub-voice891_ses-1_task-nwr_run-1_bold_heudiconv925.nii"
INFO: stdout 2022-10-07T18:35:09.463891:Conversion required 5.188375 seconds (0.213736 for core code).
INFO: [Node] Finished "convert", elapsed time 5.284413s.
INFO: Post-treating /out/sub-voice891/ses-1/func/sub-voice891_ses-1_task-nwr_run-1_bold.json file
INFO: Converting /out/sub-voice891/ses-1/func/sub-voice891_ses-1_task-nwr_run-2_bold (42 DICOMs) -> /out/sub-voice891/ses-1/func . Converter: dcm2niix . Output types: ('nii.gz',)
INFO: [Node] Setting-up "convert" in "/tmp/dcm2niixlk4redm2/convert".
INFO: [Node] Executing "convert" <nipype.interfaces.dcm2nii.Dcm2niix>
INFO: stdout 2022-10-07T18:35:10.033511:Chris Rorden's dcm2niiX version v1.0.20211006  GCC10.2.1 x86-64 (64-bit Linux)
INFO: stdout 2022-10-07T18:35:10.033511:Found 42 DICOM file(s)
INFO: stdout 2022-10-07T18:35:10.033511:Warning: Slice timing appears corrupted (range 0..5360, TR=4000 ms)
INFO: stdout 2022-10-07T18:35:10.033511:Convert 42 DICOM as /out/sub-voice891/ses-1/func/sub-voice891_ses-1_task-nwr_run-2_bold_heudiconv390 (108x108x65x42)
INFO: stdout 2022-10-07T18:35:14.982539:Compress: "/usr/bin/pigz" -b 960 -n -f -6 "/out/sub-voice891/ses-1/func/sub-voice891_ses-1_task-nwr_run-2_bold_heudiconv390.nii"
INFO: stdout 2022-10-07T18:35:14.982539:Conversion required 5.162308 seconds (0.235266 for core code).
INFO: [Node] Finished "convert", elapsed time 5.277138s.
INFO: Post-treating /out/sub-voice891/ses-1/func/sub-voice891_ses-1_task-nwr_run-2_bold.json file
INFO: Converting /out/sub-voice891/ses-1/func/sub-voice891_ses-1_task-nwr_run-3_bold (42 DICOMs) -> /out/sub-voice891/ses-1/func . Converter: dcm2niix . Output types: ('nii.gz',)
INFO: [Node] Setting-up "convert" in "/tmp/dcm2niixzhpd8jhv/convert".
INFO: [Node] Executing "convert" <nipype.interfaces.dcm2nii.Dcm2niix>
INFO: stdout 2022-10-07T18:35:15.654161:Chris Rorden's dcm2niiX version v1.0.20211006  GCC10.2.1 x86-64 (64-bit Linux)
INFO: stdout 2022-10-07T18:35:15.654161:Found 42 DICOM file(s)
INFO: stdout 2022-10-07T18:35:15.654161:Warning: Slice timing appears corrupted (range 0..5360, TR=4000 ms)
INFO: stdout 2022-10-07T18:35:15.654161:Convert 42 DICOM as /out/sub-voice891/ses-1/func/sub-voice891_ses-1_task-nwr_run-3_bold_heudiconv669 (108x108x65x42)
INFO: stdout 2022-10-07T18:35:20.716969:Compress: "/usr/bin/pigz" -b 960 -n -f -6 "/out/sub-voice891/ses-1/func/sub-voice891_ses-1_task-nwr_run-3_bold_heudiconv669.nii"
INFO: stdout 2022-10-07T18:35:20.716969:Conversion required 5.339857 seconds (0.260737 for core code).
INFO: [Node] Finished "convert", elapsed time 5.440408s.
INFO: Post-treating /out/sub-voice891/ses-1/func/sub-voice891_ses-1_task-nwr_run-3_bold.json file
INFO: Converting /out/sub-voice891/ses-1/func/sub-voice891_ses-1_task-facematch_run-1_bold (99 DICOMs) -> /out/sub-voice891/ses-1/func . Converter: dcm2niix . Output types: ('nii.gz',)
INFO: [Node] Setting-up "convert" in "/tmp/dcm2niixdxe9dpuu/convert".
INFO: [Node] Executing "convert" <nipype.interfaces.dcm2nii.Dcm2niix>
INFO: stdout 2022-10-07T18:35:21.588186:Chris Rorden's dcm2niiX version v1.0.20211006  GCC10.2.1 x86-64 (64-bit Linux)
INFO: stdout 2022-10-07T18:35:21.588186:Found 99 DICOM file(s)
INFO: stdout 2022-10-07T18:35:21.588186:Warning: Slice timing appears corrupted (range 0..5360, TR=2000 ms)
INFO: stdout 2022-10-07T18:35:21.588186:Convert 99 DICOM as /out/sub-voice891/ses-1/func/sub-voice891_ses-1_task-facematch_run-1_bold_heudiconv716 (108x108x65x99)
INFO: stdout 2022-10-07T18:35:33.266503:Compress: "/usr/bin/pigz" -b 960 -n -f -6 "/out/sub-voice891/ses-1/func/sub-voice891_ses-1_task-facematch_run-1_bold_heudiconv716.nii"
INFO: stdout 2022-10-07T18:35:33.266503:Conversion required 12.135802 seconds (0.540421 for core code).
INFO: [Node] Finished "convert", elapsed time 12.217666s.
INFO: Post-treating /out/sub-voice891/ses-1/func/sub-voice891_ses-1_task-facematch_run-1_bold.json file
INFO: Converting /out/sub-voice891/ses-1/func/sub-voice891_ses-1_task-facematch_run-2_bold (99 DICOMs) -> /out/sub-voice891/ses-1/func . Converter: dcm2niix . Output types: ('nii.gz',)
INFO: [Node] Setting-up "convert" in "/tmp/dcm2niixfko6o5qf/convert".
INFO: [Node] Executing "convert" <nipype.interfaces.dcm2nii.Dcm2niix>
INFO: stdout 2022-10-07T18:35:34.074469:Chris Rorden's dcm2niiX version v1.0.20211006  GCC10.2.1 x86-64 (64-bit Linux)
INFO: stdout 2022-10-07T18:35:34.074469:Found 99 DICOM file(s)
INFO: stdout 2022-10-07T18:35:34.074469:Warning: Slice timing appears corrupted (range 0..5357.5, TR=2000 ms)
INFO: stdout 2022-10-07T18:35:34.074469:Convert 99 DICOM as /out/sub-voice891/ses-1/func/sub-voice891_ses-1_task-facematch_run-2_bold_heudiconv759 (108x108x65x99)
INFO: stdout 2022-10-07T18:35:45.552312:Compress: "/usr/bin/pigz" -b 960 -n -f -6 "/out/sub-voice891/ses-1/func/sub-voice891_ses-1_task-facematch_run-2_bold_heudiconv759.nii"
INFO: stdout 2022-10-07T18:35:45.552312:Conversion required 11.900898 seconds (0.467334 for core code).
INFO: [Node] Finished "convert", elapsed time 12.046014s.
INFO: Post-treating /out/sub-voice891/ses-1/func/sub-voice891_ses-1_task-facematch_run-2_bold.json file
INFO: Converting /out/sub-voice891/ses-1/func/sub-voice891_ses-1_task-emosent_run-1_bold (48 DICOMs) -> /out/sub-voice891/ses-1/func . Converter: dcm2niix . Output types: ('nii.gz',)
INFO: [Node] Setting-up "convert" in "/tmp/dcm2niixvh5dnk83/convert".
INFO: [Node] Executing "convert" <nipype.interfaces.dcm2nii.Dcm2niix>
INFO: stdout 2022-10-07T18:35:46.319562:Chris Rorden's dcm2niiX version v1.0.20211006  GCC10.2.1 x86-64 (64-bit Linux)
INFO: stdout 2022-10-07T18:35:46.319562:Found 48 DICOM file(s)
INFO: stdout 2022-10-07T18:35:46.319562:Warning: Slice timing appears corrupted (range 0..5357.5, TR=4000 ms)
INFO: stdout 2022-10-07T18:35:46.319562:Convert 48 DICOM as /out/sub-voice891/ses-1/func/sub-voice891_ses-1_task-emosent_run-1_bold_heudiconv804 (108x108x65x48)
INFO: stdout 2022-10-07T18:35:51.948109:Compress: "/usr/bin/pigz" -b 960 -n -f -6 "/out/sub-voice891/ses-1/func/sub-voice891_ses-1_task-emosent_run-1_bold_heudiconv804.nii"
INFO: stdout 2022-10-07T18:35:51.948109:Conversion required 5.968801 seconds (0.351876 for core code).
INFO: [Node] Finished "convert", elapsed time 6.129574s.
INFO: Post-treating /out/sub-voice891/ses-1/func/sub-voice891_ses-1_task-emosent_run-1_bold.json file
INFO: Converting /out/sub-voice891/ses-1/func/sub-voice891_ses-1_task-emosent_run-2_bold (48 DICOMs) -> /out/sub-voice891/ses-1/func . Converter: dcm2niix . Output types: ('nii.gz',)
INFO: [Node] Setting-up "convert" in "/tmp/dcm2niixq9p8mckw/convert".
INFO: [Node] Executing "convert" <nipype.interfaces.dcm2nii.Dcm2niix>
INFO: stdout 2022-10-07T18:35:52.614594:Chris Rorden's dcm2niiX version v1.0.20211006  GCC10.2.1 x86-64 (64-bit Linux)
INFO: stdout 2022-10-07T18:35:52.614594:Found 48 DICOM file(s)
INFO: stdout 2022-10-07T18:35:52.614594:Warning: Slice timing appears corrupted (range 0..5357.5, TR=4000 ms)
INFO: stdout 2022-10-07T18:35:52.614594:Convert 48 DICOM as /out/sub-voice891/ses-1/func/sub-voice891_ses-1_task-emosent_run-2_bold_heudiconv402 (108x108x65x48)
INFO: stdout 2022-10-07T18:35:58.476908:Compress: "/usr/bin/pigz" -b 960 -n -f -6 "/out/sub-voice891/ses-1/func/sub-voice891_ses-1_task-emosent_run-2_bold_heudiconv402.nii"
INFO: stdout 2022-10-07T18:35:58.476908:Conversion required 6.132650 seconds (0.271416 for core code).
INFO: [Node] Finished "convert", elapsed time 6.230149s.
INFO: Post-treating /out/sub-voice891/ses-1/func/sub-voice891_ses-1_task-emosent_run-2_bold.json file
INFO: Converting /out/sub-voice891/ses-1/func/sub-voice891_ses-1_task-vowel_run-1_bold (60 DICOMs) -> /out/sub-voice891/ses-1/func . Converter: dcm2niix . Output types: ('nii.gz',)
INFO: [Node] Setting-up "convert" in "/tmp/dcm2niixkjlfqkrw/convert".
INFO: [Node] Executing "convert" <nipype.interfaces.dcm2nii.Dcm2niix>
INFO: stdout 2022-10-07T18:35:59.236404:Chris Rorden's dcm2niiX version v1.0.20211006  GCC10.2.1 x86-64 (64-bit Linux)
INFO: stdout 2022-10-07T18:35:59.236404:Found 60 DICOM file(s)
INFO: stdout 2022-10-07T18:35:59.236404:Warning: Slice timing appears corrupted (range 0..5360, TR=4000 ms)
INFO: stdout 2022-10-07T18:35:59.236404:Convert 60 DICOM as /out/sub-voice891/ses-1/func/sub-voice891_ses-1_task-vowel_run-1_bold_heudiconv251 (108x108x65x60)
INFO: stdout 2022-10-07T18:36:06.417385:Compress: "/usr/bin/pigz" -b 960 -n -f -6 "/out/sub-voice891/ses-1/func/sub-voice891_ses-1_task-vowel_run-1_bold_heudiconv251.nii"
INFO: stdout 2022-10-07T18:36:06.417385:Conversion required 7.552257 seconds (0.332593 for core code).
INFO: [Node] Finished "convert", elapsed time 7.648631s.
INFO: Post-treating /out/sub-voice891/ses-1/func/sub-voice891_ses-1_task-vowel_run-1_bold.json file
INFO: Converting /out/sub-voice891/ses-1/func/sub-voice891_ses-1_task-vowel_run-2_bold (60 DICOMs) -> /out/sub-voice891/ses-1/func . Converter: dcm2niix . Output types: ('nii.gz',)
INFO: [Node] Setting-up "convert" in "/tmp/dcm2niix5fss1_zk/convert".
INFO: [Node] Executing "convert" <nipype.interfaces.dcm2nii.Dcm2niix>
INFO: stdout 2022-10-07T18:36:07.017968:Chris Rorden's dcm2niiX version v1.0.20211006  GCC10.2.1 x86-64 (64-bit Linux)
INFO: stdout 2022-10-07T18:36:07.017968:Found 60 DICOM file(s)
INFO: stdout 2022-10-07T18:36:07.017968:Warning: Slice timing appears corrupted (range 0..5360, TR=4000 ms)
INFO: stdout 2022-10-07T18:36:07.017968:Convert 60 DICOM as /out/sub-voice891/ses-1/func/sub-voice891_ses-1_task-vowel_run-2_bold_heudiconv496 (108x108x65x60)
INFO: stdout 2022-10-07T18:36:14.135870:Compress: "/usr/bin/pigz" -b 960 -n -f -6 "/out/sub-voice891/ses-1/func/sub-voice891_ses-1_task-vowel_run-2_bold_heudiconv496.nii"
INFO: stdout 2022-10-07T18:36:14.135870:Conversion required 7.391717 seconds (0.341077 for core code).
INFO: [Node] Finished "convert", elapsed time 7.507384s.
INFO: Post-treating /out/sub-voice891/ses-1/func/sub-voice891_ses-1_task-vowel_run-2_bold.json file
INFO: Converting /out/sub-voice891/ses-1/func/sub-voice891_ses-1_task-pitchnw_run-1_bold (101 DICOMs) -> /out/sub-voice891/ses-1/func . Converter: dcm2niix . Output types: ('nii.gz',)
INFO: [Node] Setting-up "convert" in "/tmp/dcm2niix15z8ajw0/convert".
INFO: [Node] Executing "convert" <nipype.interfaces.dcm2nii.Dcm2niix>
INFO: stdout 2022-10-07T18:36:15.133052:Chris Rorden's dcm2niiX version v1.0.20211006  GCC10.2.1 x86-64 (64-bit Linux)
INFO: stdout 2022-10-07T18:36:15.133052:Found 101 DICOM file(s)
INFO: stdout 2022-10-07T18:36:15.133052:Warning: Slice timing appears corrupted (range 0..5360, TR=2000 ms)
INFO: stdout 2022-10-07T18:36:15.133052:Convert 101 DICOM as /out/sub-voice891/ses-1/func/sub-voice891_ses-1_task-pitchnw_run-1_bold_heudiconv348 (108x108x65x101)
INFO: stdout 2022-10-07T18:36:26.974422:Compress: "/usr/bin/pigz" -b 960 -n -f -6 "/out/sub-voice891/ses-1/func/sub-voice891_ses-1_task-pitchnw_run-1_bold_heudiconv348.nii"
INFO: stdout 2022-10-07T18:36:26.974422:Conversion required 12.333416 seconds (0.564411 for core code).
INFO: [Node] Finished "convert", elapsed time 12.438858s.
INFO: Post-treating /out/sub-voice891/ses-1/func/sub-voice891_ses-1_task-pitchnw_run-1_bold.json file
INFO: Converting /out/sub-voice891/ses-1/func/sub-voice891_ses-1_task-pitchnw_run-2_bold (101 DICOMs) -> /out/sub-voice891/ses-1/func . Converter: dcm2niix . Output types: ('nii.gz',)
INFO: [Node] Setting-up "convert" in "/tmp/dcm2niix8hbgoxg8/convert".
INFO: [Node] Executing "convert" <nipype.interfaces.dcm2nii.Dcm2niix>
INFO: stdout 2022-10-07T18:36:27.819134:Chris Rorden's dcm2niiX version v1.0.20211006  GCC10.2.1 x86-64 (64-bit Linux)
INFO: stdout 2022-10-07T18:36:27.819134:Found 101 DICOM file(s)
INFO: stdout 2022-10-07T18:36:27.819134:Warning: Slice timing appears corrupted (range 0..5357.5, TR=2000 ms)
INFO: stdout 2022-10-07T18:36:27.819134:Convert 101 DICOM as /out/sub-voice891/ses-1/func/sub-voice891_ses-1_task-pitchnw_run-2_bold_heudiconv022 (108x108x65x101)
INFO: stdout 2022-10-07T18:36:39.881094:Compress: "/usr/bin/pigz" -b 960 -n -f -6 "/out/sub-voice891/ses-1/func/sub-voice891_ses-1_task-pitchnw_run-2_bold_heudiconv022.nii"
INFO: stdout 2022-10-07T18:36:39.881094:Conversion required 12.517093 seconds (0.547321 for core code).
INFO: [Node] Finished "convert", elapsed time 12.624942s.
INFO: Post-treating /out/sub-voice891/ses-1/func/sub-voice891_ses-1_task-pitchnw_run-2_bold.json file
INFO: Converting /out/sub-voice891/ses-1/func/sub-voice891_ses-1_task-movie_run-1_bold (138 DICOMs) -> /out/sub-voice891/ses-1/func . Converter: dcm2niix . Output types: ('nii.gz',)
INFO: [Node] Setting-up "convert" in "/tmp/dcm2niixkwl8ia1l/convert".
INFO: [Node] Executing "convert" <nipype.interfaces.dcm2nii.Dcm2niix>
INFO: stdout 2022-10-07T18:36:41.195733:Chris Rorden's dcm2niiX version v1.0.20211006  GCC10.2.1 x86-64 (64-bit Linux)
INFO: stdout 2022-10-07T18:36:41.195733:Found 138 DICOM file(s)
INFO: stdout 2022-10-07T18:36:41.195733:Warning: Slice timing appears corrupted (range 0..5360, TR=1090 ms)
INFO: stdout 2022-10-07T18:36:41.195733:Convert 138 DICOM as /out/sub-voice891/ses-1/func/sub-voice891_ses-1_task-movie_run-1_bold_heudiconv802 (108x108x65x138)
INFO: stdout 2022-10-07T18:36:57.681806:Compress: "/usr/bin/pigz" -b 960 -n -f -6 "/out/sub-voice891/ses-1/func/sub-voice891_ses-1_task-movie_run-1_bold_heudiconv802.nii"
INFO: stdout 2022-10-07T18:36:57.681806:Conversion required 17.230019 seconds (0.700742 for core code).
INFO: [Node] Finished "convert", elapsed time 17.321018s.
INFO: Post-treating /out/sub-voice891/ses-1/func/sub-voice891_ses-1_task-movie_run-1_bold.json file
INFO: Populating template files under /out/
INFO: PROCESSING DONE: {'subject': 'voice891', 'outdir': '/out/', 'session': '1'}
INFO: Total: starting
INFO: 
INFO: Total: processed result for /out
INFO: Total: done
INFO: Total: starting
INFO: 
INFO: Clear progress bars
INFO: Refresh progress bars
INFO: Clear progress bars
INFO: Refresh progress bars
INFO: Clear progress bars
INFO: Refresh progress bars
INFO: Clear progress bars
INFO: Refresh progress bars
INFO: Total: processed result for /out/.heudiconv
INFO: Clear progress bars
INFO: Refresh progress bars
INFO: Clear progress bars
INFO: Refresh progress bars
INFO: Clear progress bars
INFO: Refresh progress bars
INFO: Clear progress bars
INFO: Refresh progress bars
INFO: Clear progress bars
INFO: Refresh progress bars
INFO: Clear progress bars
INFO: Refresh progress bars
INFO: Clear progress bars
INFO: Refresh progress bars
INFO: Clear progress bars
INFO: Refresh progress bars
INFO: Clear progress bars
INFO: Refresh progress bars
INFO: Clear progress bars
INFO: Refresh progress bars
INFO: Clear progress bars
INFO: Refresh progress bars
INFO: Clear progress bars
INFO: Refresh progress bars
INFO: Clear progress bars
INFO: Refresh progress bars
INFO: Clear progress bars
INFO: Refresh progress bars
INFO: Clear progress bars
INFO: Refresh progress bars
INFO: Clear progress bars
INFO: Refresh progress bars
INFO: Clear progress bars
INFO: Refresh progress bars
INFO: Clear progress bars
INFO: Refresh progress bars
INFO: Clear progress bars
INFO: Refresh progress bars
INFO: Clear progress bars
INFO: Refresh progress bars
INFO: Clear progress bars
INFO: Refresh progress bars
[WARNING] Received an exception FileNotInRepositoryError([Errno 1] ['git', '-c', 'diff.ignoreSubmodules=none', 'commit', '-m', '[DATALAD] Recorded changes', '--', 'sub-voice854/ses-1/fmap/sub-voice854_ses-1_acq-func_dir-PA_run-1_epi.nii.gz', 'sub-voice867/ses-1/func/sub-voice867_ses-1_task-nwr_run-1_bold.json', 'sub-voice867/ses-1/func/sub-voice867_ses-1_task-nwr_run-1_bold.nii.gz', 'sub-voice867/ses-1/func/sub-voice867_ses-1_task-nwr_run-1_events.tsv', 'sub-voice867/ses-1/func/sub-voice867_ses-1_task-pataka_run-1_bold.json', 'sub-voice867/ses-1/func/sub-voice867_ses-1_task-pataka_run-1_bold.nii.gz', 'sub-voice867/ses-1/func/sub-voice867_ses-1_task-pataka_run-1_events.tsv', 'sub-voice867/ses-1/func/sub-voice867_ses-1_task-pataka_run-2_bold.json', 'sub-voice867/ses-1/func/sub-voice867_ses-1_task-pataka_run-2_bold.nii.gz', 'sub-voice867/ses-1/func/sub-voice867_ses-1_task-pataka_run-2_events.tsv', 'sub-voice867/ses-1/func/sub-voice867_ses-1_task-pitchsent_run-1_bold.json', 'sub-voice867/ses-1/func/sub-voice867_ses-1_task-pitchsent_run-1_bold.nii.gz', 'sub-voice867/ses-1/func/sub-voice867_ses-1_task-pitchsent_run-1_events.tsv', 'sub-voice867/ses-1/func/sub-voice867_ses-1_task-pitchsent_run-2_bold.json', 'sub-voice867/ses-1/func/sub-voice867_ses-1_task-pitchsent_run-2_bold.nii.gz', 'sub-voice867/ses-1/func/sub-voice867_ses-1_task-pitchsent_run-2_events.tsv', 'sub-voice886/ses-1/anat/sub-voice886_ses-1_T2w.json', 'sub-voice886/ses-1/anat/sub-voice886_ses-1_T2w.nii.gz', 'sub-voice886/ses-1/anat/sub-voice886_ses-1_run-1_T1w.json', 'sub-voice886/ses-1/anat/sub-voice886_ses-1_run-1_T1w.nii.gz', 'sub-voice886/ses-1/dwi/sub-voice886_ses-1_acq-AP_dwi.bval', 'sub-voice886/ses-1/dwi/sub-voice886_ses-1_acq-AP_dwi.bvec', 'sub-voice886/ses-1/dwi/sub-voice886_ses-1_acq-AP_dwi.json', 'sub-voice886/ses-1/dwi/sub-voice886_ses-1_acq-AP_dwi.nii.gz', 'sub-voice886/ses-1/dwi/sub-voice886_ses-1_acq-PA_dwi.bval', 'sub-voice886/ses-1/dwi/sub-voice886_ses-1_acq-PA_dwi.bvec', 'sub-voice886/ses-1/dwi/sub-voice886_ses-1_acq-PA_dwi.json', 'sub-voice886/ses-1/dwi/sub-voice886_ses-1_acq-PA_dwi.nii.gz', 'sub-voice886/ses-1/fmap/sub-voice886_ses-1_acq-func_dir-AP_run-2_epi.json', 'sub-voice886/ses-1/fmap/sub-voice886_ses-1_acq-func_dir-AP_run-2_epi.nii.gz', 'sub-voice886/ses-1/fmap/sub-voice886_ses-1_acq-func_dir-PA_run-1_epi.json', 'sub-voice886/ses-1/fmap/sub-voice886_ses-1_acq-func_dir-PA_run-1_epi.nii.gz', 'sub-voice886/ses-1/func/sub-voice886_ses-1_task-emosent_run-1_bold.json', 'sub-voice886/ses-1/func/sub-voice886_ses-1_task-emosent_run-1_bold.nii.gz', 'sub-voice886/ses-1/func/sub-voice886_ses-1_task-emosent_run-1_events.tsv', 'sub-voice886/ses-1/func/sub-voice886_ses-1_task-emosent_run-2_bold.json', 'sub-voice886/ses-1/func/sub-voice886_ses-1_task-emosent_run-2_bold.nii.gz', 'sub-voice886/ses-1/func/sub-voice886_ses-1_task-emosent_run-2_events.tsv', 'sub-voice886/ses-1/func/sub-voice886_ses-1_task-facematch_run-1_bold.json', 'sub-voice886/ses-1/func/sub-voice886_ses-1_task-facematch_run-1_bold.nii.gz', 'sub-voice886/ses-1/func/sub-voice886_ses-1_task-facematch_run-1_events.tsv', 'sub-voice886/ses-1/func/sub-voice886_ses-1_task-facematch_run-2_bold.json', 'sub-voice886/ses-1/func/sub-voice886_ses-1_task-facematch_run-2_bold.nii.gz', 'sub-voice886/ses-1/func/sub-voice886_ses-1_task-facematch_run-2_events.tsv', 'sub-voice886/ses-1/func/sub-voice886_ses-1_task-movie_run-1_bold.json', 'sub-voice886/ses-1/func/sub-voice886_ses-1_task-movie_run-1_bold.nii.gz', 'sub-voice886/ses-1/func/sub-voice886_ses-1_task-movie_run-1_events.tsv', 'sub-voice886/ses-1/func/sub-voice886_ses-1_task-nwr_run-1_bold.json', 'sub-voice886/ses-1/func/sub-voice886_ses-1_task-nwr_run-1_bold.nii.gz', 'sub-voice886/ses-1/func/sub-voice886_ses-1_task-nwr_run-1_events.tsv', 'sub-voice886/ses-1/func/sub-voice886_ses-1_task-nwr_run-2_bold.json', 'sub-voice886/ses-1/func/sub-voice886_ses-1_task-nwr_run-2_bold.nii.gz', 'sub-voice886/ses-1/func/sub-voice886_ses-1_task-nwr_run-2_events.tsv', 'sub-voice886/ses-1/func/sub-voice886_ses-1_task-nwr_run-3_bold.json', 'sub-voice886/ses-1/func/sub-voice886_ses-1_task-nwr_run-3_bold.nii.gz', 'sub-voice886/ses-1/func/sub-voice886_ses-1_task-nwr_run-3_events.tsv', 'sub-voice886/ses-1/func/sub-voice886_ses-1_task-pataka_run-1_bold.json', 'sub-voice886/ses-1/func/sub-voice886_ses-1_task-pataka_run-1_bold.nii.gz', 'sub-voice886/ses-1/func/sub-voice886_ses-1_task-pataka_run-1_events.tsv', 'sub-voice886/ses-1/func/sub-voice886_ses-1_task-pataka_run-2_bold.json', 'sub-voice886/ses-1/func/sub-voice886_ses-1_task-pataka_run-2_bold.nii.gz', 'sub-voice886/ses-1/func/sub-voice886_ses-1_task-pataka_run-2_events.tsv', 'sub-voice886/ses-1/func/sub-voice886_ses-1_task-pitchnw_run-1_bold.json', 'sub-voice886/ses-1/func/sub-voice886_ses-1_task-pitchnw_run-1_bold.nii.gz', 'sub-voice886/ses-1/func/sub-voice886_ses-1_task-pitchnw_run-1_events.tsv', 'sub-voice886/ses-1/func/sub-voice886_ses-1_task-pitchnw_run-2_bold.json', 'sub-voice886/ses-1/func/sub-voice886_ses-1_task-pitchnw_run-2_bold.nii.gz', 'sub-voice886/ses-1/func/sub-voice886_ses-1_task-pitchnw_run-2_events.tsv', 'sub-voice886/ses-1/func/sub-voice886_ses-1_task-pitchsent_run-1_bold.json', 'sub-voice886/ses-1/func/sub-voice886_ses-1_task-pitchsent_run-1_bold.nii.gz', 'sub-voice886/ses-1/func/sub-voice886_ses-1_task-pitchsent_run-1_events.tsv', 'sub-voice886/ses-1/func/sub-voice886_ses-1_task-pitchsent_run-2_bold.json', 'sub-voice886/ses-1/func/sub-voice886_ses-1_task-pitchsent_run-2_bold.nii.gz', 'sub-voice886/ses-1/func/sub-voice886_ses-1_task-pitchsent_run-2_events.tsv', 'sub-voice886/ses-1/func/sub-voice886_ses-1_task-rest_run-1_bold.json', 'sub-voice886/ses-1/func/sub-voice886_ses-1_task-rest_run-1_bold.nii.gz', 'sub-voice886/ses-1/func/sub-voice886_ses-1_task-rest_run-1_bold_heudiconv924.json', 'sub-voice886/ses-1/func/sub-voice886_ses-1_task-rest_run-1_bold_heudiconv924.nii', 'sub-voice886/ses-1/func/sub-voice886_ses-1_task-rest_run-1_bold_heudiconv924.nii.gz', 'sub-voice886/ses-1/func/sub-voice886_ses-1_task-rest_run-1_events.tsv', 'sub-voice886/ses-1/func/sub-voice886_ses-1_task-vowel_run-1_bold.json', 'sub-voice886/ses-1/func/sub-voice886_ses-1_task-vowel_run-1_bold.nii.gz', 'sub-voice886/ses-1/func/sub-voice886_ses-1_task-vowel_run-1_events.tsv', 'sub-voice886/ses-1/func/sub-voice886_ses-1_task-vowel_run-2_bold.json', 'sub-voice886/ses-1/func/sub-voice886_ses-1_task-vowel_run-2_bold.nii.gz', 'sub-voice886/ses-1/func/sub-voice886_ses-1_task-vowel_run-2_events.tsv', 'sub-voice886/ses-1/sub-voice886_ses-1_scans.tsv', 'sub-voice889/ses-1/anat/sub-voice889_ses-1_T2w.json', 'sub-voice889/ses-1/anat/sub-voice889_ses-1_T2w.nii.gz', 'sub-voice889/ses-1/anat/sub-voice889_ses-1_run-1_T1w.json', 'sub-voice889/ses-1/anat/sub-voice889_ses-1_run-1_T1w.nii.gz', 'sub-voice889/ses-1/dwi/sub-voice889_ses-1_acq-AP_dwi.bval', 'sub-voice889/ses-1/dwi/sub-voice889_ses-1_acq-AP_dwi.bvec', 'sub-voice889/ses-1/dwi/sub-voice889_ses-1_acq-AP_dwi.json', 'sub-voice889/ses-1/dwi/sub-voice889_ses-1_acq-AP_dwi.nii.gz', 'sub-voice889/ses-1/dwi/sub-voice889_ses-1_acq-PA_dwi.bval', 'sub-voice889/ses-1/dwi/sub-voice889_ses-1_acq-PA_dwi.bvec', 'sub-voice889/ses-1/dwi/sub-voice889_ses-1_acq-PA_dwi.json', 'sub-voice889/ses-1/dwi/sub-voice889_ses-1_acq-PA_dwi.nii.gz', 'sub-voice889/ses-1/fmap/sub-voice889_ses-1_acq-func_dir-AP_run-2_epi.json', 'sub-voice889/ses-1/fmap/sub-voice889_ses-1_acq-func_dir-AP_run-2_epi.nii.gz', 'sub-voice889/ses-1/fmap/sub-voice889_ses-1_acq-func_dir-PA_run-1_epi.json', 'sub-voice889/ses-1/fmap/sub-voice889_ses-1_acq-func_dir-PA_run-1_epi.nii.gz', 'sub-voice889/ses-1/func/sub-voice889_ses-1_task-emosent_run-1_bold.json', 'sub-voice889/ses-1/func/sub-voice889_ses-1_task-emosent_run-1_bold.nii.gz', 'sub-voice889/ses-1/func/sub-voice889_ses-1_task-emosent_run-1_events.tsv', 'sub-voice889/ses-1/func/sub-voice889_ses-1_task-emosent_run-2_bold.json', 'sub-voice889/ses-1/func/sub-voice889_ses-1_task-emosent_run-2_bold.nii.gz', 'sub-voice889/ses-1/func/sub-voice889_ses-1_task-emosent_run-2_events.tsv', 'sub-voice889/ses-1/func/sub-voice889_ses-1_task-facematch_run-1_bold.json', 'sub-voice889/ses-1/func/sub-voice889_ses-1_task-facematch_run-1_bold.nii.gz', 'sub-voice889/ses-1/func/sub-voice889_ses-1_task-facematch_run-1_events.tsv', 'sub-voice889/ses-1/func/sub-voice889_ses-1_task-facematch_run-2_bold.json', 'sub-voice889/ses-1/func/sub-voice889_ses-1_task-facematch_run-2_bold.nii.gz', 'sub-voice889/ses-1/func/sub-voice889_ses-1_task-facematch_run-2_events.tsv', 'sub-voice889/ses-1/func/sub-voice889_ses-1_task-movie_run-1_bold.json', 'sub-voice889/ses-1/func/sub-voice889_ses-1_task-movie_run-1_bold.nii.gz', 'sub-voice889/ses-1/func/sub-voice889_ses-1_task-movie_run-1_events.tsv', 'sub-voice889/ses-1/func/sub-voice889_ses-1_task-nwr_run-1_bold.json', 'sub-voice889/ses-1/func/sub-voice889_ses-1_task-nwr_run-1_bold.nii.gz', 'sub-voice889/ses-1/func/sub-voice889_ses-1_task-nwr_run-1_events.tsv', 'sub-voice889/ses-1/func/sub-voice889_ses-1_task-nwr_run-2_bold.json', 'sub-voice889/ses-1/func/sub-voice889_ses-1_task-nwr_run-2_bold.nii.gz', 'sub-voice889/ses-1/func/sub-voice889_ses-1_task-nwr_run-2_events.tsv', 'sub-voice889/ses-1/func/sub-voice889_ses-1_task-nwr_run-3_bold.json', 'sub-voice889/ses-1/func/sub-voice889_ses-1_task-nwr_run-3_bold.nii.gz', 'sub-voice889/ses-1/func/sub-voice889_ses-1_task-nwr_run-3_events.tsv', 'sub-voice889/ses-1/func/sub-voice889_ses-1_task-pataka_run-1_bold.json', 'sub-voice889/ses-1/func/sub-voice889_ses-1_task-pataka_run-1_bold.nii.gz', 'sub-voice889/ses-1/func/sub-voice889_ses-1_task-pataka_run-1_events.tsv', 'sub-voice889/ses-1/func/sub-voice889_ses-1_task-pataka_run-2_bold.json', 'sub-voice889/ses-1/func/sub-voice889_ses-1_task-pataka_run-2_bold.nii.gz', 'sub-voice889/ses-1/func/sub-voice889_ses-1_task-pataka_run-2_events.tsv', 'sub-voice889/ses-1/func/sub-voice889_ses-1_task-pitchnw_run-1_bold.json', 'sub-voice889/ses-1/func/sub-voice889_ses-1_task-pitchnw_run-1_bold.nii.gz', 'sub-voice889/ses-1/func/sub-voice889_ses-1_task-pitchnw_run-1_events.tsv', 'sub-voice889/ses-1/func/sub-voice889_ses-1_task-pitchnw_run-2_bold.json', 'sub-voice889/ses-1/func/sub-voice889_ses-1_task-pitchnw_run-2_bold.nii.gz', 'sub-voice889/ses-1/func/sub-voice889_ses-1_task-pitchnw_run-2_events.tsv', 'sub-voice889/ses-1/func/sub-voice889_ses-1_task-pitchsent_run-1_bold.json', 'sub-voice889/ses-1/func/sub-voice889_ses-1_task-pitchsent_run-1_bold.nii.gz', 'sub-voice889/ses-1/func/sub-voice889_ses-1_task-pitchsent_run-1_events.tsv', 'sub-voice889/ses-1/func/sub-voice889_ses-1_task-pitchsent_run-2_bold.json', 'sub-voice889/ses-1/func/sub-voice889_ses-1_task-pitchsent_run-2_bold.nii.gz', 'sub-voice889/ses-1/func/sub-voice889_ses-1_task-pitchsent_run-2_events.tsv', 'sub-voice889/ses-1/func/sub-voice889_ses-1_task-rest_run-1_bold.json', 'sub-voice889/ses-1/func/sub-voice889_ses-1_task-rest_run-1_bold.nii.gz', 'sub-voice889/ses-1/func/sub-voice889_ses-1_task-rest_run-1_events.tsv', 'sub-voice889/ses-1/func/sub-voice889_ses-1_task-vowel_run-1_bold.json', 'sub-voice889/ses-1/func/sub-voice889_ses-1_task-vowel_run-1_bold.nii.gz', 'sub-voice889/ses-1/func/sub-voice889_ses-1_task-vowel_run-1_events.tsv', 'sub-voice889/ses-1/func/sub-voice889_ses-1_task-vowel_run-2_bold.json', 'sub-voice889/ses-1/func/sub-voice889_ses-1_task-vowel_run-2_bold.nii.gz', 'sub-voice889/ses-1/func/sub-voice889_ses-1_task-vowel_run-2_events.tsv', 'sub-voice889/ses-1/sub-voice889_ses-1_scans.tsv', 'sub-voice891/ses-1/anat/sub-voice891_ses-1_T2w.json', 'sub-voice891/ses-1/anat/sub-voice891_ses-1_T2w.nii.gz', 'sub-voice891/ses-1/anat/sub-voice891_ses-1_run-1_T1w.json', 'sub-voice891/ses-1/anat/sub-voice891_ses-1_run-1_T1w.nii.gz', 'sub-voice891/ses-1/dwi/sub-voice891_ses-1_acq-AP_dwi.bval', 'sub-voice891/ses-1/dwi/sub-voice891_ses-1_acq-AP_dwi.bvec', 'sub-voice891/ses-1/dwi/sub-voice891_ses-1_acq-AP_dwi.json', 'sub-voice891/ses-1/dwi/sub-voice891_ses-1_acq-AP_dwi.nii.gz', 'sub-voice891/ses-1/dwi/sub-voice891_ses-1_acq-PA_dwi.bval', 'sub-voice891/ses-1/dwi/sub-voice891_ses-1_acq-PA_dwi.bvec', 'sub-voice891/ses-1/dwi/sub-voice891_ses-1_acq-PA_dwi.json', 'sub-voice891/ses-1/dwi/sub-voice891_ses-1_acq-PA_dwi.nii.gz', 'sub-voice891/ses-1/fmap/sub-voice891_ses-1_acq-func_dir-AP_run-2_epi.json', 'sub-voice891/ses-1/fmap/sub-voice891_ses-1_acq-func_dir-AP_run-2_epi.nii.gz', 'sub-voice891/ses-1/fmap/sub-voice891_ses-1_acq-func_dir-PA_run-1_epi.json', 'sub-voice891/ses-1/fmap/sub-voice891_ses-1_acq-func_dir-PA_run-1_epi.nii.gz', 'sub-voice891/ses-1/func/sub-voice891_ses-1_task-emosent_run-1_bold.json', 'sub-voice891/ses-1/func/sub-voice891_ses-1_task-emosent_run-1_bold.nii.gz', 'sub-voice891/ses-1/func/sub-voice891_ses-1_task-emosent_run-1_events.tsv', 'sub-voice891/ses-1/func/sub-voice891_ses-1_task-emosent_run-2_bold.json', 'sub-voice891/ses-1/func/sub-voice891_ses-1_task-emosent_run-2_bold.nii.gz', 'sub-voice891/ses-1/func/sub-voice891_ses-1_task-emosent_run-2_events.tsv', 'sub-voice891/ses-1/func/sub-voice891_ses-1_task-facematch_run-1_bold.json', 'sub-voice891/ses-1/func/sub-voice891_ses-1_task-facematch_run-1_bold.nii.gz', 'sub-voice891/ses-1/func/sub-voice891_ses-1_task-facematch_run-1_events.tsv', 'sub-voice891/ses-1/func/sub-voice891_ses-1_task-facematch_run-2_bold.json', 'sub-voice891/ses-1/func/sub-voice891_ses-1_task-facematch_run-2_bold.nii.gz', 'sub-voice891/ses-1/func/sub-voice891_ses-1_task-facematch_run-2_events.tsv', 'sub-voice891/ses-1/func/sub-voice891_ses-1_task-nwr_run-1_bold.json', 'sub-voice891/ses-1/func/sub-voice891_ses-1_task-nwr_run-1_bold.nii.gz', 'sub-voice891/ses-1/func/sub-voice891_ses-1_task-nwr_run-1_events.tsv', 'sub-voice891/ses-1/func/sub-voice891_ses-1_task-nwr_run-2_bold.json', 'sub-voice891/ses-1/func/sub-voice891_ses-1_task-nwr_run-2_bold.nii.gz', 'sub-voice891/ses-1/func/sub-voice891_ses-1_task-nwr_run-2_events.tsv', 'sub-voice891/ses-1/func/sub-voice891_ses-1_task-nwr_run-3_bold.json', 'sub-voice891/ses-1/func/sub-voice891_ses-1_task-nwr_run-3_bold.nii.gz', 'sub-voice891/ses-1/func/sub-voice891_ses-1_task-nwr_run-3_events.tsv', 'sub-voice891/ses-1/func/sub-voice891_ses-1_task-pataka_run-1_bold.json', 'sub-voice891/ses-1/func/sub-voice891_ses-1_task-pataka_run-1_bold.nii.gz', 'sub-voice891/ses-1/func/sub-voice891_ses-1_task-pataka_run-1_events.tsv', 'sub-voice891/ses-1/func/sub-voice891_ses-1_task-pataka_run-2_bold.json', 'sub-voice891/ses-1/func/sub-voice891_ses-1_task-pataka_run-2_bold.nii.gz', 'sub-voice891/ses-1/func/sub-voice891_ses-1_task-pataka_run-2_events.tsv', 'sub-voice891/ses-1/func/sub-voice891_ses-1_task-pitchsent_run-1_bold.json', 'sub-voice891/ses-1/func/sub-voice891_ses-1_task-pitchsent_run-1_bold.nii.gz', 'sub-voice891/ses-1/func/sub-voice891_ses-1_task-pitchsent_run-1_events.tsv', 'sub-voice891/ses-1/func/sub-voice891_ses-1_task-pitchsent_run-2_bold.json', 'sub-voice891/ses-1/func/sub-voice891_ses-1_task-pitchsent_run-2_bold.nii.gz', 'sub-voice891/ses-1/func/sub-voice891_ses-1_task-pitchsent_run-2_events.tsv', 'sub-voice891/ses-1/func/sub-voice891_ses-1_task-rest_run-1_bold.json', 'sub-voice891/ses-1/func/sub-voice891_ses-1_task-rest_run-1_bold.nii.gz', 'sub-voice891/ses-1/func/sub-voice891_ses-1_task-rest_run-1_events.tsv', 'sub-voice891/ses-1/func/sub-voice891_ses-1_task-vowel_run-1_bold.json', 'sub-voice891/ses-1/func/sub-voice891_ses-1_task-vowel_run-1_bold.nii.gz', 'sub-voice891/ses-1/func/sub-voice891_ses-1_task-vowel_run-1_events.tsv', 'sub-voice891/ses-1/func/sub-voice891_ses-1_task-vowel_run-2_bold.json', 'sub-voice891/ses-1/func/sub-voice891_ses-1_task-vowel_run-2_bold.nii.gz', 'sub-voice891/ses-1/func/sub-voice891_ses-1_task-vowel_run-2_events.tsv', 'sub-voice891/ses-1/sub-voice891_ses-1_scans.tsv', 'participants.tsv', 'sub-voice867/ses-1/sub-voice867_ses-1_scans.tsv', '.gitmodules', 'sub-voice854/ses-1/fmap/sub-voice854_ses-1_acq-func_dir-PA_run-1_epi.json', 'sub-voice854/ses-1/sub-voice854_ses-1_scans.tsv', 'sub-voice867/ses-1/func/sub-voice867_ses-1_task-nwr_run-2_bold_heudiconv804.json', 'sub-voice867/ses-1/func/sub-voice867_ses-1_task-nwr_run-2_bold_heudiconv804.nii.gz', 'sub-voice889/ses-2/func/sub-voice889_ses-2_task-rest_run-1_bold_heudiconv169.json', 'sub-voice889/ses-2/func/sub-voice889_ses-2_task-rest_run-1_bold_heudiconv169.nii', 'sub-voice889/ses-2/func/sub-voice889_ses-2_task-rest_run-1_bold_heudiconv169.nii.gz', 'sub-voice891/ses-1/func/sub-voice891_ses-1_task-movie_run-1_bold.json', 'sub-voice891/ses-1/func/sub-voice891_ses-1_task-movie_run-1_bold.nii.gz', 'sub-voice891/ses-1/func/sub-voice891_ses-1_task-movie_run-1_events.tsv', 'sub-voice891/ses-1/func/sub-voice891_ses-1_task-pitchnw_run-1_bold.json', 'sub-voice891/ses-1/func/sub-voice891_ses-1_task-pitchnw_run-1_bold.nii.gz', 'sub-voice891/ses-1/func/sub-voice891_ses-1_task-pitchnw_run-1_events.tsv', 'sub-voice891/ses-1/func/sub-voice891_ses-1_task-pitchnw_run-2_bold.json', 'sub-voice891/ses-1/func/sub-voice891_ses-1_task-pitchnw_run-2_bold.nii.gz', 'sub-voice891/ses-1/func/sub-voice891_ses-1_task-pitchnw_run-2_events.tsv', 'sub-voice893/ses-1/func/sub-voice893_ses-1_task-rest_run-1_bold_heudiconv079.json', 'sub-voice893/ses-1/func/sub-voice893_ses-1_task-rest_run-1_bold_heudiconv079.nii', 'sub-voice893/ses-1/func/sub-voice893_ses-1_task-rest_run-1_bold_heudiconv079.nii.gz', '.heudiconv']: File(s) unknown to git: "error: pathspec 'sub-voice867/ses-1/func/sub-voice867_ses-1_task-nwr_run-2_bold_heudiconv804.json' did not match any file(s) known to git\nerror: pathspec 'sub-voice867/ses-1/func/sub-voice867_ses-1_task-nwr_run-2_bold_heudiconv804.nii.gz' did not match any file(s) known to git\nerror: pathspec 'sub-voice893/ses-1/func/sub-voice893_ses-1_task-rest_run-1_bold_heudiconv079.json' did not match any file(s) known to git\nerror: pathspec 'sub-voice893/ses-1/func/sub-voice893_ses-1_task-rest_run-1_bold_heudiconv079.nii' did not match any file(s) known to git\nerror: pathspec 'sub-voice893/ses-1/func/sub-voice893_ses-1_task-rest_run-1_bold_heudiconv079.nii.gz' did not match any file(s) known to git"). Canceling not-yet running jobs and waiting for completion of running. You can force earlier forceful exit by Ctrl-C. 
WARNING: Received an exception FileNotInRepositoryError([Errno 1] ['git', '-c', 'diff.ignoreSubmodules=none', 'commit', '-m', '[DATALAD] Recorded changes', '--', 'sub-voice854/ses-1/fmap/sub-voice854_ses-1_acq-func_dir-PA_run-1_epi.nii.gz', 'sub-voice867/ses-1/func/sub-voice867_ses-1_task-nwr_run-1_bold.json', 'sub-voice867/ses-1/func/sub-voice867_ses-1_task-nwr_run-1_bold.nii.gz', 'sub-voice867/ses-1/func/sub-voice867_ses-1_task-nwr_run-1_events.tsv', 'sub-voice867/ses-1/func/sub-voice867_ses-1_task-pataka_run-1_bold.json', 'sub-voice867/ses-1/func/sub-voice867_ses-1_task-pataka_run-1_bold.nii.gz', 'sub-voice867/ses-1/func/sub-voice867_ses-1_task-pataka_run-1_events.tsv', 'sub-voice867/ses-1/func/sub-voice867_ses-1_task-pataka_run-2_bold.json', 'sub-voice867/ses-1/func/sub-voice867_ses-1_task-pataka_run-2_bold.nii.gz', 'sub-voice867/ses-1/func/sub-voice867_ses-1_task-pataka_run-2_events.tsv', 'sub-voice867/ses-1/func/sub-voice867_ses-1_task-pitchsent_run-1_bold.json', 'sub-voice867/ses-1/func/sub-voice867_ses-1_task-pitchsent_run-1_bold.nii.gz', 'sub-voice867/ses-1/func/sub-voice867_ses-1_task-pitchsent_run-1_events.tsv', 'sub-voice867/ses-1/func/sub-voice867_ses-1_task-pitchsent_run-2_bold.json', 'sub-voice867/ses-1/func/sub-voice867_ses-1_task-pitchsent_run-2_bold.nii.gz', 'sub-voice867/ses-1/func/sub-voice867_ses-1_task-pitchsent_run-2_events.tsv', 'sub-voice886/ses-1/anat/sub-voice886_ses-1_T2w.json', 'sub-voice886/ses-1/anat/sub-voice886_ses-1_T2w.nii.gz', 'sub-voice886/ses-1/anat/sub-voice886_ses-1_run-1_T1w.json', 'sub-voice886/ses-1/anat/sub-voice886_ses-1_run-1_T1w.nii.gz', 'sub-voice886/ses-1/dwi/sub-voice886_ses-1_acq-AP_dwi.bval', 'sub-voice886/ses-1/dwi/sub-voice886_ses-1_acq-AP_dwi.bvec', 'sub-voice886/ses-1/dwi/sub-voice886_ses-1_acq-AP_dwi.json', 'sub-voice886/ses-1/dwi/sub-voice886_ses-1_acq-AP_dwi.nii.gz', 'sub-voice886/ses-1/dwi/sub-voice886_ses-1_acq-PA_dwi.bval', 'sub-voice886/ses-1/dwi/sub-voice886_ses-1_acq-PA_dwi.bvec', 'sub-voice886/ses-1/dwi/sub-voice886_ses-1_acq-PA_dwi.json', 'sub-voice886/ses-1/dwi/sub-voice886_ses-1_acq-PA_dwi.nii.gz', 'sub-voice886/ses-1/fmap/sub-voice886_ses-1_acq-func_dir-AP_run-2_epi.json', 'sub-voice886/ses-1/fmap/sub-voice886_ses-1_acq-func_dir-AP_run-2_epi.nii.gz', 'sub-voice886/ses-1/fmap/sub-voice886_ses-1_acq-func_dir-PA_run-1_epi.json', 'sub-voice886/ses-1/fmap/sub-voice886_ses-1_acq-func_dir-PA_run-1_epi.nii.gz', 'sub-voice886/ses-1/func/sub-voice886_ses-1_task-emosent_run-1_bold.json', 'sub-voice886/ses-1/func/sub-voice886_ses-1_task-emosent_run-1_bold.nii.gz', 'sub-voice886/ses-1/func/sub-voice886_ses-1_task-emosent_run-1_events.tsv', 'sub-voice886/ses-1/func/sub-voice886_ses-1_task-emosent_run-2_bold.json', 'sub-voice886/ses-1/func/sub-voice886_ses-1_task-emosent_run-2_bold.nii.gz', 'sub-voice886/ses-1/func/sub-voice886_ses-1_task-emosent_run-2_events.tsv', 'sub-voice886/ses-1/func/sub-voice886_ses-1_task-facematch_run-1_bold.json', 'sub-voice886/ses-1/func/sub-voice886_ses-1_task-facematch_run-1_bold.nii.gz', 'sub-voice886/ses-1/func/sub-voice886_ses-1_task-facematch_run-1_events.tsv', 'sub-voice886/ses-1/func/sub-voice886_ses-1_task-facematch_run-2_bold.json', 'sub-voice886/ses-1/func/sub-voice886_ses-1_task-facematch_run-2_bold.nii.gz', 'sub-voice886/ses-1/func/sub-voice886_ses-1_task-facematch_run-2_events.tsv', 'sub-voice886/ses-1/func/sub-voice886_ses-1_task-movie_run-1_bold.json', 'sub-voice886/ses-1/func/sub-voice886_ses-1_task-movie_run-1_bold.nii.gz', 'sub-voice886/ses-1/func/sub-voice886_ses-1_task-movie_run-1_events.tsv', 'sub-voice886/ses-1/func/sub-voice886_ses-1_task-nwr_run-1_bold.json', 'sub-voice886/ses-1/func/sub-voice886_ses-1_task-nwr_run-1_bold.nii.gz', 'sub-voice886/ses-1/func/sub-voice886_ses-1_task-nwr_run-1_events.tsv', 'sub-voice886/ses-1/func/sub-voice886_ses-1_task-nwr_run-2_bold.json', 'sub-voice886/ses-1/func/sub-voice886_ses-1_task-nwr_run-2_bold.nii.gz', 'sub-voice886/ses-1/func/sub-voice886_ses-1_task-nwr_run-2_events.tsv', 'sub-voice886/ses-1/func/sub-voice886_ses-1_task-nwr_run-3_bold.json', 'sub-voice886/ses-1/func/sub-voice886_ses-1_task-nwr_run-3_bold.nii.gz', 'sub-voice886/ses-1/func/sub-voice886_ses-1_task-nwr_run-3_events.tsv', 'sub-voice886/ses-1/func/sub-voice886_ses-1_task-pataka_run-1_bold.json', 'sub-voice886/ses-1/func/sub-voice886_ses-1_task-pataka_run-1_bold.nii.gz', 'sub-voice886/ses-1/func/sub-voice886_ses-1_task-pataka_run-1_events.tsv', 'sub-voice886/ses-1/func/sub-voice886_ses-1_task-pataka_run-2_bold.json', 'sub-voice886/ses-1/func/sub-voice886_ses-1_task-pataka_run-2_bold.nii.gz', 'sub-voice886/ses-1/func/sub-voice886_ses-1_task-pataka_run-2_events.tsv', 'sub-voice886/ses-1/func/sub-voice886_ses-1_task-pitchnw_run-1_bold.json', 'sub-voice886/ses-1/func/sub-voice886_ses-1_task-pitchnw_run-1_bold.nii.gz', 'sub-voice886/ses-1/func/sub-voice886_ses-1_task-pitchnw_run-1_events.tsv', 'sub-voice886/ses-1/func/sub-voice886_ses-1_task-pitchnw_run-2_bold.json', 'sub-voice886/ses-1/func/sub-voice886_ses-1_task-pitchnw_run-2_bold.nii.gz', 'sub-voice886/ses-1/func/sub-voice886_ses-1_task-pitchnw_run-2_events.tsv', 'sub-voice886/ses-1/func/sub-voice886_ses-1_task-pitchsent_run-1_bold.json', 'sub-voice886/ses-1/func/sub-voice886_ses-1_task-pitchsent_run-1_bold.nii.gz', 'sub-voice886/ses-1/func/sub-voice886_ses-1_task-pitchsent_run-1_events.tsv', 'sub-voice886/ses-1/func/sub-voice886_ses-1_task-pitchsent_run-2_bold.json', 'sub-voice886/ses-1/func/sub-voice886_ses-1_task-pitchsent_run-2_bold.nii.gz', 'sub-voice886/ses-1/func/sub-voice886_ses-1_task-pitchsent_run-2_events.tsv', 'sub-voice886/ses-1/func/sub-voice886_ses-1_task-rest_run-1_bold.json', 'sub-voice886/ses-1/func/sub-voice886_ses-1_task-rest_run-1_bold.nii.gz', 'sub-voice886/ses-1/func/sub-voice886_ses-1_task-rest_run-1_bold_heudiconv924.json', 'sub-voice886/ses-1/func/sub-voice886_ses-1_task-rest_run-1_bold_heudiconv924.nii', 'sub-voice886/ses-1/func/sub-voice886_ses-1_task-rest_run-1_bold_heudiconv924.nii.gz', 'sub-voice886/ses-1/func/sub-voice886_ses-1_task-rest_run-1_events.tsv', 'sub-voice886/ses-1/func/sub-voice886_ses-1_task-vowel_run-1_bold.json', 'sub-voice886/ses-1/func/sub-voice886_ses-1_task-vowel_run-1_bold.nii.gz', 'sub-voice886/ses-1/func/sub-voice886_ses-1_task-vowel_run-1_events.tsv', 'sub-voice886/ses-1/func/sub-voice886_ses-1_task-vowel_run-2_bold.json', 'sub-voice886/ses-1/func/sub-voice886_ses-1_task-vowel_run-2_bold.nii.gz', 'sub-voice886/ses-1/func/sub-voice886_ses-1_task-vowel_run-2_events.tsv', 'sub-voice886/ses-1/sub-voice886_ses-1_scans.tsv', 'sub-voice889/ses-1/anat/sub-voice889_ses-1_T2w.json', 'sub-voice889/ses-1/anat/sub-voice889_ses-1_T2w.nii.gz', 'sub-voice889/ses-1/anat/sub-voice889_ses-1_run-1_T1w.json', 'sub-voice889/ses-1/anat/sub-voice889_ses-1_run-1_T1w.nii.gz', 'sub-voice889/ses-1/dwi/sub-voice889_ses-1_acq-AP_dwi.bval', 'sub-voice889/ses-1/dwi/sub-voice889_ses-1_acq-AP_dwi.bvec', 'sub-voice889/ses-1/dwi/sub-voice889_ses-1_acq-AP_dwi.json', 'sub-voice889/ses-1/dwi/sub-voice889_ses-1_acq-AP_dwi.nii.gz', 'sub-voice889/ses-1/dwi/sub-voice889_ses-1_acq-PA_dwi.bval', 'sub-voice889/ses-1/dwi/sub-voice889_ses-1_acq-PA_dwi.bvec', 'sub-voice889/ses-1/dwi/sub-voice889_ses-1_acq-PA_dwi.json', 'sub-voice889/ses-1/dwi/sub-voice889_ses-1_acq-PA_dwi.nii.gz', 'sub-voice889/ses-1/fmap/sub-voice889_ses-1_acq-func_dir-AP_run-2_epi.json', 'sub-voice889/ses-1/fmap/sub-voice889_ses-1_acq-func_dir-AP_run-2_epi.nii.gz', 'sub-voice889/ses-1/fmap/sub-voice889_ses-1_acq-func_dir-PA_run-1_epi.json', 'sub-voice889/ses-1/fmap/sub-voice889_ses-1_acq-func_dir-PA_run-1_epi.nii.gz', 'sub-voice889/ses-1/func/sub-voice889_ses-1_task-emosent_run-1_bold.json', 'sub-voice889/ses-1/func/sub-voice889_ses-1_task-emosent_run-1_bold.nii.gz', 'sub-voice889/ses-1/func/sub-voice889_ses-1_task-emosent_run-1_events.tsv', 'sub-voice889/ses-1/func/sub-voice889_ses-1_task-emosent_run-2_bold.json', 'sub-voice889/ses-1/func/sub-voice889_ses-1_task-emosent_run-2_bold.nii.gz', 'sub-voice889/ses-1/func/sub-voice889_ses-1_task-emosent_run-2_events.tsv', 'sub-voice889/ses-1/func/sub-voice889_ses-1_task-facematch_run-1_bold.json', 'sub-voice889/ses-1/func/sub-voice889_ses-1_task-facematch_run-1_bold.nii.gz', 'sub-voice889/ses-1/func/sub-voice889_ses-1_task-facematch_run-1_events.tsv', 'sub-voice889/ses-1/func/sub-voice889_ses-1_task-facematch_run-2_bold.json', 'sub-voice889/ses-1/func/sub-voice889_ses-1_task-facematch_run-2_bold.nii.gz', 'sub-voice889/ses-1/func/sub-voice889_ses-1_task-facematch_run-2_events.tsv', 'sub-voice889/ses-1/func/sub-voice889_ses-1_task-movie_run-1_bold.json', 'sub-voice889/ses-1/func/sub-voice889_ses-1_task-movie_run-1_bold.nii.gz', 'sub-voice889/ses-1/func/sub-voice889_ses-1_task-movie_run-1_events.tsv', 'sub-voice889/ses-1/func/sub-voice889_ses-1_task-nwr_run-1_bold.json', 'sub-voice889/ses-1/func/sub-voice889_ses-1_task-nwr_run-1_bold.nii.gz', 'sub-voice889/ses-1/func/sub-voice889_ses-1_task-nwr_run-1_events.tsv', 'sub-voice889/ses-1/func/sub-voice889_ses-1_task-nwr_run-2_bold.json', 'sub-voice889/ses-1/func/sub-voice889_ses-1_task-nwr_run-2_bold.nii.gz', 'sub-voice889/ses-1/func/sub-voice889_ses-1_task-nwr_run-2_events.tsv', 'sub-voice889/ses-1/func/sub-voice889_ses-1_task-nwr_run-3_bold.json', 'sub-voice889/ses-1/func/sub-voice889_ses-1_task-nwr_run-3_bold.nii.gz', 'sub-voice889/ses-1/func/sub-voice889_ses-1_task-nwr_run-3_events.tsv', 'sub-voice889/ses-1/func/sub-voice889_ses-1_task-pataka_run-1_bold.json', 'sub-voice889/ses-1/func/sub-voice889_ses-1_task-pataka_run-1_bold.nii.gz', 'sub-voice889/ses-1/func/sub-voice889_ses-1_task-pataka_run-1_events.tsv', 'sub-voice889/ses-1/func/sub-voice889_ses-1_task-pataka_run-2_bold.json', 'sub-voice889/ses-1/func/sub-voice889_ses-1_task-pataka_run-2_bold.nii.gz', 'sub-voice889/ses-1/func/sub-voice889_ses-1_task-pataka_run-2_events.tsv', 'sub-voice889/ses-1/func/sub-voice889_ses-1_task-pitchnw_run-1_bold.json', 'sub-voice889/ses-1/func/sub-voice889_ses-1_task-pitchnw_run-1_bold.nii.gz', 'sub-voice889/ses-1/func/sub-voice889_ses-1_task-pitchnw_run-1_events.tsv', 'sub-voice889/ses-1/func/sub-voice889_ses-1_task-pitchnw_run-2_bold.json', 'sub-voice889/ses-1/func/sub-voice889_ses-1_task-pitchnw_run-2_bold.nii.gz', 'sub-voice889/ses-1/func/sub-voice889_ses-1_task-pitchnw_run-2_events.tsv', 'sub-voice889/ses-1/func/sub-voice889_ses-1_task-pitchsent_run-1_bold.json', 'sub-voice889/ses-1/func/sub-voice889_ses-1_task-pitchsent_run-1_bold.nii.gz', 'sub-voice889/ses-1/func/sub-voice889_ses-1_task-pitchsent_run-1_events.tsv', 'sub-voice889/ses-1/func/sub-voice889_ses-1_task-pitchsent_run-2_bold.json', 'sub-voice889/ses-1/func/sub-voice889_ses-1_task-pitchsent_run-2_bold.nii.gz', 'sub-voice889/ses-1/func/sub-voice889_ses-1_task-pitchsent_run-2_events.tsv', 'sub-voice889/ses-1/func/sub-voice889_ses-1_task-rest_run-1_bold.json', 'sub-voice889/ses-1/func/sub-voice889_ses-1_task-rest_run-1_bold.nii.gz', 'sub-voice889/ses-1/func/sub-voice889_ses-1_task-rest_run-1_events.tsv', 'sub-voice889/ses-1/func/sub-voice889_ses-1_task-vowel_run-1_bold.json', 'sub-voice889/ses-1/func/sub-voice889_ses-1_task-vowel_run-1_bold.nii.gz', 'sub-voice889/ses-1/func/sub-voice889_ses-1_task-vowel_run-1_events.tsv', 'sub-voice889/ses-1/func/sub-voice889_ses-1_task-vowel_run-2_bold.json', 'sub-voice889/ses-1/func/sub-voice889_ses-1_task-vowel_run-2_bold.nii.gz', 'sub-voice889/ses-1/func/sub-voice889_ses-1_task-vowel_run-2_events.tsv', 'sub-voice889/ses-1/sub-voice889_ses-1_scans.tsv', 'sub-voice891/ses-1/anat/sub-voice891_ses-1_T2w.json', 'sub-voice891/ses-1/anat/sub-voice891_ses-1_T2w.nii.gz', 'sub-voice891/ses-1/anat/sub-voice891_ses-1_run-1_T1w.json', 'sub-voice891/ses-1/anat/sub-voice891_ses-1_run-1_T1w.nii.gz', 'sub-voice891/ses-1/dwi/sub-voice891_ses-1_acq-AP_dwi.bval', 'sub-voice891/ses-1/dwi/sub-voice891_ses-1_acq-AP_dwi.bvec', 'sub-voice891/ses-1/dwi/sub-voice891_ses-1_acq-AP_dwi.json', 'sub-voice891/ses-1/dwi/sub-voice891_ses-1_acq-AP_dwi.nii.gz', 'sub-voice891/ses-1/dwi/sub-voice891_ses-1_acq-PA_dwi.bval', 'sub-voice891/ses-1/dwi/sub-voice891_ses-1_acq-PA_dwi.bvec', 'sub-voice891/ses-1/dwi/sub-voice891_ses-1_acq-PA_dwi.json', 'sub-voice891/ses-1/dwi/sub-voice891_ses-1_acq-PA_dwi.nii.gz', 'sub-voice891/ses-1/fmap/sub-voice891_ses-1_acq-func_dir-AP_run-2_epi.json', 'sub-voice891/ses-1/fmap/sub-voice891_ses-1_acq-func_dir-AP_run-2_epi.nii.gz', 'sub-voice891/ses-1/fmap/sub-voice891_ses-1_acq-func_dir-PA_run-1_epi.json', 'sub-voice891/ses-1/fmap/sub-voice891_ses-1_acq-func_dir-PA_run-1_epi.nii.gz', 'sub-voice891/ses-1/func/sub-voice891_ses-1_task-emosent_run-1_bold.json', 'sub-voice891/ses-1/func/sub-voice891_ses-1_task-emosent_run-1_bold.nii.gz', 'sub-voice891/ses-1/func/sub-voice891_ses-1_task-emosent_run-1_events.tsv', 'sub-voice891/ses-1/func/sub-voice891_ses-1_task-emosent_run-2_bold.json', 'sub-voice891/ses-1/func/sub-voice891_ses-1_task-emosent_run-2_bold.nii.gz', 'sub-voice891/ses-1/func/sub-voice891_ses-1_task-emosent_run-2_events.tsv', 'sub-voice891/ses-1/func/sub-voice891_ses-1_task-facematch_run-1_bold.json', 'sub-voice891/ses-1/func/sub-voice891_ses-1_task-facematch_run-1_bold.nii.gz', 'sub-voice891/ses-1/func/sub-voice891_ses-1_task-facematch_run-1_events.tsv', 'sub-voice891/ses-1/func/sub-voice891_ses-1_task-facematch_run-2_bold.json', 'sub-voice891/ses-1/func/sub-voice891_ses-1_task-facematch_run-2_bold.nii.gz', 'sub-voice891/ses-1/func/sub-voice891_ses-1_task-facematch_run-2_events.tsv', 'sub-voice891/ses-1/func/sub-voice891_ses-1_task-nwr_run-1_bold.json', 'sub-voice891/ses-1/func/sub-voice891_ses-1_task-nwr_run-1_bold.nii.gz', 'sub-voice891/ses-1/func/sub-voice891_ses-1_task-nwr_run-1_events.tsv', 'sub-voice891/ses-1/func/sub-voice891_ses-1_task-nwr_run-2_bold.json', 'sub-voice891/ses-1/func/sub-voice891_ses-1_task-nwr_run-2_bold.nii.gz', 'sub-voice891/ses-1/func/sub-voice891_ses-1_task-nwr_run-2_events.tsv', 'sub-voice891/ses-1/func/sub-voice891_ses-1_task-nwr_run-3_bold.json', 'sub-voice891/ses-1/func/sub-voice891_ses-1_task-nwr_run-3_bold.nii.gz', 'sub-voice891/ses-1/func/sub-voice891_ses-1_task-nwr_run-3_events.tsv', 'sub-voice891/ses-1/func/sub-voice891_ses-1_task-pataka_run-1_bold.json', 'sub-voice891/ses-1/func/sub-voice891_ses-1_task-pataka_run-1_bold.nii.gz', 'sub-voice891/ses-1/func/sub-voice891_ses-1_task-pataka_run-1_events.tsv', 'sub-voice891/ses-1/func/sub-voice891_ses-1_task-pataka_run-2_bold.json', 'sub-voice891/ses-1/func/sub-voice891_ses-1_task-pataka_run-2_bold.nii.gz', 'sub-voice891/ses-1/func/sub-voice891_ses-1_task-pataka_run-2_events.tsv', 'sub-voice891/ses-1/func/sub-voice891_ses-1_task-pitchsent_run-1_bold.json', 'sub-voice891/ses-1/func/sub-voice891_ses-1_task-pitchsent_run-1_bold.nii.gz', 'sub-voice891/ses-1/func/sub-voice891_ses-1_task-pitchsent_run-1_events.tsv', 'sub-voice891/ses-1/func/sub-voice891_ses-1_task-pitchsent_run-2_bold.json', 'sub-voice891/ses-1/func/sub-voice891_ses-1_task-pitchsent_run-2_bold.nii.gz', 'sub-voice891/ses-1/func/sub-voice891_ses-1_task-pitchsent_run-2_events.tsv', 'sub-voice891/ses-1/func/sub-voice891_ses-1_task-rest_run-1_bold.json', 'sub-voice891/ses-1/func/sub-voice891_ses-1_task-rest_run-1_bold.nii.gz', 'sub-voice891/ses-1/func/sub-voice891_ses-1_task-rest_run-1_events.tsv', 'sub-voice891/ses-1/func/sub-voice891_ses-1_task-vowel_run-1_bold.json', 'sub-voice891/ses-1/func/sub-voice891_ses-1_task-vowel_run-1_bold.nii.gz', 'sub-voice891/ses-1/func/sub-voice891_ses-1_task-vowel_run-1_events.tsv', 'sub-voice891/ses-1/func/sub-voice891_ses-1_task-vowel_run-2_bold.json', 'sub-voice891/ses-1/func/sub-voice891_ses-1_task-vowel_run-2_bold.nii.gz', 'sub-voice891/ses-1/func/sub-voice891_ses-1_task-vowel_run-2_events.tsv', 'sub-voice891/ses-1/sub-voice891_ses-1_scans.tsv', 'participants.tsv', 'sub-voice867/ses-1/sub-voice867_ses-1_scans.tsv', '.gitmodules', 'sub-voice854/ses-1/fmap/sub-voice854_ses-1_acq-func_dir-PA_run-1_epi.json', 'sub-voice854/ses-1/sub-voice854_ses-1_scans.tsv', 'sub-voice867/ses-1/func/sub-voice867_ses-1_task-nwr_run-2_bold_heudiconv804.json', 'sub-voice867/ses-1/func/sub-voice867_ses-1_task-nwr_run-2_bold_heudiconv804.nii.gz', 'sub-voice889/ses-2/func/sub-voice889_ses-2_task-rest_run-1_bold_heudiconv169.json', 'sub-voice889/ses-2/func/sub-voice889_ses-2_task-rest_run-1_bold_heudiconv169.nii', 'sub-voice889/ses-2/func/sub-voice889_ses-2_task-rest_run-1_bold_heudiconv169.nii.gz', 'sub-voice891/ses-1/func/sub-voice891_ses-1_task-movie_run-1_bold.json', 'sub-voice891/ses-1/func/sub-voice891_ses-1_task-movie_run-1_bold.nii.gz', 'sub-voice891/ses-1/func/sub-voice891_ses-1_task-movie_run-1_events.tsv', 'sub-voice891/ses-1/func/sub-voice891_ses-1_task-pitchnw_run-1_bold.json', 'sub-voice891/ses-1/func/sub-voice891_ses-1_task-pitchnw_run-1_bold.nii.gz', 'sub-voice891/ses-1/func/sub-voice891_ses-1_task-pitchnw_run-1_events.tsv', 'sub-voice891/ses-1/func/sub-voice891_ses-1_task-pitchnw_run-2_bold.json', 'sub-voice891/ses-1/func/sub-voice891_ses-1_task-pitchnw_run-2_bold.nii.gz', 'sub-voice891/ses-1/func/sub-voice891_ses-1_task-pitchnw_run-2_events.tsv', 'sub-voice893/ses-1/func/sub-voice893_ses-1_task-rest_run-1_bold_heudiconv079.json', 'sub-voice893/ses-1/func/sub-voice893_ses-1_task-rest_run-1_bold_heudiconv079.nii', 'sub-voice893/ses-1/func/sub-voice893_ses-1_task-rest_run-1_bold_heudiconv079.nii.gz', '.heudiconv']: File(s) unknown to git: "error: pathspec 'sub-voice867/ses-1/func/sub-voice867_ses-1_task-nwr_run-2_bold_heudiconv804.json' did not match any file(s) known to git\nerror: pathspec 'sub-voice867/ses-1/func/sub-voice867_ses-1_task-nwr_run-2_bold_heudiconv804.nii.gz' did not match any file(s) known to git\nerror: pathspec 'sub-voice893/ses-1/func/sub-voice893_ses-1_task-rest_run-1_bold_heudiconv079.json' did not match any file(s) known to git\nerror: pathspec 'sub-voice893/ses-1/func/sub-voice893_ses-1_task-rest_run-1_bold_heudiconv079.nii' did not match any file(s) known to git\nerror: pathspec 'sub-voice893/ses-1/func/sub-voice893_ses-1_task-rest_run-1_bold_heudiconv079.nii.gz' did not match any file(s) known to git"). Canceling not-yet running jobs and waiting for completion of running. You can force earlier forceful exit by Ctrl-C.
[INFO] Canceled 0 out of 0 jobs. 0 left running. 
INFO: Canceled 0 out of 0 jobs. 0 left running.
Traceback (most recent call last):
  File "/opt/miniconda-latest/lib/python3.7/site-packages/datalad/support/parallel.py", line 368, in _iter_threads
    raise _FinalShutdown()
datalad.support.parallel._FinalShutdown

During handling of the above exception, another exception occurred:

Traceback (most recent call last):
  File "/opt/miniconda-latest/bin/heudiconv", line 33, in <module>
    sys.exit(load_entry_point('heudiconv', 'console_scripts', 'heudiconv')())
  File "/src/heudiconv/heudiconv/cli/run.py", line 24, in main
    workflow(**kwargs)
  File "/src/heudiconv/heudiconv/main.py", line 406, in workflow
    add_to_datalad(outdir, study_outdir, msg, bids_options)
  File "/src/heudiconv/heudiconv/external/dlad.py", line 125, in add_to_datalad
    ds.save('.', recursive=True
  File "/opt/miniconda-latest/lib/python3.7/site-packages/datalad/distribution/dataset.py", line 502, in apply_func
    return f(*args, **kwargs)
  File "/opt/miniconda-latest/lib/python3.7/site-packages/datalad/interface/utils.py", line 447, in eval_func
    return return_func(*args, **kwargs)
  File "/opt/miniconda-latest/lib/python3.7/site-packages/datalad/interface/utils.py", line 439, in return_func
    results = list(results)
  File "/opt/miniconda-latest/lib/python3.7/site-packages/datalad/interface/utils.py", line 369, in generator_func
    allkwargs):
  File "/opt/miniconda-latest/lib/python3.7/site-packages/datalad/interface/utils.py", line 544, in _process_results
    for res in results:
  File "/opt/miniconda-latest/lib/python3.7/site-packages/datalad/core/local/save.py", line 398, in __call__
    lgr=lgr,
  File "/opt/miniconda-latest/lib/python3.7/site-packages/datalad/support/parallel.py", line 535, in __iter__
    for res in super().__iter__():
  File "/opt/miniconda-latest/lib/python3.7/site-packages/datalad/support/parallel.py", line 265, in __iter__
    yield from self._iter_threads(self._jobs)
  File "/opt/miniconda-latest/lib/python3.7/site-packages/datalad/support/parallel.py", line 417, in _iter_threads
    self.shutdown(force=True, exception=self._producer_exception or interrupted_by_exception)
  File "/opt/miniconda-latest/lib/python3.7/site-packages/datalad/support/parallel.py", line 233, in shutdown
    raise exception
  File "/opt/miniconda-latest/lib/python3.7/site-packages/datalad/support/parallel.py", line 401, in _iter_threads
    done_useful |= self._pop_done_futures(lgr)
  File "/opt/miniconda-latest/lib/python3.7/site-packages/datalad/support/parallel.py", line 463, in _pop_done_futures
    raise exception
  File "/opt/miniconda-latest/lib/python3.7/concurrent/futures/thread.py", line 57, in run
    result = self.fn(*self.args, **self.kwargs)
  File "/opt/miniconda-latest/lib/python3.7/site-packages/datalad/support/parallel.py", line 329, in consumer_worker
    for r in res:
  File "/opt/miniconda-latest/lib/python3.7/site-packages/datalad/core/local/save.py", line 322, in save_ds
    amend=amend):
  File "/opt/miniconda-latest/lib/python3.7/site-packages/datalad/support/gitrepo.py", line 3508, in save_
    allow_empty=amend)
  File "/opt/miniconda-latest/lib/python3.7/site-packages/datalad/support/annexrepo.py", line 3537, in _save_post
    allow_empty=allow_empty or adjust_amend)
  File "/opt/miniconda-latest/lib/python3.7/site-packages/datalad/support/gitrepo.py", line 3267, in _save_post
    careless=True,
  File "/opt/miniconda-latest/lib/python3.7/site-packages/datalad/support/gitrepo.py", line 1435, in commit
    l for l in e.stderr.splitlines()
datalad.support.exceptions.FileNotInRepositoryError: [Errno 1] ['git', '-c', 'diff.ignoreSubmodules=none', 'commit', '-m', '[DATALAD] Recorded changes', '--', 'sub-voice854/ses-1/fmap/sub-voice854_ses-1_acq-func_dir-PA_run-1_epi.nii.gz', 'sub-voice867/ses-1/func/sub-voice867_ses-1_task-nwr_run-1_bold.json', 'sub-voice867/ses-1/func/sub-voice867_ses-1_task-nwr_run-1_bold.nii.gz', 'sub-voice867/ses-1/func/sub-voice867_ses-1_task-nwr_run-1_events.tsv', 'sub-voice867/ses-1/func/sub-voice867_ses-1_task-pataka_run-1_bold.json', 'sub-voice867/ses-1/func/sub-voice867_ses-1_task-pataka_run-1_bold.nii.gz', 'sub-voice867/ses-1/func/sub-voice867_ses-1_task-pataka_run-1_events.tsv', 'sub-voice867/ses-1/func/sub-voice867_ses-1_task-pataka_run-2_bold.json', 'sub-voice867/ses-1/func/sub-voice867_ses-1_task-pataka_run-2_bold.nii.gz', 'sub-voice867/ses-1/func/sub-voice867_ses-1_task-pataka_run-2_events.tsv', 'sub-voice867/ses-1/func/sub-voice867_ses-1_task-pitchsent_run-1_bold.json', 'sub-voice867/ses-1/func/sub-voice867_ses-1_task-pitchsent_run-1_bold.nii.gz', 'sub-voice867/ses-1/func/sub-voice867_ses-1_task-pitchsent_run-1_events.tsv', 'sub-voice867/ses-1/func/sub-voice867_ses-1_task-pitchsent_run-2_bold.json', 'sub-voice867/ses-1/func/sub-voice867_ses-1_task-pitchsent_run-2_bold.nii.gz', 'sub-voice867/ses-1/func/sub-voice867_ses-1_task-pitchsent_run-2_events.tsv', 'sub-voice886/ses-1/anat/sub-voice886_ses-1_T2w.json', 'sub-voice886/ses-1/anat/sub-voice886_ses-1_T2w.nii.gz', 'sub-voice886/ses-1/anat/sub-voice886_ses-1_run-1_T1w.json', 'sub-voice886/ses-1/anat/sub-voice886_ses-1_run-1_T1w.nii.gz', 'sub-voice886/ses-1/dwi/sub-voice886_ses-1_acq-AP_dwi.bval', 'sub-voice886/ses-1/dwi/sub-voice886_ses-1_acq-AP_dwi.bvec', 'sub-voice886/ses-1/dwi/sub-voice886_ses-1_acq-AP_dwi.json', 'sub-voice886/ses-1/dwi/sub-voice886_ses-1_acq-AP_dwi.nii.gz', 'sub-voice886/ses-1/dwi/sub-voice886_ses-1_acq-PA_dwi.bval', 'sub-voice886/ses-1/dwi/sub-voice886_ses-1_acq-PA_dwi.bvec', 'sub-voice886/ses-1/dwi/sub-voice886_ses-1_acq-PA_dwi.json', 'sub-voice886/ses-1/dwi/sub-voice886_ses-1_acq-PA_dwi.nii.gz', 'sub-voice886/ses-1/fmap/sub-voice886_ses-1_acq-func_dir-AP_run-2_epi.json', 'sub-voice886/ses-1/fmap/sub-voice886_ses-1_acq-func_dir-AP_run-2_epi.nii.gz', 'sub-voice886/ses-1/fmap/sub-voice886_ses-1_acq-func_dir-PA_run-1_epi.json', 'sub-voice886/ses-1/fmap/sub-voice886_ses-1_acq-func_dir-PA_run-1_epi.nii.gz', 'sub-voice886/ses-1/func/sub-voice886_ses-1_task-emosent_run-1_bold.json', 'sub-voice886/ses-1/func/sub-voice886_ses-1_task-emosent_run-1_bold.nii.gz', 'sub-voice886/ses-1/func/sub-voice886_ses-1_task-emosent_run-1_events.tsv', 'sub-voice886/ses-1/func/sub-voice886_ses-1_task-emosent_run-2_bold.json', 'sub-voice886/ses-1/func/sub-voice886_ses-1_task-emosent_run-2_bold.nii.gz', 'sub-voice886/ses-1/func/sub-voice886_ses-1_task-emosent_run-2_events.tsv', 'sub-voice886/ses-1/func/sub-voice886_ses-1_task-facematch_run-1_bold.json', 'sub-voice886/ses-1/func/sub-voice886_ses-1_task-facematch_run-1_bold.nii.gz', 'sub-voice886/ses-1/func/sub-voice886_ses-1_task-facematch_run-1_events.tsv', 'sub-voice886/ses-1/func/sub-voice886_ses-1_task-facematch_run-2_bold.json', 'sub-voice886/ses-1/func/sub-voice886_ses-1_task-facematch_run-2_bold.nii.gz', 'sub-voice886/ses-1/func/sub-voice886_ses-1_task-facematch_run-2_events.tsv', 'sub-voice886/ses-1/func/sub-voice886_ses-1_task-movie_run-1_bold.json', 'sub-voice886/ses-1/func/sub-voice886_ses-1_task-movie_run-1_bold.nii.gz', 'sub-voice886/ses-1/func/sub-voice886_ses-1_task-movie_run-1_events.tsv', 'sub-voice886/ses-1/func/sub-voice886_ses-1_task-nwr_run-1_bold.json', 'sub-voice886/ses-1/func/sub-voice886_ses-1_task-nwr_run-1_bold.nii.gz', 'sub-voice886/ses-1/func/sub-voice886_ses-1_task-nwr_run-1_events.tsv', 'sub-voice886/ses-1/func/sub-voice886_ses-1_task-nwr_run-2_bold.json', 'sub-voice886/ses-1/func/sub-voice886_ses-1_task-nwr_run-2_bold.nii.gz', 'sub-voice886/ses-1/func/sub-voice886_ses-1_task-nwr_run-2_events.tsv', 'sub-voice886/ses-1/func/sub-voice886_ses-1_task-nwr_run-3_bold.json', 'sub-voice886/ses-1/func/sub-voice886_ses-1_task-nwr_run-3_bold.nii.gz', 'sub-voice886/ses-1/func/sub-voice886_ses-1_task-nwr_run-3_events.tsv', 'sub-voice886/ses-1/func/sub-voice886_ses-1_task-pataka_run-1_bold.json', 'sub-voice886/ses-1/func/sub-voice886_ses-1_task-pataka_run-1_bold.nii.gz', 'sub-voice886/ses-1/func/sub-voice886_ses-1_task-pataka_run-1_events.tsv', 'sub-voice886/ses-1/func/sub-voice886_ses-1_task-pataka_run-2_bold.json', 'sub-voice886/ses-1/func/sub-voice886_ses-1_task-pataka_run-2_bold.nii.gz', 'sub-voice886/ses-1/func/sub-voice886_ses-1_task-pataka_run-2_events.tsv', 'sub-voice886/ses-1/func/sub-voice886_ses-1_task-pitchnw_run-1_bold.json', 'sub-voice886/ses-1/func/sub-voice886_ses-1_task-pitchnw_run-1_bold.nii.gz', 'sub-voice886/ses-1/func/sub-voice886_ses-1_task-pitchnw_run-1_events.tsv', 'sub-voice886/ses-1/func/sub-voice886_ses-1_task-pitchnw_run-2_bold.json', 'sub-voice886/ses-1/func/sub-voice886_ses-1_task-pitchnw_run-2_bold.nii.gz', 'sub-voice886/ses-1/func/sub-voice886_ses-1_task-pitchnw_run-2_events.tsv', 'sub-voice886/ses-1/func/sub-voice886_ses-1_task-pitchsent_run-1_bold.json', 'sub-voice886/ses-1/func/sub-voice886_ses-1_task-pitchsent_run-1_bold.nii.gz', 'sub-voice886/ses-1/func/sub-voice886_ses-1_task-pitchsent_run-1_events.tsv', 'sub-voice886/ses-1/func/sub-voice886_ses-1_task-pitchsent_run-2_bold.json', 'sub-voice886/ses-1/func/sub-voice886_ses-1_task-pitchsent_run-2_bold.nii.gz', 'sub-voice886/ses-1/func/sub-voice886_ses-1_task-pitchsent_run-2_events.tsv', 'sub-voice886/ses-1/func/sub-voice886_ses-1_task-rest_run-1_bold.json', 'sub-voice886/ses-1/func/sub-voice886_ses-1_task-rest_run-1_bold.nii.gz', 'sub-voice886/ses-1/func/sub-voice886_ses-1_task-rest_run-1_bold_heudiconv924.json', 'sub-voice886/ses-1/func/sub-voice886_ses-1_task-rest_run-1_bold_heudiconv924.nii', 'sub-voice886/ses-1/func/sub-voice886_ses-1_task-rest_run-1_bold_heudiconv924.nii.gz', 'sub-voice886/ses-1/func/sub-voice886_ses-1_task-rest_run-1_events.tsv', 'sub-voice886/ses-1/func/sub-voice886_ses-1_task-vowel_run-1_bold.json', 'sub-voice886/ses-1/func/sub-voice886_ses-1_task-vowel_run-1_bold.nii.gz', 'sub-voice886/ses-1/func/sub-voice886_ses-1_task-vowel_run-1_events.tsv', 'sub-voice886/ses-1/func/sub-voice886_ses-1_task-vowel_run-2_bold.json', 'sub-voice886/ses-1/func/sub-voice886_ses-1_task-vowel_run-2_bold.nii.gz', 'sub-voice886/ses-1/func/sub-voice886_ses-1_task-vowel_run-2_events.tsv', 'sub-voice886/ses-1/sub-voice886_ses-1_scans.tsv', 'sub-voice889/ses-1/anat/sub-voice889_ses-1_T2w.json', 'sub-voice889/ses-1/anat/sub-voice889_ses-1_T2w.nii.gz', 'sub-voice889/ses-1/anat/sub-voice889_ses-1_run-1_T1w.json', 'sub-voice889/ses-1/anat/sub-voice889_ses-1_run-1_T1w.nii.gz', 'sub-voice889/ses-1/dwi/sub-voice889_ses-1_acq-AP_dwi.bval', 'sub-voice889/ses-1/dwi/sub-voice889_ses-1_acq-AP_dwi.bvec', 'sub-voice889/ses-1/dwi/sub-voice889_ses-1_acq-AP_dwi.json', 'sub-voice889/ses-1/dwi/sub-voice889_ses-1_acq-AP_dwi.nii.gz', 'sub-voice889/ses-1/dwi/sub-voice889_ses-1_acq-PA_dwi.bval', 'sub-voice889/ses-1/dwi/sub-voice889_ses-1_acq-PA_dwi.bvec', 'sub-voice889/ses-1/dwi/sub-voice889_ses-1_acq-PA_dwi.json', 'sub-voice889/ses-1/dwi/sub-voice889_ses-1_acq-PA_dwi.nii.gz', 'sub-voice889/ses-1/fmap/sub-voice889_ses-1_acq-func_dir-AP_run-2_epi.json', 'sub-voice889/ses-1/fmap/sub-voice889_ses-1_acq-func_dir-AP_run-2_epi.nii.gz', 'sub-voice889/ses-1/fmap/sub-voice889_ses-1_acq-func_dir-PA_run-1_epi.json', 'sub-voice889/ses-1/fmap/sub-voice889_ses-1_acq-func_dir-PA_run-1_epi.nii.gz', 'sub-voice889/ses-1/func/sub-voice889_ses-1_task-emosent_run-1_bold.json', 'sub-voice889/ses-1/func/sub-voice889_ses-1_task-emosent_run-1_bold.nii.gz', 'sub-voice889/ses-1/func/sub-voice889_ses-1_task-emosent_run-1_events.tsv', 'sub-voice889/ses-1/func/sub-voice889_ses-1_task-emosent_run-2_bold.json', 'sub-voice889/ses-1/func/sub-voice889_ses-1_task-emosent_run-2_bold.nii.gz', 'sub-voice889/ses-1/func/sub-voice889_ses-1_task-emosent_run-2_events.tsv', 'sub-voice889/ses-1/func/sub-voice889_ses-1_task-facematch_run-1_bold.json', 'sub-voice889/ses-1/func/sub-voice889_ses-1_task-facematch_run-1_bold.nii.gz', 'sub-voice889/ses-1/func/sub-voice889_ses-1_task-facematch_run-1_events.tsv', 'sub-voice889/ses-1/func/sub-voice889_ses-1_task-facematch_run-2_bold.json', 'sub-voice889/ses-1/func/sub-voice889_ses-1_task-facematch_run-2_bold.nii.gz', 'sub-voice889/ses-1/func/sub-voice889_ses-1_task-facematch_run-2_events.tsv', 'sub-voice889/ses-1/func/sub-voice889_ses-1_task-movie_run-1_bold.json', 'sub-voice889/ses-1/func/sub-voice889_ses-1_task-movie_run-1_bold.nii.gz', 'sub-voice889/ses-1/func/sub-voice889_ses-1_task-movie_run-1_events.tsv', 'sub-voice889/ses-1/func/sub-voice889_ses-1_task-nwr_run-1_bold.json', 'sub-voice889/ses-1/func/sub-voice889_ses-1_task-nwr_run-1_bold.nii.gz', 'sub-voice889/ses-1/func/sub-voice889_ses-1_task-nwr_run-1_events.tsv', 'sub-voice889/ses-1/func/sub-voice889_ses-1_task-nwr_run-2_bold.json', 'sub-voice889/ses-1/func/sub-voice889_ses-1_task-nwr_run-2_bold.nii.gz', 'sub-voice889/ses-1/func/sub-voice889_ses-1_task-nwr_run-2_events.tsv', 'sub-voice889/ses-1/func/sub-voice889_ses-1_task-nwr_run-3_bold.json', 'sub-voice889/ses-1/func/sub-voice889_ses-1_task-nwr_run-3_bold.nii.gz', 'sub-voice889/ses-1/func/sub-voice889_ses-1_task-nwr_run-3_events.tsv', 'sub-voice889/ses-1/func/sub-voice889_ses-1_task-pataka_run-1_bold.json', 'sub-voice889/ses-1/func/sub-voice889_ses-1_task-pataka_run-1_bold.nii.gz', 'sub-voice889/ses-1/func/sub-voice889_ses-1_task-pataka_run-1_events.tsv', 'sub-voice889/ses-1/func/sub-voice889_ses-1_task-pataka_run-2_bold.json', 'sub-voice889/ses-1/func/sub-voice889_ses-1_task-pataka_run-2_bold.nii.gz', 'sub-voice889/ses-1/func/sub-voice889_ses-1_task-pataka_run-2_events.tsv', 'sub-voice889/ses-1/func/sub-voice889_ses-1_task-pitchnw_run-1_bold.json', 'sub-voice889/ses-1/func/sub-voice889_ses-1_task-pitchnw_run-1_bold.nii.gz', 'sub-voice889/ses-1/func/sub-voice889_ses-1_task-pitchnw_run-1_events.tsv', 'sub-voice889/ses-1/func/sub-voice889_ses-1_task-pitchnw_run-2_bold.json', 'sub-voice889/ses-1/func/sub-voice889_ses-1_task-pitchnw_run-2_bold.nii.gz', 'sub-voice889/ses-1/func/sub-voice889_ses-1_task-pitchnw_run-2_events.tsv', 'sub-voice889/ses-1/func/sub-voice889_ses-1_task-pitchsent_run-1_bold.json', 'sub-voice889/ses-1/func/sub-voice889_ses-1_task-pitchsent_run-1_bold.nii.gz', 'sub-voice889/ses-1/func/sub-voice889_ses-1_task-pitchsent_run-1_events.tsv', 'sub-voice889/ses-1/func/sub-voice889_ses-1_task-pitchsent_run-2_bold.json', 'sub-voice889/ses-1/func/sub-voice889_ses-1_task-pitchsent_run-2_bold.nii.gz', 'sub-voice889/ses-1/func/sub-voice889_ses-1_task-pitchsent_run-2_events.tsv', 'sub-voice889/ses-1/func/sub-voice889_ses-1_task-rest_run-1_bold.json', 'sub-voice889/ses-1/func/sub-voice889_ses-1_task-rest_run-1_bold.nii.gz', 'sub-voice889/ses-1/func/sub-voice889_ses-1_task-rest_run-1_events.tsv', 'sub-voice889/ses-1/func/sub-voice889_ses-1_task-vowel_run-1_bold.json', 'sub-voice889/ses-1/func/sub-voice889_ses-1_task-vowel_run-1_bold.nii.gz', 'sub-voice889/ses-1/func/sub-voice889_ses-1_task-vowel_run-1_events.tsv', 'sub-voice889/ses-1/func/sub-voice889_ses-1_task-vowel_run-2_bold.json', 'sub-voice889/ses-1/func/sub-voice889_ses-1_task-vowel_run-2_bold.nii.gz', 'sub-voice889/ses-1/func/sub-voice889_ses-1_task-vowel_run-2_events.tsv', 'sub-voice889/ses-1/sub-voice889_ses-1_scans.tsv', 'sub-voice891/ses-1/anat/sub-voice891_ses-1_T2w.json', 'sub-voice891/ses-1/anat/sub-voice891_ses-1_T2w.nii.gz', 'sub-voice891/ses-1/anat/sub-voice891_ses-1_run-1_T1w.json', 'sub-voice891/ses-1/anat/sub-voice891_ses-1_run-1_T1w.nii.gz', 'sub-voice891/ses-1/dwi/sub-voice891_ses-1_acq-AP_dwi.bval', 'sub-voice891/ses-1/dwi/sub-voice891_ses-1_acq-AP_dwi.bvec', 'sub-voice891/ses-1/dwi/sub-voice891_ses-1_acq-AP_dwi.json', 'sub-voice891/ses-1/dwi/sub-voice891_ses-1_acq-AP_dwi.nii.gz', 'sub-voice891/ses-1/dwi/sub-voice891_ses-1_acq-PA_dwi.bval', 'sub-voice891/ses-1/dwi/sub-voice891_ses-1_acq-PA_dwi.bvec', 'sub-voice891/ses-1/dwi/sub-voice891_ses-1_acq-PA_dwi.json', 'sub-voice891/ses-1/dwi/sub-voice891_ses-1_acq-PA_dwi.nii.gz', 'sub-voice891/ses-1/fmap/sub-voice891_ses-1_acq-func_dir-AP_run-2_epi.json', 'sub-voice891/ses-1/fmap/sub-voice891_ses-1_acq-func_dir-AP_run-2_epi.nii.gz', 'sub-voice891/ses-1/fmap/sub-voice891_ses-1_acq-func_dir-PA_run-1_epi.json', 'sub-voice891/ses-1/fmap/sub-voice891_ses-1_acq-func_dir-PA_run-1_epi.nii.gz', 'sub-voice891/ses-1/func/sub-voice891_ses-1_task-emosent_run-1_bold.json', 'sub-voice891/ses-1/func/sub-voice891_ses-1_task-emosent_run-1_bold.nii.gz', 'sub-voice891/ses-1/func/sub-voice891_ses-1_task-emosent_run-1_events.tsv', 'sub-voice891/ses-1/func/sub-voice891_ses-1_task-emosent_run-2_bold.json', 'sub-voice891/ses-1/func/sub-voice891_ses-1_task-emosent_run-2_bold.nii.gz', 'sub-voice891/ses-1/func/sub-voice891_ses-1_task-emosent_run-2_events.tsv', 'sub-voice891/ses-1/func/sub-voice891_ses-1_task-facematch_run-1_bold.json', 'sub-voice891/ses-1/func/sub-voice891_ses-1_task-facematch_run-1_bold.nii.gz', 'sub-voice891/ses-1/func/sub-voice891_ses-1_task-facematch_run-1_events.tsv', 'sub-voice891/ses-1/func/sub-voice891_ses-1_task-facematch_run-2_bold.json', 'sub-voice891/ses-1/func/sub-voice891_ses-1_task-facematch_run-2_bold.nii.gz', 'sub-voice891/ses-1/func/sub-voice891_ses-1_task-facematch_run-2_events.tsv', 'sub-voice891/ses-1/func/sub-voice891_ses-1_task-nwr_run-1_bold.json', 'sub-voice891/ses-1/func/sub-voice891_ses-1_task-nwr_run-1_bold.nii.gz', 'sub-voice891/ses-1/func/sub-voice891_ses-1_task-nwr_run-1_events.tsv', 'sub-voice891/ses-1/func/sub-voice891_ses-1_task-nwr_run-2_bold.json', 'sub-voice891/ses-1/func/sub-voice891_ses-1_task-nwr_run-2_bold.nii.gz', 'sub-voice891/ses-1/func/sub-voice891_ses-1_task-nwr_run-2_events.tsv', 'sub-voice891/ses-1/func/sub-voice891_ses-1_task-nwr_run-3_bold.json', 'sub-voice891/ses-1/func/sub-voice891_ses-1_task-nwr_run-3_bold.nii.gz', 'sub-voice891/ses-1/func/sub-voice891_ses-1_task-nwr_run-3_events.tsv', 'sub-voice891/ses-1/func/sub-voice891_ses-1_task-pataka_run-1_bold.json', 'sub-voice891/ses-1/func/sub-voice891_ses-1_task-pataka_run-1_bold.nii.gz', 'sub-voice891/ses-1/func/sub-voice891_ses-1_task-pataka_run-1_events.tsv', 'sub-voice891/ses-1/func/sub-voice891_ses-1_task-pataka_run-2_bold.json', 'sub-voice891/ses-1/func/sub-voice891_ses-1_task-pataka_run-2_bold.nii.gz', 'sub-voice891/ses-1/func/sub-voice891_ses-1_task-pataka_run-2_events.tsv', 'sub-voice891/ses-1/func/sub-voice891_ses-1_task-pitchsent_run-1_bold.json', 'sub-voice891/ses-1/func/sub-voice891_ses-1_task-pitchsent_run-1_bold.nii.gz', 'sub-voice891/ses-1/func/sub-voice891_ses-1_task-pitchsent_run-1_events.tsv', 'sub-voice891/ses-1/func/sub-voice891_ses-1_task-pitchsent_run-2_bold.json', 'sub-voice891/ses-1/func/sub-voice891_ses-1_task-pitchsent_run-2_bold.nii.gz', 'sub-voice891/ses-1/func/sub-voice891_ses-1_task-pitchsent_run-2_events.tsv', 'sub-voice891/ses-1/func/sub-voice891_ses-1_task-rest_run-1_bold.json', 'sub-voice891/ses-1/func/sub-voice891_ses-1_task-rest_run-1_bold.nii.gz', 'sub-voice891/ses-1/func/sub-voice891_ses-1_task-rest_run-1_events.tsv', 'sub-voice891/ses-1/func/sub-voice891_ses-1_task-vowel_run-1_bold.json', 'sub-voice891/ses-1/func/sub-voice891_ses-1_task-vowel_run-1_bold.nii.gz', 'sub-voice891/ses-1/func/sub-voice891_ses-1_task-vowel_run-1_events.tsv', 'sub-voice891/ses-1/func/sub-voice891_ses-1_task-vowel_run-2_bold.json', 'sub-voice891/ses-1/func/sub-voice891_ses-1_task-vowel_run-2_bold.nii.gz', 'sub-voice891/ses-1/func/sub-voice891_ses-1_task-vowel_run-2_events.tsv', 'sub-voice891/ses-1/sub-voice891_ses-1_scans.tsv', 'participants.tsv', 'sub-voice867/ses-1/sub-voice867_ses-1_scans.tsv', '.gitmodules', 'sub-voice854/ses-1/fmap/sub-voice854_ses-1_acq-func_dir-PA_run-1_epi.json', 'sub-voice854/ses-1/sub-voice854_ses-1_scans.tsv', 'sub-voice867/ses-1/func/sub-voice867_ses-1_task-nwr_run-2_bold_heudiconv804.json', 'sub-voice867/ses-1/func/sub-voice867_ses-1_task-nwr_run-2_bold_heudiconv804.nii.gz', 'sub-voice889/ses-2/func/sub-voice889_ses-2_task-rest_run-1_bold_heudiconv169.json', 'sub-voice889/ses-2/func/sub-voice889_ses-2_task-rest_run-1_bold_heudiconv169.nii', 'sub-voice889/ses-2/func/sub-voice889_ses-2_task-rest_run-1_bold_heudiconv169.nii.gz', 'sub-voice891/ses-1/func/sub-voice891_ses-1_task-movie_run-1_bold.json', 'sub-voice891/ses-1/func/sub-voice891_ses-1_task-movie_run-1_bold.nii.gz', 'sub-voice891/ses-1/func/sub-voice891_ses-1_task-movie_run-1_events.tsv', 'sub-voice891/ses-1/func/sub-voice891_ses-1_task-pitchnw_run-1_bold.json', 'sub-voice891/ses-1/func/sub-voice891_ses-1_task-pitchnw_run-1_bold.nii.gz', 'sub-voice891/ses-1/func/sub-voice891_ses-1_task-pitchnw_run-1_events.tsv', 'sub-voice891/ses-1/func/sub-voice891_ses-1_task-pitchnw_run-2_bold.json', 'sub-voice891/ses-1/func/sub-voice891_ses-1_task-pitchnw_run-2_bold.nii.gz', 'sub-voice891/ses-1/func/sub-voice891_ses-1_task-pitchnw_run-2_events.tsv', 'sub-voice893/ses-1/func/sub-voice893_ses-1_task-rest_run-1_bold_heudiconv079.json', 'sub-voice893/ses-1/func/sub-voice893_ses-1_task-rest_run-1_bold_heudiconv079.nii', 'sub-voice893/ses-1/func/sub-voice893_ses-1_task-rest_run-1_bold_heudiconv079.nii.gz', '.heudiconv']: File(s) unknown to git: "error: pathspec 'sub-voice867/ses-1/func/sub-voice867_ses-1_task-nwr_run-2_bold_heudiconv804.json' did not match any file(s) known to git\nerror: pathspec 'sub-voice867/ses-1/func/sub-voice867_ses-1_task-nwr_run-2_bold_heudiconv804.nii.gz' did not match any file(s) known to git\nerror: pathspec 'sub-voice893/ses-1/func/sub-voice893_ses-1_task-rest_run-1_bold_heudiconv079.json' did not match any file(s) known to git\nerror: pathspec 'sub-voice893/ses-1/func/sub-voice893_ses-1_task-rest_run-1_bold_heudiconv079.nii' did not match any file(s) known to git\nerror: pathspec 'sub-voice893/ses-1/func/sub-voice893_ses-1_task-rest_run-1_bold_heudiconv079.nii.gz' did not match any file(s) known to git"
