INFO: Running heudiconv version 0.11.3+d20220512 latest 0.11.4
INFO: Need to process 1 study sessions
INFO: PROCESSING STARTS: {'subject': 'voice957', 'outdir': '/out/', 'session': '1'}
INFO: Processing 4225 dicoms
INFO: Analyzing 4225 dicoms
INFO: Generated sequence info for 37 accession numbers with 4225 entries total
INFO: Doing conversion using dcm2niix
INFO: Converting /out/sub-voice957/ses-1/func/sub-voice957_ses-1_task-rest_run-1_bold (300 DICOMs) -> /out/sub-voice957/ses-1/func . Converter: dcm2niix . Output types: ('nii.gz',)
WARNING: A newer version (1.8.4) of nipy/nipype is available. You are using 1.8.0
INFO: [Node] Setting-up "convert" in "/tmp/dcm2niixw2p6cvw0/convert".
INFO: [Node] Executing "convert" <nipype.interfaces.dcm2nii.Dcm2niix>
INFO: stdout 2022-10-07T19:04:22.855443:Chris Rorden's dcm2niiX version v1.0.20211006  GCC10.2.1 x86-64 (64-bit Linux)
INFO: stdout 2022-10-07T19:04:22.855443:Found 300 DICOM file(s)
INFO: stdout 2022-10-07T19:04:22.855443:Warning: Slice timing appears corrupted (range 0..5360, TR=1090 ms)
INFO: stdout 2022-10-07T19:04:22.855443:Convert 300 DICOM as /out/sub-voice957/ses-1/func/sub-voice957_ses-1_task-rest_run-1_bold_heudiconv803 (108x108x65x300)
INFO: stdout 2022-10-07T19:04:56.161993:Compress: "/usr/bin/pigz" -b 960 -n -f -6 "/out/sub-voice957/ses-1/func/sub-voice957_ses-1_task-rest_run-1_bold_heudiconv803.nii"
INFO: stdout 2022-10-07T19:04:56.161993:Conversion required 34.126534 seconds (1.013845 for core code).
INFO: [Node] Finished "convert", elapsed time 34.177915s.
INFO: Post-treating /out/sub-voice957/ses-1/func/sub-voice957_ses-1_task-rest_run-1_bold.json file
INFO: Converting /out/sub-voice957/ses-1/fmap/sub-voice957_ses-1_acq-func_dir-PA_run-1_epi (260 DICOMs) -> /out/sub-voice957/ses-1/fmap . Converter: dcm2niix . Output types: ('nii.gz',)
INFO: [Node] Setting-up "convert" in "/tmp/dcm2niixkheweq24/convert".
INFO: [Node] Executing "convert" <nipype.interfaces.dcm2nii.Dcm2niix>
INFO: stdout 2022-10-07T19:04:57.179524:Chris Rorden's dcm2niiX version v1.0.20211006  GCC10.2.1 x86-64 (64-bit Linux)
INFO: stdout 2022-10-07T19:04:57.179524:Found 260 DICOM file(s)
INFO: stdout 2022-10-07T19:04:57.179524:Convert 260 DICOM as /out/sub-voice957/ses-1/fmap/sub-voice957_ses-1_acq-func_dir-PA_run-1_epi_heudiconv324 (108x108x65x4)
INFO: stdout 2022-10-07T19:04:57.685371:Compress: "/usr/bin/pigz" -b 960 -n -f -6 "/out/sub-voice957/ses-1/fmap/sub-voice957_ses-1_acq-func_dir-PA_run-1_epi_heudiconv324.nii"
INFO: stdout 2022-10-07T19:04:57.685371:Conversion required 0.847876 seconds (0.198833 for core code).
INFO: [Node] Finished "convert", elapsed time 0.90444s.
WARNING: Failed to find task field in /out/sub-voice957/ses-1/fmap/sub-voice957_ses-1_acq-func_dir-PA_run-1_epi.json.
INFO: Post-treating /out/sub-voice957/ses-1/fmap/sub-voice957_ses-1_acq-func_dir-PA_run-1_epi.json file
INFO: Converting /out/sub-voice957/ses-1/fmap/sub-voice957_ses-1_acq-func_dir-AP_run-2_epi (260 DICOMs) -> /out/sub-voice957/ses-1/fmap . Converter: dcm2niix . Output types: ('nii.gz',)
INFO: [Node] Setting-up "convert" in "/tmp/dcm2niixft053lwc/convert".
INFO: [Node] Executing "convert" <nipype.interfaces.dcm2nii.Dcm2niix>
INFO: stdout 2022-10-07T19:04:58.559709:Chris Rorden's dcm2niiX version v1.0.20211006  GCC10.2.1 x86-64 (64-bit Linux)
INFO: stdout 2022-10-07T19:04:58.559709:Found 260 DICOM file(s)
INFO: stdout 2022-10-07T19:04:58.559709:Convert 260 DICOM as /out/sub-voice957/ses-1/fmap/sub-voice957_ses-1_acq-func_dir-AP_run-2_epi_heudiconv746 (108x108x65x4)
INFO: stdout 2022-10-07T19:04:59.063451:Compress: "/usr/bin/pigz" -b 960 -n -f -6 "/out/sub-voice957/ses-1/fmap/sub-voice957_ses-1_acq-func_dir-AP_run-2_epi_heudiconv746.nii"
INFO: stdout 2022-10-07T19:04:59.063451:Conversion required 0.868045 seconds (0.199930 for core code).
INFO: [Node] Finished "convert", elapsed time 0.924787s.
WARNING: Failed to find task field in /out/sub-voice957/ses-1/fmap/sub-voice957_ses-1_acq-func_dir-AP_run-2_epi.json.
INFO: Post-treating /out/sub-voice957/ses-1/fmap/sub-voice957_ses-1_acq-func_dir-AP_run-2_epi.json file
INFO: Converting /out/sub-voice957/ses-1/dwi/sub-voice957_ses-1_acq-PA_dwi (72 DICOMs) -> /out/sub-voice957/ses-1/dwi . Converter: dcm2niix . Output types: ('nii.gz',)
INFO: [Node] Setting-up "convert" in "/tmp/dcm2niixj11ojrsy/convert".
INFO: [Node] Executing "convert" <nipype.interfaces.dcm2nii.Dcm2niix>
INFO: stdout 2022-10-07T19:05:00.344748:Chris Rorden's dcm2niiX version v1.0.20211006  GCC10.2.1 x86-64 (64-bit Linux)
INFO: stdout 2022-10-07T19:05:00.344748:Found 72 DICOM file(s)
INFO: stdout 2022-10-07T19:05:00.344748:Warning: Slice timing appears corrupted (range 0..8.63999e+07, TR=4400 ms)
INFO: stdout 2022-10-07T19:05:00.344748:Convert 72 DICOM as /out/sub-voice957/ses-1/dwi/sub-voice957_ses-1_acq-PA_dwi_heudiconv486 (120x120x66x72)
INFO: stdout 2022-10-07T19:05:10.509153:Compress: "/usr/bin/pigz" -b 960 -n -f -6 "/out/sub-voice957/ses-1/dwi/sub-voice957_ses-1_acq-PA_dwi_heudiconv486.nii"
INFO: stdout 2022-10-07T19:05:10.509153:Conversion required 11.199085 seconds (0.363922 for core code).
INFO: [Node] Finished "convert", elapsed time 11.258358s.
WARNING: Failed to find task field in /out/sub-voice957/ses-1/dwi/sub-voice957_ses-1_acq-PA_dwi.json.
INFO: Post-treating /out/sub-voice957/ses-1/dwi/sub-voice957_ses-1_acq-PA_dwi.json file
INFO: Converting /out/sub-voice957/ses-1/dwi/sub-voice957_ses-1_acq-AP_dwi (7 DICOMs) -> /out/sub-voice957/ses-1/dwi . Converter: dcm2niix . Output types: ('nii.gz',)
INFO: [Node] Setting-up "convert" in "/tmp/dcm2niixv_2pv3bq/convert".
INFO: [Node] Executing "convert" <nipype.interfaces.dcm2nii.Dcm2niix>
INFO: stdout 2022-10-07T19:05:10.836950:Chris Rorden's dcm2niiX version v1.0.20211006  GCC10.2.1 x86-64 (64-bit Linux)
INFO: stdout 2022-10-07T19:05:10.836950:Found 7 DICOM file(s)
INFO: stdout 2022-10-07T19:05:10.836950:Warning: Slice timing appears corrupted (range 0..8.63999e+07, TR=4400 ms)
INFO: stdout 2022-10-07T19:05:10.836950:Convert 7 DICOM as /out/sub-voice957/ses-1/dwi/sub-voice957_ses-1_acq-AP_dwi_heudiconv852 (120x120x66x7)
INFO: stdout 2022-10-07T19:05:11.870516:Compress: "/usr/bin/pigz" -b 960 -n -f -6 "/out/sub-voice957/ses-1/dwi/sub-voice957_ses-1_acq-AP_dwi_heudiconv852.nii"
INFO: stdout 2022-10-07T19:05:11.870516:Conversion required 1.181806 seconds (0.048550 for core code).
INFO: [Node] Finished "convert", elapsed time 1.239396s.
WARNING: Failed to find task field in /out/sub-voice957/ses-1/dwi/sub-voice957_ses-1_acq-AP_dwi.json.
INFO: Post-treating /out/sub-voice957/ses-1/dwi/sub-voice957_ses-1_acq-AP_dwi.json file
INFO: Converting /out/sub-voice957/ses-1/anat/sub-voice957_ses-1_run-1_T1w (176 DICOMs) -> /out/sub-voice957/ses-1/anat . Converter: dcm2niix . Output types: ('nii.gz',)
INFO: [Node] Setting-up "convert" in "/tmp/dcm2niixgzwbn62h/convert".
INFO: [Node] Executing "convert" <nipype.interfaces.dcm2nii.Dcm2niix>
INFO: stdout 2022-10-07T19:05:12.421700:Chris Rorden's dcm2niiX version v1.0.20211006  GCC10.2.1 x86-64 (64-bit Linux)
INFO: stdout 2022-10-07T19:05:12.421700:Found 176 DICOM file(s)
INFO: stdout 2022-10-07T19:05:12.421700:Convert 176 DICOM as /out/sub-voice957/ses-1/anat/sub-voice957_ses-1_run-1_T1w_heudiconv919 (256x256x176x1)
INFO: stdout 2022-10-07T19:05:14.182999:Compress: "/usr/bin/pigz" -b 960 -n -f -6 "/out/sub-voice957/ses-1/anat/sub-voice957_ses-1_run-1_T1w_heudiconv919.nii"
INFO: stdout 2022-10-07T19:05:14.182999:Conversion required 1.987224 seconds (0.255310 for core code).
INFO: [Node] Finished "convert", elapsed time 2.045136s.
WARNING: Failed to find task field in /out/sub-voice957/ses-1/anat/sub-voice957_ses-1_run-1_T1w.json.
INFO: Post-treating /out/sub-voice957/ses-1/anat/sub-voice957_ses-1_run-1_T1w.json file
INFO: Converting /out/sub-voice957/ses-1/func/sub-voice957_ses-1_task-pataka_run-1_bold (207 DICOMs) -> /out/sub-voice957/ses-1/func . Converter: dcm2niix . Output types: ('nii.gz',)
INFO: [Node] Setting-up "convert" in "/tmp/dcm2niixlofznhja/convert".
INFO: [Node] Executing "convert" <nipype.interfaces.dcm2nii.Dcm2niix>
INFO: stdout 2022-10-07T19:05:14.954987:Chris Rorden's dcm2niiX version v1.0.20211006  GCC10.2.1 x86-64 (64-bit Linux)
INFO: stdout 2022-10-07T19:05:14.954987:Found 207 DICOM file(s)
INFO: stdout 2022-10-07T19:05:14.954987:Warning: Slice timing appears corrupted (range 0..3135, TR=1640 ms)
INFO: stdout 2022-10-07T19:05:14.954987:Convert 207 DICOM as /out/sub-voice957/ses-1/func/sub-voice957_ses-1_task-pataka_run-1_bold_heudiconv526 (72x72x45x207)
INFO: stdout 2022-10-07T19:05:22.257790:Compress: "/usr/bin/pigz" -b 960 -n -f -6 "/out/sub-voice957/ses-1/func/sub-voice957_ses-1_task-pataka_run-1_bold_heudiconv526.nii"
INFO: stdout 2022-10-07T19:05:22.257790:Conversion required 7.668890 seconds (0.330393 for core code).
INFO: [Node] Finished "convert", elapsed time 7.726928s.
INFO: Post-treating /out/sub-voice957/ses-1/func/sub-voice957_ses-1_task-pataka_run-1_bold.json file
INFO: Converting /out/sub-voice957/ses-1/func/sub-voice957_ses-1_task-pataka_run-2_bold (207 DICOMs) -> /out/sub-voice957/ses-1/func . Converter: dcm2niix . Output types: ('nii.gz',)
INFO: [Node] Setting-up "convert" in "/tmp/dcm2niix2vi3j05u/convert".
INFO: [Node] Executing "convert" <nipype.interfaces.dcm2nii.Dcm2niix>
INFO: stdout 2022-10-07T19:05:22.973223:Chris Rorden's dcm2niiX version v1.0.20211006  GCC10.2.1 x86-64 (64-bit Linux)
INFO: stdout 2022-10-07T19:05:22.973223:Found 207 DICOM file(s)
INFO: stdout 2022-10-07T19:05:22.973223:Warning: Slice timing appears corrupted (range 0..3137.5, TR=1640 ms)
INFO: stdout 2022-10-07T19:05:22.973223:Convert 207 DICOM as /out/sub-voice957/ses-1/func/sub-voice957_ses-1_task-pataka_run-2_bold_heudiconv251 (72x72x45x207)
INFO: stdout 2022-10-07T19:05:30.296643:Compress: "/usr/bin/pigz" -b 960 -n -f -6 "/out/sub-voice957/ses-1/func/sub-voice957_ses-1_task-pataka_run-2_bold_heudiconv251.nii"
INFO: stdout 2022-10-07T19:05:30.296643:Conversion required 7.670482 seconds (0.328944 for core code).
INFO: [Node] Finished "convert", elapsed time 7.72843s.
INFO: Post-treating /out/sub-voice957/ses-1/func/sub-voice957_ses-1_task-pataka_run-2_bold.json file
INFO: Converting /out/sub-voice957/ses-1/func/sub-voice957_ses-1_task-pitchsent_run-1_bold (64 DICOMs) -> /out/sub-voice957/ses-1/func . Converter: dcm2niix . Output types: ('nii.gz',)
INFO: [Node] Setting-up "convert" in "/tmp/dcm2niixvu8kdszx/convert".
INFO: [Node] Executing "convert" <nipype.interfaces.dcm2nii.Dcm2niix>
INFO: stdout 2022-10-07T19:05:30.672599:Chris Rorden's dcm2niiX version v1.0.20211006  GCC10.2.1 x86-64 (64-bit Linux)
INFO: stdout 2022-10-07T19:05:30.672599:Found 64 DICOM file(s)
INFO: stdout 2022-10-07T19:05:30.672599:Warning: Slice timing appears corrupted (range 0..5360, TR=4000 ms)
INFO: stdout 2022-10-07T19:05:30.672599:Convert 64 DICOM as /out/sub-voice957/ses-1/func/sub-voice957_ses-1_task-pitchsent_run-1_bold_heudiconv862 (108x108x65x64)
INFO: stdout 2022-10-07T19:05:37.848841:Compress: "/usr/bin/pigz" -b 960 -n -f -6 "/out/sub-voice957/ses-1/func/sub-voice957_ses-1_task-pitchsent_run-1_bold_heudiconv862.nii"
INFO: stdout 2022-10-07T19:05:37.848841:Conversion required 7.356380 seconds (0.220465 for core code).
INFO: [Node] Finished "convert", elapsed time 7.415948s.
INFO: Post-treating /out/sub-voice957/ses-1/func/sub-voice957_ses-1_task-pitchsent_run-1_bold.json file
INFO: Converting /out/sub-voice957/ses-1/func/sub-voice957_ses-1_task-pitchsent_run-2_bold (64 DICOMs) -> /out/sub-voice957/ses-1/func . Converter: dcm2niix . Output types: ('nii.gz',)
INFO: [Node] Setting-up "convert" in "/tmp/dcm2niix3q82fo91/convert".
INFO: [Node] Executing "convert" <nipype.interfaces.dcm2nii.Dcm2niix>
INFO: stdout 2022-10-07T19:05:38.301857:Chris Rorden's dcm2niiX version v1.0.20211006  GCC10.2.1 x86-64 (64-bit Linux)
INFO: stdout 2022-10-07T19:05:38.301857:Found 64 DICOM file(s)
INFO: stdout 2022-10-07T19:05:38.301857:Warning: Slice timing appears corrupted (range 0..5357.5, TR=4000 ms)
INFO: stdout 2022-10-07T19:05:38.301857:Convert 64 DICOM as /out/sub-voice957/ses-1/func/sub-voice957_ses-1_task-pitchsent_run-2_bold_heudiconv012 (108x108x65x64)
INFO: stdout 2022-10-07T19:05:45.450505:Compress: "/usr/bin/pigz" -b 960 -n -f -6 "/out/sub-voice957/ses-1/func/sub-voice957_ses-1_task-pitchsent_run-2_bold_heudiconv012.nii"
INFO: stdout 2022-10-07T19:05:45.450505:Conversion required 7.336797 seconds (0.222059 for core code).
INFO: [Node] Finished "convert", elapsed time 7.393893s.
INFO: Post-treating /out/sub-voice957/ses-1/func/sub-voice957_ses-1_task-pitchsent_run-2_bold.json file
INFO: Converting /out/sub-voice957/ses-1/func/sub-voice957_ses-1_task-nwr_run-1_bold (42 DICOMs) -> /out/sub-voice957/ses-1/func . Converter: dcm2niix . Output types: ('nii.gz',)
INFO: [Node] Setting-up "convert" in "/tmp/dcm2niixk0yjk8p6/convert".
INFO: [Node] Executing "convert" <nipype.interfaces.dcm2nii.Dcm2niix>
INFO: stdout 2022-10-07T19:05:45.778402:Chris Rorden's dcm2niiX version v1.0.20211006  GCC10.2.1 x86-64 (64-bit Linux)
INFO: stdout 2022-10-07T19:05:45.778402:Found 42 DICOM file(s)
INFO: stdout 2022-10-07T19:05:45.778402:Warning: Slice timing appears corrupted (range 0..5360, TR=4000 ms)
INFO: stdout 2022-10-07T19:05:45.778402:Convert 42 DICOM as /out/sub-voice957/ses-1/func/sub-voice957_ses-1_task-nwr_run-1_bold_heudiconv922 (108x108x65x42)
INFO: stdout 2022-10-07T19:05:50.513343:Compress: "/usr/bin/pigz" -b 960 -n -f -6 "/out/sub-voice957/ses-1/func/sub-voice957_ses-1_task-nwr_run-1_bold_heudiconv922.nii"
INFO: stdout 2022-10-07T19:05:50.513343:Conversion required 4.865697 seconds (0.149536 for core code).
INFO: [Node] Finished "convert", elapsed time 4.922163s.
INFO: Post-treating /out/sub-voice957/ses-1/func/sub-voice957_ses-1_task-nwr_run-1_bold.json file
INFO: Converting /out/sub-voice957/ses-1/func/sub-voice957_ses-1_task-nwr_run-2_bold (42 DICOMs) -> /out/sub-voice957/ses-1/func . Converter: dcm2niix . Output types: ('nii.gz',)
INFO: [Node] Setting-up "convert" in "/tmp/dcm2niix2xxwd1to/convert".
INFO: [Node] Executing "convert" <nipype.interfaces.dcm2nii.Dcm2niix>
INFO: stdout 2022-10-07T19:05:50.830136:Chris Rorden's dcm2niiX version v1.0.20211006  GCC10.2.1 x86-64 (64-bit Linux)
INFO: stdout 2022-10-07T19:05:50.830136:Found 42 DICOM file(s)
INFO: stdout 2022-10-07T19:05:50.830136:Warning: Slice timing appears corrupted (range 0..5357.5, TR=4000 ms)
INFO: stdout 2022-10-07T19:05:50.830136:Convert 42 DICOM as /out/sub-voice957/ses-1/func/sub-voice957_ses-1_task-nwr_run-2_bold_heudiconv269 (108x108x65x42)
INFO: stdout 2022-10-07T19:05:55.575511:Compress: "/usr/bin/pigz" -b 960 -n -f -6 "/out/sub-voice957/ses-1/func/sub-voice957_ses-1_task-nwr_run-2_bold_heudiconv269.nii"
INFO: stdout 2022-10-07T19:05:55.575511:Conversion required 4.868374 seconds (0.148784 for core code).
INFO: [Node] Finished "convert", elapsed time 4.923602s.
INFO: Post-treating /out/sub-voice957/ses-1/func/sub-voice957_ses-1_task-nwr_run-2_bold.json file
INFO: Converting /out/sub-voice957/ses-1/func/sub-voice957_ses-1_task-nwr_run-3_bold (42 DICOMs) -> /out/sub-voice957/ses-1/func . Converter: dcm2niix . Output types: ('nii.gz',)
INFO: [Node] Setting-up "convert" in "/tmp/dcm2niixnzj5wr26/convert".
INFO: [Node] Executing "convert" <nipype.interfaces.dcm2nii.Dcm2niix>
INFO: stdout 2022-10-07T19:05:55.877159:Chris Rorden's dcm2niiX version v1.0.20211006  GCC10.2.1 x86-64 (64-bit Linux)
INFO: stdout 2022-10-07T19:05:55.877159:Found 42 DICOM file(s)
INFO: stdout 2022-10-07T19:05:55.877159:Warning: Slice timing appears corrupted (range 0..5357.5, TR=4000 ms)
INFO: stdout 2022-10-07T19:05:55.877159:Convert 42 DICOM as /out/sub-voice957/ses-1/func/sub-voice957_ses-1_task-nwr_run-3_bold_heudiconv680 (108x108x65x42)
INFO: stdout 2022-10-07T19:06:00.630890:Compress: "/usr/bin/pigz" -b 960 -n -f -6 "/out/sub-voice957/ses-1/func/sub-voice957_ses-1_task-nwr_run-3_bold_heudiconv680.nii"
INFO: stdout 2022-10-07T19:06:00.630890:Conversion required 4.882484 seconds (0.150176 for core code).
INFO: [Node] Finished "convert", elapsed time 4.946279s.
INFO: Post-treating /out/sub-voice957/ses-1/func/sub-voice957_ses-1_task-nwr_run-3_bold.json file
INFO: Converting /out/sub-voice957/ses-1/func/sub-voice957_ses-1_task-facematch_run-1_bold (99 DICOMs) -> /out/sub-voice957/ses-1/func . Converter: dcm2niix . Output types: ('nii.gz',)
INFO: [Node] Setting-up "convert" in "/tmp/dcm2niixh1awoksj/convert".
INFO: [Node] Executing "convert" <nipype.interfaces.dcm2nii.Dcm2niix>
INFO: stdout 2022-10-07T19:06:01.294726:Chris Rorden's dcm2niiX version v1.0.20211006  GCC10.2.1 x86-64 (64-bit Linux)
INFO: stdout 2022-10-07T19:06:01.294726:Found 99 DICOM file(s)
INFO: stdout 2022-10-07T19:06:01.294726:Warning: Slice timing appears corrupted (range 0..5360, TR=2000 ms)
INFO: stdout 2022-10-07T19:06:01.294726:Convert 99 DICOM as /out/sub-voice957/ses-1/func/sub-voice957_ses-1_task-facematch_run-1_bold_heudiconv160 (108x108x65x99)
INFO: stdout 2022-10-07T19:06:12.607223:Compress: "/usr/bin/pigz" -b 960 -n -f -6 "/out/sub-voice957/ses-1/func/sub-voice957_ses-1_task-facematch_run-1_bold_heudiconv160.nii"
INFO: stdout 2022-10-07T19:06:12.607223:Conversion required 11.615932 seconds (0.342426 for core code).
INFO: [Node] Finished "convert", elapsed time 11.692047s.
INFO: Post-treating /out/sub-voice957/ses-1/func/sub-voice957_ses-1_task-facematch_run-1_bold.json file
INFO: Converting /out/sub-voice957/ses-1/func/sub-voice957_ses-1_task-facematch_run-2_bold (99 DICOMs) -> /out/sub-voice957/ses-1/func . Converter: dcm2niix . Output types: ('nii.gz',)
INFO: [Node] Setting-up "convert" in "/tmp/dcm2niixdlkyuzb5/convert".
INFO: [Node] Executing "convert" <nipype.interfaces.dcm2nii.Dcm2niix>
INFO: stdout 2022-10-07T19:06:13.246445:Chris Rorden's dcm2niiX version v1.0.20211006  GCC10.2.1 x86-64 (64-bit Linux)
INFO: stdout 2022-10-07T19:06:13.246445:Found 99 DICOM file(s)
INFO: stdout 2022-10-07T19:06:13.246445:Warning: Slice timing appears corrupted (range 0..5357.5, TR=2000 ms)
INFO: stdout 2022-10-07T19:06:13.246445:Convert 99 DICOM as /out/sub-voice957/ses-1/func/sub-voice957_ses-1_task-facematch_run-2_bold_heudiconv481 (108x108x65x99)
INFO: stdout 2022-10-07T19:06:24.461438:Compress: "/usr/bin/pigz" -b 960 -n -f -6 "/out/sub-voice957/ses-1/func/sub-voice957_ses-1_task-facematch_run-2_bold_heudiconv481.nii"
INFO: stdout 2022-10-07T19:06:24.461438:Conversion required 11.486842 seconds (0.338614 for core code).
INFO: [Node] Finished "convert", elapsed time 11.547838s.
INFO: Post-treating /out/sub-voice957/ses-1/func/sub-voice957_ses-1_task-facematch_run-2_bold.json file
INFO: Converting /out/sub-voice957/ses-1/func/sub-voice957_ses-1_task-emosent_run-1_bold (48 DICOMs) -> /out/sub-voice957/ses-1/func . Converter: dcm2niix . Output types: ('nii.gz',)
INFO: [Node] Setting-up "convert" in "/tmp/dcm2niixgxynod9d/convert".
INFO: [Node] Executing "convert" <nipype.interfaces.dcm2nii.Dcm2niix>
INFO: stdout 2022-10-07T19:06:24.863651:Chris Rorden's dcm2niiX version v1.0.20211006  GCC10.2.1 x86-64 (64-bit Linux)
INFO: stdout 2022-10-07T19:06:24.863651:Found 48 DICOM file(s)
INFO: stdout 2022-10-07T19:06:24.863651:Warning: Slice timing appears corrupted (range 0..5357.5, TR=4000 ms)
INFO: stdout 2022-10-07T19:06:24.863651:Convert 48 DICOM as /out/sub-voice957/ses-1/func/sub-voice957_ses-1_task-emosent_run-1_bold_heudiconv885 (108x108x65x48)
INFO: stdout 2022-10-07T19:06:30.308145:Compress: "/usr/bin/pigz" -b 960 -n -f -6 "/out/sub-voice957/ses-1/func/sub-voice957_ses-1_task-emosent_run-1_bold_heudiconv885.nii"
INFO: stdout 2022-10-07T19:06:30.308145:Conversion required 5.600499 seconds (0.172382 for core code).
INFO: [Node] Finished "convert", elapsed time 5.656719s.
INFO: Post-treating /out/sub-voice957/ses-1/func/sub-voice957_ses-1_task-emosent_run-1_bold.json file
INFO: Converting /out/sub-voice957/ses-1/func/sub-voice957_ses-1_task-emosent_run-2_bold (48 DICOMs) -> /out/sub-voice957/ses-1/func . Converter: dcm2niix . Output types: ('nii.gz',)
INFO: [Node] Setting-up "convert" in "/tmp/dcm2niix4pzzgczl/convert".
INFO: [Node] Executing "convert" <nipype.interfaces.dcm2nii.Dcm2niix>
INFO: stdout 2022-10-07T19:06:30.674804:Chris Rorden's dcm2niiX version v1.0.20211006  GCC10.2.1 x86-64 (64-bit Linux)
INFO: stdout 2022-10-07T19:06:30.674804:Found 48 DICOM file(s)
INFO: stdout 2022-10-07T19:06:30.674804:Warning: Slice timing appears corrupted (range 0..5360, TR=4000 ms)
INFO: stdout 2022-10-07T19:06:30.674804:Convert 48 DICOM as /out/sub-voice957/ses-1/func/sub-voice957_ses-1_task-emosent_run-2_bold_heudiconv154 (108x108x65x48)
INFO: stdout 2022-10-07T19:06:36.097133:Compress: "/usr/bin/pigz" -b 960 -n -f -6 "/out/sub-voice957/ses-1/func/sub-voice957_ses-1_task-emosent_run-2_bold_heudiconv154.nii"
INFO: stdout 2022-10-07T19:06:36.097133:Conversion required 5.570970 seconds (0.170319 for core code).
INFO: [Node] Finished "convert", elapsed time 5.635193s.
INFO: Post-treating /out/sub-voice957/ses-1/func/sub-voice957_ses-1_task-emosent_run-2_bold.json file
INFO: Converting /out/sub-voice957/ses-1/func/sub-voice957_ses-1_task-vowel_run-1_bold (60 DICOMs) -> /out/sub-voice957/ses-1/func . Converter: dcm2niix . Output types: ('nii.gz',)
INFO: [Node] Setting-up "convert" in "/tmp/dcm2niix_ya4sd87/convert".
INFO: [Node] Executing "convert" <nipype.interfaces.dcm2nii.Dcm2niix>
INFO: stdout 2022-10-07T19:06:36.539049:Chris Rorden's dcm2niiX version v1.0.20211006  GCC10.2.1 x86-64 (64-bit Linux)
INFO: stdout 2022-10-07T19:06:36.539049:Found 60 DICOM file(s)
INFO: stdout 2022-10-07T19:06:36.539049:Warning: Slice timing appears corrupted (range 0..5357.5, TR=4000 ms)
INFO: stdout 2022-10-07T19:06:36.539049:Convert 60 DICOM as /out/sub-voice957/ses-1/func/sub-voice957_ses-1_task-vowel_run-1_bold_heudiconv373 (108x108x65x60)
INFO: stdout 2022-10-07T19:06:43.294452:Compress: "/usr/bin/pigz" -b 960 -n -f -6 "/out/sub-voice957/ses-1/func/sub-voice957_ses-1_task-vowel_run-1_bold_heudiconv373.nii"
INFO: stdout 2022-10-07T19:06:43.294452:Conversion required 6.929292 seconds (0.209786 for core code).
INFO: [Node] Finished "convert", elapsed time 6.986301s.
INFO: Post-treating /out/sub-voice957/ses-1/func/sub-voice957_ses-1_task-vowel_run-1_bold.json file
INFO: Converting /out/sub-voice957/ses-1/func/sub-voice957_ses-1_task-vowel_run-2_bold (60 DICOMs) -> /out/sub-voice957/ses-1/func . Converter: dcm2niix . Output types: ('nii.gz',)
INFO: [Node] Setting-up "convert" in "/tmp/dcm2niixfuo611lo/convert".
INFO: [Node] Executing "convert" <nipype.interfaces.dcm2nii.Dcm2niix>
INFO: stdout 2022-10-07T19:06:43.676859:Chris Rorden's dcm2niiX version v1.0.20211006  GCC10.2.1 x86-64 (64-bit Linux)
INFO: stdout 2022-10-07T19:06:43.676859:Found 60 DICOM file(s)
INFO: stdout 2022-10-07T19:06:43.676859:Warning: Slice timing appears corrupted (range 0..5357.5, TR=4000 ms)
INFO: stdout 2022-10-07T19:06:43.676859:Convert 60 DICOM as /out/sub-voice957/ses-1/func/sub-voice957_ses-1_task-vowel_run-2_bold_heudiconv879 (108x108x65x60)
INFO: stdout 2022-10-07T19:06:50.420132:Compress: "/usr/bin/pigz" -b 960 -n -f -6 "/out/sub-voice957/ses-1/func/sub-voice957_ses-1_task-vowel_run-2_bold_heudiconv879.nii"
INFO: stdout 2022-10-07T19:06:50.420132:Conversion required 6.913190 seconds (0.209933 for core code).
INFO: [Node] Finished "convert", elapsed time 6.967738s.
INFO: Post-treating /out/sub-voice957/ses-1/func/sub-voice957_ses-1_task-vowel_run-2_bold.json file
INFO: Converting /out/sub-voice957/ses-1/func/sub-voice957_ses-1_task-pitchnw_run-1_bold (101 DICOMs) -> /out/sub-voice957/ses-1/func . Converter: dcm2niix . Output types: ('nii.gz',)
INFO: [Node] Setting-up "convert" in "/tmp/dcm2niixfz0p_skx/convert".
INFO: [Node] Executing "convert" <nipype.interfaces.dcm2nii.Dcm2niix>
INFO: stdout 2022-10-07T19:06:50.927040:Chris Rorden's dcm2niiX version v1.0.20211006  GCC10.2.1 x86-64 (64-bit Linux)
INFO: stdout 2022-10-07T19:06:50.927040:Found 101 DICOM file(s)
INFO: stdout 2022-10-07T19:06:50.927040:Warning: Slice timing appears corrupted (range 0..5357.5, TR=2000 ms)
INFO: stdout 2022-10-07T19:06:50.927040:Convert 101 DICOM as /out/sub-voice957/ses-1/func/sub-voice957_ses-1_task-pitchnw_run-1_bold_heudiconv237 (108x108x65x101)
INFO: stdout 2022-10-07T19:07:02.347922:Compress: "/usr/bin/pigz" -b 960 -n -f -6 "/out/sub-voice957/ses-1/func/sub-voice957_ses-1_task-pitchnw_run-1_bold_heudiconv237.nii"
INFO: stdout 2022-10-07T19:07:02.347922:Conversion required 11.685660 seconds (0.346751 for core code).
INFO: [Node] Finished "convert", elapsed time 11.745163s.
INFO: Post-treating /out/sub-voice957/ses-1/func/sub-voice957_ses-1_task-pitchnw_run-1_bold.json file
INFO: Converting /out/sub-voice957/ses-1/func/sub-voice957_ses-1_task-pitchnw_run-2_bold (101 DICOMs) -> /out/sub-voice957/ses-1/func . Converter: dcm2niix . Output types: ('nii.gz',)
INFO: [Node] Setting-up "convert" in "/tmp/dcm2niixajxw47sa/convert".
INFO: [Node] Executing "convert" <nipype.interfaces.dcm2nii.Dcm2niix>
INFO: stdout 2022-10-07T19:07:02.898778:Chris Rorden's dcm2niiX version v1.0.20211006  GCC10.2.1 x86-64 (64-bit Linux)
INFO: stdout 2022-10-07T19:07:02.898778:Found 101 DICOM file(s)
INFO: stdout 2022-10-07T19:07:02.898778:Warning: Slice timing appears corrupted (range 0..5360, TR=2000 ms)
INFO: stdout 2022-10-07T19:07:02.898778:Convert 101 DICOM as /out/sub-voice957/ses-1/func/sub-voice957_ses-1_task-pitchnw_run-2_bold_heudiconv934 (108x108x65x101)
INFO: stdout 2022-10-07T19:07:14.357586:Compress: "/usr/bin/pigz" -b 960 -n -f -6 "/out/sub-voice957/ses-1/func/sub-voice957_ses-1_task-pitchnw_run-2_bold_heudiconv934.nii"
INFO: stdout 2022-10-07T19:07:14.357586:Conversion required 11.738515 seconds (0.346819 for core code).
INFO: [Node] Finished "convert", elapsed time 11.806519s.
INFO: Post-treating /out/sub-voice957/ses-1/func/sub-voice957_ses-1_task-pitchnw_run-2_bold.json file
INFO: Converting /out/sub-voice957/ses-1/func/sub-voice957_ses-1_task-movie_run-1_bold (138 DICOMs) -> /out/sub-voice957/ses-1/func . Converter: dcm2niix . Output types: ('nii.gz',)
INFO: [Node] Setting-up "convert" in "/tmp/dcm2niixpcma7_eu/convert".
INFO: [Node] Executing "convert" <nipype.interfaces.dcm2nii.Dcm2niix>
INFO: stdout 2022-10-07T19:07:15.009979:Chris Rorden's dcm2niiX version v1.0.20211006  GCC10.2.1 x86-64 (64-bit Linux)
INFO: stdout 2022-10-07T19:07:15.009979:Found 138 DICOM file(s)
INFO: stdout 2022-10-07T19:07:15.009979:Warning: Slice timing appears corrupted (range 0..5360, TR=1090 ms)
INFO: stdout 2022-10-07T19:07:15.009979:Convert 138 DICOM as /out/sub-voice957/ses-1/func/sub-voice957_ses-1_task-movie_run-1_bold_heudiconv042 (108x108x65x138)
INFO: stdout 2022-10-07T19:07:30.463644:Compress: "/usr/bin/pigz" -b 960 -n -f -6 "/out/sub-voice957/ses-1/func/sub-voice957_ses-1_task-movie_run-1_bold_heudiconv042.nii"
INFO: stdout 2022-10-07T19:07:30.463644:Conversion required 15.841388 seconds (0.474021 for core code).
INFO: [Node] Finished "convert", elapsed time 15.896656s.
INFO: Post-treating /out/sub-voice957/ses-1/func/sub-voice957_ses-1_task-movie_run-1_bold.json file
WARNING: Existing lockfile found in /out/heudiconv.lock - waiting for the lock to be released. To set a timeout limit, set the HEUDICONV_FILELOCK_TIMEOUT environmental variable to a value in seconds. If this process hangs, it may require a manual deletion of the /out/heudiconv.lock.
INFO: Populating template files under /out/
INFO: PROCESSING DONE: {'subject': 'voice957', 'outdir': '/out/', 'session': '1'}
INFO: Total: starting
INFO: 
INFO: Total: processed result for /out
INFO: Total: done
INFO: Total: starting
INFO: 
INFO: Total: processed result for /out/.heudiconv
[WARNING] Received an exception CommandError(CommandError: 'git -c diff.ignoreSubmodules=none update-index --add --replace --cacheinfo 160000 7bfb896acc818b9f6795d99fda8281b5c561f29a .heudiconv' failed with exitcode 128 [err: 'fatal: Unable to create '/out/.git/index.lock': File exists.

Another git process seems to be running in this repository, e.g.
an editor opened by 'git commit'. Please make sure all processes
are terminated then try again. If it still fails, a git process
may have crashed in this repository earlier:
remove the file manually to continue.']). Canceling not-yet running jobs and waiting for completion of running. You can force earlier forceful exit by Ctrl-C. 
WARNING: Received an exception CommandError(CommandError: 'git -c diff.ignoreSubmodules=none update-index --add --replace --cacheinfo 160000 7bfb896acc818b9f6795d99fda8281b5c561f29a .heudiconv' failed with exitcode 128 [err: 'fatal: Unable to create '/out/.git/index.lock': File exists.

Another git process seems to be running in this repository, e.g.
an editor opened by 'git commit'. Please make sure all processes
are terminated then try again. If it still fails, a git process
may have crashed in this repository earlier:
remove the file manually to continue.']). Canceling not-yet running jobs and waiting for completion of running. You can force earlier forceful exit by Ctrl-C.
[INFO] Canceled 0 out of 0 jobs. 0 left running. 
INFO: Canceled 0 out of 0 jobs. 0 left running.
Traceback (most recent call last):
  File "/opt/miniconda-latest/lib/python3.7/site-packages/datalad/support/parallel.py", line 368, in _iter_threads
    raise _FinalShutdown()
datalad.support.parallel._FinalShutdown

During handling of the above exception, another exception occurred:

Traceback (most recent call last):
  File "/opt/miniconda-latest/bin/heudiconv", line 33, in <module>
    sys.exit(load_entry_point('heudiconv', 'console_scripts', 'heudiconv')())
  File "/src/heudiconv/heudiconv/cli/run.py", line 24, in main
    workflow(**kwargs)
  File "/src/heudiconv/heudiconv/main.py", line 406, in workflow
    add_to_datalad(outdir, study_outdir, msg, bids_options)
  File "/src/heudiconv/heudiconv/external/dlad.py", line 125, in add_to_datalad
    ds.save('.', recursive=True
  File "/opt/miniconda-latest/lib/python3.7/site-packages/datalad/distribution/dataset.py", line 502, in apply_func
    return f(*args, **kwargs)
  File "/opt/miniconda-latest/lib/python3.7/site-packages/datalad/interface/utils.py", line 447, in eval_func
    return return_func(*args, **kwargs)
  File "/opt/miniconda-latest/lib/python3.7/site-packages/datalad/interface/utils.py", line 439, in return_func
    results = list(results)
  File "/opt/miniconda-latest/lib/python3.7/site-packages/datalad/interface/utils.py", line 369, in generator_func
    allkwargs):
  File "/opt/miniconda-latest/lib/python3.7/site-packages/datalad/interface/utils.py", line 544, in _process_results
    for res in results:
  File "/opt/miniconda-latest/lib/python3.7/site-packages/datalad/core/local/save.py", line 398, in __call__
    lgr=lgr,
  File "/opt/miniconda-latest/lib/python3.7/site-packages/datalad/support/parallel.py", line 535, in __iter__
    for res in super().__iter__():
  File "/opt/miniconda-latest/lib/python3.7/site-packages/datalad/support/parallel.py", line 265, in __iter__
    yield from self._iter_threads(self._jobs)
  File "/opt/miniconda-latest/lib/python3.7/site-packages/datalad/support/parallel.py", line 417, in _iter_threads
    self.shutdown(force=True, exception=self._producer_exception or interrupted_by_exception)
  File "/opt/miniconda-latest/lib/python3.7/site-packages/datalad/support/parallel.py", line 233, in shutdown
    raise exception
  File "/opt/miniconda-latest/lib/python3.7/site-packages/datalad/support/parallel.py", line 401, in _iter_threads
    done_useful |= self._pop_done_futures(lgr)
  File "/opt/miniconda-latest/lib/python3.7/site-packages/datalad/support/parallel.py", line 463, in _pop_done_futures
    raise exception
  File "/opt/miniconda-latest/lib/python3.7/concurrent/futures/thread.py", line 57, in run
    result = self.fn(*self.args, **self.kwargs)
  File "/opt/miniconda-latest/lib/python3.7/site-packages/datalad/support/parallel.py", line 329, in consumer_worker
    for r in res:
  File "/opt/miniconda-latest/lib/python3.7/site-packages/datalad/core/local/save.py", line 322, in save_ds
    amend=amend):
  File "/opt/miniconda-latest/lib/python3.7/site-packages/datalad/support/gitrepo.py", line 3425, in save_
    for r in self._save_add_submodules(to_stage_submodules):
  File "/opt/miniconda-latest/lib/python3.7/site-packages/datalad/support/gitrepo.py", line 3662, in _save_add_submodules
    i['commit'], i['rpath']
  File "/opt/miniconda-latest/lib/python3.7/site-packages/datalad/dataset/gitrepo.py", line 437, in call_git
    read_only=read_only))
  File "/opt/miniconda-latest/lib/python3.7/site-packages/datalad/dataset/gitrepo.py", line 482, in call_git_items_
    sep=sep):
  File "/opt/miniconda-latest/lib/python3.7/site-packages/datalad/dataset/gitrepo.py", line 345, in _generator_call_git
    for file_no, content in generator:
  File "/opt/miniconda-latest/lib/python3.7/_collections_abc.py", line 317, in __next__
    return self.send(None)
  File "/opt/miniconda-latest/lib/python3.7/site-packages/datalad/runner/nonasyncrunner.py", line 98, in send
    self._check_result()
  File "/opt/miniconda-latest/lib/python3.7/site-packages/datalad/runner/nonasyncrunner.py", line 80, in _check_result
    self.runner._check_result()
  File "/opt/miniconda-latest/lib/python3.7/site-packages/datalad/runner/nonasyncrunner.py", line 259, in _check_result
    stderr=decoded_output.get("stderr", None))
datalad.runner.exception.CommandError: CommandError: 'git -c diff.ignoreSubmodules=none update-index --add --replace --cacheinfo 160000 7bfb896acc818b9f6795d99fda8281b5c561f29a .heudiconv' failed with exitcode 128 [err: 'fatal: Unable to create '/out/.git/index.lock': File exists.

Another git process seems to be running in this repository, e.g.
an editor opened by 'git commit'. Please make sure all processes
are terminated then try again. If it still fails, a git process
may have crashed in this repository earlier:
remove the file manually to continue.']
