INFO: Running heudiconv version 0.11.3+d20220512 latest 0.11.4
INFO: Need to process 1 study sessions
INFO: PROCESSING STARTS: {'subject': 'voice975', 'outdir': '/out/', 'session': '1'}
INFO: Processing 4535 dicoms
INFO: Analyzing 4535 dicoms
INFO: Generated sequence info for 44 accession numbers with 4535 entries total
INFO: Doing conversion using dcm2niix
INFO: Converting /out/sub-voice975/ses-1/func/sub-voice975_ses-1_task-rest_run-1_bold (300 DICOMs) -> /out/sub-voice975/ses-1/func . Converter: dcm2niix . Output types: ('nii.gz',)
WARNING: A newer version (1.8.4) of nipy/nipype is available. You are using 1.8.0
INFO: [Node] Setting-up "convert" in "/tmp/dcm2niixfvvvaqyn/convert".
INFO: [Node] Executing "convert" <nipype.interfaces.dcm2nii.Dcm2niix>
INFO: stdout 2022-10-12T23:40:32.710130:Chris Rorden's dcm2niiX version v1.0.20211006  GCC10.2.1 x86-64 (64-bit Linux)
INFO: stdout 2022-10-12T23:40:32.710130:Found 300 DICOM file(s)
INFO: stdout 2022-10-12T23:40:32.710130:Warning: Slice timing appears corrupted (range 0..5360, TR=1090 ms)
INFO: stdout 2022-10-12T23:40:32.710130:Convert 300 DICOM as /out/sub-voice975/ses-1/func/sub-voice975_ses-1_task-rest_run-1_bold_heudiconv039 (108x108x65x300)
INFO: stdout 2022-10-12T23:40:57.165654:Compress: "/usr/bin/pigz" -b 960 -n -f -6 "/out/sub-voice975/ses-1/func/sub-voice975_ses-1_task-rest_run-1_bold_heudiconv039.nii"
INFO: stdout 2022-10-12T23:40:57.165654:Conversion required 25.403055 seconds (0.663096 for core code).
INFO: [Node] Finished "convert", elapsed time 25.43132s.
INFO: Post-treating /out/sub-voice975/ses-1/func/sub-voice975_ses-1_task-rest_run-1_bold.json file
INFO: Converting /out/sub-voice975/ses-1/fmap/sub-voice975_ses-1_acq-func_dir-PA_run-1_epi (260 DICOMs) -> /out/sub-voice975/ses-1/fmap . Converter: dcm2niix . Output types: ('nii.gz',)
INFO: [Node] Setting-up "convert" in "/tmp/dcm2niixl4w7oqq7/convert".
INFO: [Node] Executing "convert" <nipype.interfaces.dcm2nii.Dcm2niix>
INFO: stdout 2022-10-12T23:40:58.365700:Chris Rorden's dcm2niiX version v1.0.20211006  GCC10.2.1 x86-64 (64-bit Linux)
INFO: stdout 2022-10-12T23:40:58.365700:Found 260 DICOM file(s)
INFO: stdout 2022-10-12T23:40:58.365700:Convert 260 DICOM as /out/sub-voice975/ses-1/fmap/sub-voice975_ses-1_acq-func_dir-PA_run-1_epi_heudiconv822 (108x108x65x4)
INFO: stdout 2022-10-12T23:40:58.766230:Compress: "/usr/bin/pigz" -b 960 -n -f -6 "/out/sub-voice975/ses-1/fmap/sub-voice975_ses-1_acq-func_dir-PA_run-1_epi_heudiconv822.nii"
INFO: stdout 2022-10-12T23:40:58.766230:Conversion required 1.218811 seconds (0.112730 for core code).
INFO: [Node] Finished "convert", elapsed time 1.261816s.
WARNING: Failed to find task field in /out/sub-voice975/ses-1/fmap/sub-voice975_ses-1_acq-func_dir-PA_run-1_epi.json.
INFO: Post-treating /out/sub-voice975/ses-1/fmap/sub-voice975_ses-1_acq-func_dir-PA_run-1_epi.json file
INFO: Converting /out/sub-voice975/ses-1/fmap/sub-voice975_ses-1_acq-func_dir-AP_run-2_epi (260 DICOMs) -> /out/sub-voice975/ses-1/fmap . Converter: dcm2niix . Output types: ('nii.gz',)
INFO: [Node] Setting-up "convert" in "/tmp/dcm2niix1sypf39a/convert".
INFO: [Node] Executing "convert" <nipype.interfaces.dcm2nii.Dcm2niix>
INFO: stdout 2022-10-12T23:40:59.608980:Chris Rorden's dcm2niiX version v1.0.20211006  GCC10.2.1 x86-64 (64-bit Linux)
INFO: stdout 2022-10-12T23:40:59.608980:Found 260 DICOM file(s)
INFO: stdout 2022-10-12T23:40:59.608980:Convert 260 DICOM as /out/sub-voice975/ses-1/fmap/sub-voice975_ses-1_acq-func_dir-AP_run-2_epi_heudiconv483 (108x108x65x4)
INFO: stdout 2022-10-12T23:41:00.053995:Compress: "/usr/bin/pigz" -b 960 -n -f -6 "/out/sub-voice975/ses-1/fmap/sub-voice975_ses-1_acq-func_dir-AP_run-2_epi_heudiconv483.nii"
INFO: stdout 2022-10-12T23:41:00.053995:Conversion required 0.976216 seconds (0.114028 for core code).
INFO: [Node] Finished "convert", elapsed time 1.01838s.
WARNING: Failed to find task field in /out/sub-voice975/ses-1/fmap/sub-voice975_ses-1_acq-func_dir-AP_run-2_epi.json.
INFO: Post-treating /out/sub-voice975/ses-1/fmap/sub-voice975_ses-1_acq-func_dir-AP_run-2_epi.json file
INFO: Converting /out/sub-voice975/ses-1/dwi/sub-voice975_ses-1_acq-PA_dwi (72 DICOMs) -> /out/sub-voice975/ses-1/dwi . Converter: dcm2niix . Output types: ('nii.gz',)
INFO: [Node] Setting-up "convert" in "/tmp/dcm2niixxf7vzlu1/convert".
INFO: [Node] Executing "convert" <nipype.interfaces.dcm2nii.Dcm2niix>
INFO: stdout 2022-10-12T23:41:00.863843:Chris Rorden's dcm2niiX version v1.0.20211006  GCC10.2.1 x86-64 (64-bit Linux)
INFO: stdout 2022-10-12T23:41:00.863843:Found 72 DICOM file(s)
INFO: stdout 2022-10-12T23:41:00.863843:Warning: Slice timing appears corrupted (range 0..8.63999e+07, TR=4400 ms)
INFO: stdout 2022-10-12T23:41:00.863843:Convert 72 DICOM as /out/sub-voice975/ses-1/dwi/sub-voice975_ses-1_acq-PA_dwi_heudiconv394 (120x120x66x72)
INFO: stdout 2022-10-12T23:41:08.369344:Compress: "/usr/bin/pigz" -b 960 -n -f -6 "/out/sub-voice975/ses-1/dwi/sub-voice975_ses-1_acq-PA_dwi_heudiconv394.nii"
INFO: stdout 2022-10-12T23:41:08.369344:Conversion required 8.141101 seconds (0.244516 for core code).
INFO: [Node] Finished "convert", elapsed time 8.173608s.
WARNING: Failed to find task field in /out/sub-voice975/ses-1/dwi/sub-voice975_ses-1_acq-PA_dwi.json.
INFO: Post-treating /out/sub-voice975/ses-1/dwi/sub-voice975_ses-1_acq-PA_dwi.json file
INFO: Converting /out/sub-voice975/ses-1/dwi/sub-voice975_ses-1_acq-AP_dwi (7 DICOMs) -> /out/sub-voice975/ses-1/dwi . Converter: dcm2niix . Output types: ('nii.gz',)
INFO: [Node] Setting-up "convert" in "/tmp/dcm2niix2ahb05ze/convert".
INFO: [Node] Executing "convert" <nipype.interfaces.dcm2nii.Dcm2niix>
INFO: stdout 2022-10-12T23:41:08.712595:Chris Rorden's dcm2niiX version v1.0.20211006  GCC10.2.1 x86-64 (64-bit Linux)
INFO: stdout 2022-10-12T23:41:08.712595:Found 7 DICOM file(s)
INFO: stdout 2022-10-12T23:41:08.712595:Warning: Slice timing appears corrupted (range 0..8.63999e+07, TR=4400 ms)
INFO: stdout 2022-10-12T23:41:08.712595:Convert 7 DICOM as /out/sub-voice975/ses-1/dwi/sub-voice975_ses-1_acq-AP_dwi_heudiconv209 (120x120x66x7)
INFO: stdout 2022-10-12T23:41:09.592958:Compress: "/usr/bin/pigz" -b 960 -n -f -6 "/out/sub-voice975/ses-1/dwi/sub-voice975_ses-1_acq-AP_dwi_heudiconv209.nii"
INFO: stdout 2022-10-12T23:41:09.592958:Conversion required 1.020394 seconds (0.031383 for core code).
INFO: [Node] Finished "convert", elapsed time 1.064194s.
WARNING: Failed to find task field in /out/sub-voice975/ses-1/dwi/sub-voice975_ses-1_acq-AP_dwi.json.
INFO: Post-treating /out/sub-voice975/ses-1/dwi/sub-voice975_ses-1_acq-AP_dwi.json file
INFO: Converting /out/sub-voice975/ses-1/anat/sub-voice975_ses-1_run-1_T1w (176 DICOMs) -> /out/sub-voice975/ses-1/anat . Converter: dcm2niix . Output types: ('nii.gz',)
INFO: [Node] Setting-up "convert" in "/tmp/dcm2niixf8qdxpkx/convert".
INFO: [Node] Executing "convert" <nipype.interfaces.dcm2nii.Dcm2niix>
INFO: stdout 2022-10-12T23:41:10.251355:Chris Rorden's dcm2niiX version v1.0.20211006  GCC10.2.1 x86-64 (64-bit Linux)
INFO: stdout 2022-10-12T23:41:10.251355:Found 176 DICOM file(s)
INFO: stdout 2022-10-12T23:41:10.251355:Convert 176 DICOM as /out/sub-voice975/ses-1/anat/sub-voice975_ses-1_run-1_T1w_heudiconv773 (256x256x176x1)
INFO: stdout 2022-10-12T23:41:11.647834:Compress: "/usr/bin/pigz" -b 960 -n -f -6 "/out/sub-voice975/ses-1/anat/sub-voice975_ses-1_run-1_T1w_heudiconv773.nii"
INFO: stdout 2022-10-12T23:41:11.647834:Conversion required 1.835113 seconds (0.364105 for core code).
INFO: [Node] Finished "convert", elapsed time 1.871677s.
WARNING: Failed to find task field in /out/sub-voice975/ses-1/anat/sub-voice975_ses-1_run-1_T1w.json.
INFO: Post-treating /out/sub-voice975/ses-1/anat/sub-voice975_ses-1_run-1_T1w.json file
INFO: Converting /out/sub-voice975/ses-1/func/sub-voice975_ses-1_task-pataka_run-1_bold (207 DICOMs) -> /out/sub-voice975/ses-1/func . Converter: dcm2niix . Output types: ('nii.gz',)
INFO: [Node] Setting-up "convert" in "/tmp/dcm2niixgpggl5l_/convert".
INFO: [Node] Executing "convert" <nipype.interfaces.dcm2nii.Dcm2niix>
INFO: stdout 2022-10-12T23:41:12.382445:Chris Rorden's dcm2niiX version v1.0.20211006  GCC10.2.1 x86-64 (64-bit Linux)
INFO: stdout 2022-10-12T23:41:12.382445:Found 207 DICOM file(s)
INFO: stdout 2022-10-12T23:41:12.382445:Warning: Slice timing appears corrupted (range 0..3135, TR=1640 ms)
INFO: stdout 2022-10-12T23:41:12.382445:Convert 207 DICOM as /out/sub-voice975/ses-1/func/sub-voice975_ses-1_task-pataka_run-1_bold_heudiconv530 (72x72x45x207)
INFO: stdout 2022-10-12T23:41:18.593745:Compress: "/usr/bin/pigz" -b 960 -n -f -6 "/out/sub-voice975/ses-1/func/sub-voice975_ses-1_task-pataka_run-1_bold_heudiconv530.nii"
INFO: stdout 2022-10-12T23:41:18.593745:Conversion required 6.695633 seconds (0.247977 for core code).
INFO: [Node] Finished "convert", elapsed time 6.735816s.
INFO: Post-treating /out/sub-voice975/ses-1/func/sub-voice975_ses-1_task-pataka_run-1_bold.json file
INFO: Converting /out/sub-voice975/ses-1/func/sub-voice975_ses-1_task-pataka_run-2_bold (207 DICOMs) -> /out/sub-voice975/ses-1/func . Converter: dcm2niix . Output types: ('nii.gz',)
INFO: [Node] Setting-up "convert" in "/tmp/dcm2niixpinmx87g/convert".
INFO: [Node] Executing "convert" <nipype.interfaces.dcm2nii.Dcm2niix>
INFO: stdout 2022-10-12T23:41:19.650486:Chris Rorden's dcm2niiX version v1.0.20211006  GCC10.2.1 x86-64 (64-bit Linux)
INFO: stdout 2022-10-12T23:41:19.650486:Found 207 DICOM file(s)
INFO: stdout 2022-10-12T23:41:19.650486:Warning: Slice timing appears corrupted (range 0..3135, TR=1640 ms)
INFO: stdout 2022-10-12T23:41:19.650486:Convert 207 DICOM as /out/sub-voice975/ses-1/func/sub-voice975_ses-1_task-pataka_run-2_bold_heudiconv161 (72x72x45x207)
INFO: stdout 2022-10-12T23:41:24.965991:Compress: "/usr/bin/pigz" -b 960 -n -f -6 "/out/sub-voice975/ses-1/func/sub-voice975_ses-1_task-pataka_run-2_bold_heudiconv161.nii"
INFO: stdout 2022-10-12T23:41:24.965991:Conversion required 5.810067 seconds (0.230856 for core code).
INFO: [Node] Finished "convert", elapsed time 5.850316s.
INFO: Post-treating /out/sub-voice975/ses-1/func/sub-voice975_ses-1_task-pataka_run-2_bold.json file
INFO: Converting /out/sub-voice975/ses-1/func/sub-voice975_ses-1_task-pitchsent_run-1_bold (64 DICOMs) -> /out/sub-voice975/ses-1/func . Converter: dcm2niix . Output types: ('nii.gz',)
INFO: [Node] Setting-up "convert" in "/tmp/dcm2niixe3tdf48x/convert".
INFO: [Node] Executing "convert" <nipype.interfaces.dcm2nii.Dcm2niix>
INFO: stdout 2022-10-12T23:41:25.390495:Chris Rorden's dcm2niiX version v1.0.20211006  GCC10.2.1 x86-64 (64-bit Linux)
INFO: stdout 2022-10-12T23:41:25.390495:Found 64 DICOM file(s)
INFO: stdout 2022-10-12T23:41:25.390495:Warning: Slice timing appears corrupted (range 0..5360, TR=4000 ms)
INFO: stdout 2022-10-12T23:41:25.390495:Convert 64 DICOM as /out/sub-voice975/ses-1/func/sub-voice975_ses-1_task-pitchsent_run-1_bold_heudiconv552 (108x108x65x64)
INFO: stdout 2022-10-12T23:41:30.998380:Compress: "/usr/bin/pigz" -b 960 -n -f -6 "/out/sub-voice975/ses-1/func/sub-voice975_ses-1_task-pitchsent_run-1_bold_heudiconv552.nii"
INFO: stdout 2022-10-12T23:41:30.998380:Conversion required 5.876089 seconds (0.164361 for core code).
INFO: [Node] Finished "convert", elapsed time 5.938041s.
INFO: Post-treating /out/sub-voice975/ses-1/func/sub-voice975_ses-1_task-pitchsent_run-1_bold.json file
INFO: Converting /out/sub-voice975/ses-1/func/sub-voice975_ses-1_task-pitchsent_run-2_bold (64 DICOMs) -> /out/sub-voice975/ses-1/func . Converter: dcm2niix . Output types: ('nii.gz',)
INFO: [Node] Setting-up "convert" in "/tmp/dcm2niixqs6yc880/convert".
INFO: [Node] Executing "convert" <nipype.interfaces.dcm2nii.Dcm2niix>
INFO: stdout 2022-10-12T23:41:31.721806:Chris Rorden's dcm2niiX version v1.0.20211006  GCC10.2.1 x86-64 (64-bit Linux)
INFO: stdout 2022-10-12T23:41:31.721806:Found 64 DICOM file(s)
INFO: stdout 2022-10-12T23:41:31.721806:Warning: Slice timing appears corrupted (range 0..5357.5, TR=4000 ms)
INFO: stdout 2022-10-12T23:41:31.721806:Convert 64 DICOM as /out/sub-voice975/ses-1/func/sub-voice975_ses-1_task-pitchsent_run-2_bold_heudiconv010 (108x108x65x64)
INFO: stdout 2022-10-12T23:41:37.048905:Compress: "/usr/bin/pigz" -b 960 -n -f -6 "/out/sub-voice975/ses-1/func/sub-voice975_ses-1_task-pitchsent_run-2_bold_heudiconv010.nii"
INFO: stdout 2022-10-12T23:41:37.048905:Conversion required 5.706966 seconds (0.192431 for core code).
INFO: [Node] Finished "convert", elapsed time 5.75362s.
INFO: Post-treating /out/sub-voice975/ses-1/func/sub-voice975_ses-1_task-pitchsent_run-2_bold.json file
INFO: Converting /out/sub-voice975/ses-1/func/sub-voice975_ses-1_task-nwr_run-1_bold (42 DICOMs) -> /out/sub-voice975/ses-1/func . Converter: dcm2niix . Output types: ('nii.gz',)
INFO: [Node] Setting-up "convert" in "/tmp/dcm2niixtpnyenmx/convert".
INFO: [Node] Executing "convert" <nipype.interfaces.dcm2nii.Dcm2niix>
INFO: stdout 2022-10-12T23:41:37.313078:Chris Rorden's dcm2niiX version v1.0.20211006  GCC10.2.1 x86-64 (64-bit Linux)
INFO: stdout 2022-10-12T23:41:37.313078:Found 42 DICOM file(s)
INFO: stdout 2022-10-12T23:41:37.313078:Warning: Slice timing appears corrupted (range 0..5357.5, TR=4000 ms)
INFO: stdout 2022-10-12T23:41:37.313078:Convert 42 DICOM as /out/sub-voice975/ses-1/func/sub-voice975_ses-1_task-nwr_run-1_bold_heudiconv363 (108x108x65x42)
INFO: stdout 2022-10-12T23:41:40.931710:Compress: "/usr/bin/pigz" -b 960 -n -f -6 "/out/sub-voice975/ses-1/func/sub-voice975_ses-1_task-nwr_run-1_bold_heudiconv363.nii"
INFO: stdout 2022-10-12T23:41:40.931710:Conversion required 3.741338 seconds (0.079347 for core code).
INFO: [Node] Finished "convert", elapsed time 3.817062s.
INFO: Post-treating /out/sub-voice975/ses-1/func/sub-voice975_ses-1_task-nwr_run-1_bold.json file
INFO: Converting /out/sub-voice975/ses-1/func/sub-voice975_ses-1_task-nwr_run-2_bold (42 DICOMs) -> /out/sub-voice975/ses-1/func . Converter: dcm2niix . Output types: ('nii.gz',)
INFO: [Node] Setting-up "convert" in "/tmp/dcm2niixjmq9azpi/convert".
INFO: [Node] Executing "convert" <nipype.interfaces.dcm2nii.Dcm2niix>
INFO: stdout 2022-10-12T23:41:41.329905:Chris Rorden's dcm2niiX version v1.0.20211006  GCC10.2.1 x86-64 (64-bit Linux)
INFO: stdout 2022-10-12T23:41:41.329905:Found 42 DICOM file(s)
INFO: stdout 2022-10-12T23:41:41.329905:Warning: Slice timing appears corrupted (range 0..5360, TR=4000 ms)
INFO: stdout 2022-10-12T23:41:41.329905:Convert 42 DICOM as /out/sub-voice975/ses-1/func/sub-voice975_ses-1_task-nwr_run-2_bold_heudiconv624 (108x108x65x42)
INFO: stdout 2022-10-12T23:41:44.993656:Compress: "/usr/bin/pigz" -b 960 -n -f -6 "/out/sub-voice975/ses-1/func/sub-voice975_ses-1_task-nwr_run-2_bold_heudiconv624.nii"
INFO: stdout 2022-10-12T23:41:44.993656:Conversion required 3.822426 seconds (0.124422 for core code).
INFO: [Node] Finished "convert", elapsed time 3.878358s.
INFO: Post-treating /out/sub-voice975/ses-1/func/sub-voice975_ses-1_task-nwr_run-2_bold.json file
INFO: Converting /out/sub-voice975/ses-1/func/sub-voice975_ses-1_task-nwr_run-3_bold (42 DICOMs) -> /out/sub-voice975/ses-1/func . Converter: dcm2niix . Output types: ('nii.gz',)
INFO: [Node] Setting-up "convert" in "/tmp/dcm2niixh0hes1sr/convert".
INFO: [Node] Executing "convert" <nipype.interfaces.dcm2nii.Dcm2niix>
INFO: stdout 2022-10-12T23:41:45.539903:Chris Rorden's dcm2niiX version v1.0.20211006  GCC10.2.1 x86-64 (64-bit Linux)
INFO: stdout 2022-10-12T23:41:45.539903:Found 42 DICOM file(s)
INFO: stdout 2022-10-12T23:41:45.539903:Warning: Slice timing appears corrupted (range 0..5357.5, TR=4000 ms)
INFO: stdout 2022-10-12T23:41:45.539903:Convert 42 DICOM as /out/sub-voice975/ses-1/func/sub-voice975_ses-1_task-nwr_run-3_bold_heudiconv567 (108x108x65x42)
INFO: stdout 2022-10-12T23:41:49.120453:Compress: "/usr/bin/pigz" -b 960 -n -f -6 "/out/sub-voice975/ses-1/func/sub-voice975_ses-1_task-nwr_run-3_bold_heudiconv567.nii"
INFO: stdout 2022-10-12T23:41:49.120453:Conversion required 3.816329 seconds (0.108324 for core code).
INFO: [Node] Finished "convert", elapsed time 3.84834s.
INFO: Post-treating /out/sub-voice975/ses-1/func/sub-voice975_ses-1_task-nwr_run-3_bold.json file
INFO: Converting /out/sub-voice975/ses-1/func/sub-voice975_ses-1_task-facematch_run-1_bold (99 DICOMs) -> /out/sub-voice975/ses-1/func . Converter: dcm2niix . Output types: ('nii.gz',)
INFO: [Node] Setting-up "convert" in "/tmp/dcm2niix52fcqk1l/convert".
INFO: [Node] Executing "convert" <nipype.interfaces.dcm2nii.Dcm2niix>
INFO: stdout 2022-10-12T23:41:49.619577:Chris Rorden's dcm2niiX version v1.0.20211006  GCC10.2.1 x86-64 (64-bit Linux)
INFO: stdout 2022-10-12T23:41:49.619577:Found 99 DICOM file(s)
INFO: stdout 2022-10-12T23:41:49.619577:Warning: Slice timing appears corrupted (range 0..5357.5, TR=2000 ms)
INFO: stdout 2022-10-12T23:41:49.619577:Convert 99 DICOM as /out/sub-voice975/ses-1/func/sub-voice975_ses-1_task-facematch_run-1_bold_heudiconv465 (108x108x65x99)
INFO: stdout 2022-10-12T23:41:57.990042:Compress: "/usr/bin/pigz" -b 960 -n -f -6 "/out/sub-voice975/ses-1/func/sub-voice975_ses-1_task-facematch_run-1_bold_heudiconv465.nii"
INFO: stdout 2022-10-12T23:41:57.990042:Conversion required 8.694947 seconds (0.238575 for core code).
INFO: [Node] Finished "convert", elapsed time 8.747271s.
INFO: Post-treating /out/sub-voice975/ses-1/func/sub-voice975_ses-1_task-facematch_run-1_bold.json file
INFO: Converting /out/sub-voice975/ses-1/func/sub-voice975_ses-1_task-facematch_run-2_bold (99 DICOMs) -> /out/sub-voice975/ses-1/func . Converter: dcm2niix . Output types: ('nii.gz',)
INFO: [Node] Setting-up "convert" in "/tmp/dcm2niixa_xq_9dx/convert".
INFO: [Node] Executing "convert" <nipype.interfaces.dcm2nii.Dcm2niix>
INFO: stdout 2022-10-12T23:41:58.680815:Chris Rorden's dcm2niiX version v1.0.20211006  GCC10.2.1 x86-64 (64-bit Linux)
INFO: stdout 2022-10-12T23:41:58.680815:Found 99 DICOM file(s)
INFO: stdout 2022-10-12T23:41:58.680815:Warning: Slice timing appears corrupted (range 0..5357.5, TR=2000 ms)
INFO: stdout 2022-10-12T23:41:58.680815:Convert 99 DICOM as /out/sub-voice975/ses-1/func/sub-voice975_ses-1_task-facematch_run-2_bold_heudiconv364 (108x108x65x99)
INFO: stdout 2022-10-12T23:42:07.227495:Compress: "/usr/bin/pigz" -b 960 -n -f -6 "/out/sub-voice975/ses-1/func/sub-voice975_ses-1_task-facematch_run-2_bold_heudiconv364.nii"
INFO: stdout 2022-10-12T23:42:07.227495:Conversion required 8.930105 seconds (0.252965 for core code).
INFO: [Node] Finished "convert", elapsed time 9.000627s.
INFO: Post-treating /out/sub-voice975/ses-1/func/sub-voice975_ses-1_task-facematch_run-2_bold.json file
INFO: Converting /out/sub-voice975/ses-1/func/sub-voice975_ses-1_task-emosent_run-1_bold (48 DICOMs) -> /out/sub-voice975/ses-1/func . Converter: dcm2niix . Output types: ('nii.gz',)
INFO: [Node] Setting-up "convert" in "/tmp/dcm2niix5hg_vflw/convert".
INFO: [Node] Executing "convert" <nipype.interfaces.dcm2nii.Dcm2niix>
INFO: stdout 2022-10-12T23:42:08.403791:Chris Rorden's dcm2niiX version v1.0.20211006  GCC10.2.1 x86-64 (64-bit Linux)
INFO: stdout 2022-10-12T23:42:08.403791:Found 48 DICOM file(s)
INFO: stdout 2022-10-12T23:42:08.403791:Warning: Slice timing appears corrupted (range 0..5357.5, TR=4000 ms)
INFO: stdout 2022-10-12T23:42:08.403791:Convert 48 DICOM as /out/sub-voice975/ses-1/func/sub-voice975_ses-1_task-emosent_run-1_bold_heudiconv339 (108x108x65x48)
INFO: stdout 2022-10-12T23:42:12.921959:Compress: "/usr/bin/pigz" -b 960 -n -f -6 "/out/sub-voice975/ses-1/func/sub-voice975_ses-1_task-emosent_run-1_bold_heudiconv339.nii"
INFO: stdout 2022-10-12T23:42:12.921959:Conversion required 5.307287 seconds (0.131086 for core code).
INFO: [Node] Finished "convert", elapsed time 5.366528s.
INFO: Post-treating /out/sub-voice975/ses-1/func/sub-voice975_ses-1_task-emosent_run-1_bold.json file
INFO: Converting /out/sub-voice975/ses-1/func/sub-voice975_ses-1_task-emosent_run-2_bold (48 DICOMs) -> /out/sub-voice975/ses-1/func . Converter: dcm2niix . Output types: ('nii.gz',)
INFO: [Node] Setting-up "convert" in "/tmp/dcm2niixb34s2y11/convert".
INFO: [Node] Executing "convert" <nipype.interfaces.dcm2nii.Dcm2niix>
INFO: stdout 2022-10-12T23:42:13.740411:Chris Rorden's dcm2niiX version v1.0.20211006  GCC10.2.1 x86-64 (64-bit Linux)
INFO: stdout 2022-10-12T23:42:13.740411:Found 48 DICOM file(s)
INFO: stdout 2022-10-12T23:42:13.740411:Warning: Slice timing appears corrupted (range 0..5357.5, TR=4000 ms)
INFO: stdout 2022-10-12T23:42:13.740411:Convert 48 DICOM as /out/sub-voice975/ses-1/func/sub-voice975_ses-1_task-emosent_run-2_bold_heudiconv163 (108x108x65x48)
INFO: stdout 2022-10-12T23:42:17.948439:Compress: "/usr/bin/pigz" -b 960 -n -f -6 "/out/sub-voice975/ses-1/func/sub-voice975_ses-1_task-emosent_run-2_bold_heudiconv163.nii"
INFO: stdout 2022-10-12T23:42:17.948439:Conversion required 4.445700 seconds (0.133348 for core code).
INFO: [Node] Finished "convert", elapsed time 4.526541s.
INFO: Post-treating /out/sub-voice975/ses-1/func/sub-voice975_ses-1_task-emosent_run-2_bold.json file
INFO: Converting /out/sub-voice975/ses-1/func/sub-voice975_ses-1_task-vowel_run-1_bold (60 DICOMs) -> /out/sub-voice975/ses-1/func . Converter: dcm2niix . Output types: ('nii.gz',)
INFO: [Node] Setting-up "convert" in "/tmp/dcm2niixbawu33ky/convert".
INFO: [Node] Executing "convert" <nipype.interfaces.dcm2nii.Dcm2niix>
INFO: stdout 2022-10-12T23:42:18.802392:Chris Rorden's dcm2niiX version v1.0.20211006  GCC10.2.1 x86-64 (64-bit Linux)
INFO: stdout 2022-10-12T23:42:18.802392:Found 60 DICOM file(s)
INFO: stdout 2022-10-12T23:42:18.802392:Warning: Slice timing appears corrupted (range 0..5357.5, TR=4000 ms)
INFO: stdout 2022-10-12T23:42:18.802392:Convert 60 DICOM as /out/sub-voice975/ses-1/func/sub-voice975_ses-1_task-vowel_run-1_bold_heudiconv805 (108x108x65x60)
INFO: stdout 2022-10-12T23:42:24.430241:Compress: "/usr/bin/pigz" -b 960 -n -f -6 "/out/sub-voice975/ses-1/func/sub-voice975_ses-1_task-vowel_run-1_bold_heudiconv805.nii"
INFO: stdout 2022-10-12T23:42:24.430241:Conversion required 6.147700 seconds (0.169323 for core code).
INFO: [Node] Finished "convert", elapsed time 6.226732s.
INFO: Post-treating /out/sub-voice975/ses-1/func/sub-voice975_ses-1_task-vowel_run-1_bold.json file
INFO: Converting /out/sub-voice975/ses-1/func/sub-voice975_ses-1_task-vowel_run-2_bold (60 DICOMs) -> /out/sub-voice975/ses-1/func . Converter: dcm2niix . Output types: ('nii.gz',)
INFO: [Node] Setting-up "convert" in "/tmp/dcm2niixme_oq_gn/convert".
INFO: [Node] Executing "convert" <nipype.interfaces.dcm2nii.Dcm2niix>
INFO: stdout 2022-10-12T23:42:26.093826:Chris Rorden's dcm2niiX version v1.0.20211006  GCC10.2.1 x86-64 (64-bit Linux)
INFO: stdout 2022-10-12T23:42:26.093826:Found 60 DICOM file(s)
INFO: stdout 2022-10-12T23:42:26.093826:Warning: Slice timing appears corrupted (range 0..5360, TR=4000 ms)
INFO: stdout 2022-10-12T23:42:26.093826:Convert 60 DICOM as /out/sub-voice975/ses-1/func/sub-voice975_ses-1_task-vowel_run-2_bold_heudiconv704 (108x108x65x60)
INFO: stdout 2022-10-12T23:42:31.305913:Compress: "/usr/bin/pigz" -b 960 -n -f -6 "/out/sub-voice975/ses-1/func/sub-voice975_ses-1_task-vowel_run-2_bold_heudiconv704.nii"
INFO: stdout 2022-10-12T23:42:31.305913:Conversion required 5.659722 seconds (0.168787 for core code).
INFO: [Node] Finished "convert", elapsed time 5.714032s.
INFO: Post-treating /out/sub-voice975/ses-1/func/sub-voice975_ses-1_task-vowel_run-2_bold.json file
INFO: Converting /out/sub-voice975/ses-1/func/sub-voice975_ses-1_task-pitchnw_run-1_bold (101 DICOMs) -> /out/sub-voice975/ses-1/func . Converter: dcm2niix . Output types: ('nii.gz',)
INFO: [Node] Setting-up "convert" in "/tmp/dcm2niixoptmflsc/convert".
INFO: [Node] Executing "convert" <nipype.interfaces.dcm2nii.Dcm2niix>
INFO: stdout 2022-10-12T23:42:32.540349:Chris Rorden's dcm2niiX version v1.0.20211006  GCC10.2.1 x86-64 (64-bit Linux)
INFO: stdout 2022-10-12T23:42:32.540349:Found 101 DICOM file(s)
INFO: stdout 2022-10-12T23:42:32.540349:Warning: Slice timing appears corrupted (range 0..5357.5, TR=2000 ms)
INFO: stdout 2022-10-12T23:42:32.540349:Convert 101 DICOM as /out/sub-voice975/ses-1/func/sub-voice975_ses-1_task-pitchnw_run-1_bold_heudiconv919 (108x108x65x101)
INFO: stdout 2022-10-12T23:42:41.654562:Compress: "/usr/bin/pigz" -b 960 -n -f -6 "/out/sub-voice975/ses-1/func/sub-voice975_ses-1_task-pitchnw_run-1_bold_heudiconv919.nii"
INFO: stdout 2022-10-12T23:42:41.654562:Conversion required 9.718500 seconds (0.261713 for core code).
INFO: [Node] Finished "convert", elapsed time 9.765827999999999s.
INFO: Post-treating /out/sub-voice975/ses-1/func/sub-voice975_ses-1_task-pitchnw_run-1_bold.json file
INFO: Converting /out/sub-voice975/ses-1/func/sub-voice975_ses-1_task-pitchnw_run-2_bold (101 DICOMs) -> /out/sub-voice975/ses-1/func . Converter: dcm2niix . Output types: ('nii.gz',)
INFO: [Node] Setting-up "convert" in "/tmp/dcm2niixttcxtg87/convert".
INFO: [Node] Executing "convert" <nipype.interfaces.dcm2nii.Dcm2niix>
INFO: stdout 2022-10-12T23:42:42.385148:Chris Rorden's dcm2niiX version v1.0.20211006  GCC10.2.1 x86-64 (64-bit Linux)
INFO: stdout 2022-10-12T23:42:42.385148:Found 101 DICOM file(s)
INFO: stdout 2022-10-12T23:42:42.385148:Warning: Slice timing appears corrupted (range 0..5360, TR=2000 ms)
INFO: stdout 2022-10-12T23:42:42.385148:Convert 101 DICOM as /out/sub-voice975/ses-1/func/sub-voice975_ses-1_task-pitchnw_run-2_bold_heudiconv258 (108x108x65x101)
INFO: stdout 2022-10-12T23:42:51.184393:Compress: "/usr/bin/pigz" -b 960 -n -f -6 "/out/sub-voice975/ses-1/func/sub-voice975_ses-1_task-pitchnw_run-2_bold_heudiconv258.nii"
INFO: stdout 2022-10-12T23:42:51.184393:Conversion required 9.276701 seconds (0.259581 for core code).
INFO: [Node] Finished "convert", elapsed time 9.329083s.
INFO: Post-treating /out/sub-voice975/ses-1/func/sub-voice975_ses-1_task-pitchnw_run-2_bold.json file
INFO: Converting /out/sub-voice975/ses-1/func/sub-voice975_ses-1_task-movie_run-1_bold (138 DICOMs) -> /out/sub-voice975/ses-1/func . Converter: dcm2niix . Output types: ('nii.gz',)
INFO: [Node] Setting-up "convert" in "/tmp/dcm2niixkg58hbaf/convert".
INFO: [Node] Executing "convert" <nipype.interfaces.dcm2nii.Dcm2niix>
INFO: stdout 2022-10-12T23:42:52.287107:Chris Rorden's dcm2niiX version v1.0.20211006  GCC10.2.1 x86-64 (64-bit Linux)
INFO: stdout 2022-10-12T23:42:52.287107:Found 138 DICOM file(s)
INFO: stdout 2022-10-12T23:42:52.287107:Warning: Slice timing appears corrupted (range 0..5360, TR=1090 ms)
INFO: stdout 2022-10-12T23:42:52.287107:Convert 138 DICOM as /out/sub-voice975/ses-1/func/sub-voice975_ses-1_task-movie_run-1_bold_heudiconv665 (108x108x65x138)
INFO: stdout 2022-10-12T23:43:04.080626:Compress: "/usr/bin/pigz" -b 960 -n -f -6 "/out/sub-voice975/ses-1/func/sub-voice975_ses-1_task-movie_run-1_bold_heudiconv665.nii"
INFO: stdout 2022-10-12T23:43:04.080626:Conversion required 12.351623 seconds (0.329462 for core code).
INFO: [Node] Finished "convert", elapsed time 12.398565s.
INFO: Post-treating /out/sub-voice975/ses-1/func/sub-voice975_ses-1_task-movie_run-1_bold.json file
WARNING: Existing lockfile found in /out/heudiconv.lock - waiting for the lock to be released. To set a timeout limit, set the HEUDICONV_FILELOCK_TIMEOUT environmental variable to a value in seconds. If this process hangs, it may require a manual deletion of the /out/heudiconv.lock.
INFO: Populating template files under /out/
INFO: PROCESSING DONE: {'subject': 'voice975', 'outdir': '/out/', 'session': '1'}
