Submitited subject: voice997
Submitted session: 1
Command:
singularity run -B /mindhive -B /om2/user/rfbrito/voice_depression/bids_conversion -B /om2/scratch/Wed/rfbrito/bids:/out /om2/user/rfbrito/containers/imaging/heudiconv_latest.sif -d /mindhive/xnat/dicom_storage/voice/dicom/{subject}/session001*/dicom/Trio*/*.dcm -o /out -f /om2/user/rfbrito/voice_depression/bids_conversion/heuristic.py -c dcm2niix -s voice997 -ss 1 --datalad -b --minmeta -g accession_number
['3-SMS5_rsfMRI_PA']
[{'item': '4-Spin_Echo_EPI_PA', 'dir': 'PA'}, {'item': '5-Spin_Echo_EPI_AP', 'dir': 'AP'}]
[{'item': '6-SMS2-diff_b1000_free_11b0_61dirs_PA', 'acq': 'PA'}, {'item': '11-SMS2-diff_b1000_free_4b0_AP', 'acq': 'AP'}]
[]
['50-T2_SPACE_FLAIR_1.0_iso']
['18-PaTaKa_1_SMS5_Sparse_3x3x3_1640_1000ms', '19-PaTaKa_2_SMS5_Sparse_3x3x3_1640_1000ms']
['23-Sentences_2_SMS5_Sparse_2x2x2_4000_2900ms', '24-Sentences_3_SMS5_Sparse_2x2x2_4000_2900ms']
['27-Nonword_1_SMS5_Sparse_2x2x2_4000_2900ms', '28-Nonword_2_SMS5_Sparse_2x2x2_4000_2900ms', '29-Nonword_3_SMS5_Sparse_2x2x2_4000_2900ms']
['32-FaceMatch_1_SMS5_Sparse_2x2x2_2000_900ms', '33-FaceMatch_2_SMS5_Sparse_2x2x2_2000_900ms']
['36-EmoSent_1_SMS5_Sparse_2x2x2_4000_2900ms', '37-EmoSent_2_SMS5_Sparse_2x2x2_4000_2900ms']
['40-Vowels_1_SMS5_Sparse_2x2x2_4000_2900ms', '41-Vowels_2_SMS5_Sparse_2x2x2_4000_2900ms']
['44-PitchEmph_1_SMS5_Sparse_2x2x2_2000_900ms', '45-PitchEmph_2_SMS5_Sparse_2x2x2_2000_900ms']
['48-Movie_SMS5_rsfMRI_PA']
221007-20:22:24,433 nipype.utils WARNING:
	 A newer version (1.8.4) of nipy/nipype is available. You are using 1.8.0
221007-20:22:24,536 nipype.workflow INFO:
	 [Node] Setting-up "convert" in "/tmp/dcm2niix72fgzn66/convert".
221007-20:22:24,767 nipype.workflow INFO:
	 [Node] Executing "convert" <nipype.interfaces.dcm2nii.Dcm2niix>
221007-20:22:26,2 nipype.interface INFO:
	 stdout 2022-10-07T20:22:26.002373:Chris Rorden's dcm2niiX version v1.0.20211006  GCC10.2.1 x86-64 (64-bit Linux)
221007-20:22:26,3 nipype.interface INFO:
	 stdout 2022-10-07T20:22:26.002373:Found 276 DICOM file(s)
221007-20:22:26,3 nipype.interface INFO:
	 stdout 2022-10-07T20:22:26.002373:Warning: Slice timing appears corrupted (range 0..5360, TR=1090 ms)
221007-20:22:26,3 nipype.interface INFO:
	 stdout 2022-10-07T20:22:26.002373:Convert 276 DICOM as /out/sub-voice997/ses-1/func/sub-voice997_ses-1_task-rest_run-1_bold_heudiconv510 (108x108x65x276)
221007-20:22:57,269 nipype.interface INFO:
	 stdout 2022-10-07T20:22:57.269331:Compress: "/usr/bin/pigz" -b 960 -n -f -6 "/out/sub-voice997/ses-1/func/sub-voice997_ses-1_task-rest_run-1_bold_heudiconv510.nii"
221007-20:22:57,270 nipype.interface INFO:
	 stdout 2022-10-07T20:22:57.269331:Conversion required 32.377277 seconds (1.315492 for core code).
221007-20:22:57,333 nipype.workflow INFO:
	 [Node] Finished "convert", elapsed time 32.454204s.
221007-20:22:57,759 nipype.workflow INFO:
	 [Node] Setting-up "convert" in "/tmp/dcm2niixj12o0m10/convert".
221007-20:22:57,966 nipype.workflow INFO:
	 [Node] Executing "convert" <nipype.interfaces.dcm2nii.Dcm2niix>
221007-20:22:58,544 nipype.interface INFO:
	 stdout 2022-10-07T20:22:58.543940:Chris Rorden's dcm2niiX version v1.0.20211006  GCC10.2.1 x86-64 (64-bit Linux)
221007-20:22:58,544 nipype.interface INFO:
	 stdout 2022-10-07T20:22:58.543940:Found 260 DICOM file(s)
221007-20:22:58,544 nipype.interface INFO:
	 stdout 2022-10-07T20:22:58.543940:Convert 260 DICOM as /out/sub-voice997/ses-1/fmap/sub-voice997_ses-1_acq-func_dir-PA_run-1_epi_heudiconv878 (108x108x65x4)
221007-20:22:59,69 nipype.interface INFO:
	 stdout 2022-10-07T20:22:59.069474:Compress: "/usr/bin/pigz" -b 960 -n -f -6 "/out/sub-voice997/ses-1/fmap/sub-voice997_ses-1_acq-func_dir-PA_run-1_epi_heudiconv878.nii"
221007-20:22:59,69 nipype.interface INFO:
	 stdout 2022-10-07T20:22:59.069474:Conversion required 1.072259 seconds (0.421156 for core code).
221007-20:22:59,120 nipype.workflow INFO:
	 [Node] Finished "convert", elapsed time 1.151106s.
221007-20:22:59,358 nipype.workflow INFO:
	 [Node] Setting-up "convert" in "/tmp/dcm2niixmuk4xxk0/convert".
221007-20:22:59,572 nipype.workflow INFO:
	 [Node] Executing "convert" <nipype.interfaces.dcm2nii.Dcm2niix>
221007-20:23:00,19 nipype.interface INFO:
	 stdout 2022-10-07T20:23:00.019416:Chris Rorden's dcm2niiX version v1.0.20211006  GCC10.2.1 x86-64 (64-bit Linux)
221007-20:23:00,20 nipype.interface INFO:
	 stdout 2022-10-07T20:23:00.019416:Found 260 DICOM file(s)
221007-20:23:00,20 nipype.interface INFO:
	 stdout 2022-10-07T20:23:00.019416:Convert 260 DICOM as /out/sub-voice997/ses-1/fmap/sub-voice997_ses-1_acq-func_dir-AP_run-2_epi_heudiconv026 (108x108x65x4)
221007-20:23:00,634 nipype.interface INFO:
	 stdout 2022-10-07T20:23:00.633943:Compress: "/usr/bin/pigz" -b 960 -n -f -6 "/out/sub-voice997/ses-1/fmap/sub-voice997_ses-1_acq-func_dir-AP_run-2_epi_heudiconv026.nii"
221007-20:23:00,634 nipype.interface INFO:
	 stdout 2022-10-07T20:23:00.633943:Conversion required 1.027758 seconds (0.298391 for core code).
221007-20:23:00,698 nipype.workflow INFO:
	 [Node] Finished "convert", elapsed time 1.124393s.
221007-20:23:00,900 nipype.workflow INFO:
	 [Node] Setting-up "convert" in "/tmp/dcm2niixc9my6516/convert".
221007-20:23:00,966 nipype.workflow INFO:
	 [Node] Executing "convert" <nipype.interfaces.dcm2nii.Dcm2niix>
221007-20:23:03,538 nipype.interface INFO:
	 stdout 2022-10-07T20:23:03.537836:Chris Rorden's dcm2niiX version v1.0.20211006  GCC10.2.1 x86-64 (64-bit Linux)
221007-20:23:03,538 nipype.interface INFO:
	 stdout 2022-10-07T20:23:03.537836:Found 72 DICOM file(s)
221007-20:23:03,538 nipype.interface INFO:
	 stdout 2022-10-07T20:23:03.537836:Warning: Slice timing appears corrupted (range 0..8.63999e+07, TR=4400 ms)
221007-20:23:03,538 nipype.interface INFO:
	 stdout 2022-10-07T20:23:03.537836:Convert 72 DICOM as /out/sub-voice997/ses-1/dwi/sub-voice997_ses-1_acq-PA_dwi_heudiconv134 (120x120x66x72)
221007-20:23:13,842 nipype.interface INFO:
	 stdout 2022-10-07T20:23:13.842017:Compress: "/usr/bin/pigz" -b 960 -n -f -6 "/out/sub-voice997/ses-1/dwi/sub-voice997_ses-1_acq-PA_dwi_heudiconv134.nii"
221007-20:23:13,843 nipype.interface INFO:
	 stdout 2022-10-07T20:23:13.842017:Conversion required 12.845623 seconds (0.527767 for core code).
221007-20:23:13,891 nipype.workflow INFO:
	 [Node] Finished "convert", elapsed time 12.923348s.
221007-20:23:14,31 nipype.workflow INFO:
	 [Node] Setting-up "convert" in "/tmp/dcm2niixthzvy58y/convert".
221007-20:23:14,40 nipype.workflow INFO:
	 [Node] Executing "convert" <nipype.interfaces.dcm2nii.Dcm2niix>
221007-20:23:14,298 nipype.interface INFO:
	 stdout 2022-10-07T20:23:14.298597:Chris Rorden's dcm2niiX version v1.0.20211006  GCC10.2.1 x86-64 (64-bit Linux)
221007-20:23:14,299 nipype.interface INFO:
	 stdout 2022-10-07T20:23:14.298597:Found 7 DICOM file(s)
221007-20:23:14,299 nipype.interface INFO:
	 stdout 2022-10-07T20:23:14.298597:Warning: Slice timing appears corrupted (range 0..8.63999e+07, TR=4400 ms)
221007-20:23:14,299 nipype.interface INFO:
	 stdout 2022-10-07T20:23:14.298597:Convert 7 DICOM as /out/sub-voice997/ses-1/dwi/sub-voice997_ses-1_acq-AP_dwi_heudiconv150 (120x120x66x7)
221007-20:23:15,298 nipype.interface INFO:
	 stdout 2022-10-07T20:23:15.297887:Compress: "/usr/bin/pigz" -b 960 -n -f -6 "/out/sub-voice997/ses-1/dwi/sub-voice997_ses-1_acq-AP_dwi_heudiconv150.nii"
221007-20:23:15,298 nipype.interface INFO:
	 stdout 2022-10-07T20:23:15.297887:Conversion required 1.226452 seconds (0.068093 for core code).
221007-20:23:15,349 nipype.workflow INFO:
	 [Node] Finished "convert", elapsed time 1.307452s.
221007-20:23:15,610 nipype.workflow INFO:
	 [Node] Setting-up "convert" in "/tmp/dcm2niixkrbqs42x/convert".
221007-20:23:15,757 nipype.workflow INFO:
	 [Node] Executing "convert" <nipype.interfaces.dcm2nii.Dcm2niix>
221007-20:23:16,224 nipype.interface INFO:
	 stdout 2022-10-07T20:23:16.224382:Chris Rorden's dcm2niiX version v1.0.20211006  GCC10.2.1 x86-64 (64-bit Linux)
221007-20:23:16,225 nipype.interface INFO:
	 stdout 2022-10-07T20:23:16.224382:Found 176 DICOM file(s)
221007-20:23:16,225 nipype.interface INFO:
	 stdout 2022-10-07T20:23:16.224382:Convert 176 DICOM as /out/sub-voice997/ses-1/anat/sub-voice997_ses-1_T2w_heudiconv564 (256x256x176x1)
221007-20:23:18,37 nipype.interface INFO:
	 stdout 2022-10-07T20:23:18.037239:Compress: "/usr/bin/pigz" -b 960 -n -f -6 "/out/sub-voice997/ses-1/anat/sub-voice997_ses-1_T2w_heudiconv564.nii"
221007-20:23:18,37 nipype.interface INFO:
	 stdout 2022-10-07T20:23:18.037239:Conversion required 2.249519 seconds (0.548868 for core code).
221007-20:23:18,102 nipype.workflow INFO:
	 [Node] Finished "convert", elapsed time 2.3430400000000002s.
221007-20:23:18,447 nipype.workflow INFO:
	 [Node] Setting-up "convert" in "/tmp/dcm2niix30v8csvy/convert".
221007-20:23:18,639 nipype.workflow INFO:
	 [Node] Executing "convert" <nipype.interfaces.dcm2nii.Dcm2niix>
221007-20:23:19,305 nipype.interface INFO:
	 stdout 2022-10-07T20:23:19.304988:Chris Rorden's dcm2niiX version v1.0.20211006  GCC10.2.1 x86-64 (64-bit Linux)
221007-20:23:19,305 nipype.interface INFO:
	 stdout 2022-10-07T20:23:19.304988:Found 207 DICOM file(s)
221007-20:23:19,305 nipype.interface INFO:
	 stdout 2022-10-07T20:23:19.304988:Warning: Slice timing appears corrupted (range 0..3135, TR=1640 ms)
221007-20:23:19,305 nipype.interface INFO:
	 stdout 2022-10-07T20:23:19.304988:Convert 207 DICOM as /out/sub-voice997/ses-1/func/sub-voice997_ses-1_task-pataka_run-1_bold_heudiconv450 (72x72x45x207)
221007-20:23:26,636 nipype.interface INFO:
	 stdout 2022-10-07T20:23:26.636057:Compress: "/usr/bin/pigz" -b 960 -n -f -6 "/out/sub-voice997/ses-1/func/sub-voice997_ses-1_task-pataka_run-1_bold_heudiconv450.nii"
221007-20:23:26,638 nipype.interface INFO:
	 stdout 2022-10-07T20:23:26.636057:Conversion required 7.963517 seconds (0.482625 for core code).
221007-20:23:26,689 nipype.workflow INFO:
	 [Node] Finished "convert", elapsed time 8.048541s.
221007-20:23:26,956 nipype.workflow INFO:
	 [Node] Setting-up "convert" in "/tmp/dcm2niixovximov5/convert".
221007-20:23:27,130 nipype.workflow INFO:
	 [Node] Executing "convert" <nipype.interfaces.dcm2nii.Dcm2niix>
221007-20:23:27,809 nipype.interface INFO:
	 stdout 2022-10-07T20:23:27.808955:Chris Rorden's dcm2niiX version v1.0.20211006  GCC10.2.1 x86-64 (64-bit Linux)
221007-20:23:27,809 nipype.interface INFO:
	 stdout 2022-10-07T20:23:27.808955:Found 206 DICOM file(s)
221007-20:23:27,809 nipype.interface INFO:
	 stdout 2022-10-07T20:23:27.808955:Warning: Slice timing appears corrupted (range 0..3137.5, TR=1640 ms)
221007-20:23:27,809 nipype.interface INFO:
	 stdout 2022-10-07T20:23:27.808955:Convert 206 DICOM as /out/sub-voice997/ses-1/func/sub-voice997_ses-1_task-pataka_run-2_bold_heudiconv954 (72x72x45x206)
221007-20:23:35,257 nipype.interface INFO:
	 stdout 2022-10-07T20:23:35.257017:Compress: "/usr/bin/pigz" -b 960 -n -f -6 "/out/sub-voice997/ses-1/func/sub-voice997_ses-1_task-pataka_run-2_bold_heudiconv954.nii"
221007-20:23:35,258 nipype.interface INFO:
	 stdout 2022-10-07T20:23:35.257017:Conversion required 8.098571 seconds (0.609517 for core code).
221007-20:23:35,309 nipype.workflow INFO:
	 [Node] Finished "convert", elapsed time 8.177263s.
221007-20:23:35,475 nipype.workflow INFO:
	 [Node] Setting-up "convert" in "/tmp/dcm2niixo0lmze1y/convert".
221007-20:23:35,523 nipype.workflow INFO:
	 [Node] Executing "convert" <nipype.interfaces.dcm2nii.Dcm2niix>
221007-20:23:35,808 nipype.interface INFO:
	 stdout 2022-10-07T20:23:35.808475:Chris Rorden's dcm2niiX version v1.0.20211006  GCC10.2.1 x86-64 (64-bit Linux)
221007-20:23:35,809 nipype.interface INFO:
	 stdout 2022-10-07T20:23:35.808475:Found 51 DICOM file(s)
221007-20:23:35,809 nipype.interface INFO:
	 stdout 2022-10-07T20:23:35.808475:Warning: Slice timing appears corrupted (range 0..5357.5, TR=4000 ms)
221007-20:23:35,809 nipype.interface INFO:
	 stdout 2022-10-07T20:23:35.808475:Convert 51 DICOM as /out/sub-voice997/ses-1/func/sub-voice997_ses-1_task-pitchsent_run-1_bold_heudiconv288 (108x108x65x51)
221007-20:23:41,697 nipype.interface INFO:
	 stdout 2022-10-07T20:23:41.697140:Compress: "/usr/bin/pigz" -b 960 -n -f -6 "/out/sub-voice997/ses-1/func/sub-voice997_ses-1_task-pitchsent_run-1_bold_heudiconv288.nii"
221007-20:23:41,697 nipype.interface INFO:
	 stdout 2022-10-07T20:23:41.697140:Conversion required 6.145356 seconds (0.275922 for core code).
221007-20:23:41,752 nipype.workflow INFO:
	 [Node] Finished "convert", elapsed time 6.227797s.
221007-20:23:41,945 nipype.workflow INFO:
	 [Node] Setting-up "convert" in "/tmp/dcm2niixoch1_szh/convert".
221007-20:23:41,991 nipype.workflow INFO:
	 [Node] Executing "convert" <nipype.interfaces.dcm2nii.Dcm2niix>
221007-20:23:42,270 nipype.interface INFO:
	 stdout 2022-10-07T20:23:42.269961:Chris Rorden's dcm2niiX version v1.0.20211006  GCC10.2.1 x86-64 (64-bit Linux)
221007-20:23:42,270 nipype.interface INFO:
	 stdout 2022-10-07T20:23:42.269961:Found 52 DICOM file(s)
221007-20:23:42,270 nipype.interface INFO:
	 stdout 2022-10-07T20:23:42.269961:Warning: Slice timing appears corrupted (range 0..5360, TR=4000 ms)
221007-20:23:42,271 nipype.interface INFO:
	 stdout 2022-10-07T20:23:42.269961:Convert 52 DICOM as /out/sub-voice997/ses-1/func/sub-voice997_ses-1_task-pitchsent_run-2_bold_heudiconv887 (108x108x65x52)
221007-20:23:48,303 nipype.interface INFO:
	 stdout 2022-10-07T20:23:48.303141:Compress: "/usr/bin/pigz" -b 960 -n -f -6 "/out/sub-voice997/ses-1/func/sub-voice997_ses-1_task-pitchsent_run-2_bold_heudiconv887.nii"
221007-20:23:48,305 nipype.interface INFO:
	 stdout 2022-10-07T20:23:48.303141:Conversion required 6.282530 seconds (0.270750 for core code).
221007-20:23:48,364 nipype.workflow INFO:
	 [Node] Finished "convert", elapsed time 6.371277s.
221007-20:23:48,600 nipype.workflow INFO:
	 [Node] Setting-up "convert" in "/tmp/dcm2niixarozymvq/convert".
221007-20:23:48,637 nipype.workflow INFO:
	 [Node] Executing "convert" <nipype.interfaces.dcm2nii.Dcm2niix>
221007-20:23:48,849 nipype.interface INFO:
	 stdout 2022-10-07T20:23:48.849721:Chris Rorden's dcm2niiX version v1.0.20211006  GCC10.2.1 x86-64 (64-bit Linux)
221007-20:23:48,850 nipype.interface INFO:
	 stdout 2022-10-07T20:23:48.849721:Found 40 DICOM file(s)
221007-20:23:48,850 nipype.interface INFO:
	 stdout 2022-10-07T20:23:48.849721:Warning: Slice timing appears corrupted (range 0..5360, TR=4000 ms)
221007-20:23:48,850 nipype.interface INFO:
	 stdout 2022-10-07T20:23:48.849721:Convert 40 DICOM as /out/sub-voice997/ses-1/func/sub-voice997_ses-1_task-nwr_run-1_bold_heudiconv650 (108x108x65x40)
221007-20:23:53,588 nipype.interface INFO:
	 stdout 2022-10-07T20:23:53.588818:Compress: "/usr/bin/pigz" -b 960 -n -f -6 "/out/sub-voice997/ses-1/func/sub-voice997_ses-1_task-nwr_run-1_bold_heudiconv650.nii"
221007-20:23:53,589 nipype.interface INFO:
	 stdout 2022-10-07T20:23:53.588818:Conversion required 4.923705 seconds (0.203135 for core code).
221007-20:23:53,640 nipype.workflow INFO:
	 [Node] Finished "convert", elapsed time 5.002209s.
221007-20:23:53,799 nipype.workflow INFO:
	 [Node] Setting-up "convert" in "/tmp/dcm2niixorpmxz7_/convert".
221007-20:23:53,834 nipype.workflow INFO:
	 [Node] Executing "convert" <nipype.interfaces.dcm2nii.Dcm2niix>
221007-20:23:54,65 nipype.interface INFO:
	 stdout 2022-10-07T20:23:54.065710:Chris Rorden's dcm2niiX version v1.0.20211006  GCC10.2.1 x86-64 (64-bit Linux)
221007-20:23:54,66 nipype.interface INFO:
	 stdout 2022-10-07T20:23:54.065710:Found 39 DICOM file(s)
221007-20:23:54,66 nipype.interface INFO:
	 stdout 2022-10-07T20:23:54.065710:Warning: Slice timing appears corrupted (range 0..5357.5, TR=4000 ms)
221007-20:23:54,66 nipype.interface INFO:
	 stdout 2022-10-07T20:23:54.065710:Convert 39 DICOM as /out/sub-voice997/ses-1/func/sub-voice997_ses-1_task-nwr_run-2_bold_heudiconv248 (108x108x65x39)
221007-20:23:58,653 nipype.interface INFO:
	 stdout 2022-10-07T20:23:58.653204:Compress: "/usr/bin/pigz" -b 960 -n -f -6 "/out/sub-voice997/ses-1/func/sub-voice997_ses-1_task-nwr_run-2_bold_heudiconv248.nii"
221007-20:23:58,653 nipype.interface INFO:
	 stdout 2022-10-07T20:23:58.653204:Conversion required 4.787923 seconds (0.212645 for core code).
221007-20:23:58,708 nipype.workflow INFO:
	 [Node] Finished "convert", elapsed time 4.872273s.
221007-20:23:58,877 nipype.workflow INFO:
	 [Node] Setting-up "convert" in "/tmp/dcm2niix_fxmtc97/convert".
221007-20:23:58,913 nipype.workflow INFO:
	 [Node] Executing "convert" <nipype.interfaces.dcm2nii.Dcm2niix>
221007-20:23:59,182 nipype.interface INFO:
	 stdout 2022-10-07T20:23:59.181970:Chris Rorden's dcm2niiX version v1.0.20211006  GCC10.2.1 x86-64 (64-bit Linux)
221007-20:23:59,182 nipype.interface INFO:
	 stdout 2022-10-07T20:23:59.181970:Found 38 DICOM file(s)
221007-20:23:59,182 nipype.interface INFO:
	 stdout 2022-10-07T20:23:59.181970:Warning: Slice timing appears corrupted (range 0..5357.5, TR=4000 ms)
221007-20:23:59,182 nipype.interface INFO:
	 stdout 2022-10-07T20:23:59.181970:Convert 38 DICOM as /out/sub-voice997/ses-1/func/sub-voice997_ses-1_task-nwr_run-3_bold_heudiconv588 (108x108x65x38)
221007-20:24:03,469 nipype.interface INFO:
	 stdout 2022-10-07T20:24:03.468918:Compress: "/usr/bin/pigz" -b 960 -n -f -6 "/out/sub-voice997/ses-1/func/sub-voice997_ses-1_task-nwr_run-3_bold_heudiconv588.nii"
221007-20:24:03,470 nipype.interface INFO:
	 stdout 2022-10-07T20:24:03.468918:Conversion required 4.520261 seconds (0.209613 for core code).
221007-20:24:03,521 nipype.workflow INFO:
	 [Node] Finished "convert", elapsed time 4.606916s.
221007-20:24:03,676 nipype.workflow INFO:
	 [Node] Setting-up "convert" in "/tmp/dcm2niixizq09ep4/convert".
221007-20:24:03,760 nipype.workflow INFO:
	 [Node] Executing "convert" <nipype.interfaces.dcm2nii.Dcm2niix>
221007-20:24:04,225 nipype.interface INFO:
	 stdout 2022-10-07T20:24:04.225485:Chris Rorden's dcm2niiX version v1.0.20211006  GCC10.2.1 x86-64 (64-bit Linux)
221007-20:24:04,226 nipype.interface INFO:
	 stdout 2022-10-07T20:24:04.225485:Found 96 DICOM file(s)
221007-20:24:04,226 nipype.interface INFO:
	 stdout 2022-10-07T20:24:04.225485:Warning: Slice timing appears corrupted (range 0..5360, TR=2000 ms)
221007-20:24:04,226 nipype.interface INFO:
	 stdout 2022-10-07T20:24:04.225485:Convert 96 DICOM as /out/sub-voice997/ses-1/func/sub-voice997_ses-1_task-facematch_run-1_bold_heudiconv261 (108x108x65x96)
221007-20:24:15,325 nipype.interface INFO:
	 stdout 2022-10-07T20:24:15.325144:Compress: "/usr/bin/pigz" -b 960 -n -f -6 "/out/sub-voice997/ses-1/func/sub-voice997_ses-1_task-facematch_run-1_bold_heudiconv261.nii"
221007-20:24:15,326 nipype.interface INFO:
	 stdout 2022-10-07T20:24:15.325144:Conversion required 11.534641 seconds (0.555824 for core code).
221007-20:24:15,378 nipype.workflow INFO:
	 [Node] Finished "convert", elapsed time 11.616571s.
221007-20:24:15,591 nipype.workflow INFO:
	 [Node] Setting-up "convert" in "/tmp/dcm2niixgi91gpyn/convert".
221007-20:24:15,676 nipype.workflow INFO:
	 [Node] Executing "convert" <nipype.interfaces.dcm2nii.Dcm2niix>
221007-20:24:16,131 nipype.interface INFO:
	 stdout 2022-10-07T20:24:16.131158:Chris Rorden's dcm2niiX version v1.0.20211006  GCC10.2.1 x86-64 (64-bit Linux)
221007-20:24:16,131 nipype.interface INFO:
	 stdout 2022-10-07T20:24:16.131158:Found 99 DICOM file(s)
221007-20:24:16,131 nipype.interface INFO:
	 stdout 2022-10-07T20:24:16.131158:Warning: Slice timing appears corrupted (range 0..5360, TR=2000 ms)
221007-20:24:16,132 nipype.interface INFO:
	 stdout 2022-10-07T20:24:16.131158:Convert 99 DICOM as /out/sub-voice997/ses-1/func/sub-voice997_ses-1_task-facematch_run-2_bold_heudiconv314 (108x108x65x99)
221007-20:24:27,241 nipype.interface INFO:
	 stdout 2022-10-07T20:24:27.241435:Compress: "/usr/bin/pigz" -b 960 -n -f -6 "/out/sub-voice997/ses-1/func/sub-voice997_ses-1_task-facematch_run-2_bold_heudiconv314.nii"
221007-20:24:27,243 nipype.interface INFO:
	 stdout 2022-10-07T20:24:27.241435:Conversion required 11.532509 seconds (0.529706 for core code).
221007-20:24:27,294 nipype.workflow INFO:
	 [Node] Finished "convert", elapsed time 11.616093s.
221007-20:24:27,513 nipype.workflow INFO:
	 [Node] Setting-up "convert" in "/tmp/dcm2niixqc3sx9mm/convert".
221007-20:24:27,551 nipype.workflow INFO:
	 [Node] Executing "convert" <nipype.interfaces.dcm2nii.Dcm2niix>
221007-20:24:27,832 nipype.interface INFO:
	 stdout 2022-10-07T20:24:27.832299:Chris Rorden's dcm2niiX version v1.0.20211006  GCC10.2.1 x86-64 (64-bit Linux)
221007-20:24:27,833 nipype.interface INFO:
	 stdout 2022-10-07T20:24:27.832299:Found 42 DICOM file(s)
221007-20:24:27,833 nipype.interface INFO:
	 stdout 2022-10-07T20:24:27.832299:Warning: Slice timing appears corrupted (range 0..5360, TR=4000 ms)
221007-20:24:27,833 nipype.interface INFO:
	 stdout 2022-10-07T20:24:27.832299:Convert 42 DICOM as /out/sub-voice997/ses-1/func/sub-voice997_ses-1_task-emosent_run-1_bold_heudiconv277 (108x108x65x42)
221007-20:24:32,638 nipype.interface INFO:
	 stdout 2022-10-07T20:24:32.638677:Compress: "/usr/bin/pigz" -b 960 -n -f -6 "/out/sub-voice997/ses-1/func/sub-voice997_ses-1_task-emosent_run-1_bold_heudiconv277.nii"
221007-20:24:32,640 nipype.interface INFO:
	 stdout 2022-10-07T20:24:32.638677:Conversion required 5.044975 seconds (0.231568 for core code).
221007-20:24:32,702 nipype.workflow INFO:
	 [Node] Finished "convert", elapsed time 5.14946s.
221007-20:24:32,937 nipype.workflow INFO:
	 [Node] Setting-up "convert" in "/tmp/dcm2niix59v6bydd/convert".
221007-20:24:32,976 nipype.workflow INFO:
	 [Node] Executing "convert" <nipype.interfaces.dcm2nii.Dcm2niix>
221007-20:24:33,263 nipype.interface INFO:
	 stdout 2022-10-07T20:24:33.262945:Chris Rorden's dcm2niiX version v1.0.20211006  GCC10.2.1 x86-64 (64-bit Linux)
221007-20:24:33,263 nipype.interface INFO:
	 stdout 2022-10-07T20:24:33.262945:Found 42 DICOM file(s)
221007-20:24:33,263 nipype.interface INFO:
	 stdout 2022-10-07T20:24:33.262945:Warning: Slice timing appears corrupted (range 0..5357.5, TR=4000 ms)
221007-20:24:33,263 nipype.interface INFO:
	 stdout 2022-10-07T20:24:33.262945:Convert 42 DICOM as /out/sub-voice997/ses-1/func/sub-voice997_ses-1_task-emosent_run-2_bold_heudiconv340 (108x108x65x42)
221007-20:24:37,998 nipype.interface INFO:
	 stdout 2022-10-07T20:24:37.997950:Compress: "/usr/bin/pigz" -b 960 -n -f -6 "/out/sub-voice997/ses-1/func/sub-voice997_ses-1_task-emosent_run-2_bold_heudiconv340.nii"
221007-20:24:37,999 nipype.interface INFO:
	 stdout 2022-10-07T20:24:37.997950:Conversion required 4.988294 seconds (0.267400 for core code).
221007-20:24:38,58 nipype.workflow INFO:
	 [Node] Finished "convert", elapsed time 5.079632s.
221007-20:24:38,305 nipype.workflow INFO:
	 [Node] Setting-up "convert" in "/tmp/dcm2niix8m3f82qk/convert".
221007-20:24:38,354 nipype.workflow INFO:
	 [Node] Executing "convert" <nipype.interfaces.dcm2nii.Dcm2niix>
221007-20:24:38,641 nipype.interface INFO:
	 stdout 2022-10-07T20:24:38.641158:Chris Rorden's dcm2niiX version v1.0.20211006  GCC10.2.1 x86-64 (64-bit Linux)
221007-20:24:38,641 nipype.interface INFO:
	 stdout 2022-10-07T20:24:38.641158:Found 55 DICOM file(s)
221007-20:24:38,641 nipype.interface INFO:
	 stdout 2022-10-07T20:24:38.641158:Warning: Slice timing appears corrupted (range 0..5357.5, TR=4000 ms)
221007-20:24:38,642 nipype.interface INFO:
	 stdout 2022-10-07T20:24:38.641158:Convert 55 DICOM as /out/sub-voice997/ses-1/func/sub-voice997_ses-1_task-vowel_run-1_bold_heudiconv348 (108x108x65x55)
221007-20:24:44,933 nipype.interface INFO:
	 stdout 2022-10-07T20:24:44.933087:Compress: "/usr/bin/pigz" -b 960 -n -f -6 "/out/sub-voice997/ses-1/func/sub-voice997_ses-1_task-vowel_run-1_bold_heudiconv348.nii"
221007-20:24:44,933 nipype.interface INFO:
	 stdout 2022-10-07T20:24:44.933087:Conversion required 6.543716 seconds (0.277046 for core code).
221007-20:24:44,998 nipype.workflow INFO:
	 [Node] Finished "convert", elapsed time 6.641781s.
221007-20:24:45,189 nipype.workflow INFO:
	 [Node] Setting-up "convert" in "/tmp/dcm2niix2tnxgh05/convert".
221007-20:24:45,239 nipype.workflow INFO:
	 [Node] Executing "convert" <nipype.interfaces.dcm2nii.Dcm2niix>
221007-20:24:45,520 nipype.interface INFO:
	 stdout 2022-10-07T20:24:45.520189:Chris Rorden's dcm2niiX version v1.0.20211006  GCC10.2.1 x86-64 (64-bit Linux)
221007-20:24:45,520 nipype.interface INFO:
	 stdout 2022-10-07T20:24:45.520189:Found 55 DICOM file(s)
221007-20:24:45,520 nipype.interface INFO:
	 stdout 2022-10-07T20:24:45.520189:Warning: Slice timing appears corrupted (range 0..5360, TR=4000 ms)
221007-20:24:45,521 nipype.interface INFO:
	 stdout 2022-10-07T20:24:45.520189:Convert 55 DICOM as /out/sub-voice997/ses-1/func/sub-voice997_ses-1_task-vowel_run-2_bold_heudiconv347 (108x108x65x55)
221007-20:24:51,709 nipype.interface INFO:
	 stdout 2022-10-07T20:24:51.709582:Compress: "/usr/bin/pigz" -b 960 -n -f -6 "/out/sub-voice997/ses-1/func/sub-voice997_ses-1_task-vowel_run-2_bold_heudiconv347.nii"
221007-20:24:51,709 nipype.interface INFO:
	 stdout 2022-10-07T20:24:51.709582:Conversion required 6.441046 seconds (0.277994 for core code).
221007-20:24:51,762 nipype.workflow INFO:
	 [Node] Finished "convert", elapsed time 6.5213090000000005s.
221007-20:24:51,974 nipype.workflow INFO:
	 [Node] Setting-up "convert" in "/tmp/dcm2niix4t661qor/convert".
221007-20:24:52,58 nipype.workflow INFO:
	 [Node] Executing "convert" <nipype.interfaces.dcm2nii.Dcm2niix>
221007-20:24:52,503 nipype.interface INFO:
	 stdout 2022-10-07T20:24:52.503543:Chris Rorden's dcm2niiX version v1.0.20211006  GCC10.2.1 x86-64 (64-bit Linux)
221007-20:24:52,504 nipype.interface INFO:
	 stdout 2022-10-07T20:24:52.503543:Found 101 DICOM file(s)
221007-20:24:52,504 nipype.interface INFO:
	 stdout 2022-10-07T20:24:52.503543:Warning: Slice timing appears corrupted (range 0..5357.5, TR=2000 ms)
221007-20:24:52,504 nipype.interface INFO:
	 stdout 2022-10-07T20:24:52.503543:Convert 101 DICOM as /out/sub-voice997/ses-1/func/sub-voice997_ses-1_task-pitchnw_run-1_bold_heudiconv979 (108x108x65x101)
221007-20:25:03,881 nipype.interface INFO:
	 stdout 2022-10-07T20:25:03.881243:Compress: "/usr/bin/pigz" -b 960 -n -f -6 "/out/sub-voice997/ses-1/func/sub-voice997_ses-1_task-pitchnw_run-1_bold_heudiconv979.nii"
221007-20:25:03,882 nipype.interface INFO:
	 stdout 2022-10-07T20:25:03.881243:Conversion required 11.788886 seconds (0.492722 for core code).
221007-20:25:03,939 nipype.workflow INFO:
	 [Node] Finished "convert", elapsed time 11.87729s.
221007-20:25:04,200 nipype.workflow INFO:
	 [Node] Setting-up "convert" in "/tmp/dcm2niixfd81ua5e/convert".
221007-20:25:04,289 nipype.workflow INFO:
	 [Node] Executing "convert" <nipype.interfaces.dcm2nii.Dcm2niix>
221007-20:25:04,775 nipype.interface INFO:
	 stdout 2022-10-07T20:25:04.775088:Chris Rorden's dcm2niiX version v1.0.20211006  GCC10.2.1 x86-64 (64-bit Linux)
221007-20:25:04,775 nipype.interface INFO:
	 stdout 2022-10-07T20:25:04.775088:Found 101 DICOM file(s)
221007-20:25:04,775 nipype.interface INFO:
	 stdout 2022-10-07T20:25:04.775088:Warning: Slice timing appears corrupted (range 0..5360, TR=2000 ms)
221007-20:25:04,776 nipype.interface INFO:
	 stdout 2022-10-07T20:25:04.775088:Convert 101 DICOM as /out/sub-voice997/ses-1/func/sub-voice997_ses-1_task-pitchnw_run-2_bold_heudiconv703 (108x108x65x101)
221007-20:25:16,506 nipype.interface INFO:
	 stdout 2022-10-07T20:25:16.506442:Compress: "/usr/bin/pigz" -b 960 -n -f -6 "/out/sub-voice997/ses-1/func/sub-voice997_ses-1_task-pitchnw_run-2_bold_heudiconv703.nii"
221007-20:25:16,508 nipype.interface INFO:
	 stdout 2022-10-07T20:25:16.506442:Conversion required 12.182547 seconds (0.517093 for core code).
221007-20:25:16,570 nipype.workflow INFO:
	 [Node] Finished "convert", elapsed time 12.279276s.
221007-20:25:16,788 nipype.workflow INFO:
	 [Node] Setting-up "convert" in "/tmp/dcm2niixdgigu5us/convert".
221007-20:25:16,904 nipype.workflow INFO:
	 [Node] Executing "convert" <nipype.interfaces.dcm2nii.Dcm2niix>
221007-20:25:17,490 nipype.interface INFO:
	 stdout 2022-10-07T20:25:17.489979:Chris Rorden's dcm2niiX version v1.0.20211006  GCC10.2.1 x86-64 (64-bit Linux)
221007-20:25:17,490 nipype.interface INFO:
	 stdout 2022-10-07T20:25:17.489979:Found 138 DICOM file(s)
221007-20:25:17,490 nipype.interface INFO:
	 stdout 2022-10-07T20:25:17.489979:Warning: Slice timing appears corrupted (range 0..5357.5, TR=1090 ms)
221007-20:25:17,490 nipype.interface INFO:
	 stdout 2022-10-07T20:25:17.489979:Convert 138 DICOM as /out/sub-voice997/ses-1/func/sub-voice997_ses-1_task-movie_run-1_bold_heudiconv075 (108x108x65x138)
221007-20:25:33,499 nipype.interface INFO:
	 stdout 2022-10-07T20:25:33.499131:Compress: "/usr/bin/pigz" -b 960 -n -f -6 "/out/sub-voice997/ses-1/func/sub-voice997_ses-1_task-movie_run-1_bold_heudiconv075.nii"
221007-20:25:33,500 nipype.interface INFO:
	 stdout 2022-10-07T20:25:33.499131:Conversion required 16.568163 seconds (0.693449 for core code).
221007-20:25:33,553 nipype.workflow INFO:
	 [Node] Finished "convert", elapsed time 16.647202s.
