Submitited subject: voice967
Submitted session: 1
Command:
singularity run -B /om2/scratch/Wed/rfbrito/dicom -B /om2/user/rfbrito/voice_depression/bids_conversion -B /om2/scratch/Wed/rfbrito/bids:/out /om2/user/rfbrito/containers/imaging/heudiconv_latest.sif -d /om2/scratch/Wed/rfbrito/dicom/{subject}/session001*/dicom/Trio*/*.dcm -o /out -f /om2/user/rfbrito/voice_depression/bids_conversion/heuristic.py -c dcm2niix -s voice967 -ss 1 -b --minmeta -g accession_number
['3-SMS5_rsfMRI_PA']
[{'item': '4-Spin_Echo_EPI_PA', 'dir': 'PA'}, {'item': '5-Spin_Echo_EPI_AP', 'dir': 'AP'}]
[{'item': '6-SMS2-diff_b1000_free_11b0_61dirs_PA', 'acq': 'PA'}, {'item': '11-SMS2-diff_b1000_free_4b0_AP', 'acq': 'AP'}]
['15-T1_MPRAGE_Ellison_4e_p2_1mm_iso']
['21-T2_SPACE_FLAIR_1.0_iso']
['9-PaTaKa_1_SMS5_Sparse_3x3x3_1640_1000ms', '10-PaTaKa_2_SMS5_Sparse_3x3x3_1640_1000ms']
['16-Sentences_1_SMS5_Sparse_2x2x2_4000_2900ms', '17-Sentences_2_SMS5_Sparse_2x2x2_4000_2900ms']
[]
['13-FaceMatch_1_SMS5_Sparse_2x2x2_2000_900ms', '14-FaceMatch_2_SMS5_Sparse_2x2x2_2000_900ms']
['6-EmoSent_1_SMS5_Sparse_2x2x2_4000_2900ms', '7-EmoSent_1_SMS5_Sparse_2x2x2_4000_2900ms', '8-EmoSent_2_SMS5_Sparse_2x2x2_4000_2900ms']
['4-Vowels_1_SMS5_Sparse_2x2x2_4000_2900ms', '5-Vowels_2_SMS5_Sparse_2x2x2_4000_2900ms']
['18-PitchEmph_1_SMS5_Sparse_2x2x2_2000_900ms', '19-PitchEmph_2_SMS5_Sparse_2x2x2_2000_900ms']
[]
221012-23:40:09,610 nipype.utils WARNING:
	 A newer version (1.8.4) of nipy/nipype is available. You are using 1.8.0
221012-23:40:10,766 nipype.workflow INFO:
	 [Node] Setting-up "convert" in "/tmp/dcm2niixfw78v18h/convert".
221012-23:40:10,846 nipype.workflow INFO:
	 [Node] Executing "convert" <nipype.interfaces.dcm2nii.Dcm2niix>
221012-23:40:13,346 nipype.interface INFO:
	 stdout 2022-10-12T23:40:13.346240:Chris Rorden's dcm2niiX version v1.0.20211006  GCC10.2.1 x86-64 (64-bit Linux)
221012-23:40:13,347 nipype.interface INFO:
	 stdout 2022-10-12T23:40:13.346240:Found 300 DICOM file(s)
221012-23:40:13,347 nipype.interface INFO:
	 stdout 2022-10-12T23:40:13.346240:Warning: Slice timing appears corrupted (range 0..5360, TR=1090 ms)
221012-23:40:13,347 nipype.interface INFO:
	 stdout 2022-10-12T23:40:13.346240:Convert 300 DICOM as /out/sub-voice967/ses-1/func/sub-voice967_ses-1_task-rest_run-1_bold_heudiconv705 (108x108x65x300)
221012-23:40:38,468 nipype.interface INFO:
	 stdout 2022-10-12T23:40:38.468839:Compress: "/usr/bin/pigz" -b 960 -n -f -6 "/out/sub-voice967/ses-1/func/sub-voice967_ses-1_task-rest_run-1_bold_heudiconv705.nii"
221012-23:40:38,470 nipype.interface INFO:
	 stdout 2022-10-12T23:40:38.468839:Conversion required 27.537506 seconds (0.947557 for core code).
221012-23:40:38,503 nipype.workflow INFO:
	 [Node] Finished "convert", elapsed time 27.580162s.
221012-23:40:39,677 nipype.workflow INFO:
	 [Node] Setting-up "convert" in "/tmp/dcm2niixii90oabv/convert".
221012-23:40:39,780 nipype.workflow INFO:
	 [Node] Executing "convert" <nipype.interfaces.dcm2nii.Dcm2niix>
221012-23:40:46,23 nipype.interface INFO:
	 stdout 2022-10-12T23:40:46.023476:Chris Rorden's dcm2niiX version v1.0.20211006  GCC10.2.1 x86-64 (64-bit Linux)
221012-23:40:46,28 nipype.interface INFO:
	 stdout 2022-10-12T23:40:46.023476:Found 260 DICOM file(s)
221012-23:40:46,28 nipype.interface INFO:
	 stdout 2022-10-12T23:40:46.023476:Convert 260 DICOM as /out/sub-voice967/ses-1/fmap/sub-voice967_ses-1_acq-func_dir-PA_run-1_epi_heudiconv086 (108x108x65x4)
221012-23:40:46,558 nipype.interface INFO:
	 stdout 2022-10-12T23:40:46.558806:Compress: "/usr/bin/pigz" -b 960 -n -f -6 "/out/sub-voice967/ses-1/fmap/sub-voice967_ses-1_acq-func_dir-PA_run-1_epi_heudiconv086.nii"
221012-23:40:46,558 nipype.interface INFO:
	 stdout 2022-10-12T23:40:46.558806:Conversion required 6.732533 seconds (0.171326 for core code).
221012-23:40:46,579 nipype.workflow INFO:
	 [Node] Finished "convert", elapsed time 6.797624s.
221012-23:40:47,11 nipype.workflow INFO:
	 [Node] Setting-up "convert" in "/tmp/dcm2niixi7jq5zgj/convert".
221012-23:40:47,98 nipype.workflow INFO:
	 [Node] Executing "convert" <nipype.interfaces.dcm2nii.Dcm2niix>
221012-23:40:52,336 nipype.interface INFO:
	 stdout 2022-10-12T23:40:52.335964:Chris Rorden's dcm2niiX version v1.0.20211006  GCC10.2.1 x86-64 (64-bit Linux)
221012-23:40:52,340 nipype.interface INFO:
	 stdout 2022-10-12T23:40:52.335964:Found 260 DICOM file(s)
221012-23:40:52,340 nipype.interface INFO:
	 stdout 2022-10-12T23:40:52.335964:Convert 260 DICOM as /out/sub-voice967/ses-1/fmap/sub-voice967_ses-1_acq-func_dir-AP_run-2_epi_heudiconv660 (108x108x65x4)
221012-23:40:52,757 nipype.interface INFO:
	 stdout 2022-10-12T23:40:52.757201:Compress: "/usr/bin/pigz" -b 960 -n -f -6 "/out/sub-voice967/ses-1/fmap/sub-voice967_ses-1_acq-func_dir-AP_run-2_epi_heudiconv660.nii"
221012-23:40:52,757 nipype.interface INFO:
	 stdout 2022-10-12T23:40:52.757201:Conversion required 5.634175 seconds (0.156357 for core code).
221012-23:40:52,779 nipype.workflow INFO:
	 [Node] Finished "convert", elapsed time 5.679083s.
221012-23:40:52,958 nipype.workflow INFO:
	 [Node] Setting-up "convert" in "/tmp/dcm2niixsw0du0t9/convert".
221012-23:40:52,975 nipype.workflow INFO:
	 [Node] Executing "convert" <nipype.interfaces.dcm2nii.Dcm2niix>
221012-23:40:54,637 nipype.interface INFO:
	 stdout 2022-10-12T23:40:54.637647:Chris Rorden's dcm2niiX version v1.0.20211006  GCC10.2.1 x86-64 (64-bit Linux)
221012-23:40:54,638 nipype.interface INFO:
	 stdout 2022-10-12T23:40:54.637647:Found 72 DICOM file(s)
221012-23:40:54,638 nipype.interface INFO:
	 stdout 2022-10-12T23:40:54.637647:Warning: Slice timing appears corrupted (range 0..8.63999e+07, TR=4400 ms)
221012-23:40:54,638 nipype.interface INFO:
	 stdout 2022-10-12T23:40:54.637647:Convert 72 DICOM as /out/sub-voice967/ses-1/dwi/sub-voice967_ses-1_acq-PA_dwi_heudiconv155 (120x120x66x72)
221012-23:41:01,989 nipype.interface INFO:
	 stdout 2022-10-12T23:41:01.989047:Compress: "/usr/bin/pigz" -b 960 -n -f -6 "/out/sub-voice967/ses-1/dwi/sub-voice967_ses-1_acq-PA_dwi_heudiconv155.nii"
221012-23:41:01,989 nipype.interface INFO:
	 stdout 2022-10-12T23:41:01.989047:Conversion required 8.998527 seconds (0.256168 for core code).
221012-23:41:02,18 nipype.workflow INFO:
	 [Node] Finished "convert", elapsed time 9.042s.
221012-23:41:02,202 nipype.workflow INFO:
	 [Node] Setting-up "convert" in "/tmp/dcm2niix_4h_uugh/convert".
221012-23:41:02,209 nipype.workflow INFO:
	 [Node] Executing "convert" <nipype.interfaces.dcm2nii.Dcm2niix>
221012-23:41:02,592 nipype.interface INFO:
	 stdout 2022-10-12T23:41:02.592804:Chris Rorden's dcm2niiX version v1.0.20211006  GCC10.2.1 x86-64 (64-bit Linux)
221012-23:41:02,593 nipype.interface INFO:
	 stdout 2022-10-12T23:41:02.592804:Found 7 DICOM file(s)
221012-23:41:02,593 nipype.interface INFO:
	 stdout 2022-10-12T23:41:02.592804:Warning: Slice timing appears corrupted (range 0..8.63999e+07, TR=4400 ms)
221012-23:41:02,593 nipype.interface INFO:
	 stdout 2022-10-12T23:41:02.592804:Convert 7 DICOM as /out/sub-voice967/ses-1/dwi/sub-voice967_ses-1_acq-AP_dwi_heudiconv639 (120x120x66x7)
221012-23:41:03,410 nipype.interface INFO:
	 stdout 2022-10-12T23:41:03.410819:Compress: "/usr/bin/pigz" -b 960 -n -f -6 "/out/sub-voice967/ses-1/dwi/sub-voice967_ses-1_acq-AP_dwi_heudiconv639.nii"
221012-23:41:03,410 nipype.interface INFO:
	 stdout 2022-10-12T23:41:03.410819:Conversion required 1.179644 seconds (0.040470 for core code).
221012-23:41:03,431 nipype.workflow INFO:
	 [Node] Finished "convert", elapsed time 1.221201s.
221012-23:41:04,11 nipype.workflow INFO:
	 [Node] Setting-up "convert" in "/tmp/dcm2niix1ioj1h_k/convert".
221012-23:41:04,91 nipype.workflow INFO:
	 [Node] Executing "convert" <nipype.interfaces.dcm2nii.Dcm2niix>
221012-23:41:09,168 nipype.interface INFO:
	 stdout 2022-10-12T23:41:09.167829:Chris Rorden's dcm2niiX version v1.0.20211006  GCC10.2.1 x86-64 (64-bit Linux)
221012-23:41:09,169 nipype.interface INFO:
	 stdout 2022-10-12T23:41:09.167829:Found 176 DICOM file(s)
221012-23:41:09,169 nipype.interface INFO:
	 stdout 2022-10-12T23:41:09.167829:Convert 176 DICOM as /out/sub-voice967/ses-1/anat/sub-voice967_ses-1_run-1_T1w_heudiconv090 (256x256x176x1)
221012-23:41:10,694 nipype.interface INFO:
	 stdout 2022-10-12T23:41:10.694463:Compress: "/usr/bin/pigz" -b 960 -n -f -6 "/out/sub-voice967/ses-1/anat/sub-voice967_ses-1_run-1_T1w_heudiconv090.nii"
221012-23:41:10,694 nipype.interface INFO:
	 stdout 2022-10-12T23:41:10.694463:Conversion required 6.585543 seconds (0.402925 for core code).
221012-23:41:10,717 nipype.workflow INFO:
	 [Node] Finished "convert", elapsed time 6.622685s.
221012-23:41:11,0 nipype.workflow INFO:
	 [Node] Setting-up "convert" in "/tmp/dcm2niix2lq9ooyh/convert".
221012-23:41:11,37 nipype.workflow INFO:
	 [Node] Executing "convert" <nipype.interfaces.dcm2nii.Dcm2niix>
221012-23:41:11,972 nipype.interface INFO:
	 stdout 2022-10-12T23:41:11.972187:Chris Rorden's dcm2niiX version v1.0.20211006  GCC10.2.1 x86-64 (64-bit Linux)
221012-23:41:11,972 nipype.interface INFO:
	 stdout 2022-10-12T23:41:11.972187:Found 176 DICOM file(s)
221012-23:41:11,972 nipype.interface INFO:
	 stdout 2022-10-12T23:41:11.972187:Convert 176 DICOM as /out/sub-voice967/ses-1/anat/sub-voice967_ses-1_T2w_heudiconv790 (256x256x176x1)
221012-23:41:13,442 nipype.interface INFO:
	 stdout 2022-10-12T23:41:13.441952:Compress: "/usr/bin/pigz" -b 960 -n -f -6 "/out/sub-voice967/ses-1/anat/sub-voice967_ses-1_T2w_heudiconv790.nii"
221012-23:41:13,442 nipype.interface INFO:
	 stdout 2022-10-12T23:41:13.441952:Conversion required 2.384014 seconds (0.339145 for core code).
221012-23:41:13,463 nipype.workflow INFO:
	 [Node] Finished "convert", elapsed time 2.425115s.
221012-23:41:13,782 nipype.workflow INFO:
	 [Node] Setting-up "convert" in "/tmp/dcm2niix3zdc2vhl/convert".
221012-23:41:13,868 nipype.workflow INFO:
	 [Node] Executing "convert" <nipype.interfaces.dcm2nii.Dcm2niix>
221012-23:41:15,499 nipype.interface INFO:
	 stdout 2022-10-12T23:41:15.499032:Chris Rorden's dcm2niiX version v1.0.20211006  GCC10.2.1 x86-64 (64-bit Linux)
221012-23:41:15,499 nipype.interface INFO:
	 stdout 2022-10-12T23:41:15.499032:Found 207 DICOM file(s)
221012-23:41:15,499 nipype.interface INFO:
	 stdout 2022-10-12T23:41:15.499032:Warning: Slice timing appears corrupted (range 0..3135, TR=1640 ms)
221012-23:41:15,499 nipype.interface INFO:
	 stdout 2022-10-12T23:41:15.499032:Convert 207 DICOM as /out/sub-voice967/ses-1/func/sub-voice967_ses-1_task-pataka_run-1_bold_heudiconv432 (72x72x45x207)
221012-23:41:20,819 nipype.interface INFO:
	 stdout 2022-10-12T23:41:20.819270:Compress: "/usr/bin/pigz" -b 960 -n -f -6 "/out/sub-voice967/ses-1/func/sub-voice967_ses-1_task-pataka_run-1_bold_heudiconv432.nii"
221012-23:41:20,821 nipype.interface INFO:
	 stdout 2022-10-12T23:41:20.819270:Conversion required 6.918306 seconds (0.262129 for core code).
221012-23:41:20,842 nipype.workflow INFO:
	 [Node] Finished "convert", elapsed time 6.972352s.
221012-23:41:21,528 nipype.workflow INFO:
	 [Node] Setting-up "convert" in "/tmp/dcm2niix8wyuktzz/convert".
221012-23:41:21,600 nipype.workflow INFO:
	 [Node] Executing "convert" <nipype.interfaces.dcm2nii.Dcm2niix>
221012-23:41:23,461 nipype.interface INFO:
	 stdout 2022-10-12T23:41:23.461733:Chris Rorden's dcm2niiX version v1.0.20211006  GCC10.2.1 x86-64 (64-bit Linux)
221012-23:41:23,462 nipype.interface INFO:
	 stdout 2022-10-12T23:41:23.461733:Found 207 DICOM file(s)
221012-23:41:23,462 nipype.interface INFO:
	 stdout 2022-10-12T23:41:23.461733:Warning: Slice timing appears corrupted (range 0..3135, TR=1640 ms)
221012-23:41:23,462 nipype.interface INFO:
	 stdout 2022-10-12T23:41:23.461733:Convert 207 DICOM as /out/sub-voice967/ses-1/func/sub-voice967_ses-1_task-pataka_run-2_bold_heudiconv018 (72x72x45x207)
221012-23:41:28,538 nipype.interface INFO:
	 stdout 2022-10-12T23:41:28.538329:Compress: "/usr/bin/pigz" -b 960 -n -f -6 "/out/sub-voice967/ses-1/func/sub-voice967_ses-1_task-pataka_run-2_bold_heudiconv018.nii"
221012-23:41:28,540 nipype.interface INFO:
	 stdout 2022-10-12T23:41:28.538329:Conversion required 6.910581 seconds (0.237804 for core code).
221012-23:41:28,575 nipype.workflow INFO:
	 [Node] Finished "convert", elapsed time 6.973385s.
221012-23:41:28,867 nipype.workflow INFO:
	 [Node] Setting-up "convert" in "/tmp/dcm2niixp_sjgk08/convert".
221012-23:41:28,911 nipype.workflow INFO:
	 [Node] Executing "convert" <nipype.interfaces.dcm2nii.Dcm2niix>
221012-23:41:30,584 nipype.interface INFO:
	 stdout 2022-10-12T23:41:30.584066:Chris Rorden's dcm2niiX version v1.0.20211006  GCC10.2.1 x86-64 (64-bit Linux)
221012-23:41:30,584 nipype.interface INFO:
	 stdout 2022-10-12T23:41:30.584066:Found 64 DICOM file(s)
221012-23:41:30,584 nipype.interface INFO:
	 stdout 2022-10-12T23:41:30.584066:Warning: Slice timing appears corrupted (range 0..5360, TR=4000 ms)
221012-23:41:30,584 nipype.interface INFO:
	 stdout 2022-10-12T23:41:30.584066:Convert 64 DICOM as /out/sub-voice967/ses-1/func/sub-voice967_ses-1_task-pitchsent_run-1_bold_heudiconv920 (108x108x65x64)
221012-23:41:35,869 nipype.interface INFO:
	 stdout 2022-10-12T23:41:35.869345:Compress: "/usr/bin/pigz" -b 960 -n -f -6 "/out/sub-voice967/ses-1/func/sub-voice967_ses-1_task-pitchsent_run-1_bold_heudiconv920.nii"
221012-23:41:35,871 nipype.interface INFO:
	 stdout 2022-10-12T23:41:35.869345:Conversion required 6.943893 seconds (0.182271 for core code).
221012-23:41:35,930 nipype.workflow INFO:
	 [Node] Finished "convert", elapsed time 7.017754s.
221012-23:41:36,180 nipype.workflow INFO:
	 [Node] Setting-up "convert" in "/tmp/dcm2niixl5pq0dry/convert".
221012-23:41:36,209 nipype.workflow INFO:
	 [Node] Executing "convert" <nipype.interfaces.dcm2nii.Dcm2niix>
221012-23:41:37,445 nipype.interface INFO:
	 stdout 2022-10-12T23:41:37.445581:Chris Rorden's dcm2niiX version v1.0.20211006  GCC10.2.1 x86-64 (64-bit Linux)
221012-23:41:37,446 nipype.interface INFO:
	 stdout 2022-10-12T23:41:37.445581:Found 64 DICOM file(s)
221012-23:41:37,446 nipype.interface INFO:
	 stdout 2022-10-12T23:41:37.445581:Warning: Slice timing appears corrupted (range 0..5360, TR=4000 ms)
221012-23:41:37,446 nipype.interface INFO:
	 stdout 2022-10-12T23:41:37.445581:Convert 64 DICOM as /out/sub-voice967/ses-1/func/sub-voice967_ses-1_task-pitchsent_run-2_bold_heudiconv222 (108x108x65x64)
221012-23:41:42,752 nipype.interface INFO:
	 stdout 2022-10-12T23:41:42.752075:Compress: "/usr/bin/pigz" -b 960 -n -f -6 "/out/sub-voice967/ses-1/func/sub-voice967_ses-1_task-pitchsent_run-2_bold_heudiconv222.nii"
221012-23:41:42,809 nipype.interface INFO:
	 stdout 2022-10-12T23:41:42.752075:Conversion required 6.522586 seconds (0.213269 for core code).
221012-23:41:42,834 nipype.workflow INFO:
	 [Node] Finished "convert", elapsed time 6.623291s.
221012-23:41:43,147 nipype.workflow INFO:
	 [Node] Setting-up "convert" in "/tmp/dcm2niixd3zwy7jn/convert".
221012-23:41:43,173 nipype.workflow INFO:
	 [Node] Executing "convert" <nipype.interfaces.dcm2nii.Dcm2niix>
221012-23:41:44,467 nipype.interface INFO:
	 stdout 2022-10-12T23:41:44.466967:Chris Rorden's dcm2niiX version v1.0.20211006  GCC10.2.1 x86-64 (64-bit Linux)
221012-23:41:44,467 nipype.interface INFO:
	 stdout 2022-10-12T23:41:44.466967:Found 99 DICOM file(s)
221012-23:41:44,467 nipype.interface INFO:
	 stdout 2022-10-12T23:41:44.466967:Warning: Slice timing appears corrupted (range 0..5360, TR=2000 ms)
221012-23:41:44,467 nipype.interface INFO:
	 stdout 2022-10-12T23:41:44.466967:Convert 99 DICOM as /out/sub-voice967/ses-1/func/sub-voice967_ses-1_task-facematch_run-1_bold_heudiconv074 (108x108x65x99)
221012-23:41:52,459 nipype.interface INFO:
	 stdout 2022-10-12T23:41:52.459692:Compress: "/usr/bin/pigz" -b 960 -n -f -6 "/out/sub-voice967/ses-1/func/sub-voice967_ses-1_task-facematch_run-1_bold_heudiconv074.nii"
221012-23:41:52,460 nipype.interface INFO:
	 stdout 2022-10-12T23:41:52.459692:Conversion required 9.272987 seconds (0.230840 for core code).
221012-23:41:52,486 nipype.workflow INFO:
	 [Node] Finished "convert", elapsed time 9.311912s.
221012-23:41:52,667 nipype.workflow INFO:
	 [Node] Setting-up "convert" in "/tmp/dcm2niix2i38mz5v/convert".
221012-23:41:52,711 nipype.workflow INFO:
	 [Node] Executing "convert" <nipype.interfaces.dcm2nii.Dcm2niix>
221012-23:41:54,359 nipype.interface INFO:
	 stdout 2022-10-12T23:41:54.358816:Chris Rorden's dcm2niiX version v1.0.20211006  GCC10.2.1 x86-64 (64-bit Linux)
221012-23:41:54,359 nipype.interface INFO:
	 stdout 2022-10-12T23:41:54.358816:Found 99 DICOM file(s)
221012-23:41:54,359 nipype.interface INFO:
	 stdout 2022-10-12T23:41:54.358816:Warning: Slice timing appears corrupted (range 0..5357.5, TR=2000 ms)
221012-23:41:54,359 nipype.interface INFO:
	 stdout 2022-10-12T23:41:54.358816:Convert 99 DICOM as /out/sub-voice967/ses-1/func/sub-voice967_ses-1_task-facematch_run-2_bold_heudiconv900 (108x108x65x99)
221012-23:42:02,714 nipype.interface INFO:
	 stdout 2022-10-12T23:42:02.714075:Compress: "/usr/bin/pigz" -b 960 -n -f -6 "/out/sub-voice967/ses-1/func/sub-voice967_ses-1_task-facematch_run-2_bold_heudiconv900.nii"
221012-23:42:02,714 nipype.interface INFO:
	 stdout 2022-10-12T23:42:02.714075:Conversion required 9.982912 seconds (0.285554 for core code).
221012-23:42:02,735 nipype.workflow INFO:
	 [Node] Finished "convert", elapsed time 10.022747s.
221012-23:42:02,978 nipype.workflow INFO:
	 [Node] Setting-up "convert" in "/tmp/dcm2niix023_15b9/convert".
221012-23:42:03,1 nipype.workflow INFO:
	 [Node] Executing "convert" <nipype.interfaces.dcm2nii.Dcm2niix>
221012-23:42:03,948 nipype.interface INFO:
	 stdout 2022-10-12T23:42:03.948262:Chris Rorden's dcm2niiX version v1.0.20211006  GCC10.2.1 x86-64 (64-bit Linux)
221012-23:42:03,948 nipype.interface INFO:
	 stdout 2022-10-12T23:42:03.948262:Found 48 DICOM file(s)
221012-23:42:03,949 nipype.interface INFO:
	 stdout 2022-10-12T23:42:03.948262:Warning: Slice timing appears corrupted (range 0..5360, TR=4000 ms)
221012-23:42:03,949 nipype.interface INFO:
	 stdout 2022-10-12T23:42:03.948262:Convert 48 DICOM as /out/sub-voice967/ses-1/func/sub-voice967_ses-1_task-emosent_run-1_bold_heudiconv914 (108x108x65x48)
221012-23:42:08,97 nipype.interface INFO:
	 stdout 2022-10-12T23:42:08.097560:Compress: "/usr/bin/pigz" -b 960 -n -f -6 "/out/sub-voice967/ses-1/func/sub-voice967_ses-1_task-emosent_run-1_bold_heudiconv914.nii"
221012-23:42:08,98 nipype.interface INFO:
	 stdout 2022-10-12T23:42:08.097560:Conversion required 5.071282 seconds (0.163015 for core code).
221012-23:42:08,124 nipype.workflow INFO:
	 [Node] Finished "convert", elapsed time 5.121358s.
221012-23:42:08,938 nipype.workflow INFO:
	 [Node] Setting-up "convert" in "/tmp/dcm2niixxkdvl4md/convert".
221012-23:42:08,962 nipype.workflow INFO:
	 [Node] Executing "convert" <nipype.interfaces.dcm2nii.Dcm2niix>
221012-23:42:10,199 nipype.interface INFO:
	 stdout 2022-10-12T23:42:10.199238:Chris Rorden's dcm2niiX version v1.0.20211006  GCC10.2.1 x86-64 (64-bit Linux)
221012-23:42:10,199 nipype.interface INFO:
	 stdout 2022-10-12T23:42:10.199238:Found 48 DICOM file(s)
221012-23:42:10,199 nipype.interface INFO:
	 stdout 2022-10-12T23:42:10.199238:Warning: Slice timing appears corrupted (range 0..5360, TR=4000 ms)
221012-23:42:10,200 nipype.interface INFO:
	 stdout 2022-10-12T23:42:10.199238:Convert 48 DICOM as /out/sub-voice967/ses-1/func/sub-voice967_ses-1_task-emosent_run-2_bold_heudiconv314 (108x108x65x48)
221012-23:42:14,469 nipype.interface INFO:
	 stdout 2022-10-12T23:42:14.469810:Compress: "/usr/bin/pigz" -b 960 -n -f -6 "/out/sub-voice967/ses-1/func/sub-voice967_ses-1_task-emosent_run-2_bold_heudiconv314.nii"
221012-23:42:14,472 nipype.interface INFO:
	 stdout 2022-10-12T23:42:14.469810:Conversion required 5.486424 seconds (0.162621 for core code).
221012-23:42:14,511 nipype.workflow INFO:
	 [Node] Finished "convert", elapsed time 5.547493s.
221012-23:42:15,78 nipype.workflow INFO:
	 [Node] Setting-up "convert" in "/tmp/dcm2niix_pyoo1tn/convert".
221012-23:42:15,106 nipype.workflow INFO:
	 [Node] Executing "convert" <nipype.interfaces.dcm2nii.Dcm2niix>
221012-23:42:17,660 nipype.interface INFO:
	 stdout 2022-10-12T23:42:17.660663:Chris Rorden's dcm2niiX version v1.0.20211006  GCC10.2.1 x86-64 (64-bit Linux)
221012-23:42:17,661 nipype.interface INFO:
	 stdout 2022-10-12T23:42:17.660663:Found 48 DICOM file(s)
221012-23:42:17,661 nipype.interface INFO:
	 stdout 2022-10-12T23:42:17.660663:Warning: Slice timing appears corrupted (range 0..5360, TR=4000 ms)
221012-23:42:17,661 nipype.interface INFO:
	 stdout 2022-10-12T23:42:17.660663:Convert 48 DICOM as /out/sub-voice967/ses-1/func/sub-voice967_ses-1_task-emosent_run-3_bold_heudiconv066 (108x108x65x48)
221012-23:42:21,764 nipype.interface INFO:
	 stdout 2022-10-12T23:42:21.764038:Compress: "/usr/bin/pigz" -b 960 -n -f -6 "/out/sub-voice967/ses-1/func/sub-voice967_ses-1_task-emosent_run-3_bold_heudiconv066.nii"
221012-23:42:21,826 nipype.interface INFO:
	 stdout 2022-10-12T23:42:21.764038:Conversion required 6.636810 seconds (0.130456 for core code).
221012-23:42:21,917 nipype.workflow INFO:
	 [Node] Finished "convert", elapsed time 6.809757s.
221012-23:42:22,344 nipype.workflow INFO:
	 [Node] Setting-up "convert" in "/tmp/dcm2niix43nmzm5b/convert".
221012-23:42:22,364 nipype.workflow INFO:
	 [Node] Executing "convert" <nipype.interfaces.dcm2nii.Dcm2niix>
221012-23:42:26,98 nipype.interface INFO:
	 stdout 2022-10-12T23:42:26.098460:Chris Rorden's dcm2niiX version v1.0.20211006  GCC10.2.1 x86-64 (64-bit Linux)
221012-23:42:26,127 nipype.interface INFO:
	 stdout 2022-10-12T23:42:26.098460:Found 60 DICOM file(s)
221012-23:42:26,127 nipype.interface INFO:
	 stdout 2022-10-12T23:42:26.098460:Warning: Slice timing appears corrupted (range 0..5360, TR=4000 ms)
221012-23:42:26,127 nipype.interface INFO:
	 stdout 2022-10-12T23:42:26.098460:Convert 60 DICOM as /out/sub-voice967/ses-1/func/sub-voice967_ses-1_task-vowel_run-1_bold_heudiconv271 (108x108x65x60)
221012-23:42:32,286 nipype.interface INFO:
	 stdout 2022-10-12T23:42:32.286467:Compress: "/usr/bin/pigz" -b 960 -n -f -6 "/out/sub-voice967/ses-1/func/sub-voice967_ses-1_task-vowel_run-1_bold_heudiconv271.nii"
221012-23:42:32,291 nipype.interface INFO:
	 stdout 2022-10-12T23:42:32.286467:Conversion required 9.906604 seconds (0.175295 for core code).
221012-23:42:32,322 nipype.workflow INFO:
	 [Node] Finished "convert", elapsed time 9.957769s.
221012-23:42:33,487 nipype.workflow INFO:
	 [Node] Setting-up "convert" in "/tmp/dcm2niixyr5n_x2w/convert".
221012-23:42:33,509 nipype.workflow INFO:
	 [Node] Executing "convert" <nipype.interfaces.dcm2nii.Dcm2niix>
221012-23:42:36,796 nipype.interface INFO:
	 stdout 2022-10-12T23:42:36.795949:Chris Rorden's dcm2niiX version v1.0.20211006  GCC10.2.1 x86-64 (64-bit Linux)
221012-23:42:36,796 nipype.interface INFO:
	 stdout 2022-10-12T23:42:36.795949:Found 60 DICOM file(s)
221012-23:42:36,796 nipype.interface INFO:
	 stdout 2022-10-12T23:42:36.795949:Warning: Slice timing appears corrupted (range 0..5360, TR=4000 ms)
221012-23:42:36,796 nipype.interface INFO:
	 stdout 2022-10-12T23:42:36.795949:Convert 60 DICOM as /out/sub-voice967/ses-1/func/sub-voice967_ses-1_task-vowel_run-2_bold_heudiconv542 (108x108x65x60)
221012-23:42:42,831 nipype.interface INFO:
	 stdout 2022-10-12T23:42:42.831289:Compress: "/usr/bin/pigz" -b 960 -n -f -6 "/out/sub-voice967/ses-1/func/sub-voice967_ses-1_task-vowel_run-2_bold_heudiconv542.nii"
221012-23:42:42,832 nipype.interface INFO:
	 stdout 2022-10-12T23:42:42.831289:Conversion required 9.300797 seconds (0.153324 for core code).
221012-23:42:42,863 nipype.workflow INFO:
	 [Node] Finished "convert", elapsed time 9.353463s.
221012-23:42:43,498 nipype.workflow INFO:
	 [Node] Setting-up "convert" in "/tmp/dcm2niix89urrlkw/convert".
221012-23:42:43,527 nipype.workflow INFO:
	 [Node] Executing "convert" <nipype.interfaces.dcm2nii.Dcm2niix>
221012-23:42:46,973 nipype.interface INFO:
	 stdout 2022-10-12T23:42:46.973243:Chris Rorden's dcm2niiX version v1.0.20211006  GCC10.2.1 x86-64 (64-bit Linux)
221012-23:42:46,974 nipype.interface INFO:
	 stdout 2022-10-12T23:42:46.973243:Found 101 DICOM file(s)
221012-23:42:46,974 nipype.interface INFO:
	 stdout 2022-10-12T23:42:46.973243:Warning: Slice timing appears corrupted (range 0..5360, TR=2000 ms)
221012-23:42:46,974 nipype.interface INFO:
	 stdout 2022-10-12T23:42:46.973243:Convert 101 DICOM as /out/sub-voice967/ses-1/func/sub-voice967_ses-1_task-pitchnw_run-1_bold_heudiconv762 (108x108x65x101)
221012-23:42:55,463 nipype.interface INFO:
	 stdout 2022-10-12T23:42:55.463821:Compress: "/usr/bin/pigz" -b 960 -n -f -6 "/out/sub-voice967/ses-1/func/sub-voice967_ses-1_task-pitchnw_run-1_bold_heudiconv762.nii"
221012-23:42:55,464 nipype.interface INFO:
	 stdout 2022-10-12T23:42:55.463821:Conversion required 11.898774 seconds (0.286269 for core code).
221012-23:42:55,563 nipype.workflow INFO:
	 [Node] Finished "convert", elapsed time 12.034792s.
221012-23:42:56,359 nipype.workflow INFO:
	 [Node] Setting-up "convert" in "/tmp/dcm2niixb26yyj9j/convert".
221012-23:42:56,404 nipype.workflow INFO:
	 [Node] Executing "convert" <nipype.interfaces.dcm2nii.Dcm2niix>
221012-23:43:01,66 nipype.interface INFO:
	 stdout 2022-10-12T23:43:01.066741:Chris Rorden's dcm2niiX version v1.0.20211006  GCC10.2.1 x86-64 (64-bit Linux)
221012-23:43:01,84 nipype.interface INFO:
	 stdout 2022-10-12T23:43:01.066741:Found 101 DICOM file(s)
221012-23:43:01,84 nipype.interface INFO:
	 stdout 2022-10-12T23:43:01.066741:Warning: Slice timing appears corrupted (range 0..5360, TR=2000 ms)
221012-23:43:01,84 nipype.interface INFO:
	 stdout 2022-10-12T23:43:01.066741:Convert 101 DICOM as /out/sub-voice967/ses-1/func/sub-voice967_ses-1_task-pitchnw_run-2_bold_heudiconv551 (108x108x65x101)
221012-23:43:09,777 nipype.interface INFO:
	 stdout 2022-10-12T23:43:09.777625:Compress: "/usr/bin/pigz" -b 960 -n -f -6 "/out/sub-voice967/ses-1/func/sub-voice967_ses-1_task-pitchnw_run-2_bold_heudiconv551.nii"
221012-23:43:09,804 nipype.interface INFO:
	 stdout 2022-10-12T23:43:09.777625:Conversion required 13.331783 seconds (0.360650 for core code).
221012-23:43:09,846 nipype.workflow INFO:
	 [Node] Finished "convert", elapsed time 13.44004s.
DONE
