INFO: Running heudiconv version 0.11.3+d20220512 latest 0.11.4
INFO: Need to process 1 study sessions
INFO: PROCESSING STARTS: {'subject': 'voice873', 'outdir': '/out/', 'session': '1'}
INFO: Processing 5077 dicoms
INFO: Analyzing 5077 dicoms
INFO: Generated sequence info for 48 accession numbers with 5077 entries total
INFO: Doing conversion using dcm2niix
INFO: Converting /out/sub-voice873/ses-1/func/sub-voice873_ses-1_task-rest_run-1_bold (300 DICOMs) -> /out/sub-voice873/ses-1/func . Converter: dcm2niix . Output types: ('nii.gz',)
WARNING: A newer version (1.8.4) of nipy/nipype is available. You are using 1.8.0
INFO: [Node] Setting-up "convert" in "/tmp/dcm2niixssvy08ft/convert".
INFO: [Node] Executing "convert" <nipype.interfaces.dcm2nii.Dcm2niix>
INFO: stdout 2022-10-12T23:32:38.101767:Chris Rorden's dcm2niiX version v1.0.20211006  GCC10.2.1 x86-64 (64-bit Linux)
INFO: stdout 2022-10-12T23:32:38.101767:Found 300 DICOM file(s)
INFO: stdout 2022-10-12T23:32:38.101767:Warning: Slice timing appears corrupted (range 0..5360, TR=1090 ms)
INFO: stdout 2022-10-12T23:32:38.101767:Convert 300 DICOM as /out/sub-voice873/ses-1/func/sub-voice873_ses-1_task-rest_run-1_bold_heudiconv311 (108x108x65x300)
INFO: stdout 2022-10-12T23:33:09.521996:Compress: "/usr/bin/pigz" -b 960 -n -f -6 "/out/sub-voice873/ses-1/func/sub-voice873_ses-1_task-rest_run-1_bold_heudiconv311.nii"
INFO: stdout 2022-10-12T23:33:09.521996:Conversion required 33.395029 seconds (0.627604 for core code).
INFO: [Node] Finished "convert", elapsed time 33.426023s.
INFO: Post-treating /out/sub-voice873/ses-1/func/sub-voice873_ses-1_task-rest_run-1_bold.json file
INFO: Converting /out/sub-voice873/ses-1/fmap/sub-voice873_ses-1_acq-func_dir-PA_run-1_epi (260 DICOMs) -> /out/sub-voice873/ses-1/fmap . Converter: dcm2niix . Output types: ('nii.gz',)
INFO: [Node] Setting-up "convert" in "/tmp/dcm2niixw3yoep3z/convert".
INFO: [Node] Executing "convert" <nipype.interfaces.dcm2nii.Dcm2niix>
INFO: stdout 2022-10-12T23:33:17.903493:Chris Rorden's dcm2niiX version v1.0.20211006  GCC10.2.1 x86-64 (64-bit Linux)
INFO: stdout 2022-10-12T23:33:17.903493:Found 260 DICOM file(s)
INFO: stdout 2022-10-12T23:33:17.903493:Convert 260 DICOM as /out/sub-voice873/ses-1/fmap/sub-voice873_ses-1_acq-func_dir-PA_run-1_epi_heudiconv999 (108x108x65x4)
INFO: stdout 2022-10-12T23:33:19.990804:Compress: "/usr/bin/pigz" -b 960 -n -f -6 "/out/sub-voice873/ses-1/fmap/sub-voice873_ses-1_acq-func_dir-PA_run-1_epi_heudiconv999.nii"
INFO: stdout 2022-10-12T23:33:19.990804:Conversion required 8.335233 seconds (0.102999 for core code).
INFO: [Node] Finished "convert", elapsed time 12.317639s.
WARNING: Failed to find task field in /out/sub-voice873/ses-1/fmap/sub-voice873_ses-1_acq-func_dir-PA_run-1_epi.json.
INFO: Post-treating /out/sub-voice873/ses-1/fmap/sub-voice873_ses-1_acq-func_dir-PA_run-1_epi.json file
INFO: Converting /out/sub-voice873/ses-1/fmap/sub-voice873_ses-1_acq-func_dir-AP_run-2_epi (260 DICOMs) -> /out/sub-voice873/ses-1/fmap . Converter: dcm2niix . Output types: ('nii.gz',)
INFO: [Node] Setting-up "convert" in "/tmp/dcm2niixrw87z5g6/convert".
INFO: [Node] Executing "convert" <nipype.interfaces.dcm2nii.Dcm2niix>
INFO: stdout 2022-10-12T23:33:30.865727:Chris Rorden's dcm2niiX version v1.0.20211006  GCC10.2.1 x86-64 (64-bit Linux)
INFO: stdout 2022-10-12T23:33:30.865727:Found 260 DICOM file(s)
INFO: stdout 2022-10-12T23:33:30.865727:Convert 260 DICOM as /out/sub-voice873/ses-1/fmap/sub-voice873_ses-1_acq-func_dir-AP_run-2_epi_heudiconv223 (108x108x65x4)
INFO: stdout 2022-10-12T23:33:31.845287:Compress: "/usr/bin/pigz" -b 960 -n -f -6 "/out/sub-voice873/ses-1/fmap/sub-voice873_ses-1_acq-func_dir-AP_run-2_epi_heudiconv223.nii"
INFO: stdout 2022-10-12T23:33:31.845287:Conversion required 4.629246 seconds (0.095750 for core code).
INFO: [Node] Finished "convert", elapsed time 4.672261s.
WARNING: Failed to find task field in /out/sub-voice873/ses-1/fmap/sub-voice873_ses-1_acq-func_dir-AP_run-2_epi.json.
INFO: Post-treating /out/sub-voice873/ses-1/fmap/sub-voice873_ses-1_acq-func_dir-AP_run-2_epi.json file
INFO: Converting /out/sub-voice873/ses-1/dwi/sub-voice873_ses-1_acq-PA_dwi (72 DICOMs) -> /out/sub-voice873/ses-1/dwi . Converter: dcm2niix . Output types: ('nii.gz',)
INFO: [Node] Setting-up "convert" in "/tmp/dcm2niixakmzr5ym/convert".
INFO: [Node] Executing "convert" <nipype.interfaces.dcm2nii.Dcm2niix>
INFO: stdout 2022-10-12T23:33:35.836276:Chris Rorden's dcm2niiX version v1.0.20211006  GCC10.2.1 x86-64 (64-bit Linux)
INFO: stdout 2022-10-12T23:33:35.836276:Found 72 DICOM file(s)
INFO: stdout 2022-10-12T23:33:35.836276:Warning: Slice timing appears corrupted (range 0..8.63999e+07, TR=4400 ms)
INFO: stdout 2022-10-12T23:33:35.836276:Convert 72 DICOM as /out/sub-voice873/ses-1/dwi/sub-voice873_ses-1_acq-PA_dwi_heudiconv417 (120x120x66x72)
INFO: stdout 2022-10-12T23:33:46.938046:Compress: "/usr/bin/pigz" -b 960 -n -f -6 "/out/sub-voice873/ses-1/dwi/sub-voice873_ses-1_acq-PA_dwi_heudiconv417.nii"
INFO: stdout 2022-10-12T23:33:46.938046:Conversion required 14.335919 seconds (0.209795 for core code).
INFO: [Node] Finished "convert", elapsed time 15.049678s.
WARNING: Failed to find task field in /out/sub-voice873/ses-1/dwi/sub-voice873_ses-1_acq-PA_dwi.json.
INFO: Post-treating /out/sub-voice873/ses-1/dwi/sub-voice873_ses-1_acq-PA_dwi.json file
INFO: Converting /out/sub-voice873/ses-1/dwi/sub-voice873_ses-1_acq-AP_dwi (7 DICOMs) -> /out/sub-voice873/ses-1/dwi . Converter: dcm2niix . Output types: ('nii.gz',)
INFO: [Node] Setting-up "convert" in "/tmp/dcm2niixqvgjoor9/convert".
INFO: [Node] Executing "convert" <nipype.interfaces.dcm2nii.Dcm2niix>
INFO: stdout 2022-10-12T23:33:58.300779:Chris Rorden's dcm2niiX version v1.0.20211006  GCC10.2.1 x86-64 (64-bit Linux)
INFO: stdout 2022-10-12T23:33:58.300779:Found 7 DICOM file(s)
INFO: stdout 2022-10-12T23:33:58.300779:Warning: Slice timing appears corrupted (range 0..8.63999e+07, TR=4400 ms)
INFO: stdout 2022-10-12T23:33:58.300779:Convert 7 DICOM as /out/sub-voice873/ses-1/dwi/sub-voice873_ses-1_acq-AP_dwi_heudiconv014 (120x120x66x7)
INFO: stdout 2022-10-12T23:33:59.360497:Compress: "/usr/bin/pigz" -b 960 -n -f -6 "/out/sub-voice873/ses-1/dwi/sub-voice873_ses-1_acq-AP_dwi_heudiconv014.nii"
INFO: stdout 2022-10-12T23:33:59.360497:Conversion required 10.186090 seconds (0.031166 for core code).
INFO: [Node] Finished "convert", elapsed time 10.286768s.
WARNING: Failed to find task field in /out/sub-voice873/ses-1/dwi/sub-voice873_ses-1_acq-AP_dwi.json.
INFO: Post-treating /out/sub-voice873/ses-1/dwi/sub-voice873_ses-1_acq-AP_dwi.json file
INFO: Converting /out/sub-voice873/ses-1/anat/sub-voice873_ses-1_run-1_T1w (176 DICOMs) -> /out/sub-voice873/ses-1/anat . Converter: dcm2niix . Output types: ('nii.gz',)
INFO: [Node] Setting-up "convert" in "/tmp/dcm2niix1tgcdwrz/convert".
INFO: [Node] Executing "convert" <nipype.interfaces.dcm2nii.Dcm2niix>
INFO: stdout 2022-10-12T23:34:01.708904:Chris Rorden's dcm2niiX version v1.0.20211006  GCC10.2.1 x86-64 (64-bit Linux)
INFO: stdout 2022-10-12T23:34:01.708904:Found 176 DICOM file(s)
INFO: stdout 2022-10-12T23:34:01.708904:Convert 176 DICOM as /out/sub-voice873/ses-1/anat/sub-voice873_ses-1_run-1_T1w_heudiconv033 (256x256x176x1)
INFO: stdout 2022-10-12T23:34:04.298944:Compress: "/usr/bin/pigz" -b 960 -n -f -6 "/out/sub-voice873/ses-1/anat/sub-voice873_ses-1_run-1_T1w_heudiconv033.nii"
INFO: stdout 2022-10-12T23:34:04.298944:Conversion required 3.528551 seconds (0.361120 for core code).
INFO: [Node] Finished "convert", elapsed time 3.679748s.
WARNING: Failed to find task field in /out/sub-voice873/ses-1/anat/sub-voice873_ses-1_run-1_T1w.json.
INFO: Post-treating /out/sub-voice873/ses-1/anat/sub-voice873_ses-1_run-1_T1w.json file
INFO: Converting /out/sub-voice873/ses-1/anat/sub-voice873_ses-1_T2w (176 DICOMs) -> /out/sub-voice873/ses-1/anat . Converter: dcm2niix . Output types: ('nii.gz',)
INFO: [Node] Setting-up "convert" in "/tmp/dcm2niix7jfup4ft/convert".
INFO: [Node] Executing "convert" <nipype.interfaces.dcm2nii.Dcm2niix>
INFO: stdout 2022-10-12T23:34:18.356067:Chris Rorden's dcm2niiX version v1.0.20211006  GCC10.2.1 x86-64 (64-bit Linux)
INFO: stdout 2022-10-12T23:34:18.356067:Found 176 DICOM file(s)
INFO: stdout 2022-10-12T23:34:18.356067:Convert 176 DICOM as /out/sub-voice873/ses-1/anat/sub-voice873_ses-1_T2w_heudiconv461 (256x256x176x1)
INFO: stdout 2022-10-12T23:34:21.847023:Compress: "/usr/bin/pigz" -b 960 -n -f -6 "/out/sub-voice873/ses-1/anat/sub-voice873_ses-1_T2w_heudiconv461.nii"
INFO: stdout 2022-10-12T23:34:21.847023:Conversion required 16.620016 seconds (0.358445 for core code).
INFO: [Node] Finished "convert", elapsed time 16.720294s.
WARNING: Failed to find task field in /out/sub-voice873/ses-1/anat/sub-voice873_ses-1_T2w.json.
INFO: Post-treating /out/sub-voice873/ses-1/anat/sub-voice873_ses-1_T2w.json file
INFO: Converting /out/sub-voice873/ses-1/func/sub-voice873_ses-1_task-pataka_run-1_bold (207 DICOMs) -> /out/sub-voice873/ses-1/func . Converter: dcm2niix . Output types: ('nii.gz',)
INFO: [Node] Setting-up "convert" in "/tmp/dcm2niixeglvbgoe/convert".
INFO: [Node] Executing "convert" <nipype.interfaces.dcm2nii.Dcm2niix>
INFO: stdout 2022-10-12T23:34:29.696580:Chris Rorden's dcm2niiX version v1.0.20211006  GCC10.2.1 x86-64 (64-bit Linux)
INFO: stdout 2022-10-12T23:34:29.696580:Found 207 DICOM file(s)
INFO: stdout 2022-10-12T23:34:29.696580:Warning: Slice timing appears corrupted (range 0..3135, TR=1640 ms)
INFO: stdout 2022-10-12T23:34:29.696580:Convert 207 DICOM as /out/sub-voice873/ses-1/func/sub-voice873_ses-1_task-pataka_run-1_bold_heudiconv453 (72x72x45x207)
INFO: stdout 2022-10-12T23:34:40.525766:Compress: "/usr/bin/pigz" -b 960 -n -f -6 "/out/sub-voice873/ses-1/func/sub-voice873_ses-1_task-pataka_run-1_bold_heudiconv453.nii"
INFO: stdout 2022-10-12T23:34:40.525766:Conversion required 17.655978 seconds (0.322160 for core code).
INFO: [Node] Finished "convert", elapsed time 18.511569s.
INFO: Post-treating /out/sub-voice873/ses-1/func/sub-voice873_ses-1_task-pataka_run-1_bold.json file
INFO: Converting /out/sub-voice873/ses-1/func/sub-voice873_ses-1_task-pataka_run-2_bold (207 DICOMs) -> /out/sub-voice873/ses-1/func . Converter: dcm2niix . Output types: ('nii.gz',)
INFO: [Node] Setting-up "convert" in "/tmp/dcm2niixwvd9livl/convert".
INFO: [Node] Executing "convert" <nipype.interfaces.dcm2nii.Dcm2niix>
INFO: stdout 2022-10-12T23:34:50.070280:Chris Rorden's dcm2niiX version v1.0.20211006  GCC10.2.1 x86-64 (64-bit Linux)
INFO: stdout 2022-10-12T23:34:50.070280:Found 207 DICOM file(s)
INFO: stdout 2022-10-12T23:34:50.070280:Warning: Slice timing appears corrupted (range 0..3135, TR=1640 ms)
INFO: stdout 2022-10-12T23:34:50.070280:Convert 207 DICOM as /out/sub-voice873/ses-1/func/sub-voice873_ses-1_task-pataka_run-2_bold_heudiconv693 (72x72x45x207)
INFO: stdout 2022-10-12T23:34:56.843339:Compress: "/usr/bin/pigz" -b 960 -n -f -6 "/out/sub-voice873/ses-1/func/sub-voice873_ses-1_task-pataka_run-2_bold_heudiconv693.nii"
INFO: stdout 2022-10-12T23:34:56.843339:Conversion required 11.393501 seconds (0.307201 for core code).
INFO: [Node] Finished "convert", elapsed time 12.122408s.
INFO: Post-treating /out/sub-voice873/ses-1/func/sub-voice873_ses-1_task-pataka_run-2_bold.json file
INFO: Converting /out/sub-voice873/ses-1/func/sub-voice873_ses-1_task-pitchsent_run-1_bold (64 DICOMs) -> /out/sub-voice873/ses-1/func . Converter: dcm2niix . Output types: ('nii.gz',)
INFO: [Node] Setting-up "convert" in "/tmp/dcm2niix69ovp0bo/convert".
INFO: [Node] Executing "convert" <nipype.interfaces.dcm2nii.Dcm2niix>
INFO: stdout 2022-10-12T23:35:02.282992:Chris Rorden's dcm2niiX version v1.0.20211006  GCC10.2.1 x86-64 (64-bit Linux)
INFO: stdout 2022-10-12T23:35:02.282992:Found 64 DICOM file(s)
INFO: stdout 2022-10-12T23:35:02.282992:Warning: Slice timing appears corrupted (range 0..5357.5, TR=4000 ms)
INFO: stdout 2022-10-12T23:35:02.282992:Convert 64 DICOM as /out/sub-voice873/ses-1/func/sub-voice873_ses-1_task-pitchsent_run-1_bold_heudiconv190 (108x108x65x64)
INFO: stdout 2022-10-12T23:35:12.605676:Compress: "/usr/bin/pigz" -b 960 -n -f -6 "/out/sub-voice873/ses-1/func/sub-voice873_ses-1_task-pitchsent_run-1_bold_heudiconv190.nii"
INFO: stdout 2022-10-12T23:35:12.605676:Conversion required 12.373854 seconds (0.208058 for core code).
INFO: [Node] Finished "convert", elapsed time 12.674018s.
INFO: Post-treating /out/sub-voice873/ses-1/func/sub-voice873_ses-1_task-pitchsent_run-1_bold.json file
INFO: Converting /out/sub-voice873/ses-1/func/sub-voice873_ses-1_task-pitchsent_run-2_bold (64 DICOMs) -> /out/sub-voice873/ses-1/func . Converter: dcm2niix . Output types: ('nii.gz',)
INFO: [Node] Setting-up "convert" in "/tmp/dcm2niixht1gosrn/convert".
INFO: [Node] Executing "convert" <nipype.interfaces.dcm2nii.Dcm2niix>
INFO: stdout 2022-10-12T23:35:16.112624:Chris Rorden's dcm2niiX version v1.0.20211006  GCC10.2.1 x86-64 (64-bit Linux)
INFO: stdout 2022-10-12T23:35:16.112624:Found 64 DICOM file(s)
INFO: stdout 2022-10-12T23:35:16.112624:Warning: Slice timing appears corrupted (range 0..5357.5, TR=4000 ms)
INFO: stdout 2022-10-12T23:35:16.112624:Convert 64 DICOM as /out/sub-voice873/ses-1/func/sub-voice873_ses-1_task-pitchsent_run-2_bold_heudiconv374 (108x108x65x64)
INFO: stdout 2022-10-12T23:35:24.309613:Compress: "/usr/bin/pigz" -b 960 -n -f -6 "/out/sub-voice873/ses-1/func/sub-voice873_ses-1_task-pitchsent_run-2_bold_heudiconv374.nii"
INFO: stdout 2022-10-12T23:35:24.309613:Conversion required 8.602305 seconds (0.160617 for core code).
INFO: [Node] Finished "convert", elapsed time 8.813211s.
INFO: Post-treating /out/sub-voice873/ses-1/func/sub-voice873_ses-1_task-pitchsent_run-2_bold.json file
INFO: Converting /out/sub-voice873/ses-1/func/sub-voice873_ses-1_task-nwr_run-1_bold (42 DICOMs) -> /out/sub-voice873/ses-1/func . Converter: dcm2niix . Output types: ('nii.gz',)
INFO: [Node] Setting-up "convert" in "/tmp/dcm2niixuok2iigl/convert".
INFO: [Node] Executing "convert" <nipype.interfaces.dcm2nii.Dcm2niix>
INFO: stdout 2022-10-12T23:35:26.094502:Chris Rorden's dcm2niiX version v1.0.20211006  GCC10.2.1 x86-64 (64-bit Linux)
INFO: stdout 2022-10-12T23:35:26.094502:Found 42 DICOM file(s)
INFO: stdout 2022-10-12T23:35:26.094502:Warning: Slice timing appears corrupted (range 0..5357.5, TR=4000 ms)
INFO: stdout 2022-10-12T23:35:26.094502:Convert 42 DICOM as /out/sub-voice873/ses-1/func/sub-voice873_ses-1_task-nwr_run-1_bold_heudiconv326 (108x108x65x42)
INFO: stdout 2022-10-12T23:35:32.115150:Compress: "/usr/bin/pigz" -b 960 -n -f -6 "/out/sub-voice873/ses-1/func/sub-voice873_ses-1_task-nwr_run-1_bold_heudiconv326.nii"
INFO: stdout 2022-10-12T23:35:32.115150:Conversion required 6.736745 seconds (0.102814 for core code).
INFO: [Node] Finished "convert", elapsed time 6.933493s.
INFO: Post-treating /out/sub-voice873/ses-1/func/sub-voice873_ses-1_task-nwr_run-1_bold.json file
INFO: Converting /out/sub-voice873/ses-1/func/sub-voice873_ses-1_task-nwr_run-2_bold (42 DICOMs) -> /out/sub-voice873/ses-1/func . Converter: dcm2niix . Output types: ('nii.gz',)
INFO: [Node] Setting-up "convert" in "/tmp/dcm2niixqfhkfyvl/convert".
INFO: [Node] Executing "convert" <nipype.interfaces.dcm2nii.Dcm2niix>
INFO: stdout 2022-10-12T23:35:46.095068:Chris Rorden's dcm2niiX version v1.0.20211006  GCC10.2.1 x86-64 (64-bit Linux)
INFO: stdout 2022-10-12T23:35:46.095068:Found 42 DICOM file(s)
INFO: stdout 2022-10-12T23:35:46.095068:Warning: Slice timing appears corrupted (range 0..5357.5, TR=4000 ms)
INFO: stdout 2022-10-12T23:35:46.095068:Convert 42 DICOM as /out/sub-voice873/ses-1/func/sub-voice873_ses-1_task-nwr_run-2_bold_heudiconv243 (108x108x65x42)
INFO: stdout 2022-10-12T23:35:51.463251:Compress: "/usr/bin/pigz" -b 960 -n -f -6 "/out/sub-voice873/ses-1/func/sub-voice873_ses-1_task-nwr_run-2_bold_heudiconv243.nii"
INFO: stdout 2022-10-12T23:35:51.463251:Conversion required 17.327271 seconds (0.154698 for core code).
INFO: [Node] Finished "convert", elapsed time 17.415322s.
INFO: Post-treating /out/sub-voice873/ses-1/func/sub-voice873_ses-1_task-nwr_run-2_bold.json file
INFO: Converting /out/sub-voice873/ses-1/func/sub-voice873_ses-1_task-nwr_run-3_bold (42 DICOMs) -> /out/sub-voice873/ses-1/func . Converter: dcm2niix . Output types: ('nii.gz',)
INFO: [Node] Setting-up "convert" in "/tmp/dcm2niixsz5bloau/convert".
INFO: [Node] Executing "convert" <nipype.interfaces.dcm2nii.Dcm2niix>
INFO: stdout 2022-10-12T23:35:53.111161:Chris Rorden's dcm2niiX version v1.0.20211006  GCC10.2.1 x86-64 (64-bit Linux)
INFO: stdout 2022-10-12T23:35:53.111161:Found 42 DICOM file(s)
INFO: stdout 2022-10-12T23:35:53.111161:Warning: Slice timing appears corrupted (range 0..5360, TR=4000 ms)
INFO: stdout 2022-10-12T23:35:53.111161:Convert 42 DICOM as /out/sub-voice873/ses-1/func/sub-voice873_ses-1_task-nwr_run-3_bold_heudiconv904 (108x108x65x42)
INFO: stdout 2022-10-12T23:35:58.956597:Compress: "/usr/bin/pigz" -b 960 -n -f -6 "/out/sub-voice873/ses-1/func/sub-voice873_ses-1_task-nwr_run-3_bold_heudiconv904.nii"
INFO: stdout 2022-10-12T23:35:58.956597:Conversion required 6.580474 seconds (0.106546 for core code).
INFO: [Node] Finished "convert", elapsed time 6.622181s.
INFO: Post-treating /out/sub-voice873/ses-1/func/sub-voice873_ses-1_task-nwr_run-3_bold.json file
INFO: Converting /out/sub-voice873/ses-1/func/sub-voice873_ses-1_task-facematch_run-1_bold (99 DICOMs) -> /out/sub-voice873/ses-1/func . Converter: dcm2niix . Output types: ('nii.gz',)
INFO: [Node] Setting-up "convert" in "/tmp/dcm2niixbvbl4r1l/convert".
INFO: [Node] Executing "convert" <nipype.interfaces.dcm2nii.Dcm2niix>
INFO: stdout 2022-10-12T23:36:01.875060:Chris Rorden's dcm2niiX version v1.0.20211006  GCC10.2.1 x86-64 (64-bit Linux)
INFO: stdout 2022-10-12T23:36:01.875060:Found 99 DICOM file(s)
INFO: stdout 2022-10-12T23:36:01.875060:Warning: Slice timing appears corrupted (range 0..5360, TR=2000 ms)
INFO: stdout 2022-10-12T23:36:01.875060:Convert 99 DICOM as /out/sub-voice873/ses-1/func/sub-voice873_ses-1_task-facematch_run-1_bold_heudiconv048 (108x108x65x99)
INFO: stdout 2022-10-12T23:36:12.079729:Compress: "/usr/bin/pigz" -b 960 -n -f -6 "/out/sub-voice873/ses-1/func/sub-voice873_ses-1_task-facematch_run-1_bold_heudiconv048.nii"
INFO: stdout 2022-10-12T23:36:12.079729:Conversion required 11.129290 seconds (0.226461 for core code).
INFO: [Node] Finished "convert", elapsed time 11.65725s.
INFO: Post-treating /out/sub-voice873/ses-1/func/sub-voice873_ses-1_task-facematch_run-1_bold.json file
INFO: Converting /out/sub-voice873/ses-1/func/sub-voice873_ses-1_task-emosent_run-1_bold (48 DICOMs) -> /out/sub-voice873/ses-1/func . Converter: dcm2niix . Output types: ('nii.gz',)
INFO: [Node] Setting-up "convert" in "/tmp/dcm2niix0ud8a17d/convert".
INFO: [Node] Executing "convert" <nipype.interfaces.dcm2nii.Dcm2niix>
INFO: stdout 2022-10-12T23:36:13.467435:Chris Rorden's dcm2niiX version v1.0.20211006  GCC10.2.1 x86-64 (64-bit Linux)
INFO: stdout 2022-10-12T23:36:13.467435:Found 48 DICOM file(s)
INFO: stdout 2022-10-12T23:36:13.467435:Warning: Slice timing appears corrupted (range 0..5360, TR=4000 ms)
INFO: stdout 2022-10-12T23:36:13.467435:Convert 48 DICOM as /out/sub-voice873/ses-1/func/sub-voice873_ses-1_task-emosent_run-1_bold_heudiconv901 (108x108x65x48)
INFO: stdout 2022-10-12T23:36:19.812512:Compress: "/usr/bin/pigz" -b 960 -n -f -6 "/out/sub-voice873/ses-1/func/sub-voice873_ses-1_task-emosent_run-1_bold_heudiconv901.nii"
INFO: stdout 2022-10-12T23:36:19.812512:Conversion required 6.740586 seconds (0.120927 for core code).
INFO: [Node] Finished "convert", elapsed time 6.799591s.
INFO: Post-treating /out/sub-voice873/ses-1/func/sub-voice873_ses-1_task-emosent_run-1_bold.json file
INFO: Converting /out/sub-voice873/ses-1/func/sub-voice873_ses-1_task-emosent_run-2_bold (48 DICOMs) -> /out/sub-voice873/ses-1/func . Converter: dcm2niix . Output types: ('nii.gz',)
INFO: [Node] Setting-up "convert" in "/tmp/dcm2niix1pph_3zn/convert".
INFO: [Node] Executing "convert" <nipype.interfaces.dcm2nii.Dcm2niix>
INFO: stdout 2022-10-12T23:36:20.863255:Chris Rorden's dcm2niiX version v1.0.20211006  GCC10.2.1 x86-64 (64-bit Linux)
INFO: stdout 2022-10-12T23:36:20.863255:Found 48 DICOM file(s)
INFO: stdout 2022-10-12T23:36:20.863255:Warning: Slice timing appears corrupted (range 0..5357.5, TR=4000 ms)
INFO: stdout 2022-10-12T23:36:20.863255:Convert 48 DICOM as /out/sub-voice873/ses-1/func/sub-voice873_ses-1_task-emosent_run-2_bold_heudiconv687 (108x108x65x48)
INFO: stdout 2022-10-12T23:36:26.343341:Compress: "/usr/bin/pigz" -b 960 -n -f -6 "/out/sub-voice873/ses-1/func/sub-voice873_ses-1_task-emosent_run-2_bold_heudiconv687.nii"
INFO: stdout 2022-10-12T23:36:26.343341:Conversion required 5.742728 seconds (0.118602 for core code).
INFO: [Node] Finished "convert", elapsed time 6.374006s.
INFO: Post-treating /out/sub-voice873/ses-1/func/sub-voice873_ses-1_task-emosent_run-2_bold.json file
INFO: Converting /out/sub-voice873/ses-1/func/sub-voice873_ses-1_task-vowel_run-1_bold (60 DICOMs) -> /out/sub-voice873/ses-1/func . Converter: dcm2niix . Output types: ('nii.gz',)
INFO: [Node] Setting-up "convert" in "/tmp/dcm2niix4ix8lhc4/convert".
INFO: [Node] Executing "convert" <nipype.interfaces.dcm2nii.Dcm2niix>
INFO: stdout 2022-10-12T23:36:32.464797:Chris Rorden's dcm2niiX version v1.0.20211006  GCC10.2.1 x86-64 (64-bit Linux)
INFO: stdout 2022-10-12T23:36:32.464797:Found 60 DICOM file(s)
INFO: stdout 2022-10-12T23:36:32.464797:Warning: Slice timing appears corrupted (range 0..5357.5, TR=4000 ms)
INFO: stdout 2022-10-12T23:36:32.464797:Convert 60 DICOM as /out/sub-voice873/ses-1/func/sub-voice873_ses-1_task-vowel_run-1_bold_heudiconv305 (108x108x65x60)
INFO: stdout 2022-10-12T23:36:39.094643:Compress: "/usr/bin/pigz" -b 960 -n -f -6 "/out/sub-voice873/ses-1/func/sub-voice873_ses-1_task-vowel_run-1_bold_heudiconv305.nii"
INFO: stdout 2022-10-12T23:36:39.094643:Conversion required 11.408570 seconds (0.152672 for core code).
INFO: [Node] Finished "convert", elapsed time 11.515121s.
INFO: Post-treating /out/sub-voice873/ses-1/func/sub-voice873_ses-1_task-vowel_run-1_bold.json file
INFO: Converting /out/sub-voice873/ses-1/func/sub-voice873_ses-1_task-vowel_run-2_bold (60 DICOMs) -> /out/sub-voice873/ses-1/func . Converter: dcm2niix . Output types: ('nii.gz',)
INFO: [Node] Setting-up "convert" in "/tmp/dcm2niixx_hakfp8/convert".
INFO: [Node] Executing "convert" <nipype.interfaces.dcm2nii.Dcm2niix>
INFO: stdout 2022-10-12T23:36:45.225266:Chris Rorden's dcm2niiX version v1.0.20211006  GCC10.2.1 x86-64 (64-bit Linux)
INFO: stdout 2022-10-12T23:36:45.225266:Found 60 DICOM file(s)
INFO: stdout 2022-10-12T23:36:45.225266:Warning: Slice timing appears corrupted (range 0..5357.5, TR=4000 ms)
INFO: stdout 2022-10-12T23:36:45.225266:Convert 60 DICOM as /out/sub-voice873/ses-1/func/sub-voice873_ses-1_task-vowel_run-2_bold_heudiconv876 (108x108x65x60)
INFO: stdout 2022-10-12T23:36:51.557908:Compress: "/usr/bin/pigz" -b 960 -n -f -6 "/out/sub-voice873/ses-1/func/sub-voice873_ses-1_task-vowel_run-2_bold_heudiconv876.nii"
INFO: stdout 2022-10-12T23:36:51.557908:Conversion required 8.325320 seconds (0.139365 for core code).
INFO: [Node] Finished "convert", elapsed time 8.520554s.
INFO: Post-treating /out/sub-voice873/ses-1/func/sub-voice873_ses-1_task-vowel_run-2_bold.json file
INFO: Converting /out/sub-voice873/ses-1/func/sub-voice873_ses-1_task-pitchnw_run-1_bold (101 DICOMs) -> /out/sub-voice873/ses-1/func . Converter: dcm2niix . Output types: ('nii.gz',)
INFO: [Node] Setting-up "convert" in "/tmp/dcm2niixo11w434e/convert".
INFO: [Node] Executing "convert" <nipype.interfaces.dcm2nii.Dcm2niix>
INFO: stdout 2022-10-12T23:37:01.898189:Chris Rorden's dcm2niiX version v1.0.20211006  GCC10.2.1 x86-64 (64-bit Linux)
INFO: stdout 2022-10-12T23:37:01.898189:Found 101 DICOM file(s)
INFO: stdout 2022-10-12T23:37:01.898189:Warning: Slice timing appears corrupted (range 0..5360, TR=2000 ms)
INFO: stdout 2022-10-12T23:37:01.898189:Convert 101 DICOM as /out/sub-voice873/ses-1/func/sub-voice873_ses-1_task-pitchnw_run-1_bold_heudiconv697 (108x108x65x101)
INFO: stdout 2022-10-12T23:37:13.970032:Compress: "/usr/bin/pigz" -b 960 -n -f -6 "/out/sub-voice873/ses-1/func/sub-voice873_ses-1_task-pitchnw_run-1_bold_heudiconv697.nii"
INFO: stdout 2022-10-12T23:37:13.970032:Conversion required 20.818132 seconds (0.247506 for core code).
INFO: [Node] Finished "convert", elapsed time 21.014554s.
INFO: Post-treating /out/sub-voice873/ses-1/func/sub-voice873_ses-1_task-pitchnw_run-1_bold.json file
INFO: Converting /out/sub-voice873/ses-1/func/sub-voice873_ses-1_task-pitchnw_run-2_bold (101 DICOMs) -> /out/sub-voice873/ses-1/func . Converter: dcm2niix . Output types: ('nii.gz',)
INFO: [Node] Setting-up "convert" in "/tmp/dcm2niixpv3kq3_v/convert".
INFO: [Node] Executing "convert" <nipype.interfaces.dcm2nii.Dcm2niix>
INFO: stdout 2022-10-12T23:37:19.388505:Chris Rorden's dcm2niiX version v1.0.20211006  GCC10.2.1 x86-64 (64-bit Linux)
INFO: stdout 2022-10-12T23:37:19.388505:Found 101 DICOM file(s)
INFO: stdout 2022-10-12T23:37:19.388505:Warning: Slice timing appears corrupted (range 0..5360, TR=2000 ms)
INFO: stdout 2022-10-12T23:37:19.388505:Convert 101 DICOM as /out/sub-voice873/ses-1/func/sub-voice873_ses-1_task-pitchnw_run-2_bold_heudiconv017 (108x108x65x101)
INFO: stdout 2022-10-12T23:37:31.171841:Compress: "/usr/bin/pigz" -b 960 -n -f -6 "/out/sub-voice873/ses-1/func/sub-voice873_ses-1_task-pitchnw_run-2_bold_heudiconv017.nii"
INFO: stdout 2022-10-12T23:37:31.171841:Conversion required 14.910898 seconds (0.241101 for core code).
INFO: [Node] Finished "convert", elapsed time 15.239663s.
INFO: Post-treating /out/sub-voice873/ses-1/func/sub-voice873_ses-1_task-pitchnw_run-2_bold.json file
INFO: Converting /out/sub-voice873/ses-1/func/sub-voice873_ses-1_task-movie_run-1_bold (138 DICOMs) -> /out/sub-voice873/ses-1/func . Converter: dcm2niix . Output types: ('nii.gz',)
INFO: [Node] Setting-up "convert" in "/tmp/dcm2niix9x2b7qad/convert".
INFO: [Node] Executing "convert" <nipype.interfaces.dcm2nii.Dcm2niix>
INFO: stdout 2022-10-12T23:37:44.580230:Chris Rorden's dcm2niiX version v1.0.20211006  GCC10.2.1 x86-64 (64-bit Linux)
INFO: stdout 2022-10-12T23:37:44.580230:Found 138 DICOM file(s)
INFO: stdout 2022-10-12T23:37:44.580230:Warning: Slice timing appears corrupted (range 0..5357.5, TR=1090 ms)
INFO: stdout 2022-10-12T23:37:44.580230:Convert 138 DICOM as /out/sub-voice873/ses-1/func/sub-voice873_ses-1_task-movie_run-1_bold_heudiconv062 (108x108x65x138)
INFO: stdout 2022-10-12T23:37:59.001192:Compress: "/usr/bin/pigz" -b 960 -n -f -6 "/out/sub-voice873/ses-1/func/sub-voice873_ses-1_task-movie_run-1_bold_heudiconv062.nii"
INFO: stdout 2022-10-12T23:37:59.001192:Conversion required 23.869802 seconds (0.342436 for core code).
INFO: [Node] Finished "convert", elapsed time 24.14991s.
INFO: Post-treating /out/sub-voice873/ses-1/func/sub-voice873_ses-1_task-movie_run-1_bold.json file
WARNING: Existing lockfile found in /out/heudiconv.lock - waiting for the lock to be released. To set a timeout limit, set the HEUDICONV_FILELOCK_TIMEOUT environmental variable to a value in seconds. If this process hangs, it may require a manual deletion of the /out/heudiconv.lock.
INFO: Populating template files under /out/
INFO: PROCESSING DONE: {'subject': 'voice873', 'outdir': '/out/', 'session': '1'}
