INFO: Running heudiconv version 0.11.3+d20220512 latest 0.11.4
INFO: Need to process 1 study sessions
INFO: PROCESSING STARTS: {'subject': 'voice982', 'outdir': '/out/', 'session': '1'}
INFO: Processing 5284 dicoms
INFO: Analyzing 5284 dicoms
INFO: Generated sequence info for 46 accession numbers with 5284 entries total
INFO: Doing conversion using dcm2niix
INFO: Converting /out/sub-voice982/ses-1/func/sub-voice982_ses-1_task-rest_run-1_bold (297 DICOMs) -> /out/sub-voice982/ses-1/func . Converter: dcm2niix . Output types: ('nii.gz',)
WARNING: A newer version (1.8.4) of nipy/nipype is available. You are using 1.8.0
INFO: [Node] Setting-up "convert" in "/tmp/dcm2niixda4lamxp/convert".
INFO: [Node] Executing "convert" <nipype.interfaces.dcm2nii.Dcm2niix>
INFO: stdout 2022-10-07T19:53:36.790468:Chris Rorden's dcm2niiX version v1.0.20211006  GCC10.2.1 x86-64 (64-bit Linux)
INFO: stdout 2022-10-07T19:53:36.790468:Found 297 DICOM file(s)
INFO: stdout 2022-10-07T19:53:36.790468:Warning: Slice timing appears corrupted (range 0..5360, TR=1090 ms)
INFO: stdout 2022-10-07T19:53:36.790468:Convert 297 DICOM as /out/sub-voice982/ses-1/func/sub-voice982_ses-1_task-rest_run-1_bold_heudiconv460 (108x108x65x297)
INFO: stdout 2022-10-07T19:54:06.884679:Compress: "/usr/bin/pigz" -b 960 -n -f -6 "/out/sub-voice982/ses-1/func/sub-voice982_ses-1_task-rest_run-1_bold_heudiconv460.nii"
INFO: stdout 2022-10-07T19:54:06.884679:Conversion required 30.714562 seconds (0.820196 for core code).
INFO: [Node] Finished "convert", elapsed time 30.79397s.
INFO: Post-treating /out/sub-voice982/ses-1/func/sub-voice982_ses-1_task-rest_run-1_bold.json file
INFO: Converting /out/sub-voice982/ses-1/func/sub-voice982_ses-1_task-rest_run-2_bold (300 DICOMs) -> /out/sub-voice982/ses-1/func . Converter: dcm2niix . Output types: ('nii.gz',)
INFO: [Node] Setting-up "convert" in "/tmp/dcm2niixqk4g1jh6/convert".
INFO: [Node] Executing "convert" <nipype.interfaces.dcm2nii.Dcm2niix>
INFO: stdout 2022-10-07T19:54:08.456401:Chris Rorden's dcm2niiX version v1.0.20211006  GCC10.2.1 x86-64 (64-bit Linux)
INFO: stdout 2022-10-07T19:54:08.456401:Found 300 DICOM file(s)
INFO: stdout 2022-10-07T19:54:08.456401:Warning: Slice timing appears corrupted (range 0..5360, TR=1090 ms)
INFO: stdout 2022-10-07T19:54:08.456401:Convert 300 DICOM as /out/sub-voice982/ses-1/func/sub-voice982_ses-1_task-rest_run-2_bold_heudiconv053 (108x108x65x300)
INFO: stdout 2022-10-07T19:54:37.458501:Compress: "/usr/bin/pigz" -b 960 -n -f -6 "/out/sub-voice982/ses-1/func/sub-voice982_ses-1_task-rest_run-2_bold_heudiconv053.nii"
INFO: stdout 2022-10-07T19:54:37.458501:Conversion required 29.689037 seconds (0.826874 for core code).
INFO: [Node] Finished "convert", elapsed time 29.871367s.
INFO: Post-treating /out/sub-voice982/ses-1/func/sub-voice982_ses-1_task-rest_run-2_bold.json file
INFO: Converting /out/sub-voice982/ses-1/fmap/sub-voice982_ses-1_acq-func_dir-AP_run-1_epi (260 DICOMs) -> /out/sub-voice982/ses-1/fmap . Converter: dcm2niix . Output types: ('nii.gz',)
INFO: [Node] Setting-up "convert" in "/tmp/dcm2niix1v6_7cqe/convert".
INFO: [Node] Executing "convert" <nipype.interfaces.dcm2nii.Dcm2niix>
INFO: stdout 2022-10-07T19:54:38.302425:Chris Rorden's dcm2niiX version v1.0.20211006  GCC10.2.1 x86-64 (64-bit Linux)
INFO: stdout 2022-10-07T19:54:38.302425:Found 260 DICOM file(s)
INFO: stdout 2022-10-07T19:54:38.302425:Convert 260 DICOM as /out/sub-voice982/ses-1/fmap/sub-voice982_ses-1_acq-func_dir-AP_run-1_epi_heudiconv396 (108x108x65x4)
INFO: stdout 2022-10-07T19:54:38.815956:Compress: "/usr/bin/pigz" -b 960 -n -f -6 "/out/sub-voice982/ses-1/fmap/sub-voice982_ses-1_acq-func_dir-AP_run-1_epi_heudiconv396.nii"
INFO: stdout 2022-10-07T19:54:38.815956:Conversion required 0.758567 seconds (0.137031 for core code).
INFO: [Node] Finished "convert", elapsed time 0.827682s.
WARNING: Failed to find task field in /out/sub-voice982/ses-1/fmap/sub-voice982_ses-1_acq-func_dir-AP_run-1_epi.json.
INFO: Post-treating /out/sub-voice982/ses-1/fmap/sub-voice982_ses-1_acq-func_dir-AP_run-1_epi.json file
INFO: Converting /out/sub-voice982/ses-1/fmap/sub-voice982_ses-1_acq-func_dir-PA_run-2_epi (260 DICOMs) -> /out/sub-voice982/ses-1/fmap . Converter: dcm2niix . Output types: ('nii.gz',)
INFO: [Node] Setting-up "convert" in "/tmp/dcm2niixftgk37wk/convert".
INFO: [Node] Executing "convert" <nipype.interfaces.dcm2nii.Dcm2niix>
INFO: stdout 2022-10-07T19:54:39.945820:Chris Rorden's dcm2niiX version v1.0.20211006  GCC10.2.1 x86-64 (64-bit Linux)
INFO: stdout 2022-10-07T19:54:39.945820:Found 260 DICOM file(s)
INFO: stdout 2022-10-07T19:54:39.945820:Convert 260 DICOM as /out/sub-voice982/ses-1/fmap/sub-voice982_ses-1_acq-func_dir-PA_run-2_epi_heudiconv909 (108x108x65x4)
INFO: stdout 2022-10-07T19:54:40.529367:Compress: "/usr/bin/pigz" -b 960 -n -f -6 "/out/sub-voice982/ses-1/fmap/sub-voice982_ses-1_acq-func_dir-PA_run-2_epi_heudiconv909.nii"
INFO: stdout 2022-10-07T19:54:40.529367:Conversion required 0.850539 seconds (0.164353 for core code).
INFO: [Node] Finished "convert", elapsed time 1.138217s.
WARNING: Failed to find task field in /out/sub-voice982/ses-1/fmap/sub-voice982_ses-1_acq-func_dir-PA_run-2_epi.json.
INFO: Post-treating /out/sub-voice982/ses-1/fmap/sub-voice982_ses-1_acq-func_dir-PA_run-2_epi.json file
INFO: Converting /out/sub-voice982/ses-1/dwi/sub-voice982_ses-1_acq-PA_dwi (72 DICOMs) -> /out/sub-voice982/ses-1/dwi . Converter: dcm2niix . Output types: ('nii.gz',)
INFO: [Node] Setting-up "convert" in "/tmp/dcm2niixpls071du/convert".
INFO: [Node] Executing "convert" <nipype.interfaces.dcm2nii.Dcm2niix>
INFO: stdout 2022-10-07T19:54:42.031348:Chris Rorden's dcm2niiX version v1.0.20211006  GCC10.2.1 x86-64 (64-bit Linux)
INFO: stdout 2022-10-07T19:54:42.031348:Found 72 DICOM file(s)
INFO: stdout 2022-10-07T19:54:42.031348:Warning: Slice timing appears corrupted (range 0..8.63999e+07, TR=4400 ms)
INFO: stdout 2022-10-07T19:54:42.031348:Convert 72 DICOM as /out/sub-voice982/ses-1/dwi/sub-voice982_ses-1_acq-PA_dwi_heudiconv038 (120x120x66x72)
INFO: stdout 2022-10-07T19:54:51.015682:Compress: "/usr/bin/pigz" -b 960 -n -f -6 "/out/sub-voice982/ses-1/dwi/sub-voice982_ses-1_acq-PA_dwi_heudiconv038.nii"
INFO: stdout 2022-10-07T19:54:51.015682:Conversion required 9.853149 seconds (0.365909 for core code).
INFO: [Node] Finished "convert", elapsed time 9.979563s.
WARNING: Failed to find task field in /out/sub-voice982/ses-1/dwi/sub-voice982_ses-1_acq-PA_dwi.json.
INFO: Post-treating /out/sub-voice982/ses-1/dwi/sub-voice982_ses-1_acq-PA_dwi.json file
INFO: Converting /out/sub-voice982/ses-1/dwi/sub-voice982_ses-1_acq-AP_dwi (7 DICOMs) -> /out/sub-voice982/ses-1/dwi . Converter: dcm2niix . Output types: ('nii.gz',)
INFO: [Node] Setting-up "convert" in "/tmp/dcm2niixua9rqqrx/convert".
INFO: [Node] Executing "convert" <nipype.interfaces.dcm2nii.Dcm2niix>
INFO: stdout 2022-10-07T19:54:51.750679:Chris Rorden's dcm2niiX version v1.0.20211006  GCC10.2.1 x86-64 (64-bit Linux)
INFO: stdout 2022-10-07T19:54:51.750679:Found 7 DICOM file(s)
INFO: stdout 2022-10-07T19:54:51.750679:Warning: Slice timing appears corrupted (range 0..8.63999e+07, TR=4400 ms)
INFO: stdout 2022-10-07T19:54:51.750679:Convert 7 DICOM as /out/sub-voice982/ses-1/dwi/sub-voice982_ses-1_acq-AP_dwi_heudiconv745 (120x120x66x7)
INFO: stdout 2022-10-07T19:54:52.698240:Compress: "/usr/bin/pigz" -b 960 -n -f -6 "/out/sub-voice982/ses-1/dwi/sub-voice982_ses-1_acq-AP_dwi_heudiconv745.nii"
INFO: stdout 2022-10-07T19:54:52.698240:Conversion required 1.127950 seconds (0.037371 for core code).
INFO: [Node] Finished "convert", elapsed time 1.2604600000000001s.
WARNING: Failed to find task field in /out/sub-voice982/ses-1/dwi/sub-voice982_ses-1_acq-AP_dwi.json.
INFO: Post-treating /out/sub-voice982/ses-1/dwi/sub-voice982_ses-1_acq-AP_dwi.json file
INFO: Converting /out/sub-voice982/ses-1/anat/sub-voice982_ses-1_run-1_T1w (176 DICOMs) -> /out/sub-voice982/ses-1/anat . Converter: dcm2niix . Output types: ('nii.gz',)
INFO: [Node] Setting-up "convert" in "/tmp/dcm2niix2cvfbmwr/convert".
INFO: [Node] Executing "convert" <nipype.interfaces.dcm2nii.Dcm2niix>
INFO: stdout 2022-10-07T19:54:53.545355:Chris Rorden's dcm2niiX version v1.0.20211006  GCC10.2.1 x86-64 (64-bit Linux)
INFO: stdout 2022-10-07T19:54:53.545355:Found 176 DICOM file(s)
INFO: stdout 2022-10-07T19:54:53.545355:Convert 176 DICOM as /out/sub-voice982/ses-1/anat/sub-voice982_ses-1_run-1_T1w_heudiconv153 (256x256x176x1)
INFO: stdout 2022-10-07T19:54:55.397592:Compress: "/usr/bin/pigz" -b 960 -n -f -6 "/out/sub-voice982/ses-1/anat/sub-voice982_ses-1_run-1_T1w_heudiconv153.nii"
INFO: stdout 2022-10-07T19:54:55.397592:Conversion required 2.054194 seconds (0.296564 for core code).
INFO: [Node] Finished "convert", elapsed time 2.168675s.
WARNING: Failed to find task field in /out/sub-voice982/ses-1/anat/sub-voice982_ses-1_run-1_T1w.json.
INFO: Post-treating /out/sub-voice982/ses-1/anat/sub-voice982_ses-1_run-1_T1w.json file
INFO: Converting /out/sub-voice982/ses-1/anat/sub-voice982_ses-1_T2w (176 DICOMs) -> /out/sub-voice982/ses-1/anat . Converter: dcm2niix . Output types: ('nii.gz',)
INFO: [Node] Setting-up "convert" in "/tmp/dcm2niix77k57o18/convert".
INFO: [Node] Executing "convert" <nipype.interfaces.dcm2nii.Dcm2niix>
INFO: stdout 2022-10-07T19:54:55.936759:Chris Rorden's dcm2niiX version v1.0.20211006  GCC10.2.1 x86-64 (64-bit Linux)
INFO: stdout 2022-10-07T19:54:55.936759:Found 176 DICOM file(s)
INFO: stdout 2022-10-07T19:54:55.936759:Convert 176 DICOM as /out/sub-voice982/ses-1/anat/sub-voice982_ses-1_T2w_heudiconv515 (256x256x176x1)
INFO: stdout 2022-10-07T19:54:57.930917:Compress: "/usr/bin/pigz" -b 960 -n -f -6 "/out/sub-voice982/ses-1/anat/sub-voice982_ses-1_T2w_heudiconv515.nii"
INFO: stdout 2022-10-07T19:54:57.930917:Conversion required 2.177047 seconds (0.236382 for core code).
INFO: [Node] Finished "convert", elapsed time 2.2508850000000002s.
WARNING: Failed to find task field in /out/sub-voice982/ses-1/anat/sub-voice982_ses-1_T2w.json.
INFO: Post-treating /out/sub-voice982/ses-1/anat/sub-voice982_ses-1_T2w.json file
INFO: Converting /out/sub-voice982/ses-1/func/sub-voice982_ses-1_task-pataka_run-1_bold (207 DICOMs) -> /out/sub-voice982/ses-1/func . Converter: dcm2niix . Output types: ('nii.gz',)
INFO: [Node] Setting-up "convert" in "/tmp/dcm2niixa3584t3b/convert".
INFO: [Node] Executing "convert" <nipype.interfaces.dcm2nii.Dcm2niix>
INFO: stdout 2022-10-07T19:54:58.502541:Chris Rorden's dcm2niiX version v1.0.20211006  GCC10.2.1 x86-64 (64-bit Linux)
INFO: stdout 2022-10-07T19:54:58.502541:Found 207 DICOM file(s)
INFO: stdout 2022-10-07T19:54:58.502541:Warning: Slice timing appears corrupted (range 0..3135, TR=1640 ms)
INFO: stdout 2022-10-07T19:54:58.502541:Convert 207 DICOM as /out/sub-voice982/ses-1/func/sub-voice982_ses-1_task-pataka_run-1_bold_heudiconv014 (72x72x45x207)
INFO: stdout 2022-10-07T19:55:05.258101:Compress: "/usr/bin/pigz" -b 960 -n -f -6 "/out/sub-voice982/ses-1/func/sub-voice982_ses-1_task-pataka_run-1_bold_heudiconv014.nii"
INFO: stdout 2022-10-07T19:55:05.258101:Conversion required 7.040292 seconds (0.265367 for core code).
INFO: [Node] Finished "convert", elapsed time 7.098069s.
INFO: Post-treating /out/sub-voice982/ses-1/func/sub-voice982_ses-1_task-pataka_run-1_bold.json file
INFO: Converting /out/sub-voice982/ses-1/func/sub-voice982_ses-1_task-pataka_run-2_bold (207 DICOMs) -> /out/sub-voice982/ses-1/func . Converter: dcm2niix . Output types: ('nii.gz',)
INFO: [Node] Setting-up "convert" in "/tmp/dcm2niix63qnp10q/convert".
INFO: [Node] Executing "convert" <nipype.interfaces.dcm2nii.Dcm2niix>
INFO: stdout 2022-10-07T19:55:06.022685:Chris Rorden's dcm2niiX version v1.0.20211006  GCC10.2.1 x86-64 (64-bit Linux)
INFO: stdout 2022-10-07T19:55:06.022685:Found 207 DICOM file(s)
INFO: stdout 2022-10-07T19:55:06.022685:Warning: Slice timing appears corrupted (range 0..3135, TR=1640 ms)
INFO: stdout 2022-10-07T19:55:06.022685:Convert 207 DICOM as /out/sub-voice982/ses-1/func/sub-voice982_ses-1_task-pataka_run-2_bold_heudiconv484 (72x72x45x207)
INFO: stdout 2022-10-07T19:55:12.594205:Compress: "/usr/bin/pigz" -b 960 -n -f -6 "/out/sub-voice982/ses-1/func/sub-voice982_ses-1_task-pataka_run-2_bold_heudiconv484.nii"
INFO: stdout 2022-10-07T19:55:12.594205:Conversion required 6.851743 seconds (0.275701 for core code).
INFO: [Node] Finished "convert", elapsed time 6.982613s.
INFO: Post-treating /out/sub-voice982/ses-1/func/sub-voice982_ses-1_task-pataka_run-2_bold.json file
INFO: Converting /out/sub-voice982/ses-1/func/sub-voice982_ses-1_task-pitchsent_run-1_bold (64 DICOMs) -> /out/sub-voice982/ses-1/func . Converter: dcm2niix . Output types: ('nii.gz',)
INFO: [Node] Setting-up "convert" in "/tmp/dcm2niixq1ks3i4y/convert".
INFO: [Node] Executing "convert" <nipype.interfaces.dcm2nii.Dcm2niix>
INFO: stdout 2022-10-07T19:55:13.084410:Chris Rorden's dcm2niiX version v1.0.20211006  GCC10.2.1 x86-64 (64-bit Linux)
INFO: stdout 2022-10-07T19:55:13.084410:Found 64 DICOM file(s)
INFO: stdout 2022-10-07T19:55:13.084410:Warning: Slice timing appears corrupted (range 0..5360, TR=4000 ms)
INFO: stdout 2022-10-07T19:55:13.084410:Convert 64 DICOM as /out/sub-voice982/ses-1/func/sub-voice982_ses-1_task-pitchsent_run-1_bold_heudiconv041 (108x108x65x64)
INFO: stdout 2022-10-07T19:55:19.737131:Compress: "/usr/bin/pigz" -b 960 -n -f -6 "/out/sub-voice982/ses-1/func/sub-voice982_ses-1_task-pitchsent_run-1_bold_heudiconv041.nii"
INFO: stdout 2022-10-07T19:55:19.737131:Conversion required 6.834912 seconds (0.192490 for core code).
INFO: [Node] Finished "convert", elapsed time 6.903358s.
INFO: Post-treating /out/sub-voice982/ses-1/func/sub-voice982_ses-1_task-pitchsent_run-1_bold.json file
INFO: Converting /out/sub-voice982/ses-1/func/sub-voice982_ses-1_task-pitchsent_run-2_bold (64 DICOMs) -> /out/sub-voice982/ses-1/func . Converter: dcm2niix . Output types: ('nii.gz',)
INFO: [Node] Setting-up "convert" in "/tmp/dcm2niixk662yi9b/convert".
INFO: [Node] Executing "convert" <nipype.interfaces.dcm2nii.Dcm2niix>
INFO: stdout 2022-10-07T19:55:20.158446:Chris Rorden's dcm2niiX version v1.0.20211006  GCC10.2.1 x86-64 (64-bit Linux)
INFO: stdout 2022-10-07T19:55:20.158446:Found 64 DICOM file(s)
INFO: stdout 2022-10-07T19:55:20.158446:Warning: Slice timing appears corrupted (range 0..5360, TR=4000 ms)
INFO: stdout 2022-10-07T19:55:20.158446:Convert 64 DICOM as /out/sub-voice982/ses-1/func/sub-voice982_ses-1_task-pitchsent_run-2_bold_heudiconv248 (108x108x65x64)
INFO: stdout 2022-10-07T19:55:26.682512:Compress: "/usr/bin/pigz" -b 960 -n -f -6 "/out/sub-voice982/ses-1/func/sub-voice982_ses-1_task-pitchsent_run-2_bold_heudiconv248.nii"
INFO: stdout 2022-10-07T19:55:26.682512:Conversion required 6.682890 seconds (0.199152 for core code).
INFO: [Node] Finished "convert", elapsed time 6.760405s.
INFO: Post-treating /out/sub-voice982/ses-1/func/sub-voice982_ses-1_task-pitchsent_run-2_bold.json file
INFO: Converting /out/sub-voice982/ses-1/func/sub-voice982_ses-1_task-facematch_run-1_bold (99 DICOMs) -> /out/sub-voice982/ses-1/func . Converter: dcm2niix . Output types: ('nii.gz',)
INFO: [Node] Setting-up "convert" in "/tmp/dcm2niixetzhbnn2/convert".
INFO: [Node] Executing "convert" <nipype.interfaces.dcm2nii.Dcm2niix>
INFO: stdout 2022-10-07T19:55:27.214188:Chris Rorden's dcm2niiX version v1.0.20211006  GCC10.2.1 x86-64 (64-bit Linux)
INFO: stdout 2022-10-07T19:55:27.214188:Found 99 DICOM file(s)
INFO: stdout 2022-10-07T19:55:27.214188:Warning: Slice timing appears corrupted (range 0..5360, TR=2000 ms)
INFO: stdout 2022-10-07T19:55:27.214188:Convert 99 DICOM as /out/sub-voice982/ses-1/func/sub-voice982_ses-1_task-facematch_run-1_bold_heudiconv481 (108x108x65x99)
INFO: stdout 2022-10-07T19:55:37.349366:Compress: "/usr/bin/pigz" -b 960 -n -f -6 "/out/sub-voice982/ses-1/func/sub-voice982_ses-1_task-facematch_run-1_bold_heudiconv481.nii"
INFO: stdout 2022-10-07T19:55:37.349366:Conversion required 10.373498 seconds (0.296355 for core code).
INFO: [Node] Finished "convert", elapsed time 10.431470000000001s.
INFO: Post-treating /out/sub-voice982/ses-1/func/sub-voice982_ses-1_task-facematch_run-1_bold.json file
INFO: Converting /out/sub-voice982/ses-1/func/sub-voice982_ses-1_task-facematch_run-2_bold (99 DICOMs) -> /out/sub-voice982/ses-1/func . Converter: dcm2niix . Output types: ('nii.gz',)
INFO: [Node] Setting-up "convert" in "/tmp/dcm2niixwy3p4xgb/convert".
INFO: [Node] Executing "convert" <nipype.interfaces.dcm2nii.Dcm2niix>
INFO: stdout 2022-10-07T19:55:37.932969:Chris Rorden's dcm2niiX version v1.0.20211006  GCC10.2.1 x86-64 (64-bit Linux)
INFO: stdout 2022-10-07T19:55:37.932969:Found 99 DICOM file(s)
INFO: stdout 2022-10-07T19:55:37.932969:Warning: Slice timing appears corrupted (range 0..5360, TR=2000 ms)
INFO: stdout 2022-10-07T19:55:37.932969:Convert 99 DICOM as /out/sub-voice982/ses-1/func/sub-voice982_ses-1_task-facematch_run-2_bold_heudiconv738 (108x108x65x99)
INFO: stdout 2022-10-07T19:55:48.142347:Compress: "/usr/bin/pigz" -b 960 -n -f -6 "/out/sub-voice982/ses-1/func/sub-voice982_ses-1_task-facematch_run-2_bold_heudiconv738.nii"
INFO: stdout 2022-10-07T19:55:48.142347:Conversion required 10.485604 seconds (0.294384 for core code).
INFO: [Node] Finished "convert", elapsed time 10.571706s.
INFO: Post-treating /out/sub-voice982/ses-1/func/sub-voice982_ses-1_task-facematch_run-2_bold.json file
INFO: Converting /out/sub-voice982/ses-1/func/sub-voice982_ses-1_task-emosent_run-1_bold (48 DICOMs) -> /out/sub-voice982/ses-1/func . Converter: dcm2niix . Output types: ('nii.gz',)
INFO: [Node] Setting-up "convert" in "/tmp/dcm2niixh6u5wo48/convert".
INFO: [Node] Executing "convert" <nipype.interfaces.dcm2nii.Dcm2niix>
INFO: stdout 2022-10-07T19:55:48.652432:Chris Rorden's dcm2niiX version v1.0.20211006  GCC10.2.1 x86-64 (64-bit Linux)
INFO: stdout 2022-10-07T19:55:48.652432:Found 48 DICOM file(s)
INFO: stdout 2022-10-07T19:55:48.652432:Warning: Slice timing appears corrupted (range 0..5357.5, TR=4000 ms)
INFO: stdout 2022-10-07T19:55:48.652432:Convert 48 DICOM as /out/sub-voice982/ses-1/func/sub-voice982_ses-1_task-emosent_run-1_bold_heudiconv250 (108x108x65x48)
INFO: stdout 2022-10-07T19:55:53.474049:Compress: "/usr/bin/pigz" -b 960 -n -f -6 "/out/sub-voice982/ses-1/func/sub-voice982_ses-1_task-emosent_run-1_bold_heudiconv250.nii"
INFO: stdout 2022-10-07T19:55:53.474049:Conversion required 5.039903 seconds (0.151428 for core code).
INFO: [Node] Finished "convert", elapsed time 5.10611s.
INFO: Post-treating /out/sub-voice982/ses-1/func/sub-voice982_ses-1_task-emosent_run-1_bold.json file
INFO: Converting /out/sub-voice982/ses-1/func/sub-voice982_ses-1_task-emosent_run-2_bold (48 DICOMs) -> /out/sub-voice982/ses-1/func . Converter: dcm2niix . Output types: ('nii.gz',)
INFO: [Node] Setting-up "convert" in "/tmp/dcm2niixpfvomflq/convert".
INFO: [Node] Executing "convert" <nipype.interfaces.dcm2nii.Dcm2niix>
INFO: stdout 2022-10-07T19:55:54.266967:Chris Rorden's dcm2niiX version v1.0.20211006  GCC10.2.1 x86-64 (64-bit Linux)
INFO: stdout 2022-10-07T19:55:54.266967:Found 48 DICOM file(s)
INFO: stdout 2022-10-07T19:55:54.266967:Warning: Slice timing appears corrupted (range 0..5360, TR=4000 ms)
INFO: stdout 2022-10-07T19:55:54.266967:Convert 48 DICOM as /out/sub-voice982/ses-1/func/sub-voice982_ses-1_task-emosent_run-2_bold_heudiconv116 (108x108x65x48)
INFO: stdout 2022-10-07T19:55:59.248955:Compress: "/usr/bin/pigz" -b 960 -n -f -6 "/out/sub-voice982/ses-1/func/sub-voice982_ses-1_task-emosent_run-2_bold_heudiconv116.nii"
INFO: stdout 2022-10-07T19:55:59.248955:Conversion required 5.233997 seconds (0.163790 for core code).
INFO: [Node] Finished "convert", elapsed time 5.348302s.
INFO: Post-treating /out/sub-voice982/ses-1/func/sub-voice982_ses-1_task-emosent_run-2_bold.json file
INFO: Converting /out/sub-voice982/ses-1/func/sub-voice982_ses-1_task-vowel_run-1_bold (60 DICOMs) -> /out/sub-voice982/ses-1/func . Converter: dcm2niix . Output types: ('nii.gz',)
INFO: [Node] Setting-up "convert" in "/tmp/dcm2niix3yrdvg2z/convert".
INFO: [Node] Executing "convert" <nipype.interfaces.dcm2nii.Dcm2niix>
INFO: stdout 2022-10-07T19:55:59.715825:Chris Rorden's dcm2niiX version v1.0.20211006  GCC10.2.1 x86-64 (64-bit Linux)
INFO: stdout 2022-10-07T19:55:59.715825:Found 60 DICOM file(s)
INFO: stdout 2022-10-07T19:55:59.715825:Warning: Slice timing appears corrupted (range 0..5360, TR=4000 ms)
INFO: stdout 2022-10-07T19:55:59.715825:Convert 60 DICOM as /out/sub-voice982/ses-1/func/sub-voice982_ses-1_task-vowel_run-1_bold_heudiconv079 (108x108x65x60)
INFO: stdout 2022-10-07T19:56:05.791087:Compress: "/usr/bin/pigz" -b 960 -n -f -6 "/out/sub-voice982/ses-1/func/sub-voice982_ses-1_task-vowel_run-1_bold_heudiconv079.nii"
INFO: stdout 2022-10-07T19:56:05.791087:Conversion required 6.239114 seconds (0.184193 for core code).
INFO: [Node] Finished "convert", elapsed time 6.32776s.
INFO: Post-treating /out/sub-voice982/ses-1/func/sub-voice982_ses-1_task-vowel_run-1_bold.json file
INFO: Converting /out/sub-voice982/ses-1/func/sub-voice982_ses-1_task-vowel_run-2_bold (60 DICOMs) -> /out/sub-voice982/ses-1/func . Converter: dcm2niix . Output types: ('nii.gz',)
INFO: [Node] Setting-up "convert" in "/tmp/dcm2niix9631800o/convert".
INFO: [Node] Executing "convert" <nipype.interfaces.dcm2nii.Dcm2niix>
INFO: stdout 2022-10-07T19:56:06.418493:Chris Rorden's dcm2niiX version v1.0.20211006  GCC10.2.1 x86-64 (64-bit Linux)
INFO: stdout 2022-10-07T19:56:06.418493:Found 60 DICOM file(s)
INFO: stdout 2022-10-07T19:56:06.418493:Warning: Slice timing appears corrupted (range 0..5360, TR=4000 ms)
INFO: stdout 2022-10-07T19:56:06.418493:Convert 60 DICOM as /out/sub-voice982/ses-1/func/sub-voice982_ses-1_task-vowel_run-2_bold_heudiconv821 (108x108x65x60)
INFO: stdout 2022-10-07T19:56:12.799428:Compress: "/usr/bin/pigz" -b 960 -n -f -6 "/out/sub-voice982/ses-1/func/sub-voice982_ses-1_task-vowel_run-2_bold_heudiconv821.nii"
INFO: stdout 2022-10-07T19:56:12.799428:Conversion required 6.615065 seconds (0.185321 for core code).
INFO: [Node] Finished "convert", elapsed time 6.676407s.
INFO: Post-treating /out/sub-voice982/ses-1/func/sub-voice982_ses-1_task-vowel_run-2_bold.json file
INFO: Converting /out/sub-voice982/ses-1/func/sub-voice982_ses-1_task-pitchnw_run-1_bold (101 DICOMs) -> /out/sub-voice982/ses-1/func . Converter: dcm2niix . Output types: ('nii.gz',)
INFO: [Node] Setting-up "convert" in "/tmp/dcm2niixzgef5kl_/convert".
INFO: [Node] Executing "convert" <nipype.interfaces.dcm2nii.Dcm2niix>
INFO: stdout 2022-10-07T19:56:13.542158:Chris Rorden's dcm2niiX version v1.0.20211006  GCC10.2.1 x86-64 (64-bit Linux)
INFO: stdout 2022-10-07T19:56:13.542158:Found 101 DICOM file(s)
INFO: stdout 2022-10-07T19:56:13.542158:Warning: Slice timing appears corrupted (range 0..5360, TR=2000 ms)
INFO: stdout 2022-10-07T19:56:13.542158:Convert 101 DICOM as /out/sub-voice982/ses-1/func/sub-voice982_ses-1_task-pitchnw_run-1_bold_heudiconv662 (108x108x65x101)
INFO: stdout 2022-10-07T19:56:23.957885:Compress: "/usr/bin/pigz" -b 960 -n -f -6 "/out/sub-voice982/ses-1/func/sub-voice982_ses-1_task-pitchnw_run-1_bold_heudiconv662.nii"
INFO: stdout 2022-10-07T19:56:23.957885:Conversion required 10.766463 seconds (0.307023 for core code).
INFO: [Node] Finished "convert", elapsed time 10.829689s.
INFO: Post-treating /out/sub-voice982/ses-1/func/sub-voice982_ses-1_task-pitchnw_run-1_bold.json file
INFO: Converting /out/sub-voice982/ses-1/func/sub-voice982_ses-1_task-pitchnw_run-2_bold (101 DICOMs) -> /out/sub-voice982/ses-1/func . Converter: dcm2niix . Output types: ('nii.gz',)
INFO: [Node] Setting-up "convert" in "/tmp/dcm2niixu447z_du/convert".
INFO: [Node] Executing "convert" <nipype.interfaces.dcm2nii.Dcm2niix>
INFO: stdout 2022-10-07T19:56:24.526563:Chris Rorden's dcm2niiX version v1.0.20211006  GCC10.2.1 x86-64 (64-bit Linux)
INFO: stdout 2022-10-07T19:56:24.526563:Found 101 DICOM file(s)
INFO: stdout 2022-10-07T19:56:24.526563:Warning: Slice timing appears corrupted (range 0..5357.5, TR=2000 ms)
INFO: stdout 2022-10-07T19:56:24.526563:Convert 101 DICOM as /out/sub-voice982/ses-1/func/sub-voice982_ses-1_task-pitchnw_run-2_bold_heudiconv557 (108x108x65x101)
INFO: stdout 2022-10-07T19:56:34.853146:Compress: "/usr/bin/pigz" -b 960 -n -f -6 "/out/sub-voice982/ses-1/func/sub-voice982_ses-1_task-pitchnw_run-2_bold_heudiconv557.nii"
INFO: stdout 2022-10-07T19:56:34.853146:Conversion required 10.621795 seconds (0.308212 for core code).
INFO: [Node] Finished "convert", elapsed time 10.683153s.
INFO: Post-treating /out/sub-voice982/ses-1/func/sub-voice982_ses-1_task-pitchnw_run-2_bold.json file
INFO: Converting /out/sub-voice982/ses-1/func/sub-voice982_ses-1_task-movie_run-1_bold (138 DICOMs) -> /out/sub-voice982/ses-1/func . Converter: dcm2niix . Output types: ('nii.gz',)
INFO: [Node] Setting-up "convert" in "/tmp/dcm2niixztykvmqr/convert".
INFO: [Node] Executing "convert" <nipype.interfaces.dcm2nii.Dcm2niix>
INFO: stdout 2022-10-07T19:56:35.689213:Chris Rorden's dcm2niiX version v1.0.20211006  GCC10.2.1 x86-64 (64-bit Linux)
INFO: stdout 2022-10-07T19:56:35.689213:Found 138 DICOM file(s)
INFO: stdout 2022-10-07T19:56:35.689213:Warning: Slice timing appears corrupted (range 0..5357.5, TR=1090 ms)
INFO: stdout 2022-10-07T19:56:35.689213:Convert 138 DICOM as /out/sub-voice982/ses-1/func/sub-voice982_ses-1_task-movie_run-1_bold_heudiconv936 (108x108x65x138)
INFO: stdout 2022-10-07T19:56:48.832236:Compress: "/usr/bin/pigz" -b 960 -n -f -6 "/out/sub-voice982/ses-1/func/sub-voice982_ses-1_task-movie_run-1_bold_heudiconv936.nii"
INFO: stdout 2022-10-07T19:56:48.832236:Conversion required 13.537684 seconds (0.411310 for core code).
INFO: [Node] Finished "convert", elapsed time 13.65832s.
INFO: Post-treating /out/sub-voice982/ses-1/func/sub-voice982_ses-1_task-movie_run-1_bold.json file
INFO: Populating template files under /out/
INFO: PROCESSING DONE: {'subject': 'voice982', 'outdir': '/out/', 'session': '1'}
INFO: Total: starting
INFO: 
INFO: Total: processed result for /out
INFO: Total: done
INFO: Total: starting
INFO: 
INFO: Total: processed result for /out/.heudiconv
[WARNING] Received an exception CommandError(CommandError: 'git -c diff.ignoreSubmodules=none update-index --add --replace --cacheinfo 160000 8297c8c01bc2e7ba2fbffd7896a003cfc90a4c58 .heudiconv' failed with exitcode 128 [err: 'fatal: Unable to create '/out/.git/index.lock': File exists.

Another git process seems to be running in this repository, e.g.
an editor opened by 'git commit'. Please make sure all processes
are terminated then try again. If it still fails, a git process
may have crashed in this repository earlier:
remove the file manually to continue.']). Canceling not-yet running jobs and waiting for completion of running. You can force earlier forceful exit by Ctrl-C. 
WARNING: Received an exception CommandError(CommandError: 'git -c diff.ignoreSubmodules=none update-index --add --replace --cacheinfo 160000 8297c8c01bc2e7ba2fbffd7896a003cfc90a4c58 .heudiconv' failed with exitcode 128 [err: 'fatal: Unable to create '/out/.git/index.lock': File exists.

Another git process seems to be running in this repository, e.g.
an editor opened by 'git commit'. Please make sure all processes
are terminated then try again. If it still fails, a git process
may have crashed in this repository earlier:
remove the file manually to continue.']). Canceling not-yet running jobs and waiting for completion of running. You can force earlier forceful exit by Ctrl-C.
[INFO] Canceled 0 out of 0 jobs. 0 left running. 
INFO: Canceled 0 out of 0 jobs. 0 left running.
Traceback (most recent call last):
  File "/opt/miniconda-latest/lib/python3.7/site-packages/datalad/support/parallel.py", line 368, in _iter_threads
    raise _FinalShutdown()
datalad.support.parallel._FinalShutdown

During handling of the above exception, another exception occurred:

Traceback (most recent call last):
  File "/opt/miniconda-latest/bin/heudiconv", line 33, in <module>
    sys.exit(load_entry_point('heudiconv', 'console_scripts', 'heudiconv')())
  File "/src/heudiconv/heudiconv/cli/run.py", line 24, in main
    workflow(**kwargs)
  File "/src/heudiconv/heudiconv/main.py", line 406, in workflow
    add_to_datalad(outdir, study_outdir, msg, bids_options)
  File "/src/heudiconv/heudiconv/external/dlad.py", line 125, in add_to_datalad
    ds.save('.', recursive=True
  File "/opt/miniconda-latest/lib/python3.7/site-packages/datalad/distribution/dataset.py", line 502, in apply_func
    return f(*args, **kwargs)
  File "/opt/miniconda-latest/lib/python3.7/site-packages/datalad/interface/utils.py", line 447, in eval_func
    return return_func(*args, **kwargs)
  File "/opt/miniconda-latest/lib/python3.7/site-packages/datalad/interface/utils.py", line 439, in return_func
    results = list(results)
  File "/opt/miniconda-latest/lib/python3.7/site-packages/datalad/interface/utils.py", line 369, in generator_func
    allkwargs):
  File "/opt/miniconda-latest/lib/python3.7/site-packages/datalad/interface/utils.py", line 544, in _process_results
    for res in results:
  File "/opt/miniconda-latest/lib/python3.7/site-packages/datalad/core/local/save.py", line 398, in __call__
    lgr=lgr,
  File "/opt/miniconda-latest/lib/python3.7/site-packages/datalad/support/parallel.py", line 535, in __iter__
    for res in super().__iter__():
  File "/opt/miniconda-latest/lib/python3.7/site-packages/datalad/support/parallel.py", line 265, in __iter__
    yield from self._iter_threads(self._jobs)
  File "/opt/miniconda-latest/lib/python3.7/site-packages/datalad/support/parallel.py", line 417, in _iter_threads
    self.shutdown(force=True, exception=self._producer_exception or interrupted_by_exception)
  File "/opt/miniconda-latest/lib/python3.7/site-packages/datalad/support/parallel.py", line 233, in shutdown
    raise exception
  File "/opt/miniconda-latest/lib/python3.7/site-packages/datalad/support/parallel.py", line 401, in _iter_threads
    done_useful |= self._pop_done_futures(lgr)
  File "/opt/miniconda-latest/lib/python3.7/site-packages/datalad/support/parallel.py", line 463, in _pop_done_futures
    raise exception
  File "/opt/miniconda-latest/lib/python3.7/concurrent/futures/thread.py", line 57, in run
    result = self.fn(*self.args, **self.kwargs)
  File "/opt/miniconda-latest/lib/python3.7/site-packages/datalad/support/parallel.py", line 329, in consumer_worker
    for r in res:
  File "/opt/miniconda-latest/lib/python3.7/site-packages/datalad/core/local/save.py", line 322, in save_ds
    amend=amend):
  File "/opt/miniconda-latest/lib/python3.7/site-packages/datalad/support/gitrepo.py", line 3425, in save_
    for r in self._save_add_submodules(to_stage_submodules):
  File "/opt/miniconda-latest/lib/python3.7/site-packages/datalad/support/gitrepo.py", line 3662, in _save_add_submodules
    i['commit'], i['rpath']
  File "/opt/miniconda-latest/lib/python3.7/site-packages/datalad/dataset/gitrepo.py", line 437, in call_git
    read_only=read_only))
  File "/opt/miniconda-latest/lib/python3.7/site-packages/datalad/dataset/gitrepo.py", line 482, in call_git_items_
    sep=sep):
  File "/opt/miniconda-latest/lib/python3.7/site-packages/datalad/dataset/gitrepo.py", line 345, in _generator_call_git
    for file_no, content in generator:
  File "/opt/miniconda-latest/lib/python3.7/_collections_abc.py", line 317, in __next__
    return self.send(None)
  File "/opt/miniconda-latest/lib/python3.7/site-packages/datalad/runner/nonasyncrunner.py", line 98, in send
    self._check_result()
  File "/opt/miniconda-latest/lib/python3.7/site-packages/datalad/runner/nonasyncrunner.py", line 80, in _check_result
    self.runner._check_result()
  File "/opt/miniconda-latest/lib/python3.7/site-packages/datalad/runner/nonasyncrunner.py", line 259, in _check_result
    stderr=decoded_output.get("stderr", None))
datalad.runner.exception.CommandError: CommandError: 'git -c diff.ignoreSubmodules=none update-index --add --replace --cacheinfo 160000 8297c8c01bc2e7ba2fbffd7896a003cfc90a4c58 .heudiconv' failed with exitcode 128 [err: 'fatal: Unable to create '/out/.git/index.lock': File exists.

Another git process seems to be running in this repository, e.g.
an editor opened by 'git commit'. Please make sure all processes
are terminated then try again. If it still fails, a git process
may have crashed in this repository earlier:
remove the file manually to continue.']
