INFO: Running heudiconv version 0.11.3+d20220512 latest 0.11.4
INFO: Need to process 1 study sessions
INFO: PROCESSING STARTS: {'subject': 'voice986', 'outdir': '/out/', 'session': '1'}
INFO: Processing 4938 dicoms
INFO: Analyzing 4938 dicoms
INFO: Generated sequence info for 49 accession numbers with 4938 entries total
INFO: Doing conversion using dcm2niix
INFO: Converting /out/sub-voice986/ses-1/func/sub-voice986_ses-1_task-rest_run-1_bold (300 DICOMs) -> /out/sub-voice986/ses-1/func . Converter: dcm2niix . Output types: ('nii.gz',)
WARNING: A newer version (1.8.4) of nipy/nipype is available. You are using 1.8.0
INFO: [Node] Setting-up "convert" in "/tmp/dcm2niixc4zq1cu0/convert".
INFO: [Node] Executing "convert" <nipype.interfaces.dcm2nii.Dcm2niix>
INFO: stdout 2022-10-07T19:53:10.676218:Chris Rorden's dcm2niiX version v1.0.20211006  GCC10.2.1 x86-64 (64-bit Linux)
INFO: stdout 2022-10-07T19:53:10.676218:Found 300 DICOM file(s)
INFO: stdout 2022-10-07T19:53:10.676218:Warning: Slice timing appears corrupted (range 0..5357.5, TR=1090 ms)
INFO: stdout 2022-10-07T19:53:10.676218:Convert 300 DICOM as /out/sub-voice986/ses-1/func/sub-voice986_ses-1_task-rest_run-1_bold_heudiconv291 (108x108x65x300)
INFO: stdout 2022-10-07T19:53:45.060270:Compress: "/usr/bin/pigz" -b 960 -n -f -6 "/out/sub-voice986/ses-1/func/sub-voice986_ses-1_task-rest_run-1_bold_heudiconv291.nii"
INFO: stdout 2022-10-07T19:53:45.060270:Conversion required 35.149905 seconds (0.999363 for core code).
INFO: [Node] Finished "convert", elapsed time 35.208188s.
INFO: Post-treating /out/sub-voice986/ses-1/func/sub-voice986_ses-1_task-rest_run-1_bold.json file
INFO: Converting /out/sub-voice986/ses-1/fmap/sub-voice986_ses-1_acq-func_dir-PA_run-1_epi (260 DICOMs) -> /out/sub-voice986/ses-1/fmap . Converter: dcm2niix . Output types: ('nii.gz',)
INFO: [Node] Setting-up "convert" in "/tmp/dcm2niixtvq_46kl/convert".
INFO: [Node] Executing "convert" <nipype.interfaces.dcm2nii.Dcm2niix>
INFO: stdout 2022-10-07T19:53:45.964458:Chris Rorden's dcm2niiX version v1.0.20211006  GCC10.2.1 x86-64 (64-bit Linux)
INFO: stdout 2022-10-07T19:53:45.964458:Found 260 DICOM file(s)
INFO: stdout 2022-10-07T19:53:45.964458:Convert 260 DICOM as /out/sub-voice986/ses-1/fmap/sub-voice986_ses-1_acq-func_dir-PA_run-1_epi_heudiconv561 (108x108x65x4)
INFO: stdout 2022-10-07T19:53:46.517699:Compress: "/usr/bin/pigz" -b 960 -n -f -6 "/out/sub-voice986/ses-1/fmap/sub-voice986_ses-1_acq-func_dir-PA_run-1_epi_heudiconv561.nii"
INFO: stdout 2022-10-07T19:53:46.517699:Conversion required 0.901649 seconds (0.195458 for core code).
INFO: [Node] Finished "convert", elapsed time 0.956752s.
WARNING: Failed to find task field in /out/sub-voice986/ses-1/fmap/sub-voice986_ses-1_acq-func_dir-PA_run-1_epi.json.
INFO: Post-treating /out/sub-voice986/ses-1/fmap/sub-voice986_ses-1_acq-func_dir-PA_run-1_epi.json file
INFO: Converting /out/sub-voice986/ses-1/fmap/sub-voice986_ses-1_acq-func_dir-AP_run-2_epi (260 DICOMs) -> /out/sub-voice986/ses-1/fmap . Converter: dcm2niix . Output types: ('nii.gz',)
INFO: [Node] Setting-up "convert" in "/tmp/dcm2niixvpibtdir/convert".
INFO: [Node] Executing "convert" <nipype.interfaces.dcm2nii.Dcm2niix>
INFO: stdout 2022-10-07T19:53:47.225226:Chris Rorden's dcm2niiX version v1.0.20211006  GCC10.2.1 x86-64 (64-bit Linux)
INFO: stdout 2022-10-07T19:53:47.225226:Found 260 DICOM file(s)
INFO: stdout 2022-10-07T19:53:47.225226:Convert 260 DICOM as /out/sub-voice986/ses-1/fmap/sub-voice986_ses-1_acq-func_dir-AP_run-2_epi_heudiconv462 (108x108x65x4)
INFO: stdout 2022-10-07T19:53:47.751970:Compress: "/usr/bin/pigz" -b 960 -n -f -6 "/out/sub-voice986/ses-1/fmap/sub-voice986_ses-1_acq-func_dir-AP_run-2_epi_heudiconv462.nii"
INFO: stdout 2022-10-07T19:53:47.751970:Conversion required 0.815117 seconds (0.196614 for core code).
INFO: [Node] Finished "convert", elapsed time 0.871301s.
WARNING: Failed to find task field in /out/sub-voice986/ses-1/fmap/sub-voice986_ses-1_acq-func_dir-AP_run-2_epi.json.
INFO: Post-treating /out/sub-voice986/ses-1/fmap/sub-voice986_ses-1_acq-func_dir-AP_run-2_epi.json file
INFO: Converting /out/sub-voice986/ses-1/dwi/sub-voice986_ses-1_acq-PA_dwi (72 DICOMs) -> /out/sub-voice986/ses-1/dwi . Converter: dcm2niix . Output types: ('nii.gz',)
INFO: [Node] Setting-up "convert" in "/tmp/dcm2niixhfoq0_46/convert".
INFO: [Node] Executing "convert" <nipype.interfaces.dcm2nii.Dcm2niix>
INFO: stdout 2022-10-07T19:53:48.747496:Chris Rorden's dcm2niiX version v1.0.20211006  GCC10.2.1 x86-64 (64-bit Linux)
INFO: stdout 2022-10-07T19:53:48.747496:Found 72 DICOM file(s)
INFO: stdout 2022-10-07T19:53:48.747496:Warning: Slice timing appears corrupted (range 0..8.63999e+07, TR=4400 ms)
INFO: stdout 2022-10-07T19:53:48.747496:Convert 72 DICOM as /out/sub-voice986/ses-1/dwi/sub-voice986_ses-1_acq-PA_dwi_heudiconv361 (120x120x66x72)
INFO: stdout 2022-10-07T19:53:59.138137:Compress: "/usr/bin/pigz" -b 960 -n -f -6 "/out/sub-voice986/ses-1/dwi/sub-voice986_ses-1_acq-PA_dwi_heudiconv361.nii"
INFO: stdout 2022-10-07T19:53:59.138137:Conversion required 11.101186 seconds (0.311742 for core code).
INFO: [Node] Finished "convert", elapsed time 11.156024s.
WARNING: Failed to find task field in /out/sub-voice986/ses-1/dwi/sub-voice986_ses-1_acq-PA_dwi.json.
INFO: Post-treating /out/sub-voice986/ses-1/dwi/sub-voice986_ses-1_acq-PA_dwi.json file
INFO: Converting /out/sub-voice986/ses-1/dwi/sub-voice986_ses-1_acq-AP_dwi (7 DICOMs) -> /out/sub-voice986/ses-1/dwi . Converter: dcm2niix . Output types: ('nii.gz',)
INFO: [Node] Setting-up "convert" in "/tmp/dcm2niixth6mtcih/convert".
INFO: [Node] Executing "convert" <nipype.interfaces.dcm2nii.Dcm2niix>
INFO: stdout 2022-10-07T19:53:59.500389:Chris Rorden's dcm2niiX version v1.0.20211006  GCC10.2.1 x86-64 (64-bit Linux)
INFO: stdout 2022-10-07T19:53:59.500389:Found 7 DICOM file(s)
INFO: stdout 2022-10-07T19:53:59.500389:Warning: Slice timing appears corrupted (range 0..8.63999e+07, TR=4400 ms)
INFO: stdout 2022-10-07T19:53:59.500389:Convert 7 DICOM as /out/sub-voice986/ses-1/dwi/sub-voice986_ses-1_acq-AP_dwi_heudiconv661 (120x120x66x7)
INFO: stdout 2022-10-07T19:54:00.563691:Compress: "/usr/bin/pigz" -b 960 -n -f -6 "/out/sub-voice986/ses-1/dwi/sub-voice986_ses-1_acq-AP_dwi_heudiconv661.nii"
INFO: stdout 2022-10-07T19:54:00.563691:Conversion required 1.198449 seconds (0.040564 for core code).
INFO: [Node] Finished "convert", elapsed time 1.259095s.
WARNING: Failed to find task field in /out/sub-voice986/ses-1/dwi/sub-voice986_ses-1_acq-AP_dwi.json.
INFO: Post-treating /out/sub-voice986/ses-1/dwi/sub-voice986_ses-1_acq-AP_dwi.json file
INFO: Converting /out/sub-voice986/ses-1/anat/sub-voice986_ses-1_run-1_T1w (176 DICOMs) -> /out/sub-voice986/ses-1/anat . Converter: dcm2niix . Output types: ('nii.gz',)
INFO: [Node] Setting-up "convert" in "/tmp/dcm2niixeqaz9owu/convert".
INFO: [Node] Executing "convert" <nipype.interfaces.dcm2nii.Dcm2niix>
INFO: stdout 2022-10-07T19:54:01.165827:Chris Rorden's dcm2niiX version v1.0.20211006  GCC10.2.1 x86-64 (64-bit Linux)
INFO: stdout 2022-10-07T19:54:01.165827:Found 176 DICOM file(s)
INFO: stdout 2022-10-07T19:54:01.165827:Convert 176 DICOM as /out/sub-voice986/ses-1/anat/sub-voice986_ses-1_run-1_T1w_heudiconv993 (256x256x176x1)
INFO: stdout 2022-10-07T19:54:03.017702:Compress: "/usr/bin/pigz" -b 960 -n -f -6 "/out/sub-voice986/ses-1/anat/sub-voice986_ses-1_run-1_T1w_heudiconv993.nii"
INFO: stdout 2022-10-07T19:54:03.017702:Conversion required 2.101737 seconds (0.253167 for core code).
INFO: [Node] Finished "convert", elapsed time 2.165124s.
WARNING: Failed to find task field in /out/sub-voice986/ses-1/anat/sub-voice986_ses-1_run-1_T1w.json.
INFO: Post-treating /out/sub-voice986/ses-1/anat/sub-voice986_ses-1_run-1_T1w.json file
INFO: Converting /out/sub-voice986/ses-1/func/sub-voice986_ses-1_task-pataka_run-1_bold (207 DICOMs) -> /out/sub-voice986/ses-1/func . Converter: dcm2niix . Output types: ('nii.gz',)
INFO: [Node] Setting-up "convert" in "/tmp/dcm2niixtvu3dkgs/convert".
INFO: [Node] Executing "convert" <nipype.interfaces.dcm2nii.Dcm2niix>
INFO: stdout 2022-10-07T19:54:03.771688:Chris Rorden's dcm2niiX version v1.0.20211006  GCC10.2.1 x86-64 (64-bit Linux)
INFO: stdout 2022-10-07T19:54:03.771688:Found 207 DICOM file(s)
INFO: stdout 2022-10-07T19:54:03.771688:Warning: Slice timing appears corrupted (range 0..3137.5, TR=1640 ms)
INFO: stdout 2022-10-07T19:54:03.771688:Convert 207 DICOM as /out/sub-voice986/ses-1/func/sub-voice986_ses-1_task-pataka_run-1_bold_heudiconv387 (72x72x45x207)
INFO: stdout 2022-10-07T19:54:11.318192:Compress: "/usr/bin/pigz" -b 960 -n -f -6 "/out/sub-voice986/ses-1/func/sub-voice986_ses-1_task-pataka_run-1_bold_heudiconv387.nii"
INFO: stdout 2022-10-07T19:54:11.318192:Conversion required 7.895893 seconds (0.322923 for core code).
INFO: [Node] Finished "convert", elapsed time 7.975253s.
INFO: Post-treating /out/sub-voice986/ses-1/func/sub-voice986_ses-1_task-pataka_run-1_bold.json file
INFO: Converting /out/sub-voice986/ses-1/func/sub-voice986_ses-1_task-pataka_run-2_bold (207 DICOMs) -> /out/sub-voice986/ses-1/func . Converter: dcm2niix . Output types: ('nii.gz',)
INFO: [Node] Setting-up "convert" in "/tmp/dcm2niix1awkf2l4/convert".
INFO: [Node] Executing "convert" <nipype.interfaces.dcm2nii.Dcm2niix>
INFO: stdout 2022-10-07T19:54:12.314878:Chris Rorden's dcm2niiX version v1.0.20211006  GCC10.2.1 x86-64 (64-bit Linux)
INFO: stdout 2022-10-07T19:54:12.314878:Found 207 DICOM file(s)
INFO: stdout 2022-10-07T19:54:12.314878:Warning: Slice timing appears corrupted (range 0..3135, TR=1640 ms)
INFO: stdout 2022-10-07T19:54:12.314878:Convert 207 DICOM as /out/sub-voice986/ses-1/func/sub-voice986_ses-1_task-pataka_run-2_bold_heudiconv103 (72x72x45x207)
INFO: stdout 2022-10-07T19:54:20.274483:Compress: "/usr/bin/pigz" -b 960 -n -f -6 "/out/sub-voice986/ses-1/func/sub-voice986_ses-1_task-pataka_run-2_bold_heudiconv103.nii"
INFO: stdout 2022-10-07T19:54:20.274483:Conversion required 8.310394 seconds (0.338208 for core code).
INFO: [Node] Finished "convert", elapsed time 8.385651s.
INFO: Post-treating /out/sub-voice986/ses-1/func/sub-voice986_ses-1_task-pataka_run-2_bold.json file
INFO: Converting /out/sub-voice986/ses-1/func/sub-voice986_ses-1_task-pitchsent_run-1_bold (57 DICOMs) -> /out/sub-voice986/ses-1/func . Converter: dcm2niix . Output types: ('nii.gz',)
INFO: [Node] Setting-up "convert" in "/tmp/dcm2niix_4hamgtr/convert".
INFO: [Node] Executing "convert" <nipype.interfaces.dcm2nii.Dcm2niix>
INFO: stdout 2022-10-07T19:54:20.878609:Chris Rorden's dcm2niiX version v1.0.20211006  GCC10.2.1 x86-64 (64-bit Linux)
INFO: stdout 2022-10-07T19:54:20.878609:Found 57 DICOM file(s)
INFO: stdout 2022-10-07T19:54:20.878609:Warning: Slice timing appears corrupted (range 0..5360, TR=4000 ms)
INFO: stdout 2022-10-07T19:54:20.878609:Convert 57 DICOM as /out/sub-voice986/ses-1/func/sub-voice986_ses-1_task-pitchsent_run-1_bold_heudiconv611 (108x108x65x57)
INFO: stdout 2022-10-07T19:54:27.662952:Compress: "/usr/bin/pigz" -b 960 -n -f -6 "/out/sub-voice986/ses-1/func/sub-voice986_ses-1_task-pitchsent_run-1_bold_heudiconv611.nii"
INFO: stdout 2022-10-07T19:54:27.662952:Conversion required 7.108799 seconds (0.209191 for core code).
INFO: [Node] Finished "convert", elapsed time 7.176974s.
INFO: Post-treating /out/sub-voice986/ses-1/func/sub-voice986_ses-1_task-pitchsent_run-1_bold.json file
INFO: Converting /out/sub-voice986/ses-1/func/sub-voice986_ses-1_task-pitchsent_run-2_bold (57 DICOMs) -> /out/sub-voice986/ses-1/func . Converter: dcm2niix . Output types: ('nii.gz',)
INFO: [Node] Setting-up "convert" in "/tmp/dcm2niixmfnm1z8x/convert".
INFO: [Node] Executing "convert" <nipype.interfaces.dcm2nii.Dcm2niix>
INFO: stdout 2022-10-07T19:54:28.148323:Chris Rorden's dcm2niiX version v1.0.20211006  GCC10.2.1 x86-64 (64-bit Linux)
INFO: stdout 2022-10-07T19:54:28.148323:Found 57 DICOM file(s)
INFO: stdout 2022-10-07T19:54:28.148323:Warning: Slice timing appears corrupted (range 0..5360, TR=4000 ms)
INFO: stdout 2022-10-07T19:54:28.148323:Convert 57 DICOM as /out/sub-voice986/ses-1/func/sub-voice986_ses-1_task-pitchsent_run-2_bold_heudiconv813 (108x108x65x57)
INFO: stdout 2022-10-07T19:54:34.880954:Compress: "/usr/bin/pigz" -b 960 -n -f -6 "/out/sub-voice986/ses-1/func/sub-voice986_ses-1_task-pitchsent_run-2_bold_heudiconv813.nii"
INFO: stdout 2022-10-07T19:54:34.880954:Conversion required 6.900301 seconds (0.197843 for core code).
INFO: [Node] Finished "convert", elapsed time 6.963045s.
INFO: Post-treating /out/sub-voice986/ses-1/func/sub-voice986_ses-1_task-pitchsent_run-2_bold.json file
INFO: Converting /out/sub-voice986/ses-1/func/sub-voice986_ses-1_task-pitchsent_run-3_bold (57 DICOMs) -> /out/sub-voice986/ses-1/func . Converter: dcm2niix . Output types: ('nii.gz',)
INFO: [Node] Setting-up "convert" in "/tmp/dcm2niixy7qew8dd/convert".
INFO: [Node] Executing "convert" <nipype.interfaces.dcm2nii.Dcm2niix>
INFO: stdout 2022-10-07T19:54:35.318573:Chris Rorden's dcm2niiX version v1.0.20211006  GCC10.2.1 x86-64 (64-bit Linux)
INFO: stdout 2022-10-07T19:54:35.318573:Found 57 DICOM file(s)
INFO: stdout 2022-10-07T19:54:35.318573:Warning: Slice timing appears corrupted (range 0..5360, TR=4000 ms)
INFO: stdout 2022-10-07T19:54:35.318573:Convert 57 DICOM as /out/sub-voice986/ses-1/func/sub-voice986_ses-1_task-pitchsent_run-3_bold_heudiconv474 (108x108x65x57)
INFO: stdout 2022-10-07T19:54:42.310234:Compress: "/usr/bin/pigz" -b 960 -n -f -6 "/out/sub-voice986/ses-1/func/sub-voice986_ses-1_task-pitchsent_run-3_bold_heudiconv474.nii"
INFO: stdout 2022-10-07T19:54:42.310234:Conversion required 7.169289 seconds (0.199559 for core code).
INFO: [Node] Finished "convert", elapsed time 7.22784s.
INFO: Post-treating /out/sub-voice986/ses-1/func/sub-voice986_ses-1_task-pitchsent_run-3_bold.json file
INFO: Converting /out/sub-voice986/ses-1/func/sub-voice986_ses-1_task-nwr_run-1_bold (42 DICOMs) -> /out/sub-voice986/ses-1/func . Converter: dcm2niix . Output types: ('nii.gz',)
INFO: [Node] Setting-up "convert" in "/tmp/dcm2niixbquq1oq9/convert".
INFO: [Node] Executing "convert" <nipype.interfaces.dcm2nii.Dcm2niix>
INFO: stdout 2022-10-07T19:54:42.710927:Chris Rorden's dcm2niiX version v1.0.20211006  GCC10.2.1 x86-64 (64-bit Linux)
INFO: stdout 2022-10-07T19:54:42.710927:Found 42 DICOM file(s)
INFO: stdout 2022-10-07T19:54:42.710927:Warning: Slice timing appears corrupted (range 0..5357.5, TR=4000 ms)
INFO: stdout 2022-10-07T19:54:42.710927:Convert 42 DICOM as /out/sub-voice986/ses-1/func/sub-voice986_ses-1_task-nwr_run-1_bold_heudiconv838 (108x108x65x42)
INFO: stdout 2022-10-07T19:54:47.724309:Compress: "/usr/bin/pigz" -b 960 -n -f -6 "/out/sub-voice986/ses-1/func/sub-voice986_ses-1_task-nwr_run-1_bold_heudiconv838.nii"
INFO: stdout 2022-10-07T19:54:47.724309:Conversion required 5.147657 seconds (0.152090 for core code).
INFO: [Node] Finished "convert", elapsed time 5.208213s.
INFO: Post-treating /out/sub-voice986/ses-1/func/sub-voice986_ses-1_task-nwr_run-1_bold.json file
INFO: Converting /out/sub-voice986/ses-1/func/sub-voice986_ses-1_task-nwr_run-2_bold (42 DICOMs) -> /out/sub-voice986/ses-1/func . Converter: dcm2niix . Output types: ('nii.gz',)
INFO: [Node] Setting-up "convert" in "/tmp/dcm2niixljady0dx/convert".
INFO: [Node] Executing "convert" <nipype.interfaces.dcm2nii.Dcm2niix>
INFO: stdout 2022-10-07T19:54:48.156256:Chris Rorden's dcm2niiX version v1.0.20211006  GCC10.2.1 x86-64 (64-bit Linux)
INFO: stdout 2022-10-07T19:54:48.156256:Found 42 DICOM file(s)
INFO: stdout 2022-10-07T19:54:48.156256:Warning: Slice timing appears corrupted (range 0..5360, TR=4000 ms)
INFO: stdout 2022-10-07T19:54:48.156256:Convert 42 DICOM as /out/sub-voice986/ses-1/func/sub-voice986_ses-1_task-nwr_run-2_bold_heudiconv448 (108x108x65x42)
INFO: stdout 2022-10-07T19:54:53.129388:Compress: "/usr/bin/pigz" -b 960 -n -f -6 "/out/sub-voice986/ses-1/func/sub-voice986_ses-1_task-nwr_run-2_bold_heudiconv448.nii"
INFO: stdout 2022-10-07T19:54:53.129388:Conversion required 5.139511 seconds (0.161702 for core code).
INFO: [Node] Finished "convert", elapsed time 5.208463s.
INFO: Post-treating /out/sub-voice986/ses-1/func/sub-voice986_ses-1_task-nwr_run-2_bold.json file
INFO: Converting /out/sub-voice986/ses-1/func/sub-voice986_ses-1_task-nwr_run-3_bold (42 DICOMs) -> /out/sub-voice986/ses-1/func . Converter: dcm2niix . Output types: ('nii.gz',)
INFO: [Node] Setting-up "convert" in "/tmp/dcm2niix1n9r4q5m/convert".
INFO: [Node] Executing "convert" <nipype.interfaces.dcm2nii.Dcm2niix>
INFO: stdout 2022-10-07T19:54:53.509199:Chris Rorden's dcm2niiX version v1.0.20211006  GCC10.2.1 x86-64 (64-bit Linux)
INFO: stdout 2022-10-07T19:54:53.509199:Found 42 DICOM file(s)
INFO: stdout 2022-10-07T19:54:53.509199:Warning: Slice timing appears corrupted (range 0..5360, TR=4000 ms)
INFO: stdout 2022-10-07T19:54:53.509199:Convert 42 DICOM as /out/sub-voice986/ses-1/func/sub-voice986_ses-1_task-nwr_run-3_bold_heudiconv421 (108x108x65x42)
INFO: stdout 2022-10-07T19:54:58.594967:Compress: "/usr/bin/pigz" -b 960 -n -f -6 "/out/sub-voice986/ses-1/func/sub-voice986_ses-1_task-nwr_run-3_bold_heudiconv421.nii"
INFO: stdout 2022-10-07T19:54:58.594967:Conversion required 5.210303 seconds (0.149537 for core code).
INFO: [Node] Finished "convert", elapsed time 5.267634s.
INFO: Post-treating /out/sub-voice986/ses-1/func/sub-voice986_ses-1_task-nwr_run-3_bold.json file
INFO: Converting /out/sub-voice986/ses-1/func/sub-voice986_ses-1_task-facematch_run-1_bold (99 DICOMs) -> /out/sub-voice986/ses-1/func . Converter: dcm2niix . Output types: ('nii.gz',)
INFO: [Node] Setting-up "convert" in "/tmp/dcm2niixolgtuqly/convert".
INFO: [Node] Executing "convert" <nipype.interfaces.dcm2nii.Dcm2niix>
INFO: stdout 2022-10-07T19:54:59.171447:Chris Rorden's dcm2niiX version v1.0.20211006  GCC10.2.1 x86-64 (64-bit Linux)
INFO: stdout 2022-10-07T19:54:59.171447:Found 99 DICOM file(s)
INFO: stdout 2022-10-07T19:54:59.171447:Warning: Slice timing appears corrupted (range 0..5360, TR=2000 ms)
INFO: stdout 2022-10-07T19:54:59.171447:Convert 99 DICOM as /out/sub-voice986/ses-1/func/sub-voice986_ses-1_task-facematch_run-1_bold_heudiconv033 (108x108x65x99)
INFO: stdout 2022-10-07T19:55:10.930399:Compress: "/usr/bin/pigz" -b 960 -n -f -6 "/out/sub-voice986/ses-1/func/sub-voice986_ses-1_task-facematch_run-1_bold_heudiconv033.nii"
INFO: stdout 2022-10-07T19:55:10.930399:Conversion required 12.027037 seconds (0.333331 for core code).
INFO: [Node] Finished "convert", elapsed time 12.083782s.
INFO: Post-treating /out/sub-voice986/ses-1/func/sub-voice986_ses-1_task-facematch_run-1_bold.json file
INFO: Converting /out/sub-voice986/ses-1/func/sub-voice986_ses-1_task-facematch_run-2_bold (99 DICOMs) -> /out/sub-voice986/ses-1/func . Converter: dcm2niix . Output types: ('nii.gz',)
INFO: [Node] Setting-up "convert" in "/tmp/dcm2niix2f1ua_64/convert".
INFO: [Node] Executing "convert" <nipype.interfaces.dcm2nii.Dcm2niix>
INFO: stdout 2022-10-07T19:55:11.531850:Chris Rorden's dcm2niiX version v1.0.20211006  GCC10.2.1 x86-64 (64-bit Linux)
INFO: stdout 2022-10-07T19:55:11.531850:Found 99 DICOM file(s)
INFO: stdout 2022-10-07T19:55:11.531850:Warning: Slice timing appears corrupted (range 0..5360, TR=2000 ms)
INFO: stdout 2022-10-07T19:55:11.531850:Convert 99 DICOM as /out/sub-voice986/ses-1/func/sub-voice986_ses-1_task-facematch_run-2_bold_heudiconv250 (108x108x65x99)
INFO: stdout 2022-10-07T19:55:23.142349:Compress: "/usr/bin/pigz" -b 960 -n -f -6 "/out/sub-voice986/ses-1/func/sub-voice986_ses-1_task-facematch_run-2_bold_heudiconv250.nii"
INFO: stdout 2022-10-07T19:55:23.142349:Conversion required 11.887629 seconds (0.334161 for core code).
INFO: [Node] Finished "convert", elapsed time 11.941447s.
INFO: Post-treating /out/sub-voice986/ses-1/func/sub-voice986_ses-1_task-facematch_run-2_bold.json file
INFO: Converting /out/sub-voice986/ses-1/func/sub-voice986_ses-1_task-emosent_run-1_bold (42 DICOMs) -> /out/sub-voice986/ses-1/func . Converter: dcm2niix . Output types: ('nii.gz',)
INFO: [Node] Setting-up "convert" in "/tmp/dcm2niixjlj6iznp/convert".
INFO: [Node] Executing "convert" <nipype.interfaces.dcm2nii.Dcm2niix>
INFO: stdout 2022-10-07T19:55:23.502697:Chris Rorden's dcm2niiX version v1.0.20211006  GCC10.2.1 x86-64 (64-bit Linux)
INFO: stdout 2022-10-07T19:55:23.502697:Found 42 DICOM file(s)
INFO: stdout 2022-10-07T19:55:23.502697:Warning: Slice timing appears corrupted (range 0..5357.5, TR=4000 ms)
INFO: stdout 2022-10-07T19:55:23.502697:Convert 42 DICOM as /out/sub-voice986/ses-1/func/sub-voice986_ses-1_task-emosent_run-1_bold_heudiconv378 (108x108x65x42)
INFO: stdout 2022-10-07T19:55:28.549811:Compress: "/usr/bin/pigz" -b 960 -n -f -6 "/out/sub-voice986/ses-1/func/sub-voice986_ses-1_task-emosent_run-1_bold_heudiconv378.nii"
INFO: stdout 2022-10-07T19:55:28.549811:Conversion required 5.174652 seconds (0.149687 for core code).
INFO: [Node] Finished "convert", elapsed time 5.231179s.
INFO: Post-treating /out/sub-voice986/ses-1/func/sub-voice986_ses-1_task-emosent_run-1_bold.json file
INFO: Converting /out/sub-voice986/ses-1/func/sub-voice986_ses-1_task-emosent_run-2_bold (42 DICOMs) -> /out/sub-voice986/ses-1/func . Converter: dcm2niix . Output types: ('nii.gz',)
INFO: [Node] Setting-up "convert" in "/tmp/dcm2niix2zroeed6/convert".
INFO: [Node] Executing "convert" <nipype.interfaces.dcm2nii.Dcm2niix>
INFO: stdout 2022-10-07T19:55:29.020862:Chris Rorden's dcm2niiX version v1.0.20211006  GCC10.2.1 x86-64 (64-bit Linux)
INFO: stdout 2022-10-07T19:55:29.020862:Found 42 DICOM file(s)
INFO: stdout 2022-10-07T19:55:29.020862:Warning: Slice timing appears corrupted (range 0..5360, TR=4000 ms)
INFO: stdout 2022-10-07T19:55:29.020862:Convert 42 DICOM as /out/sub-voice986/ses-1/func/sub-voice986_ses-1_task-emosent_run-2_bold_heudiconv969 (108x108x65x42)
INFO: stdout 2022-10-07T19:55:33.927048:Compress: "/usr/bin/pigz" -b 960 -n -f -6 "/out/sub-voice986/ses-1/func/sub-voice986_ses-1_task-emosent_run-2_bold_heudiconv969.nii"
INFO: stdout 2022-10-07T19:55:33.927048:Conversion required 5.064089 seconds (0.151674 for core code).
INFO: [Node] Finished "convert", elapsed time 5.121395s.
INFO: Post-treating /out/sub-voice986/ses-1/func/sub-voice986_ses-1_task-emosent_run-2_bold.json file
INFO: Converting /out/sub-voice986/ses-1/func/sub-voice986_ses-1_task-vowel_run-1_bold (55 DICOMs) -> /out/sub-voice986/ses-1/func . Converter: dcm2niix . Output types: ('nii.gz',)
INFO: [Node] Setting-up "convert" in "/tmp/dcm2niix5sqjcffl/convert".
INFO: [Node] Executing "convert" <nipype.interfaces.dcm2nii.Dcm2niix>
INFO: stdout 2022-10-07T19:55:34.371486:Chris Rorden's dcm2niiX version v1.0.20211006  GCC10.2.1 x86-64 (64-bit Linux)
INFO: stdout 2022-10-07T19:55:34.371486:Found 55 DICOM file(s)
INFO: stdout 2022-10-07T19:55:34.371486:Warning: Slice timing appears corrupted (range 0..5357.5, TR=4000 ms)
INFO: stdout 2022-10-07T19:55:34.371486:Convert 55 DICOM as /out/sub-voice986/ses-1/func/sub-voice986_ses-1_task-vowel_run-1_bold_heudiconv671 (108x108x65x55)
INFO: stdout 2022-10-07T19:55:41.079708:Compress: "/usr/bin/pigz" -b 960 -n -f -6 "/out/sub-voice986/ses-1/func/sub-voice986_ses-1_task-vowel_run-1_bold_heudiconv671.nii"
INFO: stdout 2022-10-07T19:55:41.079708:Conversion required 6.920294 seconds (0.195877 for core code).
INFO: [Node] Finished "convert", elapsed time 6.980344s.
INFO: Post-treating /out/sub-voice986/ses-1/func/sub-voice986_ses-1_task-vowel_run-1_bold.json file
INFO: Converting /out/sub-voice986/ses-1/func/sub-voice986_ses-1_task-vowel_run-2_bold (55 DICOMs) -> /out/sub-voice986/ses-1/func . Converter: dcm2niix . Output types: ('nii.gz',)
INFO: [Node] Setting-up "convert" in "/tmp/dcm2niixsed50x3c/convert".
INFO: [Node] Executing "convert" <nipype.interfaces.dcm2nii.Dcm2niix>
INFO: stdout 2022-10-07T19:55:41.696896:Chris Rorden's dcm2niiX version v1.0.20211006  GCC10.2.1 x86-64 (64-bit Linux)
INFO: stdout 2022-10-07T19:55:41.696896:Found 55 DICOM file(s)
INFO: stdout 2022-10-07T19:55:41.696896:Warning: Slice timing appears corrupted (range 0..5360, TR=4000 ms)
INFO: stdout 2022-10-07T19:55:41.696896:Convert 55 DICOM as /out/sub-voice986/ses-1/func/sub-voice986_ses-1_task-vowel_run-2_bold_heudiconv202 (108x108x65x55)
INFO: stdout 2022-10-07T19:55:48.254556:Compress: "/usr/bin/pigz" -b 960 -n -f -6 "/out/sub-voice986/ses-1/func/sub-voice986_ses-1_task-vowel_run-2_bold_heudiconv202.nii"
INFO: stdout 2022-10-07T19:55:48.254556:Conversion required 6.820112 seconds (0.218632 for core code).
INFO: [Node] Finished "convert", elapsed time 6.898296s.
INFO: Post-treating /out/sub-voice986/ses-1/func/sub-voice986_ses-1_task-vowel_run-2_bold.json file
INFO: Converting /out/sub-voice986/ses-1/func/sub-voice986_ses-1_task-pitchnw_run-1_bold (101 DICOMs) -> /out/sub-voice986/ses-1/func . Converter: dcm2niix . Output types: ('nii.gz',)
INFO: [Node] Setting-up "convert" in "/tmp/dcm2niixgroi7u5e/convert".
INFO: [Node] Executing "convert" <nipype.interfaces.dcm2nii.Dcm2niix>
INFO: stdout 2022-10-07T19:55:49.033036:Chris Rorden's dcm2niiX version v1.0.20211006  GCC10.2.1 x86-64 (64-bit Linux)
INFO: stdout 2022-10-07T19:55:49.033036:Found 101 DICOM file(s)
INFO: stdout 2022-10-07T19:55:49.033036:Warning: Slice timing appears corrupted (range 0..5360, TR=2000 ms)
INFO: stdout 2022-10-07T19:55:49.033036:Convert 101 DICOM as /out/sub-voice986/ses-1/func/sub-voice986_ses-1_task-pitchnw_run-1_bold_heudiconv823 (108x108x65x101)
INFO: stdout 2022-10-07T19:56:01.460309:Compress: "/usr/bin/pigz" -b 960 -n -f -6 "/out/sub-voice986/ses-1/func/sub-voice986_ses-1_task-pitchnw_run-1_bold_heudiconv823.nii"
INFO: stdout 2022-10-07T19:56:01.460309:Conversion required 12.778076 seconds (0.347140 for core code).
INFO: [Node] Finished "convert", elapsed time 12.840663s.
INFO: Post-treating /out/sub-voice986/ses-1/func/sub-voice986_ses-1_task-pitchnw_run-1_bold.json file
INFO: Converting /out/sub-voice986/ses-1/func/sub-voice986_ses-1_task-pitchnw_run-2_bold (101 DICOMs) -> /out/sub-voice986/ses-1/func . Converter: dcm2niix . Output types: ('nii.gz',)
INFO: [Node] Setting-up "convert" in "/tmp/dcm2niix2dqedfos/convert".
INFO: [Node] Executing "convert" <nipype.interfaces.dcm2nii.Dcm2niix>
INFO: stdout 2022-10-07T19:56:02.415201:Chris Rorden's dcm2niiX version v1.0.20211006  GCC10.2.1 x86-64 (64-bit Linux)
INFO: stdout 2022-10-07T19:56:02.415201:Found 101 DICOM file(s)
INFO: stdout 2022-10-07T19:56:02.415201:Warning: Slice timing appears corrupted (range 0..5357.5, TR=2000 ms)
INFO: stdout 2022-10-07T19:56:02.415201:Convert 101 DICOM as /out/sub-voice986/ses-1/func/sub-voice986_ses-1_task-pitchnw_run-2_bold_heudiconv259 (108x108x65x101)
INFO: stdout 2022-10-07T19:56:14.184928:Compress: "/usr/bin/pigz" -b 960 -n -f -6 "/out/sub-voice986/ses-1/func/sub-voice986_ses-1_task-pitchnw_run-2_bold_heudiconv259.nii"
INFO: stdout 2022-10-07T19:56:14.184928:Conversion required 12.226410 seconds (0.350712 for core code).
INFO: [Node] Finished "convert", elapsed time 12.30387s.
INFO: Post-treating /out/sub-voice986/ses-1/func/sub-voice986_ses-1_task-pitchnw_run-2_bold.json file
INFO: Converting /out/sub-voice986/ses-1/func/sub-voice986_ses-1_task-movie_run-1_bold (138 DICOMs) -> /out/sub-voice986/ses-1/func . Converter: dcm2niix . Output types: ('nii.gz',)
INFO: [Node] Setting-up "convert" in "/tmp/dcm2niix3ik0b816/convert".
INFO: [Node] Executing "convert" <nipype.interfaces.dcm2nii.Dcm2niix>
INFO: stdout 2022-10-07T19:56:15.121227:Chris Rorden's dcm2niiX version v1.0.20211006  GCC10.2.1 x86-64 (64-bit Linux)
INFO: stdout 2022-10-07T19:56:15.121227:Found 138 DICOM file(s)
INFO: stdout 2022-10-07T19:56:15.121227:Warning: Slice timing appears corrupted (range 0..5360, TR=1090 ms)
INFO: stdout 2022-10-07T19:56:15.121227:Convert 138 DICOM as /out/sub-voice986/ses-1/func/sub-voice986_ses-1_task-movie_run-1_bold_heudiconv253 (108x108x65x138)
INFO: stdout 2022-10-07T19:56:31.246447:Compress: "/usr/bin/pigz" -b 960 -n -f -6 "/out/sub-voice986/ses-1/func/sub-voice986_ses-1_task-movie_run-1_bold_heudiconv253.nii"
INFO: stdout 2022-10-07T19:56:31.246447:Conversion required 16.536525 seconds (0.465911 for core code).
INFO: [Node] Finished "convert", elapsed time 16.595658s.
INFO: Post-treating /out/sub-voice986/ses-1/func/sub-voice986_ses-1_task-movie_run-1_bold.json file
INFO: Populating template files under /out/
INFO: PROCESSING DONE: {'subject': 'voice986', 'outdir': '/out/', 'session': '1'}
INFO: Total: starting
INFO: 
INFO: Total: processed result for /out
INFO: Total: done
INFO: Total: starting
INFO: 
INFO: Clear progress bars
INFO: Refresh progress bars
INFO: Total: processed result for /out/.heudiconv
INFO: Clear progress bars
INFO: Refresh progress bars
[WARNING] Received an exception CommandError(CommandError: 'git -c diff.ignoreSubmodules=none update-index --add --replace --cacheinfo 160000 8297c8c01bc2e7ba2fbffd7896a003cfc90a4c58 .heudiconv' failed with exitcode 128 [err: 'fatal: Unable to create '/out/.git/index.lock': File exists.

Another git process seems to be running in this repository, e.g.
an editor opened by 'git commit'. Please make sure all processes
are terminated then try again. If it still fails, a git process
may have crashed in this repository earlier:
remove the file manually to continue.']). Canceling not-yet running jobs and waiting for completion of running. You can force earlier forceful exit by Ctrl-C. 
WARNING: Received an exception CommandError(CommandError: 'git -c diff.ignoreSubmodules=none update-index --add --replace --cacheinfo 160000 8297c8c01bc2e7ba2fbffd7896a003cfc90a4c58 .heudiconv' failed with exitcode 128 [err: 'fatal: Unable to create '/out/.git/index.lock': File exists.

Another git process seems to be running in this repository, e.g.
an editor opened by 'git commit'. Please make sure all processes
are terminated then try again. If it still fails, a git process
may have crashed in this repository earlier:
remove the file manually to continue.']). Canceling not-yet running jobs and waiting for completion of running. You can force earlier forceful exit by Ctrl-C.
[INFO] Canceled 0 out of 0 jobs. 0 left running. 
INFO: Canceled 0 out of 0 jobs. 0 left running.
Traceback (most recent call last):
  File "/opt/miniconda-latest/lib/python3.7/site-packages/datalad/support/parallel.py", line 368, in _iter_threads
    raise _FinalShutdown()
datalad.support.parallel._FinalShutdown

During handling of the above exception, another exception occurred:

Traceback (most recent call last):
  File "/opt/miniconda-latest/bin/heudiconv", line 33, in <module>
    sys.exit(load_entry_point('heudiconv', 'console_scripts', 'heudiconv')())
  File "/src/heudiconv/heudiconv/cli/run.py", line 24, in main
    workflow(**kwargs)
  File "/src/heudiconv/heudiconv/main.py", line 406, in workflow
    add_to_datalad(outdir, study_outdir, msg, bids_options)
  File "/src/heudiconv/heudiconv/external/dlad.py", line 125, in add_to_datalad
    ds.save('.', recursive=True
  File "/opt/miniconda-latest/lib/python3.7/site-packages/datalad/distribution/dataset.py", line 502, in apply_func
    return f(*args, **kwargs)
  File "/opt/miniconda-latest/lib/python3.7/site-packages/datalad/interface/utils.py", line 447, in eval_func
    return return_func(*args, **kwargs)
  File "/opt/miniconda-latest/lib/python3.7/site-packages/datalad/interface/utils.py", line 439, in return_func
    results = list(results)
  File "/opt/miniconda-latest/lib/python3.7/site-packages/datalad/interface/utils.py", line 369, in generator_func
    allkwargs):
  File "/opt/miniconda-latest/lib/python3.7/site-packages/datalad/interface/utils.py", line 544, in _process_results
    for res in results:
  File "/opt/miniconda-latest/lib/python3.7/site-packages/datalad/core/local/save.py", line 398, in __call__
    lgr=lgr,
  File "/opt/miniconda-latest/lib/python3.7/site-packages/datalad/support/parallel.py", line 535, in __iter__
    for res in super().__iter__():
  File "/opt/miniconda-latest/lib/python3.7/site-packages/datalad/support/parallel.py", line 265, in __iter__
    yield from self._iter_threads(self._jobs)
  File "/opt/miniconda-latest/lib/python3.7/site-packages/datalad/support/parallel.py", line 417, in _iter_threads
    self.shutdown(force=True, exception=self._producer_exception or interrupted_by_exception)
  File "/opt/miniconda-latest/lib/python3.7/site-packages/datalad/support/parallel.py", line 233, in shutdown
    raise exception
  File "/opt/miniconda-latest/lib/python3.7/site-packages/datalad/support/parallel.py", line 401, in _iter_threads
    done_useful |= self._pop_done_futures(lgr)
  File "/opt/miniconda-latest/lib/python3.7/site-packages/datalad/support/parallel.py", line 463, in _pop_done_futures
    raise exception
  File "/opt/miniconda-latest/lib/python3.7/concurrent/futures/thread.py", line 57, in run
    result = self.fn(*self.args, **self.kwargs)
  File "/opt/miniconda-latest/lib/python3.7/site-packages/datalad/support/parallel.py", line 329, in consumer_worker
    for r in res:
  File "/opt/miniconda-latest/lib/python3.7/site-packages/datalad/core/local/save.py", line 322, in save_ds
    amend=amend):
  File "/opt/miniconda-latest/lib/python3.7/site-packages/datalad/support/gitrepo.py", line 3425, in save_
    for r in self._save_add_submodules(to_stage_submodules):
  File "/opt/miniconda-latest/lib/python3.7/site-packages/datalad/support/gitrepo.py", line 3662, in _save_add_submodules
    i['commit'], i['rpath']
  File "/opt/miniconda-latest/lib/python3.7/site-packages/datalad/dataset/gitrepo.py", line 437, in call_git
    read_only=read_only))
  File "/opt/miniconda-latest/lib/python3.7/site-packages/datalad/dataset/gitrepo.py", line 482, in call_git_items_
    sep=sep):
  File "/opt/miniconda-latest/lib/python3.7/site-packages/datalad/dataset/gitrepo.py", line 345, in _generator_call_git
    for file_no, content in generator:
  File "/opt/miniconda-latest/lib/python3.7/_collections_abc.py", line 317, in __next__
    return self.send(None)
  File "/opt/miniconda-latest/lib/python3.7/site-packages/datalad/runner/nonasyncrunner.py", line 98, in send
    self._check_result()
  File "/opt/miniconda-latest/lib/python3.7/site-packages/datalad/runner/nonasyncrunner.py", line 80, in _check_result
    self.runner._check_result()
  File "/opt/miniconda-latest/lib/python3.7/site-packages/datalad/runner/nonasyncrunner.py", line 259, in _check_result
    stderr=decoded_output.get("stderr", None))
datalad.runner.exception.CommandError: CommandError: 'git -c diff.ignoreSubmodules=none update-index --add --replace --cacheinfo 160000 8297c8c01bc2e7ba2fbffd7896a003cfc90a4c58 .heudiconv' failed with exitcode 128 [err: 'fatal: Unable to create '/out/.git/index.lock': File exists.

Another git process seems to be running in this repository, e.g.
an editor opened by 'git commit'. Please make sure all processes
are terminated then try again. If it still fails, a git process
may have crashed in this repository earlier:
remove the file manually to continue.']
