Submitited subject: voice968
Submitted session: 1
Command:
singularity run -B /mindhive -B /om2/user/rfbrito/voice_depression/bids_conversion -B /om2/scratch/Wed/rfbrito/bids:/out /om2/user/rfbrito/containers/imaging/heudiconv_latest.sif -d /mindhive/xnat/dicom_storage/voice/dicom/{subject}/session001*/dicom/Trio*/*.dcm -o /out -f /om2/user/rfbrito/voice_depression/bids_conversion/heuristic.py -c dcm2niix -s voice968 -ss 1 --datalad -b --minmeta -g accession_number
['3-SMS5_rsfMRI_PA']
[{'item': '4-Spin_Echo_EPI_PA', 'dir': 'PA'}, {'item': '5-Spin_Echo_EPI_AP', 'dir': 'AP'}]
[{'item': '6-SMS2-diff_b1000_free_11b0_61dirs_PA', 'acq': 'PA'}, {'item': '11-SMS2-diff_b1000_free_4b0_AP', 'acq': 'AP'}]
['6-T1_MPRAGE_Ellison_4e_p2_1mm_iso']
['42-T2_SPACE_FLAIR_1.0_iso']
['22-PaTaKa_1_SMS5_Sparse_3x3x3_1640_1000ms', '23-PaTaKa_2_SMS5_Sparse_3x3x3_1640_1000ms']
['36-Sentences_1_SMS5_Sparse_2x2x2_4000_2900ms', '37-Sentences_2_SMS5_Sparse_2x2x2_4000_2900ms']
['31-Nonword_1_SMS5_Sparse_2x2x2_4000_2900ms', '32-Nonword_2_SMS5_Sparse_2x2x2_4000_2900ms', '33-Nonword_3_SMS5_Sparse_2x2x2_4000_2900ms']
['25-FaceMatch_1_SMS5_Sparse_2x2x2_2000_900ms', '26-FaceMatch_2_SMS5_Sparse_2x2x2_2000_900ms']
['16-EmoSent_1_SMS5_Sparse_2x2x2_4000_2900ms', '17-EmoSent_2_SMS5_Sparse_2x2x2_4000_2900ms']
['29-Vowels_1_SMS5_Sparse_2x2x2_4000_2900ms', '30-Vowels_2_SMS5_Sparse_2x2x2_4000_2900ms']
['18-PitchEmph_1_SMS5_Sparse_2x2x2_2000_900ms', '19-PitchEmph_2_SMS5_Sparse_2x2x2_2000_900ms']
['40-Movie_SMS5_rsfMRI_PA']
221007-19:37:36,893 nipype.utils WARNING:
	 A newer version (1.8.4) of nipy/nipype is available. You are using 1.8.0
221007-19:37:36,954 nipype.workflow INFO:
	 [Node] Setting-up "convert" in "/tmp/dcm2niixrodngik1/convert".
221007-19:37:37,118 nipype.workflow INFO:
	 [Node] Executing "convert" <nipype.interfaces.dcm2nii.Dcm2niix>
221007-19:37:38,503 nipype.interface INFO:
	 stdout 2022-10-07T19:37:38.503129:Chris Rorden's dcm2niiX version v1.0.20211006  GCC10.2.1 x86-64 (64-bit Linux)
221007-19:37:38,503 nipype.interface INFO:
	 stdout 2022-10-07T19:37:38.503129:Found 300 DICOM file(s)
221007-19:37:38,503 nipype.interface INFO:
	 stdout 2022-10-07T19:37:38.503129:Warning: Slice timing appears corrupted (range 0..5360, TR=1090 ms)
221007-19:37:38,503 nipype.interface INFO:
	 stdout 2022-10-07T19:37:38.503129:Convert 300 DICOM as /out/sub-voice968/ses-1/func/sub-voice968_ses-1_task-rest_run-1_bold_heudiconv288 (108x108x65x300)
221007-19:38:08,978 nipype.interface INFO:
	 stdout 2022-10-07T19:38:08.977977:Compress: "/usr/bin/pigz" -b 960 -n -f -6 "/out/sub-voice968/ses-1/func/sub-voice968_ses-1_task-rest_run-1_bold_heudiconv288.nii"
221007-19:38:08,979 nipype.interface INFO:
	 stdout 2022-10-07T19:38:08.977977:Conversion required 31.734171 seconds (1.348339 for core code).
221007-19:38:09,12 nipype.workflow INFO:
	 [Node] Finished "convert", elapsed time 31.781245s.
221007-19:38:09,371 nipype.workflow INFO:
	 [Node] Setting-up "convert" in "/tmp/dcm2niixmrs0v6gt/convert".
221007-19:38:09,504 nipype.workflow INFO:
	 [Node] Executing "convert" <nipype.interfaces.dcm2nii.Dcm2niix>
221007-19:38:09,926 nipype.interface INFO:
	 stdout 2022-10-07T19:38:09.925920:Chris Rorden's dcm2niiX version v1.0.20211006  GCC10.2.1 x86-64 (64-bit Linux)
221007-19:38:09,926 nipype.interface INFO:
	 stdout 2022-10-07T19:38:09.925920:Found 260 DICOM file(s)
221007-19:38:09,927 nipype.interface INFO:
	 stdout 2022-10-07T19:38:09.925920:Convert 260 DICOM as /out/sub-voice968/ses-1/fmap/sub-voice968_ses-1_acq-func_dir-PA_run-1_epi_heudiconv225 (108x108x65x4)
221007-19:38:10,487 nipype.interface INFO:
	 stdout 2022-10-07T19:38:10.486951:Compress: "/usr/bin/pigz" -b 960 -n -f -6 "/out/sub-voice968/ses-1/fmap/sub-voice968_ses-1_acq-func_dir-PA_run-1_epi_heudiconv225.nii"
221007-19:38:10,487 nipype.interface INFO:
	 stdout 2022-10-07T19:38:10.486951:Conversion required 0.963323 seconds (0.186565 for core code).
221007-19:38:10,526 nipype.workflow INFO:
	 [Node] Finished "convert", elapsed time 1.020676s.
221007-19:38:10,845 nipype.workflow INFO:
	 [Node] Setting-up "convert" in "/tmp/dcm2niix3gy0e6mn/convert".
221007-19:38:10,991 nipype.workflow INFO:
	 [Node] Executing "convert" <nipype.interfaces.dcm2nii.Dcm2niix>
221007-19:38:11,358 nipype.interface INFO:
	 stdout 2022-10-07T19:38:11.357977:Chris Rorden's dcm2niiX version v1.0.20211006  GCC10.2.1 x86-64 (64-bit Linux)
221007-19:38:11,358 nipype.interface INFO:
	 stdout 2022-10-07T19:38:11.357977:Found 260 DICOM file(s)
221007-19:38:11,358 nipype.interface INFO:
	 stdout 2022-10-07T19:38:11.357977:Convert 260 DICOM as /out/sub-voice968/ses-1/fmap/sub-voice968_ses-1_acq-func_dir-AP_run-2_epi_heudiconv451 (108x108x65x4)
221007-19:38:12,6 nipype.interface INFO:
	 stdout 2022-10-07T19:38:12.006092:Compress: "/usr/bin/pigz" -b 960 -n -f -6 "/out/sub-voice968/ses-1/fmap/sub-voice968_ses-1_acq-func_dir-AP_run-2_epi_heudiconv451.nii"
221007-19:38:12,6 nipype.interface INFO:
	 stdout 2022-10-07T19:38:12.006092:Conversion required 0.995734 seconds (0.190630 for core code).
221007-19:38:12,55 nipype.workflow INFO:
	 [Node] Finished "convert", elapsed time 1.062551s.
221007-19:38:12,373 nipype.workflow INFO:
	 [Node] Setting-up "convert" in "/tmp/dcm2niixi0_ukwsa/convert".
221007-19:38:12,412 nipype.workflow INFO:
	 [Node] Executing "convert" <nipype.interfaces.dcm2nii.Dcm2niix>
221007-19:38:13,253 nipype.interface INFO:
	 stdout 2022-10-07T19:38:13.253318:Chris Rorden's dcm2niiX version v1.0.20211006  GCC10.2.1 x86-64 (64-bit Linux)
221007-19:38:13,253 nipype.interface INFO:
	 stdout 2022-10-07T19:38:13.253318:Found 72 DICOM file(s)
221007-19:38:13,253 nipype.interface INFO:
	 stdout 2022-10-07T19:38:13.253318:Warning: Slice timing appears corrupted (range 0..8.63999e+07, TR=4400 ms)
221007-19:38:13,253 nipype.interface INFO:
	 stdout 2022-10-07T19:38:13.253318:Convert 72 DICOM as /out/sub-voice968/ses-1/dwi/sub-voice968_ses-1_acq-PA_dwi_heudiconv039 (120x120x66x72)
221007-19:38:21,950 nipype.interface INFO:
	 stdout 2022-10-07T19:38:21.950651:Compress: "/usr/bin/pigz" -b 960 -n -f -6 "/out/sub-voice968/ses-1/dwi/sub-voice968_ses-1_acq-PA_dwi_heudiconv039.nii"
221007-19:38:21,951 nipype.interface INFO:
	 stdout 2022-10-07T19:38:21.950651:Conversion required 9.520615 seconds (0.320259 for core code).
221007-19:38:21,994 nipype.workflow INFO:
	 [Node] Finished "convert", elapsed time 9.581235s.
221007-19:38:22,160 nipype.workflow INFO:
	 [Node] Setting-up "convert" in "/tmp/dcm2niix_1_demho/convert".
221007-19:38:22,165 nipype.workflow INFO:
	 [Node] Executing "convert" <nipype.interfaces.dcm2nii.Dcm2niix>
221007-19:38:22,528 nipype.interface INFO:
	 stdout 2022-10-07T19:38:22.528710:Chris Rorden's dcm2niiX version v1.0.20211006  GCC10.2.1 x86-64 (64-bit Linux)
221007-19:38:22,529 nipype.interface INFO:
	 stdout 2022-10-07T19:38:22.528710:Found 7 DICOM file(s)
221007-19:38:22,529 nipype.interface INFO:
	 stdout 2022-10-07T19:38:22.528710:Warning: Slice timing appears corrupted (range 0..8.63999e+07, TR=4400 ms)
221007-19:38:22,530 nipype.interface INFO:
	 stdout 2022-10-07T19:38:22.528710:Convert 7 DICOM as /out/sub-voice968/ses-1/dwi/sub-voice968_ses-1_acq-AP_dwi_heudiconv164 (120x120x66x7)
221007-19:38:23,472 nipype.interface INFO:
	 stdout 2022-10-07T19:38:23.472534:Compress: "/usr/bin/pigz" -b 960 -n -f -6 "/out/sub-voice968/ses-1/dwi/sub-voice968_ses-1_acq-AP_dwi_heudiconv164.nii"
221007-19:38:23,472 nipype.interface INFO:
	 stdout 2022-10-07T19:38:23.472534:Conversion required 1.285799 seconds (0.062895 for core code).
221007-19:38:23,505 nipype.workflow INFO:
	 [Node] Finished "convert", elapsed time 1.338593s.
221007-19:38:23,818 nipype.workflow INFO:
	 [Node] Setting-up "convert" in "/tmp/dcm2niixwwaz1oko/convert".
221007-19:38:23,906 nipype.workflow INFO:
	 [Node] Executing "convert" <nipype.interfaces.dcm2nii.Dcm2niix>
221007-19:38:24,174 nipype.interface INFO:
	 stdout 2022-10-07T19:38:24.174767:Chris Rorden's dcm2niiX version v1.0.20211006  GCC10.2.1 x86-64 (64-bit Linux)
221007-19:38:24,175 nipype.interface INFO:
	 stdout 2022-10-07T19:38:24.174767:Found 176 DICOM file(s)
221007-19:38:24,175 nipype.interface INFO:
	 stdout 2022-10-07T19:38:24.174767:Convert 176 DICOM as /out/sub-voice968/ses-1/anat/sub-voice968_ses-1_run-1_T1w_heudiconv227 (256x256x176x1)
221007-19:38:26,211 nipype.interface INFO:
	 stdout 2022-10-07T19:38:26.211486:Compress: "/usr/bin/pigz" -b 960 -n -f -6 "/out/sub-voice968/ses-1/anat/sub-voice968_ses-1_run-1_T1w_heudiconv227.nii"
221007-19:38:26,211 nipype.interface INFO:
	 stdout 2022-10-07T19:38:26.211486:Conversion required 2.282164 seconds (0.234858 for core code).
221007-19:38:26,250 nipype.workflow INFO:
	 [Node] Finished "convert", elapsed time 2.342131s.
221007-19:38:26,530 nipype.workflow INFO:
	 [Node] Setting-up "convert" in "/tmp/dcm2niixohpiye36/convert".
221007-19:38:26,624 nipype.workflow INFO:
	 [Node] Executing "convert" <nipype.interfaces.dcm2nii.Dcm2niix>
221007-19:38:26,906 nipype.interface INFO:
	 stdout 2022-10-07T19:38:26.905953:Chris Rorden's dcm2niiX version v1.0.20211006  GCC10.2.1 x86-64 (64-bit Linux)
221007-19:38:26,906 nipype.interface INFO:
	 stdout 2022-10-07T19:38:26.905953:Found 176 DICOM file(s)
221007-19:38:26,906 nipype.interface INFO:
	 stdout 2022-10-07T19:38:26.905953:Convert 176 DICOM as /out/sub-voice968/ses-1/anat/sub-voice968_ses-1_T2w_heudiconv093 (256x256x176x1)
221007-19:38:28,576 nipype.interface INFO:
	 stdout 2022-10-07T19:38:28.576433:Compress: "/usr/bin/pigz" -b 960 -n -f -6 "/out/sub-voice968/ses-1/anat/sub-voice968_ses-1_T2w_heudiconv093.nii"
221007-19:38:28,576 nipype.interface INFO:
	 stdout 2022-10-07T19:38:28.576433:Conversion required 1.933778 seconds (0.241896 for core code).
221007-19:38:28,651 nipype.workflow INFO:
	 [Node] Finished "convert", elapsed time 2.025453s.
221007-19:38:28,912 nipype.workflow INFO:
	 [Node] Setting-up "convert" in "/tmp/dcm2niixhw8m8_re/convert".
221007-19:38:29,17 nipype.workflow INFO:
	 [Node] Executing "convert" <nipype.interfaces.dcm2nii.Dcm2niix>
221007-19:38:29,421 nipype.interface INFO:
	 stdout 2022-10-07T19:38:29.421711:Chris Rorden's dcm2niiX version v1.0.20211006  GCC10.2.1 x86-64 (64-bit Linux)
221007-19:38:29,422 nipype.interface INFO:
	 stdout 2022-10-07T19:38:29.421711:Found 207 DICOM file(s)
221007-19:38:29,422 nipype.interface INFO:
	 stdout 2022-10-07T19:38:29.421711:Warning: Slice timing appears corrupted (range 0..3137.5, TR=1640 ms)
221007-19:38:29,422 nipype.interface INFO:
	 stdout 2022-10-07T19:38:29.421711:Convert 207 DICOM as /out/sub-voice968/ses-1/func/sub-voice968_ses-1_task-pataka_run-1_bold_heudiconv004 (72x72x45x207)
221007-19:38:36,204 nipype.interface INFO:
	 stdout 2022-10-07T19:38:36.204255:Compress: "/usr/bin/pigz" -b 960 -n -f -6 "/out/sub-voice968/ses-1/func/sub-voice968_ses-1_task-pataka_run-1_bold_heudiconv004.nii"
221007-19:38:36,204 nipype.interface INFO:
	 stdout 2022-10-07T19:38:36.204255:Conversion required 7.167725 seconds (0.310343 for core code).
221007-19:38:36,238 nipype.workflow INFO:
	 [Node] Finished "convert", elapsed time 7.219901s.
221007-19:38:36,532 nipype.workflow INFO:
	 [Node] Setting-up "convert" in "/tmp/dcm2niixpyf36v6i/convert".
221007-19:38:36,638 nipype.workflow INFO:
	 [Node] Executing "convert" <nipype.interfaces.dcm2nii.Dcm2niix>
221007-19:38:37,65 nipype.interface INFO:
	 stdout 2022-10-07T19:38:37.065440:Chris Rorden's dcm2niiX version v1.0.20211006  GCC10.2.1 x86-64 (64-bit Linux)
221007-19:38:37,65 nipype.interface INFO:
	 stdout 2022-10-07T19:38:37.065440:Found 207 DICOM file(s)
221007-19:38:37,65 nipype.interface INFO:
	 stdout 2022-10-07T19:38:37.065440:Warning: Slice timing appears corrupted (range 0..3135, TR=1640 ms)
221007-19:38:37,66 nipype.interface INFO:
	 stdout 2022-10-07T19:38:37.065440:Convert 207 DICOM as /out/sub-voice968/ses-1/func/sub-voice968_ses-1_task-pataka_run-2_bold_heudiconv260 (72x72x45x207)
221007-19:38:44,189 nipype.interface INFO:
	 stdout 2022-10-07T19:38:44.189310:Compress: "/usr/bin/pigz" -b 960 -n -f -6 "/out/sub-voice968/ses-1/func/sub-voice968_ses-1_task-pataka_run-2_bold_heudiconv260.nii"
221007-19:38:44,189 nipype.interface INFO:
	 stdout 2022-10-07T19:38:44.189310:Conversion required 7.532483 seconds (0.311020 for core code).
221007-19:38:44,233 nipype.workflow INFO:
	 [Node] Finished "convert", elapsed time 7.594026s.
221007-19:38:44,492 nipype.workflow INFO:
	 [Node] Setting-up "convert" in "/tmp/dcm2niix1zsimrez/convert".
221007-19:38:44,531 nipype.workflow INFO:
	 [Node] Executing "convert" <nipype.interfaces.dcm2nii.Dcm2niix>
221007-19:38:45,87 nipype.interface INFO:
	 stdout 2022-10-07T19:38:45.087362:Chris Rorden's dcm2niiX version v1.0.20211006  GCC10.2.1 x86-64 (64-bit Linux)
221007-19:38:45,88 nipype.interface INFO:
	 stdout 2022-10-07T19:38:45.087362:Found 64 DICOM file(s)
221007-19:38:45,88 nipype.interface INFO:
	 stdout 2022-10-07T19:38:45.087362:Warning: Slice timing appears corrupted (range 0..5360, TR=4000 ms)
221007-19:38:45,88 nipype.interface INFO:
	 stdout 2022-10-07T19:38:45.087362:Convert 64 DICOM as /out/sub-voice968/ses-1/func/sub-voice968_ses-1_task-pitchsent_run-1_bold_heudiconv518 (108x108x65x64)
221007-19:38:51,541 nipype.interface INFO:
	 stdout 2022-10-07T19:38:51.541218:Compress: "/usr/bin/pigz" -b 960 -n -f -6 "/out/sub-voice968/ses-1/func/sub-voice968_ses-1_task-pitchsent_run-1_bold_heudiconv518.nii"
221007-19:38:51,541 nipype.interface INFO:
	 stdout 2022-10-07T19:38:51.541218:Conversion required 6.867137 seconds (0.250945 for core code).
221007-19:38:51,574 nipype.workflow INFO:
	 [Node] Finished "convert", elapsed time 7.04246s.
221007-19:38:51,774 nipype.workflow INFO:
	 [Node] Setting-up "convert" in "/tmp/dcm2niixkswlmghs/convert".
221007-19:38:51,809 nipype.workflow INFO:
	 [Node] Executing "convert" <nipype.interfaces.dcm2nii.Dcm2niix>
221007-19:38:52,245 nipype.interface INFO:
	 stdout 2022-10-07T19:38:52.245035:Chris Rorden's dcm2niiX version v1.0.20211006  GCC10.2.1 x86-64 (64-bit Linux)
221007-19:38:52,245 nipype.interface INFO:
	 stdout 2022-10-07T19:38:52.245035:Found 64 DICOM file(s)
221007-19:38:52,245 nipype.interface INFO:
	 stdout 2022-10-07T19:38:52.245035:Warning: Slice timing appears corrupted (range 0..5360, TR=4000 ms)
221007-19:38:52,246 nipype.interface INFO:
	 stdout 2022-10-07T19:38:52.245035:Convert 64 DICOM as /out/sub-voice968/ses-1/func/sub-voice968_ses-1_task-pitchsent_run-2_bold_heudiconv408 (108x108x65x64)
221007-19:38:58,972 nipype.interface INFO:
	 stdout 2022-10-07T19:38:58.972366:Compress: "/usr/bin/pigz" -b 960 -n -f -6 "/out/sub-voice968/ses-1/func/sub-voice968_ses-1_task-pitchsent_run-2_bold_heudiconv408.nii"
221007-19:38:58,972 nipype.interface INFO:
	 stdout 2022-10-07T19:38:58.972366:Conversion required 7.122209 seconds (0.247852 for core code).
221007-19:38:59,19 nipype.workflow INFO:
	 [Node] Finished "convert", elapsed time 7.208994s.
221007-19:38:59,354 nipype.workflow INFO:
	 [Node] Setting-up "convert" in "/tmp/dcm2niixz_tdfe6a/convert".
221007-19:38:59,394 nipype.workflow INFO:
	 [Node] Executing "convert" <nipype.interfaces.dcm2nii.Dcm2niix>
221007-19:38:59,809 nipype.interface INFO:
	 stdout 2022-10-07T19:38:59.808808:Chris Rorden's dcm2niiX version v1.0.20211006  GCC10.2.1 x86-64 (64-bit Linux)
221007-19:38:59,809 nipype.interface INFO:
	 stdout 2022-10-07T19:38:59.808808:Found 42 DICOM file(s)
221007-19:38:59,809 nipype.interface INFO:
	 stdout 2022-10-07T19:38:59.808808:Warning: Slice timing appears corrupted (range 0..5360, TR=4000 ms)
221007-19:38:59,809 nipype.interface INFO:
	 stdout 2022-10-07T19:38:59.808808:Convert 42 DICOM as /out/sub-voice968/ses-1/func/sub-voice968_ses-1_task-nwr_run-1_bold_heudiconv105 (108x108x65x42)
221007-19:39:04,136 nipype.interface INFO:
	 stdout 2022-10-07T19:39:04.136865:Compress: "/usr/bin/pigz" -b 960 -n -f -6 "/out/sub-voice968/ses-1/func/sub-voice968_ses-1_task-nwr_run-1_bold_heudiconv105.nii"
221007-19:39:04,137 nipype.interface INFO:
	 stdout 2022-10-07T19:39:04.136865:Conversion required 4.643930 seconds (0.203428 for core code).
221007-19:39:04,179 nipype.workflow INFO:
	 [Node] Finished "convert", elapsed time 4.783651s.
221007-19:39:04,483 nipype.workflow INFO:
	 [Node] Setting-up "convert" in "/tmp/dcm2niixgesnl0sy/convert".
221007-19:39:04,506 nipype.workflow INFO:
	 [Node] Executing "convert" <nipype.interfaces.dcm2nii.Dcm2niix>
221007-19:39:04,841 nipype.interface INFO:
	 stdout 2022-10-07T19:39:04.841384:Chris Rorden's dcm2niiX version v1.0.20211006  GCC10.2.1 x86-64 (64-bit Linux)
221007-19:39:04,841 nipype.interface INFO:
	 stdout 2022-10-07T19:39:04.841384:Found 42 DICOM file(s)
221007-19:39:04,841 nipype.interface INFO:
	 stdout 2022-10-07T19:39:04.841384:Warning: Slice timing appears corrupted (range 0..5357.5, TR=4000 ms)
221007-19:39:04,842 nipype.interface INFO:
	 stdout 2022-10-07T19:39:04.841384:Convert 42 DICOM as /out/sub-voice968/ses-1/func/sub-voice968_ses-1_task-nwr_run-2_bold_heudiconv737 (108x108x65x42)
221007-19:39:10,182 nipype.interface INFO:
	 stdout 2022-10-07T19:39:10.182659:Compress: "/usr/bin/pigz" -b 960 -n -f -6 "/out/sub-voice968/ses-1/func/sub-voice968_ses-1_task-nwr_run-2_bold_heudiconv737.nii"
221007-19:39:10,182 nipype.interface INFO:
	 stdout 2022-10-07T19:39:10.182659:Conversion required 5.623738 seconds (0.152010 for core code).
221007-19:39:10,248 nipype.workflow INFO:
	 [Node] Finished "convert", elapsed time 5.740566s.
221007-19:39:10,557 nipype.workflow INFO:
	 [Node] Setting-up "convert" in "/tmp/dcm2niix2bxl7dbh/convert".
221007-19:39:10,591 nipype.workflow INFO:
	 [Node] Executing "convert" <nipype.interfaces.dcm2nii.Dcm2niix>
221007-19:39:10,984 nipype.interface INFO:
	 stdout 2022-10-07T19:39:10.984421:Chris Rorden's dcm2niiX version v1.0.20211006  GCC10.2.1 x86-64 (64-bit Linux)
221007-19:39:10,985 nipype.interface INFO:
	 stdout 2022-10-07T19:39:10.984421:Found 42 DICOM file(s)
221007-19:39:10,985 nipype.interface INFO:
	 stdout 2022-10-07T19:39:10.984421:Warning: Slice timing appears corrupted (range 0..5360, TR=4000 ms)
221007-19:39:10,985 nipype.interface INFO:
	 stdout 2022-10-07T19:39:10.984421:Convert 42 DICOM as /out/sub-voice968/ses-1/func/sub-voice968_ses-1_task-nwr_run-3_bold_heudiconv393 (108x108x65x42)
221007-19:39:15,947 nipype.interface INFO:
	 stdout 2022-10-07T19:39:15.947852:Compress: "/usr/bin/pigz" -b 960 -n -f -6 "/out/sub-voice968/ses-1/func/sub-voice968_ses-1_task-nwr_run-3_bold_heudiconv393.nii"
221007-19:39:15,948 nipype.interface INFO:
	 stdout 2022-10-07T19:39:15.947852:Conversion required 5.306199 seconds (0.215643 for core code).
221007-19:39:15,988 nipype.workflow INFO:
	 [Node] Finished "convert", elapsed time 5.395064s.
221007-19:39:16,367 nipype.workflow INFO:
	 [Node] Setting-up "convert" in "/tmp/dcm2niixagclpgvv/convert".
221007-19:39:16,441 nipype.workflow INFO:
	 [Node] Executing "convert" <nipype.interfaces.dcm2nii.Dcm2niix>
221007-19:39:17,365 nipype.interface INFO:
	 stdout 2022-10-07T19:39:17.365284:Chris Rorden's dcm2niiX version v1.0.20211006  GCC10.2.1 x86-64 (64-bit Linux)
221007-19:39:17,365 nipype.interface INFO:
	 stdout 2022-10-07T19:39:17.365284:Found 99 DICOM file(s)
221007-19:39:17,365 nipype.interface INFO:
	 stdout 2022-10-07T19:39:17.365284:Warning: Slice timing appears corrupted (range 0..5360, TR=2000 ms)
221007-19:39:17,365 nipype.interface INFO:
	 stdout 2022-10-07T19:39:17.365284:Convert 99 DICOM as /out/sub-voice968/ses-1/func/sub-voice968_ses-1_task-facematch_run-1_bold_heudiconv002 (108x108x65x99)
221007-19:39:28,26 nipype.interface INFO:
	 stdout 2022-10-07T19:39:28.025975:Compress: "/usr/bin/pigz" -b 960 -n -f -6 "/out/sub-voice968/ses-1/func/sub-voice968_ses-1_task-facematch_run-1_bold_heudiconv002.nii"
221007-19:39:28,35 nipype.interface INFO:
	 stdout 2022-10-07T19:39:28.025975:Conversion required 11.553223 seconds (0.549481 for core code).
221007-19:39:28,80 nipype.workflow INFO:
	 [Node] Finished "convert", elapsed time 11.637286s.
221007-19:39:28,394 nipype.workflow INFO:
	 [Node] Setting-up "convert" in "/tmp/dcm2niix9v1lv2xl/convert".
221007-19:39:28,469 nipype.workflow INFO:
	 [Node] Executing "convert" <nipype.interfaces.dcm2nii.Dcm2niix>
221007-19:39:29,458 nipype.interface INFO:
	 stdout 2022-10-07T19:39:29.458364:Chris Rorden's dcm2niiX version v1.0.20211006  GCC10.2.1 x86-64 (64-bit Linux)
221007-19:39:29,458 nipype.interface INFO:
	 stdout 2022-10-07T19:39:29.458364:Found 99 DICOM file(s)
221007-19:39:29,458 nipype.interface INFO:
	 stdout 2022-10-07T19:39:29.458364:Warning: Slice timing appears corrupted (range 0..5357.5, TR=2000 ms)
221007-19:39:29,459 nipype.interface INFO:
	 stdout 2022-10-07T19:39:29.458364:Convert 99 DICOM as /out/sub-voice968/ses-1/func/sub-voice968_ses-1_task-facematch_run-2_bold_heudiconv259 (108x108x65x99)
221007-19:39:39,617 nipype.interface INFO:
	 stdout 2022-10-07T19:39:39.617839:Compress: "/usr/bin/pigz" -b 960 -n -f -6 "/out/sub-voice968/ses-1/func/sub-voice968_ses-1_task-facematch_run-2_bold_heudiconv259.nii"
221007-19:39:39,618 nipype.interface INFO:
	 stdout 2022-10-07T19:39:39.617839:Conversion required 11.105993 seconds (0.534734 for core code).
221007-19:39:39,660 nipype.workflow INFO:
	 [Node] Finished "convert", elapsed time 11.189942s.
221007-19:39:39,995 nipype.workflow INFO:
	 [Node] Setting-up "convert" in "/tmp/dcm2niixpzkvbcc8/convert".
221007-19:39:40,20 nipype.workflow INFO:
	 [Node] Executing "convert" <nipype.interfaces.dcm2nii.Dcm2niix>
221007-19:39:40,636 nipype.interface INFO:
	 stdout 2022-10-07T19:39:40.636087:Chris Rorden's dcm2niiX version v1.0.20211006  GCC10.2.1 x86-64 (64-bit Linux)
221007-19:39:40,636 nipype.interface INFO:
	 stdout 2022-10-07T19:39:40.636087:Found 48 DICOM file(s)
221007-19:39:40,636 nipype.interface INFO:
	 stdout 2022-10-07T19:39:40.636087:Warning: Slice timing appears corrupted (range 0..5360, TR=4000 ms)
221007-19:39:40,636 nipype.interface INFO:
	 stdout 2022-10-07T19:39:40.636087:Convert 48 DICOM as /out/sub-voice968/ses-1/func/sub-voice968_ses-1_task-emosent_run-1_bold_heudiconv712 (108x108x65x48)
221007-19:39:45,891 nipype.interface INFO:
	 stdout 2022-10-07T19:39:45.891429:Compress: "/usr/bin/pigz" -b 960 -n -f -6 "/out/sub-voice968/ses-1/func/sub-voice968_ses-1_task-emosent_run-1_bold_heudiconv712.nii"
221007-19:39:45,891 nipype.interface INFO:
	 stdout 2022-10-07T19:39:45.891429:Conversion required 5.794546 seconds (0.292985 for core code).
221007-19:39:45,944 nipype.workflow INFO:
	 [Node] Finished "convert", elapsed time 5.922767s.
221007-19:39:46,447 nipype.workflow INFO:
	 [Node] Setting-up "convert" in "/tmp/dcm2niix4_zf2s_d/convert".
221007-19:39:46,494 nipype.workflow INFO:
	 [Node] Executing "convert" <nipype.interfaces.dcm2nii.Dcm2niix>
221007-19:39:47,200 nipype.interface INFO:
	 stdout 2022-10-07T19:39:47.199958:Chris Rorden's dcm2niiX version v1.0.20211006  GCC10.2.1 x86-64 (64-bit Linux)
221007-19:39:47,200 nipype.interface INFO:
	 stdout 2022-10-07T19:39:47.199958:Found 48 DICOM file(s)
221007-19:39:47,200 nipype.interface INFO:
	 stdout 2022-10-07T19:39:47.199958:Warning: Slice timing appears corrupted (range 0..5360, TR=4000 ms)
221007-19:39:47,200 nipype.interface INFO:
	 stdout 2022-10-07T19:39:47.199958:Convert 48 DICOM as /out/sub-voice968/ses-1/func/sub-voice968_ses-1_task-emosent_run-2_bold_heudiconv829 (108x108x65x48)
221007-19:39:52,175 nipype.interface INFO:
	 stdout 2022-10-07T19:39:52.175419:Compress: "/usr/bin/pigz" -b 960 -n -f -6 "/out/sub-voice968/ses-1/func/sub-voice968_ses-1_task-emosent_run-2_bold_heudiconv829.nii"
221007-19:39:52,175 nipype.interface INFO:
	 stdout 2022-10-07T19:39:52.175419:Conversion required 5.593520 seconds (0.247860 for core code).
221007-19:39:52,220 nipype.workflow INFO:
	 [Node] Finished "convert", elapsed time 5.724688s.
221007-19:39:52,627 nipype.workflow INFO:
	 [Node] Setting-up "convert" in "/tmp/dcm2niixi2icoxdm/convert".
221007-19:39:52,661 nipype.workflow INFO:
	 [Node] Executing "convert" <nipype.interfaces.dcm2nii.Dcm2niix>
221007-19:39:53,650 nipype.interface INFO:
	 stdout 2022-10-07T19:39:53.650005:Chris Rorden's dcm2niiX version v1.0.20211006  GCC10.2.1 x86-64 (64-bit Linux)
221007-19:39:53,650 nipype.interface INFO:
	 stdout 2022-10-07T19:39:53.650005:Found 60 DICOM file(s)
221007-19:39:53,650 nipype.interface INFO:
	 stdout 2022-10-07T19:39:53.650005:Warning: Slice timing appears corrupted (range 0..5360, TR=4000 ms)
221007-19:39:53,650 nipype.interface INFO:
	 stdout 2022-10-07T19:39:53.650005:Convert 60 DICOM as /out/sub-voice968/ses-1/func/sub-voice968_ses-1_task-vowel_run-1_bold_heudiconv784 (108x108x65x60)
221007-19:39:59,700 nipype.interface INFO:
	 stdout 2022-10-07T19:39:59.700325:Compress: "/usr/bin/pigz" -b 960 -n -f -6 "/out/sub-voice968/ses-1/func/sub-voice968_ses-1_task-vowel_run-1_bold_heudiconv784.nii"
221007-19:39:59,700 nipype.interface INFO:
	 stdout 2022-10-07T19:39:59.700325:Conversion required 6.970312 seconds (0.366165 for core code).
221007-19:39:59,733 nipype.workflow INFO:
	 [Node] Finished "convert", elapsed time 7.07133s.
221007-19:40:00,237 nipype.workflow INFO:
	 [Node] Setting-up "convert" in "/tmp/dcm2niixai4z9iqx/convert".
221007-19:40:00,289 nipype.workflow INFO:
	 [Node] Executing "convert" <nipype.interfaces.dcm2nii.Dcm2niix>
221007-19:40:01,46 nipype.interface INFO:
	 stdout 2022-10-07T19:40:01.046756:Chris Rorden's dcm2niiX version v1.0.20211006  GCC10.2.1 x86-64 (64-bit Linux)
221007-19:40:01,47 nipype.interface INFO:
	 stdout 2022-10-07T19:40:01.046756:Found 60 DICOM file(s)
221007-19:40:01,47 nipype.interface INFO:
	 stdout 2022-10-07T19:40:01.046756:Warning: Slice timing appears corrupted (range 0..5357.5, TR=4000 ms)
221007-19:40:01,47 nipype.interface INFO:
	 stdout 2022-10-07T19:40:01.046756:Convert 60 DICOM as /out/sub-voice968/ses-1/func/sub-voice968_ses-1_task-vowel_run-2_bold_heudiconv329 (108x108x65x60)
221007-19:40:07,293 nipype.interface INFO:
	 stdout 2022-10-07T19:40:07.293882:Compress: "/usr/bin/pigz" -b 960 -n -f -6 "/out/sub-voice968/ses-1/func/sub-voice968_ses-1_task-vowel_run-2_bold_heudiconv329.nii"
221007-19:40:07,294 nipype.interface INFO:
	 stdout 2022-10-07T19:40:07.293882:Conversion required 6.916980 seconds (0.366887 for core code).
221007-19:40:07,337 nipype.workflow INFO:
	 [Node] Finished "convert", elapsed time 7.046239s.
221007-19:40:07,903 nipype.workflow INFO:
	 [Node] Setting-up "convert" in "/tmp/dcm2niix5q4mpffn/convert".
221007-19:40:07,966 nipype.workflow INFO:
	 [Node] Executing "convert" <nipype.interfaces.dcm2nii.Dcm2niix>
221007-19:40:09,638 nipype.interface INFO:
	 stdout 2022-10-07T19:40:09.638378:Chris Rorden's dcm2niiX version v1.0.20211006  GCC10.2.1 x86-64 (64-bit Linux)
221007-19:40:09,638 nipype.interface INFO:
	 stdout 2022-10-07T19:40:09.638378:Found 101 DICOM file(s)
221007-19:40:09,639 nipype.interface INFO:
	 stdout 2022-10-07T19:40:09.638378:Warning: Slice timing appears corrupted (range 0..5357.5, TR=2000 ms)
221007-19:40:09,639 nipype.interface INFO:
	 stdout 2022-10-07T19:40:09.638378:Convert 101 DICOM as /out/sub-voice968/ses-1/func/sub-voice968_ses-1_task-pitchnw_run-1_bold_heudiconv918 (108x108x65x101)
221007-19:40:19,826 nipype.interface INFO:
	 stdout 2022-10-07T19:40:19.826182:Compress: "/usr/bin/pigz" -b 960 -n -f -6 "/out/sub-voice968/ses-1/func/sub-voice968_ses-1_task-pitchnw_run-1_bold_heudiconv918.nii"
221007-19:40:19,828 nipype.interface INFO:
	 stdout 2022-10-07T19:40:19.826182:Conversion required 11.801822 seconds (0.701851 for core code).
221007-19:40:19,863 nipype.workflow INFO:
	 [Node] Finished "convert", elapsed time 11.894835s.
221007-19:40:20,261 nipype.workflow INFO:
	 [Node] Setting-up "convert" in "/tmp/dcm2niixjrszn2n8/convert".
221007-19:40:20,348 nipype.workflow INFO:
	 [Node] Executing "convert" <nipype.interfaces.dcm2nii.Dcm2niix>
221007-19:40:21,946 nipype.interface INFO:
	 stdout 2022-10-07T19:40:21.946196:Chris Rorden's dcm2niiX version v1.0.20211006  GCC10.2.1 x86-64 (64-bit Linux)
221007-19:40:21,946 nipype.interface INFO:
	 stdout 2022-10-07T19:40:21.946196:Found 101 DICOM file(s)
221007-19:40:21,946 nipype.interface INFO:
	 stdout 2022-10-07T19:40:21.946196:Warning: Slice timing appears corrupted (range 0..5357.5, TR=2000 ms)
221007-19:40:21,947 nipype.interface INFO:
	 stdout 2022-10-07T19:40:21.946196:Convert 101 DICOM as /out/sub-voice968/ses-1/func/sub-voice968_ses-1_task-pitchnw_run-2_bold_heudiconv136 (108x108x65x101)
221007-19:40:32,279 nipype.interface INFO:
	 stdout 2022-10-07T19:40:32.279788:Compress: "/usr/bin/pigz" -b 960 -n -f -6 "/out/sub-voice968/ses-1/func/sub-voice968_ses-1_task-pitchnw_run-2_bold_heudiconv136.nii"
221007-19:40:32,280 nipype.interface INFO:
	 stdout 2022-10-07T19:40:32.279788:Conversion required 11.870796 seconds (0.726231 for core code).
221007-19:40:32,317 nipype.workflow INFO:
	 [Node] Finished "convert", elapsed time 11.967937s.
221007-19:40:32,983 nipype.workflow INFO:
	 [Node] Setting-up "convert" in "/tmp/dcm2niix65x5s8yk/convert".
221007-19:40:33,71 nipype.workflow INFO:
	 [Node] Executing "convert" <nipype.interfaces.dcm2nii.Dcm2niix>
221007-19:40:35,356 nipype.interface INFO:
	 stdout 2022-10-07T19:40:35.356147:Chris Rorden's dcm2niiX version v1.0.20211006  GCC10.2.1 x86-64 (64-bit Linux)
221007-19:40:35,356 nipype.interface INFO:
	 stdout 2022-10-07T19:40:35.356147:Found 138 DICOM file(s)
221007-19:40:35,356 nipype.interface INFO:
	 stdout 2022-10-07T19:40:35.356147:Warning: Slice timing appears corrupted (range 0..5360, TR=1090 ms)
221007-19:40:35,356 nipype.interface INFO:
	 stdout 2022-10-07T19:40:35.356147:Convert 138 DICOM as /out/sub-voice968/ses-1/func/sub-voice968_ses-1_task-movie_run-1_bold_heudiconv350 (108x108x65x138)
221007-19:40:48,920 nipype.interface INFO:
	 stdout 2022-10-07T19:40:48.920627:Compress: "/usr/bin/pigz" -b 960 -n -f -6 "/out/sub-voice968/ses-1/func/sub-voice968_ses-1_task-movie_run-1_bold_heudiconv350.nii"
221007-19:40:48,922 nipype.interface INFO:
	 stdout 2022-10-07T19:40:48.920627:Conversion required 15.731489 seconds (0.947026 for core code).
221007-19:40:48,963 nipype.workflow INFO:
	 [Node] Finished "convert", elapsed time 15.890652s.
