INFO: Running heudiconv version 0.11.3+d20220512 latest 0.11.4
INFO: Need to process 1 study sessions
INFO: PROCESSING STARTS: {'subject': 'voice957', 'outdir': '/out/', 'session': '1'}
INFO: Processing 4225 dicoms
INFO: Analyzing 4225 dicoms
INFO: Generated sequence info for 37 accession numbers with 4225 entries total
INFO: Doing conversion using dcm2niix
INFO: Converting /out/sub-voice957/ses-1/func/sub-voice957_ses-1_task-rest_run-1_bold (300 DICOMs) -> /out/sub-voice957/ses-1/func . Converter: dcm2niix . Output types: ('nii.gz',)
WARNING: A newer version (1.8.4) of nipy/nipype is available. You are using 1.8.0
INFO: [Node] Setting-up "convert" in "/tmp/dcm2niixo0m76lx6/convert".
INFO: [Node] Executing "convert" <nipype.interfaces.dcm2nii.Dcm2niix>
INFO: stdout 2022-10-12T23:36:56.857856:Chris Rorden's dcm2niiX version v1.0.20211006  GCC10.2.1 x86-64 (64-bit Linux)
INFO: stdout 2022-10-12T23:36:56.857856:Found 300 DICOM file(s)
INFO: stdout 2022-10-12T23:36:56.857856:Warning: Slice timing appears corrupted (range 0..5360, TR=1090 ms)
INFO: stdout 2022-10-12T23:36:56.857856:Convert 300 DICOM as /out/sub-voice957/ses-1/func/sub-voice957_ses-1_task-rest_run-1_bold_heudiconv415 (108x108x65x300)
INFO: stdout 2022-10-12T23:37:29.095355:Compress: "/usr/bin/pigz" -b 960 -n -f -6 "/out/sub-voice957/ses-1/func/sub-voice957_ses-1_task-rest_run-1_bold_heudiconv415.nii"
INFO: stdout 2022-10-12T23:37:29.095355:Conversion required 34.735736 seconds (1.092427 for core code).
INFO: [Node] Finished "convert", elapsed time 34.783431s.
INFO: Post-treating /out/sub-voice957/ses-1/func/sub-voice957_ses-1_task-rest_run-1_bold.json file
INFO: Converting /out/sub-voice957/ses-1/fmap/sub-voice957_ses-1_acq-func_dir-PA_run-1_epi (260 DICOMs) -> /out/sub-voice957/ses-1/fmap . Converter: dcm2niix . Output types: ('nii.gz',)
INFO: [Node] Setting-up "convert" in "/tmp/dcm2niix14qycf4q/convert".
INFO: [Node] Executing "convert" <nipype.interfaces.dcm2nii.Dcm2niix>
INFO: stdout 2022-10-12T23:37:31.253080:Chris Rorden's dcm2niiX version v1.0.20211006  GCC10.2.1 x86-64 (64-bit Linux)
INFO: stdout 2022-10-12T23:37:31.253080:Found 260 DICOM file(s)
INFO: stdout 2022-10-12T23:37:31.253080:Convert 260 DICOM as /out/sub-voice957/ses-1/fmap/sub-voice957_ses-1_acq-func_dir-PA_run-1_epi_heudiconv243 (108x108x65x4)
INFO: stdout 2022-10-12T23:37:31.976902:Compress: "/usr/bin/pigz" -b 960 -n -f -6 "/out/sub-voice957/ses-1/fmap/sub-voice957_ses-1_acq-func_dir-PA_run-1_epi_heudiconv243.nii"
INFO: stdout 2022-10-12T23:37:31.976902:Conversion required 2.027487 seconds (0.225865 for core code).
INFO: [Node] Finished "convert", elapsed time 2.109453s.
WARNING: Failed to find task field in /out/sub-voice957/ses-1/fmap/sub-voice957_ses-1_acq-func_dir-PA_run-1_epi.json.
INFO: Post-treating /out/sub-voice957/ses-1/fmap/sub-voice957_ses-1_acq-func_dir-PA_run-1_epi.json file
INFO: Converting /out/sub-voice957/ses-1/fmap/sub-voice957_ses-1_acq-func_dir-AP_run-2_epi (260 DICOMs) -> /out/sub-voice957/ses-1/fmap . Converter: dcm2niix . Output types: ('nii.gz',)
INFO: [Node] Setting-up "convert" in "/tmp/dcm2niix16i33n0a/convert".
INFO: [Node] Executing "convert" <nipype.interfaces.dcm2nii.Dcm2niix>
INFO: stdout 2022-10-12T23:37:33.941371:Chris Rorden's dcm2niiX version v1.0.20211006  GCC10.2.1 x86-64 (64-bit Linux)
INFO: stdout 2022-10-12T23:37:33.941371:Found 260 DICOM file(s)
INFO: stdout 2022-10-12T23:37:33.941371:Convert 260 DICOM as /out/sub-voice957/ses-1/fmap/sub-voice957_ses-1_acq-func_dir-AP_run-2_epi_heudiconv320 (108x108x65x4)
INFO: stdout 2022-10-12T23:37:34.397318:Compress: "/usr/bin/pigz" -b 960 -n -f -6 "/out/sub-voice957/ses-1/fmap/sub-voice957_ses-1_acq-func_dir-AP_run-2_epi_heudiconv320.nii"
INFO: stdout 2022-10-12T23:37:34.397318:Conversion required 1.820181 seconds (0.216721 for core code).
INFO: [Node] Finished "convert", elapsed time 1.980987s.
WARNING: Failed to find task field in /out/sub-voice957/ses-1/fmap/sub-voice957_ses-1_acq-func_dir-AP_run-2_epi.json.
INFO: Post-treating /out/sub-voice957/ses-1/fmap/sub-voice957_ses-1_acq-func_dir-AP_run-2_epi.json file
INFO: Converting /out/sub-voice957/ses-1/dwi/sub-voice957_ses-1_acq-PA_dwi (72 DICOMs) -> /out/sub-voice957/ses-1/dwi . Converter: dcm2niix . Output types: ('nii.gz',)
INFO: [Node] Setting-up "convert" in "/tmp/dcm2niix0vgt4qz7/convert".
INFO: [Node] Executing "convert" <nipype.interfaces.dcm2nii.Dcm2niix>
INFO: stdout 2022-10-12T23:37:36.229561:Chris Rorden's dcm2niiX version v1.0.20211006  GCC10.2.1 x86-64 (64-bit Linux)
INFO: stdout 2022-10-12T23:37:36.229561:Found 72 DICOM file(s)
INFO: stdout 2022-10-12T23:37:36.229561:Warning: Slice timing appears corrupted (range 0..8.63999e+07, TR=4400 ms)
INFO: stdout 2022-10-12T23:37:36.229561:Convert 72 DICOM as /out/sub-voice957/ses-1/dwi/sub-voice957_ses-1_acq-PA_dwi_heudiconv798 (120x120x66x72)
INFO: stdout 2022-10-12T23:37:46.682631:Compress: "/usr/bin/pigz" -b 960 -n -f -6 "/out/sub-voice957/ses-1/dwi/sub-voice957_ses-1_acq-PA_dwi_heudiconv798.nii"
INFO: stdout 2022-10-12T23:37:46.682631:Conversion required 11.747514 seconds (0.337803 for core code).
INFO: [Node] Finished "convert", elapsed time 12.104674s.
WARNING: Failed to find task field in /out/sub-voice957/ses-1/dwi/sub-voice957_ses-1_acq-PA_dwi.json.
INFO: Post-treating /out/sub-voice957/ses-1/dwi/sub-voice957_ses-1_acq-PA_dwi.json file
INFO: Converting /out/sub-voice957/ses-1/dwi/sub-voice957_ses-1_acq-AP_dwi (7 DICOMs) -> /out/sub-voice957/ses-1/dwi . Converter: dcm2niix . Output types: ('nii.gz',)
INFO: [Node] Setting-up "convert" in "/tmp/dcm2niixpp0vzgyt/convert".
INFO: [Node] Executing "convert" <nipype.interfaces.dcm2nii.Dcm2niix>
INFO: stdout 2022-10-12T23:37:47.522758:Chris Rorden's dcm2niiX version v1.0.20211006  GCC10.2.1 x86-64 (64-bit Linux)
INFO: stdout 2022-10-12T23:37:47.522758:Found 7 DICOM file(s)
INFO: stdout 2022-10-12T23:37:47.522758:Warning: Slice timing appears corrupted (range 0..8.63999e+07, TR=4400 ms)
INFO: stdout 2022-10-12T23:37:47.522758:Convert 7 DICOM as /out/sub-voice957/ses-1/dwi/sub-voice957_ses-1_acq-AP_dwi_heudiconv976 (120x120x66x7)
INFO: stdout 2022-10-12T23:37:48.662590:Compress: "/usr/bin/pigz" -b 960 -n -f -6 "/out/sub-voice957/ses-1/dwi/sub-voice957_ses-1_acq-AP_dwi_heudiconv976.nii"
INFO: stdout 2022-10-12T23:37:48.662590:Conversion required 1.759481 seconds (0.043372 for core code).
INFO: [Node] Finished "convert", elapsed time 1.8454169999999999s.
WARNING: Failed to find task field in /out/sub-voice957/ses-1/dwi/sub-voice957_ses-1_acq-AP_dwi.json.
INFO: Post-treating /out/sub-voice957/ses-1/dwi/sub-voice957_ses-1_acq-AP_dwi.json file
INFO: Converting /out/sub-voice957/ses-1/anat/sub-voice957_ses-1_run-1_T1w (176 DICOMs) -> /out/sub-voice957/ses-1/anat . Converter: dcm2niix . Output types: ('nii.gz',)
INFO: [Node] Setting-up "convert" in "/tmp/dcm2niixymtxisk2/convert".
INFO: [Node] Executing "convert" <nipype.interfaces.dcm2nii.Dcm2niix>
INFO: stdout 2022-10-12T23:37:50.063506:Chris Rorden's dcm2niiX version v1.0.20211006  GCC10.2.1 x86-64 (64-bit Linux)
INFO: stdout 2022-10-12T23:37:50.063506:Found 176 DICOM file(s)
INFO: stdout 2022-10-12T23:37:50.063506:Convert 176 DICOM as /out/sub-voice957/ses-1/anat/sub-voice957_ses-1_run-1_T1w_heudiconv542 (256x256x176x1)
INFO: stdout 2022-10-12T23:37:52.656039:Compress: "/usr/bin/pigz" -b 960 -n -f -6 "/out/sub-voice957/ses-1/anat/sub-voice957_ses-1_run-1_T1w_heudiconv542.nii"
INFO: stdout 2022-10-12T23:37:52.656039:Conversion required 3.583626 seconds (0.279825 for core code).
INFO: [Node] Finished "convert", elapsed time 3.753244s.
WARNING: Failed to find task field in /out/sub-voice957/ses-1/anat/sub-voice957_ses-1_run-1_T1w.json.
INFO: Post-treating /out/sub-voice957/ses-1/anat/sub-voice957_ses-1_run-1_T1w.json file
INFO: Converting /out/sub-voice957/ses-1/func/sub-voice957_ses-1_task-pataka_run-1_bold (207 DICOMs) -> /out/sub-voice957/ses-1/func . Converter: dcm2niix . Output types: ('nii.gz',)
INFO: [Node] Setting-up "convert" in "/tmp/dcm2niixcvw6b6fb/convert".
INFO: [Node] Executing "convert" <nipype.interfaces.dcm2nii.Dcm2niix>
INFO: stdout 2022-10-12T23:37:56.025814:Chris Rorden's dcm2niiX version v1.0.20211006  GCC10.2.1 x86-64 (64-bit Linux)
INFO: stdout 2022-10-12T23:37:56.025814:Found 207 DICOM file(s)
INFO: stdout 2022-10-12T23:37:56.025814:Warning: Slice timing appears corrupted (range 0..3135, TR=1640 ms)
INFO: stdout 2022-10-12T23:37:56.025814:Convert 207 DICOM as /out/sub-voice957/ses-1/func/sub-voice957_ses-1_task-pataka_run-1_bold_heudiconv982 (72x72x45x207)
INFO: stdout 2022-10-12T23:38:06.235093:Compress: "/usr/bin/pigz" -b 960 -n -f -6 "/out/sub-voice957/ses-1/func/sub-voice957_ses-1_task-pataka_run-1_bold_heudiconv982.nii"
INFO: stdout 2022-10-12T23:38:06.235093:Conversion required 12.027937 seconds (0.356779 for core code).
INFO: [Node] Finished "convert", elapsed time 13.24476s.
INFO: Post-treating /out/sub-voice957/ses-1/func/sub-voice957_ses-1_task-pataka_run-1_bold.json file
INFO: Converting /out/sub-voice957/ses-1/func/sub-voice957_ses-1_task-pataka_run-2_bold (207 DICOMs) -> /out/sub-voice957/ses-1/func . Converter: dcm2niix . Output types: ('nii.gz',)
INFO: [Node] Setting-up "convert" in "/tmp/dcm2niix8tszp9jf/convert".
INFO: [Node] Executing "convert" <nipype.interfaces.dcm2nii.Dcm2niix>
INFO: stdout 2022-10-12T23:38:08.841209:Chris Rorden's dcm2niiX version v1.0.20211006  GCC10.2.1 x86-64 (64-bit Linux)
INFO: stdout 2022-10-12T23:38:08.841209:Found 207 DICOM file(s)
INFO: stdout 2022-10-12T23:38:08.841209:Warning: Slice timing appears corrupted (range 0..3137.5, TR=1640 ms)
INFO: stdout 2022-10-12T23:38:08.841209:Convert 207 DICOM as /out/sub-voice957/ses-1/func/sub-voice957_ses-1_task-pataka_run-2_bold_heudiconv507 (72x72x45x207)
INFO: stdout 2022-10-12T23:38:16.043487:Compress: "/usr/bin/pigz" -b 960 -n -f -6 "/out/sub-voice957/ses-1/func/sub-voice957_ses-1_task-pataka_run-2_bold_heudiconv507.nii"
INFO: stdout 2022-10-12T23:38:16.043487:Conversion required 8.739062 seconds (0.350136 for core code).
INFO: [Node] Finished "convert", elapsed time 8.923467s.
INFO: Post-treating /out/sub-voice957/ses-1/func/sub-voice957_ses-1_task-pataka_run-2_bold.json file
INFO: Converting /out/sub-voice957/ses-1/func/sub-voice957_ses-1_task-pitchsent_run-1_bold (64 DICOMs) -> /out/sub-voice957/ses-1/func . Converter: dcm2niix . Output types: ('nii.gz',)
INFO: [Node] Setting-up "convert" in "/tmp/dcm2niix05at8xlr/convert".
INFO: [Node] Executing "convert" <nipype.interfaces.dcm2nii.Dcm2niix>
INFO: stdout 2022-10-12T23:38:17.403509:Chris Rorden's dcm2niiX version v1.0.20211006  GCC10.2.1 x86-64 (64-bit Linux)
INFO: stdout 2022-10-12T23:38:17.403509:Found 64 DICOM file(s)
INFO: stdout 2022-10-12T23:38:17.403509:Warning: Slice timing appears corrupted (range 0..5360, TR=4000 ms)
INFO: stdout 2022-10-12T23:38:17.403509:Convert 64 DICOM as /out/sub-voice957/ses-1/func/sub-voice957_ses-1_task-pitchsent_run-1_bold_heudiconv467 (108x108x65x64)
INFO: stdout 2022-10-12T23:38:24.100914:Compress: "/usr/bin/pigz" -b 960 -n -f -6 "/out/sub-voice957/ses-1/func/sub-voice957_ses-1_task-pitchsent_run-1_bold_heudiconv467.nii"
INFO: stdout 2022-10-12T23:38:24.100914:Conversion required 7.050808 seconds (0.227375 for core code).
INFO: [Node] Finished "convert", elapsed time 7.680413s.
INFO: Post-treating /out/sub-voice957/ses-1/func/sub-voice957_ses-1_task-pitchsent_run-1_bold.json file
INFO: Converting /out/sub-voice957/ses-1/func/sub-voice957_ses-1_task-pitchsent_run-2_bold (64 DICOMs) -> /out/sub-voice957/ses-1/func . Converter: dcm2niix . Output types: ('nii.gz',)
INFO: [Node] Setting-up "convert" in "/tmp/dcm2niixe5qfqs7s/convert".
INFO: [Node] Executing "convert" <nipype.interfaces.dcm2nii.Dcm2niix>
INFO: stdout 2022-10-12T23:38:25.036285:Chris Rorden's dcm2niiX version v1.0.20211006  GCC10.2.1 x86-64 (64-bit Linux)
INFO: stdout 2022-10-12T23:38:25.036285:Found 64 DICOM file(s)
INFO: stdout 2022-10-12T23:38:25.036285:Warning: Slice timing appears corrupted (range 0..5357.5, TR=4000 ms)
INFO: stdout 2022-10-12T23:38:25.036285:Convert 64 DICOM as /out/sub-voice957/ses-1/func/sub-voice957_ses-1_task-pitchsent_run-2_bold_heudiconv333 (108x108x65x64)
INFO: stdout 2022-10-12T23:38:31.738131:Compress: "/usr/bin/pigz" -b 960 -n -f -6 "/out/sub-voice957/ses-1/func/sub-voice957_ses-1_task-pitchsent_run-2_bold_heudiconv333.nii"
INFO: stdout 2022-10-12T23:38:31.738131:Conversion required 7.073530 seconds (0.224715 for core code).
INFO: [Node] Finished "convert", elapsed time 7.173946s.
INFO: Post-treating /out/sub-voice957/ses-1/func/sub-voice957_ses-1_task-pitchsent_run-2_bold.json file
INFO: Converting /out/sub-voice957/ses-1/func/sub-voice957_ses-1_task-nwr_run-1_bold (42 DICOMs) -> /out/sub-voice957/ses-1/func . Converter: dcm2niix . Output types: ('nii.gz',)
INFO: [Node] Setting-up "convert" in "/tmp/dcm2niixe1licemh/convert".
INFO: [Node] Executing "convert" <nipype.interfaces.dcm2nii.Dcm2niix>
INFO: stdout 2022-10-12T23:38:32.456214:Chris Rorden's dcm2niiX version v1.0.20211006  GCC10.2.1 x86-64 (64-bit Linux)
INFO: stdout 2022-10-12T23:38:32.456214:Found 42 DICOM file(s)
INFO: stdout 2022-10-12T23:38:32.456214:Warning: Slice timing appears corrupted (range 0..5360, TR=4000 ms)
INFO: stdout 2022-10-12T23:38:32.456214:Convert 42 DICOM as /out/sub-voice957/ses-1/func/sub-voice957_ses-1_task-nwr_run-1_bold_heudiconv959 (108x108x65x42)
INFO: stdout 2022-10-12T23:38:37.182961:Compress: "/usr/bin/pigz" -b 960 -n -f -6 "/out/sub-voice957/ses-1/func/sub-voice957_ses-1_task-nwr_run-1_bold_heudiconv959.nii"
INFO: stdout 2022-10-12T23:38:37.182961:Conversion required 5.155033 seconds (0.147143 for core code).
INFO: [Node] Finished "convert", elapsed time 5.242229s.
INFO: Post-treating /out/sub-voice957/ses-1/func/sub-voice957_ses-1_task-nwr_run-1_bold.json file
INFO: Converting /out/sub-voice957/ses-1/func/sub-voice957_ses-1_task-nwr_run-2_bold (42 DICOMs) -> /out/sub-voice957/ses-1/func . Converter: dcm2niix . Output types: ('nii.gz',)
INFO: [Node] Setting-up "convert" in "/tmp/dcm2niixsbd6mb8p/convert".
INFO: [Node] Executing "convert" <nipype.interfaces.dcm2nii.Dcm2niix>
INFO: stdout 2022-10-12T23:38:37.625944:Chris Rorden's dcm2niiX version v1.0.20211006  GCC10.2.1 x86-64 (64-bit Linux)
INFO: stdout 2022-10-12T23:38:37.625944:Found 42 DICOM file(s)
INFO: stdout 2022-10-12T23:38:37.625944:Warning: Slice timing appears corrupted (range 0..5357.5, TR=4000 ms)
INFO: stdout 2022-10-12T23:38:37.625944:Convert 42 DICOM as /out/sub-voice957/ses-1/func/sub-voice957_ses-1_task-nwr_run-2_bold_heudiconv806 (108x108x65x42)
INFO: stdout 2022-10-12T23:38:42.454228:Compress: "/usr/bin/pigz" -b 960 -n -f -6 "/out/sub-voice957/ses-1/func/sub-voice957_ses-1_task-nwr_run-2_bold_heudiconv806.nii"
INFO: stdout 2022-10-12T23:38:42.454228:Conversion required 5.045488 seconds (0.144036 for core code).
INFO: [Node] Finished "convert", elapsed time 5.126809s.
INFO: Post-treating /out/sub-voice957/ses-1/func/sub-voice957_ses-1_task-nwr_run-2_bold.json file
INFO: Converting /out/sub-voice957/ses-1/func/sub-voice957_ses-1_task-nwr_run-3_bold (42 DICOMs) -> /out/sub-voice957/ses-1/func . Converter: dcm2niix . Output types: ('nii.gz',)
INFO: [Node] Setting-up "convert" in "/tmp/dcm2niixcdw9ffpp/convert".
INFO: [Node] Executing "convert" <nipype.interfaces.dcm2nii.Dcm2niix>
INFO: stdout 2022-10-12T23:38:44.039225:Chris Rorden's dcm2niiX version v1.0.20211006  GCC10.2.1 x86-64 (64-bit Linux)
INFO: stdout 2022-10-12T23:38:44.039225:Found 42 DICOM file(s)
INFO: stdout 2022-10-12T23:38:44.039225:Warning: Slice timing appears corrupted (range 0..5357.5, TR=4000 ms)
INFO: stdout 2022-10-12T23:38:44.039225:Convert 42 DICOM as /out/sub-voice957/ses-1/func/sub-voice957_ses-1_task-nwr_run-3_bold_heudiconv756 (108x108x65x42)
INFO: stdout 2022-10-12T23:38:48.509213:Compress: "/usr/bin/pigz" -b 960 -n -f -6 "/out/sub-voice957/ses-1/func/sub-voice957_ses-1_task-nwr_run-3_bold_heudiconv756.nii"
INFO: stdout 2022-10-12T23:38:48.509213:Conversion required 4.974766 seconds (0.158072 for core code).
INFO: [Node] Finished "convert", elapsed time 5.25826s.
INFO: Post-treating /out/sub-voice957/ses-1/func/sub-voice957_ses-1_task-nwr_run-3_bold.json file
INFO: Converting /out/sub-voice957/ses-1/func/sub-voice957_ses-1_task-facematch_run-1_bold (99 DICOMs) -> /out/sub-voice957/ses-1/func . Converter: dcm2niix . Output types: ('nii.gz',)
INFO: [Node] Setting-up "convert" in "/tmp/dcm2niix9i6lv78w/convert".
INFO: [Node] Executing "convert" <nipype.interfaces.dcm2nii.Dcm2niix>
INFO: stdout 2022-10-12T23:38:49.794841:Chris Rorden's dcm2niiX version v1.0.20211006  GCC10.2.1 x86-64 (64-bit Linux)
INFO: stdout 2022-10-12T23:38:49.794841:Found 99 DICOM file(s)
INFO: stdout 2022-10-12T23:38:49.794841:Warning: Slice timing appears corrupted (range 0..5360, TR=2000 ms)
INFO: stdout 2022-10-12T23:38:49.794841:Convert 99 DICOM as /out/sub-voice957/ses-1/func/sub-voice957_ses-1_task-facematch_run-1_bold_heudiconv909 (108x108x65x99)
INFO: stdout 2022-10-12T23:39:00.458394:Compress: "/usr/bin/pigz" -b 960 -n -f -6 "/out/sub-voice957/ses-1/func/sub-voice957_ses-1_task-facematch_run-1_bold_heudiconv909.nii"
INFO: stdout 2022-10-12T23:39:00.458394:Conversion required 11.548410 seconds (0.324725 for core code).
INFO: [Node] Finished "convert", elapsed time 11.60574s.
INFO: Post-treating /out/sub-voice957/ses-1/func/sub-voice957_ses-1_task-facematch_run-1_bold.json file
INFO: Converting /out/sub-voice957/ses-1/func/sub-voice957_ses-1_task-facematch_run-2_bold (99 DICOMs) -> /out/sub-voice957/ses-1/func . Converter: dcm2niix . Output types: ('nii.gz',)
INFO: [Node] Setting-up "convert" in "/tmp/dcm2niixghonbamg/convert".
INFO: [Node] Executing "convert" <nipype.interfaces.dcm2nii.Dcm2niix>
INFO: stdout 2022-10-12T23:39:01.668935:Chris Rorden's dcm2niiX version v1.0.20211006  GCC10.2.1 x86-64 (64-bit Linux)
INFO: stdout 2022-10-12T23:39:01.668935:Found 99 DICOM file(s)
INFO: stdout 2022-10-12T23:39:01.668935:Warning: Slice timing appears corrupted (range 0..5357.5, TR=2000 ms)
INFO: stdout 2022-10-12T23:39:01.668935:Convert 99 DICOM as /out/sub-voice957/ses-1/func/sub-voice957_ses-1_task-facematch_run-2_bold_heudiconv377 (108x108x65x99)
INFO: stdout 2022-10-12T23:39:11.970374:Compress: "/usr/bin/pigz" -b 960 -n -f -6 "/out/sub-voice957/ses-1/func/sub-voice957_ses-1_task-facematch_run-2_bold_heudiconv377.nii"
INFO: stdout 2022-10-12T23:39:11.970374:Conversion required 10.990121 seconds (0.356395 for core code).
INFO: [Node] Finished "convert", elapsed time 11.065182s.
INFO: Post-treating /out/sub-voice957/ses-1/func/sub-voice957_ses-1_task-facematch_run-2_bold.json file
INFO: Converting /out/sub-voice957/ses-1/func/sub-voice957_ses-1_task-emosent_run-1_bold (48 DICOMs) -> /out/sub-voice957/ses-1/func . Converter: dcm2niix . Output types: ('nii.gz',)
INFO: [Node] Setting-up "convert" in "/tmp/dcm2niixur853adf/convert".
INFO: [Node] Executing "convert" <nipype.interfaces.dcm2nii.Dcm2niix>
INFO: stdout 2022-10-12T23:39:13.376771:Chris Rorden's dcm2niiX version v1.0.20211006  GCC10.2.1 x86-64 (64-bit Linux)
INFO: stdout 2022-10-12T23:39:13.376771:Found 48 DICOM file(s)
INFO: stdout 2022-10-12T23:39:13.376771:Warning: Slice timing appears corrupted (range 0..5357.5, TR=4000 ms)
INFO: stdout 2022-10-12T23:39:13.376771:Convert 48 DICOM as /out/sub-voice957/ses-1/func/sub-voice957_ses-1_task-emosent_run-1_bold_heudiconv993 (108x108x65x48)
INFO: stdout 2022-10-12T23:39:19.968261:Compress: "/usr/bin/pigz" -b 960 -n -f -6 "/out/sub-voice957/ses-1/func/sub-voice957_ses-1_task-emosent_run-1_bold_heudiconv993.nii"
INFO: stdout 2022-10-12T23:39:19.968261:Conversion required 7.152837 seconds (0.191559 for core code).
INFO: [Node] Finished "convert", elapsed time 7.279573s.
INFO: Post-treating /out/sub-voice957/ses-1/func/sub-voice957_ses-1_task-emosent_run-1_bold.json file
INFO: Converting /out/sub-voice957/ses-1/func/sub-voice957_ses-1_task-emosent_run-2_bold (48 DICOMs) -> /out/sub-voice957/ses-1/func . Converter: dcm2niix . Output types: ('nii.gz',)
INFO: [Node] Setting-up "convert" in "/tmp/dcm2niixnl7plcn9/convert".
INFO: [Node] Executing "convert" <nipype.interfaces.dcm2nii.Dcm2niix>
INFO: stdout 2022-10-12T23:39:21.916147:Chris Rorden's dcm2niiX version v1.0.20211006  GCC10.2.1 x86-64 (64-bit Linux)
INFO: stdout 2022-10-12T23:39:21.916147:Found 48 DICOM file(s)
INFO: stdout 2022-10-12T23:39:21.916147:Warning: Slice timing appears corrupted (range 0..5360, TR=4000 ms)
INFO: stdout 2022-10-12T23:39:21.916147:Convert 48 DICOM as /out/sub-voice957/ses-1/func/sub-voice957_ses-1_task-emosent_run-2_bold_heudiconv710 (108x108x65x48)
INFO: stdout 2022-10-12T23:39:27.220792:Compress: "/usr/bin/pigz" -b 960 -n -f -6 "/out/sub-voice957/ses-1/func/sub-voice957_ses-1_task-emosent_run-2_bold_heudiconv710.nii"
INFO: stdout 2022-10-12T23:39:27.220792:Conversion required 5.871209 seconds (0.202088 for core code).
INFO: [Node] Finished "convert", elapsed time 6.049389s.
INFO: Post-treating /out/sub-voice957/ses-1/func/sub-voice957_ses-1_task-emosent_run-2_bold.json file
INFO: Converting /out/sub-voice957/ses-1/func/sub-voice957_ses-1_task-vowel_run-1_bold (60 DICOMs) -> /out/sub-voice957/ses-1/func . Converter: dcm2niix . Output types: ('nii.gz',)
INFO: [Node] Setting-up "convert" in "/tmp/dcm2niixnx383st4/convert".
INFO: [Node] Executing "convert" <nipype.interfaces.dcm2nii.Dcm2niix>
INFO: stdout 2022-10-12T23:39:27.771085:Chris Rorden's dcm2niiX version v1.0.20211006  GCC10.2.1 x86-64 (64-bit Linux)
INFO: stdout 2022-10-12T23:39:27.771085:Found 60 DICOM file(s)
INFO: stdout 2022-10-12T23:39:27.771085:Warning: Slice timing appears corrupted (range 0..5357.5, TR=4000 ms)
INFO: stdout 2022-10-12T23:39:27.771085:Convert 60 DICOM as /out/sub-voice957/ses-1/func/sub-voice957_ses-1_task-vowel_run-1_bold_heudiconv691 (108x108x65x60)
INFO: stdout 2022-10-12T23:39:34.245421:Compress: "/usr/bin/pigz" -b 960 -n -f -6 "/out/sub-voice957/ses-1/func/sub-voice957_ses-1_task-vowel_run-1_bold_heudiconv691.nii"
INFO: stdout 2022-10-12T23:39:34.245421:Conversion required 6.834883 seconds (0.209658 for core code).
INFO: [Node] Finished "convert", elapsed time 6.891382s.
INFO: Post-treating /out/sub-voice957/ses-1/func/sub-voice957_ses-1_task-vowel_run-1_bold.json file
INFO: Converting /out/sub-voice957/ses-1/func/sub-voice957_ses-1_task-vowel_run-2_bold (60 DICOMs) -> /out/sub-voice957/ses-1/func . Converter: dcm2niix . Output types: ('nii.gz',)
INFO: [Node] Setting-up "convert" in "/tmp/dcm2niixpobvvmkt/convert".
INFO: [Node] Executing "convert" <nipype.interfaces.dcm2nii.Dcm2niix>
INFO: stdout 2022-10-12T23:39:35.164534:Chris Rorden's dcm2niiX version v1.0.20211006  GCC10.2.1 x86-64 (64-bit Linux)
INFO: stdout 2022-10-12T23:39:35.164534:Found 60 DICOM file(s)
INFO: stdout 2022-10-12T23:39:35.164534:Warning: Slice timing appears corrupted (range 0..5357.5, TR=4000 ms)
INFO: stdout 2022-10-12T23:39:35.164534:Convert 60 DICOM as /out/sub-voice957/ses-1/func/sub-voice957_ses-1_task-vowel_run-2_bold_heudiconv702 (108x108x65x60)
INFO: stdout 2022-10-12T23:39:42.716571:Compress: "/usr/bin/pigz" -b 960 -n -f -6 "/out/sub-voice957/ses-1/func/sub-voice957_ses-1_task-vowel_run-2_bold_heudiconv702.nii"
INFO: stdout 2022-10-12T23:39:42.716571:Conversion required 7.980930 seconds (0.227523 for core code).
INFO: [Node] Finished "convert", elapsed time 8.088339s.
INFO: Post-treating /out/sub-voice957/ses-1/func/sub-voice957_ses-1_task-vowel_run-2_bold.json file
INFO: Converting /out/sub-voice957/ses-1/func/sub-voice957_ses-1_task-pitchnw_run-1_bold (101 DICOMs) -> /out/sub-voice957/ses-1/func . Converter: dcm2niix . Output types: ('nii.gz',)
INFO: [Node] Setting-up "convert" in "/tmp/dcm2niix8z0pcsp1/convert".
INFO: [Node] Executing "convert" <nipype.interfaces.dcm2nii.Dcm2niix>
INFO: stdout 2022-10-12T23:39:43.750037:Chris Rorden's dcm2niiX version v1.0.20211006  GCC10.2.1 x86-64 (64-bit Linux)
INFO: stdout 2022-10-12T23:39:43.750037:Found 101 DICOM file(s)
INFO: stdout 2022-10-12T23:39:43.750037:Warning: Slice timing appears corrupted (range 0..5357.5, TR=2000 ms)
INFO: stdout 2022-10-12T23:39:43.750037:Convert 101 DICOM as /out/sub-voice957/ses-1/func/sub-voice957_ses-1_task-pitchnw_run-1_bold_heudiconv527 (108x108x65x101)
INFO: stdout 2022-10-12T23:39:54.581451:Compress: "/usr/bin/pigz" -b 960 -n -f -6 "/out/sub-voice957/ses-1/func/sub-voice957_ses-1_task-pitchnw_run-1_bold_heudiconv527.nii"
INFO: stdout 2022-10-12T23:39:54.581451:Conversion required 11.499473 seconds (0.360926 for core code).
INFO: [Node] Finished "convert", elapsed time 11.607902s.
INFO: Post-treating /out/sub-voice957/ses-1/func/sub-voice957_ses-1_task-pitchnw_run-1_bold.json file
INFO: Converting /out/sub-voice957/ses-1/func/sub-voice957_ses-1_task-pitchnw_run-2_bold (101 DICOMs) -> /out/sub-voice957/ses-1/func . Converter: dcm2niix . Output types: ('nii.gz',)
INFO: [Node] Setting-up "convert" in "/tmp/dcm2niixd5gj4m5m/convert".
INFO: [Node] Executing "convert" <nipype.interfaces.dcm2nii.Dcm2niix>
INFO: stdout 2022-10-12T23:39:56.683451:Chris Rorden's dcm2niiX version v1.0.20211006  GCC10.2.1 x86-64 (64-bit Linux)
INFO: stdout 2022-10-12T23:39:56.683451:Found 101 DICOM file(s)
INFO: stdout 2022-10-12T23:39:56.683451:Warning: Slice timing appears corrupted (range 0..5360, TR=2000 ms)
INFO: stdout 2022-10-12T23:39:56.683451:Convert 101 DICOM as /out/sub-voice957/ses-1/func/sub-voice957_ses-1_task-pitchnw_run-2_bold_heudiconv825 (108x108x65x101)
INFO: stdout 2022-10-12T23:40:08.057764:Compress: "/usr/bin/pigz" -b 960 -n -f -6 "/out/sub-voice957/ses-1/func/sub-voice957_ses-1_task-pitchnw_run-2_bold_heudiconv825.nii"
INFO: stdout 2022-10-12T23:40:08.057764:Conversion required 12.188732 seconds (0.373202 for core code).
INFO: [Node] Finished "convert", elapsed time 12.399778s.
INFO: Post-treating /out/sub-voice957/ses-1/func/sub-voice957_ses-1_task-pitchnw_run-2_bold.json file
INFO: Converting /out/sub-voice957/ses-1/func/sub-voice957_ses-1_task-movie_run-1_bold (138 DICOMs) -> /out/sub-voice957/ses-1/func . Converter: dcm2niix . Output types: ('nii.gz',)
INFO: [Node] Setting-up "convert" in "/tmp/dcm2niixfl75lmzl/convert".
INFO: [Node] Executing "convert" <nipype.interfaces.dcm2nii.Dcm2niix>
INFO: stdout 2022-10-12T23:40:08.968484:Chris Rorden's dcm2niiX version v1.0.20211006  GCC10.2.1 x86-64 (64-bit Linux)
INFO: stdout 2022-10-12T23:40:08.968484:Found 138 DICOM file(s)
INFO: stdout 2022-10-12T23:40:08.968484:Warning: Slice timing appears corrupted (range 0..5360, TR=1090 ms)
INFO: stdout 2022-10-12T23:40:08.968484:Convert 138 DICOM as /out/sub-voice957/ses-1/func/sub-voice957_ses-1_task-movie_run-1_bold_heudiconv768 (108x108x65x138)
INFO: stdout 2022-10-12T23:40:24.064337:Compress: "/usr/bin/pigz" -b 960 -n -f -6 "/out/sub-voice957/ses-1/func/sub-voice957_ses-1_task-movie_run-1_bold_heudiconv768.nii"
INFO: stdout 2022-10-12T23:40:24.064337:Conversion required 15.616812 seconds (0.444717 for core code).
INFO: [Node] Finished "convert", elapsed time 15.701878s.
INFO: Post-treating /out/sub-voice957/ses-1/func/sub-voice957_ses-1_task-movie_run-1_bold.json file
INFO: Populating template files under /out/
INFO: PROCESSING DONE: {'subject': 'voice957', 'outdir': '/out/', 'session': '1'}
