INFO: Running heudiconv version 0.11.3+d20220512 latest 0.11.4
INFO: Need to process 1 study sessions
INFO: PROCESSING STARTS: {'subject': 'voice999', 'outdir': '/out/', 'session': '1'}
INFO: Processing 2084 dicoms
INFO: Analyzing 2084 dicoms
INFO: Generated sequence info for 19 accession numbers with 2084 entries total
INFO: Doing conversion using dcm2niix
INFO: Converting /out/sub-voice999/ses-1/anat/sub-voice999_ses-1_run-1_T1w (176 DICOMs) -> /out/sub-voice999/ses-1/anat . Converter: dcm2niix . Output types: ('nii.gz',)
WARNING: A newer version (1.8.4) of nipy/nipype is available. You are using 1.8.0
INFO: [Node] Setting-up "convert" in "/tmp/dcm2niixsx7jpcwd/convert".
INFO: [Node] Executing "convert" <nipype.interfaces.dcm2nii.Dcm2niix>
INFO: stdout 2022-10-12T23:43:57.580539:Chris Rorden's dcm2niiX version v1.0.20211006  GCC10.2.1 x86-64 (64-bit Linux)
INFO: stdout 2022-10-12T23:43:57.580539:Found 176 DICOM file(s)
INFO: stdout 2022-10-12T23:43:57.580539:Convert 176 DICOM as /out/sub-voice999/ses-1/anat/sub-voice999_ses-1_run-1_T1w_heudiconv941 (256x256x176x1)
INFO: stdout 2022-10-12T23:43:59.318253:Compress: "/usr/bin/pigz" -b 960 -n -f -6 "/out/sub-voice999/ses-1/anat/sub-voice999_ses-1_run-1_T1w_heudiconv941.nii"
INFO: stdout 2022-10-12T23:43:59.318253:Conversion required 2.501314 seconds (0.284876 for core code).
INFO: [Node] Finished "convert", elapsed time 2.548005s.
WARNING: Failed to find task field in /out/sub-voice999/ses-1/anat/sub-voice999_ses-1_run-1_T1w.json.
INFO: Post-treating /out/sub-voice999/ses-1/anat/sub-voice999_ses-1_run-1_T1w.json file
INFO: Converting /out/sub-voice999/ses-1/func/sub-voice999_ses-1_task-pataka_run-1_bold (132 DICOMs) -> /out/sub-voice999/ses-1/func . Converter: dcm2niix . Output types: ('nii.gz',)
INFO: [Node] Setting-up "convert" in "/tmp/dcm2niix988gywgw/convert".
INFO: [Node] Executing "convert" <nipype.interfaces.dcm2nii.Dcm2niix>
INFO: stdout 2022-10-12T23:44:00.000626:Chris Rorden's dcm2niiX version v1.0.20211006  GCC10.2.1 x86-64 (64-bit Linux)
INFO: stdout 2022-10-12T23:44:00.000626:Found 132 DICOM file(s)
INFO: stdout 2022-10-12T23:44:00.000626:Warning: Slice timing appears corrupted (range 0..3135, TR=1640 ms)
INFO: stdout 2022-10-12T23:44:00.000626:Convert 132 DICOM as /out/sub-voice999/ses-1/func/sub-voice999_ses-1_task-pataka_run-1_bold_heudiconv160 (72x72x45x132)
INFO: stdout 2022-10-12T23:44:04.328500:Compress: "/usr/bin/pigz" -b 960 -n -f -6 "/out/sub-voice999/ses-1/func/sub-voice999_ses-1_task-pataka_run-1_bold_heudiconv160.nii"
INFO: stdout 2022-10-12T23:44:04.328500:Conversion required 4.687465 seconds (0.187780 for core code).
INFO: [Node] Finished "convert", elapsed time 4.7416350000000005s.
INFO: Post-treating /out/sub-voice999/ses-1/func/sub-voice999_ses-1_task-pataka_run-1_bold.json file
INFO: Converting /out/sub-voice999/ses-1/func/sub-voice999_ses-1_task-pataka_run-2_bold (176 DICOMs) -> /out/sub-voice999/ses-1/func . Converter: dcm2niix . Output types: ('nii.gz',)
INFO: [Node] Setting-up "convert" in "/tmp/dcm2niix1jtug_zj/convert".
INFO: [Node] Executing "convert" <nipype.interfaces.dcm2nii.Dcm2niix>
INFO: stdout 2022-10-12T23:44:05.208808:Chris Rorden's dcm2niiX version v1.0.20211006  GCC10.2.1 x86-64 (64-bit Linux)
INFO: stdout 2022-10-12T23:44:05.208808:Found 176 DICOM file(s)
INFO: stdout 2022-10-12T23:44:05.208808:Warning: Slice timing appears corrupted (range 0..3135, TR=1640 ms)
INFO: stdout 2022-10-12T23:44:05.208808:Convert 176 DICOM as /out/sub-voice999/ses-1/func/sub-voice999_ses-1_task-pataka_run-2_bold_heudiconv107 (72x72x45x176)
INFO: stdout 2022-10-12T23:44:10.161669:Compress: "/usr/bin/pigz" -b 960 -n -f -6 "/out/sub-voice999/ses-1/func/sub-voice999_ses-1_task-pataka_run-2_bold_heudiconv107.nii"
INFO: stdout 2022-10-12T23:44:10.161669:Conversion required 5.583506 seconds (0.205899 for core code).
INFO: [Node] Finished "convert", elapsed time 5.666528s.
INFO: Post-treating /out/sub-voice999/ses-1/func/sub-voice999_ses-1_task-pataka_run-2_bold.json file
INFO: Converting /out/sub-voice999/ses-1/func/sub-voice999_ses-1_task-pitchsent_run-1_bold (57 DICOMs) -> /out/sub-voice999/ses-1/func . Converter: dcm2niix . Output types: ('nii.gz',)
INFO: [Node] Setting-up "convert" in "/tmp/dcm2niix0nt24bg7/convert".
INFO: [Node] Executing "convert" <nipype.interfaces.dcm2nii.Dcm2niix>
INFO: stdout 2022-10-12T23:44:11.222621:Chris Rorden's dcm2niiX version v1.0.20211006  GCC10.2.1 x86-64 (64-bit Linux)
INFO: stdout 2022-10-12T23:44:11.222621:Found 57 DICOM file(s)
INFO: stdout 2022-10-12T23:44:11.222621:Warning: Slice timing appears corrupted (range 0..5357.5, TR=4000 ms)
INFO: stdout 2022-10-12T23:44:11.222621:Convert 57 DICOM as /out/sub-voice999/ses-1/func/sub-voice999_ses-1_task-pitchsent_run-1_bold_heudiconv503 (108x108x65x57)
INFO: stdout 2022-10-12T23:44:16.941402:Compress: "/usr/bin/pigz" -b 960 -n -f -6 "/out/sub-voice999/ses-1/func/sub-voice999_ses-1_task-pitchsent_run-1_bold_heudiconv503.nii"
INFO: stdout 2022-10-12T23:44:16.941402:Conversion required 6.126378 seconds (0.172662 for core code).
INFO: [Node] Finished "convert", elapsed time 6.199192s.
INFO: Post-treating /out/sub-voice999/ses-1/func/sub-voice999_ses-1_task-pitchsent_run-1_bold.json file
INFO: Converting /out/sub-voice999/ses-1/func/sub-voice999_ses-1_task-nwr_run-1_bold (42 DICOMs) -> /out/sub-voice999/ses-1/func . Converter: dcm2niix . Output types: ('nii.gz',)
INFO: [Node] Setting-up "convert" in "/tmp/dcm2niix7wqxu9bj/convert".
INFO: [Node] Executing "convert" <nipype.interfaces.dcm2nii.Dcm2niix>
INFO: stdout 2022-10-12T23:44:17.633546:Chris Rorden's dcm2niiX version v1.0.20211006  GCC10.2.1 x86-64 (64-bit Linux)
INFO: stdout 2022-10-12T23:44:17.633546:Found 42 DICOM file(s)
INFO: stdout 2022-10-12T23:44:17.633546:Warning: Slice timing appears corrupted (range 0..5360, TR=4000 ms)
INFO: stdout 2022-10-12T23:44:17.633546:Convert 42 DICOM as /out/sub-voice999/ses-1/func/sub-voice999_ses-1_task-nwr_run-1_bold_heudiconv891 (108x108x65x42)
INFO: stdout 2022-10-12T23:44:22.245165:Compress: "/usr/bin/pigz" -b 960 -n -f -6 "/out/sub-voice999/ses-1/func/sub-voice999_ses-1_task-nwr_run-1_bold_heudiconv891.nii"
INFO: stdout 2022-10-12T23:44:22.245165:Conversion required 4.907934 seconds (0.131791 for core code).
INFO: [Node] Finished "convert", elapsed time 4.985856s.
INFO: Post-treating /out/sub-voice999/ses-1/func/sub-voice999_ses-1_task-nwr_run-1_bold.json file
INFO: Converting /out/sub-voice999/ses-1/func/sub-voice999_ses-1_task-nwr_run-2_bold (42 DICOMs) -> /out/sub-voice999/ses-1/func . Converter: dcm2niix . Output types: ('nii.gz',)
INFO: [Node] Setting-up "convert" in "/tmp/dcm2niixeh8ir00u/convert".
INFO: [Node] Executing "convert" <nipype.interfaces.dcm2nii.Dcm2niix>
INFO: stdout 2022-10-12T23:44:23.412202:Chris Rorden's dcm2niiX version v1.0.20211006  GCC10.2.1 x86-64 (64-bit Linux)
INFO: stdout 2022-10-12T23:44:23.412202:Found 42 DICOM file(s)
INFO: stdout 2022-10-12T23:44:23.412202:Warning: Slice timing appears corrupted (range 0..5357.5, TR=4000 ms)
INFO: stdout 2022-10-12T23:44:23.412202:Convert 42 DICOM as /out/sub-voice999/ses-1/func/sub-voice999_ses-1_task-nwr_run-2_bold_heudiconv162 (108x108x65x42)
INFO: stdout 2022-10-12T23:44:28.160984:Compress: "/usr/bin/pigz" -b 960 -n -f -6 "/out/sub-voice999/ses-1/func/sub-voice999_ses-1_task-nwr_run-2_bold_heudiconv162.nii"
INFO: stdout 2022-10-12T23:44:28.160984:Conversion required 5.247674 seconds (0.159710 for core code).
INFO: [Node] Finished "convert", elapsed time 5.393167s.
INFO: Post-treating /out/sub-voice999/ses-1/func/sub-voice999_ses-1_task-nwr_run-2_bold.json file
INFO: Converting /out/sub-voice999/ses-1/func/sub-voice999_ses-1_task-facematch_run-1_bold (99 DICOMs) -> /out/sub-voice999/ses-1/func . Converter: dcm2niix . Output types: ('nii.gz',)
INFO: [Node] Setting-up "convert" in "/tmp/dcm2niixgkmzrvri/convert".
INFO: [Node] Executing "convert" <nipype.interfaces.dcm2nii.Dcm2niix>
INFO: stdout 2022-10-12T23:44:29.608586:Chris Rorden's dcm2niiX version v1.0.20211006  GCC10.2.1 x86-64 (64-bit Linux)
INFO: stdout 2022-10-12T23:44:29.608586:Found 99 DICOM file(s)
INFO: stdout 2022-10-12T23:44:29.608586:Warning: Slice timing appears corrupted (range 0..5357.5, TR=2000 ms)
INFO: stdout 2022-10-12T23:44:29.608586:Convert 99 DICOM as /out/sub-voice999/ses-1/func/sub-voice999_ses-1_task-facematch_run-1_bold_heudiconv894 (108x108x65x99)
INFO: stdout 2022-10-12T23:44:39.325680:Compress: "/usr/bin/pigz" -b 960 -n -f -6 "/out/sub-voice999/ses-1/func/sub-voice999_ses-1_task-facematch_run-1_bold_heudiconv894.nii"
INFO: stdout 2022-10-12T23:44:39.325680:Conversion required 10.576043 seconds (0.347074 for core code).
INFO: [Node] Finished "convert", elapsed time 10.656652s.
INFO: Post-treating /out/sub-voice999/ses-1/func/sub-voice999_ses-1_task-facematch_run-1_bold.json file
INFO: Converting /out/sub-voice999/ses-1/func/sub-voice999_ses-1_task-emosent_run-1_bold (42 DICOMs) -> /out/sub-voice999/ses-1/func . Converter: dcm2niix . Output types: ('nii.gz',)
INFO: [Node] Setting-up "convert" in "/tmp/dcm2niixm7658izd/convert".
INFO: [Node] Executing "convert" <nipype.interfaces.dcm2nii.Dcm2niix>
INFO: stdout 2022-10-12T23:44:40.565572:Chris Rorden's dcm2niiX version v1.0.20211006  GCC10.2.1 x86-64 (64-bit Linux)
INFO: stdout 2022-10-12T23:44:40.565572:Found 42 DICOM file(s)
INFO: stdout 2022-10-12T23:44:40.565572:Warning: Slice timing appears corrupted (range 0..5357.5, TR=4000 ms)
INFO: stdout 2022-10-12T23:44:40.565572:Convert 42 DICOM as /out/sub-voice999/ses-1/func/sub-voice999_ses-1_task-emosent_run-1_bold_heudiconv584 (108x108x65x42)
INFO: stdout 2022-10-12T23:44:44.941431:Compress: "/usr/bin/pigz" -b 960 -n -f -6 "/out/sub-voice999/ses-1/func/sub-voice999_ses-1_task-emosent_run-1_bold_heudiconv584.nii"
INFO: stdout 2022-10-12T23:44:44.941431:Conversion required 4.962605 seconds (0.171004 for core code).
INFO: [Node] Finished "convert", elapsed time 5.12826s.
INFO: Post-treating /out/sub-voice999/ses-1/func/sub-voice999_ses-1_task-emosent_run-1_bold.json file
WARNING: Existing lockfile found in /out/heudiconv.lock - waiting for the lock to be released. To set a timeout limit, set the HEUDICONV_FILELOCK_TIMEOUT environmental variable to a value in seconds. If this process hangs, it may require a manual deletion of the /out/heudiconv.lock.
INFO: Populating template files under /out/
ERROR: /out/sub-voice989/ses-1/func/sub-voice989_ses-1_task-pitchnw_run-1_bold.json is not a valid json file
WARNING: Caught Expecting value: line 1 column 1 (char 0). Will retry again
ERROR: /out/sub-voice989/ses-1/func/sub-voice989_ses-1_task-pitchnw_run-1_bold.json is not a valid json file
WARNING: Caught Expecting value: line 1 column 1 (char 0). Will retry again
ERROR: /out/sub-voice989/ses-1/func/sub-voice989_ses-1_task-pitchnw_run-1_bold.json is not a valid json file
WARNING: Caught Expecting value: line 1 column 1 (char 0). Will retry again
ERROR: /out/sub-voice989/ses-1/func/sub-voice989_ses-1_task-pitchnw_run-1_bold.json is not a valid json file
WARNING: Caught Expecting value: line 1 column 1 (char 0). Will retry again
ERROR: /out/sub-voice989/ses-1/func/sub-voice989_ses-1_task-pitchnw_run-1_bold.json is not a valid json file
WARNING: Caught Expecting value: line 1 column 1 (char 0). Will retry again
ERROR: /out/sub-voice989/ses-1/func/sub-voice989_ses-1_task-pitchnw_run-1_bold.json is not a valid json file
WARNING: Caught Expecting value: line 1 column 1 (char 0). Will retry again
ERROR: /out/sub-voice989/ses-1/func/sub-voice989_ses-1_task-pitchnw_run-1_bold.json is not a valid json file
WARNING: Caught Expecting value: line 1 column 1 (char 0). Will retry again
ERROR: /out/sub-voice989/ses-1/func/sub-voice989_ses-1_task-pitchnw_run-1_bold.json is not a valid json file
WARNING: Caught Expecting value: line 1 column 1 (char 0). Will retry again
ERROR: /out/sub-voice989/ses-1/func/sub-voice989_ses-1_task-pitchnw_run-1_bold.json is not a valid json file
WARNING: Caught Expecting value: line 1 column 1 (char 0). Will retry again
ERROR: /out/sub-voice989/ses-1/func/sub-voice989_ses-1_task-pitchnw_run-1_bold.json is not a valid json file
WARNING: Caught Expecting value: line 1 column 1 (char 0). Will retry again
INFO: PROCESSING DONE: {'subject': 'voice999', 'outdir': '/out/', 'session': '1'}
