Submitited subject: voice975
Submitted session: 1
Command:
singularity run -B /mindhive -B /om2/user/rfbrito/voice_depression/bids_conversion -B /om2/scratch/Wed/rfbrito/bids:/out /om2/user/rfbrito/containers/imaging/heudiconv_latest.sif -d /mindhive/xnat/dicom_storage/voice/dicom/{subject}/session001*/dicom/Trio*/*.dcm -o /out -f /om2/user/rfbrito/voice_depression/bids_conversion/heuristic.py -c dcm2niix -s voice975 -ss 1 --datalad -b --minmeta -g accession_number
['3-SMS5_rsfMRI_PA']
[{'item': '4-Spin_Echo_EPI_PA', 'dir': 'PA'}, {'item': '5-Spin_Echo_EPI_AP', 'dir': 'AP'}]
[{'item': '6-SMS2-diff_b1000_free_11b0_61dirs_PA', 'acq': 'PA'}, {'item': '11-SMS2-diff_b1000_free_4b0_AP', 'acq': 'AP'}]
['15-T1_MPRAGE_Ellison_4e_p2_1mm_iso']
[]
['20-PaTaKa_1_SMS5_Sparse_3x3x3_1640_1000ms', '21-PaTaKa_2_SMS5_Sparse_3x3x3_1640_1000ms']
['24-Sentences_1_SMS5_Sparse_2x2x2_4000_2900ms', '25-Sentences_2_SMS5_Sparse_2x2x2_4000_2900ms']
['28-Nonword_1_SMS5_Sparse_2x2x2_4000_2900ms', '29-Nonword_2_SMS5_Sparse_2x2x2_4000_2900ms', '30-Nonword_3_SMS5_Sparse_2x2x2_4000_2900ms']
['31-FaceMatch_1_SMS5_Sparse_2x2x2_2000_900ms', '32-FaceMatch_2_SMS5_Sparse_2x2x2_2000_900ms']
['35-EmoSent_1_SMS5_Sparse_2x2x2_4000_2900ms', '36-EmoSent_2_SMS5_Sparse_2x2x2_4000_2900ms']
['38-Vowels_1_SMS5_Sparse_2x2x2_4000_2900ms', '39-Vowels_2_SMS5_Sparse_2x2x2_4000_2900ms']
['40-PitchEmph_1_SMS5_Sparse_2x2x2_2000_900ms', '41-PitchEmph_2_SMS5_Sparse_2x2x2_2000_900ms']
['44-Movie_SMS5_rsfMRI_PA']
221007-20:00:25,589 nipype.utils WARNING:
	 A newer version (1.8.4) of nipy/nipype is available. You are using 1.8.0
221007-20:00:37,579 nipype.workflow INFO:
	 [Node] Setting-up "convert" in "/tmp/dcm2niixlc5erbze/convert".
221007-20:00:52,899 nipype.workflow INFO:
	 [Node] Executing "convert" <nipype.interfaces.dcm2nii.Dcm2niix>
221007-20:02:32,473 nipype.interface INFO:
	 stdout 2022-10-07T20:02:31.895570:Chris Rorden's dcm2niiX version v1.0.20211006  GCC10.2.1 x86-64 (64-bit Linux)
221007-20:02:33,213 nipype.interface INFO:
	 stdout 2022-10-07T20:02:31.895570:Found 300 DICOM file(s)
221007-20:02:33,363 nipype.interface INFO:
	 stdout 2022-10-07T20:02:31.895570:Warning: Slice timing appears corrupted (range 0..5360, TR=1090 ms)
221007-20:02:33,363 nipype.interface INFO:
	 stdout 2022-10-07T20:02:31.895570:Convert 300 DICOM as /out/sub-voice975/ses-1/func/sub-voice975_ses-1_task-rest_run-1_bold_heudiconv295 (108x108x65x300)
221007-20:02:59,92 nipype.interface INFO:
	 stdout 2022-10-07T20:02:59.078488:Compress: "/usr/bin/pigz" -b 960 -n -f -6 "/out/sub-voice975/ses-1/func/sub-voice975_ses-1_task-rest_run-1_bold_heudiconv295.nii"
221007-20:02:59,228 nipype.interface INFO:
	 stdout 2022-10-07T20:02:59.078488:Conversion required 121.114922 seconds (9.449713 for core code).
221007-20:03:01,75 nipype.workflow INFO:
	 [Node] Finished "convert", elapsed time 124.939853s.
221007-20:03:12,172 nipype.workflow INFO:
	 [Node] Setting-up "convert" in "/tmp/dcm2niix79g_pg5q/convert".
221007-20:03:33,624 nipype.workflow INFO:
	 [Node] Executing "convert" <nipype.interfaces.dcm2nii.Dcm2niix>
221007-20:04:17,613 nipype.interface INFO:
	 stdout 2022-10-07T20:04:17.462096:Chris Rorden's dcm2niiX version v1.0.20211006  GCC10.2.1 x86-64 (64-bit Linux)
221007-20:04:18,14 nipype.interface INFO:
	 stdout 2022-10-07T20:04:17.462096:Found 260 DICOM file(s)
221007-20:04:18,322 nipype.interface INFO:
	 stdout 2022-10-07T20:04:17.462096:Convert 260 DICOM as /out/sub-voice975/ses-1/fmap/sub-voice975_ses-1_acq-func_dir-PA_run-1_epi_heudiconv743 (108x108x65x4)
221007-20:04:19,204 nipype.interface INFO:
	 stdout 2022-10-07T20:04:18.989639:Compress: "/usr/bin/pigz" -b 960 -n -f -6 "/out/sub-voice975/ses-1/fmap/sub-voice975_ses-1_acq-func_dir-PA_run-1_epi_heudiconv743.nii"
221007-20:04:19,205 nipype.interface INFO:
	 stdout 2022-10-07T20:04:18.989639:Conversion required 40.617179 seconds (3.366108 for core code).
221007-20:04:21,218 nipype.workflow INFO:
	 [Node] Finished "convert", elapsed time 46.438852s.
221007-20:04:22,732 nipype.workflow INFO:
	 [Node] Setting-up "convert" in "/tmp/dcm2niixj01q7u3_/convert".
221007-20:04:22,951 nipype.workflow INFO:
	 [Node] Executing "convert" <nipype.interfaces.dcm2nii.Dcm2niix>
221007-20:04:32,585 nipype.interface INFO:
	 stdout 2022-10-07T20:04:31.083076:Chris Rorden's dcm2niiX version v1.0.20211006  GCC10.2.1 x86-64 (64-bit Linux)
221007-20:04:32,751 nipype.interface INFO:
	 stdout 2022-10-07T20:04:31.083076:Found 260 DICOM file(s)
221007-20:04:32,935 nipype.interface INFO:
	 stdout 2022-10-07T20:04:31.083076:Convert 260 DICOM as /out/sub-voice975/ses-1/fmap/sub-voice975_ses-1_acq-func_dir-AP_run-2_epi_heudiconv293 (108x108x65x4)
221007-20:04:33,234 nipype.interface INFO:
	 stdout 2022-10-07T20:04:33.234277:Compress: "/usr/bin/pigz" -b 960 -n -f -6 "/out/sub-voice975/ses-1/fmap/sub-voice975_ses-1_acq-func_dir-AP_run-2_epi_heudiconv293.nii"
221007-20:04:33,234 nipype.interface INFO:
	 stdout 2022-10-07T20:04:33.234277:Conversion required 9.525730 seconds (1.538264 for core code).
221007-20:04:34,808 nipype.workflow INFO:
	 [Node] Finished "convert", elapsed time 11.733538s.
221007-20:04:37,696 nipype.workflow INFO:
	 [Node] Setting-up "convert" in "/tmp/dcm2niixc9w8l88z/convert".
221007-20:04:38,108 nipype.workflow INFO:
	 [Node] Executing "convert" <nipype.interfaces.dcm2nii.Dcm2niix>
221007-20:04:52,763 nipype.interface INFO:
	 stdout 2022-10-07T20:04:52.715482:Chris Rorden's dcm2niiX version v1.0.20211006  GCC10.2.1 x86-64 (64-bit Linux)
221007-20:04:53,463 nipype.interface INFO:
	 stdout 2022-10-07T20:04:52.715482:Found 72 DICOM file(s)
221007-20:04:53,549 nipype.interface INFO:
	 stdout 2022-10-07T20:04:52.715482:Warning: Slice timing appears corrupted (range 0..8.63999e+07, TR=4400 ms)
221007-20:04:53,753 nipype.interface INFO:
	 stdout 2022-10-07T20:04:52.715482:Convert 72 DICOM as /out/sub-voice975/ses-1/dwi/sub-voice975_ses-1_acq-PA_dwi_heudiconv970 (120x120x66x72)
221007-20:05:01,182 nipype.interface INFO:
	 stdout 2022-10-07T20:05:01.166621:Compress: "/usr/bin/pigz" -b 960 -n -f -6 "/out/sub-voice975/ses-1/dwi/sub-voice975_ses-1_acq-PA_dwi_heudiconv970.nii"
221007-20:05:01,363 nipype.interface INFO:
	 stdout 2022-10-07T20:05:01.166621:Conversion required 21.818393 seconds (1.305431 for core code).
221007-20:05:02,385 nipype.workflow INFO:
	 [Node] Finished "convert", elapsed time 24.12404s.
221007-20:05:04,260 nipype.workflow INFO:
	 [Node] Setting-up "convert" in "/tmp/dcm2niixmmglqafj/convert".
221007-20:05:05,42 nipype.workflow INFO:
	 [Node] Executing "convert" <nipype.interfaces.dcm2nii.Dcm2niix>
221007-20:05:10,190 nipype.interface INFO:
	 stdout 2022-10-07T20:05:09.908814:Chris Rorden's dcm2niiX version v1.0.20211006  GCC10.2.1 x86-64 (64-bit Linux)
221007-20:05:10,629 nipype.interface INFO:
	 stdout 2022-10-07T20:05:09.908814:Found 7 DICOM file(s)
221007-20:05:10,632 nipype.interface INFO:
	 stdout 2022-10-07T20:05:09.908814:Warning: Slice timing appears corrupted (range 0..8.63999e+07, TR=4400 ms)
221007-20:05:10,632 nipype.interface INFO:
	 stdout 2022-10-07T20:05:09.908814:Convert 7 DICOM as /out/sub-voice975/ses-1/dwi/sub-voice975_ses-1_acq-AP_dwi_heudiconv472 (120x120x66x7)
221007-20:05:12,406 nipype.interface INFO:
	 stdout 2022-10-07T20:05:12.358159:Compress: "/usr/bin/pigz" -b 960 -n -f -6 "/out/sub-voice975/ses-1/dwi/sub-voice975_ses-1_acq-AP_dwi_heudiconv472.nii"
221007-20:05:12,435 nipype.interface INFO:
	 stdout 2022-10-07T20:05:12.358159:Conversion required 4.377558 seconds (0.133542 for core code).
221007-20:05:13,101 nipype.workflow INFO:
	 [Node] Finished "convert", elapsed time 6.907072s.
221007-20:05:15,18 nipype.workflow INFO:
	 [Node] Setting-up "convert" in "/tmp/dcm2niix1cx_y_j_/convert".
221007-20:05:15,275 nipype.workflow INFO:
	 [Node] Executing "convert" <nipype.interfaces.dcm2nii.Dcm2niix>
221007-20:05:20,706 nipype.interface INFO:
	 stdout 2022-10-07T20:05:20.653774:Chris Rorden's dcm2niiX version v1.0.20211006  GCC10.2.1 x86-64 (64-bit Linux)
221007-20:05:20,943 nipype.interface INFO:
	 stdout 2022-10-07T20:05:20.653774:Found 176 DICOM file(s)
221007-20:05:21,315 nipype.interface INFO:
	 stdout 2022-10-07T20:05:20.653774:Convert 176 DICOM as /out/sub-voice975/ses-1/anat/sub-voice975_ses-1_run-1_T1w_heudiconv995 (256x256x176x1)
221007-20:05:22,336 nipype.interface INFO:
	 stdout 2022-10-07T20:05:22.336807:Compress: "/usr/bin/pigz" -b 960 -n -f -6 "/out/sub-voice975/ses-1/anat/sub-voice975_ses-1_run-1_T1w_heudiconv995.nii"
221007-20:05:22,337 nipype.interface INFO:
	 stdout 2022-10-07T20:05:22.336807:Conversion required 6.473604 seconds (1.056834 for core code).
221007-20:05:24,578 nipype.workflow INFO:
	 [Node] Finished "convert", elapsed time 7.6834050000000005s.
221007-20:05:31,818 nipype.workflow INFO:
	 [Node] Setting-up "convert" in "/tmp/dcm2niix1qwycerj/convert".
221007-20:05:33,160 nipype.workflow INFO:
	 [Node] Executing "convert" <nipype.interfaces.dcm2nii.Dcm2niix>
221007-20:06:16,64 nipype.interface INFO:
	 stdout 2022-10-07T20:06:16.003262:Chris Rorden's dcm2niiX version v1.0.20211006  GCC10.2.1 x86-64 (64-bit Linux)
221007-20:06:16,700 nipype.interface INFO:
	 stdout 2022-10-07T20:06:16.003262:Found 207 DICOM file(s)
221007-20:06:16,703 nipype.interface INFO:
	 stdout 2022-10-07T20:06:16.003262:Warning: Slice timing appears corrupted (range 0..3135, TR=1640 ms)
221007-20:06:16,703 nipype.interface INFO:
	 stdout 2022-10-07T20:06:16.003262:Convert 207 DICOM as /out/sub-voice975/ses-1/func/sub-voice975_ses-1_task-pataka_run-1_bold_heudiconv028 (72x72x45x207)
221007-20:06:22,818 nipype.interface INFO:
	 stdout 2022-10-07T20:06:22.798768:Compress: "/usr/bin/pigz" -b 960 -n -f -6 "/out/sub-voice975/ses-1/func/sub-voice975_ses-1_task-pataka_run-1_bold_heudiconv028.nii"
221007-20:06:23,185 nipype.interface INFO:
	 stdout 2022-10-07T20:06:22.798768:Conversion required 49.017257 seconds (4.721697 for core code).
221007-20:06:23,652 nipype.workflow INFO:
	 [Node] Finished "convert", elapsed time 50.437695s.
221007-20:06:26,983 nipype.workflow INFO:
	 [Node] Setting-up "convert" in "/tmp/dcm2niixo1t6hofw/convert".
221007-20:06:27,392 nipype.workflow INFO:
	 [Node] Executing "convert" <nipype.interfaces.dcm2nii.Dcm2niix>
221007-20:06:52,337 nipype.interface INFO:
	 stdout 2022-10-07T20:06:52.212117:Chris Rorden's dcm2niiX version v1.0.20211006  GCC10.2.1 x86-64 (64-bit Linux)
221007-20:06:53,163 nipype.interface INFO:
	 stdout 2022-10-07T20:06:52.212117:Found 207 DICOM file(s)
221007-20:06:53,963 nipype.interface INFO:
	 stdout 2022-10-07T20:06:52.212117:Warning: Slice timing appears corrupted (range 0..3135, TR=1640 ms)
221007-20:06:54,89 nipype.interface INFO:
	 stdout 2022-10-07T20:06:52.212117:Convert 207 DICOM as /out/sub-voice975/ses-1/func/sub-voice975_ses-1_task-pataka_run-2_bold_heudiconv636 (72x72x45x207)
221007-20:06:59,743 nipype.interface INFO:
	 stdout 2022-10-07T20:06:59.427808:Compress: "/usr/bin/pigz" -b 960 -n -f -6 "/out/sub-voice975/ses-1/func/sub-voice975_ses-1_task-pataka_run-2_bold_heudiconv636.nii"
221007-20:07:01,211 nipype.interface INFO:
	 stdout 2022-10-07T20:06:59.427808:Conversion required 31.223992 seconds (2.422973 for core code).
221007-20:07:02,802 nipype.workflow INFO:
	 [Node] Finished "convert", elapsed time 35.217944s.
221007-20:07:08,948 nipype.workflow INFO:
	 [Node] Setting-up "convert" in "/tmp/dcm2niix3_xtvx5h/convert".
221007-20:07:09,481 nipype.workflow INFO:
	 [Node] Executing "convert" <nipype.interfaces.dcm2nii.Dcm2niix>
221007-20:07:21,680 nipype.interface INFO:
	 stdout 2022-10-07T20:07:21.669929:Chris Rorden's dcm2niiX version v1.0.20211006  GCC10.2.1 x86-64 (64-bit Linux)
221007-20:07:22,47 nipype.interface INFO:
	 stdout 2022-10-07T20:07:21.669929:Found 64 DICOM file(s)
221007-20:07:22,454 nipype.interface INFO:
	 stdout 2022-10-07T20:07:21.669929:Warning: Slice timing appears corrupted (range 0..5360, TR=4000 ms)
221007-20:07:22,687 nipype.interface INFO:
	 stdout 2022-10-07T20:07:21.669929:Convert 64 DICOM as /out/sub-voice975/ses-1/func/sub-voice975_ses-1_task-pitchsent_run-1_bold_heudiconv204 (108x108x65x64)
221007-20:07:27,880 nipype.interface INFO:
	 stdout 2022-10-07T20:07:27.877621:Compress: "/usr/bin/pigz" -b 960 -n -f -6 "/out/sub-voice975/ses-1/func/sub-voice975_ses-1_task-pitchsent_run-1_bold_heudiconv204.nii"
221007-20:07:28,215 nipype.interface INFO:
	 stdout 2022-10-07T20:07:27.877621:Conversion required 17.622409 seconds (0.667519 for core code).
221007-20:07:28,786 nipype.workflow INFO:
	 [Node] Finished "convert", elapsed time 19.192064s.
221007-20:07:30,415 nipype.workflow INFO:
	 [Node] Setting-up "convert" in "/tmp/dcm2niix5r_5gsvu/convert".
221007-20:07:30,732 nipype.workflow INFO:
	 [Node] Executing "convert" <nipype.interfaces.dcm2nii.Dcm2niix>
221007-20:07:40,19 nipype.interface INFO:
	 stdout 2022-10-07T20:07:39.833518:Chris Rorden's dcm2niiX version v1.0.20211006  GCC10.2.1 x86-64 (64-bit Linux)
221007-20:07:40,932 nipype.interface INFO:
	 stdout 2022-10-07T20:07:39.833518:Found 64 DICOM file(s)
221007-20:07:41,112 nipype.interface INFO:
	 stdout 2022-10-07T20:07:39.833518:Warning: Slice timing appears corrupted (range 0..5357.5, TR=4000 ms)
221007-20:07:41,112 nipype.interface INFO:
	 stdout 2022-10-07T20:07:39.833518:Convert 64 DICOM as /out/sub-voice975/ses-1/func/sub-voice975_ses-1_task-pitchsent_run-2_bold_heudiconv455 (108x108x65x64)
221007-20:07:46,297 nipype.interface INFO:
	 stdout 2022-10-07T20:07:46.287065:Compress: "/usr/bin/pigz" -b 960 -n -f -6 "/out/sub-voice975/ses-1/func/sub-voice975_ses-1_task-pitchsent_run-2_bold_heudiconv455.nii"
221007-20:07:46,392 nipype.interface INFO:
	 stdout 2022-10-07T20:07:46.287065:Conversion required 14.818619 seconds (0.615923 for core code).
221007-20:07:47,164 nipype.workflow INFO:
	 [Node] Finished "convert", elapsed time 16.351979s.
221007-20:07:49,375 nipype.workflow INFO:
	 [Node] Setting-up "convert" in "/tmp/dcm2niix61uml57y/convert".
221007-20:07:49,835 nipype.workflow INFO:
	 [Node] Executing "convert" <nipype.interfaces.dcm2nii.Dcm2niix>
221007-20:07:57,689 nipype.interface INFO:
	 stdout 2022-10-07T20:07:57.517497:Chris Rorden's dcm2niiX version v1.0.20211006  GCC10.2.1 x86-64 (64-bit Linux)
221007-20:07:58,372 nipype.interface INFO:
	 stdout 2022-10-07T20:07:57.517497:Found 42 DICOM file(s)
221007-20:07:58,526 nipype.interface INFO:
	 stdout 2022-10-07T20:07:57.517497:Warning: Slice timing appears corrupted (range 0..5357.5, TR=4000 ms)
221007-20:07:58,579 nipype.interface INFO:
	 stdout 2022-10-07T20:07:57.517497:Convert 42 DICOM as /out/sub-voice975/ses-1/func/sub-voice975_ses-1_task-nwr_run-1_bold_heudiconv530 (108x108x65x42)
221007-20:08:01,867 nipype.interface INFO:
	 stdout 2022-10-07T20:08:01.863509:Compress: "/usr/bin/pigz" -b 960 -n -f -6 "/out/sub-voice975/ses-1/func/sub-voice975_ses-1_task-nwr_run-1_bold_heudiconv530.nii"
221007-20:08:02,124 nipype.interface INFO:
	 stdout 2022-10-07T20:08:01.863509:Conversion required 11.285761 seconds (0.532167 for core code).
221007-20:08:02,718 nipype.workflow INFO:
	 [Node] Finished "convert", elapsed time 12.752778s.
221007-20:08:04,939 nipype.workflow INFO:
	 [Node] Setting-up "convert" in "/tmp/dcm2niix2q7ee7sj/convert".
221007-20:08:05,73 nipype.workflow INFO:
	 [Node] Executing "convert" <nipype.interfaces.dcm2nii.Dcm2niix>
221007-20:08:16,377 nipype.interface INFO:
	 stdout 2022-10-07T20:08:16.193161:Chris Rorden's dcm2niiX version v1.0.20211006  GCC10.2.1 x86-64 (64-bit Linux)
221007-20:08:18,292 nipype.interface INFO:
	 stdout 2022-10-07T20:08:16.193161:Found 42 DICOM file(s)
221007-20:08:18,367 nipype.interface INFO:
	 stdout 2022-10-07T20:08:16.193161:Warning: Slice timing appears corrupted (range 0..5360, TR=4000 ms)
221007-20:08:18,367 nipype.interface INFO:
	 stdout 2022-10-07T20:08:16.193161:Convert 42 DICOM as /out/sub-voice975/ses-1/func/sub-voice975_ses-1_task-nwr_run-2_bold_heudiconv263 (108x108x65x42)
221007-20:08:22,25 nipype.interface INFO:
	 stdout 2022-10-07T20:08:22.020680:Compress: "/usr/bin/pigz" -b 960 -n -f -6 "/out/sub-voice975/ses-1/func/sub-voice975_ses-1_task-nwr_run-2_bold_heudiconv263.nii"
221007-20:08:22,533 nipype.interface INFO:
	 stdout 2022-10-07T20:08:22.020680:Conversion required 16.029257 seconds (0.463353 for core code).
221007-20:08:23,212 nipype.workflow INFO:
	 [Node] Finished "convert", elapsed time 18.076071s.
221007-20:08:26,164 nipype.workflow INFO:
	 [Node] Setting-up "convert" in "/tmp/dcm2niixotzgko2c/convert".
221007-20:08:26,725 nipype.workflow INFO:
	 [Node] Executing "convert" <nipype.interfaces.dcm2nii.Dcm2niix>
221007-20:08:33,506 nipype.interface INFO:
	 stdout 2022-10-07T20:08:33.424908:Chris Rorden's dcm2niiX version v1.0.20211006  GCC10.2.1 x86-64 (64-bit Linux)
221007-20:08:33,956 nipype.interface INFO:
	 stdout 2022-10-07T20:08:33.424908:Found 42 DICOM file(s)
221007-20:08:34,220 nipype.interface INFO:
	 stdout 2022-10-07T20:08:33.424908:Warning: Slice timing appears corrupted (range 0..5357.5, TR=4000 ms)
221007-20:08:34,220 nipype.interface INFO:
	 stdout 2022-10-07T20:08:33.424908:Convert 42 DICOM as /out/sub-voice975/ses-1/func/sub-voice975_ses-1_task-nwr_run-3_bold_heudiconv248 (108x108x65x42)
221007-20:08:37,628 nipype.interface INFO:
	 stdout 2022-10-07T20:08:37.624046:Compress: "/usr/bin/pigz" -b 960 -n -f -6 "/out/sub-voice975/ses-1/func/sub-voice975_ses-1_task-nwr_run-3_bold_heudiconv248.nii"
221007-20:08:37,822 nipype.interface INFO:
	 stdout 2022-10-07T20:08:37.624046:Conversion required 9.971636 seconds (0.595635 for core code).
221007-20:08:38,540 nipype.workflow INFO:
	 [Node] Finished "convert", elapsed time 11.657035s.
221007-20:08:43,233 nipype.workflow INFO:
	 [Node] Setting-up "convert" in "/tmp/dcm2niix5yiza_ks/convert".
221007-20:08:44,666 nipype.workflow INFO:
	 [Node] Executing "convert" <nipype.interfaces.dcm2nii.Dcm2niix>
221007-20:09:00,865 nipype.interface INFO:
	 stdout 2022-10-07T20:09:00.772776:Chris Rorden's dcm2niiX version v1.0.20211006  GCC10.2.1 x86-64 (64-bit Linux)
221007-20:09:01,235 nipype.interface INFO:
	 stdout 2022-10-07T20:09:00.772776:Found 99 DICOM file(s)
221007-20:09:01,415 nipype.interface INFO:
	 stdout 2022-10-07T20:09:00.772776:Warning: Slice timing appears corrupted (range 0..5357.5, TR=2000 ms)
221007-20:09:01,415 nipype.interface INFO:
	 stdout 2022-10-07T20:09:00.772776:Convert 99 DICOM as /out/sub-voice975/ses-1/func/sub-voice975_ses-1_task-facematch_run-1_bold_heudiconv363 (108x108x65x99)
221007-20:09:09,996 nipype.interface INFO:
	 stdout 2022-10-07T20:09:09.974835:Compress: "/usr/bin/pigz" -b 960 -n -f -6 "/out/sub-voice975/ses-1/func/sub-voice975_ses-1_task-facematch_run-1_bold_heudiconv363.nii"
221007-20:09:10,458 nipype.interface INFO:
	 stdout 2022-10-07T20:09:09.974835:Conversion required 23.811590 seconds (1.345779 for core code).
221007-20:09:10,941 nipype.workflow INFO:
	 [Node] Finished "convert", elapsed time 26.230062s.
221007-20:09:16,694 nipype.workflow INFO:
	 [Node] Setting-up "convert" in "/tmp/dcm2niixk77d6c47/convert".
221007-20:09:17,464 nipype.workflow INFO:
	 [Node] Executing "convert" <nipype.interfaces.dcm2nii.Dcm2niix>
221007-20:09:34,406 nipype.interface INFO:
	 stdout 2022-10-07T20:09:34.325847:Chris Rorden's dcm2niiX version v1.0.20211006  GCC10.2.1 x86-64 (64-bit Linux)
221007-20:09:34,734 nipype.interface INFO:
	 stdout 2022-10-07T20:09:34.325847:Found 99 DICOM file(s)
221007-20:09:35,142 nipype.interface INFO:
	 stdout 2022-10-07T20:09:34.325847:Warning: Slice timing appears corrupted (range 0..5357.5, TR=2000 ms)
221007-20:09:35,142 nipype.interface INFO:
	 stdout 2022-10-07T20:09:34.325847:Convert 99 DICOM as /out/sub-voice975/ses-1/func/sub-voice975_ses-1_task-facematch_run-2_bold_heudiconv532 (108x108x65x99)
221007-20:09:44,67 nipype.interface INFO:
	 stdout 2022-10-07T20:09:44.062856:Compress: "/usr/bin/pigz" -b 960 -n -f -6 "/out/sub-voice975/ses-1/func/sub-voice975_ses-1_task-facematch_run-2_bold_heudiconv532.nii"
221007-20:09:44,133 nipype.interface INFO:
	 stdout 2022-10-07T20:09:44.062856:Conversion required 25.977631 seconds (1.619370 for core code).
221007-20:09:44,737 nipype.workflow INFO:
	 [Node] Finished "convert", elapsed time 26.973008s.
221007-20:09:52,650 nipype.workflow INFO:
	 [Node] Setting-up "convert" in "/tmp/dcm2niix_k8zii94/convert".
221007-20:09:53,291 nipype.workflow INFO:
	 [Node] Executing "convert" <nipype.interfaces.dcm2nii.Dcm2niix>
221007-20:10:06,433 nipype.interface INFO:
	 stdout 2022-10-07T20:10:06.426144:Chris Rorden's dcm2niiX version v1.0.20211006  GCC10.2.1 x86-64 (64-bit Linux)
221007-20:10:06,930 nipype.interface INFO:
	 stdout 2022-10-07T20:10:06.426144:Found 48 DICOM file(s)
221007-20:10:07,373 nipype.interface INFO:
	 stdout 2022-10-07T20:10:06.426144:Warning: Slice timing appears corrupted (range 0..5357.5, TR=4000 ms)
221007-20:10:07,373 nipype.interface INFO:
	 stdout 2022-10-07T20:10:06.426144:Convert 48 DICOM as /out/sub-voice975/ses-1/func/sub-voice975_ses-1_task-emosent_run-1_bold_heudiconv294 (108x108x65x48)
221007-20:10:11,243 nipype.interface INFO:
	 stdout 2022-10-07T20:10:11.239477:Compress: "/usr/bin/pigz" -b 960 -n -f -6 "/out/sub-voice975/ses-1/func/sub-voice975_ses-1_task-emosent_run-1_bold_heudiconv294.nii"
221007-20:10:11,434 nipype.interface INFO:
	 stdout 2022-10-07T20:10:11.239477:Conversion required 16.157120 seconds (1.192575 for core code).
221007-20:10:12,198 nipype.workflow INFO:
	 [Node] Finished "convert", elapsed time 18.874323s.
221007-20:10:17,66 nipype.workflow INFO:
	 [Node] Setting-up "convert" in "/tmp/dcm2niixigrb_x0i/convert".
221007-20:10:17,792 nipype.workflow INFO:
	 [Node] Executing "convert" <nipype.interfaces.dcm2nii.Dcm2niix>
221007-20:10:25,797 nipype.interface INFO:
	 stdout 2022-10-07T20:10:25.697343:Chris Rorden's dcm2niiX version v1.0.20211006  GCC10.2.1 x86-64 (64-bit Linux)
221007-20:10:26,146 nipype.interface INFO:
	 stdout 2022-10-07T20:10:25.697343:Found 48 DICOM file(s)
221007-20:10:26,177 nipype.interface INFO:
	 stdout 2022-10-07T20:10:25.697343:Warning: Slice timing appears corrupted (range 0..5357.5, TR=4000 ms)
221007-20:10:26,348 nipype.interface INFO:
	 stdout 2022-10-07T20:10:25.697343:Convert 48 DICOM as /out/sub-voice975/ses-1/func/sub-voice975_ses-1_task-emosent_run-2_bold_heudiconv413 (108x108x65x48)
221007-20:10:30,551 nipype.interface INFO:
	 stdout 2022-10-07T20:10:30.547391:Compress: "/usr/bin/pigz" -b 960 -n -f -6 "/out/sub-voice975/ses-1/func/sub-voice975_ses-1_task-emosent_run-2_bold_heudiconv413.nii"
221007-20:10:30,851 nipype.interface INFO:
	 stdout 2022-10-07T20:10:30.547391:Conversion required 11.436127 seconds (0.672655 for core code).
221007-20:10:31,697 nipype.workflow INFO:
	 [Node] Finished "convert", elapsed time 13.853461s.
221007-20:10:37,853 nipype.workflow INFO:
	 [Node] Setting-up "convert" in "/tmp/dcm2niixdd8pv797/convert".
221007-20:10:38,562 nipype.workflow INFO:
	 [Node] Executing "convert" <nipype.interfaces.dcm2nii.Dcm2niix>
221007-20:10:51,939 nipype.interface INFO:
	 stdout 2022-10-07T20:10:51.873442:Chris Rorden's dcm2niiX version v1.0.20211006  GCC10.2.1 x86-64 (64-bit Linux)
221007-20:10:52,330 nipype.interface INFO:
	 stdout 2022-10-07T20:10:51.873442:Found 60 DICOM file(s)
221007-20:10:52,344 nipype.interface INFO:
	 stdout 2022-10-07T20:10:51.873442:Warning: Slice timing appears corrupted (range 0..5357.5, TR=4000 ms)
221007-20:10:52,344 nipype.interface INFO:
	 stdout 2022-10-07T20:10:51.873442:Convert 60 DICOM as /out/sub-voice975/ses-1/func/sub-voice975_ses-1_task-vowel_run-1_bold_heudiconv022 (108x108x65x60)
221007-20:10:58,376 nipype.interface INFO:
	 stdout 2022-10-07T20:10:58.261630:Compress: "/usr/bin/pigz" -b 960 -n -f -6 "/out/sub-voice975/ses-1/func/sub-voice975_ses-1_task-vowel_run-1_bold_heudiconv022.nii"
221007-20:10:58,791 nipype.interface INFO:
	 stdout 2022-10-07T20:10:58.261630:Conversion required 16.517138 seconds (1.047001 for core code).
221007-20:11:00,792 nipype.workflow INFO:
	 [Node] Finished "convert", elapsed time 21.964822s.
221007-20:11:14,673 nipype.workflow INFO:
	 [Node] Setting-up "convert" in "/tmp/dcm2niixdg0rq_4g/convert".
221007-20:11:15,577 nipype.workflow INFO:
	 [Node] Executing "convert" <nipype.interfaces.dcm2nii.Dcm2niix>
221007-20:11:35,184 nipype.interface INFO:
	 stdout 2022-10-07T20:11:35.124372:Chris Rorden's dcm2niiX version v1.0.20211006  GCC10.2.1 x86-64 (64-bit Linux)
221007-20:11:35,308 nipype.interface INFO:
	 stdout 2022-10-07T20:11:35.124372:Found 60 DICOM file(s)
221007-20:11:35,536 nipype.interface INFO:
	 stdout 2022-10-07T20:11:35.124372:Warning: Slice timing appears corrupted (range 0..5360, TR=4000 ms)
221007-20:11:36,20 nipype.interface INFO:
	 stdout 2022-10-07T20:11:35.124372:Convert 60 DICOM as /out/sub-voice975/ses-1/func/sub-voice975_ses-1_task-vowel_run-2_bold_heudiconv768 (108x108x65x60)
221007-20:11:41,45 nipype.interface INFO:
	 stdout 2022-10-07T20:11:41.012003:Compress: "/usr/bin/pigz" -b 960 -n -f -6 "/out/sub-voice975/ses-1/func/sub-voice975_ses-1_task-vowel_run-2_bold_heudiconv768.nii"
221007-20:11:41,543 nipype.interface INFO:
	 stdout 2022-10-07T20:11:41.012003:Conversion required 24.812137 seconds (0.834557 for core code).
221007-20:11:43,489 nipype.workflow INFO:
	 [Node] Finished "convert", elapsed time 27.771388s.
221007-20:11:52,358 nipype.workflow INFO:
	 [Node] Setting-up "convert" in "/tmp/dcm2niixjhwzry5g/convert".
221007-20:11:52,914 nipype.workflow INFO:
	 [Node] Executing "convert" <nipype.interfaces.dcm2nii.Dcm2niix>
221007-20:12:20,510 nipype.interface INFO:
	 stdout 2022-10-07T20:12:20.492623:Chris Rorden's dcm2niiX version v1.0.20211006  GCC10.2.1 x86-64 (64-bit Linux)
221007-20:12:21,124 nipype.interface INFO:
	 stdout 2022-10-07T20:12:20.492623:Found 101 DICOM file(s)
221007-20:12:21,380 nipype.interface INFO:
	 stdout 2022-10-07T20:12:20.492623:Warning: Slice timing appears corrupted (range 0..5357.5, TR=2000 ms)
221007-20:12:22,992 nipype.interface INFO:
	 stdout 2022-10-07T20:12:20.492623:Convert 101 DICOM as /out/sub-voice975/ses-1/func/sub-voice975_ses-1_task-pitchnw_run-1_bold_heudiconv552 (108x108x65x101)
221007-20:12:30,224 nipype.interface INFO:
	 stdout 2022-10-07T20:12:30.212346:Compress: "/usr/bin/pigz" -b 960 -n -f -6 "/out/sub-voice975/ses-1/func/sub-voice975_ses-1_task-pitchnw_run-1_bold_heudiconv552.nii"
221007-20:12:30,305 nipype.interface INFO:
	 stdout 2022-10-07T20:12:30.212346:Conversion required 36.422136 seconds (1.592676 for core code).
221007-20:12:30,740 nipype.workflow INFO:
	 [Node] Finished "convert", elapsed time 37.733205s.
221007-20:12:41,969 nipype.workflow INFO:
	 [Node] Setting-up "convert" in "/tmp/dcm2niixzqt6kqw9/convert".
221007-20:12:42,749 nipype.workflow INFO:
	 [Node] Executing "convert" <nipype.interfaces.dcm2nii.Dcm2niix>
221007-20:13:00,832 nipype.interface INFO:
	 stdout 2022-10-07T20:13:00.824254:Chris Rorden's dcm2niiX version v1.0.20211006  GCC10.2.1 x86-64 (64-bit Linux)
221007-20:13:02,488 nipype.interface INFO:
	 stdout 2022-10-07T20:13:00.824254:Found 101 DICOM file(s)
221007-20:13:02,885 nipype.interface INFO:
	 stdout 2022-10-07T20:13:00.824254:Warning: Slice timing appears corrupted (range 0..5360, TR=2000 ms)
221007-20:13:03,288 nipype.interface INFO:
	 stdout 2022-10-07T20:13:00.824254:Convert 101 DICOM as /out/sub-voice975/ses-1/func/sub-voice975_ses-1_task-pitchnw_run-2_bold_heudiconv624 (108x108x65x101)
221007-20:13:10,735 nipype.interface INFO:
	 stdout 2022-10-07T20:13:10.733055:Compress: "/usr/bin/pigz" -b 960 -n -f -6 "/out/sub-voice975/ses-1/func/sub-voice975_ses-1_task-pitchnw_run-2_bold_heudiconv624.nii"
221007-20:13:10,854 nipype.interface INFO:
	 stdout 2022-10-07T20:13:10.733055:Conversion required 27.333079 seconds (1.702298 for core code).
221007-20:13:11,394 nipype.workflow INFO:
	 [Node] Finished "convert", elapsed time 28.611251s.
221007-20:13:24,289 nipype.workflow INFO:
	 [Node] Setting-up "convert" in "/tmp/dcm2niixmm4xec1s/convert".
221007-20:13:25,107 nipype.workflow INFO:
	 [Node] Executing "convert" <nipype.interfaces.dcm2nii.Dcm2niix>
221007-20:14:00,781 nipype.interface INFO:
	 stdout 2022-10-07T20:14:00.602674:Chris Rorden's dcm2niiX version v1.0.20211006  GCC10.2.1 x86-64 (64-bit Linux)
221007-20:14:02,159 nipype.interface INFO:
	 stdout 2022-10-07T20:14:00.602674:Found 138 DICOM file(s)
221007-20:14:03,168 nipype.interface INFO:
	 stdout 2022-10-07T20:14:00.602674:Warning: Slice timing appears corrupted (range 0..5360, TR=1090 ms)
221007-20:14:03,510 nipype.interface INFO:
	 stdout 2022-10-07T20:14:00.602674:Convert 138 DICOM as /out/sub-voice975/ses-1/func/sub-voice975_ses-1_task-movie_run-1_bold_heudiconv949 (108x108x65x138)
221007-20:14:14,459 nipype.interface INFO:
	 stdout 2022-10-07T20:14:14.438458:Compress: "/usr/bin/pigz" -b 960 -n -f -6 "/out/sub-voice975/ses-1/func/sub-voice975_ses-1_task-movie_run-1_bold_heudiconv949.nii"
221007-20:14:14,997 nipype.interface INFO:
	 stdout 2022-10-07T20:14:14.438458:Conversion required 48.226625 seconds (3.431911 for core code).
221007-20:14:17,997 nipype.workflow INFO:
	 [Node] Finished "convert", elapsed time 52.615246s.
