INFO: Running heudiconv version 0.11.3+d20220512 latest 0.11.4
INFO: Need to process 1 study sessions
INFO: PROCESSING STARTS: {'subject': 'voice969', 'outdir': '/out/', 'session': '1'}
INFO: Processing 5141 dicoms
INFO: Analyzing 5141 dicoms
INFO: Generated sequence info for 49 accession numbers with 5141 entries total
INFO: Doing conversion using dcm2niix
INFO: Converting /out/sub-voice969/ses-1/func/sub-voice969_ses-1_task-rest_run-1_bold (300 DICOMs) -> /out/sub-voice969/ses-1/func . Converter: dcm2niix . Output types: ('nii.gz',)
WARNING: A newer version (1.8.4) of nipy/nipype is available. You are using 1.8.0
INFO: [Node] Setting-up "convert" in "/tmp/dcm2niixoaohukmx/convert".
INFO: [Node] Executing "convert" <nipype.interfaces.dcm2nii.Dcm2niix>
INFO: stdout 2022-10-12T23:41:08.184918:Chris Rorden's dcm2niiX version v1.0.20211006  GCC10.2.1 x86-64 (64-bit Linux)
INFO: stdout 2022-10-12T23:41:08.184918:Found 300 DICOM file(s)
INFO: stdout 2022-10-12T23:41:08.184918:Warning: Slice timing appears corrupted (range 0..5360, TR=1090 ms)
INFO: stdout 2022-10-12T23:41:08.184918:Convert 300 DICOM as /out/sub-voice969/ses-1/func/sub-voice969_ses-1_task-rest_run-1_bold_heudiconv302 (108x108x65x300)
INFO: stdout 2022-10-12T23:41:37.120383:Compress: "/usr/bin/pigz" -b 960 -n -f -6 "/out/sub-voice969/ses-1/func/sub-voice969_ses-1_task-rest_run-1_bold_heudiconv302.nii"
INFO: stdout 2022-10-12T23:41:37.120383:Conversion required 37.816428 seconds (3.424120 for core code).
INFO: [Node] Finished "convert", elapsed time 37.857074s.
INFO: Post-treating /out/sub-voice969/ses-1/func/sub-voice969_ses-1_task-rest_run-1_bold.json file
INFO: Converting /out/sub-voice969/ses-1/fmap/sub-voice969_ses-1_acq-func_dir-PA_run-1_epi (260 DICOMs) -> /out/sub-voice969/ses-1/fmap . Converter: dcm2niix . Output types: ('nii.gz',)
INFO: [Node] Setting-up "convert" in "/tmp/dcm2niix443uw4rm/convert".
INFO: [Node] Executing "convert" <nipype.interfaces.dcm2nii.Dcm2niix>
INFO: stdout 2022-10-12T23:41:42.946811:Chris Rorden's dcm2niiX version v1.0.20211006  GCC10.2.1 x86-64 (64-bit Linux)
INFO: stdout 2022-10-12T23:41:42.946811:Found 260 DICOM file(s)
INFO: stdout 2022-10-12T23:41:42.946811:Convert 260 DICOM as /out/sub-voice969/ses-1/fmap/sub-voice969_ses-1_acq-func_dir-PA_run-1_epi_heudiconv105 (108x108x65x4)
INFO: stdout 2022-10-12T23:41:43.572596:Compress: "/usr/bin/pigz" -b 960 -n -f -6 "/out/sub-voice969/ses-1/fmap/sub-voice969_ses-1_acq-func_dir-PA_run-1_epi_heudiconv105.nii"
INFO: stdout 2022-10-12T23:41:43.572596:Conversion required 5.847059 seconds (0.238927 for core code).
INFO: [Node] Finished "convert", elapsed time 5.931823s.
WARNING: Failed to find task field in /out/sub-voice969/ses-1/fmap/sub-voice969_ses-1_acq-func_dir-PA_run-1_epi.json.
INFO: Post-treating /out/sub-voice969/ses-1/fmap/sub-voice969_ses-1_acq-func_dir-PA_run-1_epi.json file
INFO: Converting /out/sub-voice969/ses-1/fmap/sub-voice969_ses-1_acq-func_dir-AP_run-2_epi (260 DICOMs) -> /out/sub-voice969/ses-1/fmap . Converter: dcm2niix . Output types: ('nii.gz',)
INFO: [Node] Setting-up "convert" in "/tmp/dcm2niixqf42nsv7/convert".
INFO: [Node] Executing "convert" <nipype.interfaces.dcm2nii.Dcm2niix>
INFO: stdout 2022-10-12T23:41:49.430933:Chris Rorden's dcm2niiX version v1.0.20211006  GCC10.2.1 x86-64 (64-bit Linux)
INFO: stdout 2022-10-12T23:41:49.430933:Found 260 DICOM file(s)
INFO: stdout 2022-10-12T23:41:49.430933:Convert 260 DICOM as /out/sub-voice969/ses-1/fmap/sub-voice969_ses-1_acq-func_dir-AP_run-2_epi_heudiconv968 (108x108x65x4)
INFO: stdout 2022-10-12T23:41:49.982480:Compress: "/usr/bin/pigz" -b 960 -n -f -6 "/out/sub-voice969/ses-1/fmap/sub-voice969_ses-1_acq-func_dir-AP_run-2_epi_heudiconv968.nii"
INFO: stdout 2022-10-12T23:41:49.982480:Conversion required 6.127329 seconds (0.212602 for core code).
INFO: [Node] Finished "convert", elapsed time 6.246117s.
WARNING: Failed to find task field in /out/sub-voice969/ses-1/fmap/sub-voice969_ses-1_acq-func_dir-AP_run-2_epi.json.
INFO: Post-treating /out/sub-voice969/ses-1/fmap/sub-voice969_ses-1_acq-func_dir-AP_run-2_epi.json file
INFO: Converting /out/sub-voice969/ses-1/dwi/sub-voice969_ses-1_acq-PA_dwi (72 DICOMs) -> /out/sub-voice969/ses-1/dwi . Converter: dcm2niix . Output types: ('nii.gz',)
INFO: [Node] Setting-up "convert" in "/tmp/dcm2niixhbgt_0kd/convert".
INFO: [Node] Executing "convert" <nipype.interfaces.dcm2nii.Dcm2niix>
INFO: stdout 2022-10-12T23:41:52.741646:Chris Rorden's dcm2niiX version v1.0.20211006  GCC10.2.1 x86-64 (64-bit Linux)
INFO: stdout 2022-10-12T23:41:52.741646:Found 72 DICOM file(s)
INFO: stdout 2022-10-12T23:41:52.741646:Warning: Slice timing appears corrupted (range 0..8.63999e+07, TR=4400 ms)
INFO: stdout 2022-10-12T23:41:52.741646:Convert 72 DICOM as /out/sub-voice969/ses-1/dwi/sub-voice969_ses-1_acq-PA_dwi_heudiconv584 (120x120x66x72)
INFO: stdout 2022-10-12T23:42:01.714815:Compress: "/usr/bin/pigz" -b 960 -n -f -6 "/out/sub-voice969/ses-1/dwi/sub-voice969_ses-1_acq-PA_dwi_heudiconv584.nii"
INFO: stdout 2022-10-12T23:42:01.714815:Conversion required 11.225176 seconds (0.619055 for core code).
INFO: [Node] Finished "convert", elapsed time 11.322226s.
WARNING: Failed to find task field in /out/sub-voice969/ses-1/dwi/sub-voice969_ses-1_acq-PA_dwi.json.
INFO: Post-treating /out/sub-voice969/ses-1/dwi/sub-voice969_ses-1_acq-PA_dwi.json file
INFO: Converting /out/sub-voice969/ses-1/dwi/sub-voice969_ses-1_acq-AP_dwi (7 DICOMs) -> /out/sub-voice969/ses-1/dwi . Converter: dcm2niix . Output types: ('nii.gz',)
INFO: [Node] Setting-up "convert" in "/tmp/dcm2niixn75kshhj/convert".
INFO: [Node] Executing "convert" <nipype.interfaces.dcm2nii.Dcm2niix>
INFO: stdout 2022-10-12T23:42:03.101433:Chris Rorden's dcm2niiX version v1.0.20211006  GCC10.2.1 x86-64 (64-bit Linux)
INFO: stdout 2022-10-12T23:42:03.101433:Found 7 DICOM file(s)
INFO: stdout 2022-10-12T23:42:03.101433:Warning: Slice timing appears corrupted (range 0..8.63999e+07, TR=4400 ms)
INFO: stdout 2022-10-12T23:42:03.101433:Convert 7 DICOM as /out/sub-voice969/ses-1/dwi/sub-voice969_ses-1_acq-AP_dwi_heudiconv276 (120x120x66x7)
INFO: stdout 2022-10-12T23:42:04.163004:Compress: "/usr/bin/pigz" -b 960 -n -f -6 "/out/sub-voice969/ses-1/dwi/sub-voice969_ses-1_acq-AP_dwi_heudiconv276.nii"
INFO: stdout 2022-10-12T23:42:04.163004:Conversion required 1.412675 seconds (0.052293 for core code).
INFO: [Node] Finished "convert", elapsed time 1.485725s.
WARNING: Failed to find task field in /out/sub-voice969/ses-1/dwi/sub-voice969_ses-1_acq-AP_dwi.json.
INFO: Post-treating /out/sub-voice969/ses-1/dwi/sub-voice969_ses-1_acq-AP_dwi.json file
INFO: Converting /out/sub-voice969/ses-1/anat/sub-voice969_ses-1_run-1_T1w (176 DICOMs) -> /out/sub-voice969/ses-1/anat . Converter: dcm2niix . Output types: ('nii.gz',)
INFO: [Node] Setting-up "convert" in "/tmp/dcm2niixtr_712l1/convert".
INFO: [Node] Executing "convert" <nipype.interfaces.dcm2nii.Dcm2niix>
INFO: stdout 2022-10-12T23:42:09.945937:Chris Rorden's dcm2niiX version v1.0.20211006  GCC10.2.1 x86-64 (64-bit Linux)
INFO: stdout 2022-10-12T23:42:09.945937:Found 176 DICOM file(s)
INFO: stdout 2022-10-12T23:42:09.945937:Convert 176 DICOM as /out/sub-voice969/ses-1/anat/sub-voice969_ses-1_run-1_T1w_heudiconv835 (256x256x176x1)
INFO: stdout 2022-10-12T23:42:12.253393:Compress: "/usr/bin/pigz" -b 960 -n -f -6 "/out/sub-voice969/ses-1/anat/sub-voice969_ses-1_run-1_T1w_heudiconv835.nii"
INFO: stdout 2022-10-12T23:42:12.253393:Conversion required 6.793029 seconds (0.348092 for core code).
INFO: [Node] Finished "convert", elapsed time 6.844208s.
WARNING: Failed to find task field in /out/sub-voice969/ses-1/anat/sub-voice969_ses-1_run-1_T1w.json.
INFO: Post-treating /out/sub-voice969/ses-1/anat/sub-voice969_ses-1_run-1_T1w.json file
INFO: Converting /out/sub-voice969/ses-1/anat/sub-voice969_ses-1_T2w (176 DICOMs) -> /out/sub-voice969/ses-1/anat . Converter: dcm2niix . Output types: ('nii.gz',)
INFO: [Node] Setting-up "convert" in "/tmp/dcm2niixsxhk7uaa/convert".
INFO: [Node] Executing "convert" <nipype.interfaces.dcm2nii.Dcm2niix>
INFO: stdout 2022-10-12T23:42:18.186334:Chris Rorden's dcm2niiX version v1.0.20211006  GCC10.2.1 x86-64 (64-bit Linux)
INFO: stdout 2022-10-12T23:42:18.186334:Found 176 DICOM file(s)
INFO: stdout 2022-10-12T23:42:18.186334:Convert 176 DICOM as /out/sub-voice969/ses-1/anat/sub-voice969_ses-1_T2w_heudiconv836 (256x256x176x1)
INFO: stdout 2022-10-12T23:42:19.862641:Compress: "/usr/bin/pigz" -b 960 -n -f -6 "/out/sub-voice969/ses-1/anat/sub-voice969_ses-1_T2w_heudiconv836.nii"
INFO: stdout 2022-10-12T23:42:19.862641:Conversion required 6.693668 seconds (0.253626 for core code).
INFO: [Node] Finished "convert", elapsed time 6.778351s.
WARNING: Failed to find task field in /out/sub-voice969/ses-1/anat/sub-voice969_ses-1_T2w.json.
INFO: Post-treating /out/sub-voice969/ses-1/anat/sub-voice969_ses-1_T2w.json file
INFO: Converting /out/sub-voice969/ses-1/func/sub-voice969_ses-1_task-pataka_run-1_bold (207 DICOMs) -> /out/sub-voice969/ses-1/func . Converter: dcm2niix . Output types: ('nii.gz',)
INFO: [Node] Setting-up "convert" in "/tmp/dcm2niix_e27_50c/convert".
INFO: [Node] Executing "convert" <nipype.interfaces.dcm2nii.Dcm2niix>
INFO: stdout 2022-10-12T23:42:26.864448:Chris Rorden's dcm2niiX version v1.0.20211006  GCC10.2.1 x86-64 (64-bit Linux)
INFO: stdout 2022-10-12T23:42:26.864448:Found 207 DICOM file(s)
INFO: stdout 2022-10-12T23:42:26.864448:Warning: Slice timing appears corrupted (range 0..3135, TR=1640 ms)
INFO: stdout 2022-10-12T23:42:26.864448:Convert 207 DICOM as /out/sub-voice969/ses-1/func/sub-voice969_ses-1_task-pataka_run-1_bold_heudiconv113 (72x72x45x207)
INFO: stdout 2022-10-12T23:42:34.038013:Compress: "/usr/bin/pigz" -b 960 -n -f -6 "/out/sub-voice969/ses-1/func/sub-voice969_ses-1_task-pataka_run-1_bold_heudiconv113.nii"
INFO: stdout 2022-10-12T23:42:34.038013:Conversion required 13.320274 seconds (0.595926 for core code).
INFO: [Node] Finished "convert", elapsed time 13.368635s.
INFO: Post-treating /out/sub-voice969/ses-1/func/sub-voice969_ses-1_task-pataka_run-1_bold.json file
INFO: Converting /out/sub-voice969/ses-1/func/sub-voice969_ses-1_task-pataka_run-2_bold (207 DICOMs) -> /out/sub-voice969/ses-1/func . Converter: dcm2niix . Output types: ('nii.gz',)
INFO: [Node] Setting-up "convert" in "/tmp/dcm2niixya5jmj5z/convert".
INFO: [Node] Executing "convert" <nipype.interfaces.dcm2nii.Dcm2niix>
INFO: stdout 2022-10-12T23:42:43.240160:Chris Rorden's dcm2niiX version v1.0.20211006  GCC10.2.1 x86-64 (64-bit Linux)
INFO: stdout 2022-10-12T23:42:43.240160:Found 207 DICOM file(s)
INFO: stdout 2022-10-12T23:42:43.240160:Warning: Slice timing appears corrupted (range 0..3135, TR=1640 ms)
INFO: stdout 2022-10-12T23:42:43.240160:Convert 207 DICOM as /out/sub-voice969/ses-1/func/sub-voice969_ses-1_task-pataka_run-2_bold_heudiconv631 (72x72x45x207)
INFO: stdout 2022-10-12T23:42:49.614557:Compress: "/usr/bin/pigz" -b 960 -n -f -6 "/out/sub-voice969/ses-1/func/sub-voice969_ses-1_task-pataka_run-2_bold_heudiconv631.nii"
INFO: stdout 2022-10-12T23:42:49.614557:Conversion required 14.095042 seconds (0.949710 for core code).
INFO: [Node] Finished "convert", elapsed time 14.199255s.
INFO: Post-treating /out/sub-voice969/ses-1/func/sub-voice969_ses-1_task-pataka_run-2_bold.json file
INFO: Converting /out/sub-voice969/ses-1/func/sub-voice969_ses-1_task-pitchsent_run-1_bold (64 DICOMs) -> /out/sub-voice969/ses-1/func . Converter: dcm2niix . Output types: ('nii.gz',)
INFO: [Node] Setting-up "convert" in "/tmp/dcm2niixvoka1zde/convert".
INFO: [Node] Executing "convert" <nipype.interfaces.dcm2nii.Dcm2niix>
INFO: stdout 2022-10-12T23:42:52.951328:Chris Rorden's dcm2niiX version v1.0.20211006  GCC10.2.1 x86-64 (64-bit Linux)
INFO: stdout 2022-10-12T23:42:52.951328:Found 64 DICOM file(s)
INFO: stdout 2022-10-12T23:42:52.951328:Warning: Slice timing appears corrupted (range 0..5360, TR=4000 ms)
INFO: stdout 2022-10-12T23:42:52.951328:Convert 64 DICOM as /out/sub-voice969/ses-1/func/sub-voice969_ses-1_task-pitchsent_run-1_bold_heudiconv808 (108x108x65x64)
INFO: stdout 2022-10-12T23:42:59.224834:Compress: "/usr/bin/pigz" -b 960 -n -f -6 "/out/sub-voice969/ses-1/func/sub-voice969_ses-1_task-pitchsent_run-1_bold_heudiconv808.nii"
INFO: stdout 2022-10-12T23:42:59.224834:Conversion required 9.054622 seconds (0.532238 for core code).
INFO: [Node] Finished "convert", elapsed time 9.114753s.
INFO: Post-treating /out/sub-voice969/ses-1/func/sub-voice969_ses-1_task-pitchsent_run-1_bold.json file
INFO: Converting /out/sub-voice969/ses-1/func/sub-voice969_ses-1_task-pitchsent_run-2_bold (64 DICOMs) -> /out/sub-voice969/ses-1/func . Converter: dcm2niix . Output types: ('nii.gz',)
INFO: [Node] Setting-up "convert" in "/tmp/dcm2niix0jc14o8r/convert".
INFO: [Node] Executing "convert" <nipype.interfaces.dcm2nii.Dcm2niix>
INFO: stdout 2022-10-12T23:43:03.235648:Chris Rorden's dcm2niiX version v1.0.20211006  GCC10.2.1 x86-64 (64-bit Linux)
INFO: stdout 2022-10-12T23:43:03.235648:Found 64 DICOM file(s)
INFO: stdout 2022-10-12T23:43:03.235648:Warning: Slice timing appears corrupted (range 0..5357.5, TR=4000 ms)
INFO: stdout 2022-10-12T23:43:03.235648:Convert 64 DICOM as /out/sub-voice969/ses-1/func/sub-voice969_ses-1_task-pitchsent_run-2_bold_heudiconv231 (108x108x65x64)
INFO: stdout 2022-10-12T23:43:09.780566:Compress: "/usr/bin/pigz" -b 960 -n -f -6 "/out/sub-voice969/ses-1/func/sub-voice969_ses-1_task-pitchsent_run-2_bold_heudiconv231.nii"
INFO: stdout 2022-10-12T23:43:09.780566:Conversion required 9.321413 seconds (0.451488 for core code).
INFO: [Node] Finished "convert", elapsed time 9.487939s.
INFO: Post-treating /out/sub-voice969/ses-1/func/sub-voice969_ses-1_task-pitchsent_run-2_bold.json file
INFO: Converting /out/sub-voice969/ses-1/func/sub-voice969_ses-1_task-nwr_run-1_bold (42 DICOMs) -> /out/sub-voice969/ses-1/func . Converter: dcm2niix . Output types: ('nii.gz',)
INFO: [Node] Setting-up "convert" in "/tmp/dcm2niixhqv10f22/convert".
INFO: [Node] Executing "convert" <nipype.interfaces.dcm2nii.Dcm2niix>
INFO: stdout 2022-10-12T23:43:11.718480:Chris Rorden's dcm2niiX version v1.0.20211006  GCC10.2.1 x86-64 (64-bit Linux)
INFO: stdout 2022-10-12T23:43:11.718480:Found 42 DICOM file(s)
INFO: stdout 2022-10-12T23:43:11.718480:Warning: Slice timing appears corrupted (range 0..5360, TR=4000 ms)
INFO: stdout 2022-10-12T23:43:11.718480:Convert 42 DICOM as /out/sub-voice969/ses-1/func/sub-voice969_ses-1_task-nwr_run-1_bold_heudiconv208 (108x108x65x42)
INFO: stdout 2022-10-12T23:43:15.964583:Compress: "/usr/bin/pigz" -b 960 -n -f -6 "/out/sub-voice969/ses-1/func/sub-voice969_ses-1_task-nwr_run-1_bold_heudiconv208.nii"
INFO: stdout 2022-10-12T23:43:15.964583:Conversion required 5.386804 seconds (0.223732 for core code).
INFO: [Node] Finished "convert", elapsed time 5.476811s.
INFO: Post-treating /out/sub-voice969/ses-1/func/sub-voice969_ses-1_task-nwr_run-1_bold.json file
INFO: Converting /out/sub-voice969/ses-1/func/sub-voice969_ses-1_task-nwr_run-2_bold (42 DICOMs) -> /out/sub-voice969/ses-1/func . Converter: dcm2niix . Output types: ('nii.gz',)
INFO: [Node] Setting-up "convert" in "/tmp/dcm2niix__6us9a5/convert".
INFO: [Node] Executing "convert" <nipype.interfaces.dcm2nii.Dcm2niix>
INFO: stdout 2022-10-12T23:43:18.563107:Chris Rorden's dcm2niiX version v1.0.20211006  GCC10.2.1 x86-64 (64-bit Linux)
INFO: stdout 2022-10-12T23:43:18.563107:Found 42 DICOM file(s)
INFO: stdout 2022-10-12T23:43:18.563107:Warning: Slice timing appears corrupted (range 0..5357.5, TR=4000 ms)
INFO: stdout 2022-10-12T23:43:18.563107:Convert 42 DICOM as /out/sub-voice969/ses-1/func/sub-voice969_ses-1_task-nwr_run-2_bold_heudiconv996 (108x108x65x42)
INFO: stdout 2022-10-12T23:43:23.220324:Compress: "/usr/bin/pigz" -b 960 -n -f -6 "/out/sub-voice969/ses-1/func/sub-voice969_ses-1_task-nwr_run-2_bold_heudiconv996.nii"
INFO: stdout 2022-10-12T23:43:23.220324:Conversion required 6.545523 seconds (0.196944 for core code).
INFO: [Node] Finished "convert", elapsed time 6.981752s.
INFO: Post-treating /out/sub-voice969/ses-1/func/sub-voice969_ses-1_task-nwr_run-2_bold.json file
INFO: Converting /out/sub-voice969/ses-1/func/sub-voice969_ses-1_task-nwr_run-3_bold (42 DICOMs) -> /out/sub-voice969/ses-1/func . Converter: dcm2niix . Output types: ('nii.gz',)
INFO: [Node] Setting-up "convert" in "/tmp/dcm2niixffvrg02g/convert".
INFO: [Node] Executing "convert" <nipype.interfaces.dcm2nii.Dcm2niix>
INFO: stdout 2022-10-12T23:43:26.382161:Chris Rorden's dcm2niiX version v1.0.20211006  GCC10.2.1 x86-64 (64-bit Linux)
INFO: stdout 2022-10-12T23:43:26.382161:Found 42 DICOM file(s)
INFO: stdout 2022-10-12T23:43:26.382161:Warning: Slice timing appears corrupted (range 0..5360, TR=4000 ms)
INFO: stdout 2022-10-12T23:43:26.382161:Convert 42 DICOM as /out/sub-voice969/ses-1/func/sub-voice969_ses-1_task-nwr_run-3_bold_heudiconv220 (108x108x65x42)
INFO: stdout 2022-10-12T23:43:31.959204:Compress: "/usr/bin/pigz" -b 960 -n -f -6 "/out/sub-voice969/ses-1/func/sub-voice969_ses-1_task-nwr_run-3_bold_heudiconv220.nii"
INFO: stdout 2022-10-12T23:43:31.959204:Conversion required 7.663154 seconds (0.244011 for core code).
INFO: [Node] Finished "convert", elapsed time 7.822407s.
INFO: Post-treating /out/sub-voice969/ses-1/func/sub-voice969_ses-1_task-nwr_run-3_bold.json file
INFO: Converting /out/sub-voice969/ses-1/func/sub-voice969_ses-1_task-facematch_run-1_bold (99 DICOMs) -> /out/sub-voice969/ses-1/func . Converter: dcm2niix . Output types: ('nii.gz',)
INFO: [Node] Setting-up "convert" in "/tmp/dcm2niix702pvgi7/convert".
INFO: [Node] Executing "convert" <nipype.interfaces.dcm2nii.Dcm2niix>
INFO: stdout 2022-10-12T23:43:35.222077:Chris Rorden's dcm2niiX version v1.0.20211006  GCC10.2.1 x86-64 (64-bit Linux)
INFO: stdout 2022-10-12T23:43:35.222077:Found 99 DICOM file(s)
INFO: stdout 2022-10-12T23:43:35.222077:Warning: Slice timing appears corrupted (range 0..5357.5, TR=2000 ms)
INFO: stdout 2022-10-12T23:43:35.222077:Convert 99 DICOM as /out/sub-voice969/ses-1/func/sub-voice969_ses-1_task-facematch_run-1_bold_heudiconv188 (108x108x65x99)
INFO: stdout 2022-10-12T23:43:45.007045:Compress: "/usr/bin/pigz" -b 960 -n -f -6 "/out/sub-voice969/ses-1/func/sub-voice969_ses-1_task-facematch_run-1_bold_heudiconv188.nii"
INFO: stdout 2022-10-12T23:43:45.007045:Conversion required 12.481690 seconds (0.546092 for core code).
INFO: [Node] Finished "convert", elapsed time 12.527974s.
INFO: Post-treating /out/sub-voice969/ses-1/func/sub-voice969_ses-1_task-facematch_run-1_bold.json file
INFO: Converting /out/sub-voice969/ses-1/func/sub-voice969_ses-1_task-facematch_run-2_bold (99 DICOMs) -> /out/sub-voice969/ses-1/func . Converter: dcm2niix . Output types: ('nii.gz',)
INFO: [Node] Setting-up "convert" in "/tmp/dcm2niixkp7jwk1a/convert".
INFO: [Node] Executing "convert" <nipype.interfaces.dcm2nii.Dcm2niix>
INFO: stdout 2022-10-12T23:43:49.667995:Chris Rorden's dcm2niiX version v1.0.20211006  GCC10.2.1 x86-64 (64-bit Linux)
INFO: stdout 2022-10-12T23:43:49.667995:Found 99 DICOM file(s)
INFO: stdout 2022-10-12T23:43:49.667995:Warning: Slice timing appears corrupted (range 0..5357.5, TR=2000 ms)
INFO: stdout 2022-10-12T23:43:49.667995:Convert 99 DICOM as /out/sub-voice969/ses-1/func/sub-voice969_ses-1_task-facematch_run-2_bold_heudiconv215 (108x108x65x99)
INFO: stdout 2022-10-12T23:44:00.842605:Compress: "/usr/bin/pigz" -b 960 -n -f -6 "/out/sub-voice969/ses-1/func/sub-voice969_ses-1_task-facematch_run-2_bold_heudiconv215.nii"
INFO: stdout 2022-10-12T23:44:00.842605:Conversion required 15.322493 seconds (0.794402 for core code).
INFO: [Node] Finished "convert", elapsed time 15.434262s.
INFO: Post-treating /out/sub-voice969/ses-1/func/sub-voice969_ses-1_task-facematch_run-2_bold.json file
INFO: Converting /out/sub-voice969/ses-1/func/sub-voice969_ses-1_task-emosent_run-1_bold (48 DICOMs) -> /out/sub-voice969/ses-1/func . Converter: dcm2niix . Output types: ('nii.gz',)
INFO: [Node] Setting-up "convert" in "/tmp/dcm2niixn81dxh2r/convert".
INFO: [Node] Executing "convert" <nipype.interfaces.dcm2nii.Dcm2niix>
INFO: stdout 2022-10-12T23:44:03.130153:Chris Rorden's dcm2niiX version v1.0.20211006  GCC10.2.1 x86-64 (64-bit Linux)
INFO: stdout 2022-10-12T23:44:03.130153:Found 48 DICOM file(s)
INFO: stdout 2022-10-12T23:44:03.130153:Warning: Slice timing appears corrupted (range 0..5357.5, TR=4000 ms)
INFO: stdout 2022-10-12T23:44:03.130153:Convert 48 DICOM as /out/sub-voice969/ses-1/func/sub-voice969_ses-1_task-emosent_run-1_bold_heudiconv303 (108x108x65x48)
INFO: stdout 2022-10-12T23:44:07.787090:Compress: "/usr/bin/pigz" -b 960 -n -f -6 "/out/sub-voice969/ses-1/func/sub-voice969_ses-1_task-emosent_run-1_bold_heudiconv303.nii"
INFO: stdout 2022-10-12T23:44:07.787090:Conversion required 6.449917 seconds (0.210087 for core code).
INFO: [Node] Finished "convert", elapsed time 6.547836s.
INFO: Post-treating /out/sub-voice969/ses-1/func/sub-voice969_ses-1_task-emosent_run-1_bold.json file
INFO: Converting /out/sub-voice969/ses-1/func/sub-voice969_ses-1_task-emosent_run-2_bold (48 DICOMs) -> /out/sub-voice969/ses-1/func . Converter: dcm2niix . Output types: ('nii.gz',)
INFO: [Node] Setting-up "convert" in "/tmp/dcm2niixhj9rz3a5/convert".
INFO: [Node] Executing "convert" <nipype.interfaces.dcm2nii.Dcm2niix>
INFO: stdout 2022-10-12T23:44:11.258718:Chris Rorden's dcm2niiX version v1.0.20211006  GCC10.2.1 x86-64 (64-bit Linux)
INFO: stdout 2022-10-12T23:44:11.258718:Found 48 DICOM file(s)
INFO: stdout 2022-10-12T23:44:11.258718:Warning: Slice timing appears corrupted (range 0..5357.5, TR=4000 ms)
INFO: stdout 2022-10-12T23:44:11.258718:Convert 48 DICOM as /out/sub-voice969/ses-1/func/sub-voice969_ses-1_task-emosent_run-2_bold_heudiconv535 (108x108x65x48)
INFO: stdout 2022-10-12T23:44:16.310028:Compress: "/usr/bin/pigz" -b 960 -n -f -6 "/out/sub-voice969/ses-1/func/sub-voice969_ses-1_task-emosent_run-2_bold_heudiconv535.nii"
INFO: stdout 2022-10-12T23:44:16.310028:Conversion required 8.221562 seconds (0.842017 for core code).
INFO: [Node] Finished "convert", elapsed time 8.394189s.
INFO: Post-treating /out/sub-voice969/ses-1/func/sub-voice969_ses-1_task-emosent_run-2_bold.json file
INFO: Converting /out/sub-voice969/ses-1/func/sub-voice969_ses-1_task-vowel_run-1_bold (60 DICOMs) -> /out/sub-voice969/ses-1/func . Converter: dcm2niix . Output types: ('nii.gz',)
INFO: [Node] Setting-up "convert" in "/tmp/dcm2niixquh5ryhl/convert".
INFO: [Node] Executing "convert" <nipype.interfaces.dcm2nii.Dcm2niix>
INFO: stdout 2022-10-12T23:44:19.575836:Chris Rorden's dcm2niiX version v1.0.20211006  GCC10.2.1 x86-64 (64-bit Linux)
INFO: stdout 2022-10-12T23:44:19.575836:Found 60 DICOM file(s)
INFO: stdout 2022-10-12T23:44:19.575836:Warning: Slice timing appears corrupted (range 0..5360, TR=4000 ms)
INFO: stdout 2022-10-12T23:44:19.575836:Convert 60 DICOM as /out/sub-voice969/ses-1/func/sub-voice969_ses-1_task-vowel_run-1_bold_heudiconv508 (108x108x65x60)
INFO: stdout 2022-10-12T23:44:25.211070:Compress: "/usr/bin/pigz" -b 960 -n -f -6 "/out/sub-voice969/ses-1/func/sub-voice969_ses-1_task-vowel_run-1_bold_heudiconv508.nii"
INFO: stdout 2022-10-12T23:44:25.211070:Conversion required 8.170693 seconds (0.289287 for core code).
INFO: [Node] Finished "convert", elapsed time 8.326519s.
INFO: Post-treating /out/sub-voice969/ses-1/func/sub-voice969_ses-1_task-vowel_run-1_bold.json file
INFO: Converting /out/sub-voice969/ses-1/func/sub-voice969_ses-1_task-vowel_run-2_bold (60 DICOMs) -> /out/sub-voice969/ses-1/func . Converter: dcm2niix . Output types: ('nii.gz',)
INFO: [Node] Setting-up "convert" in "/tmp/dcm2niixxs1rwkh0/convert".
INFO: [Node] Executing "convert" <nipype.interfaces.dcm2nii.Dcm2niix>
INFO: stdout 2022-10-12T23:44:29.374009:Chris Rorden's dcm2niiX version v1.0.20211006  GCC10.2.1 x86-64 (64-bit Linux)
INFO: stdout 2022-10-12T23:44:29.374009:Found 60 DICOM file(s)
INFO: stdout 2022-10-12T23:44:29.374009:Warning: Slice timing appears corrupted (range 0..5360, TR=4000 ms)
INFO: stdout 2022-10-12T23:44:29.374009:Convert 60 DICOM as /out/sub-voice969/ses-1/func/sub-voice969_ses-1_task-vowel_run-2_bold_heudiconv091 (108x108x65x60)
INFO: stdout 2022-10-12T23:44:36.052911:Compress: "/usr/bin/pigz" -b 960 -n -f -6 "/out/sub-voice969/ses-1/func/sub-voice969_ses-1_task-vowel_run-2_bold_heudiconv091.nii"
INFO: stdout 2022-10-12T23:44:36.052911:Conversion required 9.965299 seconds (0.599912 for core code).
INFO: [Node] Finished "convert", elapsed time 10.208023s.
INFO: Post-treating /out/sub-voice969/ses-1/func/sub-voice969_ses-1_task-vowel_run-2_bold.json file
INFO: Converting /out/sub-voice969/ses-1/func/sub-voice969_ses-1_task-pitchnw_run-1_bold (101 DICOMs) -> /out/sub-voice969/ses-1/func . Converter: dcm2niix . Output types: ('nii.gz',)
INFO: [Node] Setting-up "convert" in "/tmp/dcm2niixlhwabe4b/convert".
INFO: [Node] Executing "convert" <nipype.interfaces.dcm2nii.Dcm2niix>
INFO: stdout 2022-10-12T23:44:46.466952:Chris Rorden's dcm2niiX version v1.0.20211006  GCC10.2.1 x86-64 (64-bit Linux)
INFO: stdout 2022-10-12T23:44:46.466952:Found 101 DICOM file(s)
INFO: stdout 2022-10-12T23:44:46.466952:Warning: Slice timing appears corrupted (range 0..5357.5, TR=2000 ms)
INFO: stdout 2022-10-12T23:44:46.466952:Convert 101 DICOM as /out/sub-voice969/ses-1/func/sub-voice969_ses-1_task-pitchnw_run-1_bold_heudiconv540 (108x108x65x101)
INFO: stdout 2022-10-12T23:44:58.240166:Compress: "/usr/bin/pigz" -b 960 -n -f -6 "/out/sub-voice969/ses-1/func/sub-voice969_ses-1_task-pitchnw_run-1_bold_heudiconv540.nii"
INFO: stdout 2022-10-12T23:44:58.240166:Conversion required 21.513122 seconds (1.755265 for core code).
INFO: [Node] Finished "convert", elapsed time 21.602421s.
INFO: Post-treating /out/sub-voice969/ses-1/func/sub-voice969_ses-1_task-pitchnw_run-1_bold.json file
INFO: Converting /out/sub-voice969/ses-1/func/sub-voice969_ses-1_task-pitchnw_run-2_bold (101 DICOMs) -> /out/sub-voice969/ses-1/func . Converter: dcm2niix . Output types: ('nii.gz',)
INFO: [Node] Setting-up "convert" in "/tmp/dcm2niix501r5pm7/convert".
INFO: [Node] Executing "convert" <nipype.interfaces.dcm2nii.Dcm2niix>
INFO: stdout 2022-10-12T23:45:02.357603:Chris Rorden's dcm2niiX version v1.0.20211006  GCC10.2.1 x86-64 (64-bit Linux)
INFO: stdout 2022-10-12T23:45:02.357603:Found 101 DICOM file(s)
INFO: stdout 2022-10-12T23:45:02.357603:Warning: Slice timing appears corrupted (range 0..5357.5, TR=2000 ms)
INFO: stdout 2022-10-12T23:45:02.357603:Convert 101 DICOM as /out/sub-voice969/ses-1/func/sub-voice969_ses-1_task-pitchnw_run-2_bold_heudiconv290 (108x108x65x101)
INFO: stdout 2022-10-12T23:45:13.112227:Compress: "/usr/bin/pigz" -b 960 -n -f -6 "/out/sub-voice969/ses-1/func/sub-voice969_ses-1_task-pitchnw_run-2_bold_heudiconv290.nii"
INFO: stdout 2022-10-12T23:45:13.112227:Conversion required 14.021665 seconds (0.446201 for core code).
INFO: [Node] Finished "convert", elapsed time 14.244742s.
INFO: Post-treating /out/sub-voice969/ses-1/func/sub-voice969_ses-1_task-pitchnw_run-2_bold.json file
INFO: Converting /out/sub-voice969/ses-1/func/sub-voice969_ses-1_task-movie_run-1_bold (138 DICOMs) -> /out/sub-voice969/ses-1/func . Converter: dcm2niix . Output types: ('nii.gz',)
INFO: [Node] Setting-up "convert" in "/tmp/dcm2niix9y_088s3/convert".
INFO: [Node] Executing "convert" <nipype.interfaces.dcm2nii.Dcm2niix>
INFO: stdout 2022-10-12T23:45:21.745415:Chris Rorden's dcm2niiX version v1.0.20211006  GCC10.2.1 x86-64 (64-bit Linux)
INFO: stdout 2022-10-12T23:45:21.745415:Found 138 DICOM file(s)
INFO: stdout 2022-10-12T23:45:21.745415:Warning: Slice timing appears corrupted (range 0..5357.5, TR=1090 ms)
INFO: stdout 2022-10-12T23:45:21.745415:Convert 138 DICOM as /out/sub-voice969/ses-1/func/sub-voice969_ses-1_task-movie_run-1_bold_heudiconv619 (108x108x65x138)
INFO: stdout 2022-10-12T23:45:36.207022:Compress: "/usr/bin/pigz" -b 960 -n -f -6 "/out/sub-voice969/ses-1/func/sub-voice969_ses-1_task-movie_run-1_bold_heudiconv619.nii"
INFO: stdout 2022-10-12T23:45:36.207022:Conversion required 22.182865 seconds (1.333540 for core code).
INFO: [Node] Finished "convert", elapsed time 22.29347s.
INFO: Post-treating /out/sub-voice969/ses-1/func/sub-voice969_ses-1_task-movie_run-1_bold.json file
WARNING: Existing lockfile found in /out/heudiconv.lock - waiting for the lock to be released. To set a timeout limit, set the HEUDICONV_FILELOCK_TIMEOUT environmental variable to a value in seconds. If this process hangs, it may require a manual deletion of the /out/heudiconv.lock.
INFO: Populating template files under /out/
INFO: PROCESSING DONE: {'subject': 'voice969', 'outdir': '/out/', 'session': '1'}
