INFO: Running heudiconv version 0.11.3+d20220512 latest 0.11.4
INFO: Need to process 1 study sessions
INFO: PROCESSING STARTS: {'subject': 'voice952', 'outdir': '/out/', 'session': '1'}
INFO: Processing 4257 dicoms
INFO: Analyzing 4257 dicoms
INFO: Generated sequence info for 38 accession numbers with 4257 entries total
INFO: Doing conversion using dcm2niix
INFO: Converting /out/sub-voice952/ses-1/func/sub-voice952_ses-1_task-rest_run-1_bold (300 DICOMs) -> /out/sub-voice952/ses-1/func . Converter: dcm2niix . Output types: ('nii.gz',)
WARNING: A newer version (1.8.4) of nipy/nipype is available. You are using 1.8.0
INFO: [Node] Setting-up "convert" in "/tmp/dcm2niix_tyrsici/convert".
INFO: [Node] Executing "convert" <nipype.interfaces.dcm2nii.Dcm2niix>
INFO: stdout 2022-10-12T23:39:41.659905:Chris Rorden's dcm2niiX version v1.0.20211006  GCC10.2.1 x86-64 (64-bit Linux)
INFO: stdout 2022-10-12T23:39:41.659905:Found 300 DICOM file(s)
INFO: stdout 2022-10-12T23:39:41.659905:Warning: Slice timing appears corrupted (range 0..5360, TR=1090 ms)
INFO: stdout 2022-10-12T23:39:41.659905:Convert 300 DICOM as /out/sub-voice952/ses-1/func/sub-voice952_ses-1_task-rest_run-1_bold_heudiconv075 (108x108x65x300)
INFO: stdout 2022-10-12T23:40:16.601632:Compress: "/usr/bin/pigz" -b 960 -n -f -6 "/out/sub-voice952/ses-1/func/sub-voice952_ses-1_task-rest_run-1_bold_heudiconv075.nii"
INFO: stdout 2022-10-12T23:40:16.601632:Conversion required 37.435745 seconds (0.736043 for core code).
INFO: [Node] Finished "convert", elapsed time 37.476912s.
INFO: Post-treating /out/sub-voice952/ses-1/func/sub-voice952_ses-1_task-rest_run-1_bold.json file
INFO: Converting /out/sub-voice952/ses-1/fmap/sub-voice952_ses-1_acq-func_dir-PA_run-1_epi (260 DICOMs) -> /out/sub-voice952/ses-1/fmap . Converter: dcm2niix . Output types: ('nii.gz',)
INFO: [Node] Setting-up "convert" in "/tmp/dcm2niixh3aljmlx/convert".
INFO: [Node] Executing "convert" <nipype.interfaces.dcm2nii.Dcm2niix>
INFO: stdout 2022-10-12T23:40:18.371972:Chris Rorden's dcm2niiX version v1.0.20211006  GCC10.2.1 x86-64 (64-bit Linux)
INFO: stdout 2022-10-12T23:40:18.371972:Found 260 DICOM file(s)
INFO: stdout 2022-10-12T23:40:18.371972:Convert 260 DICOM as /out/sub-voice952/ses-1/fmap/sub-voice952_ses-1_acq-func_dir-PA_run-1_epi_heudiconv412 (108x108x65x4)
INFO: stdout 2022-10-12T23:40:18.903307:Compress: "/usr/bin/pigz" -b 960 -n -f -6 "/out/sub-voice952/ses-1/fmap/sub-voice952_ses-1_acq-func_dir-PA_run-1_epi_heudiconv412.nii"
INFO: stdout 2022-10-12T23:40:18.903307:Conversion required 1.311159 seconds (0.112990 for core code).
INFO: [Node] Finished "convert", elapsed time 1.432364s.
WARNING: Failed to find task field in /out/sub-voice952/ses-1/fmap/sub-voice952_ses-1_acq-func_dir-PA_run-1_epi.json.
INFO: Post-treating /out/sub-voice952/ses-1/fmap/sub-voice952_ses-1_acq-func_dir-PA_run-1_epi.json file
INFO: Converting /out/sub-voice952/ses-1/fmap/sub-voice952_ses-1_acq-func_dir-AP_run-2_epi (260 DICOMs) -> /out/sub-voice952/ses-1/fmap . Converter: dcm2niix . Output types: ('nii.gz',)
INFO: [Node] Setting-up "convert" in "/tmp/dcm2niixsz804__g/convert".
INFO: [Node] Executing "convert" <nipype.interfaces.dcm2nii.Dcm2niix>
INFO: stdout 2022-10-12T23:40:20.197611:Chris Rorden's dcm2niiX version v1.0.20211006  GCC10.2.1 x86-64 (64-bit Linux)
INFO: stdout 2022-10-12T23:40:20.197611:Found 260 DICOM file(s)
INFO: stdout 2022-10-12T23:40:20.197611:Convert 260 DICOM as /out/sub-voice952/ses-1/fmap/sub-voice952_ses-1_acq-func_dir-AP_run-2_epi_heudiconv925 (108x108x65x4)
INFO: stdout 2022-10-12T23:40:20.725987:Compress: "/usr/bin/pigz" -b 960 -n -f -6 "/out/sub-voice952/ses-1/fmap/sub-voice952_ses-1_acq-func_dir-AP_run-2_epi_heudiconv925.nii"
INFO: stdout 2022-10-12T23:40:20.725987:Conversion required 1.327478 seconds (0.114835 for core code).
INFO: [Node] Finished "convert", elapsed time 1.3838949999999999s.
WARNING: Failed to find task field in /out/sub-voice952/ses-1/fmap/sub-voice952_ses-1_acq-func_dir-AP_run-2_epi.json.
INFO: Post-treating /out/sub-voice952/ses-1/fmap/sub-voice952_ses-1_acq-func_dir-AP_run-2_epi.json file
INFO: Converting /out/sub-voice952/ses-1/dwi/sub-voice952_ses-1_acq-PA_dwi (72 DICOMs) -> /out/sub-voice952/ses-1/dwi . Converter: dcm2niix . Output types: ('nii.gz',)
INFO: [Node] Setting-up "convert" in "/tmp/dcm2niixxi7tg8mw/convert".
INFO: [Node] Executing "convert" <nipype.interfaces.dcm2nii.Dcm2niix>
INFO: stdout 2022-10-12T23:40:23.552393:Chris Rorden's dcm2niiX version v1.0.20211006  GCC10.2.1 x86-64 (64-bit Linux)
INFO: stdout 2022-10-12T23:40:23.552393:Found 72 DICOM file(s)
INFO: stdout 2022-10-12T23:40:23.552393:Warning: Slice timing appears corrupted (range 0..8.63999e+07, TR=4400 ms)
INFO: stdout 2022-10-12T23:40:23.552393:Convert 72 DICOM as /out/sub-voice952/ses-1/dwi/sub-voice952_ses-1_acq-PA_dwi_heudiconv927 (120x120x66x72)
INFO: stdout 2022-10-12T23:40:31.929532:Compress: "/usr/bin/pigz" -b 960 -n -f -6 "/out/sub-voice952/ses-1/dwi/sub-voice952_ses-1_acq-PA_dwi_heudiconv927.nii"
INFO: stdout 2022-10-12T23:40:31.929532:Conversion required 10.906403 seconds (0.244003 for core code).
INFO: [Node] Finished "convert", elapsed time 11.013796s.
WARNING: Failed to find task field in /out/sub-voice952/ses-1/dwi/sub-voice952_ses-1_acq-PA_dwi.json.
INFO: Post-treating /out/sub-voice952/ses-1/dwi/sub-voice952_ses-1_acq-PA_dwi.json file
INFO: Converting /out/sub-voice952/ses-1/dwi/sub-voice952_ses-1_acq-AP_dwi (7 DICOMs) -> /out/sub-voice952/ses-1/dwi . Converter: dcm2niix . Output types: ('nii.gz',)
INFO: [Node] Setting-up "convert" in "/tmp/dcm2niix0_ugrb29/convert".
INFO: [Node] Executing "convert" <nipype.interfaces.dcm2nii.Dcm2niix>
INFO: stdout 2022-10-12T23:40:32.431774:Chris Rorden's dcm2niiX version v1.0.20211006  GCC10.2.1 x86-64 (64-bit Linux)
INFO: stdout 2022-10-12T23:40:32.431774:Found 7 DICOM file(s)
INFO: stdout 2022-10-12T23:40:32.431774:Warning: Slice timing appears corrupted (range 0..8.63999e+07, TR=4400 ms)
INFO: stdout 2022-10-12T23:40:32.431774:Convert 7 DICOM as /out/sub-voice952/ses-1/dwi/sub-voice952_ses-1_acq-AP_dwi_heudiconv479 (120x120x66x7)
INFO: stdout 2022-10-12T23:40:33.366010:Compress: "/usr/bin/pigz" -b 960 -n -f -6 "/out/sub-voice952/ses-1/dwi/sub-voice952_ses-1_acq-AP_dwi_heudiconv479.nii"
INFO: stdout 2022-10-12T23:40:33.366010:Conversion required 1.156895 seconds (0.027394 for core code).
INFO: [Node] Finished "convert", elapsed time 1.199378s.
WARNING: Failed to find task field in /out/sub-voice952/ses-1/dwi/sub-voice952_ses-1_acq-AP_dwi.json.
INFO: Post-treating /out/sub-voice952/ses-1/dwi/sub-voice952_ses-1_acq-AP_dwi.json file
INFO: Converting /out/sub-voice952/ses-1/anat/sub-voice952_ses-1_run-1_T1w (176 DICOMs) -> /out/sub-voice952/ses-1/anat . Converter: dcm2niix . Output types: ('nii.gz',)
INFO: [Node] Setting-up "convert" in "/tmp/dcm2niixzbu7mavn/convert".
INFO: [Node] Executing "convert" <nipype.interfaces.dcm2nii.Dcm2niix>
INFO: stdout 2022-10-12T23:40:34.096129:Chris Rorden's dcm2niiX version v1.0.20211006  GCC10.2.1 x86-64 (64-bit Linux)
INFO: stdout 2022-10-12T23:40:34.096129:Found 176 DICOM file(s)
INFO: stdout 2022-10-12T23:40:34.096129:Convert 176 DICOM as /out/sub-voice952/ses-1/anat/sub-voice952_ses-1_run-1_T1w_heudiconv375 (256x256x176x1)
INFO: stdout 2022-10-12T23:40:36.778455:Compress: "/usr/bin/pigz" -b 960 -n -f -6 "/out/sub-voice952/ses-1/anat/sub-voice952_ses-1_run-1_T1w_heudiconv375.nii"
INFO: stdout 2022-10-12T23:40:36.778455:Conversion required 2.978486 seconds (0.331075 for core code).
INFO: [Node] Finished "convert", elapsed time 3.029332s.
WARNING: Failed to find task field in /out/sub-voice952/ses-1/anat/sub-voice952_ses-1_run-1_T1w.json.
INFO: Post-treating /out/sub-voice952/ses-1/anat/sub-voice952_ses-1_run-1_T1w.json file
INFO: Converting /out/sub-voice952/ses-1/func/sub-voice952_ses-1_task-pataka_run-1_bold (207 DICOMs) -> /out/sub-voice952/ses-1/func . Converter: dcm2niix . Output types: ('nii.gz',)
INFO: [Node] Setting-up "convert" in "/tmp/dcm2niixwhr_c5_2/convert".
INFO: [Node] Executing "convert" <nipype.interfaces.dcm2nii.Dcm2niix>
INFO: stdout 2022-10-12T23:40:38.275990:Chris Rorden's dcm2niiX version v1.0.20211006  GCC10.2.1 x86-64 (64-bit Linux)
INFO: stdout 2022-10-12T23:40:38.275990:Found 207 DICOM file(s)
INFO: stdout 2022-10-12T23:40:38.275990:Warning: Slice timing appears corrupted (range 0..3135, TR=1640 ms)
INFO: stdout 2022-10-12T23:40:38.275990:Convert 207 DICOM as /out/sub-voice952/ses-1/func/sub-voice952_ses-1_task-pataka_run-1_bold_heudiconv776 (72x72x45x207)
INFO: stdout 2022-10-12T23:40:46.714334:Compress: "/usr/bin/pigz" -b 960 -n -f -6 "/out/sub-voice952/ses-1/func/sub-voice952_ses-1_task-pataka_run-1_bold_heudiconv776.nii"
INFO: stdout 2022-10-12T23:40:46.714334:Conversion required 9.478436 seconds (0.267111 for core code).
INFO: [Node] Finished "convert", elapsed time 9.556417s.
INFO: Post-treating /out/sub-voice952/ses-1/func/sub-voice952_ses-1_task-pataka_run-1_bold.json file
INFO: Converting /out/sub-voice952/ses-1/func/sub-voice952_ses-1_task-pataka_run-2_bold (207 DICOMs) -> /out/sub-voice952/ses-1/func . Converter: dcm2niix . Output types: ('nii.gz',)
INFO: [Node] Setting-up "convert" in "/tmp/dcm2niixsdg5yo54/convert".
INFO: [Node] Executing "convert" <nipype.interfaces.dcm2nii.Dcm2niix>
INFO: stdout 2022-10-12T23:40:48.062844:Chris Rorden's dcm2niiX version v1.0.20211006  GCC10.2.1 x86-64 (64-bit Linux)
INFO: stdout 2022-10-12T23:40:48.062844:Found 207 DICOM file(s)
INFO: stdout 2022-10-12T23:40:48.062844:Warning: Slice timing appears corrupted (range 0..3135, TR=1640 ms)
INFO: stdout 2022-10-12T23:40:48.062844:Convert 207 DICOM as /out/sub-voice952/ses-1/func/sub-voice952_ses-1_task-pataka_run-2_bold_heudiconv234 (72x72x45x207)
INFO: stdout 2022-10-12T23:40:55.157836:Compress: "/usr/bin/pigz" -b 960 -n -f -6 "/out/sub-voice952/ses-1/func/sub-voice952_ses-1_task-pataka_run-2_bold_heudiconv234.nii"
INFO: stdout 2022-10-12T23:40:55.157836:Conversion required 7.860272 seconds (0.211782 for core code).
INFO: [Node] Finished "convert", elapsed time 7.908937s.
INFO: Post-treating /out/sub-voice952/ses-1/func/sub-voice952_ses-1_task-pataka_run-2_bold.json file
INFO: Converting /out/sub-voice952/ses-1/func/sub-voice952_ses-1_task-pitchsent_run-1_bold (64 DICOMs) -> /out/sub-voice952/ses-1/func . Converter: dcm2niix . Output types: ('nii.gz',)
INFO: [Node] Setting-up "convert" in "/tmp/dcm2niixn6epvyxs/convert".
INFO: [Node] Executing "convert" <nipype.interfaces.dcm2nii.Dcm2niix>
INFO: stdout 2022-10-12T23:40:55.828976:Chris Rorden's dcm2niiX version v1.0.20211006  GCC10.2.1 x86-64 (64-bit Linux)
INFO: stdout 2022-10-12T23:40:55.828976:Found 64 DICOM file(s)
INFO: stdout 2022-10-12T23:40:55.828976:Warning: Slice timing appears corrupted (range 0..5360, TR=4000 ms)
INFO: stdout 2022-10-12T23:40:55.828976:Convert 64 DICOM as /out/sub-voice952/ses-1/func/sub-voice952_ses-1_task-pitchsent_run-1_bold_heudiconv710 (108x108x65x64)
INFO: stdout 2022-10-12T23:41:01.778656:Compress: "/usr/bin/pigz" -b 960 -n -f -6 "/out/sub-voice952/ses-1/func/sub-voice952_ses-1_task-pitchsent_run-1_bold_heudiconv710.nii"
INFO: stdout 2022-10-12T23:41:01.778656:Conversion required 6.289392 seconds (0.177161 for core code).
INFO: [Node] Finished "convert", elapsed time 6.35988s.
INFO: Post-treating /out/sub-voice952/ses-1/func/sub-voice952_ses-1_task-pitchsent_run-1_bold.json file
INFO: Converting /out/sub-voice952/ses-1/func/sub-voice952_ses-1_task-pitchsent_run-2_bold (64 DICOMs) -> /out/sub-voice952/ses-1/func . Converter: dcm2niix . Output types: ('nii.gz',)
INFO: [Node] Setting-up "convert" in "/tmp/dcm2niixrfcy55ei/convert".
INFO: [Node] Executing "convert" <nipype.interfaces.dcm2nii.Dcm2niix>
INFO: stdout 2022-10-12T23:41:02.409468:Chris Rorden's dcm2niiX version v1.0.20211006  GCC10.2.1 x86-64 (64-bit Linux)
INFO: stdout 2022-10-12T23:41:02.409468:Found 64 DICOM file(s)
INFO: stdout 2022-10-12T23:41:02.409468:Warning: Slice timing appears corrupted (range 0..5357.5, TR=4000 ms)
INFO: stdout 2022-10-12T23:41:02.409468:Convert 64 DICOM as /out/sub-voice952/ses-1/func/sub-voice952_ses-1_task-pitchsent_run-2_bold_heudiconv373 (108x108x65x64)
INFO: stdout 2022-10-12T23:41:08.302403:Compress: "/usr/bin/pigz" -b 960 -n -f -6 "/out/sub-voice952/ses-1/func/sub-voice952_ses-1_task-pitchsent_run-2_bold_heudiconv373.nii"
INFO: stdout 2022-10-12T23:41:08.302403:Conversion required 6.146810 seconds (0.187738 for core code).
INFO: [Node] Finished "convert", elapsed time 6.323103s.
INFO: Post-treating /out/sub-voice952/ses-1/func/sub-voice952_ses-1_task-pitchsent_run-2_bold.json file
INFO: Converting /out/sub-voice952/ses-1/func/sub-voice952_ses-1_task-nwr_run-1_bold (42 DICOMs) -> /out/sub-voice952/ses-1/func . Converter: dcm2niix . Output types: ('nii.gz',)
INFO: [Node] Setting-up "convert" in "/tmp/dcm2niixajixbm6m/convert".
INFO: [Node] Executing "convert" <nipype.interfaces.dcm2nii.Dcm2niix>
INFO: stdout 2022-10-12T23:41:09.374621:Chris Rorden's dcm2niiX version v1.0.20211006  GCC10.2.1 x86-64 (64-bit Linux)
INFO: stdout 2022-10-12T23:41:09.374621:Found 42 DICOM file(s)
INFO: stdout 2022-10-12T23:41:09.374621:Warning: Slice timing appears corrupted (range 0..5360, TR=4000 ms)
INFO: stdout 2022-10-12T23:41:09.374621:Convert 42 DICOM as /out/sub-voice952/ses-1/func/sub-voice952_ses-1_task-nwr_run-1_bold_heudiconv593 (108x108x65x42)
INFO: stdout 2022-10-12T23:41:13.367465:Compress: "/usr/bin/pigz" -b 960 -n -f -6 "/out/sub-voice952/ses-1/func/sub-voice952_ses-1_task-nwr_run-1_bold_heudiconv593.nii"
INFO: stdout 2022-10-12T23:41:13.367465:Conversion required 4.121952 seconds (0.104339 for core code).
INFO: [Node] Finished "convert", elapsed time 4.168853s.
INFO: Post-treating /out/sub-voice952/ses-1/func/sub-voice952_ses-1_task-nwr_run-1_bold.json file
INFO: Converting /out/sub-voice952/ses-1/func/sub-voice952_ses-1_task-nwr_run-2_bold (42 DICOMs) -> /out/sub-voice952/ses-1/func . Converter: dcm2niix . Output types: ('nii.gz',)
INFO: [Node] Setting-up "convert" in "/tmp/dcm2niixb2v2q3r0/convert".
INFO: [Node] Executing "convert" <nipype.interfaces.dcm2nii.Dcm2niix>
INFO: stdout 2022-10-12T23:41:13.731515:Chris Rorden's dcm2niiX version v1.0.20211006  GCC10.2.1 x86-64 (64-bit Linux)
INFO: stdout 2022-10-12T23:41:13.731515:Found 42 DICOM file(s)
INFO: stdout 2022-10-12T23:41:13.731515:Warning: Slice timing appears corrupted (range 0..5360, TR=4000 ms)
INFO: stdout 2022-10-12T23:41:13.731515:Convert 42 DICOM as /out/sub-voice952/ses-1/func/sub-voice952_ses-1_task-nwr_run-2_bold_heudiconv032 (108x108x65x42)
INFO: stdout 2022-10-12T23:41:17.798088:Compress: "/usr/bin/pigz" -b 960 -n -f -6 "/out/sub-voice952/ses-1/func/sub-voice952_ses-1_task-nwr_run-2_bold_heudiconv032.nii"
INFO: stdout 2022-10-12T23:41:17.798088:Conversion required 4.239729 seconds (0.140969 for core code).
INFO: [Node] Finished "convert", elapsed time 4.311958s.
INFO: Post-treating /out/sub-voice952/ses-1/func/sub-voice952_ses-1_task-nwr_run-2_bold.json file
INFO: Converting /out/sub-voice952/ses-1/func/sub-voice952_ses-1_task-nwr_run-3_bold (42 DICOMs) -> /out/sub-voice952/ses-1/func . Converter: dcm2niix . Output types: ('nii.gz',)
INFO: [Node] Setting-up "convert" in "/tmp/dcm2niixty13x_b3/convert".
INFO: [Node] Executing "convert" <nipype.interfaces.dcm2nii.Dcm2niix>
INFO: stdout 2022-10-12T23:41:18.745407:Chris Rorden's dcm2niiX version v1.0.20211006  GCC10.2.1 x86-64 (64-bit Linux)
INFO: stdout 2022-10-12T23:41:18.745407:Found 42 DICOM file(s)
INFO: stdout 2022-10-12T23:41:18.745407:Warning: Slice timing appears corrupted (range 0..5360, TR=4000 ms)
INFO: stdout 2022-10-12T23:41:18.745407:Convert 42 DICOM as /out/sub-voice952/ses-1/func/sub-voice952_ses-1_task-nwr_run-3_bold_heudiconv339 (108x108x65x42)
INFO: stdout 2022-10-12T23:41:22.578116:Compress: "/usr/bin/pigz" -b 960 -n -f -6 "/out/sub-voice952/ses-1/func/sub-voice952_ses-1_task-nwr_run-3_bold_heudiconv339.nii"
INFO: stdout 2022-10-12T23:41:22.578116:Conversion required 4.144369 seconds (0.120145 for core code).
INFO: [Node] Finished "convert", elapsed time 4.198826s.
INFO: Post-treating /out/sub-voice952/ses-1/func/sub-voice952_ses-1_task-nwr_run-3_bold.json file
INFO: Converting /out/sub-voice952/ses-1/func/sub-voice952_ses-1_task-facematch_run-1_bold (99 DICOMs) -> /out/sub-voice952/ses-1/func . Converter: dcm2niix . Output types: ('nii.gz',)
INFO: [Node] Setting-up "convert" in "/tmp/dcm2niixku8skv_4/convert".
INFO: [Node] Executing "convert" <nipype.interfaces.dcm2nii.Dcm2niix>
INFO: stdout 2022-10-12T23:41:23.706665:Chris Rorden's dcm2niiX version v1.0.20211006  GCC10.2.1 x86-64 (64-bit Linux)
INFO: stdout 2022-10-12T23:41:23.706665:Found 99 DICOM file(s)
INFO: stdout 2022-10-12T23:41:23.706665:Warning: Slice timing appears corrupted (range 0..5360, TR=2000 ms)
INFO: stdout 2022-10-12T23:41:23.706665:Convert 99 DICOM as /out/sub-voice952/ses-1/func/sub-voice952_ses-1_task-facematch_run-1_bold_heudiconv304 (108x108x65x99)
INFO: stdout 2022-10-12T23:41:33.577356:Compress: "/usr/bin/pigz" -b 960 -n -f -6 "/out/sub-voice952/ses-1/func/sub-voice952_ses-1_task-facematch_run-1_bold_heudiconv304.nii"
INFO: stdout 2022-10-12T23:41:33.577356:Conversion required 10.566112 seconds (0.271325 for core code).
INFO: [Node] Finished "convert", elapsed time 10.78509s.
INFO: Post-treating /out/sub-voice952/ses-1/func/sub-voice952_ses-1_task-facematch_run-1_bold.json file
INFO: Converting /out/sub-voice952/ses-1/func/sub-voice952_ses-1_task-facematch_run-2_bold (99 DICOMs) -> /out/sub-voice952/ses-1/func . Converter: dcm2niix . Output types: ('nii.gz',)
INFO: [Node] Setting-up "convert" in "/tmp/dcm2niix1o73_jk7/convert".
INFO: [Node] Executing "convert" <nipype.interfaces.dcm2nii.Dcm2niix>
INFO: stdout 2022-10-12T23:41:34.400246:Chris Rorden's dcm2niiX version v1.0.20211006  GCC10.2.1 x86-64 (64-bit Linux)
INFO: stdout 2022-10-12T23:41:34.400246:Found 99 DICOM file(s)
INFO: stdout 2022-10-12T23:41:34.400246:Warning: Slice timing appears corrupted (range 0..5357.5, TR=2000 ms)
INFO: stdout 2022-10-12T23:41:34.400246:Convert 99 DICOM as /out/sub-voice952/ses-1/func/sub-voice952_ses-1_task-facematch_run-2_bold_heudiconv973 (108x108x65x99)
INFO: stdout 2022-10-12T23:41:43.259805:Compress: "/usr/bin/pigz" -b 960 -n -f -6 "/out/sub-voice952/ses-1/func/sub-voice952_ses-1_task-facematch_run-2_bold_heudiconv973.nii"
INFO: stdout 2022-10-12T23:41:43.259805:Conversion required 9.335049 seconds (0.266321 for core code).
INFO: [Node] Finished "convert", elapsed time 9.381349s.
INFO: Post-treating /out/sub-voice952/ses-1/func/sub-voice952_ses-1_task-facematch_run-2_bold.json file
INFO: Converting /out/sub-voice952/ses-1/func/sub-voice952_ses-1_task-emosent_run-1_bold (48 DICOMs) -> /out/sub-voice952/ses-1/func . Converter: dcm2niix . Output types: ('nii.gz',)
INFO: [Node] Setting-up "convert" in "/tmp/dcm2niixpjpdlloe/convert".
INFO: [Node] Executing "convert" <nipype.interfaces.dcm2nii.Dcm2niix>
INFO: stdout 2022-10-12T23:41:43.772108:Chris Rorden's dcm2niiX version v1.0.20211006  GCC10.2.1 x86-64 (64-bit Linux)
INFO: stdout 2022-10-12T23:41:43.772108:Found 48 DICOM file(s)
INFO: stdout 2022-10-12T23:41:43.772108:Warning: Slice timing appears corrupted (range 0..5360, TR=4000 ms)
INFO: stdout 2022-10-12T23:41:43.772108:Convert 48 DICOM as /out/sub-voice952/ses-1/func/sub-voice952_ses-1_task-emosent_run-1_bold_heudiconv843 (108x108x65x48)
INFO: stdout 2022-10-12T23:41:48.224988:Compress: "/usr/bin/pigz" -b 960 -n -f -6 "/out/sub-voice952/ses-1/func/sub-voice952_ses-1_task-emosent_run-1_bold_heudiconv843.nii"
INFO: stdout 2022-10-12T23:41:48.224988:Conversion required 4.678698 seconds (0.120415 for core code).
INFO: [Node] Finished "convert", elapsed time 4.726446s.
INFO: Post-treating /out/sub-voice952/ses-1/func/sub-voice952_ses-1_task-emosent_run-1_bold.json file
INFO: Converting /out/sub-voice952/ses-1/func/sub-voice952_ses-1_task-emosent_run-2_bold (48 DICOMs) -> /out/sub-voice952/ses-1/func . Converter: dcm2niix . Output types: ('nii.gz',)
INFO: [Node] Setting-up "convert" in "/tmp/dcm2niix667zqooe/convert".
INFO: [Node] Executing "convert" <nipype.interfaces.dcm2nii.Dcm2niix>
INFO: stdout 2022-10-12T23:41:48.563510:Chris Rorden's dcm2niiX version v1.0.20211006  GCC10.2.1 x86-64 (64-bit Linux)
INFO: stdout 2022-10-12T23:41:48.563510:Found 48 DICOM file(s)
INFO: stdout 2022-10-12T23:41:48.563510:Warning: Slice timing appears corrupted (range 0..5357.5, TR=4000 ms)
INFO: stdout 2022-10-12T23:41:48.563510:Convert 48 DICOM as /out/sub-voice952/ses-1/func/sub-voice952_ses-1_task-emosent_run-2_bold_heudiconv550 (108x108x65x48)
INFO: stdout 2022-10-12T23:41:52.939864:Compress: "/usr/bin/pigz" -b 960 -n -f -6 "/out/sub-voice952/ses-1/func/sub-voice952_ses-1_task-emosent_run-2_bold_heudiconv550.nii"
INFO: stdout 2022-10-12T23:41:52.939864:Conversion required 4.531833 seconds (0.115240 for core code).
INFO: [Node] Finished "convert", elapsed time 4.591118s.
INFO: Post-treating /out/sub-voice952/ses-1/func/sub-voice952_ses-1_task-emosent_run-2_bold.json file
INFO: Converting /out/sub-voice952/ses-1/func/sub-voice952_ses-1_task-vowel_run-1_bold (60 DICOMs) -> /out/sub-voice952/ses-1/func . Converter: dcm2niix . Output types: ('nii.gz',)
INFO: [Node] Setting-up "convert" in "/tmp/dcm2niixmz_dk610/convert".
INFO: [Node] Executing "convert" <nipype.interfaces.dcm2nii.Dcm2niix>
INFO: stdout 2022-10-12T23:41:53.443440:Chris Rorden's dcm2niiX version v1.0.20211006  GCC10.2.1 x86-64 (64-bit Linux)
INFO: stdout 2022-10-12T23:41:53.443440:Found 60 DICOM file(s)
INFO: stdout 2022-10-12T23:41:53.443440:Warning: Slice timing appears corrupted (range 0..5357.5, TR=4000 ms)
INFO: stdout 2022-10-12T23:41:53.443440:Convert 60 DICOM as /out/sub-voice952/ses-1/func/sub-voice952_ses-1_task-vowel_run-1_bold_heudiconv381 (108x108x65x60)
INFO: stdout 2022-10-12T23:41:58.729175:Compress: "/usr/bin/pigz" -b 960 -n -f -6 "/out/sub-voice952/ses-1/func/sub-voice952_ses-1_task-vowel_run-1_bold_heudiconv381.nii"
INFO: stdout 2022-10-12T23:41:58.729175:Conversion required 5.472061 seconds (0.171476 for core code).
INFO: [Node] Finished "convert", elapsed time 5.532766s.
INFO: Post-treating /out/sub-voice952/ses-1/func/sub-voice952_ses-1_task-vowel_run-1_bold.json file
INFO: Converting /out/sub-voice952/ses-1/func/sub-voice952_ses-1_task-vowel_run-2_bold (60 DICOMs) -> /out/sub-voice952/ses-1/func . Converter: dcm2niix . Output types: ('nii.gz',)
INFO: [Node] Setting-up "convert" in "/tmp/dcm2niixl1w62apk/convert".
INFO: [Node] Executing "convert" <nipype.interfaces.dcm2nii.Dcm2niix>
INFO: stdout 2022-10-12T23:41:59.332824:Chris Rorden's dcm2niiX version v1.0.20211006  GCC10.2.1 x86-64 (64-bit Linux)
INFO: stdout 2022-10-12T23:41:59.332824:Found 60 DICOM file(s)
INFO: stdout 2022-10-12T23:41:59.332824:Warning: Slice timing appears corrupted (range 0..5360, TR=4000 ms)
INFO: stdout 2022-10-12T23:41:59.332824:Convert 60 DICOM as /out/sub-voice952/ses-1/func/sub-voice952_ses-1_task-vowel_run-2_bold_heudiconv125 (108x108x65x60)
INFO: stdout 2022-10-12T23:42:04.936536:Compress: "/usr/bin/pigz" -b 960 -n -f -6 "/out/sub-voice952/ses-1/func/sub-voice952_ses-1_task-vowel_run-2_bold_heudiconv125.nii"
INFO: stdout 2022-10-12T23:42:04.936536:Conversion required 5.841902 seconds (0.138347 for core code).
INFO: [Node] Finished "convert", elapsed time 6.139106s.
INFO: Post-treating /out/sub-voice952/ses-1/func/sub-voice952_ses-1_task-vowel_run-2_bold.json file
INFO: Converting /out/sub-voice952/ses-1/func/sub-voice952_ses-1_task-pitchnw_run-1_bold (101 DICOMs) -> /out/sub-voice952/ses-1/func . Converter: dcm2niix . Output types: ('nii.gz',)
INFO: [Node] Setting-up "convert" in "/tmp/dcm2niiximkt_v2v/convert".
INFO: [Node] Executing "convert" <nipype.interfaces.dcm2nii.Dcm2niix>
INFO: stdout 2022-10-12T23:42:06.289477:Chris Rorden's dcm2niiX version v1.0.20211006  GCC10.2.1 x86-64 (64-bit Linux)
INFO: stdout 2022-10-12T23:42:06.289477:Found 101 DICOM file(s)
INFO: stdout 2022-10-12T23:42:06.289477:Warning: Slice timing appears corrupted (range 0..5360, TR=2000 ms)
INFO: stdout 2022-10-12T23:42:06.289477:Convert 101 DICOM as /out/sub-voice952/ses-1/func/sub-voice952_ses-1_task-pitchnw_run-1_bold_heudiconv364 (108x108x65x101)
INFO: stdout 2022-10-12T23:42:15.980569:Compress: "/usr/bin/pigz" -b 960 -n -f -6 "/out/sub-voice952/ses-1/func/sub-voice952_ses-1_task-pitchnw_run-1_bold_heudiconv364.nii"
INFO: stdout 2022-10-12T23:42:15.980569:Conversion required 10.280315 seconds (0.271416 for core code).
INFO: [Node] Finished "convert", elapsed time 10.417457s.
INFO: Post-treating /out/sub-voice952/ses-1/func/sub-voice952_ses-1_task-pitchnw_run-1_bold.json file
INFO: Converting /out/sub-voice952/ses-1/func/sub-voice952_ses-1_task-pitchnw_run-2_bold (101 DICOMs) -> /out/sub-voice952/ses-1/func . Converter: dcm2niix . Output types: ('nii.gz',)
INFO: [Node] Setting-up "convert" in "/tmp/dcm2niix67kdu1ok/convert".
INFO: [Node] Executing "convert" <nipype.interfaces.dcm2nii.Dcm2niix>
INFO: stdout 2022-10-12T23:42:17.188408:Chris Rorden's dcm2niiX version v1.0.20211006  GCC10.2.1 x86-64 (64-bit Linux)
INFO: stdout 2022-10-12T23:42:17.188408:Found 101 DICOM file(s)
INFO: stdout 2022-10-12T23:42:17.188408:Warning: Slice timing appears corrupted (range 0..5360, TR=2000 ms)
INFO: stdout 2022-10-12T23:42:17.188408:Convert 101 DICOM as /out/sub-voice952/ses-1/func/sub-voice952_ses-1_task-pitchnw_run-2_bold_heudiconv226 (108x108x65x101)
INFO: stdout 2022-10-12T23:42:26.386823:Compress: "/usr/bin/pigz" -b 960 -n -f -6 "/out/sub-voice952/ses-1/func/sub-voice952_ses-1_task-pitchnw_run-2_bold_heudiconv226.nii"
INFO: stdout 2022-10-12T23:42:26.386823:Conversion required 10.018611 seconds (0.283464 for core code).
INFO: [Node] Finished "convert", elapsed time 10.163307s.
INFO: Post-treating /out/sub-voice952/ses-1/func/sub-voice952_ses-1_task-pitchnw_run-2_bold.json file
INFO: Converting /out/sub-voice952/ses-1/func/sub-voice952_ses-1_task-movie_run-1_bold (138 DICOMs) -> /out/sub-voice952/ses-1/func . Converter: dcm2niix . Output types: ('nii.gz',)
INFO: [Node] Setting-up "convert" in "/tmp/dcm2niix7e_7rdav/convert".
INFO: [Node] Executing "convert" <nipype.interfaces.dcm2nii.Dcm2niix>
INFO: stdout 2022-10-12T23:42:27.402160:Chris Rorden's dcm2niiX version v1.0.20211006  GCC10.2.1 x86-64 (64-bit Linux)
INFO: stdout 2022-10-12T23:42:27.402160:Found 138 DICOM file(s)
INFO: stdout 2022-10-12T23:42:27.402160:Warning: Slice timing appears corrupted (range 0..5360, TR=1090 ms)
INFO: stdout 2022-10-12T23:42:27.402160:Convert 138 DICOM as /out/sub-voice952/ses-1/func/sub-voice952_ses-1_task-movie_run-1_bold_heudiconv163 (108x108x65x138)
INFO: stdout 2022-10-12T23:42:40.606095:Compress: "/usr/bin/pigz" -b 960 -n -f -6 "/out/sub-voice952/ses-1/func/sub-voice952_ses-1_task-movie_run-1_bold_heudiconv163.nii"
INFO: stdout 2022-10-12T23:42:40.606095:Conversion required 13.781656 seconds (0.295480 for core code).
INFO: [Node] Finished "convert", elapsed time 13.854747s.
INFO: Post-treating /out/sub-voice952/ses-1/func/sub-voice952_ses-1_task-movie_run-1_bold.json file
INFO: Populating template files under /out/
INFO: PROCESSING DONE: {'subject': 'voice952', 'outdir': '/out/', 'session': '1'}
