INFO: Running heudiconv version 0.11.3+d20220512 latest 0.11.4
INFO: Need to process 1 study sessions
INFO: PROCESSING STARTS: {'subject': 'voice988', 'outdir': '/out/', 'session': '1'}
INFO: Processing 4420 dicoms
INFO: Analyzing 4420 dicoms
INFO: Generated sequence info for 43 accession numbers with 4420 entries total
INFO: Doing conversion using dcm2niix
INFO: Converting /out/sub-voice988/ses-1/func/sub-voice988_ses-1_task-rest_run-1_bold (300 DICOMs) -> /out/sub-voice988/ses-1/func . Converter: dcm2niix . Output types: ('nii.gz',)
WARNING: A newer version (1.8.4) of nipy/nipype is available. You are using 1.8.0
INFO: [Node] Setting-up "convert" in "/tmp/dcm2niix6ij0nhg9/convert".
INFO: [Node] Executing "convert" <nipype.interfaces.dcm2nii.Dcm2niix>
INFO: stdout 2022-10-12T23:42:15.389486:Chris Rorden's dcm2niiX version v1.0.20211006  GCC10.2.1 x86-64 (64-bit Linux)
INFO: stdout 2022-10-12T23:42:15.389486:Found 300 DICOM file(s)
INFO: stdout 2022-10-12T23:42:15.389486:Warning: Slice timing appears corrupted (range 0..5357.5, TR=1090 ms)
INFO: stdout 2022-10-12T23:42:15.389486:Convert 300 DICOM as /out/sub-voice988/ses-1/func/sub-voice988_ses-1_task-rest_run-1_bold_heudiconv477 (108x108x65x300)
INFO: stdout 2022-10-12T23:42:39.304262:Compress: "/usr/bin/pigz" -b 960 -n -f -6 "/out/sub-voice988/ses-1/func/sub-voice988_ses-1_task-rest_run-1_bold_heudiconv477.nii"
INFO: stdout 2022-10-12T23:42:39.304262:Conversion required 26.504255 seconds (0.628356 for core code).
INFO: [Node] Finished "convert", elapsed time 26.571989s.
INFO: Post-treating /out/sub-voice988/ses-1/func/sub-voice988_ses-1_task-rest_run-1_bold.json file
INFO: Converting /out/sub-voice988/ses-1/fmap/sub-voice988_ses-1_acq-func_dir-PA_run-1_epi (260 DICOMs) -> /out/sub-voice988/ses-1/fmap . Converter: dcm2niix . Output types: ('nii.gz',)
INFO: [Node] Setting-up "convert" in "/tmp/dcm2niixccffmnwo/convert".
INFO: [Node] Executing "convert" <nipype.interfaces.dcm2nii.Dcm2niix>
INFO: stdout 2022-10-12T23:42:44.115001:Chris Rorden's dcm2niiX version v1.0.20211006  GCC10.2.1 x86-64 (64-bit Linux)
INFO: stdout 2022-10-12T23:42:44.115001:Found 260 DICOM file(s)
INFO: stdout 2022-10-12T23:42:44.115001:Convert 260 DICOM as /out/sub-voice988/ses-1/fmap/sub-voice988_ses-1_acq-func_dir-PA_run-1_epi_heudiconv151 (108x108x65x4)
INFO: stdout 2022-10-12T23:42:44.591733:Compress: "/usr/bin/pigz" -b 960 -n -f -6 "/out/sub-voice988/ses-1/fmap/sub-voice988_ses-1_acq-func_dir-PA_run-1_epi_heudiconv151.nii"
INFO: stdout 2022-10-12T23:42:44.591733:Conversion required 3.675833 seconds (0.103467 for core code).
INFO: [Node] Finished "convert", elapsed time 3.903724s.
WARNING: Failed to find task field in /out/sub-voice988/ses-1/fmap/sub-voice988_ses-1_acq-func_dir-PA_run-1_epi.json.
INFO: Post-treating /out/sub-voice988/ses-1/fmap/sub-voice988_ses-1_acq-func_dir-PA_run-1_epi.json file
INFO: Converting /out/sub-voice988/ses-1/fmap/sub-voice988_ses-1_acq-func_dir-AP_run-2_epi (260 DICOMs) -> /out/sub-voice988/ses-1/fmap . Converter: dcm2niix . Output types: ('nii.gz',)
INFO: [Node] Setting-up "convert" in "/tmp/dcm2niixhy5qkbgj/convert".
INFO: [Node] Executing "convert" <nipype.interfaces.dcm2nii.Dcm2niix>
INFO: stdout 2022-10-12T23:42:48.831184:Chris Rorden's dcm2niiX version v1.0.20211006  GCC10.2.1 x86-64 (64-bit Linux)
INFO: stdout 2022-10-12T23:42:48.831184:Found 260 DICOM file(s)
INFO: stdout 2022-10-12T23:42:48.831184:Convert 260 DICOM as /out/sub-voice988/ses-1/fmap/sub-voice988_ses-1_acq-func_dir-AP_run-2_epi_heudiconv313 (108x108x65x4)
INFO: stdout 2022-10-12T23:42:49.351328:Compress: "/usr/bin/pigz" -b 960 -n -f -6 "/out/sub-voice988/ses-1/fmap/sub-voice988_ses-1_acq-func_dir-AP_run-2_epi_heudiconv313.nii"
INFO: stdout 2022-10-12T23:42:49.351328:Conversion required 3.633930 seconds (0.090757 for core code).
INFO: [Node] Finished "convert", elapsed time 3.743864s.
WARNING: Failed to find task field in /out/sub-voice988/ses-1/fmap/sub-voice988_ses-1_acq-func_dir-AP_run-2_epi.json.
INFO: Post-treating /out/sub-voice988/ses-1/fmap/sub-voice988_ses-1_acq-func_dir-AP_run-2_epi.json file
INFO: Converting /out/sub-voice988/ses-1/dwi/sub-voice988_ses-1_acq-PA_dwi (72 DICOMs) -> /out/sub-voice988/ses-1/dwi . Converter: dcm2niix . Output types: ('nii.gz',)
INFO: [Node] Setting-up "convert" in "/tmp/dcm2niix4yktwr_f/convert".
INFO: [Node] Executing "convert" <nipype.interfaces.dcm2nii.Dcm2niix>
INFO: stdout 2022-10-12T23:42:51.761314:Chris Rorden's dcm2niiX version v1.0.20211006  GCC10.2.1 x86-64 (64-bit Linux)
INFO: stdout 2022-10-12T23:42:51.761314:Found 72 DICOM file(s)
INFO: stdout 2022-10-12T23:42:51.761314:Warning: Slice timing appears corrupted (range 0..8.63999e+07, TR=4400 ms)
INFO: stdout 2022-10-12T23:42:51.761314:Convert 72 DICOM as /out/sub-voice988/ses-1/dwi/sub-voice988_ses-1_acq-PA_dwi_heudiconv231 (120x120x66x72)
INFO: stdout 2022-10-12T23:42:59.293184:Compress: "/usr/bin/pigz" -b 960 -n -f -6 "/out/sub-voice988/ses-1/dwi/sub-voice988_ses-1_acq-PA_dwi_heudiconv231.nii"
INFO: stdout 2022-10-12T23:42:59.293184:Conversion required 9.466976 seconds (0.247984 for core code).
INFO: [Node] Finished "convert", elapsed time 9.550218s.
WARNING: Failed to find task field in /out/sub-voice988/ses-1/dwi/sub-voice988_ses-1_acq-PA_dwi.json.
INFO: Post-treating /out/sub-voice988/ses-1/dwi/sub-voice988_ses-1_acq-PA_dwi.json file
INFO: Converting /out/sub-voice988/ses-1/dwi/sub-voice988_ses-1_acq-AP_dwi (7 DICOMs) -> /out/sub-voice988/ses-1/dwi . Converter: dcm2niix . Output types: ('nii.gz',)
INFO: [Node] Setting-up "convert" in "/tmp/dcm2niixmlcu_tsk/convert".
INFO: [Node] Executing "convert" <nipype.interfaces.dcm2nii.Dcm2niix>
INFO: stdout 2022-10-12T23:43:00.519527:Chris Rorden's dcm2niiX version v1.0.20211006  GCC10.2.1 x86-64 (64-bit Linux)
INFO: stdout 2022-10-12T23:43:00.519527:Found 7 DICOM file(s)
INFO: stdout 2022-10-12T23:43:00.519527:Warning: Slice timing appears corrupted (range 0..8.63999e+07, TR=4400 ms)
INFO: stdout 2022-10-12T23:43:00.519527:Convert 7 DICOM as /out/sub-voice988/ses-1/dwi/sub-voice988_ses-1_acq-AP_dwi_heudiconv048 (120x120x66x7)
INFO: stdout 2022-10-12T23:43:01.981235:Compress: "/usr/bin/pigz" -b 960 -n -f -6 "/out/sub-voice988/ses-1/dwi/sub-voice988_ses-1_acq-AP_dwi_heudiconv048.nii"
INFO: stdout 2022-10-12T23:43:01.981235:Conversion required 2.000062 seconds (0.037742 for core code).
INFO: [Node] Finished "convert", elapsed time 2.155421s.
WARNING: Failed to find task field in /out/sub-voice988/ses-1/dwi/sub-voice988_ses-1_acq-AP_dwi.json.
INFO: Post-treating /out/sub-voice988/ses-1/dwi/sub-voice988_ses-1_acq-AP_dwi.json file
INFO: Converting /out/sub-voice988/ses-1/anat/sub-voice988_ses-1_run-1_T1w (176 DICOMs) -> /out/sub-voice988/ses-1/anat . Converter: dcm2niix . Output types: ('nii.gz',)
INFO: [Node] Setting-up "convert" in "/tmp/dcm2niix85hsdp9z/convert".
INFO: [Node] Executing "convert" <nipype.interfaces.dcm2nii.Dcm2niix>
INFO: stdout 2022-10-12T23:43:08.393982:Chris Rorden's dcm2niiX version v1.0.20211006  GCC10.2.1 x86-64 (64-bit Linux)
INFO: stdout 2022-10-12T23:43:08.393982:Found 176 DICOM file(s)
INFO: stdout 2022-10-12T23:43:08.393982:Convert 176 DICOM as /out/sub-voice988/ses-1/anat/sub-voice988_ses-1_run-1_T1w_heudiconv072 (256x256x176x1)
INFO: stdout 2022-10-12T23:43:09.976400:Compress: "/usr/bin/pigz" -b 960 -n -f -6 "/out/sub-voice988/ses-1/anat/sub-voice988_ses-1_run-1_T1w_heudiconv072.nii"
INFO: stdout 2022-10-12T23:43:09.976400:Conversion required 7.237490 seconds (0.206168 for core code).
INFO: [Node] Finished "convert", elapsed time 7.329255s.
WARNING: Failed to find task field in /out/sub-voice988/ses-1/anat/sub-voice988_ses-1_run-1_T1w.json.
INFO: Post-treating /out/sub-voice988/ses-1/anat/sub-voice988_ses-1_run-1_T1w.json file
INFO: Converting /out/sub-voice988/ses-1/func/sub-voice988_ses-1_task-pataka_run-1_bold (207 DICOMs) -> /out/sub-voice988/ses-1/func . Converter: dcm2niix . Output types: ('nii.gz',)
INFO: [Node] Setting-up "convert" in "/tmp/dcm2niixog_2lcx6/convert".
INFO: [Node] Executing "convert" <nipype.interfaces.dcm2nii.Dcm2niix>
INFO: stdout 2022-10-12T23:43:23.005650:Chris Rorden's dcm2niiX version v1.0.20211006  GCC10.2.1 x86-64 (64-bit Linux)
INFO: stdout 2022-10-12T23:43:23.005650:Found 207 DICOM file(s)
INFO: stdout 2022-10-12T23:43:23.005650:Warning: Slice timing appears corrupted (range 0..3137.5, TR=1640 ms)
INFO: stdout 2022-10-12T23:43:23.005650:Convert 207 DICOM as /out/sub-voice988/ses-1/func/sub-voice988_ses-1_task-pataka_run-1_bold_heudiconv816 (72x72x45x207)
INFO: stdout 2022-10-12T23:43:28.424502:Compress: "/usr/bin/pigz" -b 960 -n -f -6 "/out/sub-voice988/ses-1/func/sub-voice988_ses-1_task-pataka_run-1_bold_heudiconv816.nii"
INFO: stdout 2022-10-12T23:43:28.424502:Conversion required 17.975913 seconds (0.353648 for core code).
INFO: [Node] Finished "convert", elapsed time 18.023828s.
INFO: Post-treating /out/sub-voice988/ses-1/func/sub-voice988_ses-1_task-pataka_run-1_bold.json file
INFO: Converting /out/sub-voice988/ses-1/func/sub-voice988_ses-1_task-pataka_run-2_bold (207 DICOMs) -> /out/sub-voice988/ses-1/func . Converter: dcm2niix . Output types: ('nii.gz',)
INFO: [Node] Setting-up "convert" in "/tmp/dcm2niixyge8um2x/convert".
INFO: [Node] Executing "convert" <nipype.interfaces.dcm2nii.Dcm2niix>
INFO: stdout 2022-10-12T23:43:41.718823:Chris Rorden's dcm2niiX version v1.0.20211006  GCC10.2.1 x86-64 (64-bit Linux)
INFO: stdout 2022-10-12T23:43:41.718823:Found 207 DICOM file(s)
INFO: stdout 2022-10-12T23:43:41.718823:Warning: Slice timing appears corrupted (range 0..3135, TR=1640 ms)
INFO: stdout 2022-10-12T23:43:41.718823:Convert 207 DICOM as /out/sub-voice988/ses-1/func/sub-voice988_ses-1_task-pataka_run-2_bold_heudiconv813 (72x72x45x207)
INFO: stdout 2022-10-12T23:43:47.059211:Compress: "/usr/bin/pigz" -b 960 -n -f -6 "/out/sub-voice988/ses-1/func/sub-voice988_ses-1_task-pataka_run-2_bold_heudiconv813.nii"
INFO: stdout 2022-10-12T23:43:47.059211:Conversion required 17.869051 seconds (0.329070 for core code).
INFO: [Node] Finished "convert", elapsed time 17.942235s.
INFO: Post-treating /out/sub-voice988/ses-1/func/sub-voice988_ses-1_task-pataka_run-2_bold.json file
INFO: Converting /out/sub-voice988/ses-1/func/sub-voice988_ses-1_task-pitchsent_run-1_bold (57 DICOMs) -> /out/sub-voice988/ses-1/func . Converter: dcm2niix . Output types: ('nii.gz',)
INFO: [Node] Setting-up "convert" in "/tmp/dcm2niixoqemf3du/convert".
INFO: [Node] Executing "convert" <nipype.interfaces.dcm2nii.Dcm2niix>
INFO: stdout 2022-10-12T23:43:52.298831:Chris Rorden's dcm2niiX version v1.0.20211006  GCC10.2.1 x86-64 (64-bit Linux)
INFO: stdout 2022-10-12T23:43:52.298831:Found 57 DICOM file(s)
INFO: stdout 2022-10-12T23:43:52.298831:Warning: Slice timing appears corrupted (range 0..5357.5, TR=4000 ms)
INFO: stdout 2022-10-12T23:43:52.298831:Convert 57 DICOM as /out/sub-voice988/ses-1/func/sub-voice988_ses-1_task-pitchsent_run-1_bold_heudiconv571 (108x108x65x57)
INFO: stdout 2022-10-12T23:43:57.519114:Compress: "/usr/bin/pigz" -b 960 -n -f -6 "/out/sub-voice988/ses-1/func/sub-voice988_ses-1_task-pitchsent_run-1_bold_heudiconv571.nii"
INFO: stdout 2022-10-12T23:43:57.519114:Conversion required 9.376313 seconds (0.261813 for core code).
INFO: [Node] Finished "convert", elapsed time 9.489427s.
INFO: Post-treating /out/sub-voice988/ses-1/func/sub-voice988_ses-1_task-pitchsent_run-1_bold.json file
INFO: Converting /out/sub-voice988/ses-1/func/sub-voice988_ses-1_task-pitchsent_run-2_bold (57 DICOMs) -> /out/sub-voice988/ses-1/func . Converter: dcm2niix . Output types: ('nii.gz',)
INFO: [Node] Setting-up "convert" in "/tmp/dcm2niix98bm55er/convert".
INFO: [Node] Executing "convert" <nipype.interfaces.dcm2nii.Dcm2niix>
INFO: stdout 2022-10-12T23:44:07.906218:Chris Rorden's dcm2niiX version v1.0.20211006  GCC10.2.1 x86-64 (64-bit Linux)
INFO: stdout 2022-10-12T23:44:07.906218:Found 57 DICOM file(s)
INFO: stdout 2022-10-12T23:44:07.906218:Warning: Slice timing appears corrupted (range 0..5357.5, TR=4000 ms)
INFO: stdout 2022-10-12T23:44:07.906218:Convert 57 DICOM as /out/sub-voice988/ses-1/func/sub-voice988_ses-1_task-pitchsent_run-2_bold_heudiconv855 (108x108x65x57)
INFO: stdout 2022-10-12T23:44:13.775136:Compress: "/usr/bin/pigz" -b 960 -n -f -6 "/out/sub-voice988/ses-1/func/sub-voice988_ses-1_task-pitchsent_run-2_bold_heudiconv855.nii"
INFO: stdout 2022-10-12T23:44:13.775136:Conversion required 15.617303 seconds (0.231499 for core code).
INFO: [Node] Finished "convert", elapsed time 15.701131s.
INFO: Post-treating /out/sub-voice988/ses-1/func/sub-voice988_ses-1_task-pitchsent_run-2_bold.json file
INFO: Converting /out/sub-voice988/ses-1/func/sub-voice988_ses-1_task-pitchsent_run-3_bold (57 DICOMs) -> /out/sub-voice988/ses-1/func . Converter: dcm2niix . Output types: ('nii.gz',)
INFO: [Node] Setting-up "convert" in "/tmp/dcm2niixcmlts_6u/convert".
INFO: [Node] Executing "convert" <nipype.interfaces.dcm2nii.Dcm2niix>
INFO: stdout 2022-10-12T23:44:19.433764:Chris Rorden's dcm2niiX version v1.0.20211006  GCC10.2.1 x86-64 (64-bit Linux)
INFO: stdout 2022-10-12T23:44:19.433764:Found 57 DICOM file(s)
INFO: stdout 2022-10-12T23:44:19.433764:Warning: Slice timing appears corrupted (range 0..5360, TR=4000 ms)
INFO: stdout 2022-10-12T23:44:19.433764:Convert 57 DICOM as /out/sub-voice988/ses-1/func/sub-voice988_ses-1_task-pitchsent_run-3_bold_heudiconv497 (108x108x65x57)
INFO: stdout 2022-10-12T23:44:27.356273:Compress: "/usr/bin/pigz" -b 960 -n -f -6 "/out/sub-voice988/ses-1/func/sub-voice988_ses-1_task-pitchsent_run-3_bold_heudiconv497.nii"
INFO: stdout 2022-10-12T23:44:27.356273:Conversion required 12.461628 seconds (0.225502 for core code).
INFO: [Node] Finished "convert", elapsed time 12.674522s.
INFO: Post-treating /out/sub-voice988/ses-1/func/sub-voice988_ses-1_task-pitchsent_run-3_bold.json file
INFO: Converting /out/sub-voice988/ses-1/func/sub-voice988_ses-1_task-nwr_run-1_bold (42 DICOMs) -> /out/sub-voice988/ses-1/func . Converter: dcm2niix . Output types: ('nii.gz',)
INFO: [Node] Setting-up "convert" in "/tmp/dcm2niix7omngw5x/convert".
INFO: [Node] Executing "convert" <nipype.interfaces.dcm2nii.Dcm2niix>
INFO: stdout 2022-10-12T23:44:34.371195:Chris Rorden's dcm2niiX version v1.0.20211006  GCC10.2.1 x86-64 (64-bit Linux)
INFO: stdout 2022-10-12T23:44:34.371195:Found 42 DICOM file(s)
INFO: stdout 2022-10-12T23:44:34.371195:Warning: Slice timing appears corrupted (range 0..5357.5, TR=4000 ms)
INFO: stdout 2022-10-12T23:44:34.371195:Convert 42 DICOM as /out/sub-voice988/ses-1/func/sub-voice988_ses-1_task-nwr_run-1_bold_heudiconv226 (108x108x65x42)
INFO: stdout 2022-10-12T23:44:39.619515:Compress: "/usr/bin/pigz" -b 960 -n -f -6 "/out/sub-voice988/ses-1/func/sub-voice988_ses-1_task-nwr_run-1_bold_heudiconv226.nii"
INFO: stdout 2022-10-12T23:44:39.619515:Conversion required 10.631317 seconds (0.170830 for core code).
INFO: [Node] Finished "convert", elapsed time 10.928699s.
INFO: Post-treating /out/sub-voice988/ses-1/func/sub-voice988_ses-1_task-nwr_run-1_bold.json file
INFO: Converting /out/sub-voice988/ses-1/func/sub-voice988_ses-1_task-nwr_run-2_bold (42 DICOMs) -> /out/sub-voice988/ses-1/func . Converter: dcm2niix . Output types: ('nii.gz',)
INFO: [Node] Setting-up "convert" in "/tmp/dcm2niixaqwp9z_9/convert".
INFO: [Node] Executing "convert" <nipype.interfaces.dcm2nii.Dcm2niix>
INFO: stdout 2022-10-12T23:44:48.184766:Chris Rorden's dcm2niiX version v1.0.20211006  GCC10.2.1 x86-64 (64-bit Linux)
INFO: stdout 2022-10-12T23:44:48.184766:Found 42 DICOM file(s)
INFO: stdout 2022-10-12T23:44:48.184766:Warning: Slice timing appears corrupted (range 0..5357.5, TR=4000 ms)
INFO: stdout 2022-10-12T23:44:48.184766:Convert 42 DICOM as /out/sub-voice988/ses-1/func/sub-voice988_ses-1_task-nwr_run-2_bold_heudiconv782 (108x108x65x42)
INFO: stdout 2022-10-12T23:44:51.955225:Compress: "/usr/bin/pigz" -b 960 -n -f -6 "/out/sub-voice988/ses-1/func/sub-voice988_ses-1_task-nwr_run-2_bold_heudiconv782.nii"
INFO: stdout 2022-10-12T23:44:51.955225:Conversion required 11.043864 seconds (0.224043 for core code).
INFO: [Node] Finished "convert", elapsed time 11.178443s.
INFO: Post-treating /out/sub-voice988/ses-1/func/sub-voice988_ses-1_task-nwr_run-2_bold.json file
INFO: Converting /out/sub-voice988/ses-1/func/sub-voice988_ses-1_task-nwr_run-3_bold (42 DICOMs) -> /out/sub-voice988/ses-1/func . Converter: dcm2niix . Output types: ('nii.gz',)
INFO: [Node] Setting-up "convert" in "/tmp/dcm2niixi4l_ho_e/convert".
INFO: [Node] Executing "convert" <nipype.interfaces.dcm2nii.Dcm2niix>
INFO: stdout 2022-10-12T23:44:55.525601:Chris Rorden's dcm2niiX version v1.0.20211006  GCC10.2.1 x86-64 (64-bit Linux)
INFO: stdout 2022-10-12T23:44:55.525601:Found 42 DICOM file(s)
INFO: stdout 2022-10-12T23:44:55.525601:Warning: Slice timing appears corrupted (range 0..5360, TR=4000 ms)
INFO: stdout 2022-10-12T23:44:55.525601:Convert 42 DICOM as /out/sub-voice988/ses-1/func/sub-voice988_ses-1_task-nwr_run-3_bold_heudiconv400 (108x108x65x42)
INFO: stdout 2022-10-12T23:44:59.094142:Compress: "/usr/bin/pigz" -b 960 -n -f -6 "/out/sub-voice988/ses-1/func/sub-voice988_ses-1_task-nwr_run-3_bold_heudiconv400.nii"
INFO: stdout 2022-10-12T23:44:59.094142:Conversion required 6.439765 seconds (0.173380 for core code).
INFO: [Node] Finished "convert", elapsed time 6.631345s.
INFO: Post-treating /out/sub-voice988/ses-1/func/sub-voice988_ses-1_task-nwr_run-3_bold.json file
INFO: Converting /out/sub-voice988/ses-1/func/sub-voice988_ses-1_task-facematch_run-1_bold (99 DICOMs) -> /out/sub-voice988/ses-1/func . Converter: dcm2niix . Output types: ('nii.gz',)
INFO: [Node] Setting-up "convert" in "/tmp/dcm2niixn4nbhzal/convert".
INFO: [Node] Executing "convert" <nipype.interfaces.dcm2nii.Dcm2niix>
INFO: stdout 2022-10-12T23:45:12.036658:Chris Rorden's dcm2niiX version v1.0.20211006  GCC10.2.1 x86-64 (64-bit Linux)
INFO: stdout 2022-10-12T23:45:12.036658:Found 99 DICOM file(s)
INFO: stdout 2022-10-12T23:45:12.036658:Warning: Slice timing appears corrupted (range 0..5357.5, TR=2000 ms)
INFO: stdout 2022-10-12T23:45:12.036658:Convert 99 DICOM as /out/sub-voice988/ses-1/func/sub-voice988_ses-1_task-facematch_run-1_bold_heudiconv518 (108x108x65x99)
INFO: stdout 2022-10-12T23:45:20.901724:Compress: "/usr/bin/pigz" -b 960 -n -f -6 "/out/sub-voice988/ses-1/func/sub-voice988_ses-1_task-facematch_run-1_bold_heudiconv518.nii"
INFO: stdout 2022-10-12T23:45:20.901724:Conversion required 20.374413 seconds (0.390155 for core code).
INFO: [Node] Finished "convert", elapsed time 20.507989s.
INFO: Post-treating /out/sub-voice988/ses-1/func/sub-voice988_ses-1_task-facematch_run-1_bold.json file
INFO: Converting /out/sub-voice988/ses-1/func/sub-voice988_ses-1_task-facematch_run-2_bold (99 DICOMs) -> /out/sub-voice988/ses-1/func . Converter: dcm2niix . Output types: ('nii.gz',)
INFO: [Node] Setting-up "convert" in "/tmp/dcm2niixb77m8pwo/convert".
INFO: [Node] Executing "convert" <nipype.interfaces.dcm2nii.Dcm2niix>
INFO: stdout 2022-10-12T23:45:31.743353:Chris Rorden's dcm2niiX version v1.0.20211006  GCC10.2.1 x86-64 (64-bit Linux)
INFO: stdout 2022-10-12T23:45:31.743353:Found 99 DICOM file(s)
INFO: stdout 2022-10-12T23:45:31.743353:Warning: Slice timing appears corrupted (range 0..5357.5, TR=2000 ms)
INFO: stdout 2022-10-12T23:45:31.743353:Convert 99 DICOM as /out/sub-voice988/ses-1/func/sub-voice988_ses-1_task-facematch_run-2_bold_heudiconv381 (108x108x65x99)
INFO: stdout 2022-10-12T23:45:40.170414:Compress: "/usr/bin/pigz" -b 960 -n -f -6 "/out/sub-voice988/ses-1/func/sub-voice988_ses-1_task-facematch_run-2_bold_heudiconv381.nii"
INFO: stdout 2022-10-12T23:45:40.170414:Conversion required 17.552903 seconds (0.257220 for core code).
INFO: [Node] Finished "convert", elapsed time 17.653542s.
INFO: Post-treating /out/sub-voice988/ses-1/func/sub-voice988_ses-1_task-facematch_run-2_bold.json file
INFO: Converting /out/sub-voice988/ses-1/func/sub-voice988_ses-1_task-emosent_run-1_bold (42 DICOMs) -> /out/sub-voice988/ses-1/func . Converter: dcm2niix . Output types: ('nii.gz',)
INFO: [Node] Setting-up "convert" in "/tmp/dcm2niixz164gcr1/convert".
INFO: [Node] Executing "convert" <nipype.interfaces.dcm2nii.Dcm2niix>
INFO: stdout 2022-10-12T23:45:43.742240:Chris Rorden's dcm2niiX version v1.0.20211006  GCC10.2.1 x86-64 (64-bit Linux)
INFO: stdout 2022-10-12T23:45:43.742240:Found 42 DICOM file(s)
INFO: stdout 2022-10-12T23:45:43.742240:Warning: Slice timing appears corrupted (range 0..5360, TR=4000 ms)
INFO: stdout 2022-10-12T23:45:43.742240:Convert 42 DICOM as /out/sub-voice988/ses-1/func/sub-voice988_ses-1_task-emosent_run-1_bold_heudiconv814 (108x108x65x42)
INFO: stdout 2022-10-12T23:45:47.322995:Compress: "/usr/bin/pigz" -b 960 -n -f -6 "/out/sub-voice988/ses-1/func/sub-voice988_ses-1_task-emosent_run-1_bold_heudiconv814.nii"
INFO: stdout 2022-10-12T23:45:47.322995:Conversion required 5.656449 seconds (0.116018 for core code).
INFO: [Node] Finished "convert", elapsed time 6.734263s.
INFO: Post-treating /out/sub-voice988/ses-1/func/sub-voice988_ses-1_task-emosent_run-1_bold.json file
INFO: Converting /out/sub-voice988/ses-1/func/sub-voice988_ses-1_task-emosent_run-2_bold (42 DICOMs) -> /out/sub-voice988/ses-1/func . Converter: dcm2niix . Output types: ('nii.gz',)
INFO: [Node] Setting-up "convert" in "/tmp/dcm2niix1b_rbf9g/convert".
INFO: [Node] Executing "convert" <nipype.interfaces.dcm2nii.Dcm2niix>
INFO: stdout 2022-10-12T23:45:51.789227:Chris Rorden's dcm2niiX version v1.0.20211006  GCC10.2.1 x86-64 (64-bit Linux)
INFO: stdout 2022-10-12T23:45:51.789227:Found 42 DICOM file(s)
INFO: stdout 2022-10-12T23:45:51.789227:Warning: Slice timing appears corrupted (range 0..5357.5, TR=4000 ms)
INFO: stdout 2022-10-12T23:45:51.789227:Convert 42 DICOM as /out/sub-voice988/ses-1/func/sub-voice988_ses-1_task-emosent_run-2_bold_heudiconv485 (108x108x65x42)
INFO: stdout 2022-10-12T23:45:55.453922:Compress: "/usr/bin/pigz" -b 960 -n -f -6 "/out/sub-voice988/ses-1/func/sub-voice988_ses-1_task-emosent_run-2_bold_heudiconv485.nii"
INFO: stdout 2022-10-12T23:45:55.453922:Conversion required 6.642786 seconds (0.113056 for core code).
INFO: [Node] Finished "convert", elapsed time 6.916375s.
INFO: Post-treating /out/sub-voice988/ses-1/func/sub-voice988_ses-1_task-emosent_run-2_bold.json file
INFO: Converting /out/sub-voice988/ses-1/func/sub-voice988_ses-1_task-vowel_run-1_bold (55 DICOMs) -> /out/sub-voice988/ses-1/func . Converter: dcm2niix . Output types: ('nii.gz',)
INFO: [Node] Setting-up "convert" in "/tmp/dcm2niixjj8o6cm6/convert".
INFO: [Node] Executing "convert" <nipype.interfaces.dcm2nii.Dcm2niix>
INFO: stdout 2022-10-12T23:45:59.366380:Chris Rorden's dcm2niiX version v1.0.20211006  GCC10.2.1 x86-64 (64-bit Linux)
INFO: stdout 2022-10-12T23:45:59.366380:Found 55 DICOM file(s)
INFO: stdout 2022-10-12T23:45:59.366380:Warning: Slice timing appears corrupted (range 0..5357.5, TR=4000 ms)
INFO: stdout 2022-10-12T23:45:59.366380:Convert 55 DICOM as /out/sub-voice988/ses-1/func/sub-voice988_ses-1_task-vowel_run-1_bold_heudiconv845 (108x108x65x55)
INFO: stdout 2022-10-12T23:46:04.311367:Compress: "/usr/bin/pigz" -b 960 -n -f -6 "/out/sub-voice988/ses-1/func/sub-voice988_ses-1_task-vowel_run-1_bold_heudiconv845.nii"
INFO: stdout 2022-10-12T23:46:04.311367:Conversion required 8.209210 seconds (0.170708 for core code).
INFO: [Node] Finished "convert", elapsed time 8.298929s.
INFO: Post-treating /out/sub-voice988/ses-1/func/sub-voice988_ses-1_task-vowel_run-1_bold.json file
INFO: Converting /out/sub-voice988/ses-1/func/sub-voice988_ses-1_task-vowel_run-2_bold (55 DICOMs) -> /out/sub-voice988/ses-1/func . Converter: dcm2niix . Output types: ('nii.gz',)
INFO: [Node] Setting-up "convert" in "/tmp/dcm2niixlc3uzhvy/convert".
INFO: [Node] Executing "convert" <nipype.interfaces.dcm2nii.Dcm2niix>
INFO: stdout 2022-10-12T23:46:07.368863:Chris Rorden's dcm2niiX version v1.0.20211006  GCC10.2.1 x86-64 (64-bit Linux)
INFO: stdout 2022-10-12T23:46:07.368863:Found 55 DICOM file(s)
INFO: stdout 2022-10-12T23:46:07.368863:Warning: Slice timing appears corrupted (range 0..5357.5, TR=4000 ms)
INFO: stdout 2022-10-12T23:46:07.368863:Convert 55 DICOM as /out/sub-voice988/ses-1/func/sub-voice988_ses-1_task-vowel_run-2_bold_heudiconv407 (108x108x65x55)
INFO: stdout 2022-10-12T23:46:14.257852:Compress: "/usr/bin/pigz" -b 960 -n -f -6 "/out/sub-voice988/ses-1/func/sub-voice988_ses-1_task-vowel_run-2_bold_heudiconv407.nii"
INFO: stdout 2022-10-12T23:46:14.257852:Conversion required 9.183007 seconds (0.150792 for core code).
INFO: [Node] Finished "convert", elapsed time 9.259921s.
INFO: Post-treating /out/sub-voice988/ses-1/func/sub-voice988_ses-1_task-vowel_run-2_bold.json file
INFO: Converting /out/sub-voice988/ses-1/func/sub-voice988_ses-1_task-pitchnw_run-1_bold (101 DICOMs) -> /out/sub-voice988/ses-1/func . Converter: dcm2niix . Output types: ('nii.gz',)
INFO: [Node] Setting-up "convert" in "/tmp/dcm2niixa96z1on2/convert".
INFO: [Node] Executing "convert" <nipype.interfaces.dcm2nii.Dcm2niix>
INFO: stdout 2022-10-12T23:46:20.743513:Chris Rorden's dcm2niiX version v1.0.20211006  GCC10.2.1 x86-64 (64-bit Linux)
INFO: stdout 2022-10-12T23:46:20.743513:Found 101 DICOM file(s)
INFO: stdout 2022-10-12T23:46:20.743513:Warning: Slice timing appears corrupted (range 0..5360, TR=2000 ms)
INFO: stdout 2022-10-12T23:46:20.743513:Convert 101 DICOM as /out/sub-voice988/ses-1/func/sub-voice988_ses-1_task-pitchnw_run-1_bold_heudiconv078 (108x108x65x101)
INFO: stdout 2022-10-12T23:46:29.358589:Compress: "/usr/bin/pigz" -b 960 -n -f -6 "/out/sub-voice988/ses-1/func/sub-voice988_ses-1_task-pitchnw_run-1_bold_heudiconv078.nii"
INFO: stdout 2022-10-12T23:46:29.358589:Conversion required 14.021790 seconds (0.255729 for core code).
INFO: [Node] Finished "convert", elapsed time 14.236316s.
INFO: Post-treating /out/sub-voice988/ses-1/func/sub-voice988_ses-1_task-pitchnw_run-1_bold.json file
INFO: Converting /out/sub-voice988/ses-1/func/sub-voice988_ses-1_task-pitchnw_run-2_bold (101 DICOMs) -> /out/sub-voice988/ses-1/func . Converter: dcm2niix . Output types: ('nii.gz',)
INFO: [Node] Setting-up "convert" in "/tmp/dcm2niixezix8_h9/convert".
INFO: [Node] Executing "convert" <nipype.interfaces.dcm2nii.Dcm2niix>
INFO: stdout 2022-10-12T23:46:37.180463:Chris Rorden's dcm2niiX version v1.0.20211006  GCC10.2.1 x86-64 (64-bit Linux)
INFO: stdout 2022-10-12T23:46:37.180463:Found 101 DICOM file(s)
INFO: stdout 2022-10-12T23:46:37.180463:Warning: Slice timing appears corrupted (range 0..5360, TR=2000 ms)
INFO: stdout 2022-10-12T23:46:37.180463:Convert 101 DICOM as /out/sub-voice988/ses-1/func/sub-voice988_ses-1_task-pitchnw_run-2_bold_heudiconv321 (108x108x65x101)
INFO: stdout 2022-10-12T23:46:46.217943:Compress: "/usr/bin/pigz" -b 960 -n -f -6 "/out/sub-voice988/ses-1/func/sub-voice988_ses-1_task-pitchnw_run-2_bold_heudiconv321.nii"
INFO: stdout 2022-10-12T23:46:46.217943:Conversion required 15.893684 seconds (0.264297 for core code).
INFO: [Node] Finished "convert", elapsed time 16.042347s.
INFO: Post-treating /out/sub-voice988/ses-1/func/sub-voice988_ses-1_task-pitchnw_run-2_bold.json file
WARNING: Existing lockfile found in /out/heudiconv.lock - waiting for the lock to be released. To set a timeout limit, set the HEUDICONV_FILELOCK_TIMEOUT environmental variable to a value in seconds. If this process hangs, it may require a manual deletion of the /out/heudiconv.lock.
INFO: Populating template files under /out/
INFO: PROCESSING DONE: {'subject': 'voice988', 'outdir': '/out/', 'session': '1'}
