INFO: Running heudiconv version 0.11.3+d20220512 latest 0.11.4
INFO: Need to process 1 study sessions
INFO: PROCESSING STARTS: {'subject': 'voice889', 'outdir': '/out/', 'session': '2'}
INFO: Processing 5269 dicoms
INFO: Analyzing 5269 dicoms
INFO: Generated sequence info for 50 accession numbers with 5269 entries total
INFO: Doing conversion using dcm2niix
INFO: Converting /out/sub-voice889/ses-2/func/sub-voice889_ses-2_task-rest_run-1_bold (300 DICOMs) -> /out/sub-voice889/ses-2/func . Converter: dcm2niix . Output types: ('nii.gz',)
WARNING: A newer version (1.8.4) of nipy/nipype is available. You are using 1.8.0
INFO: [Node] Setting-up "convert" in "/tmp/dcm2niixj01gr1r9/convert".
INFO: [Node] Executing "convert" <nipype.interfaces.dcm2nii.Dcm2niix>
INFO: stdout 2022-10-12T23:32:21.541058:Chris Rorden's dcm2niiX version v1.0.20211006  GCC10.2.1 x86-64 (64-bit Linux)
INFO: stdout 2022-10-12T23:32:21.541058:Found 300 DICOM file(s)
INFO: stdout 2022-10-12T23:32:21.541058:Warning: Slice timing appears corrupted (range 0..5357.5, TR=1090 ms)
INFO: stdout 2022-10-12T23:32:21.541058:Convert 300 DICOM as /out/sub-voice889/ses-2/func/sub-voice889_ses-2_task-rest_run-1_bold_heudiconv777 (108x108x65x300)
INFO: stdout 2022-10-12T23:32:46.873787:Compress: "/usr/bin/pigz" -b 960 -n -f -6 "/out/sub-voice889/ses-2/func/sub-voice889_ses-2_task-rest_run-1_bold_heudiconv777.nii"
INFO: stdout 2022-10-12T23:32:46.873787:Conversion required 28.008473 seconds (1.089318 for core code).
INFO: [Node] Finished "convert", elapsed time 28.049063s.
INFO: Post-treating /out/sub-voice889/ses-2/func/sub-voice889_ses-2_task-rest_run-1_bold.json file
INFO: Converting /out/sub-voice889/ses-2/fmap/sub-voice889_ses-2_acq-func_dir-PA_run-1_epi (260 DICOMs) -> /out/sub-voice889/ses-2/fmap . Converter: dcm2niix . Output types: ('nii.gz',)
INFO: [Node] Setting-up "convert" in "/tmp/dcm2niixmlx1ldkr/convert".
INFO: [Node] Executing "convert" <nipype.interfaces.dcm2nii.Dcm2niix>
INFO: stdout 2022-10-12T23:32:49.440488:Chris Rorden's dcm2niiX version v1.0.20211006  GCC10.2.1 x86-64 (64-bit Linux)
INFO: stdout 2022-10-12T23:32:49.440488:Found 260 DICOM file(s)
INFO: stdout 2022-10-12T23:32:49.440488:Convert 260 DICOM as /out/sub-voice889/ses-2/fmap/sub-voice889_ses-2_acq-func_dir-PA_run-1_epi_heudiconv897 (108x108x65x4)
INFO: stdout 2022-10-12T23:32:50.124988:Compress: "/usr/bin/pigz" -b 960 -n -f -6 "/out/sub-voice889/ses-2/fmap/sub-voice889_ses-2_acq-func_dir-PA_run-1_epi_heudiconv897.nii"
INFO: stdout 2022-10-12T23:32:50.124988:Conversion required 2.198519 seconds (0.195024 for core code).
INFO: [Node] Finished "convert", elapsed time 2.261714s.
WARNING: Failed to find task field in /out/sub-voice889/ses-2/fmap/sub-voice889_ses-2_acq-func_dir-PA_run-1_epi.json.
INFO: Post-treating /out/sub-voice889/ses-2/fmap/sub-voice889_ses-2_acq-func_dir-PA_run-1_epi.json file
INFO: Converting /out/sub-voice889/ses-2/fmap/sub-voice889_ses-2_acq-func_dir-AP_run-2_epi (260 DICOMs) -> /out/sub-voice889/ses-2/fmap . Converter: dcm2niix . Output types: ('nii.gz',)
INFO: [Node] Setting-up "convert" in "/tmp/dcm2niixrbyog8lr/convert".
INFO: [Node] Executing "convert" <nipype.interfaces.dcm2nii.Dcm2niix>
INFO: stdout 2022-10-12T23:32:52.852758:Chris Rorden's dcm2niiX version v1.0.20211006  GCC10.2.1 x86-64 (64-bit Linux)
INFO: stdout 2022-10-12T23:32:52.852758:Found 260 DICOM file(s)
INFO: stdout 2022-10-12T23:32:52.852758:Convert 260 DICOM as /out/sub-voice889/ses-2/fmap/sub-voice889_ses-2_acq-func_dir-AP_run-2_epi_heudiconv211 (108x108x65x4)
INFO: stdout 2022-10-12T23:32:53.505349:Compress: "/usr/bin/pigz" -b 960 -n -f -6 "/out/sub-voice889/ses-2/fmap/sub-voice889_ses-2_acq-func_dir-AP_run-2_epi_heudiconv211.nii"
INFO: stdout 2022-10-12T23:32:53.505349:Conversion required 2.677217 seconds (0.231529 for core code).
INFO: [Node] Finished "convert", elapsed time 2.726976s.
WARNING: Failed to find task field in /out/sub-voice889/ses-2/fmap/sub-voice889_ses-2_acq-func_dir-AP_run-2_epi.json.
INFO: Post-treating /out/sub-voice889/ses-2/fmap/sub-voice889_ses-2_acq-func_dir-AP_run-2_epi.json file
INFO: Converting /out/sub-voice889/ses-2/dwi/sub-voice889_ses-2_acq-PA_dwi (72 DICOMs) -> /out/sub-voice889/ses-2/dwi . Converter: dcm2niix . Output types: ('nii.gz',)
INFO: [Node] Setting-up "convert" in "/tmp/dcm2niixq_fcu7gp/convert".
INFO: [Node] Executing "convert" <nipype.interfaces.dcm2nii.Dcm2niix>
INFO: stdout 2022-10-12T23:32:55.214606:Chris Rorden's dcm2niiX version v1.0.20211006  GCC10.2.1 x86-64 (64-bit Linux)
INFO: stdout 2022-10-12T23:32:55.214606:Found 72 DICOM file(s)
INFO: stdout 2022-10-12T23:32:55.214606:Warning: Slice timing appears corrupted (range 0..8.63999e+07, TR=4400 ms)
INFO: stdout 2022-10-12T23:32:55.214606:Convert 72 DICOM as /out/sub-voice889/ses-2/dwi/sub-voice889_ses-2_acq-PA_dwi_heudiconv198 (120x120x66x72)
INFO: stdout 2022-10-12T23:33:03.823600:Compress: "/usr/bin/pigz" -b 960 -n -f -6 "/out/sub-voice889/ses-2/dwi/sub-voice889_ses-2_acq-PA_dwi_heudiconv198.nii"
INFO: stdout 2022-10-12T23:33:03.823600:Conversion required 9.967291 seconds (0.343677 for core code).
INFO: [Node] Finished "convert", elapsed time 10.033918s.
WARNING: Failed to find task field in /out/sub-voice889/ses-2/dwi/sub-voice889_ses-2_acq-PA_dwi.json.
INFO: Post-treating /out/sub-voice889/ses-2/dwi/sub-voice889_ses-2_acq-PA_dwi.json file
INFO: Converting /out/sub-voice889/ses-2/dwi/sub-voice889_ses-2_acq-AP_dwi (7 DICOMs) -> /out/sub-voice889/ses-2/dwi . Converter: dcm2niix . Output types: ('nii.gz',)
INFO: [Node] Setting-up "convert" in "/tmp/dcm2niixihm1g6n_/convert".
INFO: [Node] Executing "convert" <nipype.interfaces.dcm2nii.Dcm2niix>
INFO: stdout 2022-10-12T23:33:04.386197:Chris Rorden's dcm2niiX version v1.0.20211006  GCC10.2.1 x86-64 (64-bit Linux)
INFO: stdout 2022-10-12T23:33:04.386197:Found 7 DICOM file(s)
INFO: stdout 2022-10-12T23:33:04.386197:Warning: Slice timing appears corrupted (range 0..8.63999e+07, TR=4400 ms)
INFO: stdout 2022-10-12T23:33:04.386197:Convert 7 DICOM as /out/sub-voice889/ses-2/dwi/sub-voice889_ses-2_acq-AP_dwi_heudiconv529 (120x120x66x7)
INFO: stdout 2022-10-12T23:33:05.286180:Compress: "/usr/bin/pigz" -b 960 -n -f -6 "/out/sub-voice889/ses-2/dwi/sub-voice889_ses-2_acq-AP_dwi_heudiconv529.nii"
INFO: stdout 2022-10-12T23:33:05.286180:Conversion required 1.164252 seconds (0.050533 for core code).
INFO: [Node] Finished "convert", elapsed time 1.221107s.
WARNING: Failed to find task field in /out/sub-voice889/ses-2/dwi/sub-voice889_ses-2_acq-AP_dwi.json.
INFO: Post-treating /out/sub-voice889/ses-2/dwi/sub-voice889_ses-2_acq-AP_dwi.json file
INFO: Converting /out/sub-voice889/ses-2/anat/sub-voice889_ses-2_run-1_T1w (176 DICOMs) -> /out/sub-voice889/ses-2/anat . Converter: dcm2niix . Output types: ('nii.gz',)
INFO: [Node] Setting-up "convert" in "/tmp/dcm2niix_j31zti_/convert".
INFO: [Node] Executing "convert" <nipype.interfaces.dcm2nii.Dcm2niix>
INFO: stdout 2022-10-12T23:33:07.038509:Chris Rorden's dcm2niiX version v1.0.20211006  GCC10.2.1 x86-64 (64-bit Linux)
INFO: stdout 2022-10-12T23:33:07.038509:Found 176 DICOM file(s)
INFO: stdout 2022-10-12T23:33:07.038509:Convert 176 DICOM as /out/sub-voice889/ses-2/anat/sub-voice889_ses-2_run-1_T1w_heudiconv678 (256x256x176x1)
INFO: stdout 2022-10-12T23:33:08.574536:Compress: "/usr/bin/pigz" -b 960 -n -f -6 "/out/sub-voice889/ses-2/anat/sub-voice889_ses-2_run-1_T1w_heudiconv678.nii"
INFO: stdout 2022-10-12T23:33:08.574536:Conversion required 2.542749 seconds (0.284612 for core code).
INFO: [Node] Finished "convert", elapsed time 2.593277s.
WARNING: Failed to find task field in /out/sub-voice889/ses-2/anat/sub-voice889_ses-2_run-1_T1w.json.
INFO: Post-treating /out/sub-voice889/ses-2/anat/sub-voice889_ses-2_run-1_T1w.json file
INFO: Converting /out/sub-voice889/ses-2/anat/sub-voice889_ses-2_T2w (176 DICOMs) -> /out/sub-voice889/ses-2/anat . Converter: dcm2niix . Output types: ('nii.gz',)
INFO: [Node] Setting-up "convert" in "/tmp/dcm2niixoede8vo0/convert".
INFO: [Node] Executing "convert" <nipype.interfaces.dcm2nii.Dcm2niix>
INFO: stdout 2022-10-12T23:33:10.456925:Chris Rorden's dcm2niiX version v1.0.20211006  GCC10.2.1 x86-64 (64-bit Linux)
INFO: stdout 2022-10-12T23:33:10.456925:Found 176 DICOM file(s)
INFO: stdout 2022-10-12T23:33:10.456925:Convert 176 DICOM as /out/sub-voice889/ses-2/anat/sub-voice889_ses-2_T2w_heudiconv005 (256x256x176x1)
INFO: stdout 2022-10-12T23:33:12.156022:Compress: "/usr/bin/pigz" -b 960 -n -f -6 "/out/sub-voice889/ses-2/anat/sub-voice889_ses-2_T2w_heudiconv005.nii"
INFO: stdout 2022-10-12T23:33:12.156022:Conversion required 3.102494 seconds (0.324615 for core code).
INFO: [Node] Finished "convert", elapsed time 3.150927s.
WARNING: Failed to find task field in /out/sub-voice889/ses-2/anat/sub-voice889_ses-2_T2w.json.
INFO: Post-treating /out/sub-voice889/ses-2/anat/sub-voice889_ses-2_T2w.json file
INFO: Converting /out/sub-voice889/ses-2/func/sub-voice889_ses-2_task-pataka_run-1_bold (207 DICOMs) -> /out/sub-voice889/ses-2/func . Converter: dcm2niix . Output types: ('nii.gz',)
INFO: [Node] Setting-up "convert" in "/tmp/dcm2niix0vvl9zac/convert".
INFO: [Node] Executing "convert" <nipype.interfaces.dcm2nii.Dcm2niix>
INFO: stdout 2022-10-12T23:33:14.939252:Chris Rorden's dcm2niiX version v1.0.20211006  GCC10.2.1 x86-64 (64-bit Linux)
INFO: stdout 2022-10-12T23:33:14.939252:Found 207 DICOM file(s)
INFO: stdout 2022-10-12T23:33:14.939252:Warning: Slice timing appears corrupted (range 0..3137.5, TR=1640 ms)
INFO: stdout 2022-10-12T23:33:14.939252:Convert 207 DICOM as /out/sub-voice889/ses-2/func/sub-voice889_ses-2_task-pataka_run-1_bold_heudiconv587 (72x72x45x207)
INFO: stdout 2022-10-12T23:33:22.002785:Compress: "/usr/bin/pigz" -b 960 -n -f -6 "/out/sub-voice889/ses-2/func/sub-voice889_ses-2_task-pataka_run-1_bold_heudiconv587.nii"
INFO: stdout 2022-10-12T23:33:22.002785:Conversion required 8.808160 seconds (0.387553 for core code).
INFO: [Node] Finished "convert", elapsed time 8.909407s.
INFO: Post-treating /out/sub-voice889/ses-2/func/sub-voice889_ses-2_task-pataka_run-1_bold.json file
INFO: Converting /out/sub-voice889/ses-2/func/sub-voice889_ses-2_task-pataka_run-2_bold (207 DICOMs) -> /out/sub-voice889/ses-2/func . Converter: dcm2niix . Output types: ('nii.gz',)
INFO: [Node] Setting-up "convert" in "/tmp/dcm2niix3t7rgu9b/convert".
INFO: [Node] Executing "convert" <nipype.interfaces.dcm2nii.Dcm2niix>
INFO: stdout 2022-10-12T23:33:24.687925:Chris Rorden's dcm2niiX version v1.0.20211006  GCC10.2.1 x86-64 (64-bit Linux)
INFO: stdout 2022-10-12T23:33:24.687925:Found 207 DICOM file(s)
INFO: stdout 2022-10-12T23:33:24.687925:Warning: Slice timing appears corrupted (range 0..3137.5, TR=1640 ms)
INFO: stdout 2022-10-12T23:33:24.687925:Convert 207 DICOM as /out/sub-voice889/ses-2/func/sub-voice889_ses-2_task-pataka_run-2_bold_heudiconv499 (72x72x45x207)
INFO: stdout 2022-10-12T23:33:30.431785:Compress: "/usr/bin/pigz" -b 960 -n -f -6 "/out/sub-voice889/ses-2/func/sub-voice889_ses-2_task-pataka_run-2_bold_heudiconv499.nii"
INFO: stdout 2022-10-12T23:33:30.431785:Conversion required 7.308382 seconds (0.347971 for core code).
INFO: [Node] Finished "convert", elapsed time 7.364747s.
INFO: Post-treating /out/sub-voice889/ses-2/func/sub-voice889_ses-2_task-pataka_run-2_bold.json file
INFO: Converting /out/sub-voice889/ses-2/func/sub-voice889_ses-2_task-pitchsent_run-1_bold (64 DICOMs) -> /out/sub-voice889/ses-2/func . Converter: dcm2niix . Output types: ('nii.gz',)
INFO: [Node] Setting-up "convert" in "/tmp/dcm2niixix_blxzx/convert".
INFO: [Node] Executing "convert" <nipype.interfaces.dcm2nii.Dcm2niix>
INFO: stdout 2022-10-12T23:33:31.305475:Chris Rorden's dcm2niiX version v1.0.20211006  GCC10.2.1 x86-64 (64-bit Linux)
INFO: stdout 2022-10-12T23:33:31.305475:Found 64 DICOM file(s)
INFO: stdout 2022-10-12T23:33:31.305475:Warning: Slice timing appears corrupted (range 0..5357.5, TR=4000 ms)
INFO: stdout 2022-10-12T23:33:31.305475:Convert 64 DICOM as /out/sub-voice889/ses-2/func/sub-voice889_ses-2_task-pitchsent_run-1_bold_heudiconv134 (108x108x65x64)
INFO: stdout 2022-10-12T23:33:37.340613:Compress: "/usr/bin/pigz" -b 960 -n -f -6 "/out/sub-voice889/ses-2/func/sub-voice889_ses-2_task-pitchsent_run-1_bold_heudiconv134.nii"
INFO: stdout 2022-10-12T23:33:37.340613:Conversion required 6.460500 seconds (0.234403 for core code).
INFO: [Node] Finished "convert", elapsed time 6.529482s.
INFO: Post-treating /out/sub-voice889/ses-2/func/sub-voice889_ses-2_task-pitchsent_run-1_bold.json file
INFO: Converting /out/sub-voice889/ses-2/func/sub-voice889_ses-2_task-pitchsent_run-2_bold (64 DICOMs) -> /out/sub-voice889/ses-2/func . Converter: dcm2niix . Output types: ('nii.gz',)
INFO: [Node] Setting-up "convert" in "/tmp/dcm2niixhzqow1uc/convert".
INFO: [Node] Executing "convert" <nipype.interfaces.dcm2nii.Dcm2niix>
INFO: stdout 2022-10-12T23:33:38.565652:Chris Rorden's dcm2niiX version v1.0.20211006  GCC10.2.1 x86-64 (64-bit Linux)
INFO: stdout 2022-10-12T23:33:38.565652:Found 64 DICOM file(s)
INFO: stdout 2022-10-12T23:33:38.565652:Warning: Slice timing appears corrupted (range 0..5360, TR=4000 ms)
INFO: stdout 2022-10-12T23:33:38.565652:Convert 64 DICOM as /out/sub-voice889/ses-2/func/sub-voice889_ses-2_task-pitchsent_run-2_bold_heudiconv093 (108x108x65x64)
INFO: stdout 2022-10-12T23:33:43.967156:Compress: "/usr/bin/pigz" -b 960 -n -f -6 "/out/sub-voice889/ses-2/func/sub-voice889_ses-2_task-pitchsent_run-2_bold_heudiconv093.nii"
INFO: stdout 2022-10-12T23:33:43.967156:Conversion required 6.183996 seconds (0.244185 for core code).
INFO: [Node] Finished "convert", elapsed time 6.262144s.
INFO: Post-treating /out/sub-voice889/ses-2/func/sub-voice889_ses-2_task-pitchsent_run-2_bold.json file
INFO: Converting /out/sub-voice889/ses-2/func/sub-voice889_ses-2_task-nwr_run-1_bold (42 DICOMs) -> /out/sub-voice889/ses-2/func . Converter: dcm2niix . Output types: ('nii.gz',)
INFO: [Node] Setting-up "convert" in "/tmp/dcm2niixjjng20tb/convert".
INFO: [Node] Executing "convert" <nipype.interfaces.dcm2nii.Dcm2niix>
INFO: stdout 2022-10-12T23:33:44.381839:Chris Rorden's dcm2niiX version v1.0.20211006  GCC10.2.1 x86-64 (64-bit Linux)
INFO: stdout 2022-10-12T23:33:44.381839:Found 42 DICOM file(s)
INFO: stdout 2022-10-12T23:33:44.381839:Warning: Slice timing appears corrupted (range 0..5360, TR=4000 ms)
INFO: stdout 2022-10-12T23:33:44.381839:Convert 42 DICOM as /out/sub-voice889/ses-2/func/sub-voice889_ses-2_task-nwr_run-1_bold_heudiconv160 (108x108x65x42)
INFO: stdout 2022-10-12T23:33:47.929910:Compress: "/usr/bin/pigz" -b 960 -n -f -6 "/out/sub-voice889/ses-2/func/sub-voice889_ses-2_task-nwr_run-1_bold_heudiconv160.nii"
INFO: stdout 2022-10-12T23:33:47.929910:Conversion required 3.722289 seconds (0.143769 for core code).
INFO: [Node] Finished "convert", elapsed time 3.776197s.
INFO: Post-treating /out/sub-voice889/ses-2/func/sub-voice889_ses-2_task-nwr_run-1_bold.json file
INFO: Converting /out/sub-voice889/ses-2/func/sub-voice889_ses-2_task-nwr_run-2_bold (42 DICOMs) -> /out/sub-voice889/ses-2/func . Converter: dcm2niix . Output types: ('nii.gz',)
INFO: [Node] Setting-up "convert" in "/tmp/dcm2niixlq825buj/convert".
INFO: [Node] Executing "convert" <nipype.interfaces.dcm2nii.Dcm2niix>
INFO: stdout 2022-10-12T23:33:48.322364:Chris Rorden's dcm2niiX version v1.0.20211006  GCC10.2.1 x86-64 (64-bit Linux)
INFO: stdout 2022-10-12T23:33:48.322364:Found 42 DICOM file(s)
INFO: stdout 2022-10-12T23:33:48.322364:Warning: Slice timing appears corrupted (range 0..5357.5, TR=4000 ms)
INFO: stdout 2022-10-12T23:33:48.322364:Convert 42 DICOM as /out/sub-voice889/ses-2/func/sub-voice889_ses-2_task-nwr_run-2_bold_heudiconv841 (108x108x65x42)
INFO: stdout 2022-10-12T23:33:51.981824:Compress: "/usr/bin/pigz" -b 960 -n -f -6 "/out/sub-voice889/ses-2/func/sub-voice889_ses-2_task-nwr_run-2_bold_heudiconv841.nii"
INFO: stdout 2022-10-12T23:33:51.981824:Conversion required 3.875226 seconds (0.153358 for core code).
INFO: [Node] Finished "convert", elapsed time 3.940503s.
INFO: Post-treating /out/sub-voice889/ses-2/func/sub-voice889_ses-2_task-nwr_run-2_bold.json file
INFO: Converting /out/sub-voice889/ses-2/func/sub-voice889_ses-2_task-nwr_run-3_bold (42 DICOMs) -> /out/sub-voice889/ses-2/func . Converter: dcm2niix . Output types: ('nii.gz',)
INFO: [Node] Setting-up "convert" in "/tmp/dcm2niixnxsrihpw/convert".
INFO: [Node] Executing "convert" <nipype.interfaces.dcm2nii.Dcm2niix>
INFO: stdout 2022-10-12T23:33:52.538666:Chris Rorden's dcm2niiX version v1.0.20211006  GCC10.2.1 x86-64 (64-bit Linux)
INFO: stdout 2022-10-12T23:33:52.538666:Found 42 DICOM file(s)
INFO: stdout 2022-10-12T23:33:52.538666:Warning: Slice timing appears corrupted (range 0..5357.5, TR=4000 ms)
INFO: stdout 2022-10-12T23:33:52.538666:Convert 42 DICOM as /out/sub-voice889/ses-2/func/sub-voice889_ses-2_task-nwr_run-3_bold_heudiconv043 (108x108x65x42)
INFO: stdout 2022-10-12T23:33:56.160169:Compress: "/usr/bin/pigz" -b 960 -n -f -6 "/out/sub-voice889/ses-2/func/sub-voice889_ses-2_task-nwr_run-3_bold_heudiconv043.nii"
INFO: stdout 2022-10-12T23:33:56.160169:Conversion required 3.907293 seconds (0.137594 for core code).
INFO: [Node] Finished "convert", elapsed time 3.973203s.
INFO: Post-treating /out/sub-voice889/ses-2/func/sub-voice889_ses-2_task-nwr_run-3_bold.json file
INFO: Converting /out/sub-voice889/ses-2/func/sub-voice889_ses-2_task-facematch_run-1_bold (99 DICOMs) -> /out/sub-voice889/ses-2/func . Converter: dcm2niix . Output types: ('nii.gz',)
INFO: [Node] Setting-up "convert" in "/tmp/dcm2niixu98frdx5/convert".
INFO: [Node] Executing "convert" <nipype.interfaces.dcm2nii.Dcm2niix>
INFO: stdout 2022-10-12T23:33:57.621284:Chris Rorden's dcm2niiX version v1.0.20211006  GCC10.2.1 x86-64 (64-bit Linux)
INFO: stdout 2022-10-12T23:33:57.621284:Found 99 DICOM file(s)
INFO: stdout 2022-10-12T23:33:57.621284:Warning: Slice timing appears corrupted (range 0..5360, TR=2000 ms)
INFO: stdout 2022-10-12T23:33:57.621284:Convert 99 DICOM as /out/sub-voice889/ses-2/func/sub-voice889_ses-2_task-facematch_run-1_bold_heudiconv519 (108x108x65x99)
INFO: stdout 2022-10-12T23:34:06.039682:Compress: "/usr/bin/pigz" -b 960 -n -f -6 "/out/sub-voice889/ses-2/func/sub-voice889_ses-2_task-facematch_run-1_bold_heudiconv519.nii"
INFO: stdout 2022-10-12T23:34:06.039682:Conversion required 9.530434 seconds (0.377618 for core code).
INFO: [Node] Finished "convert", elapsed time 9.583886s.
INFO: Post-treating /out/sub-voice889/ses-2/func/sub-voice889_ses-2_task-facematch_run-1_bold.json file
INFO: Converting /out/sub-voice889/ses-2/func/sub-voice889_ses-2_task-facematch_run-2_bold (99 DICOMs) -> /out/sub-voice889/ses-2/func . Converter: dcm2niix . Output types: ('nii.gz',)
INFO: [Node] Setting-up "convert" in "/tmp/dcm2niixrlwb0myi/convert".
INFO: [Node] Executing "convert" <nipype.interfaces.dcm2nii.Dcm2niix>
INFO: stdout 2022-10-12T23:34:06.743734:Chris Rorden's dcm2niiX version v1.0.20211006  GCC10.2.1 x86-64 (64-bit Linux)
INFO: stdout 2022-10-12T23:34:06.743734:Found 99 DICOM file(s)
INFO: stdout 2022-10-12T23:34:06.743734:Warning: Slice timing appears corrupted (range 0..5360, TR=2000 ms)
INFO: stdout 2022-10-12T23:34:06.743734:Convert 99 DICOM as /out/sub-voice889/ses-2/func/sub-voice889_ses-2_task-facematch_run-2_bold_heudiconv868 (108x108x65x99)
INFO: stdout 2022-10-12T23:34:15.196063:Compress: "/usr/bin/pigz" -b 960 -n -f -6 "/out/sub-voice889/ses-2/func/sub-voice889_ses-2_task-facematch_run-2_bold_heudiconv868.nii"
INFO: stdout 2022-10-12T23:34:15.196063:Conversion required 8.887234 seconds (0.328754 for core code).
INFO: [Node] Finished "convert", elapsed time 8.950421s.
INFO: Post-treating /out/sub-voice889/ses-2/func/sub-voice889_ses-2_task-facematch_run-2_bold.json file
INFO: Converting /out/sub-voice889/ses-2/func/sub-voice889_ses-2_task-emosent_run-1_bold (48 DICOMs) -> /out/sub-voice889/ses-2/func . Converter: dcm2niix . Output types: ('nii.gz',)
INFO: [Node] Setting-up "convert" in "/tmp/dcm2niixzyjhl2pi/convert".
INFO: [Node] Executing "convert" <nipype.interfaces.dcm2nii.Dcm2niix>
INFO: stdout 2022-10-12T23:34:15.930581:Chris Rorden's dcm2niiX version v1.0.20211006  GCC10.2.1 x86-64 (64-bit Linux)
INFO: stdout 2022-10-12T23:34:15.930581:Found 48 DICOM file(s)
INFO: stdout 2022-10-12T23:34:15.930581:Warning: Slice timing appears corrupted (range 0..5357.5, TR=4000 ms)
INFO: stdout 2022-10-12T23:34:15.930581:Convert 48 DICOM as /out/sub-voice889/ses-2/func/sub-voice889_ses-2_task-emosent_run-1_bold_heudiconv753 (108x108x65x48)
INFO: stdout 2022-10-12T23:34:20.438551:Compress: "/usr/bin/pigz" -b 960 -n -f -6 "/out/sub-voice889/ses-2/func/sub-voice889_ses-2_task-emosent_run-1_bold_heudiconv753.nii"
INFO: stdout 2022-10-12T23:34:20.438551:Conversion required 4.989716 seconds (0.190224 for core code).
INFO: [Node] Finished "convert", elapsed time 5.056083s.
INFO: Post-treating /out/sub-voice889/ses-2/func/sub-voice889_ses-2_task-emosent_run-1_bold.json file
INFO: Converting /out/sub-voice889/ses-2/func/sub-voice889_ses-2_task-emosent_run-2_bold (48 DICOMs) -> /out/sub-voice889/ses-2/func . Converter: dcm2niix . Output types: ('nii.gz',)
INFO: [Node] Setting-up "convert" in "/tmp/dcm2niixpkq7b3hk/convert".
INFO: [Node] Executing "convert" <nipype.interfaces.dcm2nii.Dcm2niix>
INFO: stdout 2022-10-12T23:34:20.955009:Chris Rorden's dcm2niiX version v1.0.20211006  GCC10.2.1 x86-64 (64-bit Linux)
INFO: stdout 2022-10-12T23:34:20.955009:Found 48 DICOM file(s)
INFO: stdout 2022-10-12T23:34:20.955009:Warning: Slice timing appears corrupted (range 0..5360, TR=4000 ms)
INFO: stdout 2022-10-12T23:34:20.955009:Convert 48 DICOM as /out/sub-voice889/ses-2/func/sub-voice889_ses-2_task-emosent_run-2_bold_heudiconv961 (108x108x65x48)
INFO: stdout 2022-10-12T23:34:25.005555:Compress: "/usr/bin/pigz" -b 960 -n -f -6 "/out/sub-voice889/ses-2/func/sub-voice889_ses-2_task-emosent_run-2_bold_heudiconv961.nii"
INFO: stdout 2022-10-12T23:34:25.005555:Conversion required 4.314411 seconds (0.176464 for core code).
INFO: [Node] Finished "convert", elapsed time 4.400045s.
INFO: Post-treating /out/sub-voice889/ses-2/func/sub-voice889_ses-2_task-emosent_run-2_bold.json file
INFO: Converting /out/sub-voice889/ses-2/func/sub-voice889_ses-2_task-vowel_run-1_bold (60 DICOMs) -> /out/sub-voice889/ses-2/func . Converter: dcm2niix . Output types: ('nii.gz',)
INFO: [Node] Setting-up "convert" in "/tmp/dcm2niixfq6nwydo/convert".
INFO: [Node] Executing "convert" <nipype.interfaces.dcm2nii.Dcm2niix>
INFO: stdout 2022-10-12T23:34:25.709998:Chris Rorden's dcm2niiX version v1.0.20211006  GCC10.2.1 x86-64 (64-bit Linux)
INFO: stdout 2022-10-12T23:34:25.709998:Found 60 DICOM file(s)
INFO: stdout 2022-10-12T23:34:25.709998:Warning: Slice timing appears corrupted (range 0..5357.5, TR=4000 ms)
INFO: stdout 2022-10-12T23:34:25.709998:Convert 60 DICOM as /out/sub-voice889/ses-2/func/sub-voice889_ses-2_task-vowel_run-1_bold_heudiconv349 (108x108x65x60)
INFO: stdout 2022-10-12T23:34:31.113522:Compress: "/usr/bin/pigz" -b 960 -n -f -6 "/out/sub-voice889/ses-2/func/sub-voice889_ses-2_task-vowel_run-1_bold_heudiconv349.nii"
INFO: stdout 2022-10-12T23:34:31.113522:Conversion required 5.750613 seconds (0.214361 for core code).
INFO: [Node] Finished "convert", elapsed time 5.8066320000000005s.
INFO: Post-treating /out/sub-voice889/ses-2/func/sub-voice889_ses-2_task-vowel_run-1_bold.json file
INFO: Converting /out/sub-voice889/ses-2/func/sub-voice889_ses-2_task-vowel_run-2_bold (60 DICOMs) -> /out/sub-voice889/ses-2/func . Converter: dcm2niix . Output types: ('nii.gz',)
INFO: [Node] Setting-up "convert" in "/tmp/dcm2niix7fqgp6sb/convert".
INFO: [Node] Executing "convert" <nipype.interfaces.dcm2nii.Dcm2niix>
INFO: stdout 2022-10-12T23:34:31.819122:Chris Rorden's dcm2niiX version v1.0.20211006  GCC10.2.1 x86-64 (64-bit Linux)
INFO: stdout 2022-10-12T23:34:31.819122:Found 60 DICOM file(s)
INFO: stdout 2022-10-12T23:34:31.819122:Warning: Slice timing appears corrupted (range 0..5357.5, TR=4000 ms)
INFO: stdout 2022-10-12T23:34:31.819122:Convert 60 DICOM as /out/sub-voice889/ses-2/func/sub-voice889_ses-2_task-vowel_run-2_bold_heudiconv985 (108x108x65x60)
INFO: stdout 2022-10-12T23:34:36.918602:Compress: "/usr/bin/pigz" -b 960 -n -f -6 "/out/sub-voice889/ses-2/func/sub-voice889_ses-2_task-vowel_run-2_bold_heudiconv985.nii"
INFO: stdout 2022-10-12T23:34:36.918602:Conversion required 5.527560 seconds (0.220381 for core code).
INFO: [Node] Finished "convert", elapsed time 5.586481s.
INFO: Post-treating /out/sub-voice889/ses-2/func/sub-voice889_ses-2_task-vowel_run-2_bold.json file
INFO: Converting /out/sub-voice889/ses-2/func/sub-voice889_ses-2_task-pitchnw_run-1_bold (101 DICOMs) -> /out/sub-voice889/ses-2/func . Converter: dcm2niix . Output types: ('nii.gz',)
INFO: [Node] Setting-up "convert" in "/tmp/dcm2niix25t3ee_k/convert".
INFO: [Node] Executing "convert" <nipype.interfaces.dcm2nii.Dcm2niix>
INFO: stdout 2022-10-12T23:34:38.782455:Chris Rorden's dcm2niiX version v1.0.20211006  GCC10.2.1 x86-64 (64-bit Linux)
INFO: stdout 2022-10-12T23:34:38.782455:Found 101 DICOM file(s)
INFO: stdout 2022-10-12T23:34:38.782455:Warning: Slice timing appears corrupted (range 0..5357.5, TR=2000 ms)
INFO: stdout 2022-10-12T23:34:38.782455:Convert 101 DICOM as /out/sub-voice889/ses-2/func/sub-voice889_ses-2_task-pitchnw_run-1_bold_heudiconv479 (108x108x65x101)
INFO: stdout 2022-10-12T23:34:48.788209:Compress: "/usr/bin/pigz" -b 960 -n -f -6 "/out/sub-voice889/ses-2/func/sub-voice889_ses-2_task-pitchnw_run-1_bold_heudiconv479.nii"
INFO: stdout 2022-10-12T23:34:48.788209:Conversion required 11.132213 seconds (0.374805 for core code).
INFO: [Node] Finished "convert", elapsed time 11.229152s.
INFO: Post-treating /out/sub-voice889/ses-2/func/sub-voice889_ses-2_task-pitchnw_run-1_bold.json file
INFO: Converting /out/sub-voice889/ses-2/func/sub-voice889_ses-2_task-pitchnw_run-2_bold (101 DICOMs) -> /out/sub-voice889/ses-2/func . Converter: dcm2niix . Output types: ('nii.gz',)
INFO: [Node] Setting-up "convert" in "/tmp/dcm2niixv36hqplw/convert".
INFO: [Node] Executing "convert" <nipype.interfaces.dcm2nii.Dcm2niix>
INFO: stdout 2022-10-12T23:34:50.101691:Chris Rorden's dcm2niiX version v1.0.20211006  GCC10.2.1 x86-64 (64-bit Linux)
INFO: stdout 2022-10-12T23:34:50.101691:Found 101 DICOM file(s)
INFO: stdout 2022-10-12T23:34:50.101691:Warning: Slice timing appears corrupted (range 0..5357.5, TR=2000 ms)
INFO: stdout 2022-10-12T23:34:50.101691:Convert 101 DICOM as /out/sub-voice889/ses-2/func/sub-voice889_ses-2_task-pitchnw_run-2_bold_heudiconv734 (108x108x65x101)
INFO: stdout 2022-10-12T23:34:59.236203:Compress: "/usr/bin/pigz" -b 960 -n -f -6 "/out/sub-voice889/ses-2/func/sub-voice889_ses-2_task-pitchnw_run-2_bold_heudiconv734.nii"
INFO: stdout 2022-10-12T23:34:59.236203:Conversion required 9.874216 seconds (0.360947 for core code).
INFO: [Node] Finished "convert", elapsed time 9.97898s.
INFO: Post-treating /out/sub-voice889/ses-2/func/sub-voice889_ses-2_task-pitchnw_run-2_bold.json file
INFO: Converting /out/sub-voice889/ses-2/func/sub-voice889_ses-2_task-movie_run-1_bold (138 DICOMs) -> /out/sub-voice889/ses-2/func . Converter: dcm2niix . Output types: ('nii.gz',)
INFO: [Node] Setting-up "convert" in "/tmp/dcm2niixm9ywl4c6/convert".
INFO: [Node] Executing "convert" <nipype.interfaces.dcm2nii.Dcm2niix>
INFO: stdout 2022-10-12T23:35:01.531199:Chris Rorden's dcm2niiX version v1.0.20211006  GCC10.2.1 x86-64 (64-bit Linux)
INFO: stdout 2022-10-12T23:35:01.531199:Found 138 DICOM file(s)
INFO: stdout 2022-10-12T23:35:01.531199:Warning: Slice timing appears corrupted (range 0..5357.5, TR=1090 ms)
INFO: stdout 2022-10-12T23:35:01.531199:Convert 138 DICOM as /out/sub-voice889/ses-2/func/sub-voice889_ses-2_task-movie_run-1_bold_heudiconv730 (108x108x65x138)
INFO: stdout 2022-10-12T23:35:14.447669:Compress: "/usr/bin/pigz" -b 960 -n -f -6 "/out/sub-voice889/ses-2/func/sub-voice889_ses-2_task-movie_run-1_bold_heudiconv730.nii"
INFO: stdout 2022-10-12T23:35:14.447669:Conversion required 14.289457 seconds (0.527715 for core code).
INFO: [Node] Finished "convert", elapsed time 14.362441s.
INFO: Post-treating /out/sub-voice889/ses-2/func/sub-voice889_ses-2_task-movie_run-1_bold.json file
WARNING: Existing lockfile found in /out/heudiconv.lock - waiting for the lock to be released. To set a timeout limit, set the HEUDICONV_FILELOCK_TIMEOUT environmental variable to a value in seconds. If this process hangs, it may require a manual deletion of the /out/heudiconv.lock.
INFO: Populating template files under /out/
INFO: PROCESSING DONE: {'subject': 'voice889', 'outdir': '/out/', 'session': '2'}
