Submitited subject: voice996
Submitted session: 1
Command:
singularity run -B /mindhive -B /om2/user/rfbrito/voice_depression/bids_conversion -B /om2/scratch/Wed/rfbrito/bids:/out /om2/user/rfbrito/containers/imaging/heudiconv_latest.sif -d /mindhive/xnat/dicom_storage/voice/dicom/{subject}/session001*/dicom/Trio*/*.dcm -o /out -f /om2/user/rfbrito/voice_depression/bids_conversion/heuristic.py -c dcm2niix -s voice996 -ss 1 --datalad -b --minmeta -g accession_number
['3-SMS5_rsfMRI_PA']
[{'item': '4-Spin_Echo_EPI_PA', 'dir': 'PA'}, {'item': '5-Spin_Echo_EPI_AP', 'dir': 'AP'}]
[{'item': '6-SMS2-diff_b1000_free_11b0_61dirs_PA', 'acq': 'PA'}, {'item': '11-SMS2-diff_b1000_free_4b0_AP', 'acq': 'AP'}]
['16-T1_MPRAGE_Ellison_4e_p2_1mm_iso']
['52-T2_SPACE_FLAIR_1.0_iso']
['20-PaTaKa_1_SMS5_Sparse_3x3x3_1640_1000ms', '21-PaTaKa_2_SMS5_Sparse_3x3x3_1640_1000ms']
['24-Sentences_1_SMS5_Sparse_2x2x2_4000_2900ms', '25-Sentences_2_SMS5_Sparse_2x2x2_4000_2900ms', '26-Sentences_3_SMS5_Sparse_2x2x2_4000_2900ms']
['29-Nonword_1_SMS5_Sparse_2x2x2_4000_2900ms', '30-Nonword_2_SMS5_Sparse_2x2x2_4000_2900ms', '31-Nonword_3_SMS5_Sparse_2x2x2_4000_2900ms']
['34-FaceMatch_1_SMS5_Sparse_2x2x2_2000_900ms', '35-FaceMatch_2_SMS5_Sparse_2x2x2_2000_900ms']
['38-EmoSent_1_SMS5_Sparse_2x2x2_4000_2900ms', '39-EmoSent_2_SMS5_Sparse_2x2x2_4000_2900ms']
['42-Vowels_1_SMS5_Sparse_2x2x2_4000_2900ms', '43-Vowels_2_SMS5_Sparse_2x2x2_4000_2900ms']
['46-PitchEmph_1_SMS5_Sparse_2x2x2_2000_900ms', '47-PitchEmph_2_SMS5_Sparse_2x2x2_2000_900ms']
['50-Movie_SMS5_rsfMRI_PA']
221007-20:20:41,517 nipype.utils WARNING:
	 A newer version (1.8.4) of nipy/nipype is available. You are using 1.8.0
221007-20:20:41,566 nipype.workflow INFO:
	 [Node] Setting-up "convert" in "/tmp/dcm2niix4qrisycd/convert".
221007-20:20:41,678 nipype.workflow INFO:
	 [Node] Executing "convert" <nipype.interfaces.dcm2nii.Dcm2niix>
221007-20:20:42,445 nipype.interface INFO:
	 stdout 2022-10-07T20:20:42.445781:Chris Rorden's dcm2niiX version v1.0.20211006  GCC10.2.1 x86-64 (64-bit Linux)
221007-20:20:42,446 nipype.interface INFO:
	 stdout 2022-10-07T20:20:42.445781:Found 300 DICOM file(s)
221007-20:20:42,446 nipype.interface INFO:
	 stdout 2022-10-07T20:20:42.445781:Warning: Slice timing appears corrupted (range 0..5357.5, TR=1090 ms)
221007-20:20:42,446 nipype.interface INFO:
	 stdout 2022-10-07T20:20:42.445781:Convert 300 DICOM as /out/sub-voice996/ses-1/func/sub-voice996_ses-1_task-rest_run-1_bold_heudiconv767 (108x108x65x300)
221007-20:21:12,623 nipype.interface INFO:
	 stdout 2022-10-07T20:21:12.623009:Compress: "/usr/bin/pigz" -b 960 -n -f -6 "/out/sub-voice996/ses-1/func/sub-voice996_ses-1_task-rest_run-1_bold_heudiconv767.nii"
221007-20:21:12,626 nipype.interface INFO:
	 stdout 2022-10-07T20:21:12.623009:Conversion required 30.857939 seconds (0.851987 for core code).
221007-20:21:12,659 nipype.workflow INFO:
	 [Node] Finished "convert", elapsed time 30.908338s.
221007-20:21:13,11 nipype.workflow INFO:
	 [Node] Setting-up "convert" in "/tmp/dcm2niixfs3xbewn/convert".
221007-20:21:13,110 nipype.workflow INFO:
	 [Node] Executing "convert" <nipype.interfaces.dcm2nii.Dcm2niix>
221007-20:21:13,385 nipype.interface INFO:
	 stdout 2022-10-07T20:21:13.385644:Chris Rorden's dcm2niiX version v1.0.20211006  GCC10.2.1 x86-64 (64-bit Linux)
221007-20:21:13,386 nipype.interface INFO:
	 stdout 2022-10-07T20:21:13.385644:Found 260 DICOM file(s)
221007-20:21:13,386 nipype.interface INFO:
	 stdout 2022-10-07T20:21:13.385644:Convert 260 DICOM as /out/sub-voice996/ses-1/fmap/sub-voice996_ses-1_acq-func_dir-PA_run-1_epi_heudiconv781 (108x108x65x4)
221007-20:21:13,819 nipype.interface INFO:
	 stdout 2022-10-07T20:21:13.818956:Compress: "/usr/bin/pigz" -b 960 -n -f -6 "/out/sub-voice996/ses-1/fmap/sub-voice996_ses-1_acq-func_dir-PA_run-1_epi_heudiconv781.nii"
221007-20:21:13,819 nipype.interface INFO:
	 stdout 2022-10-07T20:21:13.818956:Conversion required 0.666983 seconds (0.138453 for core code).
221007-20:21:13,852 nipype.workflow INFO:
	 [Node] Finished "convert", elapsed time 0.741293s.
221007-20:21:14,101 nipype.workflow INFO:
	 [Node] Setting-up "convert" in "/tmp/dcm2niixv6um7zgj/convert".
221007-20:21:14,216 nipype.workflow INFO:
	 [Node] Executing "convert" <nipype.interfaces.dcm2nii.Dcm2niix>
221007-20:21:14,483 nipype.interface INFO:
	 stdout 2022-10-07T20:21:14.482928:Chris Rorden's dcm2niiX version v1.0.20211006  GCC10.2.1 x86-64 (64-bit Linux)
221007-20:21:14,483 nipype.interface INFO:
	 stdout 2022-10-07T20:21:14.482928:Found 260 DICOM file(s)
221007-20:21:14,483 nipype.interface INFO:
	 stdout 2022-10-07T20:21:14.482928:Convert 260 DICOM as /out/sub-voice996/ses-1/fmap/sub-voice996_ses-1_acq-func_dir-AP_run-2_epi_heudiconv463 (108x108x65x4)
221007-20:21:14,936 nipype.interface INFO:
	 stdout 2022-10-07T20:21:14.936370:Compress: "/usr/bin/pigz" -b 960 -n -f -6 "/out/sub-voice996/ses-1/fmap/sub-voice996_ses-1_acq-func_dir-AP_run-2_epi_heudiconv463.nii"
221007-20:21:14,936 nipype.interface INFO:
	 stdout 2022-10-07T20:21:14.936370:Conversion required 0.700751 seconds (0.136373 for core code).
221007-20:21:14,971 nipype.workflow INFO:
	 [Node] Finished "convert", elapsed time 0.75413s.
221007-20:21:15,170 nipype.workflow INFO:
	 [Node] Setting-up "convert" in "/tmp/dcm2niix6bjvefeb/convert".
221007-20:21:15,201 nipype.workflow INFO:
	 [Node] Executing "convert" <nipype.interfaces.dcm2nii.Dcm2niix>
221007-20:21:17,232 nipype.interface INFO:
	 stdout 2022-10-07T20:21:17.232432:Chris Rorden's dcm2niiX version v1.0.20211006  GCC10.2.1 x86-64 (64-bit Linux)
221007-20:21:17,232 nipype.interface INFO:
	 stdout 2022-10-07T20:21:17.232432:Found 72 DICOM file(s)
221007-20:21:17,232 nipype.interface INFO:
	 stdout 2022-10-07T20:21:17.232432:Warning: Slice timing appears corrupted (range 0..8.63999e+07, TR=4400 ms)
221007-20:21:17,233 nipype.interface INFO:
	 stdout 2022-10-07T20:21:17.232432:Convert 72 DICOM as /out/sub-voice996/ses-1/dwi/sub-voice996_ses-1_acq-PA_dwi_heudiconv795 (120x120x66x72)
221007-20:21:26,542 nipype.interface INFO:
	 stdout 2022-10-07T20:21:26.542666:Compress: "/usr/bin/pigz" -b 960 -n -f -6 "/out/sub-voice996/ses-1/dwi/sub-voice996_ses-1_acq-PA_dwi_heudiconv795.nii"
221007-20:21:26,546 nipype.interface INFO:
	 stdout 2022-10-07T20:21:26.542666:Conversion required 11.318957 seconds (0.296514 for core code).
221007-20:21:26,580 nipype.workflow INFO:
	 [Node] Finished "convert", elapsed time 11.377541s.
221007-20:21:26,708 nipype.workflow INFO:
	 [Node] Setting-up "convert" in "/tmp/dcm2niix0k44vucu/convert".
221007-20:21:26,714 nipype.workflow INFO:
	 [Node] Executing "convert" <nipype.interfaces.dcm2nii.Dcm2niix>
221007-20:21:26,960 nipype.interface INFO:
	 stdout 2022-10-07T20:21:26.959874:Chris Rorden's dcm2niiX version v1.0.20211006  GCC10.2.1 x86-64 (64-bit Linux)
221007-20:21:26,960 nipype.interface INFO:
	 stdout 2022-10-07T20:21:26.959874:Found 7 DICOM file(s)
221007-20:21:26,960 nipype.interface INFO:
	 stdout 2022-10-07T20:21:26.959874:Warning: Slice timing appears corrupted (range 0..8.63999e+07, TR=4400 ms)
221007-20:21:26,960 nipype.interface INFO:
	 stdout 2022-10-07T20:21:26.959874:Convert 7 DICOM as /out/sub-voice996/ses-1/dwi/sub-voice996_ses-1_acq-AP_dwi_heudiconv718 (120x120x66x7)
221007-20:21:27,911 nipype.interface INFO:
	 stdout 2022-10-07T20:21:27.911144:Compress: "/usr/bin/pigz" -b 960 -n -f -6 "/out/sub-voice996/ses-1/dwi/sub-voice996_ses-1_acq-AP_dwi_heudiconv718.nii"
221007-20:21:27,911 nipype.interface INFO:
	 stdout 2022-10-07T20:21:27.911144:Conversion required 1.174137 seconds (0.039667 for core code).
221007-20:21:27,945 nipype.workflow INFO:
	 [Node] Finished "convert", elapsed time 1.230823s.
221007-20:21:28,139 nipype.workflow INFO:
	 [Node] Setting-up "convert" in "/tmp/dcm2niixc71a8_ch/convert".
221007-20:21:28,205 nipype.workflow INFO:
	 [Node] Executing "convert" <nipype.interfaces.dcm2nii.Dcm2niix>
221007-20:21:28,458 nipype.interface INFO:
	 stdout 2022-10-07T20:21:28.458262:Chris Rorden's dcm2niiX version v1.0.20211006  GCC10.2.1 x86-64 (64-bit Linux)
221007-20:21:28,458 nipype.interface INFO:
	 stdout 2022-10-07T20:21:28.458262:Found 176 DICOM file(s)
221007-20:21:28,458 nipype.interface INFO:
	 stdout 2022-10-07T20:21:28.458262:Convert 176 DICOM as /out/sub-voice996/ses-1/anat/sub-voice996_ses-1_run-1_T1w_heudiconv055 (256x256x176x1)
221007-20:21:30,71 nipype.interface INFO:
	 stdout 2022-10-07T20:21:30.071865:Compress: "/usr/bin/pigz" -b 960 -n -f -6 "/out/sub-voice996/ses-1/anat/sub-voice996_ses-1_run-1_T1w_heudiconv055.nii"
221007-20:21:30,72 nipype.interface INFO:
	 stdout 2022-10-07T20:21:30.071865:Conversion required 1.824133 seconds (0.253134 for core code).
221007-20:21:30,109 nipype.workflow INFO:
	 [Node] Finished "convert", elapsed time 1.903733s.
221007-20:21:30,338 nipype.workflow INFO:
	 [Node] Setting-up "convert" in "/tmp/dcm2niix8bpu_g7x/convert".
221007-20:21:30,432 nipype.workflow INFO:
	 [Node] Executing "convert" <nipype.interfaces.dcm2nii.Dcm2niix>
221007-20:21:30,654 nipype.interface INFO:
	 stdout 2022-10-07T20:21:30.654125:Chris Rorden's dcm2niiX version v1.0.20211006  GCC10.2.1 x86-64 (64-bit Linux)
221007-20:21:30,654 nipype.interface INFO:
	 stdout 2022-10-07T20:21:30.654125:Found 176 DICOM file(s)
221007-20:21:30,654 nipype.interface INFO:
	 stdout 2022-10-07T20:21:30.654125:Convert 176 DICOM as /out/sub-voice996/ses-1/anat/sub-voice996_ses-1_T2w_heudiconv366 (256x256x176x1)
221007-20:21:32,225 nipype.interface INFO:
	 stdout 2022-10-07T20:21:32.225753:Compress: "/usr/bin/pigz" -b 960 -n -f -6 "/out/sub-voice996/ses-1/anat/sub-voice996_ses-1_T2w_heudiconv366.nii"
221007-20:21:32,225 nipype.interface INFO:
	 stdout 2022-10-07T20:21:32.225753:Conversion required 1.772352 seconds (0.241206 for core code).
221007-20:21:32,258 nipype.workflow INFO:
	 [Node] Finished "convert", elapsed time 1.825326s.
221007-20:21:32,425 nipype.workflow INFO:
	 [Node] Setting-up "convert" in "/tmp/dcm2niix9490di9q/convert".
221007-20:21:32,507 nipype.workflow INFO:
	 [Node] Executing "convert" <nipype.interfaces.dcm2nii.Dcm2niix>
221007-20:21:32,824 nipype.interface INFO:
	 stdout 2022-10-07T20:21:32.823920:Chris Rorden's dcm2niiX version v1.0.20211006  GCC10.2.1 x86-64 (64-bit Linux)
221007-20:21:32,824 nipype.interface INFO:
	 stdout 2022-10-07T20:21:32.823920:Found 207 DICOM file(s)
221007-20:21:32,824 nipype.interface INFO:
	 stdout 2022-10-07T20:21:32.823920:Warning: Slice timing appears corrupted (range 0..3135, TR=1640 ms)
221007-20:21:32,824 nipype.interface INFO:
	 stdout 2022-10-07T20:21:32.823920:Convert 207 DICOM as /out/sub-voice996/ses-1/func/sub-voice996_ses-1_task-pataka_run-1_bold_heudiconv523 (72x72x45x207)
221007-20:21:39,415 nipype.interface INFO:
	 stdout 2022-10-07T20:21:39.415858:Compress: "/usr/bin/pigz" -b 960 -n -f -6 "/out/sub-voice996/ses-1/func/sub-voice996_ses-1_task-pataka_run-1_bold_heudiconv523.nii"
221007-20:21:39,416 nipype.interface INFO:
	 stdout 2022-10-07T20:21:39.415858:Conversion required 6.883882 seconds (0.272596 for core code).
221007-20:21:39,450 nipype.workflow INFO:
	 [Node] Finished "convert", elapsed time 6.9421s.
221007-20:21:39,646 nipype.workflow INFO:
	 [Node] Setting-up "convert" in "/tmp/dcm2niixnrb8hk2y/convert".
221007-20:21:39,724 nipype.workflow INFO:
	 [Node] Executing "convert" <nipype.interfaces.dcm2nii.Dcm2niix>
221007-20:21:40,37 nipype.interface INFO:
	 stdout 2022-10-07T20:21:40.037656:Chris Rorden's dcm2niiX version v1.0.20211006  GCC10.2.1 x86-64 (64-bit Linux)
221007-20:21:40,38 nipype.interface INFO:
	 stdout 2022-10-07T20:21:40.037656:Found 207 DICOM file(s)
221007-20:21:40,38 nipype.interface INFO:
	 stdout 2022-10-07T20:21:40.037656:Warning: Slice timing appears corrupted (range 0..3135, TR=1640 ms)
221007-20:21:40,38 nipype.interface INFO:
	 stdout 2022-10-07T20:21:40.037656:Convert 207 DICOM as /out/sub-voice996/ses-1/func/sub-voice996_ses-1_task-pataka_run-2_bold_heudiconv115 (72x72x45x207)
221007-20:21:46,644 nipype.interface INFO:
	 stdout 2022-10-07T20:21:46.644930:Compress: "/usr/bin/pigz" -b 960 -n -f -6 "/out/sub-voice996/ses-1/func/sub-voice996_ses-1_task-pataka_run-2_bold_heudiconv115.nii"
221007-20:21:46,645 nipype.interface INFO:
	 stdout 2022-10-07T20:21:46.644930:Conversion required 6.889021 seconds (0.269259 for core code).
221007-20:21:46,678 nipype.workflow INFO:
	 [Node] Finished "convert", elapsed time 6.95293s.
221007-20:21:46,846 nipype.workflow INFO:
	 [Node] Setting-up "convert" in "/tmp/dcm2niixpjhni4nn/convert".
221007-20:21:46,870 nipype.workflow INFO:
	 [Node] Executing "convert" <nipype.interfaces.dcm2nii.Dcm2niix>
221007-20:21:47,51 nipype.interface INFO:
	 stdout 2022-10-07T20:21:47.051403:Chris Rorden's dcm2niiX version v1.0.20211006  GCC10.2.1 x86-64 (64-bit Linux)
221007-20:21:47,51 nipype.interface INFO:
	 stdout 2022-10-07T20:21:47.051403:Found 57 DICOM file(s)
221007-20:21:47,51 nipype.interface INFO:
	 stdout 2022-10-07T20:21:47.051403:Warning: Slice timing appears corrupted (range 0..5360, TR=4000 ms)
221007-20:21:47,51 nipype.interface INFO:
	 stdout 2022-10-07T20:21:47.051403:Convert 57 DICOM as /out/sub-voice996/ses-1/func/sub-voice996_ses-1_task-pitchsent_run-1_bold_heudiconv058 (108x108x65x57)
221007-20:21:52,582 nipype.interface INFO:
	 stdout 2022-10-07T20:21:52.582442:Compress: "/usr/bin/pigz" -b 960 -n -f -6 "/out/sub-voice996/ses-1/func/sub-voice996_ses-1_task-pitchsent_run-1_bold_heudiconv058.nii"
221007-20:21:52,582 nipype.interface INFO:
	 stdout 2022-10-07T20:21:52.582442:Conversion required 5.693402 seconds (0.178010 for core code).
221007-20:21:52,619 nipype.workflow INFO:
	 [Node] Finished "convert", elapsed time 5.748165s.
221007-20:21:52,855 nipype.workflow INFO:
	 [Node] Setting-up "convert" in "/tmp/dcm2niix0f3cvfav/convert".
221007-20:21:52,894 nipype.workflow INFO:
	 [Node] Executing "convert" <nipype.interfaces.dcm2nii.Dcm2niix>
221007-20:21:53,114 nipype.interface INFO:
	 stdout 2022-10-07T20:21:53.114130:Chris Rorden's dcm2niiX version v1.0.20211006  GCC10.2.1 x86-64 (64-bit Linux)
221007-20:21:53,114 nipype.interface INFO:
	 stdout 2022-10-07T20:21:53.114130:Found 57 DICOM file(s)
221007-20:21:53,114 nipype.interface INFO:
	 stdout 2022-10-07T20:21:53.114130:Warning: Slice timing appears corrupted (range 0..5360, TR=4000 ms)
221007-20:21:53,114 nipype.interface INFO:
	 stdout 2022-10-07T20:21:53.114130:Convert 57 DICOM as /out/sub-voice996/ses-1/func/sub-voice996_ses-1_task-pitchsent_run-2_bold_heudiconv949 (108x108x65x57)
221007-20:21:58,397 nipype.interface INFO:
	 stdout 2022-10-07T20:21:58.397472:Compress: "/usr/bin/pigz" -b 960 -n -f -6 "/out/sub-voice996/ses-1/func/sub-voice996_ses-1_task-pitchsent_run-2_bold_heudiconv949.nii"
221007-20:21:58,397 nipype.interface INFO:
	 stdout 2022-10-07T20:21:58.397472:Conversion required 5.465942 seconds (0.181625 for core code).
221007-20:21:58,434 nipype.workflow INFO:
	 [Node] Finished "convert", elapsed time 5.538596s.
221007-20:21:58,642 nipype.workflow INFO:
	 [Node] Setting-up "convert" in "/tmp/dcm2niix3yixa_3s/convert".
221007-20:21:58,685 nipype.workflow INFO:
	 [Node] Executing "convert" <nipype.interfaces.dcm2nii.Dcm2niix>
221007-20:21:58,880 nipype.interface INFO:
	 stdout 2022-10-07T20:21:58.880131:Chris Rorden's dcm2niiX version v1.0.20211006  GCC10.2.1 x86-64 (64-bit Linux)
221007-20:21:58,880 nipype.interface INFO:
	 stdout 2022-10-07T20:21:58.880131:Found 57 DICOM file(s)
221007-20:21:58,880 nipype.interface INFO:
	 stdout 2022-10-07T20:21:58.880131:Warning: Slice timing appears corrupted (range 0..5360, TR=4000 ms)
221007-20:21:58,880 nipype.interface INFO:
	 stdout 2022-10-07T20:21:58.880131:Convert 57 DICOM as /out/sub-voice996/ses-1/func/sub-voice996_ses-1_task-pitchsent_run-3_bold_heudiconv490 (108x108x65x57)
221007-20:22:04,399 nipype.interface INFO:
	 stdout 2022-10-07T20:22:04.399354:Compress: "/usr/bin/pigz" -b 960 -n -f -6 "/out/sub-voice996/ses-1/func/sub-voice996_ses-1_task-pitchsent_run-3_bold_heudiconv490.nii"
221007-20:22:04,399 nipype.interface INFO:
	 stdout 2022-10-07T20:22:04.399354:Conversion required 5.677922 seconds (0.183213 for core code).
221007-20:22:04,434 nipype.workflow INFO:
	 [Node] Finished "convert", elapsed time 5.747249s.
221007-20:22:04,595 nipype.workflow INFO:
	 [Node] Setting-up "convert" in "/tmp/dcm2niix547dh_yu/convert".
221007-20:22:04,618 nipype.workflow INFO:
	 [Node] Executing "convert" <nipype.interfaces.dcm2nii.Dcm2niix>
221007-20:22:04,788 nipype.interface INFO:
	 stdout 2022-10-07T20:22:04.788416:Chris Rorden's dcm2niiX version v1.0.20211006  GCC10.2.1 x86-64 (64-bit Linux)
221007-20:22:04,789 nipype.interface INFO:
	 stdout 2022-10-07T20:22:04.788416:Found 42 DICOM file(s)
221007-20:22:04,789 nipype.interface INFO:
	 stdout 2022-10-07T20:22:04.788416:Warning: Slice timing appears corrupted (range 0..5357.5, TR=4000 ms)
221007-20:22:04,789 nipype.interface INFO:
	 stdout 2022-10-07T20:22:04.788416:Convert 42 DICOM as /out/sub-voice996/ses-1/func/sub-voice996_ses-1_task-nwr_run-1_bold_heudiconv450 (108x108x65x42)
221007-20:22:08,809 nipype.interface INFO:
	 stdout 2022-10-07T20:22:08.809547:Compress: "/usr/bin/pigz" -b 960 -n -f -6 "/out/sub-voice996/ses-1/func/sub-voice996_ses-1_task-nwr_run-1_bold_heudiconv450.nii"
221007-20:22:08,811 nipype.interface INFO:
	 stdout 2022-10-07T20:22:08.809547:Conversion required 4.168699 seconds (0.148238 for core code).
221007-20:22:08,848 nipype.workflow INFO:
	 [Node] Finished "convert", elapsed time 4.228582s.
221007-20:22:09,24 nipype.workflow INFO:
	 [Node] Setting-up "convert" in "/tmp/dcm2niix6l4go6nv/convert".
221007-20:22:09,42 nipype.workflow INFO:
	 [Node] Executing "convert" <nipype.interfaces.dcm2nii.Dcm2niix>
221007-20:22:09,213 nipype.interface INFO:
	 stdout 2022-10-07T20:22:09.213352:Chris Rorden's dcm2niiX version v1.0.20211006  GCC10.2.1 x86-64 (64-bit Linux)
221007-20:22:09,213 nipype.interface INFO:
	 stdout 2022-10-07T20:22:09.213352:Found 42 DICOM file(s)
221007-20:22:09,213 nipype.interface INFO:
	 stdout 2022-10-07T20:22:09.213352:Warning: Slice timing appears corrupted (range 0..5357.5, TR=4000 ms)
221007-20:22:09,214 nipype.interface INFO:
	 stdout 2022-10-07T20:22:09.213352:Convert 42 DICOM as /out/sub-voice996/ses-1/func/sub-voice996_ses-1_task-nwr_run-2_bold_heudiconv510 (108x108x65x42)
221007-20:22:13,232 nipype.interface INFO:
	 stdout 2022-10-07T20:22:13.232303:Compress: "/usr/bin/pigz" -b 960 -n -f -6 "/out/sub-voice996/ses-1/func/sub-voice996_ses-1_task-nwr_run-2_bold_heudiconv510.nii"
221007-20:22:13,234 nipype.interface INFO:
	 stdout 2022-10-07T20:22:13.232303:Conversion required 4.167100 seconds (0.135081 for core code).
221007-20:22:13,269 nipype.workflow INFO:
	 [Node] Finished "convert", elapsed time 4.225222s.
221007-20:22:13,453 nipype.workflow INFO:
	 [Node] Setting-up "convert" in "/tmp/dcm2niix5csrewg6/convert".
221007-20:22:13,476 nipype.workflow INFO:
	 [Node] Executing "convert" <nipype.interfaces.dcm2nii.Dcm2niix>
221007-20:22:13,649 nipype.interface INFO:
	 stdout 2022-10-07T20:22:13.649278:Chris Rorden's dcm2niiX version v1.0.20211006  GCC10.2.1 x86-64 (64-bit Linux)
221007-20:22:13,649 nipype.interface INFO:
	 stdout 2022-10-07T20:22:13.649278:Found 42 DICOM file(s)
221007-20:22:13,649 nipype.interface INFO:
	 stdout 2022-10-07T20:22:13.649278:Warning: Slice timing appears corrupted (range 0..5357.5, TR=4000 ms)
221007-20:22:13,649 nipype.interface INFO:
	 stdout 2022-10-07T20:22:13.649278:Convert 42 DICOM as /out/sub-voice996/ses-1/func/sub-voice996_ses-1_task-nwr_run-3_bold_heudiconv391 (108x108x65x42)
221007-20:22:17,866 nipype.interface INFO:
	 stdout 2022-10-07T20:22:17.866138:Compress: "/usr/bin/pigz" -b 960 -n -f -6 "/out/sub-voice996/ses-1/func/sub-voice996_ses-1_task-nwr_run-3_bold_heudiconv391.nii"
221007-20:22:17,866 nipype.interface INFO:
	 stdout 2022-10-07T20:22:17.866138:Conversion required 4.353499 seconds (0.138686 for core code).
221007-20:22:17,902 nipype.workflow INFO:
	 [Node] Finished "convert", elapsed time 4.425346s.
221007-20:22:18,170 nipype.workflow INFO:
	 [Node] Setting-up "convert" in "/tmp/dcm2niix0zc3kaph/convert".
221007-20:22:18,209 nipype.workflow INFO:
	 [Node] Executing "convert" <nipype.interfaces.dcm2nii.Dcm2niix>
221007-20:22:18,472 nipype.interface INFO:
	 stdout 2022-10-07T20:22:18.472384:Chris Rorden's dcm2niiX version v1.0.20211006  GCC10.2.1 x86-64 (64-bit Linux)
221007-20:22:18,472 nipype.interface INFO:
	 stdout 2022-10-07T20:22:18.472384:Found 99 DICOM file(s)
221007-20:22:18,472 nipype.interface INFO:
	 stdout 2022-10-07T20:22:18.472384:Warning: Slice timing appears corrupted (range 0..5360, TR=2000 ms)
221007-20:22:18,472 nipype.interface INFO:
	 stdout 2022-10-07T20:22:18.472384:Convert 99 DICOM as /out/sub-voice996/ses-1/func/sub-voice996_ses-1_task-facematch_run-1_bold_heudiconv616 (108x108x65x99)
221007-20:22:28,84 nipype.interface INFO:
	 stdout 2022-10-07T20:22:28.084592:Compress: "/usr/bin/pigz" -b 960 -n -f -6 "/out/sub-voice996/ses-1/func/sub-voice996_ses-1_task-facematch_run-1_bold_heudiconv616.nii"
221007-20:22:28,86 nipype.interface INFO:
	 stdout 2022-10-07T20:22:28.084592:Conversion required 9.855125 seconds (0.303446 for core code).
221007-20:22:28,120 nipype.workflow INFO:
	 [Node] Finished "convert", elapsed time 9.910096s.
221007-20:22:28,311 nipype.workflow INFO:
	 [Node] Setting-up "convert" in "/tmp/dcm2niixukfn5t88/convert".
221007-20:22:28,349 nipype.workflow INFO:
	 [Node] Executing "convert" <nipype.interfaces.dcm2nii.Dcm2niix>
221007-20:22:28,632 nipype.interface INFO:
	 stdout 2022-10-07T20:22:28.632063:Chris Rorden's dcm2niiX version v1.0.20211006  GCC10.2.1 x86-64 (64-bit Linux)
221007-20:22:28,632 nipype.interface INFO:
	 stdout 2022-10-07T20:22:28.632063:Found 99 DICOM file(s)
221007-20:22:28,632 nipype.interface INFO:
	 stdout 2022-10-07T20:22:28.632063:Warning: Slice timing appears corrupted (range 0..5360, TR=2000 ms)
221007-20:22:28,632 nipype.interface INFO:
	 stdout 2022-10-07T20:22:28.632063:Convert 99 DICOM as /out/sub-voice996/ses-1/func/sub-voice996_ses-1_task-facematch_run-2_bold_heudiconv089 (108x108x65x99)
221007-20:22:38,557 nipype.interface INFO:
	 stdout 2022-10-07T20:22:38.557119:Compress: "/usr/bin/pigz" -b 960 -n -f -6 "/out/sub-voice996/ses-1/func/sub-voice996_ses-1_task-facematch_run-2_bold_heudiconv089.nii"
221007-20:22:38,557 nipype.interface INFO:
	 stdout 2022-10-07T20:22:38.557119:Conversion required 10.181505 seconds (0.306203 for core code).
221007-20:22:38,592 nipype.workflow INFO:
	 [Node] Finished "convert", elapsed time 10.241324s.
221007-20:22:38,695 nipype.workflow INFO:
	 [Node] Setting-up "convert" in "/tmp/dcm2niixby2_yl90/convert".
221007-20:22:38,713 nipype.workflow INFO:
	 [Node] Executing "convert" <nipype.interfaces.dcm2nii.Dcm2niix>
221007-20:22:38,842 nipype.interface INFO:
	 stdout 2022-10-07T20:22:38.842395:Chris Rorden's dcm2niiX version v1.0.20211006  GCC10.2.1 x86-64 (64-bit Linux)
221007-20:22:38,842 nipype.interface INFO:
	 stdout 2022-10-07T20:22:38.842395:Found 42 DICOM file(s)
221007-20:22:38,842 nipype.interface INFO:
	 stdout 2022-10-07T20:22:38.842395:Warning: Slice timing appears corrupted (range 0..5360, TR=4000 ms)
221007-20:22:38,842 nipype.interface INFO:
	 stdout 2022-10-07T20:22:38.842395:Convert 42 DICOM as /out/sub-voice996/ses-1/func/sub-voice996_ses-1_task-emosent_run-1_bold_heudiconv299 (108x108x65x42)
221007-20:22:43,149 nipype.interface INFO:
	 stdout 2022-10-07T20:22:43.148958:Compress: "/usr/bin/pigz" -b 960 -n -f -6 "/out/sub-voice996/ses-1/func/sub-voice996_ses-1_task-emosent_run-1_bold_heudiconv299.nii"
221007-20:22:43,152 nipype.interface INFO:
	 stdout 2022-10-07T20:22:43.148958:Conversion required 4.414799 seconds (0.132508 for core code).
221007-20:22:43,183 nipype.workflow INFO:
	 [Node] Finished "convert", elapsed time 4.468538s.
221007-20:22:43,301 nipype.workflow INFO:
	 [Node] Setting-up "convert" in "/tmp/dcm2niix10j0uss0/convert".
221007-20:22:43,319 nipype.workflow INFO:
	 [Node] Executing "convert" <nipype.interfaces.dcm2nii.Dcm2niix>
221007-20:22:43,443 nipype.interface INFO:
	 stdout 2022-10-07T20:22:43.443738:Chris Rorden's dcm2niiX version v1.0.20211006  GCC10.2.1 x86-64 (64-bit Linux)
221007-20:22:43,444 nipype.interface INFO:
	 stdout 2022-10-07T20:22:43.443738:Found 42 DICOM file(s)
221007-20:22:43,444 nipype.interface INFO:
	 stdout 2022-10-07T20:22:43.443738:Warning: Slice timing appears corrupted (range 0..5360, TR=4000 ms)
221007-20:22:43,444 nipype.interface INFO:
	 stdout 2022-10-07T20:22:43.443738:Convert 42 DICOM as /out/sub-voice996/ses-1/func/sub-voice996_ses-1_task-emosent_run-2_bold_heudiconv644 (108x108x65x42)
221007-20:22:47,721 nipype.interface INFO:
	 stdout 2022-10-07T20:22:47.721588:Compress: "/usr/bin/pigz" -b 960 -n -f -6 "/out/sub-voice996/ses-1/func/sub-voice996_ses-1_task-emosent_run-2_bold_heudiconv644.nii"
221007-20:22:47,722 nipype.interface INFO:
	 stdout 2022-10-07T20:22:47.721588:Conversion required 4.382942 seconds (0.133525 for core code).
221007-20:22:47,759 nipype.workflow INFO:
	 [Node] Finished "convert", elapsed time 4.439026s.
221007-20:22:47,888 nipype.workflow INFO:
	 [Node] Setting-up "convert" in "/tmp/dcm2niixmi5byqaa/convert".
221007-20:22:47,912 nipype.workflow INFO:
	 [Node] Executing "convert" <nipype.interfaces.dcm2nii.Dcm2niix>
221007-20:22:48,61 nipype.interface INFO:
	 stdout 2022-10-07T20:22:48.061154:Chris Rorden's dcm2niiX version v1.0.20211006  GCC10.2.1 x86-64 (64-bit Linux)
221007-20:22:48,61 nipype.interface INFO:
	 stdout 2022-10-07T20:22:48.061154:Found 55 DICOM file(s)
221007-20:22:48,61 nipype.interface INFO:
	 stdout 2022-10-07T20:22:48.061154:Warning: Slice timing appears corrupted (range 0..5360, TR=4000 ms)
221007-20:22:48,61 nipype.interface INFO:
	 stdout 2022-10-07T20:22:48.061154:Convert 55 DICOM as /out/sub-voice996/ses-1/func/sub-voice996_ses-1_task-vowel_run-1_bold_heudiconv982 (108x108x65x55)
221007-20:22:53,575 nipype.interface INFO:
	 stdout 2022-10-07T20:22:53.575618:Compress: "/usr/bin/pigz" -b 960 -n -f -6 "/out/sub-voice996/ses-1/func/sub-voice996_ses-1_task-vowel_run-1_bold_heudiconv982.nii"
221007-20:22:53,575 nipype.interface INFO:
	 stdout 2022-10-07T20:22:53.575618:Conversion required 5.644763 seconds (0.169197 for core code).
221007-20:22:53,610 nipype.workflow INFO:
	 [Node] Finished "convert", elapsed time 5.697149s.
221007-20:22:53,716 nipype.workflow INFO:
	 [Node] Setting-up "convert" in "/tmp/dcm2niixicr705bk/convert".
221007-20:22:53,739 nipype.workflow INFO:
	 [Node] Executing "convert" <nipype.interfaces.dcm2nii.Dcm2niix>
221007-20:22:53,897 nipype.interface INFO:
	 stdout 2022-10-07T20:22:53.896875:Chris Rorden's dcm2niiX version v1.0.20211006  GCC10.2.1 x86-64 (64-bit Linux)
221007-20:22:53,897 nipype.interface INFO:
	 stdout 2022-10-07T20:22:53.896875:Found 55 DICOM file(s)
221007-20:22:53,897 nipype.interface INFO:
	 stdout 2022-10-07T20:22:53.896875:Warning: Slice timing appears corrupted (range 0..5357.5, TR=4000 ms)
221007-20:22:53,897 nipype.interface INFO:
	 stdout 2022-10-07T20:22:53.896875:Convert 55 DICOM as /out/sub-voice996/ses-1/func/sub-voice996_ses-1_task-vowel_run-2_bold_heudiconv661 (108x108x65x55)
221007-20:22:59,393 nipype.interface INFO:
	 stdout 2022-10-07T20:22:59.393924:Compress: "/usr/bin/pigz" -b 960 -n -f -6 "/out/sub-voice996/ses-1/func/sub-voice996_ses-1_task-vowel_run-2_bold_heudiconv661.nii"
221007-20:22:59,394 nipype.interface INFO:
	 stdout 2022-10-07T20:22:59.393924:Conversion required 5.633900 seconds (0.174721 for core code).
221007-20:22:59,431 nipype.workflow INFO:
	 [Node] Finished "convert", elapsed time 5.691425s.
221007-20:22:59,581 nipype.workflow INFO:
	 [Node] Setting-up "convert" in "/tmp/dcm2niixsrpjsjar/convert".
221007-20:22:59,618 nipype.workflow INFO:
	 [Node] Executing "convert" <nipype.interfaces.dcm2nii.Dcm2niix>
221007-20:22:59,867 nipype.interface INFO:
	 stdout 2022-10-07T20:22:59.867375:Chris Rorden's dcm2niiX version v1.0.20211006  GCC10.2.1 x86-64 (64-bit Linux)
221007-20:22:59,867 nipype.interface INFO:
	 stdout 2022-10-07T20:22:59.867375:Found 101 DICOM file(s)
221007-20:22:59,867 nipype.interface INFO:
	 stdout 2022-10-07T20:22:59.867375:Warning: Slice timing appears corrupted (range 0..5357.5, TR=2000 ms)
221007-20:22:59,867 nipype.interface INFO:
	 stdout 2022-10-07T20:22:59.867375:Convert 101 DICOM as /out/sub-voice996/ses-1/func/sub-voice996_ses-1_task-pitchnw_run-1_bold_heudiconv682 (108x108x65x101)
221007-20:23:10,47 nipype.interface INFO:
	 stdout 2022-10-07T20:23:10.047718:Compress: "/usr/bin/pigz" -b 960 -n -f -6 "/out/sub-voice996/ses-1/func/sub-voice996_ses-1_task-pitchnw_run-1_bold_heudiconv682.nii"
221007-20:23:10,48 nipype.interface INFO:
	 stdout 2022-10-07T20:23:10.047718:Conversion required 10.410720 seconds (0.303402 for core code).
221007-20:23:10,83 nipype.workflow INFO:
	 [Node] Finished "convert", elapsed time 10.463692s.
221007-20:23:10,209 nipype.workflow INFO:
	 [Node] Setting-up "convert" in "/tmp/dcm2niixacfakd5w/convert".
221007-20:23:10,251 nipype.workflow INFO:
	 [Node] Executing "convert" <nipype.interfaces.dcm2nii.Dcm2niix>
221007-20:23:10,505 nipype.interface INFO:
	 stdout 2022-10-07T20:23:10.505089:Chris Rorden's dcm2niiX version v1.0.20211006  GCC10.2.1 x86-64 (64-bit Linux)
221007-20:23:10,505 nipype.interface INFO:
	 stdout 2022-10-07T20:23:10.505089:Found 101 DICOM file(s)
221007-20:23:10,505 nipype.interface INFO:
	 stdout 2022-10-07T20:23:10.505089:Warning: Slice timing appears corrupted (range 0..5360, TR=2000 ms)
221007-20:23:10,505 nipype.interface INFO:
	 stdout 2022-10-07T20:23:10.505089:Convert 101 DICOM as /out/sub-voice996/ses-1/func/sub-voice996_ses-1_task-pitchnw_run-2_bold_heudiconv272 (108x108x65x101)
221007-20:23:20,772 nipype.interface INFO:
	 stdout 2022-10-07T20:23:20.772711:Compress: "/usr/bin/pigz" -b 960 -n -f -6 "/out/sub-voice996/ses-1/func/sub-voice996_ses-1_task-pitchnw_run-2_bold_heudiconv272.nii"
221007-20:23:20,774 nipype.interface INFO:
	 stdout 2022-10-07T20:23:20.772711:Conversion required 10.502006 seconds (0.307745 for core code).
221007-20:23:20,807 nipype.workflow INFO:
	 [Node] Finished "convert", elapsed time 10.554653s.
221007-20:23:20,952 nipype.workflow INFO:
	 [Node] Setting-up "convert" in "/tmp/dcm2niixdfmp9c1q/convert".
221007-20:23:21,4 nipype.workflow INFO:
	 [Node] Executing "convert" <nipype.interfaces.dcm2nii.Dcm2niix>
221007-20:23:21,341 nipype.interface INFO:
	 stdout 2022-10-07T20:23:21.340856:Chris Rorden's dcm2niiX version v1.0.20211006  GCC10.2.1 x86-64 (64-bit Linux)
221007-20:23:21,341 nipype.interface INFO:
	 stdout 2022-10-07T20:23:21.340856:Found 138 DICOM file(s)
221007-20:23:21,341 nipype.interface INFO:
	 stdout 2022-10-07T20:23:21.340856:Warning: Slice timing appears corrupted (range 0..5360, TR=1090 ms)
221007-20:23:21,341 nipype.interface INFO:
	 stdout 2022-10-07T20:23:21.340856:Convert 138 DICOM as /out/sub-voice996/ses-1/func/sub-voice996_ses-1_task-movie_run-1_bold_heudiconv974 (108x108x65x138)
221007-20:23:35,420 nipype.interface INFO:
	 stdout 2022-10-07T20:23:35.420525:Compress: "/usr/bin/pigz" -b 960 -n -f -6 "/out/sub-voice996/ses-1/func/sub-voice996_ses-1_task-movie_run-1_bold_heudiconv974.nii"
221007-20:23:35,421 nipype.interface INFO:
	 stdout 2022-10-07T20:23:35.420525:Conversion required 14.397555 seconds (0.426363 for core code).
221007-20:23:35,453 nipype.workflow INFO:
	 [Node] Finished "convert", elapsed time 14.448661s.
add(ok): voice994/ses-1/info/dicominfo_ses-1.tsv (file)
add(ok): voice994/ses-1/info/filegroup_ses-1.json (file)
add(ok): voice994/ses-1/info/heuristic.py (file)
add(ok): voice994/ses-1/info/voice994_ses-1.auto.txt (file)
add(ok): voice994/ses-1/info/voice994_ses-1.edit.txt (file)
add(ok): voice996/ses-1/info/dicominfo_ses-1.tsv (file)
add(ok): voice996/ses-1/info/filegroup_ses-1.json (file)
add(ok): voice996/ses-1/info/heuristic.py (file)
add(ok): voice996/ses-1/info/voice996_ses-1.auto.txt (file)
add(ok): voice996/ses-1/info/voice996_ses-1.edit.txt (file)
add(ok): voice997/ses-1/info/dicominfo_ses-1.tsv (file)
add(ok): voice997/ses-1/info/filegroup_ses-1.json (file)
add(ok): voice997/ses-1/info/heuristic.py (file)
add(ok): voice997/ses-1/info/voice997_ses-1.auto.txt (file)
add(ok): voice997/ses-1/info/voice997_ses-1.edit.txt (file)
save(ok): .heudiconv (dataset)
