INFO: Running heudiconv version 0.11.3+d20220512 latest 0.11.4
INFO: Need to process 1 study sessions
INFO: PROCESSING STARTS: {'subject': 'voice859', 'outdir': '/out/', 'session': '1'}
INFO: Processing 5267 dicoms
INFO: Analyzing 5267 dicoms
INFO: Generated sequence info for 50 accession numbers with 5267 entries total
INFO: Doing conversion using dcm2niix
INFO: Converting /out/sub-voice859/ses-1/func/sub-voice859_ses-1_task-rest_run-1_bold (298 DICOMs) -> /out/sub-voice859/ses-1/func . Converter: dcm2niix . Output types: ('nii.gz',)
WARNING: A newer version (1.8.4) of nipy/nipype is available. You are using 1.8.0
INFO: [Node] Setting-up "convert" in "/tmp/dcm2niixrlv4fu2p/convert".
INFO: [Node] Executing "convert" <nipype.interfaces.dcm2nii.Dcm2niix>
INFO: stdout 2022-10-07T18:37:55.679882:Chris Rorden's dcm2niiX version v1.0.20211006  GCC10.2.1 x86-64 (64-bit Linux)
INFO: stdout 2022-10-07T18:37:55.679882:Found 298 DICOM file(s)
INFO: stdout 2022-10-07T18:37:55.679882:Warning: Slice timing appears corrupted (range 0..5357.5, TR=1090 ms)
INFO: stdout 2022-10-07T18:37:55.679882:Convert 298 DICOM as /out/sub-voice859/ses-1/func/sub-voice859_ses-1_task-rest_run-1_bold_heudiconv118 (108x108x65x298)
INFO: stdout 2022-10-07T18:38:31.521458:Compress: "/usr/bin/pigz" -b 960 -n -f -6 "/out/sub-voice859/ses-1/func/sub-voice859_ses-1_task-rest_run-1_bold_heudiconv118.nii"
INFO: stdout 2022-10-07T18:38:31.521458:Conversion required 39.001644 seconds (1.171802 for core code).
INFO: [Node] Finished "convert", elapsed time 39.112913s.
INFO: Post-treating /out/sub-voice859/ses-1/func/sub-voice859_ses-1_task-rest_run-1_bold.json file
INFO: Converting /out/sub-voice859/ses-1/fmap/sub-voice859_ses-1_acq-func_dir-PA_run-1_epi (260 DICOMs) -> /out/sub-voice859/ses-1/fmap . Converter: dcm2niix . Output types: ('nii.gz',)
INFO: [Node] Setting-up "convert" in "/tmp/dcm2niix_r559eln/convert".
INFO: [Node] Executing "convert" <nipype.interfaces.dcm2nii.Dcm2niix>
INFO: stdout 2022-10-07T18:38:42.154662:Chris Rorden's dcm2niiX version v1.0.20211006  GCC10.2.1 x86-64 (64-bit Linux)
INFO: stdout 2022-10-07T18:38:42.154662:Found 260 DICOM file(s)
INFO: stdout 2022-10-07T18:38:42.154662:Convert 260 DICOM as /out/sub-voice859/ses-1/fmap/sub-voice859_ses-1_acq-func_dir-PA_run-1_epi_heudiconv881 (108x108x65x4)
INFO: stdout 2022-10-07T18:38:43.045863:Compress: "/usr/bin/pigz" -b 960 -n -f -6 "/out/sub-voice859/ses-1/fmap/sub-voice859_ses-1_acq-func_dir-PA_run-1_epi_heudiconv881.nii"
INFO: stdout 2022-10-07T18:38:43.045863:Conversion required 2.578855 seconds (0.148355 for core code).
INFO: [Node] Finished "convert", elapsed time 2.767719s.
WARNING: Failed to find task field in /out/sub-voice859/ses-1/fmap/sub-voice859_ses-1_acq-func_dir-PA_run-1_epi.json.
INFO: Post-treating /out/sub-voice859/ses-1/fmap/sub-voice859_ses-1_acq-func_dir-PA_run-1_epi.json file
INFO: Converting /out/sub-voice859/ses-1/fmap/sub-voice859_ses-1_acq-func_dir-AP_run-2_epi (260 DICOMs) -> /out/sub-voice859/ses-1/fmap . Converter: dcm2niix . Output types: ('nii.gz',)
INFO: [Node] Setting-up "convert" in "/tmp/dcm2niixxgd_ocba/convert".
INFO: [Node] Executing "convert" <nipype.interfaces.dcm2nii.Dcm2niix>
INFO: stdout 2022-10-07T18:38:45.425282:Chris Rorden's dcm2niiX version v1.0.20211006  GCC10.2.1 x86-64 (64-bit Linux)
INFO: stdout 2022-10-07T18:38:45.425282:Found 260 DICOM file(s)
INFO: stdout 2022-10-07T18:38:45.425282:Convert 260 DICOM as /out/sub-voice859/ses-1/fmap/sub-voice859_ses-1_acq-func_dir-AP_run-2_epi_heudiconv512 (108x108x65x4)
INFO: stdout 2022-10-07T18:38:48.385423:Compress: "/usr/bin/pigz" -b 960 -n -f -6 "/out/sub-voice859/ses-1/fmap/sub-voice859_ses-1_acq-func_dir-AP_run-2_epi_heudiconv512.nii"
INFO: stdout 2022-10-07T18:38:48.385423:Conversion required 4.250465 seconds (0.596696 for core code).
INFO: [Node] Finished "convert", elapsed time 5.122562s.
WARNING: Failed to find task field in /out/sub-voice859/ses-1/fmap/sub-voice859_ses-1_acq-func_dir-AP_run-2_epi.json.
INFO: Post-treating /out/sub-voice859/ses-1/fmap/sub-voice859_ses-1_acq-func_dir-AP_run-2_epi.json file
INFO: Converting /out/sub-voice859/ses-1/dwi/sub-voice859_ses-1_acq-PA_dwi (72 DICOMs) -> /out/sub-voice859/ses-1/dwi . Converter: dcm2niix . Output types: ('nii.gz',)
INFO: [Node] Setting-up "convert" in "/tmp/dcm2niix4bmerop7/convert".
INFO: [Node] Executing "convert" <nipype.interfaces.dcm2nii.Dcm2niix>
INFO: stdout 2022-10-07T18:38:57.060881:Chris Rorden's dcm2niiX version v1.0.20211006  GCC10.2.1 x86-64 (64-bit Linux)
INFO: stdout 2022-10-07T18:38:57.060881:Found 72 DICOM file(s)
INFO: stdout 2022-10-07T18:38:57.060881:Warning: Slice timing appears corrupted (range 0..8.63999e+07, TR=4400 ms)
INFO: stdout 2022-10-07T18:38:57.060881:Convert 72 DICOM as /out/sub-voice859/ses-1/dwi/sub-voice859_ses-1_acq-PA_dwi_heudiconv974 (120x120x66x72)
INFO: stdout 2022-10-07T18:39:08.434929:Compress: "/usr/bin/pigz" -b 960 -n -f -6 "/out/sub-voice859/ses-1/dwi/sub-voice859_ses-1_acq-PA_dwi_heudiconv974.nii"
INFO: stdout 2022-10-07T18:39:08.434929:Conversion required 16.750933 seconds (0.330934 for core code).
INFO: [Node] Finished "convert", elapsed time 17.560606s.
WARNING: Failed to find task field in /out/sub-voice859/ses-1/dwi/sub-voice859_ses-1_acq-PA_dwi.json.
INFO: Post-treating /out/sub-voice859/ses-1/dwi/sub-voice859_ses-1_acq-PA_dwi.json file
INFO: Converting /out/sub-voice859/ses-1/dwi/sub-voice859_ses-1_acq-AP_dwi (7 DICOMs) -> /out/sub-voice859/ses-1/dwi . Converter: dcm2niix . Output types: ('nii.gz',)
INFO: [Node] Setting-up "convert" in "/tmp/dcm2niixbscjysdm/convert".
INFO: [Node] Executing "convert" <nipype.interfaces.dcm2nii.Dcm2niix>
INFO: stdout 2022-10-07T18:39:10.776844:Chris Rorden's dcm2niiX version v1.0.20211006  GCC10.2.1 x86-64 (64-bit Linux)
INFO: stdout 2022-10-07T18:39:10.776844:Found 7 DICOM file(s)
INFO: stdout 2022-10-07T18:39:10.776844:Warning: Slice timing appears corrupted (range 0..8.63999e+07, TR=4400 ms)
INFO: stdout 2022-10-07T18:39:10.776844:Convert 7 DICOM as /out/sub-voice859/ses-1/dwi/sub-voice859_ses-1_acq-AP_dwi_heudiconv405 (120x120x66x7)
INFO: stdout 2022-10-07T18:39:14.401160:Compress: "/usr/bin/pigz" -b 960 -n -f -6 "/out/sub-voice859/ses-1/dwi/sub-voice859_ses-1_acq-AP_dwi_heudiconv405.nii"
INFO: stdout 2022-10-07T18:39:14.401160:Conversion required 4.829778 seconds (0.058118 for core code).
INFO: [Node] Finished "convert", elapsed time 5.284106s.
WARNING: Failed to find task field in /out/sub-voice859/ses-1/dwi/sub-voice859_ses-1_acq-AP_dwi.json.
INFO: Post-treating /out/sub-voice859/ses-1/dwi/sub-voice859_ses-1_acq-AP_dwi.json file
INFO: Converting /out/sub-voice859/ses-1/anat/sub-voice859_ses-1_run-1_T1w (176 DICOMs) -> /out/sub-voice859/ses-1/anat . Converter: dcm2niix . Output types: ('nii.gz',)
INFO: [Node] Setting-up "convert" in "/tmp/dcm2niixts04eurj/convert".
INFO: [Node] Executing "convert" <nipype.interfaces.dcm2nii.Dcm2niix>
INFO: stdout 2022-10-07T18:39:18.667781:Chris Rorden's dcm2niiX version v1.0.20211006  GCC10.2.1 x86-64 (64-bit Linux)
INFO: stdout 2022-10-07T18:39:18.667781:Found 176 DICOM file(s)
INFO: stdout 2022-10-07T18:39:18.667781:Convert 176 DICOM as /out/sub-voice859/ses-1/anat/sub-voice859_ses-1_run-1_T1w_heudiconv053 (256x256x176x1)
INFO: stdout 2022-10-07T18:39:23.153164:Compress: "/usr/bin/pigz" -b 960 -n -f -6 "/out/sub-voice859/ses-1/anat/sub-voice859_ses-1_run-1_T1w_heudiconv053.nii"
INFO: stdout 2022-10-07T18:39:23.153164:Conversion required 7.096662 seconds (0.631103 for core code).
INFO: [Node] Finished "convert", elapsed time 7.413282s.
WARNING: Failed to find task field in /out/sub-voice859/ses-1/anat/sub-voice859_ses-1_run-1_T1w.json.
INFO: Post-treating /out/sub-voice859/ses-1/anat/sub-voice859_ses-1_run-1_T1w.json file
INFO: Converting /out/sub-voice859/ses-1/anat/sub-voice859_ses-1_T2w (176 DICOMs) -> /out/sub-voice859/ses-1/anat . Converter: dcm2niix . Output types: ('nii.gz',)
INFO: [Node] Setting-up "convert" in "/tmp/dcm2niix0iu1edp7/convert".
INFO: [Node] Executing "convert" <nipype.interfaces.dcm2nii.Dcm2niix>
INFO: stdout 2022-10-07T18:39:32.881484:Chris Rorden's dcm2niiX version v1.0.20211006  GCC10.2.1 x86-64 (64-bit Linux)
INFO: stdout 2022-10-07T18:39:32.881484:Found 176 DICOM file(s)
INFO: stdout 2022-10-07T18:39:32.881484:Convert 176 DICOM as /out/sub-voice859/ses-1/anat/sub-voice859_ses-1_T2w_heudiconv403 (256x256x176x1)
INFO: stdout 2022-10-07T18:39:35.946286:Compress: "/usr/bin/pigz" -b 960 -n -f -6 "/out/sub-voice859/ses-1/anat/sub-voice859_ses-1_T2w_heudiconv403.nii"
INFO: stdout 2022-10-07T18:39:35.946286:Conversion required 7.407292 seconds (0.674763 for core code).
INFO: [Node] Finished "convert", elapsed time 8.45241s.
WARNING: Failed to find task field in /out/sub-voice859/ses-1/anat/sub-voice859_ses-1_T2w.json.
INFO: Post-treating /out/sub-voice859/ses-1/anat/sub-voice859_ses-1_T2w.json file
INFO: Converting /out/sub-voice859/ses-1/func/sub-voice859_ses-1_task-pataka_run-1_bold (207 DICOMs) -> /out/sub-voice859/ses-1/func . Converter: dcm2niix . Output types: ('nii.gz',)
INFO: [Node] Setting-up "convert" in "/tmp/dcm2niixmlp6wbsn/convert".
INFO: [Node] Executing "convert" <nipype.interfaces.dcm2nii.Dcm2niix>
INFO: stdout 2022-10-07T18:39:48.466152:Chris Rorden's dcm2niiX version v1.0.20211006  GCC10.2.1 x86-64 (64-bit Linux)
INFO: stdout 2022-10-07T18:39:48.466152:Found 207 DICOM file(s)
INFO: stdout 2022-10-07T18:39:48.466152:Warning: Slice timing appears corrupted (range 0..3135, TR=1640 ms)
INFO: stdout 2022-10-07T18:39:48.466152:Convert 207 DICOM as /out/sub-voice859/ses-1/func/sub-voice859_ses-1_task-pataka_run-1_bold_heudiconv177 (72x72x45x207)
INFO: stdout 2022-10-07T18:39:55.284267:Compress: "/usr/bin/pigz" -b 960 -n -f -6 "/out/sub-voice859/ses-1/func/sub-voice859_ses-1_task-pataka_run-1_bold_heudiconv177.nii"
INFO: stdout 2022-10-07T18:39:55.284267:Conversion required 8.086561 seconds (0.691592 for core code).
INFO: [Node] Finished "convert", elapsed time 8.360112s.
INFO: Post-treating /out/sub-voice859/ses-1/func/sub-voice859_ses-1_task-pataka_run-1_bold.json file
INFO: Converting /out/sub-voice859/ses-1/func/sub-voice859_ses-1_task-pataka_run-2_bold (207 DICOMs) -> /out/sub-voice859/ses-1/func . Converter: dcm2niix . Output types: ('nii.gz',)
INFO: [Node] Setting-up "convert" in "/tmp/dcm2niixs21ipxo4/convert".
INFO: [Node] Executing "convert" <nipype.interfaces.dcm2nii.Dcm2niix>
INFO: stdout 2022-10-07T18:39:59.392581:Chris Rorden's dcm2niiX version v1.0.20211006  GCC10.2.1 x86-64 (64-bit Linux)
INFO: stdout 2022-10-07T18:39:59.392581:Found 207 DICOM file(s)
INFO: stdout 2022-10-07T18:39:59.392581:Warning: Slice timing appears corrupted (range 0..3137.5, TR=1640 ms)
INFO: stdout 2022-10-07T18:39:59.392581:Convert 207 DICOM as /out/sub-voice859/ses-1/func/sub-voice859_ses-1_task-pataka_run-2_bold_heudiconv300 (72x72x45x207)
INFO: stdout 2022-10-07T18:40:08.026187:Compress: "/usr/bin/pigz" -b 960 -n -f -6 "/out/sub-voice859/ses-1/func/sub-voice859_ses-1_task-pataka_run-2_bold_heudiconv300.nii"
INFO: stdout 2022-10-07T18:40:08.026187:Conversion required 9.489243 seconds (0.310277 for core code).
INFO: [Node] Finished "convert", elapsed time 10.431574s.
INFO: Post-treating /out/sub-voice859/ses-1/func/sub-voice859_ses-1_task-pataka_run-2_bold.json file
INFO: Converting /out/sub-voice859/ses-1/func/sub-voice859_ses-1_task-pitchsent_run-1_bold (64 DICOMs) -> /out/sub-voice859/ses-1/func . Converter: dcm2niix . Output types: ('nii.gz',)
INFO: [Node] Setting-up "convert" in "/tmp/dcm2niixa3wj20ku/convert".
INFO: [Node] Executing "convert" <nipype.interfaces.dcm2nii.Dcm2niix>
INFO: stdout 2022-10-07T18:40:09.514786:Chris Rorden's dcm2niiX version v1.0.20211006  GCC10.2.1 x86-64 (64-bit Linux)
INFO: stdout 2022-10-07T18:40:09.514786:Found 64 DICOM file(s)
INFO: stdout 2022-10-07T18:40:09.514786:Warning: Slice timing appears corrupted (range 0..5360, TR=4000 ms)
INFO: stdout 2022-10-07T18:40:09.514786:Convert 64 DICOM as /out/sub-voice859/ses-1/func/sub-voice859_ses-1_task-pitchsent_run-1_bold_heudiconv155 (108x108x65x64)
INFO: stdout 2022-10-07T18:40:17.383791:Compress: "/usr/bin/pigz" -b 960 -n -f -6 "/out/sub-voice859/ses-1/func/sub-voice859_ses-1_task-pitchsent_run-1_bold_heudiconv155.nii"
INFO: stdout 2022-10-07T18:40:17.383791:Conversion required 8.158609 seconds (0.196173 for core code).
INFO: [Node] Finished "convert", elapsed time 8.946793s.
INFO: Post-treating /out/sub-voice859/ses-1/func/sub-voice859_ses-1_task-pitchsent_run-1_bold.json file
INFO: Converting /out/sub-voice859/ses-1/func/sub-voice859_ses-1_task-pitchsent_run-2_bold (64 DICOMs) -> /out/sub-voice859/ses-1/func . Converter: dcm2niix . Output types: ('nii.gz',)
INFO: [Node] Setting-up "convert" in "/tmp/dcm2niixu5ptelzz/convert".
INFO: [Node] Executing "convert" <nipype.interfaces.dcm2nii.Dcm2niix>
INFO: stdout 2022-10-07T18:40:20.019310:Chris Rorden's dcm2niiX version v1.0.20211006  GCC10.2.1 x86-64 (64-bit Linux)
INFO: stdout 2022-10-07T18:40:20.019310:Found 64 DICOM file(s)
INFO: stdout 2022-10-07T18:40:20.019310:Warning: Slice timing appears corrupted (range 0..5357.5, TR=4000 ms)
INFO: stdout 2022-10-07T18:40:20.019310:Convert 64 DICOM as /out/sub-voice859/ses-1/func/sub-voice859_ses-1_task-pitchsent_run-2_bold_heudiconv851 (108x108x65x64)
INFO: stdout 2022-10-07T18:40:29.648861:Compress: "/usr/bin/pigz" -b 960 -n -f -6 "/out/sub-voice859/ses-1/func/sub-voice859_ses-1_task-pitchsent_run-2_bold_heudiconv851.nii"
INFO: stdout 2022-10-07T18:40:29.648861:Conversion required 10.104490 seconds (0.445265 for core code).
INFO: [Node] Finished "convert", elapsed time 11.242129s.
INFO: Post-treating /out/sub-voice859/ses-1/func/sub-voice859_ses-1_task-pitchsent_run-2_bold.json file
INFO: Converting /out/sub-voice859/ses-1/func/sub-voice859_ses-1_task-nwr_run-1_bold (42 DICOMs) -> /out/sub-voice859/ses-1/func . Converter: dcm2niix . Output types: ('nii.gz',)
INFO: [Node] Setting-up "convert" in "/tmp/dcm2niixjtpq9j15/convert".
INFO: [Node] Executing "convert" <nipype.interfaces.dcm2nii.Dcm2niix>
INFO: stdout 2022-10-07T18:40:37.854942:Chris Rorden's dcm2niiX version v1.0.20211006  GCC10.2.1 x86-64 (64-bit Linux)
INFO: stdout 2022-10-07T18:40:37.854942:Found 42 DICOM file(s)
INFO: stdout 2022-10-07T18:40:37.854942:Warning: Slice timing appears corrupted (range 0..5360, TR=4000 ms)
INFO: stdout 2022-10-07T18:40:37.854942:Convert 42 DICOM as /out/sub-voice859/ses-1/func/sub-voice859_ses-1_task-nwr_run-1_bold_heudiconv631 (108x108x65x42)
INFO: stdout 2022-10-07T18:40:44.457361:Compress: "/usr/bin/pigz" -b 960 -n -f -6 "/out/sub-voice859/ses-1/func/sub-voice859_ses-1_task-nwr_run-1_bold_heudiconv631.nii"
INFO: stdout 2022-10-07T18:40:44.457361:Conversion required 8.723808 seconds (1.890371 for core code).
INFO: [Node] Finished "convert", elapsed time 10.831263s.
INFO: Post-treating /out/sub-voice859/ses-1/func/sub-voice859_ses-1_task-nwr_run-1_bold.json file
INFO: Converting /out/sub-voice859/ses-1/func/sub-voice859_ses-1_task-nwr_run-2_bold (42 DICOMs) -> /out/sub-voice859/ses-1/func . Converter: dcm2niix . Output types: ('nii.gz',)
INFO: [Node] Setting-up "convert" in "/tmp/dcm2niixigqkxtc8/convert".
INFO: [Node] Executing "convert" <nipype.interfaces.dcm2nii.Dcm2niix>
INFO: stdout 2022-10-07T18:40:47.703479:Chris Rorden's dcm2niiX version v1.0.20211006  GCC10.2.1 x86-64 (64-bit Linux)
INFO: stdout 2022-10-07T18:40:47.703479:Found 42 DICOM file(s)
INFO: stdout 2022-10-07T18:40:47.703479:Warning: Slice timing appears corrupted (range 0..5360, TR=4000 ms)
INFO: stdout 2022-10-07T18:40:47.703479:Convert 42 DICOM as /out/sub-voice859/ses-1/func/sub-voice859_ses-1_task-nwr_run-2_bold_heudiconv213 (108x108x65x42)
INFO: stdout 2022-10-07T18:40:52.806486:Compress: "/usr/bin/pigz" -b 960 -n -f -6 "/out/sub-voice859/ses-1/func/sub-voice859_ses-1_task-nwr_run-2_bold_heudiconv213.nii"
INFO: stdout 2022-10-07T18:40:52.806486:Conversion required 5.316088 seconds (0.115703 for core code).
INFO: [Node] Finished "convert", elapsed time 8.992837s.
INFO: Post-treating /out/sub-voice859/ses-1/func/sub-voice859_ses-1_task-nwr_run-2_bold.json file
INFO: Converting /out/sub-voice859/ses-1/func/sub-voice859_ses-1_task-nwr_run-3_bold (42 DICOMs) -> /out/sub-voice859/ses-1/func . Converter: dcm2niix . Output types: ('nii.gz',)
INFO: [Node] Setting-up "convert" in "/tmp/dcm2niixbzl98rp6/convert".
INFO: [Node] Executing "convert" <nipype.interfaces.dcm2nii.Dcm2niix>
INFO: stdout 2022-10-07T18:41:00.582803:Chris Rorden's dcm2niiX version v1.0.20211006  GCC10.2.1 x86-64 (64-bit Linux)
INFO: stdout 2022-10-07T18:41:00.582803:Found 42 DICOM file(s)
INFO: stdout 2022-10-07T18:41:00.582803:Warning: Slice timing appears corrupted (range 0..5360, TR=4000 ms)
INFO: stdout 2022-10-07T18:41:00.582803:Convert 42 DICOM as /out/sub-voice859/ses-1/func/sub-voice859_ses-1_task-nwr_run-3_bold_heudiconv888 (108x108x65x42)
INFO: stdout 2022-10-07T18:41:07.213421:Compress: "/usr/bin/pigz" -b 960 -n -f -6 "/out/sub-voice859/ses-1/func/sub-voice859_ses-1_task-nwr_run-3_bold_heudiconv888.nii"
INFO: stdout 2022-10-07T18:41:07.213421:Conversion required 9.695944 seconds (0.125478 for core code).
INFO: [Node] Finished "convert", elapsed time 10.584427999999999s.
INFO: Post-treating /out/sub-voice859/ses-1/func/sub-voice859_ses-1_task-nwr_run-3_bold.json file
INFO: Converting /out/sub-voice859/ses-1/func/sub-voice859_ses-1_task-facematch_run-1_bold (99 DICOMs) -> /out/sub-voice859/ses-1/func . Converter: dcm2niix . Output types: ('nii.gz',)
INFO: [Node] Setting-up "convert" in "/tmp/dcm2niix7sjur9z6/convert".
INFO: [Node] Executing "convert" <nipype.interfaces.dcm2nii.Dcm2niix>
INFO: stdout 2022-10-07T18:41:14.287364:Chris Rorden's dcm2niiX version v1.0.20211006  GCC10.2.1 x86-64 (64-bit Linux)
INFO: stdout 2022-10-07T18:41:14.287364:Found 99 DICOM file(s)
INFO: stdout 2022-10-07T18:41:14.287364:Warning: Slice timing appears corrupted (range 0..5360, TR=2000 ms)
INFO: stdout 2022-10-07T18:41:14.287364:Convert 99 DICOM as /out/sub-voice859/ses-1/func/sub-voice859_ses-1_task-facematch_run-1_bold_heudiconv451 (108x108x65x99)
INFO: stdout 2022-10-07T18:41:28.592696:Compress: "/usr/bin/pigz" -b 960 -n -f -6 "/out/sub-voice859/ses-1/func/sub-voice859_ses-1_task-facematch_run-1_bold_heudiconv451.nii"
INFO: stdout 2022-10-07T18:41:28.592696:Conversion required 15.881509 seconds (0.288093 for core code).
INFO: [Node] Finished "convert", elapsed time 17.117125s.
INFO: Post-treating /out/sub-voice859/ses-1/func/sub-voice859_ses-1_task-facematch_run-1_bold.json file
INFO: Converting /out/sub-voice859/ses-1/func/sub-voice859_ses-1_task-facematch_run-2_bold (99 DICOMs) -> /out/sub-voice859/ses-1/func . Converter: dcm2niix . Output types: ('nii.gz',)
INFO: [Node] Setting-up "convert" in "/tmp/dcm2niix02tx4xec/convert".
INFO: [Node] Executing "convert" <nipype.interfaces.dcm2nii.Dcm2niix>
INFO: stdout 2022-10-07T18:41:35.797060:Chris Rorden's dcm2niiX version v1.0.20211006  GCC10.2.1 x86-64 (64-bit Linux)
INFO: stdout 2022-10-07T18:41:35.797060:Found 99 DICOM file(s)
INFO: stdout 2022-10-07T18:41:35.797060:Warning: Slice timing appears corrupted (range 0..5360, TR=2000 ms)
INFO: stdout 2022-10-07T18:41:35.797060:Convert 99 DICOM as /out/sub-voice859/ses-1/func/sub-voice859_ses-1_task-facematch_run-2_bold_heudiconv874 (108x108x65x99)
INFO: stdout 2022-10-07T18:41:49.466768:Compress: "/usr/bin/pigz" -b 960 -n -f -6 "/out/sub-voice859/ses-1/func/sub-voice859_ses-1_task-facematch_run-2_bold_heudiconv874.nii"
INFO: stdout 2022-10-07T18:41:49.466768:Conversion required 15.699381 seconds (0.367560 for core code).
INFO: [Node] Finished "convert", elapsed time 19.010526s.
INFO: Post-treating /out/sub-voice859/ses-1/func/sub-voice859_ses-1_task-facematch_run-2_bold.json file
INFO: Converting /out/sub-voice859/ses-1/func/sub-voice859_ses-1_task-emosent_run-1_bold (48 DICOMs) -> /out/sub-voice859/ses-1/func . Converter: dcm2niix . Output types: ('nii.gz',)
INFO: [Node] Setting-up "convert" in "/tmp/dcm2niixzxgk51y3/convert".
INFO: [Node] Executing "convert" <nipype.interfaces.dcm2nii.Dcm2niix>
INFO: stdout 2022-10-07T18:41:55.838632:Chris Rorden's dcm2niiX version v1.0.20211006  GCC10.2.1 x86-64 (64-bit Linux)
INFO: stdout 2022-10-07T18:41:55.838632:Found 48 DICOM file(s)
INFO: stdout 2022-10-07T18:41:55.838632:Warning: Slice timing appears corrupted (range 0..5360, TR=4000 ms)
INFO: stdout 2022-10-07T18:41:55.838632:Convert 48 DICOM as /out/sub-voice859/ses-1/func/sub-voice859_ses-1_task-emosent_run-1_bold_heudiconv528 (108x108x65x48)
INFO: stdout 2022-10-07T18:42:03.224325:Compress: "/usr/bin/pigz" -b 960 -n -f -6 "/out/sub-voice859/ses-1/func/sub-voice859_ses-1_task-emosent_run-1_bold_heudiconv528.nii"
INFO: stdout 2022-10-07T18:42:03.224325:Conversion required 9.383512 seconds (1.860158 for core code).
INFO: [Node] Finished "convert", elapsed time 10.031671s.
INFO: Post-treating /out/sub-voice859/ses-1/func/sub-voice859_ses-1_task-emosent_run-1_bold.json file
INFO: Converting /out/sub-voice859/ses-1/func/sub-voice859_ses-1_task-emosent_run-2_bold (48 DICOMs) -> /out/sub-voice859/ses-1/func . Converter: dcm2niix . Output types: ('nii.gz',)
INFO: [Node] Setting-up "convert" in "/tmp/dcm2niixo74xbrnf/convert".
INFO: [Node] Executing "convert" <nipype.interfaces.dcm2nii.Dcm2niix>
INFO: stdout 2022-10-07T18:42:15.920597:Chris Rorden's dcm2niiX version v1.0.20211006  GCC10.2.1 x86-64 (64-bit Linux)
INFO: stdout 2022-10-07T18:42:15.920597:Found 48 DICOM file(s)
INFO: stdout 2022-10-07T18:42:15.920597:Warning: Slice timing appears corrupted (range 0..5360, TR=4000 ms)
INFO: stdout 2022-10-07T18:42:15.920597:Convert 48 DICOM as /out/sub-voice859/ses-1/func/sub-voice859_ses-1_task-emosent_run-2_bold_heudiconv439 (108x108x65x48)
INFO: stdout 2022-10-07T18:42:23.371420:Compress: "/usr/bin/pigz" -b 960 -n -f -6 "/out/sub-voice859/ses-1/func/sub-voice859_ses-1_task-emosent_run-2_bold_heudiconv439.nii"
INFO: stdout 2022-10-07T18:42:23.371420:Conversion required 13.986077 seconds (0.163258 for core code).
INFO: [Node] Finished "convert", elapsed time 15.704024s.
INFO: Post-treating /out/sub-voice859/ses-1/func/sub-voice859_ses-1_task-emosent_run-2_bold.json file
INFO: Converting /out/sub-voice859/ses-1/func/sub-voice859_ses-1_task-vowel_run-1_bold (60 DICOMs) -> /out/sub-voice859/ses-1/func . Converter: dcm2niix . Output types: ('nii.gz',)
INFO: [Node] Setting-up "convert" in "/tmp/dcm2niixh86e0opp/convert".
INFO: [Node] Executing "convert" <nipype.interfaces.dcm2nii.Dcm2niix>
INFO: stdout 2022-10-07T18:42:29.235909:Chris Rorden's dcm2niiX version v1.0.20211006  GCC10.2.1 x86-64 (64-bit Linux)
INFO: stdout 2022-10-07T18:42:29.235909:Found 60 DICOM file(s)
INFO: stdout 2022-10-07T18:42:29.235909:Warning: Slice timing appears corrupted (range 0..5357.5, TR=4000 ms)
INFO: stdout 2022-10-07T18:42:29.235909:Convert 60 DICOM as /out/sub-voice859/ses-1/func/sub-voice859_ses-1_task-vowel_run-1_bold_heudiconv528 (108x108x65x60)
INFO: stdout 2022-10-07T18:42:37.344277:Compress: "/usr/bin/pigz" -b 960 -n -f -6 "/out/sub-voice859/ses-1/func/sub-voice859_ses-1_task-vowel_run-1_bold_heudiconv528.nii"
INFO: stdout 2022-10-07T18:42:37.344277:Conversion required 9.252307 seconds (0.190519 for core code).
INFO: [Node] Finished "convert", elapsed time 10.368419s.
INFO: Post-treating /out/sub-voice859/ses-1/func/sub-voice859_ses-1_task-vowel_run-1_bold.json file
INFO: Converting /out/sub-voice859/ses-1/func/sub-voice859_ses-1_task-vowel_run-2_bold (60 DICOMs) -> /out/sub-voice859/ses-1/func . Converter: dcm2niix . Output types: ('nii.gz',)
INFO: [Node] Setting-up "convert" in "/tmp/dcm2niixr33o_5_w/convert".
INFO: [Node] Executing "convert" <nipype.interfaces.dcm2nii.Dcm2niix>
INFO: stdout 2022-10-07T18:42:43.988198:Chris Rorden's dcm2niiX version v1.0.20211006  GCC10.2.1 x86-64 (64-bit Linux)
INFO: stdout 2022-10-07T18:42:43.988198:Found 60 DICOM file(s)
INFO: stdout 2022-10-07T18:42:43.988198:Warning: Slice timing appears corrupted (range 0..5360, TR=4000 ms)
INFO: stdout 2022-10-07T18:42:43.988198:Convert 60 DICOM as /out/sub-voice859/ses-1/func/sub-voice859_ses-1_task-vowel_run-2_bold_heudiconv547 (108x108x65x60)
INFO: stdout 2022-10-07T18:42:51.452847:Compress: "/usr/bin/pigz" -b 960 -n -f -6 "/out/sub-voice859/ses-1/func/sub-voice859_ses-1_task-vowel_run-2_bold_heudiconv547.nii"
INFO: stdout 2022-10-07T18:42:51.452847:Conversion required 10.939257 seconds (0.174331 for core code).
INFO: [Node] Finished "convert", elapsed time 11.650925s.
INFO: Post-treating /out/sub-voice859/ses-1/func/sub-voice859_ses-1_task-vowel_run-2_bold.json file
INFO: Converting /out/sub-voice859/ses-1/func/sub-voice859_ses-1_task-pitchnw_run-1_bold (101 DICOMs) -> /out/sub-voice859/ses-1/func . Converter: dcm2niix . Output types: ('nii.gz',)
INFO: [Node] Setting-up "convert" in "/tmp/dcm2niix056dms6x/convert".
INFO: [Node] Executing "convert" <nipype.interfaces.dcm2nii.Dcm2niix>
INFO: stdout 2022-10-07T18:42:57.164207:Chris Rorden's dcm2niiX version v1.0.20211006  GCC10.2.1 x86-64 (64-bit Linux)
INFO: stdout 2022-10-07T18:42:57.164207:Found 101 DICOM file(s)
INFO: stdout 2022-10-07T18:42:57.164207:Warning: Slice timing appears corrupted (range 0..5357.5, TR=2000 ms)
INFO: stdout 2022-10-07T18:42:57.164207:Convert 101 DICOM as /out/sub-voice859/ses-1/func/sub-voice859_ses-1_task-pitchnw_run-1_bold_heudiconv411 (108x108x65x101)
INFO: stdout 2022-10-07T18:43:09.958346:Compress: "/usr/bin/pigz" -b 960 -n -f -6 "/out/sub-voice859/ses-1/func/sub-voice859_ses-1_task-pitchnw_run-1_bold_heudiconv411.nii"
INFO: stdout 2022-10-07T18:43:09.958346:Conversion required 13.021463 seconds (0.266060 for core code).
INFO: [Node] Finished "convert", elapsed time 15.644218s.
INFO: Post-treating /out/sub-voice859/ses-1/func/sub-voice859_ses-1_task-pitchnw_run-1_bold.json file
INFO: Converting /out/sub-voice859/ses-1/func/sub-voice859_ses-1_task-pitchnw_run-2_bold (101 DICOMs) -> /out/sub-voice859/ses-1/func . Converter: dcm2niix . Output types: ('nii.gz',)
INFO: [Node] Setting-up "convert" in "/tmp/dcm2niixop8jtwoo/convert".
INFO: [Node] Executing "convert" <nipype.interfaces.dcm2nii.Dcm2niix>
INFO: stdout 2022-10-07T18:43:18.695762:Chris Rorden's dcm2niiX version v1.0.20211006  GCC10.2.1 x86-64 (64-bit Linux)
INFO: stdout 2022-10-07T18:43:18.695762:Found 101 DICOM file(s)
INFO: stdout 2022-10-07T18:43:18.695762:Warning: Slice timing appears corrupted (range 0..5357.5, TR=2000 ms)
INFO: stdout 2022-10-07T18:43:18.695762:Convert 101 DICOM as /out/sub-voice859/ses-1/func/sub-voice859_ses-1_task-pitchnw_run-2_bold_heudiconv024 (108x108x65x101)
INFO: stdout 2022-10-07T18:43:32.090405:Compress: "/usr/bin/pigz" -b 960 -n -f -6 "/out/sub-voice859/ses-1/func/sub-voice859_ses-1_task-pitchnw_run-2_bold_heudiconv024.nii"
INFO: stdout 2022-10-07T18:43:32.090405:Conversion required 14.741043 seconds (0.282021 for core code).
INFO: [Node] Finished "convert", elapsed time 16.143057s.
INFO: Post-treating /out/sub-voice859/ses-1/func/sub-voice859_ses-1_task-pitchnw_run-2_bold.json file
INFO: Converting /out/sub-voice859/ses-1/func/sub-voice859_ses-1_task-movie_run-1_bold (138 DICOMs) -> /out/sub-voice859/ses-1/func . Converter: dcm2niix . Output types: ('nii.gz',)
INFO: [Node] Setting-up "convert" in "/tmp/dcm2niixt3_c0eiy/convert".
INFO: [Node] Executing "convert" <nipype.interfaces.dcm2nii.Dcm2niix>
INFO: stdout 2022-10-07T18:43:42.592454:Chris Rorden's dcm2niiX version v1.0.20211006  GCC10.2.1 x86-64 (64-bit Linux)
INFO: stdout 2022-10-07T18:43:42.592454:Found 138 DICOM file(s)
INFO: stdout 2022-10-07T18:43:42.592454:Warning: Slice timing appears corrupted (range 0..5360, TR=1090 ms)
INFO: stdout 2022-10-07T18:43:42.592454:Convert 138 DICOM as /out/sub-voice859/ses-1/func/sub-voice859_ses-1_task-movie_run-1_bold_heudiconv288 (108x108x65x138)
INFO: stdout 2022-10-07T18:44:00.630910:Compress: "/usr/bin/pigz" -b 960 -n -f -6 "/out/sub-voice859/ses-1/func/sub-voice859_ses-1_task-movie_run-1_bold_heudiconv288.nii"
INFO: stdout 2022-10-07T18:44:00.630910:Conversion required 19.131550 seconds (0.327460 for core code).
INFO: [Node] Finished "convert", elapsed time 20.449249000000002s.
INFO: Post-treating /out/sub-voice859/ses-1/func/sub-voice859_ses-1_task-movie_run-1_bold.json file
INFO: Populating template files under /out/
INFO: PROCESSING DONE: {'subject': 'voice859', 'outdir': '/out/', 'session': '1'}
INFO: Total: starting
INFO: 
INFO: Total: processed result for /out
INFO: Total: done
INFO: Total: starting
INFO: 
INFO: Total: processed result for /out/.heudiconv
[WARNING] Received an exception CommandError(CommandError: 'git -c diff.ignoreSubmodules=none update-index --add --replace --cacheinfo 160000 62f16d01994e46ef649b0494d44c1c215af615b0 .heudiconv' failed with exitcode 128 [err: 'fatal: Unable to create '/out/.git/index.lock': File exists.

Another git process seems to be running in this repository, e.g.
an editor opened by 'git commit'. Please make sure all processes
are terminated then try again. If it still fails, a git process
may have crashed in this repository earlier:
remove the file manually to continue.']). Canceling not-yet running jobs and waiting for completion of running. You can force earlier forceful exit by Ctrl-C. 
WARNING: Received an exception CommandError(CommandError: 'git -c diff.ignoreSubmodules=none update-index --add --replace --cacheinfo 160000 62f16d01994e46ef649b0494d44c1c215af615b0 .heudiconv' failed with exitcode 128 [err: 'fatal: Unable to create '/out/.git/index.lock': File exists.

Another git process seems to be running in this repository, e.g.
an editor opened by 'git commit'. Please make sure all processes
are terminated then try again. If it still fails, a git process
may have crashed in this repository earlier:
remove the file manually to continue.']). Canceling not-yet running jobs and waiting for completion of running. You can force earlier forceful exit by Ctrl-C.
[INFO] Canceled 0 out of 0 jobs. 0 left running. 
INFO: Canceled 0 out of 0 jobs. 0 left running.
Traceback (most recent call last):
  File "/opt/miniconda-latest/lib/python3.7/site-packages/datalad/support/parallel.py", line 368, in _iter_threads
    raise _FinalShutdown()
datalad.support.parallel._FinalShutdown

During handling of the above exception, another exception occurred:

Traceback (most recent call last):
  File "/opt/miniconda-latest/bin/heudiconv", line 33, in <module>
    sys.exit(load_entry_point('heudiconv', 'console_scripts', 'heudiconv')())
  File "/src/heudiconv/heudiconv/cli/run.py", line 24, in main
    workflow(**kwargs)
  File "/src/heudiconv/heudiconv/main.py", line 406, in workflow
    add_to_datalad(outdir, study_outdir, msg, bids_options)
  File "/src/heudiconv/heudiconv/external/dlad.py", line 125, in add_to_datalad
    ds.save('.', recursive=True
  File "/opt/miniconda-latest/lib/python3.7/site-packages/datalad/distribution/dataset.py", line 502, in apply_func
    return f(*args, **kwargs)
  File "/opt/miniconda-latest/lib/python3.7/site-packages/datalad/interface/utils.py", line 447, in eval_func
    return return_func(*args, **kwargs)
  File "/opt/miniconda-latest/lib/python3.7/site-packages/datalad/interface/utils.py", line 439, in return_func
    results = list(results)
  File "/opt/miniconda-latest/lib/python3.7/site-packages/datalad/interface/utils.py", line 369, in generator_func
    allkwargs):
  File "/opt/miniconda-latest/lib/python3.7/site-packages/datalad/interface/utils.py", line 544, in _process_results
    for res in results:
  File "/opt/miniconda-latest/lib/python3.7/site-packages/datalad/core/local/save.py", line 398, in __call__
    lgr=lgr,
  File "/opt/miniconda-latest/lib/python3.7/site-packages/datalad/support/parallel.py", line 535, in __iter__
    for res in super().__iter__():
  File "/opt/miniconda-latest/lib/python3.7/site-packages/datalad/support/parallel.py", line 265, in __iter__
    yield from self._iter_threads(self._jobs)
  File "/opt/miniconda-latest/lib/python3.7/site-packages/datalad/support/parallel.py", line 417, in _iter_threads
    self.shutdown(force=True, exception=self._producer_exception or interrupted_by_exception)
  File "/opt/miniconda-latest/lib/python3.7/site-packages/datalad/support/parallel.py", line 233, in shutdown
    raise exception
  File "/opt/miniconda-latest/lib/python3.7/site-packages/datalad/support/parallel.py", line 401, in _iter_threads
    done_useful |= self._pop_done_futures(lgr)
  File "/opt/miniconda-latest/lib/python3.7/site-packages/datalad/support/parallel.py", line 463, in _pop_done_futures
    raise exception
  File "/opt/miniconda-latest/lib/python3.7/concurrent/futures/thread.py", line 57, in run
    result = self.fn(*self.args, **self.kwargs)
  File "/opt/miniconda-latest/lib/python3.7/site-packages/datalad/support/parallel.py", line 329, in consumer_worker
    for r in res:
  File "/opt/miniconda-latest/lib/python3.7/site-packages/datalad/core/local/save.py", line 322, in save_ds
    amend=amend):
  File "/opt/miniconda-latest/lib/python3.7/site-packages/datalad/support/gitrepo.py", line 3425, in save_
    for r in self._save_add_submodules(to_stage_submodules):
  File "/opt/miniconda-latest/lib/python3.7/site-packages/datalad/support/gitrepo.py", line 3662, in _save_add_submodules
    i['commit'], i['rpath']
  File "/opt/miniconda-latest/lib/python3.7/site-packages/datalad/dataset/gitrepo.py", line 437, in call_git
    read_only=read_only))
  File "/opt/miniconda-latest/lib/python3.7/site-packages/datalad/dataset/gitrepo.py", line 482, in call_git_items_
    sep=sep):
  File "/opt/miniconda-latest/lib/python3.7/site-packages/datalad/dataset/gitrepo.py", line 345, in _generator_call_git
    for file_no, content in generator:
  File "/opt/miniconda-latest/lib/python3.7/_collections_abc.py", line 317, in __next__
    return self.send(None)
  File "/opt/miniconda-latest/lib/python3.7/site-packages/datalad/runner/nonasyncrunner.py", line 98, in send
    self._check_result()
  File "/opt/miniconda-latest/lib/python3.7/site-packages/datalad/runner/nonasyncrunner.py", line 80, in _check_result
    self.runner._check_result()
  File "/opt/miniconda-latest/lib/python3.7/site-packages/datalad/runner/nonasyncrunner.py", line 259, in _check_result
    stderr=decoded_output.get("stderr", None))
datalad.runner.exception.CommandError: CommandError: 'git -c diff.ignoreSubmodules=none update-index --add --replace --cacheinfo 160000 62f16d01994e46ef649b0494d44c1c215af615b0 .heudiconv' failed with exitcode 128 [err: 'fatal: Unable to create '/out/.git/index.lock': File exists.

Another git process seems to be running in this repository, e.g.
an editor opened by 'git commit'. Please make sure all processes
are terminated then try again. If it still fails, a git process
may have crashed in this repository earlier:
remove the file manually to continue.']
