INFO: Running heudiconv version 0.11.3+d20220512 latest 0.11.4
INFO: Need to process 1 study sessions
INFO: PROCESSING STARTS: {'subject': 'voice974', 'outdir': '/out/', 'session': '1'}
INFO: Processing 5137 dicoms
INFO: Analyzing 5137 dicoms
INFO: Generated sequence info for 48 accession numbers with 5137 entries total
INFO: Doing conversion using dcm2niix
INFO: Converting /out/sub-voice974/ses-1/func/sub-voice974_ses-1_task-rest_run-1_bold (300 DICOMs) -> /out/sub-voice974/ses-1/func . Converter: dcm2niix . Output types: ('nii.gz',)
WARNING: A newer version (1.8.4) of nipy/nipype is available. You are using 1.8.0
INFO: [Node] Setting-up "convert" in "/tmp/dcm2niixsgs7umb0/convert".
INFO: [Node] Executing "convert" <nipype.interfaces.dcm2nii.Dcm2niix>
INFO: stdout 2022-10-07T19:42:55.668951:Chris Rorden's dcm2niiX version v1.0.20211006  GCC10.2.1 x86-64 (64-bit Linux)
INFO: stdout 2022-10-07T19:42:55.668951:Found 300 DICOM file(s)
INFO: stdout 2022-10-07T19:42:55.668951:Warning: Slice timing appears corrupted (range 0..5360, TR=1090 ms)
INFO: stdout 2022-10-07T19:42:55.668951:Convert 300 DICOM as /out/sub-voice974/ses-1/func/sub-voice974_ses-1_task-rest_run-1_bold_heudiconv627 (108x108x65x300)
INFO: stdout 2022-10-07T19:43:19.341135:Compress: "/usr/bin/pigz" -b 960 -n -f -6 "/out/sub-voice974/ses-1/func/sub-voice974_ses-1_task-rest_run-1_bold_heudiconv627.nii"
INFO: stdout 2022-10-07T19:43:19.341135:Conversion required 25.366519 seconds (1.077806 for core code).
INFO: [Node] Finished "convert", elapsed time 25.410036s.
INFO: Post-treating /out/sub-voice974/ses-1/func/sub-voice974_ses-1_task-rest_run-1_bold.json file
INFO: Converting /out/sub-voice974/ses-1/fmap/sub-voice974_ses-1_acq-func_dir-PA_run-1_epi (260 DICOMs) -> /out/sub-voice974/ses-1/fmap . Converter: dcm2niix . Output types: ('nii.gz',)
INFO: [Node] Setting-up "convert" in "/tmp/dcm2niix1txxd94a/convert".
INFO: [Node] Executing "convert" <nipype.interfaces.dcm2nii.Dcm2niix>
INFO: stdout 2022-10-07T19:43:20.355911:Chris Rorden's dcm2niiX version v1.0.20211006  GCC10.2.1 x86-64 (64-bit Linux)
INFO: stdout 2022-10-07T19:43:20.355911:Found 260 DICOM file(s)
INFO: stdout 2022-10-07T19:43:20.355911:Convert 260 DICOM as /out/sub-voice974/ses-1/fmap/sub-voice974_ses-1_acq-func_dir-PA_run-1_epi_heudiconv141 (108x108x65x4)
INFO: stdout 2022-10-07T19:43:20.806964:Compress: "/usr/bin/pigz" -b 960 -n -f -6 "/out/sub-voice974/ses-1/fmap/sub-voice974_ses-1_acq-func_dir-PA_run-1_epi_heudiconv141.nii"
INFO: stdout 2022-10-07T19:43:20.806964:Conversion required 0.852352 seconds (0.136316 for core code).
INFO: [Node] Finished "convert", elapsed time 0.913675s.
WARNING: Failed to find task field in /out/sub-voice974/ses-1/fmap/sub-voice974_ses-1_acq-func_dir-PA_run-1_epi.json.
INFO: Post-treating /out/sub-voice974/ses-1/fmap/sub-voice974_ses-1_acq-func_dir-PA_run-1_epi.json file
INFO: Converting /out/sub-voice974/ses-1/fmap/sub-voice974_ses-1_acq-func_dir-AP_run-2_epi (260 DICOMs) -> /out/sub-voice974/ses-1/fmap . Converter: dcm2niix . Output types: ('nii.gz',)
INFO: [Node] Setting-up "convert" in "/tmp/dcm2niix2w02y23e/convert".
INFO: [Node] Executing "convert" <nipype.interfaces.dcm2nii.Dcm2niix>
INFO: stdout 2022-10-07T19:43:21.657173:Chris Rorden's dcm2niiX version v1.0.20211006  GCC10.2.1 x86-64 (64-bit Linux)
INFO: stdout 2022-10-07T19:43:21.657173:Found 260 DICOM file(s)
INFO: stdout 2022-10-07T19:43:21.657173:Convert 260 DICOM as /out/sub-voice974/ses-1/fmap/sub-voice974_ses-1_acq-func_dir-AP_run-2_epi_heudiconv068 (108x108x65x4)
INFO: stdout 2022-10-07T19:43:22.143348:Compress: "/usr/bin/pigz" -b 960 -n -f -6 "/out/sub-voice974/ses-1/fmap/sub-voice974_ses-1_acq-func_dir-AP_run-2_epi_heudiconv068.nii"
INFO: stdout 2022-10-07T19:43:22.143348:Conversion required 0.879923 seconds (0.141070 for core code).
INFO: [Node] Finished "convert", elapsed time 0.941221s.
WARNING: Failed to find task field in /out/sub-voice974/ses-1/fmap/sub-voice974_ses-1_acq-func_dir-AP_run-2_epi.json.
INFO: Post-treating /out/sub-voice974/ses-1/fmap/sub-voice974_ses-1_acq-func_dir-AP_run-2_epi.json file
INFO: Converting /out/sub-voice974/ses-1/dwi/sub-voice974_ses-1_acq-PA_dwi (72 DICOMs) -> /out/sub-voice974/ses-1/dwi . Converter: dcm2niix . Output types: ('nii.gz',)
INFO: [Node] Setting-up "convert" in "/tmp/dcm2niixj3xdqfv9/convert".
INFO: [Node] Executing "convert" <nipype.interfaces.dcm2nii.Dcm2niix>
INFO: stdout 2022-10-07T19:43:23.121903:Chris Rorden's dcm2niiX version v1.0.20211006  GCC10.2.1 x86-64 (64-bit Linux)
INFO: stdout 2022-10-07T19:43:23.121903:Found 72 DICOM file(s)
INFO: stdout 2022-10-07T19:43:23.121903:Warning: Slice timing appears corrupted (range 0..8.63999e+07, TR=4400 ms)
INFO: stdout 2022-10-07T19:43:23.121903:Convert 72 DICOM as /out/sub-voice974/ses-1/dwi/sub-voice974_ses-1_acq-PA_dwi_heudiconv537 (120x120x66x72)
INFO: stdout 2022-10-07T19:43:30.220790:Compress: "/usr/bin/pigz" -b 960 -n -f -6 "/out/sub-voice974/ses-1/dwi/sub-voice974_ses-1_acq-PA_dwi_heudiconv537.nii"
INFO: stdout 2022-10-07T19:43:30.220790:Conversion required 7.769980 seconds (0.423431 for core code).
INFO: [Node] Finished "convert", elapsed time 7.816406s.
WARNING: Failed to find task field in /out/sub-voice974/ses-1/dwi/sub-voice974_ses-1_acq-PA_dwi.json.
INFO: Post-treating /out/sub-voice974/ses-1/dwi/sub-voice974_ses-1_acq-PA_dwi.json file
INFO: Converting /out/sub-voice974/ses-1/dwi/sub-voice974_ses-1_acq-AP_dwi (7 DICOMs) -> /out/sub-voice974/ses-1/dwi . Converter: dcm2niix . Output types: ('nii.gz',)
INFO: [Node] Setting-up "convert" in "/tmp/dcm2niixwdz7b3w7/convert".
INFO: [Node] Executing "convert" <nipype.interfaces.dcm2nii.Dcm2niix>
INFO: stdout 2022-10-07T19:43:30.591149:Chris Rorden's dcm2niiX version v1.0.20211006  GCC10.2.1 x86-64 (64-bit Linux)
INFO: stdout 2022-10-07T19:43:30.591149:Found 7 DICOM file(s)
INFO: stdout 2022-10-07T19:43:30.591149:Warning: Slice timing appears corrupted (range 0..8.63999e+07, TR=4400 ms)
INFO: stdout 2022-10-07T19:43:30.591149:Convert 7 DICOM as /out/sub-voice974/ses-1/dwi/sub-voice974_ses-1_acq-AP_dwi_heudiconv154 (120x120x66x7)
INFO: stdout 2022-10-07T19:43:31.433121:Compress: "/usr/bin/pigz" -b 960 -n -f -6 "/out/sub-voice974/ses-1/dwi/sub-voice974_ses-1_acq-AP_dwi_heudiconv154.nii"
INFO: stdout 2022-10-07T19:43:31.433121:Conversion required 1.033581 seconds (0.056959 for core code).
INFO: [Node] Finished "convert", elapsed time 1.100986s.
WARNING: Failed to find task field in /out/sub-voice974/ses-1/dwi/sub-voice974_ses-1_acq-AP_dwi.json.
INFO: Post-treating /out/sub-voice974/ses-1/dwi/sub-voice974_ses-1_acq-AP_dwi.json file
INFO: Converting /out/sub-voice974/ses-1/anat/sub-voice974_ses-1_run-1_T1w (176 DICOMs) -> /out/sub-voice974/ses-1/anat . Converter: dcm2niix . Output types: ('nii.gz',)
INFO: [Node] Setting-up "convert" in "/tmp/dcm2niix3adkp_7y/convert".
INFO: [Node] Executing "convert" <nipype.interfaces.dcm2nii.Dcm2niix>
INFO: stdout 2022-10-07T19:43:32.266855:Chris Rorden's dcm2niiX version v1.0.20211006  GCC10.2.1 x86-64 (64-bit Linux)
INFO: stdout 2022-10-07T19:43:32.266855:Found 176 DICOM file(s)
INFO: stdout 2022-10-07T19:43:32.266855:Convert 176 DICOM as /out/sub-voice974/ses-1/anat/sub-voice974_ses-1_run-1_T1w_heudiconv640 (256x256x176x1)
INFO: stdout 2022-10-07T19:43:33.550718:Compress: "/usr/bin/pigz" -b 960 -n -f -6 "/out/sub-voice974/ses-1/anat/sub-voice974_ses-1_run-1_T1w_heudiconv640.nii"
INFO: stdout 2022-10-07T19:43:33.550718:Conversion required 1.714441 seconds (0.231495 for core code).
INFO: [Node] Finished "convert", elapsed time 1.7802069999999999s.
WARNING: Failed to find task field in /out/sub-voice974/ses-1/anat/sub-voice974_ses-1_run-1_T1w.json.
INFO: Post-treating /out/sub-voice974/ses-1/anat/sub-voice974_ses-1_run-1_T1w.json file
INFO: Converting /out/sub-voice974/ses-1/anat/sub-voice974_ses-1_T2w (176 DICOMs) -> /out/sub-voice974/ses-1/anat . Converter: dcm2niix . Output types: ('nii.gz',)
INFO: [Node] Setting-up "convert" in "/tmp/dcm2niixtwljbict/convert".
INFO: [Node] Executing "convert" <nipype.interfaces.dcm2nii.Dcm2niix>
INFO: stdout 2022-10-07T19:43:34.148138:Chris Rorden's dcm2niiX version v1.0.20211006  GCC10.2.1 x86-64 (64-bit Linux)
INFO: stdout 2022-10-07T19:43:34.148138:Found 176 DICOM file(s)
INFO: stdout 2022-10-07T19:43:34.148138:Convert 176 DICOM as /out/sub-voice974/ses-1/anat/sub-voice974_ses-1_T2w_heudiconv118 (256x256x176x1)
INFO: stdout 2022-10-07T19:43:35.332965:Compress: "/usr/bin/pigz" -b 960 -n -f -6 "/out/sub-voice974/ses-1/anat/sub-voice974_ses-1_T2w_heudiconv118.nii"
INFO: stdout 2022-10-07T19:43:35.332965:Conversion required 1.495432 seconds (0.239668 for core code).
INFO: [Node] Finished "convert", elapsed time 1.54719s.
WARNING: Failed to find task field in /out/sub-voice974/ses-1/anat/sub-voice974_ses-1_T2w.json.
INFO: Post-treating /out/sub-voice974/ses-1/anat/sub-voice974_ses-1_T2w.json file
INFO: Converting /out/sub-voice974/ses-1/func/sub-voice974_ses-1_task-pataka_run-1_bold (207 DICOMs) -> /out/sub-voice974/ses-1/func . Converter: dcm2niix . Output types: ('nii.gz',)
INFO: [Node] Setting-up "convert" in "/tmp/dcm2niixlhes2_7k/convert".
INFO: [Node] Executing "convert" <nipype.interfaces.dcm2nii.Dcm2niix>
INFO: stdout 2022-10-07T19:43:36.517160:Chris Rorden's dcm2niiX version v1.0.20211006  GCC10.2.1 x86-64 (64-bit Linux)
INFO: stdout 2022-10-07T19:43:36.517160:Found 207 DICOM file(s)
INFO: stdout 2022-10-07T19:43:36.517160:Warning: Slice timing appears corrupted (range 0..3137.5, TR=1640 ms)
INFO: stdout 2022-10-07T19:43:36.517160:Convert 207 DICOM as /out/sub-voice974/ses-1/func/sub-voice974_ses-1_task-pataka_run-1_bold_heudiconv815 (72x72x45x207)
INFO: stdout 2022-10-07T19:43:41.571113:Compress: "/usr/bin/pigz" -b 960 -n -f -6 "/out/sub-voice974/ses-1/func/sub-voice974_ses-1_task-pataka_run-1_bold_heudiconv815.nii"
INFO: stdout 2022-10-07T19:43:41.571113:Conversion required 5.886751 seconds (0.411320 for core code).
INFO: [Node] Finished "convert", elapsed time 5.957072s.
INFO: Post-treating /out/sub-voice974/ses-1/func/sub-voice974_ses-1_task-pataka_run-1_bold.json file
INFO: Converting /out/sub-voice974/ses-1/func/sub-voice974_ses-1_task-pataka_run-2_bold (207 DICOMs) -> /out/sub-voice974/ses-1/func . Converter: dcm2niix . Output types: ('nii.gz',)
INFO: [Node] Setting-up "convert" in "/tmp/dcm2niixo1woo_nx/convert".
INFO: [Node] Executing "convert" <nipype.interfaces.dcm2nii.Dcm2niix>
INFO: stdout 2022-10-07T19:43:42.823095:Chris Rorden's dcm2niiX version v1.0.20211006  GCC10.2.1 x86-64 (64-bit Linux)
INFO: stdout 2022-10-07T19:43:42.823095:Found 207 DICOM file(s)
INFO: stdout 2022-10-07T19:43:42.823095:Warning: Slice timing appears corrupted (range 0..3135, TR=1640 ms)
INFO: stdout 2022-10-07T19:43:42.823095:Convert 207 DICOM as /out/sub-voice974/ses-1/func/sub-voice974_ses-1_task-pataka_run-2_bold_heudiconv718 (72x72x45x207)
INFO: stdout 2022-10-07T19:43:47.914771:Compress: "/usr/bin/pigz" -b 960 -n -f -6 "/out/sub-voice974/ses-1/func/sub-voice974_ses-1_task-pataka_run-2_bold_heudiconv718.nii"
INFO: stdout 2022-10-07T19:43:47.914771:Conversion required 5.947022 seconds (0.396707 for core code).
INFO: [Node] Finished "convert", elapsed time 6.017138s.
INFO: Post-treating /out/sub-voice974/ses-1/func/sub-voice974_ses-1_task-pataka_run-2_bold.json file
INFO: Converting /out/sub-voice974/ses-1/func/sub-voice974_ses-1_task-pitchsent_run-1_bold (64 DICOMs) -> /out/sub-voice974/ses-1/func . Converter: dcm2niix . Output types: ('nii.gz',)
INFO: [Node] Setting-up "convert" in "/tmp/dcm2niix2zvxum5i/convert".
INFO: [Node] Executing "convert" <nipype.interfaces.dcm2nii.Dcm2niix>
INFO: stdout 2022-10-07T19:43:48.584778:Chris Rorden's dcm2niiX version v1.0.20211006  GCC10.2.1 x86-64 (64-bit Linux)
INFO: stdout 2022-10-07T19:43:48.584778:Found 64 DICOM file(s)
INFO: stdout 2022-10-07T19:43:48.584778:Warning: Slice timing appears corrupted (range 0..5357.5, TR=4000 ms)
INFO: stdout 2022-10-07T19:43:48.584778:Convert 64 DICOM as /out/sub-voice974/ses-1/func/sub-voice974_ses-1_task-pitchsent_run-1_bold_heudiconv589 (108x108x65x64)
INFO: stdout 2022-10-07T19:43:53.727940:Compress: "/usr/bin/pigz" -b 960 -n -f -6 "/out/sub-voice974/ses-1/func/sub-voice974_ses-1_task-pitchsent_run-1_bold_heudiconv589.nii"
INFO: stdout 2022-10-07T19:43:53.727940:Conversion required 5.552673 seconds (0.272033 for core code).
INFO: [Node] Finished "convert", elapsed time 5.6314969999999995s.
INFO: Post-treating /out/sub-voice974/ses-1/func/sub-voice974_ses-1_task-pitchsent_run-1_bold.json file
INFO: Converting /out/sub-voice974/ses-1/func/sub-voice974_ses-1_task-pitchsent_run-2_bold (64 DICOMs) -> /out/sub-voice974/ses-1/func . Converter: dcm2niix . Output types: ('nii.gz',)
INFO: [Node] Setting-up "convert" in "/tmp/dcm2niixk5hgl_u6/convert".
INFO: [Node] Executing "convert" <nipype.interfaces.dcm2nii.Dcm2niix>
INFO: stdout 2022-10-07T19:43:54.838313:Chris Rorden's dcm2niiX version v1.0.20211006  GCC10.2.1 x86-64 (64-bit Linux)
INFO: stdout 2022-10-07T19:43:54.838313:Found 64 DICOM file(s)
INFO: stdout 2022-10-07T19:43:54.838313:Warning: Slice timing appears corrupted (range 0..5360, TR=4000 ms)
INFO: stdout 2022-10-07T19:43:54.838313:Convert 64 DICOM as /out/sub-voice974/ses-1/func/sub-voice974_ses-1_task-pitchsent_run-2_bold_heudiconv482 (108x108x65x64)
INFO: stdout 2022-10-07T19:43:59.940860:Compress: "/usr/bin/pigz" -b 960 -n -f -6 "/out/sub-voice974/ses-1/func/sub-voice974_ses-1_task-pitchsent_run-2_bold_heudiconv482.nii"
INFO: stdout 2022-10-07T19:43:59.940860:Conversion required 5.794546 seconds (0.409050 for core code).
INFO: [Node] Finished "convert", elapsed time 5.878235s.
INFO: Post-treating /out/sub-voice974/ses-1/func/sub-voice974_ses-1_task-pitchsent_run-2_bold.json file
INFO: Converting /out/sub-voice974/ses-1/func/sub-voice974_ses-1_task-nwr_run-1_bold (42 DICOMs) -> /out/sub-voice974/ses-1/func . Converter: dcm2niix . Output types: ('nii.gz',)
INFO: [Node] Setting-up "convert" in "/tmp/dcm2niixclavpbwa/convert".
INFO: [Node] Executing "convert" <nipype.interfaces.dcm2nii.Dcm2niix>
INFO: stdout 2022-10-07T19:44:00.845746:Chris Rorden's dcm2niiX version v1.0.20211006  GCC10.2.1 x86-64 (64-bit Linux)
INFO: stdout 2022-10-07T19:44:00.845746:Found 42 DICOM file(s)
INFO: stdout 2022-10-07T19:44:00.845746:Warning: Slice timing appears corrupted (range 0..5360, TR=4000 ms)
INFO: stdout 2022-10-07T19:44:00.845746:Convert 42 DICOM as /out/sub-voice974/ses-1/func/sub-voice974_ses-1_task-nwr_run-1_bold_heudiconv668 (108x108x65x42)
INFO: stdout 2022-10-07T19:44:04.178736:Compress: "/usr/bin/pigz" -b 960 -n -f -6 "/out/sub-voice974/ses-1/func/sub-voice974_ses-1_task-nwr_run-1_bold_heudiconv668.nii"
INFO: stdout 2022-10-07T19:44:04.178736:Conversion required 3.852054 seconds (0.255100 for core code).
INFO: [Node] Finished "convert", elapsed time 3.930092s.
INFO: Post-treating /out/sub-voice974/ses-1/func/sub-voice974_ses-1_task-nwr_run-1_bold.json file
INFO: Converting /out/sub-voice974/ses-1/func/sub-voice974_ses-1_task-nwr_run-2_bold (42 DICOMs) -> /out/sub-voice974/ses-1/func . Converter: dcm2niix . Output types: ('nii.gz',)
INFO: [Node] Setting-up "convert" in "/tmp/dcm2niix90oln6d8/convert".
INFO: [Node] Executing "convert" <nipype.interfaces.dcm2nii.Dcm2niix>
INFO: stdout 2022-10-07T19:44:04.994878:Chris Rorden's dcm2niiX version v1.0.20211006  GCC10.2.1 x86-64 (64-bit Linux)
INFO: stdout 2022-10-07T19:44:04.994878:Found 42 DICOM file(s)
INFO: stdout 2022-10-07T19:44:04.994878:Warning: Slice timing appears corrupted (range 0..5360, TR=4000 ms)
INFO: stdout 2022-10-07T19:44:04.994878:Convert 42 DICOM as /out/sub-voice974/ses-1/func/sub-voice974_ses-1_task-nwr_run-2_bold_heudiconv412 (108x108x65x42)
INFO: stdout 2022-10-07T19:44:08.862673:Compress: "/usr/bin/pigz" -b 960 -n -f -6 "/out/sub-voice974/ses-1/func/sub-voice974_ses-1_task-nwr_run-2_bold_heudiconv412.nii"
INFO: stdout 2022-10-07T19:44:08.862673:Conversion required 4.269408 seconds (0.221611 for core code).
INFO: [Node] Finished "convert", elapsed time 4.35581s.
INFO: Post-treating /out/sub-voice974/ses-1/func/sub-voice974_ses-1_task-nwr_run-2_bold.json file
INFO: Converting /out/sub-voice974/ses-1/func/sub-voice974_ses-1_task-nwr_run-3_bold (42 DICOMs) -> /out/sub-voice974/ses-1/func . Converter: dcm2niix . Output types: ('nii.gz',)
INFO: [Node] Setting-up "convert" in "/tmp/dcm2niixpdgkc68j/convert".
INFO: [Node] Executing "convert" <nipype.interfaces.dcm2nii.Dcm2niix>
INFO: stdout 2022-10-07T19:44:09.602510:Chris Rorden's dcm2niiX version v1.0.20211006  GCC10.2.1 x86-64 (64-bit Linux)
INFO: stdout 2022-10-07T19:44:09.602510:Found 42 DICOM file(s)
INFO: stdout 2022-10-07T19:44:09.602510:Warning: Slice timing appears corrupted (range 0..5360, TR=4000 ms)
INFO: stdout 2022-10-07T19:44:09.602510:Convert 42 DICOM as /out/sub-voice974/ses-1/func/sub-voice974_ses-1_task-nwr_run-3_bold_heudiconv294 (108x108x65x42)
INFO: stdout 2022-10-07T19:44:12.944510:Compress: "/usr/bin/pigz" -b 960 -n -f -6 "/out/sub-voice974/ses-1/func/sub-voice974_ses-1_task-nwr_run-3_bold_heudiconv294.nii"
INFO: stdout 2022-10-07T19:44:12.944510:Conversion required 3.745630 seconds (0.231301 for core code).
INFO: [Node] Finished "convert", elapsed time 3.827204s.
INFO: Post-treating /out/sub-voice974/ses-1/func/sub-voice974_ses-1_task-nwr_run-3_bold.json file
INFO: Converting /out/sub-voice974/ses-1/func/sub-voice974_ses-1_task-facematch_run-1_bold (99 DICOMs) -> /out/sub-voice974/ses-1/func . Converter: dcm2niix . Output types: ('nii.gz',)
INFO: [Node] Setting-up "convert" in "/tmp/dcm2niixu_a2iydj/convert".
INFO: [Node] Executing "convert" <nipype.interfaces.dcm2nii.Dcm2niix>
INFO: stdout 2022-10-07T19:44:14.299229:Chris Rorden's dcm2niiX version v1.0.20211006  GCC10.2.1 x86-64 (64-bit Linux)
INFO: stdout 2022-10-07T19:44:14.299229:Found 99 DICOM file(s)
INFO: stdout 2022-10-07T19:44:14.299229:Warning: Slice timing appears corrupted (range 0..5360, TR=2000 ms)
INFO: stdout 2022-10-07T19:44:14.299229:Convert 99 DICOM as /out/sub-voice974/ses-1/func/sub-voice974_ses-1_task-facematch_run-1_bold_heudiconv709 (108x108x65x99)
INFO: stdout 2022-10-07T19:44:22.858597:Compress: "/usr/bin/pigz" -b 960 -n -f -6 "/out/sub-voice974/ses-1/func/sub-voice974_ses-1_task-facematch_run-1_bold_heudiconv709.nii"
INFO: stdout 2022-10-07T19:44:22.858597:Conversion required 9.487486 seconds (0.529599 for core code).
INFO: [Node] Finished "convert", elapsed time 9.557512s.
INFO: Post-treating /out/sub-voice974/ses-1/func/sub-voice974_ses-1_task-facematch_run-1_bold.json file
INFO: Converting /out/sub-voice974/ses-1/func/sub-voice974_ses-1_task-facematch_run-2_bold (99 DICOMs) -> /out/sub-voice974/ses-1/func . Converter: dcm2niix . Output types: ('nii.gz',)
INFO: [Node] Setting-up "convert" in "/tmp/dcm2niix27zyhmd_/convert".
INFO: [Node] Executing "convert" <nipype.interfaces.dcm2nii.Dcm2niix>
INFO: stdout 2022-10-07T19:44:24.400546:Chris Rorden's dcm2niiX version v1.0.20211006  GCC10.2.1 x86-64 (64-bit Linux)
INFO: stdout 2022-10-07T19:44:24.400546:Found 99 DICOM file(s)
INFO: stdout 2022-10-07T19:44:24.400546:Warning: Slice timing appears corrupted (range 0..5357.5, TR=2000 ms)
INFO: stdout 2022-10-07T19:44:24.400546:Convert 99 DICOM as /out/sub-voice974/ses-1/func/sub-voice974_ses-1_task-facematch_run-2_bold_heudiconv751 (108x108x65x99)
INFO: stdout 2022-10-07T19:44:32.360343:Compress: "/usr/bin/pigz" -b 960 -n -f -6 "/out/sub-voice974/ses-1/func/sub-voice974_ses-1_task-facematch_run-2_bold_heudiconv751.nii"
INFO: stdout 2022-10-07T19:44:32.360343:Conversion required 9.095629 seconds (0.571661 for core code).
INFO: [Node] Finished "convert", elapsed time 9.163115s.
INFO: Post-treating /out/sub-voice974/ses-1/func/sub-voice974_ses-1_task-facematch_run-2_bold.json file
INFO: Converting /out/sub-voice974/ses-1/func/sub-voice974_ses-1_task-emosent_run-1_bold (48 DICOMs) -> /out/sub-voice974/ses-1/func . Converter: dcm2niix . Output types: ('nii.gz',)
INFO: [Node] Setting-up "convert" in "/tmp/dcm2niix__t1nzcr/convert".
INFO: [Node] Executing "convert" <nipype.interfaces.dcm2nii.Dcm2niix>
INFO: stdout 2022-10-07T19:44:32.976265:Chris Rorden's dcm2niiX version v1.0.20211006  GCC10.2.1 x86-64 (64-bit Linux)
INFO: stdout 2022-10-07T19:44:32.976265:Found 48 DICOM file(s)
INFO: stdout 2022-10-07T19:44:32.976265:Warning: Slice timing appears corrupted (range 0..5360, TR=4000 ms)
INFO: stdout 2022-10-07T19:44:32.976265:Convert 48 DICOM as /out/sub-voice974/ses-1/func/sub-voice974_ses-1_task-emosent_run-1_bold_heudiconv010 (108x108x65x48)
INFO: stdout 2022-10-07T19:44:37.093959:Compress: "/usr/bin/pigz" -b 960 -n -f -6 "/out/sub-voice974/ses-1/func/sub-voice974_ses-1_task-emosent_run-1_bold_heudiconv010.nii"
INFO: stdout 2022-10-07T19:44:37.093959:Conversion required 4.473132 seconds (0.222295 for core code).
INFO: [Node] Finished "convert", elapsed time 4.529966s.
INFO: Post-treating /out/sub-voice974/ses-1/func/sub-voice974_ses-1_task-emosent_run-1_bold.json file
INFO: Converting /out/sub-voice974/ses-1/func/sub-voice974_ses-1_task-emosent_run-2_bold (48 DICOMs) -> /out/sub-voice974/ses-1/func . Converter: dcm2niix . Output types: ('nii.gz',)
INFO: [Node] Setting-up "convert" in "/tmp/dcm2niixo_63q9br/convert".
INFO: [Node] Executing "convert" <nipype.interfaces.dcm2nii.Dcm2niix>
INFO: stdout 2022-10-07T19:44:37.920212:Chris Rorden's dcm2niiX version v1.0.20211006  GCC10.2.1 x86-64 (64-bit Linux)
INFO: stdout 2022-10-07T19:44:37.920212:Found 48 DICOM file(s)
INFO: stdout 2022-10-07T19:44:37.920212:Warning: Slice timing appears corrupted (range 0..5360, TR=4000 ms)
INFO: stdout 2022-10-07T19:44:37.920212:Convert 48 DICOM as /out/sub-voice974/ses-1/func/sub-voice974_ses-1_task-emosent_run-2_bold_heudiconv598 (108x108x65x48)
INFO: stdout 2022-10-07T19:44:42.259116:Compress: "/usr/bin/pigz" -b 960 -n -f -6 "/out/sub-voice974/ses-1/func/sub-voice974_ses-1_task-emosent_run-2_bold_heudiconv598.nii"
INFO: stdout 2022-10-07T19:44:42.259116:Conversion required 4.773240 seconds (0.223882 for core code).
INFO: [Node] Finished "convert", elapsed time 4.866648s.
INFO: Post-treating /out/sub-voice974/ses-1/func/sub-voice974_ses-1_task-emosent_run-2_bold.json file
INFO: Converting /out/sub-voice974/ses-1/func/sub-voice974_ses-1_task-vowel_run-1_bold (60 DICOMs) -> /out/sub-voice974/ses-1/func . Converter: dcm2niix . Output types: ('nii.gz',)
INFO: [Node] Setting-up "convert" in "/tmp/dcm2niixlt8efpkx/convert".
INFO: [Node] Executing "convert" <nipype.interfaces.dcm2nii.Dcm2niix>
INFO: stdout 2022-10-07T19:44:43.245634:Chris Rorden's dcm2niiX version v1.0.20211006  GCC10.2.1 x86-64 (64-bit Linux)
INFO: stdout 2022-10-07T19:44:43.245634:Found 60 DICOM file(s)
INFO: stdout 2022-10-07T19:44:43.245634:Warning: Slice timing appears corrupted (range 0..5360, TR=4000 ms)
INFO: stdout 2022-10-07T19:44:43.245634:Convert 60 DICOM as /out/sub-voice974/ses-1/func/sub-voice974_ses-1_task-vowel_run-1_bold_heudiconv466 (108x108x65x60)
INFO: stdout 2022-10-07T19:44:48.245427:Compress: "/usr/bin/pigz" -b 960 -n -f -6 "/out/sub-voice974/ses-1/func/sub-voice974_ses-1_task-vowel_run-1_bold_heudiconv466.nii"
INFO: stdout 2022-10-07T19:44:48.245427:Conversion required 5.638577 seconds (0.316277 for core code).
INFO: [Node] Finished "convert", elapsed time 5.71452s.
INFO: Post-treating /out/sub-voice974/ses-1/func/sub-voice974_ses-1_task-vowel_run-1_bold.json file
INFO: Converting /out/sub-voice974/ses-1/func/sub-voice974_ses-1_task-vowel_run-2_bold (60 DICOMs) -> /out/sub-voice974/ses-1/func . Converter: dcm2niix . Output types: ('nii.gz',)
INFO: [Node] Setting-up "convert" in "/tmp/dcm2niix0fs2soo_/convert".
INFO: [Node] Executing "convert" <nipype.interfaces.dcm2nii.Dcm2niix>
INFO: stdout 2022-10-07T19:44:49.076965:Chris Rorden's dcm2niiX version v1.0.20211006  GCC10.2.1 x86-64 (64-bit Linux)
INFO: stdout 2022-10-07T19:44:49.076965:Found 60 DICOM file(s)
INFO: stdout 2022-10-07T19:44:49.076965:Warning: Slice timing appears corrupted (range 0..5360, TR=4000 ms)
INFO: stdout 2022-10-07T19:44:49.076965:Convert 60 DICOM as /out/sub-voice974/ses-1/func/sub-voice974_ses-1_task-vowel_run-2_bold_heudiconv611 (108x108x65x60)
INFO: stdout 2022-10-07T19:44:53.749238:Compress: "/usr/bin/pigz" -b 960 -n -f -6 "/out/sub-voice974/ses-1/func/sub-voice974_ses-1_task-vowel_run-2_bold_heudiconv611.nii"
INFO: stdout 2022-10-07T19:44:53.749238:Conversion required 5.254558 seconds (0.345769 for core code).
INFO: [Node] Finished "convert", elapsed time 5.337049s.
INFO: Post-treating /out/sub-voice974/ses-1/func/sub-voice974_ses-1_task-vowel_run-2_bold.json file
INFO: Converting /out/sub-voice974/ses-1/func/sub-voice974_ses-1_task-pitchnw_run-1_bold (101 DICOMs) -> /out/sub-voice974/ses-1/func . Converter: dcm2niix . Output types: ('nii.gz',)
INFO: [Node] Setting-up "convert" in "/tmp/dcm2niixqh4vngqr/convert".
INFO: [Node] Executing "convert" <nipype.interfaces.dcm2nii.Dcm2niix>
INFO: stdout 2022-10-07T19:44:55.060438:Chris Rorden's dcm2niiX version v1.0.20211006  GCC10.2.1 x86-64 (64-bit Linux)
INFO: stdout 2022-10-07T19:44:55.060438:Found 101 DICOM file(s)
INFO: stdout 2022-10-07T19:44:55.060438:Warning: Slice timing appears corrupted (range 0..5360, TR=2000 ms)
INFO: stdout 2022-10-07T19:44:55.060438:Convert 101 DICOM as /out/sub-voice974/ses-1/func/sub-voice974_ses-1_task-pitchnw_run-1_bold_heudiconv699 (108x108x65x101)
INFO: stdout 2022-10-07T19:45:03.427440:Compress: "/usr/bin/pigz" -b 960 -n -f -6 "/out/sub-voice974/ses-1/func/sub-voice974_ses-1_task-pitchnw_run-1_bold_heudiconv699.nii"
INFO: stdout 2022-10-07T19:45:03.427440:Conversion required 9.326828 seconds (0.515628 for core code).
INFO: [Node] Finished "convert", elapsed time 9.401712s.
INFO: Post-treating /out/sub-voice974/ses-1/func/sub-voice974_ses-1_task-pitchnw_run-1_bold.json file
INFO: Converting /out/sub-voice974/ses-1/func/sub-voice974_ses-1_task-pitchnw_run-2_bold (101 DICOMs) -> /out/sub-voice974/ses-1/func . Converter: dcm2niix . Output types: ('nii.gz',)
INFO: [Node] Setting-up "convert" in "/tmp/dcm2niixzxin44rl/convert".
INFO: [Node] Executing "convert" <nipype.interfaces.dcm2nii.Dcm2niix>
INFO: stdout 2022-10-07T19:45:04.882000:Chris Rorden's dcm2niiX version v1.0.20211006  GCC10.2.1 x86-64 (64-bit Linux)
INFO: stdout 2022-10-07T19:45:04.882000:Found 101 DICOM file(s)
INFO: stdout 2022-10-07T19:45:04.882000:Warning: Slice timing appears corrupted (range 0..5357.5, TR=2000 ms)
INFO: stdout 2022-10-07T19:45:04.882000:Convert 101 DICOM as /out/sub-voice974/ses-1/func/sub-voice974_ses-1_task-pitchnw_run-2_bold_heudiconv505 (108x108x65x101)
INFO: stdout 2022-10-07T19:45:13.559303:Compress: "/usr/bin/pigz" -b 960 -n -f -6 "/out/sub-voice974/ses-1/func/sub-voice974_ses-1_task-pitchnw_run-2_bold_heudiconv505.nii"
INFO: stdout 2022-10-07T19:45:13.559303:Conversion required 9.630083 seconds (0.484079 for core code).
INFO: [Node] Finished "convert", elapsed time 9.688034s.
INFO: Post-treating /out/sub-voice974/ses-1/func/sub-voice974_ses-1_task-pitchnw_run-2_bold.json file
INFO: Converting /out/sub-voice974/ses-1/func/sub-voice974_ses-1_task-movie_run-1_bold (138 DICOMs) -> /out/sub-voice974/ses-1/func . Converter: dcm2niix . Output types: ('nii.gz',)
INFO: [Node] Setting-up "convert" in "/tmp/dcm2niixtsu3ubsr/convert".
INFO: [Node] Executing "convert" <nipype.interfaces.dcm2nii.Dcm2niix>
INFO: stdout 2022-10-07T19:45:15.398731:Chris Rorden's dcm2niiX version v1.0.20211006  GCC10.2.1 x86-64 (64-bit Linux)
INFO: stdout 2022-10-07T19:45:15.398731:Found 138 DICOM file(s)
INFO: stdout 2022-10-07T19:45:15.398731:Warning: Slice timing appears corrupted (range 0..5360, TR=1090 ms)
INFO: stdout 2022-10-07T19:45:15.398731:Convert 138 DICOM as /out/sub-voice974/ses-1/func/sub-voice974_ses-1_task-movie_run-1_bold_heudiconv829 (108x108x65x138)
INFO: stdout 2022-10-07T19:45:26.333100:Compress: "/usr/bin/pigz" -b 960 -n -f -6 "/out/sub-voice974/ses-1/func/sub-voice974_ses-1_task-movie_run-1_bold_heudiconv829.nii"
INFO: stdout 2022-10-07T19:45:26.333100:Conversion required 12.389688 seconds (0.769251 for core code).
INFO: [Node] Finished "convert", elapsed time 12.475721s.
INFO: Post-treating /out/sub-voice974/ses-1/func/sub-voice974_ses-1_task-movie_run-1_bold.json file
INFO: Populating template files under /out/
INFO: PROCESSING DONE: {'subject': 'voice974', 'outdir': '/out/', 'session': '1'}
INFO: Total: starting
INFO: 
INFO: Total: processed result for /out
INFO: Total: done
INFO: Total: starting
INFO: 
INFO: Clear progress bars
INFO: Refresh progress bars
INFO: Clear progress bars
INFO: Refresh progress bars
INFO: Clear progress bars
INFO: Refresh progress bars
INFO: Clear progress bars
INFO: Refresh progress bars
INFO: Total: processed result for /out/.heudiconv
INFO: Clear progress bars
INFO: Refresh progress bars
[WARNING] Received an exception CommandError(CommandError: 'git -c diff.ignoreSubmodules=none update-index --add --replace --cacheinfo 160000 58b1e0517ffe65abf99e348a96bc0cb039810b49 .heudiconv' failed with exitcode 128 [err: 'fatal: Unable to create '/out/.git/index.lock': File exists.

Another git process seems to be running in this repository, e.g.
an editor opened by 'git commit'. Please make sure all processes
are terminated then try again. If it still fails, a git process
may have crashed in this repository earlier:
remove the file manually to continue.']). Canceling not-yet running jobs and waiting for completion of running. You can force earlier forceful exit by Ctrl-C. 
WARNING: Received an exception CommandError(CommandError: 'git -c diff.ignoreSubmodules=none update-index --add --replace --cacheinfo 160000 58b1e0517ffe65abf99e348a96bc0cb039810b49 .heudiconv' failed with exitcode 128 [err: 'fatal: Unable to create '/out/.git/index.lock': File exists.

Another git process seems to be running in this repository, e.g.
an editor opened by 'git commit'. Please make sure all processes
are terminated then try again. If it still fails, a git process
may have crashed in this repository earlier:
remove the file manually to continue.']). Canceling not-yet running jobs and waiting for completion of running. You can force earlier forceful exit by Ctrl-C.
[INFO] Canceled 0 out of 0 jobs. 0 left running. 
INFO: Canceled 0 out of 0 jobs. 0 left running.
Traceback (most recent call last):
  File "/opt/miniconda-latest/lib/python3.7/site-packages/datalad/support/parallel.py", line 368, in _iter_threads
    raise _FinalShutdown()
datalad.support.parallel._FinalShutdown

During handling of the above exception, another exception occurred:

Traceback (most recent call last):
  File "/opt/miniconda-latest/bin/heudiconv", line 33, in <module>
    sys.exit(load_entry_point('heudiconv', 'console_scripts', 'heudiconv')())
  File "/src/heudiconv/heudiconv/cli/run.py", line 24, in main
    workflow(**kwargs)
  File "/src/heudiconv/heudiconv/main.py", line 406, in workflow
    add_to_datalad(outdir, study_outdir, msg, bids_options)
  File "/src/heudiconv/heudiconv/external/dlad.py", line 125, in add_to_datalad
    ds.save('.', recursive=True
  File "/opt/miniconda-latest/lib/python3.7/site-packages/datalad/distribution/dataset.py", line 502, in apply_func
    return f(*args, **kwargs)
  File "/opt/miniconda-latest/lib/python3.7/site-packages/datalad/interface/utils.py", line 447, in eval_func
    return return_func(*args, **kwargs)
  File "/opt/miniconda-latest/lib/python3.7/site-packages/datalad/interface/utils.py", line 439, in return_func
    results = list(results)
  File "/opt/miniconda-latest/lib/python3.7/site-packages/datalad/interface/utils.py", line 369, in generator_func
    allkwargs):
  File "/opt/miniconda-latest/lib/python3.7/site-packages/datalad/interface/utils.py", line 544, in _process_results
    for res in results:
  File "/opt/miniconda-latest/lib/python3.7/site-packages/datalad/core/local/save.py", line 398, in __call__
    lgr=lgr,
  File "/opt/miniconda-latest/lib/python3.7/site-packages/datalad/support/parallel.py", line 535, in __iter__
    for res in super().__iter__():
  File "/opt/miniconda-latest/lib/python3.7/site-packages/datalad/support/parallel.py", line 265, in __iter__
    yield from self._iter_threads(self._jobs)
  File "/opt/miniconda-latest/lib/python3.7/site-packages/datalad/support/parallel.py", line 417, in _iter_threads
    self.shutdown(force=True, exception=self._producer_exception or interrupted_by_exception)
  File "/opt/miniconda-latest/lib/python3.7/site-packages/datalad/support/parallel.py", line 233, in shutdown
    raise exception
  File "/opt/miniconda-latest/lib/python3.7/site-packages/datalad/support/parallel.py", line 401, in _iter_threads
    done_useful |= self._pop_done_futures(lgr)
  File "/opt/miniconda-latest/lib/python3.7/site-packages/datalad/support/parallel.py", line 463, in _pop_done_futures
    raise exception
  File "/opt/miniconda-latest/lib/python3.7/concurrent/futures/thread.py", line 57, in run
    result = self.fn(*self.args, **self.kwargs)
  File "/opt/miniconda-latest/lib/python3.7/site-packages/datalad/support/parallel.py", line 329, in consumer_worker
    for r in res:
  File "/opt/miniconda-latest/lib/python3.7/site-packages/datalad/core/local/save.py", line 322, in save_ds
    amend=amend):
  File "/opt/miniconda-latest/lib/python3.7/site-packages/datalad/support/gitrepo.py", line 3425, in save_
    for r in self._save_add_submodules(to_stage_submodules):
  File "/opt/miniconda-latest/lib/python3.7/site-packages/datalad/support/gitrepo.py", line 3662, in _save_add_submodules
    i['commit'], i['rpath']
  File "/opt/miniconda-latest/lib/python3.7/site-packages/datalad/dataset/gitrepo.py", line 437, in call_git
    read_only=read_only))
  File "/opt/miniconda-latest/lib/python3.7/site-packages/datalad/dataset/gitrepo.py", line 482, in call_git_items_
    sep=sep):
  File "/opt/miniconda-latest/lib/python3.7/site-packages/datalad/dataset/gitrepo.py", line 345, in _generator_call_git
    for file_no, content in generator:
  File "/opt/miniconda-latest/lib/python3.7/_collections_abc.py", line 317, in __next__
    return self.send(None)
  File "/opt/miniconda-latest/lib/python3.7/site-packages/datalad/runner/nonasyncrunner.py", line 98, in send
    self._check_result()
  File "/opt/miniconda-latest/lib/python3.7/site-packages/datalad/runner/nonasyncrunner.py", line 80, in _check_result
    self.runner._check_result()
  File "/opt/miniconda-latest/lib/python3.7/site-packages/datalad/runner/nonasyncrunner.py", line 259, in _check_result
    stderr=decoded_output.get("stderr", None))
datalad.runner.exception.CommandError: CommandError: 'git -c diff.ignoreSubmodules=none update-index --add --replace --cacheinfo 160000 58b1e0517ffe65abf99e348a96bc0cb039810b49 .heudiconv' failed with exitcode 128 [err: 'fatal: Unable to create '/out/.git/index.lock': File exists.

Another git process seems to be running in this repository, e.g.
an editor opened by 'git commit'. Please make sure all processes
are terminated then try again. If it still fails, a git process
may have crashed in this repository earlier:
remove the file manually to continue.']
