Submitited subject: voice979
Submitted session: 1
Command:
singularity run -B /mindhive -B /om2/user/rfbrito/voice_depression/bids_conversion -B /om2/scratch/Wed/rfbrito/bids:/out /om2/user/rfbrito/containers/imaging/heudiconv_latest.sif -d /mindhive/xnat/dicom_storage/voice/dicom/{subject}/session001*/dicom/Trio*/*.dcm -o /out -f /om2/user/rfbrito/voice_depression/bids_conversion/heuristic.py -c dcm2niix -s voice979 -ss 1 --datalad -b --minmeta -g accession_number
['4-SMS5_rsfMRI_PA']
[{'item': '5-Spin_Echo_EPI_PA', 'dir': 'PA'}, {'item': '6-Spin_Echo_EPI_AP', 'dir': 'AP'}]
[{'item': '7-SMS2-diff_b1000_free_11b0_61dirs_PA', 'acq': 'PA'}, {'item': '12-SMS2-diff_b1000_free_4b0_AP', 'acq': 'AP'}]
['16-T1_MPRAGE_Ellison_4e_p2_1mm_iso']
['26-T2_SPACE_FLAIR_1.0_iso']
['20-PaTaKa_1_SMS5_Sparse_3x3x3_1640_1000ms', '21-PaTaKa_2_SMS5_Sparse_3x3x3_1640_1000ms']
['24-Sentences_1_SMS5_Sparse_2x2x2_4000_2900ms', '25-Sentences_2_SMS5_Sparse_2x2x2_4000_2900ms']
['4-Nonword_2_SMS5_Sparse_2x2x2_4000_2900ms', '5-Nonword_3_SMS5_Sparse_2x2x2_4000_2900ms', '28-Nonword_1_SMS5_Sparse_2x2x2_4000_2900ms']
['8-FaceMatch_1_SMS5_Sparse_2x2x2_2000_900ms', '9-FaceMatch_2_SMS5_Sparse_2x2x2_2000_900ms']
['12-EmoSent_1_SMS5_Sparse_2x2x2_4000_2900ms', '13-EmoSent_2_SMS5_Sparse_2x2x2_4000_2900ms']
['16-Vowels_1_SMS5_Sparse_2x2x2_4000_2900ms', '17-Vowels_2_SMS5_Sparse_2x2x2_4000_2900ms']
['20-PitchEmph_1_SMS5_Sparse_2x2x2_2000_900ms', '21-PitchEmph_2_SMS5_Sparse_2x2x2_2000_900ms']
['24-Movie_SMS5_rsfMRI_PA']
221007-19:44:54,607 nipype.utils WARNING:
	 A newer version (1.8.4) of nipy/nipype is available. You are using 1.8.0
221007-19:44:54,684 nipype.workflow INFO:
	 [Node] Setting-up "convert" in "/tmp/dcm2niixlhvnpg20/convert".
221007-19:44:54,796 nipype.workflow INFO:
	 [Node] Executing "convert" <nipype.interfaces.dcm2nii.Dcm2niix>
221007-19:44:55,657 nipype.interface INFO:
	 stdout 2022-10-07T19:44:55.657262:Chris Rorden's dcm2niiX version v1.0.20211006  GCC10.2.1 x86-64 (64-bit Linux)
221007-19:44:55,657 nipype.interface INFO:
	 stdout 2022-10-07T19:44:55.657262:Found 300 DICOM file(s)
221007-19:44:55,657 nipype.interface INFO:
	 stdout 2022-10-07T19:44:55.657262:Warning: Slice timing appears corrupted (range 0..5360, TR=1090 ms)
221007-19:44:55,657 nipype.interface INFO:
	 stdout 2022-10-07T19:44:55.657262:Convert 300 DICOM as /out/sub-voice979/ses-1/func/sub-voice979_ses-1_task-rest_run-1_bold_heudiconv776 (108x108x65x300)
221007-19:45:23,240 nipype.interface INFO:
	 stdout 2022-10-07T19:45:23.240740:Compress: "/usr/bin/pigz" -b 960 -n -f -6 "/out/sub-voice979/ses-1/func/sub-voice979_ses-1_task-rest_run-1_bold_heudiconv776.nii"
221007-19:45:23,241 nipype.interface INFO:
	 stdout 2022-10-07T19:45:23.240740:Conversion required 28.339369 seconds (0.839159 for core code).
221007-19:45:23,274 nipype.workflow INFO:
	 [Node] Finished "convert", elapsed time 28.386469s.
221007-19:45:23,699 nipype.workflow INFO:
	 [Node] Setting-up "convert" in "/tmp/dcm2niix_mh6zs5w/convert".
221007-19:45:23,806 nipype.workflow INFO:
	 [Node] Executing "convert" <nipype.interfaces.dcm2nii.Dcm2niix>
221007-19:45:24,165 nipype.interface INFO:
	 stdout 2022-10-07T19:45:24.165697:Chris Rorden's dcm2niiX version v1.0.20211006  GCC10.2.1 x86-64 (64-bit Linux)
221007-19:45:24,166 nipype.interface INFO:
	 stdout 2022-10-07T19:45:24.165697:Found 260 DICOM file(s)
221007-19:45:24,166 nipype.interface INFO:
	 stdout 2022-10-07T19:45:24.165697:Convert 260 DICOM as /out/sub-voice979/ses-1/fmap/sub-voice979_ses-1_acq-func_dir-PA_run-1_epi_heudiconv894 (108x108x65x4)
221007-19:45:24,698 nipype.interface INFO:
	 stdout 2022-10-07T19:45:24.698111:Compress: "/usr/bin/pigz" -b 960 -n -f -6 "/out/sub-voice979/ses-1/fmap/sub-voice979_ses-1_acq-func_dir-PA_run-1_epi_heudiconv894.nii"
221007-19:45:24,698 nipype.interface INFO:
	 stdout 2022-10-07T19:45:24.698111:Conversion required 0.869700 seconds (0.141821 for core code).
221007-19:45:24,733 nipype.workflow INFO:
	 [Node] Finished "convert", elapsed time 0.925755s.
221007-19:45:25,262 nipype.workflow INFO:
	 [Node] Setting-up "convert" in "/tmp/dcm2niixcufzif1h/convert".
221007-19:45:25,353 nipype.workflow INFO:
	 [Node] Executing "convert" <nipype.interfaces.dcm2nii.Dcm2niix>
221007-19:45:25,686 nipype.interface INFO:
	 stdout 2022-10-07T19:45:25.686698:Chris Rorden's dcm2niiX version v1.0.20211006  GCC10.2.1 x86-64 (64-bit Linux)
221007-19:45:25,687 nipype.interface INFO:
	 stdout 2022-10-07T19:45:25.686698:Found 260 DICOM file(s)
221007-19:45:25,687 nipype.interface INFO:
	 stdout 2022-10-07T19:45:25.686698:Convert 260 DICOM as /out/sub-voice979/ses-1/fmap/sub-voice979_ses-1_acq-func_dir-AP_run-2_epi_heudiconv374 (108x108x65x4)
221007-19:45:26,174 nipype.interface INFO:
	 stdout 2022-10-07T19:45:26.174136:Compress: "/usr/bin/pigz" -b 960 -n -f -6 "/out/sub-voice979/ses-1/fmap/sub-voice979_ses-1_acq-func_dir-AP_run-2_epi_heudiconv374.nii"
221007-19:45:26,174 nipype.interface INFO:
	 stdout 2022-10-07T19:45:26.174136:Conversion required 0.801407 seconds (0.136677 for core code).
221007-19:45:26,227 nipype.workflow INFO:
	 [Node] Finished "convert", elapsed time 0.872436s.
221007-19:45:26,532 nipype.workflow INFO:
	 [Node] Setting-up "convert" in "/tmp/dcm2niixc2izu8oc/convert".
221007-19:45:26,557 nipype.workflow INFO:
	 [Node] Executing "convert" <nipype.interfaces.dcm2nii.Dcm2niix>
221007-19:45:27,515 nipype.interface INFO:
	 stdout 2022-10-07T19:45:27.515441:Chris Rorden's dcm2niiX version v1.0.20211006  GCC10.2.1 x86-64 (64-bit Linux)
221007-19:45:27,515 nipype.interface INFO:
	 stdout 2022-10-07T19:45:27.515441:Found 72 DICOM file(s)
221007-19:45:27,515 nipype.interface INFO:
	 stdout 2022-10-07T19:45:27.515441:Warning: Slice timing appears corrupted (range 0..8.63999e+07, TR=4400 ms)
221007-19:45:27,516 nipype.interface INFO:
	 stdout 2022-10-07T19:45:27.515441:Convert 72 DICOM as /out/sub-voice979/ses-1/dwi/sub-voice979_ses-1_acq-PA_dwi_heudiconv447 (120x120x66x72)
221007-19:45:37,337 nipype.interface INFO:
	 stdout 2022-10-07T19:45:37.337709:Compress: "/usr/bin/pigz" -b 960 -n -f -6 "/out/sub-voice979/ses-1/dwi/sub-voice979_ses-1_acq-PA_dwi_heudiconv447.nii"
221007-19:45:37,340 nipype.interface INFO:
	 stdout 2022-10-07T19:45:37.337709:Conversion required 10.759528 seconds (0.277919 for core code).
221007-19:45:37,376 nipype.workflow INFO:
	 [Node] Finished "convert", elapsed time 10.817598s.
221007-19:45:37,529 nipype.workflow INFO:
	 [Node] Setting-up "convert" in "/tmp/dcm2niix5pg2egd0/convert".
221007-19:45:37,536 nipype.workflow INFO:
	 [Node] Executing "convert" <nipype.interfaces.dcm2nii.Dcm2niix>
221007-19:45:37,748 nipype.interface INFO:
	 stdout 2022-10-07T19:45:37.748561:Chris Rorden's dcm2niiX version v1.0.20211006  GCC10.2.1 x86-64 (64-bit Linux)
221007-19:45:37,749 nipype.interface INFO:
	 stdout 2022-10-07T19:45:37.748561:Found 7 DICOM file(s)
221007-19:45:37,749 nipype.interface INFO:
	 stdout 2022-10-07T19:45:37.748561:Warning: Slice timing appears corrupted (range 0..8.63999e+07, TR=4400 ms)
221007-19:45:37,749 nipype.interface INFO:
	 stdout 2022-10-07T19:45:37.748561:Convert 7 DICOM as /out/sub-voice979/ses-1/dwi/sub-voice979_ses-1_acq-AP_dwi_heudiconv859 (120x120x66x7)
221007-19:45:38,682 nipype.interface INFO:
	 stdout 2022-10-07T19:45:38.682268:Compress: "/usr/bin/pigz" -b 960 -n -f -6 "/out/sub-voice979/ses-1/dwi/sub-voice979_ses-1_acq-AP_dwi_heudiconv859.nii"
221007-19:45:38,682 nipype.interface INFO:
	 stdout 2022-10-07T19:45:38.682268:Conversion required 1.112916 seconds (0.046003 for core code).
221007-19:45:38,712 nipype.workflow INFO:
	 [Node] Finished "convert", elapsed time 1.175148s.
221007-19:45:38,975 nipype.workflow INFO:
	 [Node] Setting-up "convert" in "/tmp/dcm2niixkep1_ht9/convert".
221007-19:45:39,59 nipype.workflow INFO:
	 [Node] Executing "convert" <nipype.interfaces.dcm2nii.Dcm2niix>
221007-19:45:39,442 nipype.interface INFO:
	 stdout 2022-10-07T19:45:39.442713:Chris Rorden's dcm2niiX version v1.0.20211006  GCC10.2.1 x86-64 (64-bit Linux)
221007-19:45:39,443 nipype.interface INFO:
	 stdout 2022-10-07T19:45:39.442713:Found 176 DICOM file(s)
221007-19:45:39,443 nipype.interface INFO:
	 stdout 2022-10-07T19:45:39.442713:Convert 176 DICOM as /out/sub-voice979/ses-1/anat/sub-voice979_ses-1_run-1_T1w_heudiconv494 (256x256x176x1)
221007-19:45:41,260 nipype.interface INFO:
	 stdout 2022-10-07T19:45:41.260439:Compress: "/usr/bin/pigz" -b 960 -n -f -6 "/out/sub-voice979/ses-1/anat/sub-voice979_ses-1_run-1_T1w_heudiconv494.nii"
221007-19:45:41,260 nipype.interface INFO:
	 stdout 2022-10-07T19:45:41.260439:Conversion required 2.064630 seconds (0.259448 for core code).
221007-19:45:41,311 nipype.workflow INFO:
	 [Node] Finished "convert", elapsed time 2.25035s.
221007-19:45:41,592 nipype.workflow INFO:
	 [Node] Setting-up "convert" in "/tmp/dcm2niix_2b66oop/convert".
221007-19:45:41,655 nipype.workflow INFO:
	 [Node] Executing "convert" <nipype.interfaces.dcm2nii.Dcm2niix>
221007-19:45:41,921 nipype.interface INFO:
	 stdout 2022-10-07T19:45:41.921194:Chris Rorden's dcm2niiX version v1.0.20211006  GCC10.2.1 x86-64 (64-bit Linux)
221007-19:45:41,921 nipype.interface INFO:
	 stdout 2022-10-07T19:45:41.921194:Found 176 DICOM file(s)
221007-19:45:41,921 nipype.interface INFO:
	 stdout 2022-10-07T19:45:41.921194:Convert 176 DICOM as /out/sub-voice979/ses-1/anat/sub-voice979_ses-1_T2w_heudiconv542 (256x256x176x1)
221007-19:45:43,643 nipype.interface INFO:
	 stdout 2022-10-07T19:45:43.643876:Compress: "/usr/bin/pigz" -b 960 -n -f -6 "/out/sub-voice979/ses-1/anat/sub-voice979_ses-1_T2w_heudiconv542.nii"
221007-19:45:43,644 nipype.interface INFO:
	 stdout 2022-10-07T19:45:43.643876:Conversion required 1.962868 seconds (0.247446 for core code).
221007-19:45:43,678 nipype.workflow INFO:
	 [Node] Finished "convert", elapsed time 2.021736s.
221007-19:45:43,886 nipype.workflow INFO:
	 [Node] Setting-up "convert" in "/tmp/dcm2niixq2i4nqez/convert".
221007-19:45:43,961 nipype.workflow INFO:
	 [Node] Executing "convert" <nipype.interfaces.dcm2nii.Dcm2niix>
221007-19:45:44,387 nipype.interface INFO:
	 stdout 2022-10-07T19:45:44.386980:Chris Rorden's dcm2niiX version v1.0.20211006  GCC10.2.1 x86-64 (64-bit Linux)
221007-19:45:44,387 nipype.interface INFO:
	 stdout 2022-10-07T19:45:44.386980:Found 207 DICOM file(s)
221007-19:45:44,387 nipype.interface INFO:
	 stdout 2022-10-07T19:45:44.386980:Warning: Slice timing appears corrupted (range 0..3137.5, TR=1640 ms)
221007-19:45:44,387 nipype.interface INFO:
	 stdout 2022-10-07T19:45:44.386980:Convert 207 DICOM as /out/sub-voice979/ses-1/func/sub-voice979_ses-1_task-pataka_run-1_bold_heudiconv771 (72x72x45x207)
221007-19:45:50,882 nipype.interface INFO:
	 stdout 2022-10-07T19:45:50.881928:Compress: "/usr/bin/pigz" -b 960 -n -f -6 "/out/sub-voice979/ses-1/func/sub-voice979_ses-1_task-pataka_run-1_bold_heudiconv771.nii"
221007-19:45:50,882 nipype.interface INFO:
	 stdout 2022-10-07T19:45:50.881928:Conversion required 6.899556 seconds (0.265641 for core code).
221007-19:45:50,924 nipype.workflow INFO:
	 [Node] Finished "convert", elapsed time 6.961739s.
221007-19:45:51,248 nipype.workflow INFO:
	 [Node] Setting-up "convert" in "/tmp/dcm2niix83tow4ac/convert".
221007-19:45:51,333 nipype.workflow INFO:
	 [Node] Executing "convert" <nipype.interfaces.dcm2nii.Dcm2niix>
221007-19:45:51,643 nipype.interface INFO:
	 stdout 2022-10-07T19:45:51.643175:Chris Rorden's dcm2niiX version v1.0.20211006  GCC10.2.1 x86-64 (64-bit Linux)
221007-19:45:51,643 nipype.interface INFO:
	 stdout 2022-10-07T19:45:51.643175:Found 207 DICOM file(s)
221007-19:45:51,643 nipype.interface INFO:
	 stdout 2022-10-07T19:45:51.643175:Warning: Slice timing appears corrupted (range 0..3135, TR=1640 ms)
221007-19:45:51,643 nipype.interface INFO:
	 stdout 2022-10-07T19:45:51.643175:Convert 207 DICOM as /out/sub-voice979/ses-1/func/sub-voice979_ses-1_task-pataka_run-2_bold_heudiconv794 (72x72x45x207)
221007-19:45:58,116 nipype.interface INFO:
	 stdout 2022-10-07T19:45:58.116027:Compress: "/usr/bin/pigz" -b 960 -n -f -6 "/out/sub-voice979/ses-1/func/sub-voice979_ses-1_task-pataka_run-2_bold_heudiconv794.nii"
221007-19:45:58,116 nipype.interface INFO:
	 stdout 2022-10-07T19:45:58.116027:Conversion required 6.765152 seconds (0.269463 for core code).
221007-19:45:58,152 nipype.workflow INFO:
	 [Node] Finished "convert", elapsed time 6.818098s.
221007-19:45:58,284 nipype.workflow INFO:
	 [Node] Setting-up "convert" in "/tmp/dcm2niixe9yoasoe/convert".
221007-19:45:58,308 nipype.workflow INFO:
	 [Node] Executing "convert" <nipype.interfaces.dcm2nii.Dcm2niix>
221007-19:45:58,508 nipype.interface INFO:
	 stdout 2022-10-07T19:45:58.508764:Chris Rorden's dcm2niiX version v1.0.20211006  GCC10.2.1 x86-64 (64-bit Linux)
221007-19:45:58,509 nipype.interface INFO:
	 stdout 2022-10-07T19:45:58.508764:Found 64 DICOM file(s)
221007-19:45:58,509 nipype.interface INFO:
	 stdout 2022-10-07T19:45:58.508764:Warning: Slice timing appears corrupted (range 0..5360, TR=4000 ms)
221007-19:45:58,509 nipype.interface INFO:
	 stdout 2022-10-07T19:45:58.508764:Convert 64 DICOM as /out/sub-voice979/ses-1/func/sub-voice979_ses-1_task-pitchsent_run-1_bold_heudiconv207 (108x108x65x64)
221007-19:46:04,947 nipype.interface INFO:
	 stdout 2022-10-07T19:46:04.947062:Compress: "/usr/bin/pigz" -b 960 -n -f -6 "/out/sub-voice979/ses-1/func/sub-voice979_ses-1_task-pitchsent_run-1_bold_heudiconv207.nii"
221007-19:46:04,947 nipype.interface INFO:
	 stdout 2022-10-07T19:46:04.947062:Conversion required 6.613707 seconds (0.206923 for core code).
221007-19:46:04,989 nipype.workflow INFO:
	 [Node] Finished "convert", elapsed time 6.680209s.
221007-19:46:05,337 nipype.workflow INFO:
	 [Node] Setting-up "convert" in "/tmp/dcm2niixea63i7jw/convert".
221007-19:46:05,382 nipype.workflow INFO:
	 [Node] Executing "convert" <nipype.interfaces.dcm2nii.Dcm2niix>
221007-19:46:05,609 nipype.interface INFO:
	 stdout 2022-10-07T19:46:05.609655:Chris Rorden's dcm2niiX version v1.0.20211006  GCC10.2.1 x86-64 (64-bit Linux)
221007-19:46:05,610 nipype.interface INFO:
	 stdout 2022-10-07T19:46:05.609655:Found 64 DICOM file(s)
221007-19:46:05,610 nipype.interface INFO:
	 stdout 2022-10-07T19:46:05.609655:Warning: Slice timing appears corrupted (range 0..5360, TR=4000 ms)
221007-19:46:05,610 nipype.interface INFO:
	 stdout 2022-10-07T19:46:05.609655:Convert 64 DICOM as /out/sub-voice979/ses-1/func/sub-voice979_ses-1_task-pitchsent_run-2_bold_heudiconv566 (108x108x65x64)
221007-19:46:11,414 nipype.interface INFO:
	 stdout 2022-10-07T19:46:11.414709:Compress: "/usr/bin/pigz" -b 960 -n -f -6 "/out/sub-voice979/ses-1/func/sub-voice979_ses-1_task-pitchsent_run-2_bold_heudiconv566.nii"
221007-19:46:11,414 nipype.interface INFO:
	 stdout 2022-10-07T19:46:11.414709:Conversion required 6.011407 seconds (0.197389 for core code).
221007-19:46:11,458 nipype.workflow INFO:
	 [Node] Finished "convert", elapsed time 6.074691s.
221007-19:46:11,626 nipype.workflow INFO:
	 [Node] Setting-up "convert" in "/tmp/dcm2niix6274i54r/convert".
221007-19:46:11,645 nipype.workflow INFO:
	 [Node] Executing "convert" <nipype.interfaces.dcm2nii.Dcm2niix>
221007-19:46:11,792 nipype.interface INFO:
	 stdout 2022-10-07T19:46:11.792245:Chris Rorden's dcm2niiX version v1.0.20211006  GCC10.2.1 x86-64 (64-bit Linux)
221007-19:46:11,792 nipype.interface INFO:
	 stdout 2022-10-07T19:46:11.792245:Found 42 DICOM file(s)
221007-19:46:11,792 nipype.interface INFO:
	 stdout 2022-10-07T19:46:11.792245:Warning: Slice timing appears corrupted (range 0..5360, TR=4000 ms)
221007-19:46:11,792 nipype.interface INFO:
	 stdout 2022-10-07T19:46:11.792245:Convert 42 DICOM as /out/sub-voice979/ses-1/func/sub-voice979_ses-1_task-nwr_run-1_bold_heudiconv788 (108x108x65x42)
221007-19:46:15,867 nipype.interface INFO:
	 stdout 2022-10-07T19:46:15.867515:Compress: "/usr/bin/pigz" -b 960 -n -f -6 "/out/sub-voice979/ses-1/func/sub-voice979_ses-1_task-nwr_run-1_bold_heudiconv788.nii"
221007-19:46:15,868 nipype.interface INFO:
	 stdout 2022-10-07T19:46:15.867515:Conversion required 4.201053 seconds (0.132061 for core code).
221007-19:46:15,906 nipype.workflow INFO:
	 [Node] Finished "convert", elapsed time 4.260555s.
221007-19:46:16,32 nipype.workflow INFO:
	 [Node] Setting-up "convert" in "/tmp/dcm2niix1322fxiq/convert".
221007-19:46:16,50 nipype.workflow INFO:
	 [Node] Executing "convert" <nipype.interfaces.dcm2nii.Dcm2niix>
221007-19:46:16,176 nipype.interface INFO:
	 stdout 2022-10-07T19:46:16.176481:Chris Rorden's dcm2niiX version v1.0.20211006  GCC10.2.1 x86-64 (64-bit Linux)
221007-19:46:16,176 nipype.interface INFO:
	 stdout 2022-10-07T19:46:16.176481:Found 42 DICOM file(s)
221007-19:46:16,177 nipype.interface INFO:
	 stdout 2022-10-07T19:46:16.176481:Warning: Slice timing appears corrupted (range 0..5360, TR=4000 ms)
221007-19:46:16,177 nipype.interface INFO:
	 stdout 2022-10-07T19:46:16.176481:Convert 42 DICOM as /out/sub-voice979/ses-1/func/sub-voice979_ses-1_task-nwr_run-2_bold_heudiconv088 (108x108x65x42)
221007-19:46:20,552 nipype.interface INFO:
	 stdout 2022-10-07T19:46:20.552542:Compress: "/usr/bin/pigz" -b 960 -n -f -6 "/out/sub-voice979/ses-1/func/sub-voice979_ses-1_task-nwr_run-2_bold_heudiconv088.nii"
221007-19:46:20,553 nipype.interface INFO:
	 stdout 2022-10-07T19:46:20.552542:Conversion required 4.483079 seconds (0.133866 for core code).
221007-19:46:20,600 nipype.workflow INFO:
	 [Node] Finished "convert", elapsed time 4.548879s.
221007-19:46:20,888 nipype.workflow INFO:
	 [Node] Setting-up "convert" in "/tmp/dcm2niix3a9gfcb7/convert".
221007-19:46:20,908 nipype.workflow INFO:
	 [Node] Executing "convert" <nipype.interfaces.dcm2nii.Dcm2niix>
221007-19:46:21,67 nipype.interface INFO:
	 stdout 2022-10-07T19:46:21.066927:Chris Rorden's dcm2niiX version v1.0.20211006  GCC10.2.1 x86-64 (64-bit Linux)
221007-19:46:21,67 nipype.interface INFO:
	 stdout 2022-10-07T19:46:21.066927:Found 42 DICOM file(s)
221007-19:46:21,67 nipype.interface INFO:
	 stdout 2022-10-07T19:46:21.066927:Warning: Slice timing appears corrupted (range 0..5360, TR=4000 ms)
221007-19:46:21,67 nipype.interface INFO:
	 stdout 2022-10-07T19:46:21.066927:Convert 42 DICOM as /out/sub-voice979/ses-1/func/sub-voice979_ses-1_task-nwr_run-3_bold_heudiconv321 (108x108x65x42)
221007-19:46:25,595 nipype.interface INFO:
	 stdout 2022-10-07T19:46:25.595475:Compress: "/usr/bin/pigz" -b 960 -n -f -6 "/out/sub-voice979/ses-1/func/sub-voice979_ses-1_task-nwr_run-3_bold_heudiconv321.nii"
221007-19:46:25,595 nipype.interface INFO:
	 stdout 2022-10-07T19:46:25.595475:Conversion required 4.667202 seconds (0.145324 for core code).
221007-19:46:25,634 nipype.workflow INFO:
	 [Node] Finished "convert", elapsed time 4.723509s.
221007-19:46:26,14 nipype.workflow INFO:
	 [Node] Setting-up "convert" in "/tmp/dcm2niix_w0d6_fo/convert".
221007-19:46:26,50 nipype.workflow INFO:
	 [Node] Executing "convert" <nipype.interfaces.dcm2nii.Dcm2niix>
221007-19:46:26,312 nipype.interface INFO:
	 stdout 2022-10-07T19:46:26.312297:Chris Rorden's dcm2niiX version v1.0.20211006  GCC10.2.1 x86-64 (64-bit Linux)
221007-19:46:26,312 nipype.interface INFO:
	 stdout 2022-10-07T19:46:26.312297:Found 99 DICOM file(s)
221007-19:46:26,312 nipype.interface INFO:
	 stdout 2022-10-07T19:46:26.312297:Warning: Slice timing appears corrupted (range 0..5360, TR=2000 ms)
221007-19:46:26,312 nipype.interface INFO:
	 stdout 2022-10-07T19:46:26.312297:Convert 99 DICOM as /out/sub-voice979/ses-1/func/sub-voice979_ses-1_task-facematch_run-1_bold_heudiconv824 (108x108x65x99)
221007-19:46:34,782 nipype.interface INFO:
	 stdout 2022-10-07T19:46:34.782179:Compress: "/usr/bin/pigz" -b 960 -n -f -6 "/out/sub-voice979/ses-1/func/sub-voice979_ses-1_task-facematch_run-1_bold_heudiconv824.nii"
221007-19:46:34,783 nipype.interface INFO:
	 stdout 2022-10-07T19:46:34.782179:Conversion required 8.712263 seconds (0.321438 for core code).
221007-19:46:34,844 nipype.workflow INFO:
	 [Node] Finished "convert", elapsed time 8.792462s.
221007-19:46:35,362 nipype.workflow INFO:
	 [Node] Setting-up "convert" in "/tmp/dcm2niixel_ob7jg/convert".
221007-19:46:35,404 nipype.workflow INFO:
	 [Node] Executing "convert" <nipype.interfaces.dcm2nii.Dcm2niix>
221007-19:46:35,694 nipype.interface INFO:
	 stdout 2022-10-07T19:46:35.694258:Chris Rorden's dcm2niiX version v1.0.20211006  GCC10.2.1 x86-64 (64-bit Linux)
221007-19:46:35,694 nipype.interface INFO:
	 stdout 2022-10-07T19:46:35.694258:Found 99 DICOM file(s)
221007-19:46:35,694 nipype.interface INFO:
	 stdout 2022-10-07T19:46:35.694258:Warning: Slice timing appears corrupted (range 0..5360, TR=2000 ms)
221007-19:46:35,695 nipype.interface INFO:
	 stdout 2022-10-07T19:46:35.694258:Convert 99 DICOM as /out/sub-voice979/ses-1/func/sub-voice979_ses-1_task-facematch_run-2_bold_heudiconv774 (108x108x65x99)
221007-19:46:44,976 nipype.interface INFO:
	 stdout 2022-10-07T19:46:44.976710:Compress: "/usr/bin/pigz" -b 960 -n -f -6 "/out/sub-voice979/ses-1/func/sub-voice979_ses-1_task-facematch_run-2_bold_heudiconv774.nii"
221007-19:46:44,977 nipype.interface INFO:
	 stdout 2022-10-07T19:46:44.976710:Conversion required 9.553909 seconds (0.298331 for core code).
221007-19:46:45,45 nipype.workflow INFO:
	 [Node] Finished "convert", elapsed time 9.640511s.
221007-19:46:45,632 nipype.workflow INFO:
	 [Node] Setting-up "convert" in "/tmp/dcm2niixqix9w73g/convert".
221007-19:46:45,651 nipype.workflow INFO:
	 [Node] Executing "convert" <nipype.interfaces.dcm2nii.Dcm2niix>
221007-19:46:45,921 nipype.interface INFO:
	 stdout 2022-10-07T19:46:45.921496:Chris Rorden's dcm2niiX version v1.0.20211006  GCC10.2.1 x86-64 (64-bit Linux)
221007-19:46:45,921 nipype.interface INFO:
	 stdout 2022-10-07T19:46:45.921496:Found 48 DICOM file(s)
221007-19:46:45,922 nipype.interface INFO:
	 stdout 2022-10-07T19:46:45.921496:Warning: Slice timing appears corrupted (range 0..5360, TR=4000 ms)
221007-19:46:45,922 nipype.interface INFO:
	 stdout 2022-10-07T19:46:45.921496:Convert 48 DICOM as /out/sub-voice979/ses-1/func/sub-voice979_ses-1_task-emosent_run-1_bold_heudiconv618 (108x108x65x48)
221007-19:46:50,535 nipype.interface INFO:
	 stdout 2022-10-07T19:46:50.535068:Compress: "/usr/bin/pigz" -b 960 -n -f -6 "/out/sub-voice979/ses-1/func/sub-voice979_ses-1_task-emosent_run-1_bold_heudiconv618.nii"
221007-19:46:50,535 nipype.interface INFO:
	 stdout 2022-10-07T19:46:50.535068:Conversion required 4.866917 seconds (0.164097 for core code).
221007-19:46:50,611 nipype.workflow INFO:
	 [Node] Finished "convert", elapsed time 4.958412s.
221007-19:46:51,76 nipype.workflow INFO:
	 [Node] Setting-up "convert" in "/tmp/dcm2niix_2ceqw38/convert".
221007-19:46:51,118 nipype.workflow INFO:
	 [Node] Executing "convert" <nipype.interfaces.dcm2nii.Dcm2niix>
221007-19:46:51,362 nipype.interface INFO:
	 stdout 2022-10-07T19:46:51.362739:Chris Rorden's dcm2niiX version v1.0.20211006  GCC10.2.1 x86-64 (64-bit Linux)
221007-19:46:51,363 nipype.interface INFO:
	 stdout 2022-10-07T19:46:51.362739:Found 48 DICOM file(s)
221007-19:46:51,363 nipype.interface INFO:
	 stdout 2022-10-07T19:46:51.362739:Warning: Slice timing appears corrupted (range 0..5357.5, TR=4000 ms)
221007-19:46:51,363 nipype.interface INFO:
	 stdout 2022-10-07T19:46:51.362739:Convert 48 DICOM as /out/sub-voice979/ses-1/func/sub-voice979_ses-1_task-emosent_run-2_bold_heudiconv893 (108x108x65x48)
221007-19:46:55,983 nipype.interface INFO:
	 stdout 2022-10-07T19:46:55.982978:Compress: "/usr/bin/pigz" -b 960 -n -f -6 "/out/sub-voice979/ses-1/func/sub-voice979_ses-1_task-emosent_run-2_bold_heudiconv893.nii"
221007-19:46:55,983 nipype.interface INFO:
	 stdout 2022-10-07T19:46:55.982978:Conversion required 4.841917 seconds (0.181807 for core code).
221007-19:46:56,35 nipype.workflow INFO:
	 [Node] Finished "convert", elapsed time 4.915447s.
221007-19:46:56,545 nipype.workflow INFO:
	 [Node] Setting-up "convert" in "/tmp/dcm2niix1svokfus/convert".
221007-19:46:56,589 nipype.workflow INFO:
	 [Node] Executing "convert" <nipype.interfaces.dcm2nii.Dcm2niix>
221007-19:46:56,952 nipype.interface INFO:
	 stdout 2022-10-07T19:46:56.952219:Chris Rorden's dcm2niiX version v1.0.20211006  GCC10.2.1 x86-64 (64-bit Linux)
221007-19:46:56,953 nipype.interface INFO:
	 stdout 2022-10-07T19:46:56.952219:Found 60 DICOM file(s)
221007-19:46:56,953 nipype.interface INFO:
	 stdout 2022-10-07T19:46:56.952219:Warning: Slice timing appears corrupted (range 0..5357.5, TR=4000 ms)
221007-19:46:56,953 nipype.interface INFO:
	 stdout 2022-10-07T19:46:56.952219:Convert 60 DICOM as /out/sub-voice979/ses-1/func/sub-voice979_ses-1_task-vowel_run-1_bold_heudiconv246 (108x108x65x60)
221007-19:47:02,744 nipype.interface INFO:
	 stdout 2022-10-07T19:47:02.743985:Compress: "/usr/bin/pigz" -b 960 -n -f -6 "/out/sub-voice979/ses-1/func/sub-voice979_ses-1_task-vowel_run-1_bold_heudiconv246.nii"
221007-19:47:02,744 nipype.interface INFO:
	 stdout 2022-10-07T19:47:02.743985:Conversion required 6.130443 seconds (0.241693 for core code).
221007-19:47:02,796 nipype.workflow INFO:
	 [Node] Finished "convert", elapsed time 6.205773s.
221007-19:47:03,212 nipype.workflow INFO:
	 [Node] Setting-up "convert" in "/tmp/dcm2niix__3pp8tq/convert".
221007-19:47:03,236 nipype.workflow INFO:
	 [Node] Executing "convert" <nipype.interfaces.dcm2nii.Dcm2niix>
221007-19:47:03,409 nipype.interface INFO:
	 stdout 2022-10-07T19:47:03.408911:Chris Rorden's dcm2niiX version v1.0.20211006  GCC10.2.1 x86-64 (64-bit Linux)
221007-19:47:03,409 nipype.interface INFO:
	 stdout 2022-10-07T19:47:03.408911:Found 60 DICOM file(s)
221007-19:47:03,409 nipype.interface INFO:
	 stdout 2022-10-07T19:47:03.408911:Warning: Slice timing appears corrupted (range 0..5357.5, TR=4000 ms)
221007-19:47:03,409 nipype.interface INFO:
	 stdout 2022-10-07T19:47:03.408911:Convert 60 DICOM as /out/sub-voice979/ses-1/func/sub-voice979_ses-1_task-vowel_run-2_bold_heudiconv266 (108x108x65x60)
221007-19:47:09,673 nipype.interface INFO:
	 stdout 2022-10-07T19:47:09.673926:Compress: "/usr/bin/pigz" -b 960 -n -f -6 "/out/sub-voice979/ses-1/func/sub-voice979_ses-1_task-vowel_run-2_bold_heudiconv266.nii"
221007-19:47:09,674 nipype.interface INFO:
	 stdout 2022-10-07T19:47:09.673926:Conversion required 6.418828 seconds (0.187822 for core code).
221007-19:47:09,717 nipype.workflow INFO:
	 [Node] Finished "convert", elapsed time 6.479803s.
221007-19:47:10,115 nipype.workflow INFO:
	 [Node] Setting-up "convert" in "/tmp/dcm2niixl9nvafm_/convert".
221007-19:47:10,180 nipype.workflow INFO:
	 [Node] Executing "convert" <nipype.interfaces.dcm2nii.Dcm2niix>
221007-19:47:10,455 nipype.interface INFO:
	 stdout 2022-10-07T19:47:10.454987:Chris Rorden's dcm2niiX version v1.0.20211006  GCC10.2.1 x86-64 (64-bit Linux)
221007-19:47:10,455 nipype.interface INFO:
	 stdout 2022-10-07T19:47:10.454987:Found 101 DICOM file(s)
221007-19:47:10,455 nipype.interface INFO:
	 stdout 2022-10-07T19:47:10.454987:Warning: Slice timing appears corrupted (range 0..5360, TR=2000 ms)
221007-19:47:10,455 nipype.interface INFO:
	 stdout 2022-10-07T19:47:10.454987:Convert 101 DICOM as /out/sub-voice979/ses-1/func/sub-voice979_ses-1_task-pitchnw_run-1_bold_heudiconv674 (108x108x65x101)
221007-19:47:20,195 nipype.interface INFO:
	 stdout 2022-10-07T19:47:20.195620:Compress: "/usr/bin/pigz" -b 960 -n -f -6 "/out/sub-voice979/ses-1/func/sub-voice979_ses-1_task-pitchnw_run-1_bold_heudiconv674.nii"
221007-19:47:20,198 nipype.interface INFO:
	 stdout 2022-10-07T19:47:20.195620:Conversion required 9.995452 seconds (0.315068 for core code).
221007-19:47:20,287 nipype.workflow INFO:
	 [Node] Finished "convert", elapsed time 10.105157s.
221007-19:47:21,476 nipype.workflow INFO:
	 [Node] Setting-up "convert" in "/tmp/dcm2niix1b4pdgg6/convert".
221007-19:47:21,535 nipype.workflow INFO:
	 [Node] Executing "convert" <nipype.interfaces.dcm2nii.Dcm2niix>
221007-19:47:22,636 nipype.interface INFO:
	 stdout 2022-10-07T19:47:22.635895:Chris Rorden's dcm2niiX version v1.0.20211006  GCC10.2.1 x86-64 (64-bit Linux)
221007-19:47:22,636 nipype.interface INFO:
	 stdout 2022-10-07T19:47:22.635895:Found 101 DICOM file(s)
221007-19:47:22,636 nipype.interface INFO:
	 stdout 2022-10-07T19:47:22.635895:Warning: Slice timing appears corrupted (range 0..5357.5, TR=2000 ms)
221007-19:47:22,636 nipype.interface INFO:
	 stdout 2022-10-07T19:47:22.635895:Convert 101 DICOM as /out/sub-voice979/ses-1/func/sub-voice979_ses-1_task-pitchnw_run-2_bold_heudiconv080 (108x108x65x101)
221007-19:47:31,675 nipype.interface INFO:
	 stdout 2022-10-07T19:47:31.675473:Compress: "/usr/bin/pigz" -b 960 -n -f -6 "/out/sub-voice979/ses-1/func/sub-voice979_ses-1_task-pitchnw_run-2_bold_heudiconv080.nii"
221007-19:47:31,676 nipype.interface INFO:
	 stdout 2022-10-07T19:47:31.675473:Conversion required 9.365293 seconds (0.381921 for core code).
221007-19:47:31,718 nipype.workflow INFO:
	 [Node] Finished "convert", elapsed time 10.181606s.
221007-19:47:31,908 nipype.workflow INFO:
	 [Node] Setting-up "convert" in "/tmp/dcm2niixrhnam_9r/convert".
221007-19:47:31,963 nipype.workflow INFO:
	 [Node] Executing "convert" <nipype.interfaces.dcm2nii.Dcm2niix>
221007-19:47:32,304 nipype.interface INFO:
	 stdout 2022-10-07T19:47:32.304363:Chris Rorden's dcm2niiX version v1.0.20211006  GCC10.2.1 x86-64 (64-bit Linux)
221007-19:47:32,304 nipype.interface INFO:
	 stdout 2022-10-07T19:47:32.304363:Found 138 DICOM file(s)
221007-19:47:32,304 nipype.interface INFO:
	 stdout 2022-10-07T19:47:32.304363:Warning: Slice timing appears corrupted (range 0..5360, TR=1090 ms)
221007-19:47:32,304 nipype.interface INFO:
	 stdout 2022-10-07T19:47:32.304363:Convert 138 DICOM as /out/sub-voice979/ses-1/func/sub-voice979_ses-1_task-movie_run-1_bold_heudiconv616 (108x108x65x138)
221007-19:47:45,225 nipype.interface INFO:
	 stdout 2022-10-07T19:47:45.225880:Compress: "/usr/bin/pigz" -b 960 -n -f -6 "/out/sub-voice979/ses-1/func/sub-voice979_ses-1_task-movie_run-1_bold_heudiconv616.nii"
221007-19:47:45,226 nipype.interface INFO:
	 stdout 2022-10-07T19:47:45.225880:Conversion required 13.239302 seconds (0.413289 for core code).
221007-19:47:45,282 nipype.workflow INFO:
	 [Node] Finished "convert", elapsed time 13.317613s.
add(ok): voice964/ses-2/info/dicominfo_ses-2.tsv (file)
add(ok): voice964/ses-2/info/filegroup_ses-2.json (file)
add(ok): voice964/ses-2/info/heuristic.py (file)
add(ok): voice964/ses-2/info/voice964_ses-2.auto.txt (file)
add(ok): voice964/ses-2/info/voice964_ses-2.edit.txt (file)
add(ok): voice978/ses-1/info/dicominfo_ses-1.tsv (file)
add(ok): voice978/ses-1/info/filegroup_ses-1.json (file)
add(ok): voice978/ses-1/info/heuristic.py (file)
add(ok): voice978/ses-1/info/voice978_ses-1.auto.txt (file)
add(ok): voice978/ses-1/info/voice978_ses-1.edit.txt (file)
save(ok): .heudiconv (dataset)
