INFO: Running heudiconv version 0.11.3+d20220512 latest 0.11.4
INFO: Need to process 1 study sessions
INFO: PROCESSING STARTS: {'subject': 'voice956', 'outdir': '/out/', 'session': '2'}
INFO: Processing 4709 dicoms
INFO: Analyzing 4709 dicoms
INFO: Generated sequence info for 41 accession numbers with 4709 entries total
INFO: Doing conversion using dcm2niix
INFO: Converting /out/sub-voice956/ses-2/func/sub-voice956_ses-2_task-rest_run-1_bold (300 DICOMs) -> /out/sub-voice956/ses-2/func . Converter: dcm2niix . Output types: ('nii.gz',)
WARNING: A newer version (1.8.4) of nipy/nipype is available. You are using 1.8.0
INFO: [Node] Setting-up "convert" in "/tmp/dcm2niixqb4k7q4m/convert".
INFO: [Node] Executing "convert" <nipype.interfaces.dcm2nii.Dcm2niix>
INFO: stdout 2022-10-12T23:37:43.156140:Chris Rorden's dcm2niiX version v1.0.20211006  GCC10.2.1 x86-64 (64-bit Linux)
INFO: stdout 2022-10-12T23:37:43.156140:Found 300 DICOM file(s)
INFO: stdout 2022-10-12T23:37:43.156140:Warning: Slice timing appears corrupted (range 0..5360, TR=1090 ms)
INFO: stdout 2022-10-12T23:37:43.156140:Convert 300 DICOM as /out/sub-voice956/ses-2/func/sub-voice956_ses-2_task-rest_run-1_bold_heudiconv087 (108x108x65x300)
INFO: stdout 2022-10-12T23:38:09.660384:Compress: "/usr/bin/pigz" -b 960 -n -f -6 "/out/sub-voice956/ses-2/func/sub-voice956_ses-2_task-rest_run-1_bold_heudiconv087.nii"
INFO: stdout 2022-10-12T23:38:09.660384:Conversion required 29.267705 seconds (0.867085 for core code).
INFO: [Node] Finished "convert", elapsed time 29.308276s.
INFO: Post-treating /out/sub-voice956/ses-2/func/sub-voice956_ses-2_task-rest_run-1_bold.json file
INFO: Converting /out/sub-voice956/ses-2/fmap/sub-voice956_ses-2_acq-func_dir-PA_run-1_epi (260 DICOMs) -> /out/sub-voice956/ses-2/fmap . Converter: dcm2niix . Output types: ('nii.gz',)
INFO: [Node] Setting-up "convert" in "/tmp/dcm2niixtuk0ng5h/convert".
INFO: [Node] Executing "convert" <nipype.interfaces.dcm2nii.Dcm2niix>
INFO: stdout 2022-10-12T23:38:13.846274:Chris Rorden's dcm2niiX version v1.0.20211006  GCC10.2.1 x86-64 (64-bit Linux)
INFO: stdout 2022-10-12T23:38:13.846274:Found 260 DICOM file(s)
INFO: stdout 2022-10-12T23:38:13.846274:Convert 260 DICOM as /out/sub-voice956/ses-2/fmap/sub-voice956_ses-2_acq-func_dir-PA_run-1_epi_heudiconv426 (108x108x65x4)
INFO: stdout 2022-10-12T23:38:15.387921:Compress: "/usr/bin/pigz" -b 960 -n -f -6 "/out/sub-voice956/ses-2/fmap/sub-voice956_ses-2_acq-func_dir-PA_run-1_epi_heudiconv426.nii"
INFO: stdout 2022-10-12T23:38:15.387921:Conversion required 3.965054 seconds (0.216494 for core code).
INFO: [Node] Finished "convert", elapsed time 4.20295s.
WARNING: Failed to find task field in /out/sub-voice956/ses-2/fmap/sub-voice956_ses-2_acq-func_dir-PA_run-1_epi.json.
INFO: Post-treating /out/sub-voice956/ses-2/fmap/sub-voice956_ses-2_acq-func_dir-PA_run-1_epi.json file
INFO: Converting /out/sub-voice956/ses-2/fmap/sub-voice956_ses-2_acq-func_dir-AP_run-2_epi (260 DICOMs) -> /out/sub-voice956/ses-2/fmap . Converter: dcm2niix . Output types: ('nii.gz',)
INFO: [Node] Setting-up "convert" in "/tmp/dcm2niixxk970qta/convert".
INFO: [Node] Executing "convert" <nipype.interfaces.dcm2nii.Dcm2niix>
INFO: stdout 2022-10-12T23:38:18.367817:Chris Rorden's dcm2niiX version v1.0.20211006  GCC10.2.1 x86-64 (64-bit Linux)
INFO: stdout 2022-10-12T23:38:18.367817:Found 260 DICOM file(s)
INFO: stdout 2022-10-12T23:38:18.367817:Convert 260 DICOM as /out/sub-voice956/ses-2/fmap/sub-voice956_ses-2_acq-func_dir-AP_run-2_epi_heudiconv516 (108x108x65x4)
INFO: stdout 2022-10-12T23:38:19.325069:Compress: "/usr/bin/pigz" -b 960 -n -f -6 "/out/sub-voice956/ses-2/fmap/sub-voice956_ses-2_acq-func_dir-AP_run-2_epi_heudiconv516.nii"
INFO: stdout 2022-10-12T23:38:19.325069:Conversion required 2.915437 seconds (0.155486 for core code).
INFO: [Node] Finished "convert", elapsed time 3.017128s.
WARNING: Failed to find task field in /out/sub-voice956/ses-2/fmap/sub-voice956_ses-2_acq-func_dir-AP_run-2_epi.json.
INFO: Post-treating /out/sub-voice956/ses-2/fmap/sub-voice956_ses-2_acq-func_dir-AP_run-2_epi.json file
INFO: Converting /out/sub-voice956/ses-2/dwi/sub-voice956_ses-2_acq-PA_dwi (72 DICOMs) -> /out/sub-voice956/ses-2/dwi . Converter: dcm2niix . Output types: ('nii.gz',)
INFO: [Node] Setting-up "convert" in "/tmp/dcm2niix6iaxvxjj/convert".
INFO: [Node] Executing "convert" <nipype.interfaces.dcm2nii.Dcm2niix>
INFO: stdout 2022-10-12T23:38:21.380730:Chris Rorden's dcm2niiX version v1.0.20211006  GCC10.2.1 x86-64 (64-bit Linux)
INFO: stdout 2022-10-12T23:38:21.380730:Found 72 DICOM file(s)
INFO: stdout 2022-10-12T23:38:21.380730:Warning: Slice timing appears corrupted (range 0..8.63999e+07, TR=4400 ms)
INFO: stdout 2022-10-12T23:38:21.380730:Convert 72 DICOM as /out/sub-voice956/ses-2/dwi/sub-voice956_ses-2_acq-PA_dwi_heudiconv494 (120x120x66x72)
INFO: stdout 2022-10-12T23:38:29.632354:Compress: "/usr/bin/pigz" -b 960 -n -f -6 "/out/sub-voice956/ses-2/dwi/sub-voice956_ses-2_acq-PA_dwi_heudiconv494.nii"
INFO: stdout 2022-10-12T23:38:29.632354:Conversion required 9.482351 seconds (0.357083 for core code).
INFO: [Node] Finished "convert", elapsed time 9.578536s.
WARNING: Failed to find task field in /out/sub-voice956/ses-2/dwi/sub-voice956_ses-2_acq-PA_dwi.json.
INFO: Post-treating /out/sub-voice956/ses-2/dwi/sub-voice956_ses-2_acq-PA_dwi.json file
INFO: Converting /out/sub-voice956/ses-2/dwi/sub-voice956_ses-2_acq-AP_dwi (7 DICOMs) -> /out/sub-voice956/ses-2/dwi . Converter: dcm2niix . Output types: ('nii.gz',)
INFO: [Node] Setting-up "convert" in "/tmp/dcm2niixefzsl2lb/convert".
INFO: [Node] Executing "convert" <nipype.interfaces.dcm2nii.Dcm2niix>
INFO: stdout 2022-10-12T23:38:31.044021:Chris Rorden's dcm2niiX version v1.0.20211006  GCC10.2.1 x86-64 (64-bit Linux)
INFO: stdout 2022-10-12T23:38:31.044021:Found 7 DICOM file(s)
INFO: stdout 2022-10-12T23:38:31.044021:Warning: Slice timing appears corrupted (range 0..8.63999e+07, TR=4400 ms)
INFO: stdout 2022-10-12T23:38:31.044021:Convert 7 DICOM as /out/sub-voice956/ses-2/dwi/sub-voice956_ses-2_acq-AP_dwi_heudiconv941 (120x120x66x7)
INFO: stdout 2022-10-12T23:38:32.007177:Compress: "/usr/bin/pigz" -b 960 -n -f -6 "/out/sub-voice956/ses-2/dwi/sub-voice956_ses-2_acq-AP_dwi_heudiconv941.nii"
INFO: stdout 2022-10-12T23:38:32.007177:Conversion required 1.308397 seconds (0.061135 for core code).
INFO: [Node] Finished "convert", elapsed time 1.476926s.
WARNING: Failed to find task field in /out/sub-voice956/ses-2/dwi/sub-voice956_ses-2_acq-AP_dwi.json.
INFO: Post-treating /out/sub-voice956/ses-2/dwi/sub-voice956_ses-2_acq-AP_dwi.json file
INFO: Converting /out/sub-voice956/ses-2/anat/sub-voice956_ses-2_run-1_T1w (176 DICOMs) -> /out/sub-voice956/ses-2/anat . Converter: dcm2niix . Output types: ('nii.gz',)
INFO: [Node] Setting-up "convert" in "/tmp/dcm2niix1154nfnc/convert".
INFO: [Node] Executing "convert" <nipype.interfaces.dcm2nii.Dcm2niix>
INFO: stdout 2022-10-12T23:38:34.768469:Chris Rorden's dcm2niiX version v1.0.20211006  GCC10.2.1 x86-64 (64-bit Linux)
INFO: stdout 2022-10-12T23:38:34.768469:Found 176 DICOM file(s)
INFO: stdout 2022-10-12T23:38:34.768469:Convert 176 DICOM as /out/sub-voice956/ses-2/anat/sub-voice956_ses-2_run-1_T1w_heudiconv535 (256x256x176x1)
INFO: stdout 2022-10-12T23:38:36.265395:Compress: "/usr/bin/pigz" -b 960 -n -f -6 "/out/sub-voice956/ses-2/anat/sub-voice956_ses-2_run-1_T1w_heudiconv535.nii"
INFO: stdout 2022-10-12T23:38:36.265395:Conversion required 2.924616 seconds (0.295411 for core code).
INFO: [Node] Finished "convert", elapsed time 2.992656s.
WARNING: Failed to find task field in /out/sub-voice956/ses-2/anat/sub-voice956_ses-2_run-1_T1w.json.
INFO: Post-treating /out/sub-voice956/ses-2/anat/sub-voice956_ses-2_run-1_T1w.json file
INFO: Converting /out/sub-voice956/ses-2/anat/sub-voice956_ses-2_T2w (176 DICOMs) -> /out/sub-voice956/ses-2/anat . Converter: dcm2niix . Output types: ('nii.gz',)
INFO: [Node] Setting-up "convert" in "/tmp/dcm2niixmx7yfz86/convert".
INFO: [Node] Executing "convert" <nipype.interfaces.dcm2nii.Dcm2niix>
INFO: stdout 2022-10-12T23:38:38.112252:Chris Rorden's dcm2niiX version v1.0.20211006  GCC10.2.1 x86-64 (64-bit Linux)
INFO: stdout 2022-10-12T23:38:38.112252:Found 176 DICOM file(s)
INFO: stdout 2022-10-12T23:38:38.112252:Convert 176 DICOM as /out/sub-voice956/ses-2/anat/sub-voice956_ses-2_T2w_heudiconv033 (256x256x176x1)
INFO: stdout 2022-10-12T23:38:39.549175:Compress: "/usr/bin/pigz" -b 960 -n -f -6 "/out/sub-voice956/ses-2/anat/sub-voice956_ses-2_T2w_heudiconv033.nii"
INFO: stdout 2022-10-12T23:38:39.549175:Conversion required 2.471644 seconds (0.325288 for core code).
INFO: [Node] Finished "convert", elapsed time 2.552223s.
WARNING: Failed to find task field in /out/sub-voice956/ses-2/anat/sub-voice956_ses-2_T2w.json.
INFO: Post-treating /out/sub-voice956/ses-2/anat/sub-voice956_ses-2_T2w.json file
INFO: Converting /out/sub-voice956/ses-2/func/sub-voice956_ses-2_task-pataka_run-1_bold (207 DICOMs) -> /out/sub-voice956/ses-2/func . Converter: dcm2niix . Output types: ('nii.gz',)
INFO: [Node] Setting-up "convert" in "/tmp/dcm2niix2tviem33/convert".
INFO: [Node] Executing "convert" <nipype.interfaces.dcm2nii.Dcm2niix>
INFO: stdout 2022-10-12T23:38:43.374557:Chris Rorden's dcm2niiX version v1.0.20211006  GCC10.2.1 x86-64 (64-bit Linux)
INFO: stdout 2022-10-12T23:38:43.374557:Found 207 DICOM file(s)
INFO: stdout 2022-10-12T23:38:43.374557:Warning: Slice timing appears corrupted (range 0..3135, TR=1640 ms)
INFO: stdout 2022-10-12T23:38:43.374557:Convert 207 DICOM as /out/sub-voice956/ses-2/func/sub-voice956_ses-2_task-pataka_run-1_bold_heudiconv589 (72x72x45x207)
INFO: stdout 2022-10-12T23:38:49.522207:Compress: "/usr/bin/pigz" -b 960 -n -f -6 "/out/sub-voice956/ses-2/func/sub-voice956_ses-2_task-pataka_run-1_bold_heudiconv589.nii"
INFO: stdout 2022-10-12T23:38:49.522207:Conversion required 8.884762 seconds (0.414627 for core code).
INFO: [Node] Finished "convert", elapsed time 8.955034s.
INFO: Post-treating /out/sub-voice956/ses-2/func/sub-voice956_ses-2_task-pataka_run-1_bold.json file
INFO: Converting /out/sub-voice956/ses-2/func/sub-voice956_ses-2_task-pataka_run-2_bold (207 DICOMs) -> /out/sub-voice956/ses-2/func . Converter: dcm2niix . Output types: ('nii.gz',)
INFO: [Node] Setting-up "convert" in "/tmp/dcm2niix90sm57_l/convert".
INFO: [Node] Executing "convert" <nipype.interfaces.dcm2nii.Dcm2niix>
INFO: stdout 2022-10-12T23:38:52.026520:Chris Rorden's dcm2niiX version v1.0.20211006  GCC10.2.1 x86-64 (64-bit Linux)
INFO: stdout 2022-10-12T23:38:52.026520:Found 207 DICOM file(s)
INFO: stdout 2022-10-12T23:38:52.026520:Warning: Slice timing appears corrupted (range 0..3135, TR=1640 ms)
INFO: stdout 2022-10-12T23:38:52.026520:Convert 207 DICOM as /out/sub-voice956/ses-2/func/sub-voice956_ses-2_task-pataka_run-2_bold_heudiconv210 (72x72x45x207)
INFO: stdout 2022-10-12T23:38:57.757249:Compress: "/usr/bin/pigz" -b 960 -n -f -6 "/out/sub-voice956/ses-2/func/sub-voice956_ses-2_task-pataka_run-2_bold_heudiconv210.nii"
INFO: stdout 2022-10-12T23:38:57.757249:Conversion required 7.470740 seconds (0.298546 for core code).
INFO: [Node] Finished "convert", elapsed time 7.521794s.
INFO: Post-treating /out/sub-voice956/ses-2/func/sub-voice956_ses-2_task-pataka_run-2_bold.json file
INFO: Converting /out/sub-voice956/ses-2/func/sub-voice956_ses-2_task-pitchsent_run-1_bold (64 DICOMs) -> /out/sub-voice956/ses-2/func . Converter: dcm2niix . Output types: ('nii.gz',)
INFO: [Node] Setting-up "convert" in "/tmp/dcm2niix7ljryjdv/convert".
INFO: [Node] Executing "convert" <nipype.interfaces.dcm2nii.Dcm2niix>
INFO: stdout 2022-10-12T23:38:59.574697:Chris Rorden's dcm2niiX version v1.0.20211006  GCC10.2.1 x86-64 (64-bit Linux)
INFO: stdout 2022-10-12T23:38:59.574697:Found 64 DICOM file(s)
INFO: stdout 2022-10-12T23:38:59.574697:Warning: Slice timing appears corrupted (range 0..5360, TR=4000 ms)
INFO: stdout 2022-10-12T23:38:59.574697:Convert 64 DICOM as /out/sub-voice956/ses-2/func/sub-voice956_ses-2_task-pitchsent_run-1_bold_heudiconv972 (108x108x65x64)
INFO: stdout 2022-10-12T23:39:05.760945:Compress: "/usr/bin/pigz" -b 960 -n -f -6 "/out/sub-voice956/ses-2/func/sub-voice956_ses-2_task-pitchsent_run-1_bold_heudiconv972.nii"
INFO: stdout 2022-10-12T23:39:05.760945:Conversion required 7.095085 seconds (0.212587 for core code).
INFO: [Node] Finished "convert", elapsed time 7.152336s.
INFO: Post-treating /out/sub-voice956/ses-2/func/sub-voice956_ses-2_task-pitchsent_run-1_bold.json file
INFO: Converting /out/sub-voice956/ses-2/func/sub-voice956_ses-2_task-pitchsent_run-2_bold (64 DICOMs) -> /out/sub-voice956/ses-2/func . Converter: dcm2niix . Output types: ('nii.gz',)
INFO: [Node] Setting-up "convert" in "/tmp/dcm2niixg29hyb5m/convert".
INFO: [Node] Executing "convert" <nipype.interfaces.dcm2nii.Dcm2niix>
INFO: stdout 2022-10-12T23:39:06.286030:Chris Rorden's dcm2niiX version v1.0.20211006  GCC10.2.1 x86-64 (64-bit Linux)
INFO: stdout 2022-10-12T23:39:06.286030:Found 64 DICOM file(s)
INFO: stdout 2022-10-12T23:39:06.286030:Warning: Slice timing appears corrupted (range 0..5357.5, TR=4000 ms)
INFO: stdout 2022-10-12T23:39:06.286030:Convert 64 DICOM as /out/sub-voice956/ses-2/func/sub-voice956_ses-2_task-pitchsent_run-2_bold_heudiconv321 (108x108x65x64)
INFO: stdout 2022-10-12T23:39:11.711942:Compress: "/usr/bin/pigz" -b 960 -n -f -6 "/out/sub-voice956/ses-2/func/sub-voice956_ses-2_task-pitchsent_run-2_bold_heudiconv321.nii"
INFO: stdout 2022-10-12T23:39:11.711942:Conversion required 5.669990 seconds (0.180293 for core code).
INFO: [Node] Finished "convert", elapsed time 5.725204s.
INFO: Post-treating /out/sub-voice956/ses-2/func/sub-voice956_ses-2_task-pitchsent_run-2_bold.json file
INFO: Converting /out/sub-voice956/ses-2/func/sub-voice956_ses-2_task-nwr_run-1_bold (42 DICOMs) -> /out/sub-voice956/ses-2/func . Converter: dcm2niix . Output types: ('nii.gz',)
INFO: [Node] Setting-up "convert" in "/tmp/dcm2niixy1o_fo8r/convert".
INFO: [Node] Executing "convert" <nipype.interfaces.dcm2nii.Dcm2niix>
INFO: stdout 2022-10-12T23:39:12.913995:Chris Rorden's dcm2niiX version v1.0.20211006  GCC10.2.1 x86-64 (64-bit Linux)
INFO: stdout 2022-10-12T23:39:12.913995:Found 42 DICOM file(s)
INFO: stdout 2022-10-12T23:39:12.913995:Warning: Slice timing appears corrupted (range 0..5357.5, TR=4000 ms)
INFO: stdout 2022-10-12T23:39:12.913995:Convert 42 DICOM as /out/sub-voice956/ses-2/func/sub-voice956_ses-2_task-nwr_run-1_bold_heudiconv893 (108x108x65x42)
INFO: stdout 2022-10-12T23:39:16.803385:Compress: "/usr/bin/pigz" -b 960 -n -f -6 "/out/sub-voice956/ses-2/func/sub-voice956_ses-2_task-nwr_run-1_bold_heudiconv893.nii"
INFO: stdout 2022-10-12T23:39:16.803385:Conversion required 4.447169 seconds (0.168947 for core code).
INFO: [Node] Finished "convert", elapsed time 4.506788s.
INFO: Post-treating /out/sub-voice956/ses-2/func/sub-voice956_ses-2_task-nwr_run-1_bold.json file
INFO: Converting /out/sub-voice956/ses-2/func/sub-voice956_ses-2_task-nwr_run-2_bold (42 DICOMs) -> /out/sub-voice956/ses-2/func . Converter: dcm2niix . Output types: ('nii.gz',)
INFO: [Node] Setting-up "convert" in "/tmp/dcm2niixg72_5tvj/convert".
INFO: [Node] Executing "convert" <nipype.interfaces.dcm2nii.Dcm2niix>
INFO: stdout 2022-10-12T23:39:18.104858:Chris Rorden's dcm2niiX version v1.0.20211006  GCC10.2.1 x86-64 (64-bit Linux)
INFO: stdout 2022-10-12T23:39:18.104858:Found 42 DICOM file(s)
INFO: stdout 2022-10-12T23:39:18.104858:Warning: Slice timing appears corrupted (range 0..5360, TR=4000 ms)
INFO: stdout 2022-10-12T23:39:18.104858:Convert 42 DICOM as /out/sub-voice956/ses-2/func/sub-voice956_ses-2_task-nwr_run-2_bold_heudiconv242 (108x108x65x42)
INFO: stdout 2022-10-12T23:39:22.101781:Compress: "/usr/bin/pigz" -b 960 -n -f -6 "/out/sub-voice956/ses-2/func/sub-voice956_ses-2_task-nwr_run-2_bold_heudiconv242.nii"
INFO: stdout 2022-10-12T23:39:22.101781:Conversion required 4.400336 seconds (0.129193 for core code).
INFO: [Node] Finished "convert", elapsed time 4.51003s.
INFO: Post-treating /out/sub-voice956/ses-2/func/sub-voice956_ses-2_task-nwr_run-2_bold.json file
INFO: Converting /out/sub-voice956/ses-2/func/sub-voice956_ses-2_task-nwr_run-3_bold (42 DICOMs) -> /out/sub-voice956/ses-2/func . Converter: dcm2niix . Output types: ('nii.gz',)
INFO: [Node] Setting-up "convert" in "/tmp/dcm2niix49nwhnkl/convert".
INFO: [Node] Executing "convert" <nipype.interfaces.dcm2nii.Dcm2niix>
INFO: stdout 2022-10-12T23:39:24.060909:Chris Rorden's dcm2niiX version v1.0.20211006  GCC10.2.1 x86-64 (64-bit Linux)
INFO: stdout 2022-10-12T23:39:24.060909:Found 42 DICOM file(s)
INFO: stdout 2022-10-12T23:39:24.060909:Warning: Slice timing appears corrupted (range 0..5360, TR=4000 ms)
INFO: stdout 2022-10-12T23:39:24.060909:Convert 42 DICOM as /out/sub-voice956/ses-2/func/sub-voice956_ses-2_task-nwr_run-3_bold_heudiconv840 (108x108x65x42)
INFO: stdout 2022-10-12T23:39:28.113422:Compress: "/usr/bin/pigz" -b 960 -n -f -6 "/out/sub-voice956/ses-2/func/sub-voice956_ses-2_task-nwr_run-3_bold_heudiconv840.nii"
INFO: stdout 2022-10-12T23:39:28.113422:Conversion required 4.803389 seconds (0.153846 for core code).
INFO: [Node] Finished "convert", elapsed time 4.890102s.
INFO: Post-treating /out/sub-voice956/ses-2/func/sub-voice956_ses-2_task-nwr_run-3_bold.json file
INFO: Converting /out/sub-voice956/ses-2/func/sub-voice956_ses-2_task-facematch_run-1_bold (99 DICOMs) -> /out/sub-voice956/ses-2/func . Converter: dcm2niix . Output types: ('nii.gz',)
INFO: [Node] Setting-up "convert" in "/tmp/dcm2niixmdg7ak_l/convert".
INFO: [Node] Executing "convert" <nipype.interfaces.dcm2nii.Dcm2niix>
INFO: stdout 2022-10-12T23:39:29.402129:Chris Rorden's dcm2niiX version v1.0.20211006  GCC10.2.1 x86-64 (64-bit Linux)
INFO: stdout 2022-10-12T23:39:29.402129:Found 99 DICOM file(s)
INFO: stdout 2022-10-12T23:39:29.402129:Warning: Slice timing appears corrupted (range 0..5360, TR=2000 ms)
INFO: stdout 2022-10-12T23:39:29.402129:Convert 99 DICOM as /out/sub-voice956/ses-2/func/sub-voice956_ses-2_task-facematch_run-1_bold_heudiconv584 (108x108x65x99)
INFO: stdout 2022-10-12T23:39:40.166474:Compress: "/usr/bin/pigz" -b 960 -n -f -6 "/out/sub-voice956/ses-2/func/sub-voice956_ses-2_task-facematch_run-1_bold_heudiconv584.nii"
INFO: stdout 2022-10-12T23:39:40.166474:Conversion required 11.483202 seconds (0.281336 for core code).
INFO: [Node] Finished "convert", elapsed time 11.601599s.
INFO: Post-treating /out/sub-voice956/ses-2/func/sub-voice956_ses-2_task-facematch_run-1_bold.json file
INFO: Converting /out/sub-voice956/ses-2/func/sub-voice956_ses-2_task-facematch_run-2_bold (99 DICOMs) -> /out/sub-voice956/ses-2/func . Converter: dcm2niix . Output types: ('nii.gz',)
INFO: [Node] Setting-up "convert" in "/tmp/dcm2niixnujolaag/convert".
INFO: [Node] Executing "convert" <nipype.interfaces.dcm2nii.Dcm2niix>
INFO: stdout 2022-10-12T23:39:42.271093:Chris Rorden's dcm2niiX version v1.0.20211006  GCC10.2.1 x86-64 (64-bit Linux)
INFO: stdout 2022-10-12T23:39:42.271093:Found 99 DICOM file(s)
INFO: stdout 2022-10-12T23:39:42.271093:Warning: Slice timing appears corrupted (range 0..5360, TR=2000 ms)
INFO: stdout 2022-10-12T23:39:42.271093:Convert 99 DICOM as /out/sub-voice956/ses-2/func/sub-voice956_ses-2_task-facematch_run-2_bold_heudiconv159 (108x108x65x99)
INFO: stdout 2022-10-12T23:39:50.735986:Compress: "/usr/bin/pigz" -b 960 -n -f -6 "/out/sub-voice956/ses-2/func/sub-voice956_ses-2_task-facematch_run-2_bold_heudiconv159.nii"
INFO: stdout 2022-10-12T23:39:50.735986:Conversion required 9.802018 seconds (0.380966 for core code).
INFO: [Node] Finished "convert", elapsed time 9.894539s.
INFO: Post-treating /out/sub-voice956/ses-2/func/sub-voice956_ses-2_task-facematch_run-2_bold.json file
INFO: Converting /out/sub-voice956/ses-2/func/sub-voice956_ses-2_task-emosent_run-1_bold (48 DICOMs) -> /out/sub-voice956/ses-2/func . Converter: dcm2niix . Output types: ('nii.gz',)
INFO: [Node] Setting-up "convert" in "/tmp/dcm2niixyltahfzq/convert".
INFO: [Node] Executing "convert" <nipype.interfaces.dcm2nii.Dcm2niix>
INFO: stdout 2022-10-12T23:39:51.916133:Chris Rorden's dcm2niiX version v1.0.20211006  GCC10.2.1 x86-64 (64-bit Linux)
INFO: stdout 2022-10-12T23:39:51.916133:Found 48 DICOM file(s)
INFO: stdout 2022-10-12T23:39:51.916133:Warning: Slice timing appears corrupted (range 0..5360, TR=4000 ms)
INFO: stdout 2022-10-12T23:39:51.916133:Convert 48 DICOM as /out/sub-voice956/ses-2/func/sub-voice956_ses-2_task-emosent_run-1_bold_heudiconv488 (108x108x65x48)
INFO: stdout 2022-10-12T23:39:55.992221:Compress: "/usr/bin/pigz" -b 960 -n -f -6 "/out/sub-voice956/ses-2/func/sub-voice956_ses-2_task-emosent_run-1_bold_heudiconv488.nii"
INFO: stdout 2022-10-12T23:39:55.992221:Conversion required 4.575267 seconds (0.149283 for core code).
INFO: [Node] Finished "convert", elapsed time 4.627172s.
INFO: Post-treating /out/sub-voice956/ses-2/func/sub-voice956_ses-2_task-emosent_run-1_bold.json file
INFO: Converting /out/sub-voice956/ses-2/func/sub-voice956_ses-2_task-emosent_run-2_bold (48 DICOMs) -> /out/sub-voice956/ses-2/func . Converter: dcm2niix . Output types: ('nii.gz',)
INFO: [Node] Setting-up "convert" in "/tmp/dcm2niixo48lul70/convert".
INFO: [Node] Executing "convert" <nipype.interfaces.dcm2nii.Dcm2niix>
INFO: stdout 2022-10-12T23:39:57.764517:Chris Rorden's dcm2niiX version v1.0.20211006  GCC10.2.1 x86-64 (64-bit Linux)
INFO: stdout 2022-10-12T23:39:57.764517:Found 48 DICOM file(s)
INFO: stdout 2022-10-12T23:39:57.764517:Warning: Slice timing appears corrupted (range 0..5360, TR=4000 ms)
INFO: stdout 2022-10-12T23:39:57.764517:Convert 48 DICOM as /out/sub-voice956/ses-2/func/sub-voice956_ses-2_task-emosent_run-2_bold_heudiconv993 (108x108x65x48)
INFO: stdout 2022-10-12T23:40:03.382631:Compress: "/usr/bin/pigz" -b 960 -n -f -6 "/out/sub-voice956/ses-2/func/sub-voice956_ses-2_task-emosent_run-2_bold_heudiconv993.nii"
INFO: stdout 2022-10-12T23:40:03.382631:Conversion required 6.366648 seconds (0.186301 for core code).
INFO: [Node] Finished "convert", elapsed time 6.477139s.
INFO: Post-treating /out/sub-voice956/ses-2/func/sub-voice956_ses-2_task-emosent_run-2_bold.json file
INFO: Converting /out/sub-voice956/ses-2/func/sub-voice956_ses-2_task-vowel_run-1_bold (60 DICOMs) -> /out/sub-voice956/ses-2/func . Converter: dcm2niix . Output types: ('nii.gz',)
INFO: [Node] Setting-up "convert" in "/tmp/dcm2niixdi3rhzii/convert".
INFO: [Node] Executing "convert" <nipype.interfaces.dcm2nii.Dcm2niix>
INFO: stdout 2022-10-12T23:40:04.776412:Chris Rorden's dcm2niiX version v1.0.20211006  GCC10.2.1 x86-64 (64-bit Linux)
INFO: stdout 2022-10-12T23:40:04.776412:Found 60 DICOM file(s)
INFO: stdout 2022-10-12T23:40:04.776412:Warning: Slice timing appears corrupted (range 0..5360, TR=4000 ms)
INFO: stdout 2022-10-12T23:40:04.776412:Convert 60 DICOM as /out/sub-voice956/ses-2/func/sub-voice956_ses-2_task-vowel_run-1_bold_heudiconv376 (108x108x65x60)
INFO: stdout 2022-10-12T23:40:10.027757:Compress: "/usr/bin/pigz" -b 960 -n -f -6 "/out/sub-voice956/ses-2/func/sub-voice956_ses-2_task-vowel_run-1_bold_heudiconv376.nii"
INFO: stdout 2022-10-12T23:40:10.027757:Conversion required 6.221274 seconds (0.241039 for core code).
INFO: [Node] Finished "convert", elapsed time 6.267106s.
INFO: Post-treating /out/sub-voice956/ses-2/func/sub-voice956_ses-2_task-vowel_run-1_bold.json file
INFO: Converting /out/sub-voice956/ses-2/func/sub-voice956_ses-2_task-vowel_run-2_bold (60 DICOMs) -> /out/sub-voice956/ses-2/func . Converter: dcm2niix . Output types: ('nii.gz',)
INFO: [Node] Setting-up "convert" in "/tmp/dcm2niix3g6hqcsg/convert".
INFO: [Node] Executing "convert" <nipype.interfaces.dcm2nii.Dcm2niix>
INFO: stdout 2022-10-12T23:40:11.134370:Chris Rorden's dcm2niiX version v1.0.20211006  GCC10.2.1 x86-64 (64-bit Linux)
INFO: stdout 2022-10-12T23:40:11.134370:Found 60 DICOM file(s)
INFO: stdout 2022-10-12T23:40:11.134370:Warning: Slice timing appears corrupted (range 0..5360, TR=4000 ms)
INFO: stdout 2022-10-12T23:40:11.134370:Convert 60 DICOM as /out/sub-voice956/ses-2/func/sub-voice956_ses-2_task-vowel_run-2_bold_heudiconv740 (108x108x65x60)
INFO: stdout 2022-10-12T23:40:16.168223:Compress: "/usr/bin/pigz" -b 960 -n -f -6 "/out/sub-voice956/ses-2/func/sub-voice956_ses-2_task-vowel_run-2_bold_heudiconv740.nii"
INFO: stdout 2022-10-12T23:40:16.168223:Conversion required 5.371321 seconds (0.171809 for core code).
INFO: [Node] Finished "convert", elapsed time 5.422607s.
INFO: Post-treating /out/sub-voice956/ses-2/func/sub-voice956_ses-2_task-vowel_run-2_bold.json file
INFO: Converting /out/sub-voice956/ses-2/func/sub-voice956_ses-2_task-pitchnw_run-1_bold (101 DICOMs) -> /out/sub-voice956/ses-2/func . Converter: dcm2niix . Output types: ('nii.gz',)
INFO: [Node] Setting-up "convert" in "/tmp/dcm2niixt136j4r2/convert".
INFO: [Node] Executing "convert" <nipype.interfaces.dcm2nii.Dcm2niix>
INFO: stdout 2022-10-12T23:40:17.664089:Chris Rorden's dcm2niiX version v1.0.20211006  GCC10.2.1 x86-64 (64-bit Linux)
INFO: stdout 2022-10-12T23:40:17.664089:Found 101 DICOM file(s)
INFO: stdout 2022-10-12T23:40:17.664089:Warning: Slice timing appears corrupted (range 0..5360, TR=2000 ms)
INFO: stdout 2022-10-12T23:40:17.664089:Convert 101 DICOM as /out/sub-voice956/ses-2/func/sub-voice956_ses-2_task-pitchnw_run-1_bold_heudiconv169 (108x108x65x101)
INFO: stdout 2022-10-12T23:40:26.394661:Compress: "/usr/bin/pigz" -b 960 -n -f -6 "/out/sub-voice956/ses-2/func/sub-voice956_ses-2_task-pitchnw_run-1_bold_heudiconv169.nii"
INFO: stdout 2022-10-12T23:40:26.394661:Conversion required 9.653284 seconds (0.365722 for core code).
INFO: [Node] Finished "convert", elapsed time 9.70111s.
INFO: Post-treating /out/sub-voice956/ses-2/func/sub-voice956_ses-2_task-pitchnw_run-1_bold.json file
INFO: Converting /out/sub-voice956/ses-2/func/sub-voice956_ses-2_task-pitchnw_run-2_bold (101 DICOMs) -> /out/sub-voice956/ses-2/func . Converter: dcm2niix . Output types: ('nii.gz',)
INFO: [Node] Setting-up "convert" in "/tmp/dcm2niixn75wgglb/convert".
INFO: [Node] Executing "convert" <nipype.interfaces.dcm2nii.Dcm2niix>
INFO: stdout 2022-10-12T23:40:28.947111:Chris Rorden's dcm2niiX version v1.0.20211006  GCC10.2.1 x86-64 (64-bit Linux)
INFO: stdout 2022-10-12T23:40:28.947111:Found 101 DICOM file(s)
INFO: stdout 2022-10-12T23:40:28.947111:Warning: Slice timing appears corrupted (range 0..5360, TR=2000 ms)
INFO: stdout 2022-10-12T23:40:28.947111:Convert 101 DICOM as /out/sub-voice956/ses-2/func/sub-voice956_ses-2_task-pitchnw_run-2_bold_heudiconv939 (108x108x65x101)
INFO: stdout 2022-10-12T23:40:38.984039:Compress: "/usr/bin/pigz" -b 960 -n -f -6 "/out/sub-voice956/ses-2/func/sub-voice956_ses-2_task-pitchnw_run-2_bold_heudiconv939.nii"
INFO: stdout 2022-10-12T23:40:38.984039:Conversion required 11.774243 seconds (0.376074 for core code).
INFO: [Node] Finished "convert", elapsed time 11.825864s.
INFO: Post-treating /out/sub-voice956/ses-2/func/sub-voice956_ses-2_task-pitchnw_run-2_bold.json file
INFO: Converting /out/sub-voice956/ses-2/func/sub-voice956_ses-2_task-movie_run-1_bold (138 DICOMs) -> /out/sub-voice956/ses-2/func . Converter: dcm2niix . Output types: ('nii.gz',)
INFO: [Node] Setting-up "convert" in "/tmp/dcm2niix1weeaxgw/convert".
INFO: [Node] Executing "convert" <nipype.interfaces.dcm2nii.Dcm2niix>
INFO: stdout 2022-10-12T23:40:41.455365:Chris Rorden's dcm2niiX version v1.0.20211006  GCC10.2.1 x86-64 (64-bit Linux)
INFO: stdout 2022-10-12T23:40:41.455365:Found 138 DICOM file(s)
INFO: stdout 2022-10-12T23:40:41.455365:Warning: Slice timing appears corrupted (range 0..5360, TR=1090 ms)
INFO: stdout 2022-10-12T23:40:41.455365:Convert 138 DICOM as /out/sub-voice956/ses-2/func/sub-voice956_ses-2_task-movie_run-1_bold_heudiconv334 (108x108x65x138)
INFO: stdout 2022-10-12T23:40:52.860065:Compress: "/usr/bin/pigz" -b 960 -n -f -6 "/out/sub-voice956/ses-2/func/sub-voice956_ses-2_task-movie_run-1_bold_heudiconv334.nii"
INFO: stdout 2022-10-12T23:40:52.860065:Conversion required 12.363761 seconds (0.393567 for core code).
INFO: [Node] Finished "convert", elapsed time 12.41705s.
INFO: Post-treating /out/sub-voice956/ses-2/func/sub-voice956_ses-2_task-movie_run-1_bold.json file
INFO: Populating template files under /out/
INFO: PROCESSING DONE: {'subject': 'voice956', 'outdir': '/out/', 'session': '2'}
