INFO: Running heudiconv version 0.11.3+d20220512 latest 0.11.4
INFO: Need to process 1 study sessions
INFO: PROCESSING STARTS: {'subject': 'voice859', 'outdir': '/out/', 'session': '1'}
INFO: Processing 5267 dicoms
INFO: Analyzing 5267 dicoms
INFO: Generated sequence info for 50 accession numbers with 5267 entries total
INFO: Doing conversion using dcm2niix
INFO: Converting /out/sub-voice859/ses-1/func/sub-voice859_ses-1_task-rest_run-1_bold (298 DICOMs) -> /out/sub-voice859/ses-1/func . Converter: dcm2niix . Output types: ('nii.gz',)
WARNING: A newer version (1.8.4) of nipy/nipype is available. You are using 1.8.0
INFO: [Node] Setting-up "convert" in "/tmp/dcm2niixjzatohie/convert".
INFO: [Node] Executing "convert" <nipype.interfaces.dcm2nii.Dcm2niix>
INFO: stdout 2022-10-12T23:43:49.767740:Chris Rorden's dcm2niiX version v1.0.20211006  GCC10.2.1 x86-64 (64-bit Linux)
INFO: stdout 2022-10-12T23:43:49.767740:Found 298 DICOM file(s)
INFO: stdout 2022-10-12T23:43:49.767740:Warning: Slice timing appears corrupted (range 0..5357.5, TR=1090 ms)
INFO: stdout 2022-10-12T23:43:49.767740:Convert 298 DICOM as /out/sub-voice859/ses-1/func/sub-voice859_ses-1_task-rest_run-1_bold_heudiconv568 (108x108x65x298)
INFO: stdout 2022-10-12T23:44:21.776801:Compress: "/usr/bin/pigz" -b 960 -n -f -6 "/out/sub-voice859/ses-1/func/sub-voice859_ses-1_task-rest_run-1_bold_heudiconv568.nii"
INFO: stdout 2022-10-12T23:44:21.776801:Conversion required 55.806098 seconds (0.952997 for core code).
INFO: [Node] Finished "convert", elapsed time 55.921181s.
INFO: Post-treating /out/sub-voice859/ses-1/func/sub-voice859_ses-1_task-rest_run-1_bold.json file
INFO: Converting /out/sub-voice859/ses-1/fmap/sub-voice859_ses-1_acq-func_dir-PA_run-1_epi (260 DICOMs) -> /out/sub-voice859/ses-1/fmap . Converter: dcm2niix . Output types: ('nii.gz',)
INFO: [Node] Setting-up "convert" in "/tmp/dcm2niixx6nzjdib/convert".
INFO: [Node] Executing "convert" <nipype.interfaces.dcm2nii.Dcm2niix>
INFO: stdout 2022-10-12T23:45:00.367380:Chris Rorden's dcm2niiX version v1.0.20211006  GCC10.2.1 x86-64 (64-bit Linux)
INFO: stdout 2022-10-12T23:45:00.367380:Found 260 DICOM file(s)
INFO: stdout 2022-10-12T23:45:00.367380:Convert 260 DICOM as /out/sub-voice859/ses-1/fmap/sub-voice859_ses-1_acq-func_dir-PA_run-1_epi_heudiconv677 (108x108x65x4)
INFO: stdout 2022-10-12T23:45:01.787897:Compress: "/usr/bin/pigz" -b 960 -n -f -6 "/out/sub-voice859/ses-1/fmap/sub-voice859_ses-1_acq-func_dir-PA_run-1_epi_heudiconv677.nii"
INFO: stdout 2022-10-12T23:45:01.787897:Conversion required 17.468242 seconds (0.159875 for core code).
INFO: [Node] Finished "convert", elapsed time 17.601415s.
WARNING: Failed to find task field in /out/sub-voice859/ses-1/fmap/sub-voice859_ses-1_acq-func_dir-PA_run-1_epi.json.
INFO: Post-treating /out/sub-voice859/ses-1/fmap/sub-voice859_ses-1_acq-func_dir-PA_run-1_epi.json file
INFO: Converting /out/sub-voice859/ses-1/fmap/sub-voice859_ses-1_acq-func_dir-AP_run-2_epi (260 DICOMs) -> /out/sub-voice859/ses-1/fmap . Converter: dcm2niix . Output types: ('nii.gz',)
INFO: [Node] Setting-up "convert" in "/tmp/dcm2niixztz2q0at/convert".
INFO: [Node] Executing "convert" <nipype.interfaces.dcm2nii.Dcm2niix>
INFO: stdout 2022-10-12T23:45:13.233069:Chris Rorden's dcm2niiX version v1.0.20211006  GCC10.2.1 x86-64 (64-bit Linux)
INFO: stdout 2022-10-12T23:45:13.233069:Found 260 DICOM file(s)
INFO: stdout 2022-10-12T23:45:13.233069:Convert 260 DICOM as /out/sub-voice859/ses-1/fmap/sub-voice859_ses-1_acq-func_dir-AP_run-2_epi_heudiconv792 (108x108x65x4)
INFO: stdout 2022-10-12T23:45:15.211356:Compress: "/usr/bin/pigz" -b 960 -n -f -6 "/out/sub-voice859/ses-1/fmap/sub-voice859_ses-1_acq-func_dir-AP_run-2_epi_heudiconv792.nii"
INFO: stdout 2022-10-12T23:45:15.211356:Conversion required 10.225697 seconds (0.165667 for core code).
INFO: [Node] Finished "convert", elapsed time 10.671496s.
WARNING: Failed to find task field in /out/sub-voice859/ses-1/fmap/sub-voice859_ses-1_acq-func_dir-AP_run-2_epi.json.
INFO: Post-treating /out/sub-voice859/ses-1/fmap/sub-voice859_ses-1_acq-func_dir-AP_run-2_epi.json file
INFO: Converting /out/sub-voice859/ses-1/dwi/sub-voice859_ses-1_acq-PA_dwi (72 DICOMs) -> /out/sub-voice859/ses-1/dwi . Converter: dcm2niix . Output types: ('nii.gz',)
INFO: [Node] Setting-up "convert" in "/tmp/dcm2niix5wkjz81_/convert".
INFO: [Node] Executing "convert" <nipype.interfaces.dcm2nii.Dcm2niix>
INFO: stdout 2022-10-12T23:45:19.007720:Chris Rorden's dcm2niiX version v1.0.20211006  GCC10.2.1 x86-64 (64-bit Linux)
INFO: stdout 2022-10-12T23:45:19.007720:Found 72 DICOM file(s)
INFO: stdout 2022-10-12T23:45:19.007720:Warning: Slice timing appears corrupted (range 0..8.63999e+07, TR=4400 ms)
INFO: stdout 2022-10-12T23:45:19.007720:Convert 72 DICOM as /out/sub-voice859/ses-1/dwi/sub-voice859_ses-1_acq-PA_dwi_heudiconv075 (120x120x66x72)
INFO: stdout 2022-10-12T23:45:30.102344:Compress: "/usr/bin/pigz" -b 960 -n -f -6 "/out/sub-voice859/ses-1/dwi/sub-voice859_ses-1_acq-PA_dwi_heudiconv075.nii"
INFO: stdout 2022-10-12T23:45:30.102344:Conversion required 14.348088 seconds (0.276727 for core code).
INFO: [Node] Finished "convert", elapsed time 14.485528s.
WARNING: Failed to find task field in /out/sub-voice859/ses-1/dwi/sub-voice859_ses-1_acq-PA_dwi.json.
INFO: Post-treating /out/sub-voice859/ses-1/dwi/sub-voice859_ses-1_acq-PA_dwi.json file
INFO: Converting /out/sub-voice859/ses-1/dwi/sub-voice859_ses-1_acq-AP_dwi (7 DICOMs) -> /out/sub-voice859/ses-1/dwi . Converter: dcm2niix . Output types: ('nii.gz',)
INFO: [Node] Setting-up "convert" in "/tmp/dcm2niix9e7ji0xq/convert".
INFO: [Node] Executing "convert" <nipype.interfaces.dcm2nii.Dcm2niix>
INFO: stdout 2022-10-12T23:45:39.020801:Chris Rorden's dcm2niiX version v1.0.20211006  GCC10.2.1 x86-64 (64-bit Linux)
INFO: stdout 2022-10-12T23:45:39.020801:Found 7 DICOM file(s)
INFO: stdout 2022-10-12T23:45:39.020801:Warning: Slice timing appears corrupted (range 0..8.63999e+07, TR=4400 ms)
INFO: stdout 2022-10-12T23:45:39.020801:Convert 7 DICOM as /out/sub-voice859/ses-1/dwi/sub-voice859_ses-1_acq-AP_dwi_heudiconv798 (120x120x66x7)
INFO: stdout 2022-10-12T23:45:41.264851:Compress: "/usr/bin/pigz" -b 960 -n -f -6 "/out/sub-voice859/ses-1/dwi/sub-voice859_ses-1_acq-AP_dwi_heudiconv798.nii"
INFO: stdout 2022-10-12T23:45:41.264851:Conversion required 7.671993 seconds (0.042201 for core code).
INFO: [Node] Finished "convert", elapsed time 8.206804s.
WARNING: Failed to find task field in /out/sub-voice859/ses-1/dwi/sub-voice859_ses-1_acq-AP_dwi.json.
INFO: Post-treating /out/sub-voice859/ses-1/dwi/sub-voice859_ses-1_acq-AP_dwi.json file
INFO: Converting /out/sub-voice859/ses-1/anat/sub-voice859_ses-1_run-1_T1w (176 DICOMs) -> /out/sub-voice859/ses-1/anat . Converter: dcm2niix . Output types: ('nii.gz',)
INFO: [Node] Setting-up "convert" in "/tmp/dcm2niixdycq7h5a/convert".
INFO: [Node] Executing "convert" <nipype.interfaces.dcm2nii.Dcm2niix>
INFO: stdout 2022-10-12T23:45:54.082139:Chris Rorden's dcm2niiX version v1.0.20211006  GCC10.2.1 x86-64 (64-bit Linux)
INFO: stdout 2022-10-12T23:45:54.082139:Found 176 DICOM file(s)
INFO: stdout 2022-10-12T23:45:54.082139:Convert 176 DICOM as /out/sub-voice859/ses-1/anat/sub-voice859_ses-1_run-1_T1w_heudiconv706 (256x256x176x1)
INFO: stdout 2022-10-12T23:45:56.389732:Compress: "/usr/bin/pigz" -b 960 -n -f -6 "/out/sub-voice859/ses-1/anat/sub-voice859_ses-1_run-1_T1w_heudiconv706.nii"
INFO: stdout 2022-10-12T23:45:56.389732:Conversion required 12.377012 seconds (0.336894 for core code).
INFO: [Node] Finished "convert", elapsed time 12.48484s.
WARNING: Failed to find task field in /out/sub-voice859/ses-1/anat/sub-voice859_ses-1_run-1_T1w.json.
INFO: Post-treating /out/sub-voice859/ses-1/anat/sub-voice859_ses-1_run-1_T1w.json file
INFO: Converting /out/sub-voice859/ses-1/anat/sub-voice859_ses-1_T2w (176 DICOMs) -> /out/sub-voice859/ses-1/anat . Converter: dcm2niix . Output types: ('nii.gz',)
INFO: [Node] Setting-up "convert" in "/tmp/dcm2niix8slf7ogn/convert".
INFO: [Node] Executing "convert" <nipype.interfaces.dcm2nii.Dcm2niix>
INFO: stdout 2022-10-12T23:45:59.949238:Chris Rorden's dcm2niiX version v1.0.20211006  GCC10.2.1 x86-64 (64-bit Linux)
INFO: stdout 2022-10-12T23:45:59.949238:Found 176 DICOM file(s)
INFO: stdout 2022-10-12T23:45:59.949238:Convert 176 DICOM as /out/sub-voice859/ses-1/anat/sub-voice859_ses-1_T2w_heudiconv939 (256x256x176x1)
INFO: stdout 2022-10-12T23:46:02.006290:Compress: "/usr/bin/pigz" -b 960 -n -f -6 "/out/sub-voice859/ses-1/anat/sub-voice859_ses-1_T2w_heudiconv939.nii"
INFO: stdout 2022-10-12T23:46:02.006290:Conversion required 3.162790 seconds (0.342073 for core code).
INFO: [Node] Finished "convert", elapsed time 3.217747s.
WARNING: Failed to find task field in /out/sub-voice859/ses-1/anat/sub-voice859_ses-1_T2w.json.
INFO: Post-treating /out/sub-voice859/ses-1/anat/sub-voice859_ses-1_T2w.json file
INFO: Converting /out/sub-voice859/ses-1/func/sub-voice859_ses-1_task-pataka_run-1_bold (207 DICOMs) -> /out/sub-voice859/ses-1/func . Converter: dcm2niix . Output types: ('nii.gz',)
INFO: [Node] Setting-up "convert" in "/tmp/dcm2niix71t82kub/convert".
INFO: [Node] Executing "convert" <nipype.interfaces.dcm2nii.Dcm2niix>
INFO: stdout 2022-10-12T23:46:05.409807:Chris Rorden's dcm2niiX version v1.0.20211006  GCC10.2.1 x86-64 (64-bit Linux)
INFO: stdout 2022-10-12T23:46:05.409807:Found 207 DICOM file(s)
INFO: stdout 2022-10-12T23:46:05.409807:Warning: Slice timing appears corrupted (range 0..3135, TR=1640 ms)
INFO: stdout 2022-10-12T23:46:05.409807:Convert 207 DICOM as /out/sub-voice859/ses-1/func/sub-voice859_ses-1_task-pataka_run-1_bold_heudiconv062 (72x72x45x207)
INFO: stdout 2022-10-12T23:46:11.364787:Compress: "/usr/bin/pigz" -b 960 -n -f -6 "/out/sub-voice859/ses-1/func/sub-voice859_ses-1_task-pataka_run-1_bold_heudiconv062.nii"
INFO: stdout 2022-10-12T23:46:11.364787:Conversion required 8.705939 seconds (0.255748 for core code).
INFO: [Node] Finished "convert", elapsed time 9.144622s.
INFO: Post-treating /out/sub-voice859/ses-1/func/sub-voice859_ses-1_task-pataka_run-1_bold.json file
INFO: Converting /out/sub-voice859/ses-1/func/sub-voice859_ses-1_task-pataka_run-2_bold (207 DICOMs) -> /out/sub-voice859/ses-1/func . Converter: dcm2niix . Output types: ('nii.gz',)
INFO: [Node] Setting-up "convert" in "/tmp/dcm2niixv05b36xj/convert".
INFO: [Node] Executing "convert" <nipype.interfaces.dcm2nii.Dcm2niix>
INFO: stdout 2022-10-12T23:46:26.119583:Chris Rorden's dcm2niiX version v1.0.20211006  GCC10.2.1 x86-64 (64-bit Linux)
INFO: stdout 2022-10-12T23:46:26.119583:Found 207 DICOM file(s)
INFO: stdout 2022-10-12T23:46:26.119583:Warning: Slice timing appears corrupted (range 0..3137.5, TR=1640 ms)
INFO: stdout 2022-10-12T23:46:26.119583:Convert 207 DICOM as /out/sub-voice859/ses-1/func/sub-voice859_ses-1_task-pataka_run-2_bold_heudiconv590 (72x72x45x207)
INFO: stdout 2022-10-12T23:46:32.316277:Compress: "/usr/bin/pigz" -b 960 -n -f -6 "/out/sub-voice859/ses-1/func/sub-voice859_ses-1_task-pataka_run-2_bold_heudiconv590.nii"
INFO: stdout 2022-10-12T23:46:32.316277:Conversion required 19.672877 seconds (0.244533 for core code).
INFO: [Node] Finished "convert", elapsed time 19.71941s.
INFO: Post-treating /out/sub-voice859/ses-1/func/sub-voice859_ses-1_task-pataka_run-2_bold.json file
INFO: Converting /out/sub-voice859/ses-1/func/sub-voice859_ses-1_task-pitchsent_run-1_bold (64 DICOMs) -> /out/sub-voice859/ses-1/func . Converter: dcm2niix . Output types: ('nii.gz',)
INFO: [Node] Setting-up "convert" in "/tmp/dcm2niixcdxsndtm/convert".
INFO: [Node] Executing "convert" <nipype.interfaces.dcm2nii.Dcm2niix>
INFO: stdout 2022-10-12T23:46:34.427823:Chris Rorden's dcm2niiX version v1.0.20211006  GCC10.2.1 x86-64 (64-bit Linux)
INFO: stdout 2022-10-12T23:46:34.427823:Found 64 DICOM file(s)
INFO: stdout 2022-10-12T23:46:34.427823:Warning: Slice timing appears corrupted (range 0..5360, TR=4000 ms)
INFO: stdout 2022-10-12T23:46:34.427823:Convert 64 DICOM as /out/sub-voice859/ses-1/func/sub-voice859_ses-1_task-pitchsent_run-1_bold_heudiconv149 (108x108x65x64)
INFO: stdout 2022-10-12T23:46:40.296366:Compress: "/usr/bin/pigz" -b 960 -n -f -6 "/out/sub-voice859/ses-1/func/sub-voice859_ses-1_task-pitchsent_run-1_bold_heudiconv149.nii"
INFO: stdout 2022-10-12T23:46:40.296366:Conversion required 7.187656 seconds (0.170626 for core code).
INFO: [Node] Finished "convert", elapsed time 7.452239s.
INFO: Post-treating /out/sub-voice859/ses-1/func/sub-voice859_ses-1_task-pitchsent_run-1_bold.json file
INFO: Converting /out/sub-voice859/ses-1/func/sub-voice859_ses-1_task-pitchsent_run-2_bold (64 DICOMs) -> /out/sub-voice859/ses-1/func . Converter: dcm2niix . Output types: ('nii.gz',)
INFO: [Node] Setting-up "convert" in "/tmp/dcm2niix9zy0ft2a/convert".
INFO: [Node] Executing "convert" <nipype.interfaces.dcm2nii.Dcm2niix>
INFO: stdout 2022-10-12T23:46:42.525758:Chris Rorden's dcm2niiX version v1.0.20211006  GCC10.2.1 x86-64 (64-bit Linux)
INFO: stdout 2022-10-12T23:46:42.525758:Found 64 DICOM file(s)
INFO: stdout 2022-10-12T23:46:42.525758:Warning: Slice timing appears corrupted (range 0..5357.5, TR=4000 ms)
INFO: stdout 2022-10-12T23:46:42.525758:Convert 64 DICOM as /out/sub-voice859/ses-1/func/sub-voice859_ses-1_task-pitchsent_run-2_bold_heudiconv652 (108x108x65x64)
INFO: stdout 2022-10-12T23:46:54.444292:Compress: "/usr/bin/pigz" -b 960 -n -f -6 "/out/sub-voice859/ses-1/func/sub-voice859_ses-1_task-pitchsent_run-2_bold_heudiconv652.nii"
INFO: stdout 2022-10-12T23:46:54.444292:Conversion required 13.248645 seconds (0.196759 for core code).
INFO: [Node] Finished "convert", elapsed time 14.787897s.
INFO: Post-treating /out/sub-voice859/ses-1/func/sub-voice859_ses-1_task-pitchsent_run-2_bold.json file
INFO: Converting /out/sub-voice859/ses-1/func/sub-voice859_ses-1_task-nwr_run-1_bold (42 DICOMs) -> /out/sub-voice859/ses-1/func . Converter: dcm2niix . Output types: ('nii.gz',)
INFO: [Node] Setting-up "convert" in "/tmp/dcm2niix3aw4_v0z/convert".
INFO: [Node] Executing "convert" <nipype.interfaces.dcm2nii.Dcm2niix>
INFO: stdout 2022-10-12T23:47:06.991789:Chris Rorden's dcm2niiX version v1.0.20211006  GCC10.2.1 x86-64 (64-bit Linux)
INFO: stdout 2022-10-12T23:47:06.991789:Found 42 DICOM file(s)
INFO: stdout 2022-10-12T23:47:06.991789:Warning: Slice timing appears corrupted (range 0..5360, TR=4000 ms)
INFO: stdout 2022-10-12T23:47:06.991789:Convert 42 DICOM as /out/sub-voice859/ses-1/func/sub-voice859_ses-1_task-nwr_run-1_bold_heudiconv823 (108x108x65x42)
INFO: stdout 2022-10-12T23:47:12.380617:Compress: "/usr/bin/pigz" -b 960 -n -f -6 "/out/sub-voice859/ses-1/func/sub-voice859_ses-1_task-nwr_run-1_bold_heudiconv823.nii"
INFO: stdout 2022-10-12T23:47:12.380617:Conversion required 6.516789 seconds (0.119883 for core code).
INFO: [Node] Finished "convert", elapsed time 6.60028s.
INFO: Post-treating /out/sub-voice859/ses-1/func/sub-voice859_ses-1_task-nwr_run-1_bold.json file
INFO: Converting /out/sub-voice859/ses-1/func/sub-voice859_ses-1_task-nwr_run-2_bold (42 DICOMs) -> /out/sub-voice859/ses-1/func . Converter: dcm2niix . Output types: ('nii.gz',)
INFO: [Node] Setting-up "convert" in "/tmp/dcm2niixvpsw7bck/convert".
INFO: [Node] Executing "convert" <nipype.interfaces.dcm2nii.Dcm2niix>
INFO: stdout 2022-10-12T23:47:14.112167:Chris Rorden's dcm2niiX version v1.0.20211006  GCC10.2.1 x86-64 (64-bit Linux)
INFO: stdout 2022-10-12T23:47:14.112167:Found 42 DICOM file(s)
INFO: stdout 2022-10-12T23:47:14.112167:Warning: Slice timing appears corrupted (range 0..5360, TR=4000 ms)
INFO: stdout 2022-10-12T23:47:14.112167:Convert 42 DICOM as /out/sub-voice859/ses-1/func/sub-voice859_ses-1_task-nwr_run-2_bold_heudiconv557 (108x108x65x42)
INFO: stdout 2022-10-12T23:47:20.921258:Compress: "/usr/bin/pigz" -b 960 -n -f -6 "/out/sub-voice859/ses-1/func/sub-voice859_ses-1_task-nwr_run-2_bold_heudiconv557.nii"
INFO: stdout 2022-10-12T23:47:20.921258:Conversion required 7.308140 seconds (0.120330 for core code).
INFO: [Node] Finished "convert", elapsed time 9.835592s.
INFO: Post-treating /out/sub-voice859/ses-1/func/sub-voice859_ses-1_task-nwr_run-2_bold.json file
INFO: Converting /out/sub-voice859/ses-1/func/sub-voice859_ses-1_task-nwr_run-3_bold (42 DICOMs) -> /out/sub-voice859/ses-1/func . Converter: dcm2niix . Output types: ('nii.gz',)
INFO: [Node] Setting-up "convert" in "/tmp/dcm2niixrmkjhnz6/convert".
INFO: [Node] Executing "convert" <nipype.interfaces.dcm2nii.Dcm2niix>
INFO: stdout 2022-10-12T23:47:24.961717:Chris Rorden's dcm2niiX version v1.0.20211006  GCC10.2.1 x86-64 (64-bit Linux)
INFO: stdout 2022-10-12T23:47:24.961717:Found 42 DICOM file(s)
INFO: stdout 2022-10-12T23:47:24.961717:Warning: Slice timing appears corrupted (range 0..5360, TR=4000 ms)
INFO: stdout 2022-10-12T23:47:24.961717:Convert 42 DICOM as /out/sub-voice859/ses-1/func/sub-voice859_ses-1_task-nwr_run-3_bold_heudiconv700 (108x108x65x42)
INFO: stdout 2022-10-12T23:47:28.661006:Compress: "/usr/bin/pigz" -b 960 -n -f -6 "/out/sub-voice859/ses-1/func/sub-voice859_ses-1_task-nwr_run-3_bold_heudiconv700.nii"
INFO: stdout 2022-10-12T23:47:28.661006:Conversion required 4.325285 seconds (0.137558 for core code).
INFO: [Node] Finished "convert", elapsed time 4.617503s.
INFO: Post-treating /out/sub-voice859/ses-1/func/sub-voice859_ses-1_task-nwr_run-3_bold.json file
INFO: Converting /out/sub-voice859/ses-1/func/sub-voice859_ses-1_task-facematch_run-1_bold (99 DICOMs) -> /out/sub-voice859/ses-1/func . Converter: dcm2niix . Output types: ('nii.gz',)
INFO: [Node] Setting-up "convert" in "/tmp/dcm2niix_m7mzmkb/convert".
INFO: [Node] Executing "convert" <nipype.interfaces.dcm2nii.Dcm2niix>
INFO: stdout 2022-10-12T23:47:34.421127:Chris Rorden's dcm2niiX version v1.0.20211006  GCC10.2.1 x86-64 (64-bit Linux)
INFO: stdout 2022-10-12T23:47:34.421127:Found 99 DICOM file(s)
INFO: stdout 2022-10-12T23:47:34.421127:Warning: Slice timing appears corrupted (range 0..5360, TR=2000 ms)
INFO: stdout 2022-10-12T23:47:34.421127:Convert 99 DICOM as /out/sub-voice859/ses-1/func/sub-voice859_ses-1_task-facematch_run-1_bold_heudiconv976 (108x108x65x99)
INFO: stdout 2022-10-12T23:47:45.958215:Compress: "/usr/bin/pigz" -b 960 -n -f -6 "/out/sub-voice859/ses-1/func/sub-voice859_ses-1_task-facematch_run-1_bold_heudiconv976.nii"
INFO: stdout 2022-10-12T23:47:45.958215:Conversion required 15.435322 seconds (0.299327 for core code).
INFO: [Node] Finished "convert", elapsed time 15.526566s.
INFO: Post-treating /out/sub-voice859/ses-1/func/sub-voice859_ses-1_task-facematch_run-1_bold.json file
INFO: Converting /out/sub-voice859/ses-1/func/sub-voice859_ses-1_task-facematch_run-2_bold (99 DICOMs) -> /out/sub-voice859/ses-1/func . Converter: dcm2niix . Output types: ('nii.gz',)
INFO: [Node] Setting-up "convert" in "/tmp/dcm2niix6mkuge8t/convert".
INFO: [Node] Executing "convert" <nipype.interfaces.dcm2nii.Dcm2niix>
INFO: stdout 2022-10-12T23:47:52.988918:Chris Rorden's dcm2niiX version v1.0.20211006  GCC10.2.1 x86-64 (64-bit Linux)
INFO: stdout 2022-10-12T23:47:52.988918:Found 99 DICOM file(s)
INFO: stdout 2022-10-12T23:47:52.988918:Warning: Slice timing appears corrupted (range 0..5360, TR=2000 ms)
INFO: stdout 2022-10-12T23:47:52.988918:Convert 99 DICOM as /out/sub-voice859/ses-1/func/sub-voice859_ses-1_task-facematch_run-2_bold_heudiconv042 (108x108x65x99)
INFO: stdout 2022-10-12T23:48:03.406797:Compress: "/usr/bin/pigz" -b 960 -n -f -6 "/out/sub-voice859/ses-1/func/sub-voice859_ses-1_task-facematch_run-2_bold_heudiconv042.nii"
INFO: stdout 2022-10-12T23:48:03.406797:Conversion required 14.194030 seconds (0.267705 for core code).
INFO: [Node] Finished "convert", elapsed time 14.254102s.
INFO: Post-treating /out/sub-voice859/ses-1/func/sub-voice859_ses-1_task-facematch_run-2_bold.json file
INFO: Converting /out/sub-voice859/ses-1/func/sub-voice859_ses-1_task-emosent_run-1_bold (48 DICOMs) -> /out/sub-voice859/ses-1/func . Converter: dcm2niix . Output types: ('nii.gz',)
INFO: [Node] Setting-up "convert" in "/tmp/dcm2niixgw1rdtg6/convert".
INFO: [Node] Executing "convert" <nipype.interfaces.dcm2nii.Dcm2niix>
INFO: stdout 2022-10-12T23:48:05.554881:Chris Rorden's dcm2niiX version v1.0.20211006  GCC10.2.1 x86-64 (64-bit Linux)
INFO: stdout 2022-10-12T23:48:05.554881:Found 48 DICOM file(s)
INFO: stdout 2022-10-12T23:48:05.554881:Warning: Slice timing appears corrupted (range 0..5360, TR=4000 ms)
INFO: stdout 2022-10-12T23:48:05.554881:Convert 48 DICOM as /out/sub-voice859/ses-1/func/sub-voice859_ses-1_task-emosent_run-1_bold_heudiconv145 (108x108x65x48)
INFO: stdout 2022-10-12T23:48:12.977477:Compress: "/usr/bin/pigz" -b 960 -n -f -6 "/out/sub-voice859/ses-1/func/sub-voice859_ses-1_task-emosent_run-1_bold_heudiconv145.nii"
INFO: stdout 2022-10-12T23:48:12.977477:Conversion required 8.963415 seconds (0.146805 for core code).
INFO: [Node] Finished "convert", elapsed time 9.044335s.
INFO: Post-treating /out/sub-voice859/ses-1/func/sub-voice859_ses-1_task-emosent_run-1_bold.json file
INFO: Converting /out/sub-voice859/ses-1/func/sub-voice859_ses-1_task-emosent_run-2_bold (48 DICOMs) -> /out/sub-voice859/ses-1/func . Converter: dcm2niix . Output types: ('nii.gz',)
INFO: [Node] Setting-up "convert" in "/tmp/dcm2niixa7hywlo3/convert".
INFO: [Node] Executing "convert" <nipype.interfaces.dcm2nii.Dcm2niix>
INFO: stdout 2022-10-12T23:48:21.552189:Chris Rorden's dcm2niiX version v1.0.20211006  GCC10.2.1 x86-64 (64-bit Linux)
INFO: stdout 2022-10-12T23:48:21.552189:Found 48 DICOM file(s)
INFO: stdout 2022-10-12T23:48:21.552189:Warning: Slice timing appears corrupted (range 0..5360, TR=4000 ms)
INFO: stdout 2022-10-12T23:48:21.552189:Convert 48 DICOM as /out/sub-voice859/ses-1/func/sub-voice859_ses-1_task-emosent_run-2_bold_heudiconv003 (108x108x65x48)
INFO: stdout 2022-10-12T23:48:30.806115:Compress: "/usr/bin/pigz" -b 960 -n -f -6 "/out/sub-voice859/ses-1/func/sub-voice859_ses-1_task-emosent_run-2_bold_heudiconv003.nii"
INFO: stdout 2022-10-12T23:48:30.806115:Conversion required 11.214703 seconds (0.118685 for core code).
INFO: [Node] Finished "convert", elapsed time 12.562471s.
INFO: Post-treating /out/sub-voice859/ses-1/func/sub-voice859_ses-1_task-emosent_run-2_bold.json file
INFO: Converting /out/sub-voice859/ses-1/func/sub-voice859_ses-1_task-vowel_run-1_bold (60 DICOMs) -> /out/sub-voice859/ses-1/func . Converter: dcm2niix . Output types: ('nii.gz',)
INFO: [Node] Setting-up "convert" in "/tmp/dcm2niixkihrikua/convert".
INFO: [Node] Executing "convert" <nipype.interfaces.dcm2nii.Dcm2niix>
INFO: stdout 2022-10-12T23:48:38.722090:Chris Rorden's dcm2niiX version v1.0.20211006  GCC10.2.1 x86-64 (64-bit Linux)
INFO: stdout 2022-10-12T23:48:38.722090:Found 60 DICOM file(s)
INFO: stdout 2022-10-12T23:48:38.722090:Warning: Slice timing appears corrupted (range 0..5357.5, TR=4000 ms)
INFO: stdout 2022-10-12T23:48:38.722090:Convert 60 DICOM as /out/sub-voice859/ses-1/func/sub-voice859_ses-1_task-vowel_run-1_bold_heudiconv197 (108x108x65x60)
INFO: stdout 2022-10-12T23:48:46.823292:Compress: "/usr/bin/pigz" -b 960 -n -f -6 "/out/sub-voice859/ses-1/func/sub-voice859_ses-1_task-vowel_run-1_bold_heudiconv197.nii"
INFO: stdout 2022-10-12T23:48:46.823292:Conversion required 8.951823 seconds (0.232284 for core code).
INFO: [Node] Finished "convert", elapsed time 11.835621s.
INFO: Post-treating /out/sub-voice859/ses-1/func/sub-voice859_ses-1_task-vowel_run-1_bold.json file
INFO: Converting /out/sub-voice859/ses-1/func/sub-voice859_ses-1_task-vowel_run-2_bold (60 DICOMs) -> /out/sub-voice859/ses-1/func . Converter: dcm2niix . Output types: ('nii.gz',)
INFO: [Node] Setting-up "convert" in "/tmp/dcm2niixpheq_xzd/convert".
INFO: [Node] Executing "convert" <nipype.interfaces.dcm2nii.Dcm2niix>
INFO: stdout 2022-10-12T23:48:56.974128:Chris Rorden's dcm2niiX version v1.0.20211006  GCC10.2.1 x86-64 (64-bit Linux)
INFO: stdout 2022-10-12T23:48:56.974128:Found 60 DICOM file(s)
INFO: stdout 2022-10-12T23:48:56.974128:Warning: Slice timing appears corrupted (range 0..5360, TR=4000 ms)
INFO: stdout 2022-10-12T23:48:56.974128:Convert 60 DICOM as /out/sub-voice859/ses-1/func/sub-voice859_ses-1_task-vowel_run-2_bold_heudiconv895 (108x108x65x60)
INFO: stdout 2022-10-12T23:49:10.055359:Compress: "/usr/bin/pigz" -b 960 -n -f -6 "/out/sub-voice859/ses-1/func/sub-voice859_ses-1_task-vowel_run-2_bold_heudiconv895.nii"
INFO: stdout 2022-10-12T23:49:10.055359:Conversion required 19.999508 seconds (0.138304 for core code).
INFO: [Node] Finished "convert", elapsed time 20.611046s.
INFO: Post-treating /out/sub-voice859/ses-1/func/sub-voice859_ses-1_task-vowel_run-2_bold.json file
INFO: Converting /out/sub-voice859/ses-1/func/sub-voice859_ses-1_task-pitchnw_run-1_bold (101 DICOMs) -> /out/sub-voice859/ses-1/func . Converter: dcm2niix . Output types: ('nii.gz',)
INFO: [Node] Setting-up "convert" in "/tmp/dcm2niix7fws8qdk/convert".
INFO: [Node] Executing "convert" <nipype.interfaces.dcm2nii.Dcm2niix>
INFO: stdout 2022-10-12T23:49:12.276642:Chris Rorden's dcm2niiX version v1.0.20211006  GCC10.2.1 x86-64 (64-bit Linux)
INFO: stdout 2022-10-12T23:49:12.276642:Found 101 DICOM file(s)
INFO: stdout 2022-10-12T23:49:12.276642:Warning: Slice timing appears corrupted (range 0..5357.5, TR=2000 ms)
INFO: stdout 2022-10-12T23:49:12.276642:Convert 101 DICOM as /out/sub-voice859/ses-1/func/sub-voice859_ses-1_task-pitchnw_run-1_bold_heudiconv358 (108x108x65x101)
INFO: stdout 2022-10-12T23:49:23.517262:Compress: "/usr/bin/pigz" -b 960 -n -f -6 "/out/sub-voice859/ses-1/func/sub-voice859_ses-1_task-pitchnw_run-1_bold_heudiconv358.nii"
INFO: stdout 2022-10-12T23:49:23.517262:Conversion required 12.286814 seconds (0.318106 for core code).
INFO: [Node] Finished "convert", elapsed time 12.428622s.
INFO: Post-treating /out/sub-voice859/ses-1/func/sub-voice859_ses-1_task-pitchnw_run-1_bold.json file
INFO: Converting /out/sub-voice859/ses-1/func/sub-voice859_ses-1_task-pitchnw_run-2_bold (101 DICOMs) -> /out/sub-voice859/ses-1/func . Converter: dcm2niix . Output types: ('nii.gz',)
INFO: [Node] Setting-up "convert" in "/tmp/dcm2niix2rtlhj4u/convert".
INFO: [Node] Executing "convert" <nipype.interfaces.dcm2nii.Dcm2niix>
INFO: stdout 2022-10-12T23:49:28.830810:Chris Rorden's dcm2niiX version v1.0.20211006  GCC10.2.1 x86-64 (64-bit Linux)
INFO: stdout 2022-10-12T23:49:28.830810:Found 101 DICOM file(s)
INFO: stdout 2022-10-12T23:49:28.830810:Warning: Slice timing appears corrupted (range 0..5357.5, TR=2000 ms)
INFO: stdout 2022-10-12T23:49:28.830810:Convert 101 DICOM as /out/sub-voice859/ses-1/func/sub-voice859_ses-1_task-pitchnw_run-2_bold_heudiconv112 (108x108x65x101)
INFO: stdout 2022-10-12T23:49:48.707220:Compress: "/usr/bin/pigz" -b 960 -n -f -6 "/out/sub-voice859/ses-1/func/sub-voice859_ses-1_task-pitchnw_run-2_bold_heudiconv112.nii"
INFO: stdout 2022-10-12T23:49:48.707220:Conversion required 22.908063 seconds (0.276835 for core code).
INFO: [Node] Finished "convert", elapsed time 23.199761s.
INFO: Post-treating /out/sub-voice859/ses-1/func/sub-voice859_ses-1_task-pitchnw_run-2_bold.json file
INFO: Converting /out/sub-voice859/ses-1/func/sub-voice859_ses-1_task-movie_run-1_bold (138 DICOMs) -> /out/sub-voice859/ses-1/func . Converter: dcm2niix . Output types: ('nii.gz',)
INFO: [Node] Setting-up "convert" in "/tmp/dcm2niix54_8f2wq/convert".
INFO: [Node] Executing "convert" <nipype.interfaces.dcm2nii.Dcm2niix>
INFO: stdout 2022-10-12T23:49:55.450356:Chris Rorden's dcm2niiX version v1.0.20211006  GCC10.2.1 x86-64 (64-bit Linux)
INFO: stdout 2022-10-12T23:49:55.450356:Found 138 DICOM file(s)
INFO: stdout 2022-10-12T23:49:55.450356:Warning: Slice timing appears corrupted (range 0..5360, TR=1090 ms)
INFO: stdout 2022-10-12T23:49:55.450356:Convert 138 DICOM as /out/sub-voice859/ses-1/func/sub-voice859_ses-1_task-movie_run-1_bold_heudiconv508 (108x108x65x138)
INFO: stdout 2022-10-12T23:50:21.976261:Compress: "/usr/bin/pigz" -b 960 -n -f -6 "/out/sub-voice859/ses-1/func/sub-voice859_ses-1_task-movie_run-1_bold_heudiconv508.nii"
INFO: stdout 2022-10-12T23:50:21.976261:Conversion required 29.817992 seconds (0.483559 for core code).
INFO: [Node] Finished "convert", elapsed time 30.936579000000002s.
INFO: Post-treating /out/sub-voice859/ses-1/func/sub-voice859_ses-1_task-movie_run-1_bold.json file
WARNING: Existing lockfile found in /out/heudiconv.lock - waiting for the lock to be released. To set a timeout limit, set the HEUDICONV_FILELOCK_TIMEOUT environmental variable to a value in seconds. If this process hangs, it may require a manual deletion of the /out/heudiconv.lock.
INFO: Populating template files under /out/
INFO: PROCESSING DONE: {'subject': 'voice859', 'outdir': '/out/', 'session': '1'}
