INFO: Running heudiconv version 0.11.3+d20220512 latest 0.11.4
INFO: Need to process 1 study sessions
INFO: PROCESSING STARTS: {'subject': 'voice964', 'outdir': '/out/', 'session': '2'}
INFO: Processing 2108 dicoms
INFO: Analyzing 2108 dicoms
INFO: Generated sequence info for 17 accession numbers with 2108 entries total
INFO: Doing conversion using dcm2niix
INFO: Converting /out/sub-voice964/ses-2/anat/sub-voice964_ses-2_run-1_T1w (176 DICOMs) -> /out/sub-voice964/ses-2/anat . Converter: dcm2niix . Output types: ('nii.gz',)
WARNING: A newer version (1.8.4) of nipy/nipype is available. You are using 1.8.0
INFO: [Node] Setting-up "convert" in "/tmp/dcm2niixk5uy5k4f/convert".
INFO: [Node] Executing "convert" <nipype.interfaces.dcm2nii.Dcm2niix>
INFO: stdout 2022-10-12T23:39:04.224401:Chris Rorden's dcm2niiX version v1.0.20211006  GCC10.2.1 x86-64 (64-bit Linux)
INFO: stdout 2022-10-12T23:39:04.224401:Found 176 DICOM file(s)
INFO: stdout 2022-10-12T23:39:04.224401:Convert 176 DICOM as /out/sub-voice964/ses-2/anat/sub-voice964_ses-2_run-1_T1w_heudiconv018 (256x256x176x1)
INFO: stdout 2022-10-12T23:39:06.065693:Compress: "/usr/bin/pigz" -b 960 -n -f -6 "/out/sub-voice964/ses-2/anat/sub-voice964_ses-2_run-1_T1w_heudiconv018.nii"
INFO: stdout 2022-10-12T23:39:06.065693:Conversion required 3.288067 seconds (0.348090 for core code).
INFO: [Node] Finished "convert", elapsed time 3.342085s.
WARNING: Failed to find task field in /out/sub-voice964/ses-2/anat/sub-voice964_ses-2_run-1_T1w.json.
INFO: Post-treating /out/sub-voice964/ses-2/anat/sub-voice964_ses-2_run-1_T1w.json file
INFO: Converting /out/sub-voice964/ses-2/func/sub-voice964_ses-2_task-pitchsent_run-1_bold (64 DICOMs) -> /out/sub-voice964/ses-2/func . Converter: dcm2niix . Output types: ('nii.gz',)
INFO: [Node] Setting-up "convert" in "/tmp/dcm2niix8ymrug9y/convert".
INFO: [Node] Executing "convert" <nipype.interfaces.dcm2nii.Dcm2niix>
INFO: stdout 2022-10-12T23:39:06.870387:Chris Rorden's dcm2niiX version v1.0.20211006  GCC10.2.1 x86-64 (64-bit Linux)
INFO: stdout 2022-10-12T23:39:06.870387:Found 64 DICOM file(s)
INFO: stdout 2022-10-12T23:39:06.870387:Warning: Slice timing appears corrupted (range 0..5360, TR=4000 ms)
INFO: stdout 2022-10-12T23:39:06.870387:Convert 64 DICOM as /out/sub-voice964/ses-2/func/sub-voice964_ses-2_task-pitchsent_run-1_bold_heudiconv360 (108x108x65x64)
INFO: stdout 2022-10-12T23:39:13.209218:Compress: "/usr/bin/pigz" -b 960 -n -f -6 "/out/sub-voice964/ses-2/func/sub-voice964_ses-2_task-pitchsent_run-1_bold_heudiconv360.nii"
INFO: stdout 2022-10-12T23:39:13.209218:Conversion required 6.866113 seconds (0.218237 for core code).
INFO: [Node] Finished "convert", elapsed time 7.033567s.
INFO: Post-treating /out/sub-voice964/ses-2/func/sub-voice964_ses-2_task-pitchsent_run-1_bold.json file
INFO: Converting /out/sub-voice964/ses-2/func/sub-voice964_ses-2_task-pitchsent_run-2_bold (64 DICOMs) -> /out/sub-voice964/ses-2/func . Converter: dcm2niix . Output types: ('nii.gz',)
INFO: [Node] Setting-up "convert" in "/tmp/dcm2niixt1e1qkxb/convert".
INFO: [Node] Executing "convert" <nipype.interfaces.dcm2nii.Dcm2niix>
INFO: stdout 2022-10-12T23:39:16.490863:Chris Rorden's dcm2niiX version v1.0.20211006  GCC10.2.1 x86-64 (64-bit Linux)
INFO: stdout 2022-10-12T23:39:16.490863:Found 64 DICOM file(s)
INFO: stdout 2022-10-12T23:39:16.490863:Warning: Slice timing appears corrupted (range 0..5360, TR=4000 ms)
INFO: stdout 2022-10-12T23:39:16.490863:Convert 64 DICOM as /out/sub-voice964/ses-2/func/sub-voice964_ses-2_task-pitchsent_run-2_bold_heudiconv963 (108x108x65x64)
INFO: stdout 2022-10-12T23:39:24.438293:Compress: "/usr/bin/pigz" -b 960 -n -f -6 "/out/sub-voice964/ses-2/func/sub-voice964_ses-2_task-pitchsent_run-2_bold_heudiconv963.nii"
INFO: stdout 2022-10-12T23:39:24.438293:Conversion required 9.281211 seconds (0.321694 for core code).
INFO: [Node] Finished "convert", elapsed time 9.374445s.
INFO: Post-treating /out/sub-voice964/ses-2/func/sub-voice964_ses-2_task-pitchsent_run-2_bold.json file
INFO: Converting /out/sub-voice964/ses-2/func/sub-voice964_ses-2_task-facematch_run-1_bold (99 DICOMs) -> /out/sub-voice964/ses-2/func . Converter: dcm2niix . Output types: ('nii.gz',)
INFO: [Node] Setting-up "convert" in "/tmp/dcm2niixcujnxgef/convert".
INFO: [Node] Executing "convert" <nipype.interfaces.dcm2nii.Dcm2niix>
INFO: stdout 2022-10-12T23:39:26.043094:Chris Rorden's dcm2niiX version v1.0.20211006  GCC10.2.1 x86-64 (64-bit Linux)
INFO: stdout 2022-10-12T23:39:26.043094:Found 99 DICOM file(s)
INFO: stdout 2022-10-12T23:39:26.043094:Warning: Slice timing appears corrupted (range 0..5357.5, TR=2000 ms)
INFO: stdout 2022-10-12T23:39:26.043094:Convert 99 DICOM as /out/sub-voice964/ses-2/func/sub-voice964_ses-2_task-facematch_run-1_bold_heudiconv291 (108x108x65x99)
INFO: stdout 2022-10-12T23:39:35.005660:Compress: "/usr/bin/pigz" -b 960 -n -f -6 "/out/sub-voice964/ses-2/func/sub-voice964_ses-2_task-facematch_run-1_bold_heudiconv291.nii"
INFO: stdout 2022-10-12T23:39:35.005660:Conversion required 9.878923 seconds (0.317148 for core code).
INFO: [Node] Finished "convert", elapsed time 9.954694s.
INFO: Post-treating /out/sub-voice964/ses-2/func/sub-voice964_ses-2_task-facematch_run-1_bold.json file
INFO: Converting /out/sub-voice964/ses-2/func/sub-voice964_ses-2_task-facematch_run-2_bold (99 DICOMs) -> /out/sub-voice964/ses-2/func . Converter: dcm2niix . Output types: ('nii.gz',)
INFO: [Node] Setting-up "convert" in "/tmp/dcm2niix9lro9xa2/convert".
INFO: [Node] Executing "convert" <nipype.interfaces.dcm2nii.Dcm2niix>
INFO: stdout 2022-10-12T23:39:38.618395:Chris Rorden's dcm2niiX version v1.0.20211006  GCC10.2.1 x86-64 (64-bit Linux)
INFO: stdout 2022-10-12T23:39:38.618395:Found 99 DICOM file(s)
INFO: stdout 2022-10-12T23:39:38.618395:Warning: Slice timing appears corrupted (range 0..5357.5, TR=2000 ms)
INFO: stdout 2022-10-12T23:39:38.618395:Convert 99 DICOM as /out/sub-voice964/ses-2/func/sub-voice964_ses-2_task-facematch_run-2_bold_heudiconv006 (108x108x65x99)
INFO: stdout 2022-10-12T23:39:48.161240:Compress: "/usr/bin/pigz" -b 960 -n -f -6 "/out/sub-voice964/ses-2/func/sub-voice964_ses-2_task-facematch_run-2_bold_heudiconv006.nii"
INFO: stdout 2022-10-12T23:39:48.161240:Conversion required 11.791099 seconds (0.428789 for core code).
INFO: [Node] Finished "convert", elapsed time 11.909058s.
INFO: Post-treating /out/sub-voice964/ses-2/func/sub-voice964_ses-2_task-facematch_run-2_bold.json file
INFO: Converting /out/sub-voice964/ses-2/func/sub-voice964_ses-2_task-pitchnw_run-1_bold (101 DICOMs) -> /out/sub-voice964/ses-2/func . Converter: dcm2niix . Output types: ('nii.gz',)
INFO: [Node] Setting-up "convert" in "/tmp/dcm2niixm71rge7r/convert".
INFO: [Node] Executing "convert" <nipype.interfaces.dcm2nii.Dcm2niix>
INFO: stdout 2022-10-12T23:39:51.300186:Chris Rorden's dcm2niiX version v1.0.20211006  GCC10.2.1 x86-64 (64-bit Linux)
INFO: stdout 2022-10-12T23:39:51.300186:Found 101 DICOM file(s)
INFO: stdout 2022-10-12T23:39:51.300186:Warning: Slice timing appears corrupted (range 0..5357.5, TR=2000 ms)
INFO: stdout 2022-10-12T23:39:51.300186:Convert 101 DICOM as /out/sub-voice964/ses-2/func/sub-voice964_ses-2_task-pitchnw_run-1_bold_heudiconv996 (108x108x65x101)
INFO: stdout 2022-10-12T23:40:00.701204:Compress: "/usr/bin/pigz" -b 960 -n -f -6 "/out/sub-voice964/ses-2/func/sub-voice964_ses-2_task-pitchnw_run-1_bold_heudiconv996.nii"
INFO: stdout 2022-10-12T23:40:00.701204:Conversion required 10.716485 seconds (0.391605 for core code).
INFO: [Node] Finished "convert", elapsed time 11.047866s.
INFO: Post-treating /out/sub-voice964/ses-2/func/sub-voice964_ses-2_task-pitchnw_run-1_bold.json file
INFO: Converting /out/sub-voice964/ses-2/func/sub-voice964_ses-2_task-pitchnw_run-2_bold (101 DICOMs) -> /out/sub-voice964/ses-2/func . Converter: dcm2niix . Output types: ('nii.gz',)
INFO: [Node] Setting-up "convert" in "/tmp/dcm2niixmfg_jtcc/convert".
INFO: [Node] Executing "convert" <nipype.interfaces.dcm2nii.Dcm2niix>
INFO: stdout 2022-10-12T23:40:02.586345:Chris Rorden's dcm2niiX version v1.0.20211006  GCC10.2.1 x86-64 (64-bit Linux)
INFO: stdout 2022-10-12T23:40:02.586345:Found 101 DICOM file(s)
INFO: stdout 2022-10-12T23:40:02.586345:Warning: Slice timing appears corrupted (range 0..5360, TR=2000 ms)
INFO: stdout 2022-10-12T23:40:02.586345:Convert 101 DICOM as /out/sub-voice964/ses-2/func/sub-voice964_ses-2_task-pitchnw_run-2_bold_heudiconv891 (108x108x65x101)
INFO: stdout 2022-10-12T23:40:12.232914:Compress: "/usr/bin/pigz" -b 960 -n -f -6 "/out/sub-voice964/ses-2/func/sub-voice964_ses-2_task-pitchnw_run-2_bold_heudiconv891.nii"
INFO: stdout 2022-10-12T23:40:12.232914:Conversion required 10.627233 seconds (0.377465 for core code).
INFO: [Node] Finished "convert", elapsed time 10.782814s.
INFO: Post-treating /out/sub-voice964/ses-2/func/sub-voice964_ses-2_task-pitchnw_run-2_bold.json file
INFO: Converting /out/sub-voice964/ses-2/func/sub-voice964_ses-2_task-movie_run-1_bold (138 DICOMs) -> /out/sub-voice964/ses-2/func . Converter: dcm2niix . Output types: ('nii.gz',)
INFO: [Node] Setting-up "convert" in "/tmp/dcm2niixgss7u91d/convert".
INFO: [Node] Executing "convert" <nipype.interfaces.dcm2nii.Dcm2niix>
INFO: stdout 2022-10-12T23:40:14.151583:Chris Rorden's dcm2niiX version v1.0.20211006  GCC10.2.1 x86-64 (64-bit Linux)
INFO: stdout 2022-10-12T23:40:14.151583:Found 138 DICOM file(s)
INFO: stdout 2022-10-12T23:40:14.151583:Warning: Slice timing appears corrupted (range 0..5360, TR=1090 ms)
INFO: stdout 2022-10-12T23:40:14.151583:Convert 138 DICOM as /out/sub-voice964/ses-2/func/sub-voice964_ses-2_task-movie_run-1_bold_heudiconv251 (108x108x65x138)
INFO: stdout 2022-10-12T23:40:30.095963:Compress: "/usr/bin/pigz" -b 960 -n -f -6 "/out/sub-voice964/ses-2/func/sub-voice964_ses-2_task-movie_run-1_bold_heudiconv251.nii"
INFO: stdout 2022-10-12T23:40:30.095963:Conversion required 17.204886 seconds (0.447722 for core code).
INFO: [Node] Finished "convert", elapsed time 17.278129s.
INFO: Post-treating /out/sub-voice964/ses-2/func/sub-voice964_ses-2_task-movie_run-1_bold.json file
INFO: Populating template files under /out/
INFO: PROCESSING DONE: {'subject': 'voice964', 'outdir': '/out/', 'session': '2'}
