INFO: Running heudiconv version 0.11.3+d20220512 latest 0.11.4
INFO: Need to process 1 study sessions
INFO: PROCESSING STARTS: {'subject': 'voice863', 'outdir': '/out/', 'session': '1'}
INFO: Processing 4877 dicoms
INFO: Analyzing 4877 dicoms
INFO: Generated sequence info for 53 accession numbers with 4877 entries total
INFO: Doing conversion using dcm2niix
INFO: Converting /out/sub-voice863/ses-1/func/sub-voice863_ses-1_task-rest_run-1_bold (296 DICOMs) -> /out/sub-voice863/ses-1/func . Converter: dcm2niix . Output types: ('nii.gz',)
WARNING: A newer version (1.8.4) of nipy/nipype is available. You are using 1.8.0
INFO: [Node] Setting-up "convert" in "/tmp/dcm2niixeb6ajs7p/convert".
INFO: [Node] Executing "convert" <nipype.interfaces.dcm2nii.Dcm2niix>
INFO: stdout 2022-10-12T23:31:14.260911:Chris Rorden's dcm2niiX version v1.0.20211006  GCC10.2.1 x86-64 (64-bit Linux)
INFO: stdout 2022-10-12T23:31:14.260911:Found 296 DICOM file(s)
INFO: stdout 2022-10-12T23:31:14.260911:Warning: Slice timing appears corrupted (range 0..5360, TR=1090 ms)
INFO: stdout 2022-10-12T23:31:14.260911:Convert 296 DICOM as /out/sub-voice863/ses-1/func/sub-voice863_ses-1_task-rest_run-1_bold_heudiconv956 (108x108x65x296)
INFO: stdout 2022-10-12T23:31:37.971450:Compress: "/usr/bin/pigz" -b 960 -n -f -6 "/out/sub-voice863/ses-1/func/sub-voice863_ses-1_task-rest_run-1_bold_heudiconv956.nii"
INFO: stdout 2022-10-12T23:31:37.971450:Conversion required 24.634907 seconds (0.531382 for core code).
INFO: [Node] Finished "convert", elapsed time 24.668087s.
INFO: Post-treating /out/sub-voice863/ses-1/func/sub-voice863_ses-1_task-rest_run-1_bold.json file
INFO: Converting /out/sub-voice863/ses-1/fmap/sub-voice863_ses-1_acq-func_dir-PA_run-1_epi (260 DICOMs) -> /out/sub-voice863/ses-1/fmap . Converter: dcm2niix . Output types: ('nii.gz',)
INFO: [Node] Setting-up "convert" in "/tmp/dcm2niix4k2zmw7n/convert".
INFO: [Node] Executing "convert" <nipype.interfaces.dcm2nii.Dcm2niix>
INFO: stdout 2022-10-12T23:31:39.251106:Chris Rorden's dcm2niiX version v1.0.20211006  GCC10.2.1 x86-64 (64-bit Linux)
INFO: stdout 2022-10-12T23:31:39.251106:Found 260 DICOM file(s)
INFO: stdout 2022-10-12T23:31:39.251106:Convert 260 DICOM as /out/sub-voice863/ses-1/fmap/sub-voice863_ses-1_acq-func_dir-PA_run-1_epi_heudiconv911 (108x108x65x4)
INFO: stdout 2022-10-12T23:31:39.690660:Compress: "/usr/bin/pigz" -b 960 -n -f -6 "/out/sub-voice863/ses-1/fmap/sub-voice863_ses-1_acq-func_dir-PA_run-1_epi_heudiconv911.nii"
INFO: stdout 2022-10-12T23:31:39.690660:Conversion required 1.305886 seconds (0.079691 for core code).
INFO: [Node] Finished "convert", elapsed time 1.344405s.
WARNING: Failed to find task field in /out/sub-voice863/ses-1/fmap/sub-voice863_ses-1_acq-func_dir-PA_run-1_epi.json.
INFO: Post-treating /out/sub-voice863/ses-1/fmap/sub-voice863_ses-1_acq-func_dir-PA_run-1_epi.json file
INFO: Converting /out/sub-voice863/ses-1/fmap/sub-voice863_ses-1_acq-func_dir-AP_run-2_epi (260 DICOMs) -> /out/sub-voice863/ses-1/fmap . Converter: dcm2niix . Output types: ('nii.gz',)
INFO: [Node] Setting-up "convert" in "/tmp/dcm2niixflagpyc9/convert".
INFO: [Node] Executing "convert" <nipype.interfaces.dcm2nii.Dcm2niix>
INFO: stdout 2022-10-12T23:31:42.232875:Chris Rorden's dcm2niiX version v1.0.20211006  GCC10.2.1 x86-64 (64-bit Linux)
INFO: stdout 2022-10-12T23:31:42.232875:Found 260 DICOM file(s)
INFO: stdout 2022-10-12T23:31:42.232875:Convert 260 DICOM as /out/sub-voice863/ses-1/fmap/sub-voice863_ses-1_acq-func_dir-AP_run-2_epi_heudiconv277 (108x108x65x4)
INFO: stdout 2022-10-12T23:31:42.925074:Compress: "/usr/bin/pigz" -b 960 -n -f -6 "/out/sub-voice863/ses-1/fmap/sub-voice863_ses-1_acq-func_dir-AP_run-2_epi_heudiconv277.nii"
INFO: stdout 2022-10-12T23:31:42.925074:Conversion required 2.200126 seconds (0.081926 for core code).
INFO: [Node] Finished "convert", elapsed time 2.239707s.
WARNING: Failed to find task field in /out/sub-voice863/ses-1/fmap/sub-voice863_ses-1_acq-func_dir-AP_run-2_epi.json.
INFO: Post-treating /out/sub-voice863/ses-1/fmap/sub-voice863_ses-1_acq-func_dir-AP_run-2_epi.json file
INFO: Converting /out/sub-voice863/ses-1/dwi/sub-voice863_ses-1_acq-PA_dwi (72 DICOMs) -> /out/sub-voice863/ses-1/dwi . Converter: dcm2niix . Output types: ('nii.gz',)
INFO: [Node] Setting-up "convert" in "/tmp/dcm2niixy_r4wtpl/convert".
INFO: [Node] Executing "convert" <nipype.interfaces.dcm2nii.Dcm2niix>
INFO: stdout 2022-10-12T23:31:43.926836:Chris Rorden's dcm2niiX version v1.0.20211006  GCC10.2.1 x86-64 (64-bit Linux)
INFO: stdout 2022-10-12T23:31:43.926836:Found 72 DICOM file(s)
INFO: stdout 2022-10-12T23:31:43.926836:Warning: Slice timing appears corrupted (range 0..8.63999e+07, TR=4400 ms)
INFO: stdout 2022-10-12T23:31:43.926836:Convert 72 DICOM as /out/sub-voice863/ses-1/dwi/sub-voice863_ses-1_acq-PA_dwi_heudiconv675 (120x120x66x72)
INFO: stdout 2022-10-12T23:31:53.801887:Compress: "/usr/bin/pigz" -b 960 -n -f -6 "/out/sub-voice863/ses-1/dwi/sub-voice863_ses-1_acq-PA_dwi_heudiconv675.nii"
INFO: stdout 2022-10-12T23:31:53.801887:Conversion required 10.588375 seconds (0.179850 for core code).
INFO: [Node] Finished "convert", elapsed time 11.009383s.
WARNING: Failed to find task field in /out/sub-voice863/ses-1/dwi/sub-voice863_ses-1_acq-PA_dwi.json.
INFO: Post-treating /out/sub-voice863/ses-1/dwi/sub-voice863_ses-1_acq-PA_dwi.json file
INFO: Converting /out/sub-voice863/ses-1/dwi/sub-voice863_ses-1_acq-AP_dwi (7 DICOMs) -> /out/sub-voice863/ses-1/dwi . Converter: dcm2niix . Output types: ('nii.gz',)
INFO: [Node] Setting-up "convert" in "/tmp/dcm2niix1pb_ktxg/convert".
INFO: [Node] Executing "convert" <nipype.interfaces.dcm2nii.Dcm2niix>
INFO: stdout 2022-10-12T23:31:55.009141:Chris Rorden's dcm2niiX version v1.0.20211006  GCC10.2.1 x86-64 (64-bit Linux)
INFO: stdout 2022-10-12T23:31:55.009141:Found 7 DICOM file(s)
INFO: stdout 2022-10-12T23:31:55.009141:Warning: Slice timing appears corrupted (range 0..8.63999e+07, TR=4400 ms)
INFO: stdout 2022-10-12T23:31:55.009141:Convert 7 DICOM as /out/sub-voice863/ses-1/dwi/sub-voice863_ses-1_acq-AP_dwi_heudiconv646 (120x120x66x7)
INFO: stdout 2022-10-12T23:31:55.993429:Compress: "/usr/bin/pigz" -b 960 -n -f -6 "/out/sub-voice863/ses-1/dwi/sub-voice863_ses-1_acq-AP_dwi_heudiconv646.nii"
INFO: stdout 2022-10-12T23:31:55.993429:Conversion required 1.263187 seconds (0.029694 for core code).
INFO: [Node] Finished "convert", elapsed time 1.3167849999999999s.
WARNING: Failed to find task field in /out/sub-voice863/ses-1/dwi/sub-voice863_ses-1_acq-AP_dwi.json.
INFO: Post-treating /out/sub-voice863/ses-1/dwi/sub-voice863_ses-1_acq-AP_dwi.json file
INFO: Converting /out/sub-voice863/ses-1/anat/sub-voice863_ses-1_T2w (176 DICOMs) -> /out/sub-voice863/ses-1/anat . Converter: dcm2niix . Output types: ('nii.gz',)
INFO: [Node] Setting-up "convert" in "/tmp/dcm2niix73vufv95/convert".
INFO: [Node] Executing "convert" <nipype.interfaces.dcm2nii.Dcm2niix>
INFO: stdout 2022-10-12T23:31:57.422875:Chris Rorden's dcm2niiX version v1.0.20211006  GCC10.2.1 x86-64 (64-bit Linux)
INFO: stdout 2022-10-12T23:31:57.422875:Found 176 DICOM file(s)
INFO: stdout 2022-10-12T23:31:57.422875:Convert 176 DICOM as /out/sub-voice863/ses-1/anat/sub-voice863_ses-1_T2w_heudiconv781 (256x256x176x1)
INFO: stdout 2022-10-12T23:31:58.869871:Compress: "/usr/bin/pigz" -b 960 -n -f -6 "/out/sub-voice863/ses-1/anat/sub-voice863_ses-1_T2w_heudiconv781.nii"
INFO: stdout 2022-10-12T23:31:58.869871:Conversion required 2.010861 seconds (0.305433 for core code).
INFO: [Node] Finished "convert", elapsed time 2.051778s.
WARNING: Failed to find task field in /out/sub-voice863/ses-1/anat/sub-voice863_ses-1_T2w.json.
INFO: Post-treating /out/sub-voice863/ses-1/anat/sub-voice863_ses-1_T2w.json file
INFO: Converting /out/sub-voice863/ses-1/func/sub-voice863_ses-1_task-pataka_run-1_bold (207 DICOMs) -> /out/sub-voice863/ses-1/func . Converter: dcm2niix . Output types: ('nii.gz',)
INFO: [Node] Setting-up "convert" in "/tmp/dcm2niixcd48e51s/convert".
INFO: [Node] Executing "convert" <nipype.interfaces.dcm2nii.Dcm2niix>
INFO: stdout 2022-10-12T23:32:00.724737:Chris Rorden's dcm2niiX version v1.0.20211006  GCC10.2.1 x86-64 (64-bit Linux)
INFO: stdout 2022-10-12T23:32:00.724737:Found 207 DICOM file(s)
INFO: stdout 2022-10-12T23:32:00.724737:Warning: Slice timing appears corrupted (range 0..3135, TR=1640 ms)
INFO: stdout 2022-10-12T23:32:00.724737:Convert 207 DICOM as /out/sub-voice863/ses-1/func/sub-voice863_ses-1_task-pataka_run-1_bold_heudiconv105 (72x72x45x207)
INFO: stdout 2022-10-12T23:32:08.730889:Compress: "/usr/bin/pigz" -b 960 -n -f -6 "/out/sub-voice863/ses-1/func/sub-voice863_ses-1_task-pataka_run-1_bold_heudiconv105.nii"
INFO: stdout 2022-10-12T23:32:08.730889:Conversion required 9.580227 seconds (0.235228 for core code).
INFO: [Node] Finished "convert", elapsed time 9.671413s.
INFO: Post-treating /out/sub-voice863/ses-1/func/sub-voice863_ses-1_task-pataka_run-1_bold.json file
INFO: Converting /out/sub-voice863/ses-1/func/sub-voice863_ses-1_task-pataka_run-2_bold (207 DICOMs) -> /out/sub-voice863/ses-1/func . Converter: dcm2niix . Output types: ('nii.gz',)
INFO: [Node] Setting-up "convert" in "/tmp/dcm2niixmg595_7k/convert".
INFO: [Node] Executing "convert" <nipype.interfaces.dcm2nii.Dcm2niix>
INFO: stdout 2022-10-12T23:32:12.262659:Chris Rorden's dcm2niiX version v1.0.20211006  GCC10.2.1 x86-64 (64-bit Linux)
INFO: stdout 2022-10-12T23:32:12.262659:Found 207 DICOM file(s)
INFO: stdout 2022-10-12T23:32:12.262659:Warning: Slice timing appears corrupted (range 0..3135, TR=1640 ms)
INFO: stdout 2022-10-12T23:32:12.262659:Convert 207 DICOM as /out/sub-voice863/ses-1/func/sub-voice863_ses-1_task-pataka_run-2_bold_heudiconv518 (72x72x45x207)
INFO: stdout 2022-10-12T23:32:17.728385:Compress: "/usr/bin/pigz" -b 960 -n -f -6 "/out/sub-voice863/ses-1/func/sub-voice863_ses-1_task-pataka_run-2_bold_heudiconv518.nii"
INFO: stdout 2022-10-12T23:32:17.728385:Conversion required 7.179956 seconds (0.204748 for core code).
INFO: [Node] Finished "convert", elapsed time 7.23596s.
INFO: Post-treating /out/sub-voice863/ses-1/func/sub-voice863_ses-1_task-pataka_run-2_bold.json file
INFO: Converting /out/sub-voice863/ses-1/func/sub-voice863_ses-1_task-pitchsent_run-1_bold (64 DICOMs) -> /out/sub-voice863/ses-1/func . Converter: dcm2niix . Output types: ('nii.gz',)
INFO: [Node] Setting-up "convert" in "/tmp/dcm2niixup0ohlsg/convert".
INFO: [Node] Executing "convert" <nipype.interfaces.dcm2nii.Dcm2niix>
INFO: stdout 2022-10-12T23:32:18.366838:Chris Rorden's dcm2niiX version v1.0.20211006  GCC10.2.1 x86-64 (64-bit Linux)
INFO: stdout 2022-10-12T23:32:18.366838:Found 64 DICOM file(s)
INFO: stdout 2022-10-12T23:32:18.366838:Warning: Slice timing appears corrupted (range 0..5360, TR=4000 ms)
INFO: stdout 2022-10-12T23:32:18.366838:Convert 64 DICOM as /out/sub-voice863/ses-1/func/sub-voice863_ses-1_task-pitchsent_run-1_bold_heudiconv548 (108x108x65x64)
INFO: stdout 2022-10-12T23:32:23.765916:Compress: "/usr/bin/pigz" -b 960 -n -f -6 "/out/sub-voice863/ses-1/func/sub-voice863_ses-1_task-pitchsent_run-1_bold_heudiconv548.nii"
INFO: stdout 2022-10-12T23:32:23.765916:Conversion required 5.709273 seconds (0.155003 for core code).
INFO: [Node] Finished "convert", elapsed time 5.766223s.
INFO: Post-treating /out/sub-voice863/ses-1/func/sub-voice863_ses-1_task-pitchsent_run-1_bold.json file
INFO: Converting /out/sub-voice863/ses-1/func/sub-voice863_ses-1_task-pitchsent_run-2_bold (64 DICOMs) -> /out/sub-voice863/ses-1/func . Converter: dcm2niix . Output types: ('nii.gz',)
INFO: [Node] Setting-up "convert" in "/tmp/dcm2niixrjrtv05r/convert".
INFO: [Node] Executing "convert" <nipype.interfaces.dcm2nii.Dcm2niix>
INFO: stdout 2022-10-12T23:32:25.209705:Chris Rorden's dcm2niiX version v1.0.20211006  GCC10.2.1 x86-64 (64-bit Linux)
INFO: stdout 2022-10-12T23:32:25.209705:Found 64 DICOM file(s)
INFO: stdout 2022-10-12T23:32:25.209705:Warning: Slice timing appears corrupted (range 0..5357.5, TR=4000 ms)
INFO: stdout 2022-10-12T23:32:25.209705:Convert 64 DICOM as /out/sub-voice863/ses-1/func/sub-voice863_ses-1_task-pitchsent_run-2_bold_heudiconv757 (108x108x65x64)
INFO: stdout 2022-10-12T23:32:30.839373:Compress: "/usr/bin/pigz" -b 960 -n -f -6 "/out/sub-voice863/ses-1/func/sub-voice863_ses-1_task-pitchsent_run-2_bold_heudiconv757.nii"
INFO: stdout 2022-10-12T23:32:30.839373:Conversion required 6.389475 seconds (0.187176 for core code).
INFO: [Node] Finished "convert", elapsed time 6.431569s.
INFO: Post-treating /out/sub-voice863/ses-1/func/sub-voice863_ses-1_task-pitchsent_run-2_bold.json file
INFO: Converting /out/sub-voice863/ses-1/func/sub-voice863_ses-1_task-nwr_run-1_bold (42 DICOMs) -> /out/sub-voice863/ses-1/func . Converter: dcm2niix . Output types: ('nii.gz',)
INFO: [Node] Setting-up "convert" in "/tmp/dcm2niix7qabd37q/convert".
INFO: [Node] Executing "convert" <nipype.interfaces.dcm2nii.Dcm2niix>
INFO: stdout 2022-10-12T23:32:32.240392:Chris Rorden's dcm2niiX version v1.0.20211006  GCC10.2.1 x86-64 (64-bit Linux)
INFO: stdout 2022-10-12T23:32:32.240392:Found 42 DICOM file(s)
INFO: stdout 2022-10-12T23:32:32.240392:Warning: Slice timing appears corrupted (range 0..5360, TR=4000 ms)
INFO: stdout 2022-10-12T23:32:32.240392:Convert 42 DICOM as /out/sub-voice863/ses-1/func/sub-voice863_ses-1_task-nwr_run-1_bold_heudiconv843 (108x108x65x42)
INFO: stdout 2022-10-12T23:32:37.412298:Compress: "/usr/bin/pigz" -b 960 -n -f -6 "/out/sub-voice863/ses-1/func/sub-voice863_ses-1_task-nwr_run-1_bold_heudiconv843.nii"
INFO: stdout 2022-10-12T23:32:37.412298:Conversion required 5.535652 seconds (0.130112 for core code).
INFO: [Node] Finished "convert", elapsed time 5.600404s.
INFO: Post-treating /out/sub-voice863/ses-1/func/sub-voice863_ses-1_task-nwr_run-1_bold.json file
INFO: Converting /out/sub-voice863/ses-1/func/sub-voice863_ses-1_task-nwr_run-2_bold (42 DICOMs) -> /out/sub-voice863/ses-1/func . Converter: dcm2niix . Output types: ('nii.gz',)
INFO: [Node] Setting-up "convert" in "/tmp/dcm2niixr3m6g0b8/convert".
INFO: [Node] Executing "convert" <nipype.interfaces.dcm2nii.Dcm2niix>
INFO: stdout 2022-10-12T23:32:38.692152:Chris Rorden's dcm2niiX version v1.0.20211006  GCC10.2.1 x86-64 (64-bit Linux)
INFO: stdout 2022-10-12T23:32:38.692152:Found 42 DICOM file(s)
INFO: stdout 2022-10-12T23:32:38.692152:Warning: Slice timing appears corrupted (range 0..5360, TR=4000 ms)
INFO: stdout 2022-10-12T23:32:38.692152:Convert 42 DICOM as /out/sub-voice863/ses-1/func/sub-voice863_ses-1_task-nwr_run-2_bold_heudiconv322 (108x108x65x42)
INFO: stdout 2022-10-12T23:32:42.341606:Compress: "/usr/bin/pigz" -b 960 -n -f -6 "/out/sub-voice863/ses-1/func/sub-voice863_ses-1_task-nwr_run-2_bold_heudiconv322.nii"
INFO: stdout 2022-10-12T23:32:42.341606:Conversion required 3.912620 seconds (0.090115 for core code).
INFO: [Node] Finished "convert", elapsed time 3.960717s.
INFO: Post-treating /out/sub-voice863/ses-1/func/sub-voice863_ses-1_task-nwr_run-2_bold.json file
INFO: Converting /out/sub-voice863/ses-1/func/sub-voice863_ses-1_task-nwr_run-3_bold (42 DICOMs) -> /out/sub-voice863/ses-1/func . Converter: dcm2niix . Output types: ('nii.gz',)
INFO: [Node] Setting-up "convert" in "/tmp/dcm2niix4u8bx2ab/convert".
INFO: [Node] Executing "convert" <nipype.interfaces.dcm2nii.Dcm2niix>
INFO: stdout 2022-10-12T23:32:42.747071:Chris Rorden's dcm2niiX version v1.0.20211006  GCC10.2.1 x86-64 (64-bit Linux)
INFO: stdout 2022-10-12T23:32:42.747071:Found 42 DICOM file(s)
INFO: stdout 2022-10-12T23:32:42.747071:Warning: Slice timing appears corrupted (range 0..5357.5, TR=4000 ms)
INFO: stdout 2022-10-12T23:32:42.747071:Convert 42 DICOM as /out/sub-voice863/ses-1/func/sub-voice863_ses-1_task-nwr_run-3_bold_heudiconv333 (108x108x65x42)
INFO: stdout 2022-10-12T23:32:46.302626:Compress: "/usr/bin/pigz" -b 960 -n -f -6 "/out/sub-voice863/ses-1/func/sub-voice863_ses-1_task-nwr_run-3_bold_heudiconv333.nii"
INFO: stdout 2022-10-12T23:32:46.302626:Conversion required 3.789571 seconds (0.090608 for core code).
INFO: [Node] Finished "convert", elapsed time 3.84722s.
INFO: Post-treating /out/sub-voice863/ses-1/func/sub-voice863_ses-1_task-nwr_run-3_bold.json file
INFO: Converting /out/sub-voice863/ses-1/func/sub-voice863_ses-1_task-facematch_run-1_bold (99 DICOMs) -> /out/sub-voice863/ses-1/func . Converter: dcm2niix . Output types: ('nii.gz',)
INFO: [Node] Setting-up "convert" in "/tmp/dcm2niixr9o5lcz2/convert".
INFO: [Node] Executing "convert" <nipype.interfaces.dcm2nii.Dcm2niix>
INFO: stdout 2022-10-12T23:32:48.207104:Chris Rorden's dcm2niiX version v1.0.20211006  GCC10.2.1 x86-64 (64-bit Linux)
INFO: stdout 2022-10-12T23:32:48.207104:Found 99 DICOM file(s)
INFO: stdout 2022-10-12T23:32:48.207104:Warning: Slice timing appears corrupted (range 0..5360, TR=2000 ms)
INFO: stdout 2022-10-12T23:32:48.207104:Convert 99 DICOM as /out/sub-voice863/ses-1/func/sub-voice863_ses-1_task-facematch_run-1_bold_heudiconv350 (108x108x65x99)
INFO: stdout 2022-10-12T23:32:57.884564:Compress: "/usr/bin/pigz" -b 960 -n -f -6 "/out/sub-voice863/ses-1/func/sub-voice863_ses-1_task-facematch_run-1_bold_heudiconv350.nii"
INFO: stdout 2022-10-12T23:32:57.884564:Conversion required 10.140846 seconds (0.201313 for core code).
INFO: [Node] Finished "convert", elapsed time 10.215948s.
INFO: Post-treating /out/sub-voice863/ses-1/func/sub-voice863_ses-1_task-facematch_run-1_bold.json file
INFO: Converting /out/sub-voice863/ses-1/func/sub-voice863_ses-1_task-facematch_run-2_bold (99 DICOMs) -> /out/sub-voice863/ses-1/func . Converter: dcm2niix . Output types: ('nii.gz',)
INFO: [Node] Setting-up "convert" in "/tmp/dcm2niix6dv6i1m_/convert".
INFO: [Node] Executing "convert" <nipype.interfaces.dcm2nii.Dcm2niix>
INFO: stdout 2022-10-12T23:33:01.261531:Chris Rorden's dcm2niiX version v1.0.20211006  GCC10.2.1 x86-64 (64-bit Linux)
INFO: stdout 2022-10-12T23:33:01.261531:Found 99 DICOM file(s)
INFO: stdout 2022-10-12T23:33:01.261531:Warning: Slice timing appears corrupted (range 0..5357.5, TR=2000 ms)
INFO: stdout 2022-10-12T23:33:01.261531:Convert 99 DICOM as /out/sub-voice863/ses-1/func/sub-voice863_ses-1_task-facematch_run-2_bold_heudiconv378 (108x108x65x99)
INFO: stdout 2022-10-12T23:33:09.777428:Compress: "/usr/bin/pigz" -b 960 -n -f -6 "/out/sub-voice863/ses-1/func/sub-voice863_ses-1_task-facematch_run-2_bold_heudiconv378.nii"
INFO: stdout 2022-10-12T23:33:09.777428:Conversion required 9.339007 seconds (0.207527 for core code).
INFO: [Node] Finished "convert", elapsed time 9.576238s.
INFO: Post-treating /out/sub-voice863/ses-1/func/sub-voice863_ses-1_task-facematch_run-2_bold.json file
INFO: Converting /out/sub-voice863/ses-1/func/sub-voice863_ses-1_task-emosent_run-1_bold (48 DICOMs) -> /out/sub-voice863/ses-1/func . Converter: dcm2niix . Output types: ('nii.gz',)
INFO: [Node] Setting-up "convert" in "/tmp/dcm2niixceccwmcp/convert".
INFO: [Node] Executing "convert" <nipype.interfaces.dcm2nii.Dcm2niix>
INFO: stdout 2022-10-12T23:33:11.440216:Chris Rorden's dcm2niiX version v1.0.20211006  GCC10.2.1 x86-64 (64-bit Linux)
INFO: stdout 2022-10-12T23:33:11.440216:Found 48 DICOM file(s)
INFO: stdout 2022-10-12T23:33:11.440216:Warning: Slice timing appears corrupted (range 0..5360, TR=4000 ms)
INFO: stdout 2022-10-12T23:33:11.440216:Convert 48 DICOM as /out/sub-voice863/ses-1/func/sub-voice863_ses-1_task-emosent_run-1_bold_heudiconv769 (108x108x65x48)
INFO: stdout 2022-10-12T23:33:16.114452:Compress: "/usr/bin/pigz" -b 960 -n -f -6 "/out/sub-voice863/ses-1/func/sub-voice863_ses-1_task-emosent_run-1_bold_heudiconv769.nii"
INFO: stdout 2022-10-12T23:33:16.114452:Conversion required 5.315397 seconds (0.111258 for core code).
INFO: [Node] Finished "convert", elapsed time 5.444197s.
INFO: Post-treating /out/sub-voice863/ses-1/func/sub-voice863_ses-1_task-emosent_run-1_bold.json file
INFO: Converting /out/sub-voice863/ses-1/func/sub-voice863_ses-1_task-emosent_run-2_bold (48 DICOMs) -> /out/sub-voice863/ses-1/func . Converter: dcm2niix . Output types: ('nii.gz',)
INFO: [Node] Setting-up "convert" in "/tmp/dcm2niixe3d_br22/convert".
INFO: [Node] Executing "convert" <nipype.interfaces.dcm2nii.Dcm2niix>
INFO: stdout 2022-10-12T23:33:17.074912:Chris Rorden's dcm2niiX version v1.0.20211006  GCC10.2.1 x86-64 (64-bit Linux)
INFO: stdout 2022-10-12T23:33:17.074912:Found 48 DICOM file(s)
INFO: stdout 2022-10-12T23:33:17.074912:Warning: Slice timing appears corrupted (range 0..5360, TR=4000 ms)
INFO: stdout 2022-10-12T23:33:17.074912:Convert 48 DICOM as /out/sub-voice863/ses-1/func/sub-voice863_ses-1_task-emosent_run-2_bold_heudiconv067 (108x108x65x48)
INFO: stdout 2022-10-12T23:33:22.815619:Compress: "/usr/bin/pigz" -b 960 -n -f -6 "/out/sub-voice863/ses-1/func/sub-voice863_ses-1_task-emosent_run-2_bold_heudiconv067.nii"
INFO: stdout 2022-10-12T23:33:22.815619:Conversion required 6.090829 seconds (0.116718 for core code).
INFO: [Node] Finished "convert", elapsed time 6.18134s.
INFO: Post-treating /out/sub-voice863/ses-1/func/sub-voice863_ses-1_task-emosent_run-2_bold.json file
INFO: Converting /out/sub-voice863/ses-1/func/sub-voice863_ses-1_task-vowel_run-1_bold (60 DICOMs) -> /out/sub-voice863/ses-1/func . Converter: dcm2niix . Output types: ('nii.gz',)
INFO: [Node] Setting-up "convert" in "/tmp/dcm2niixo960q0nh/convert".
INFO: [Node] Executing "convert" <nipype.interfaces.dcm2nii.Dcm2niix>
INFO: stdout 2022-10-12T23:33:23.556661:Chris Rorden's dcm2niiX version v1.0.20211006  GCC10.2.1 x86-64 (64-bit Linux)
INFO: stdout 2022-10-12T23:33:23.556661:Found 60 DICOM file(s)
INFO: stdout 2022-10-12T23:33:23.556661:Warning: Slice timing appears corrupted (range 0..5360, TR=4000 ms)
INFO: stdout 2022-10-12T23:33:23.556661:Convert 60 DICOM as /out/sub-voice863/ses-1/func/sub-voice863_ses-1_task-vowel_run-1_bold_heudiconv572 (108x108x65x60)
INFO: stdout 2022-10-12T23:33:28.680823:Compress: "/usr/bin/pigz" -b 960 -n -f -6 "/out/sub-voice863/ses-1/func/sub-voice863_ses-1_task-vowel_run-1_bold_heudiconv572.nii"
INFO: stdout 2022-10-12T23:33:28.680823:Conversion required 5.517002 seconds (0.153075 for core code).
INFO: [Node] Finished "convert", elapsed time 5.5685400000000005s.
INFO: Post-treating /out/sub-voice863/ses-1/func/sub-voice863_ses-1_task-vowel_run-1_bold.json file
INFO: Converting /out/sub-voice863/ses-1/func/sub-voice863_ses-1_task-vowel_run-2_bold (60 DICOMs) -> /out/sub-voice863/ses-1/func . Converter: dcm2niix . Output types: ('nii.gz',)
INFO: [Node] Setting-up "convert" in "/tmp/dcm2niixejij42zo/convert".
INFO: [Node] Executing "convert" <nipype.interfaces.dcm2nii.Dcm2niix>
INFO: stdout 2022-10-12T23:33:29.394358:Chris Rorden's dcm2niiX version v1.0.20211006  GCC10.2.1 x86-64 (64-bit Linux)
INFO: stdout 2022-10-12T23:33:29.394358:Found 60 DICOM file(s)
INFO: stdout 2022-10-12T23:33:29.394358:Warning: Slice timing appears corrupted (range 0..5360, TR=4000 ms)
INFO: stdout 2022-10-12T23:33:29.394358:Convert 60 DICOM as /out/sub-voice863/ses-1/func/sub-voice863_ses-1_task-vowel_run-2_bold_heudiconv826 (108x108x65x60)
INFO: stdout 2022-10-12T23:33:35.268123:Compress: "/usr/bin/pigz" -b 960 -n -f -6 "/out/sub-voice863/ses-1/func/sub-voice863_ses-1_task-vowel_run-2_bold_heudiconv826.nii"
INFO: stdout 2022-10-12T23:33:35.268123:Conversion required 6.102680 seconds (0.132342 for core code).
INFO: [Node] Finished "convert", elapsed time 6.238518s.
INFO: Post-treating /out/sub-voice863/ses-1/func/sub-voice863_ses-1_task-vowel_run-2_bold.json file
INFO: Converting /out/sub-voice863/ses-1/func/sub-voice863_ses-1_task-pitchnw_run-1_bold (101 DICOMs) -> /out/sub-voice863/ses-1/func . Converter: dcm2niix . Output types: ('nii.gz',)
INFO: [Node] Setting-up "convert" in "/tmp/dcm2niixe3w7l0_q/convert".
INFO: [Node] Executing "convert" <nipype.interfaces.dcm2nii.Dcm2niix>
INFO: stdout 2022-10-12T23:33:36.710942:Chris Rorden's dcm2niiX version v1.0.20211006  GCC10.2.1 x86-64 (64-bit Linux)
INFO: stdout 2022-10-12T23:33:36.710942:Found 101 DICOM file(s)
INFO: stdout 2022-10-12T23:33:36.710942:Warning: Slice timing appears corrupted (range 0..5360, TR=2000 ms)
INFO: stdout 2022-10-12T23:33:36.710942:Convert 101 DICOM as /out/sub-voice863/ses-1/func/sub-voice863_ses-1_task-pitchnw_run-1_bold_heudiconv597 (108x108x65x101)
INFO: stdout 2022-10-12T23:33:45.306184:Compress: "/usr/bin/pigz" -b 960 -n -f -6 "/out/sub-voice863/ses-1/func/sub-voice863_ses-1_task-pitchnw_run-1_bold_heudiconv597.nii"
INFO: stdout 2022-10-12T23:33:45.306184:Conversion required 9.080460 seconds (0.253049 for core code).
INFO: [Node] Finished "convert", elapsed time 9.136873s.
INFO: Post-treating /out/sub-voice863/ses-1/func/sub-voice863_ses-1_task-pitchnw_run-1_bold.json file
INFO: Converting /out/sub-voice863/ses-1/func/sub-voice863_ses-1_task-pitchnw_run-2_bold (101 DICOMs) -> /out/sub-voice863/ses-1/func . Converter: dcm2niix . Output types: ('nii.gz',)
INFO: [Node] Setting-up "convert" in "/tmp/dcm2niixjvy6ovc9/convert".
INFO: [Node] Executing "convert" <nipype.interfaces.dcm2nii.Dcm2niix>
INFO: stdout 2022-10-12T23:33:45.821297:Chris Rorden's dcm2niiX version v1.0.20211006  GCC10.2.1 x86-64 (64-bit Linux)
INFO: stdout 2022-10-12T23:33:45.821297:Found 101 DICOM file(s)
INFO: stdout 2022-10-12T23:33:45.821297:Warning: Slice timing appears corrupted (range 0..5357.5, TR=2000 ms)
INFO: stdout 2022-10-12T23:33:45.821297:Convert 101 DICOM as /out/sub-voice863/ses-1/func/sub-voice863_ses-1_task-pitchnw_run-2_bold_heudiconv849 (108x108x65x101)
INFO: stdout 2022-10-12T23:33:55.166004:Compress: "/usr/bin/pigz" -b 960 -n -f -6 "/out/sub-voice863/ses-1/func/sub-voice863_ses-1_task-pitchnw_run-2_bold_heudiconv849.nii"
INFO: stdout 2022-10-12T23:33:55.166004:Conversion required 9.650653 seconds (0.241814 for core code).
INFO: [Node] Finished "convert", elapsed time 9.712363s.
INFO: Post-treating /out/sub-voice863/ses-1/func/sub-voice863_ses-1_task-pitchnw_run-2_bold.json file
INFO: Converting /out/sub-voice863/ses-1/func/sub-voice863_ses-1_task-movie_run-1_bold (138 DICOMs) -> /out/sub-voice863/ses-1/func . Converter: dcm2niix . Output types: ('nii.gz',)
INFO: [Node] Setting-up "convert" in "/tmp/dcm2niix0x71utzq/convert".
INFO: [Node] Executing "convert" <nipype.interfaces.dcm2nii.Dcm2niix>
INFO: stdout 2022-10-12T23:33:57.168444:Chris Rorden's dcm2niiX version v1.0.20211006  GCC10.2.1 x86-64 (64-bit Linux)
INFO: stdout 2022-10-12T23:33:57.168444:Found 138 DICOM file(s)
INFO: stdout 2022-10-12T23:33:57.168444:Warning: Slice timing appears corrupted (range 0..5360, TR=1090 ms)
INFO: stdout 2022-10-12T23:33:57.168444:Convert 138 DICOM as /out/sub-voice863/ses-1/func/sub-voice863_ses-1_task-movie_run-1_bold_heudiconv843 (108x108x65x138)
INFO: stdout 2022-10-12T23:34:09.196921:Compress: "/usr/bin/pigz" -b 960 -n -f -6 "/out/sub-voice863/ses-1/func/sub-voice863_ses-1_task-movie_run-1_bold_heudiconv843.nii"
INFO: stdout 2022-10-12T23:34:09.196921:Conversion required 13.049812 seconds (0.355717 for core code).
INFO: [Node] Finished "convert", elapsed time 13.105929s.
INFO: Post-treating /out/sub-voice863/ses-1/func/sub-voice863_ses-1_task-movie_run-1_bold.json file
WARNING: Existing lockfile found in /out/heudiconv.lock - waiting for the lock to be released. To set a timeout limit, set the HEUDICONV_FILELOCK_TIMEOUT environmental variable to a value in seconds. If this process hangs, it may require a manual deletion of the /out/heudiconv.lock.
INFO: Populating template files under /out/
INFO: PROCESSING DONE: {'subject': 'voice863', 'outdir': '/out/', 'session': '1'}
