INFO: Running heudiconv version 0.11.3+d20220512 latest 0.11.4
INFO: Need to process 1 study sessions
INFO: PROCESSING STARTS: {'subject': 'voice981', 'outdir': '/out/', 'session': '1'}
INFO: Processing 5274 dicoms
INFO: Analyzing 5274 dicoms
INFO: Generated sequence info for 53 accession numbers with 5274 entries total
INFO: Doing conversion using dcm2niix
INFO: Converting /out/sub-voice981/ses-1/func/sub-voice981_ses-1_task-rest_run-1_bold (300 DICOMs) -> /out/sub-voice981/ses-1/func . Converter: dcm2niix . Output types: ('nii.gz',)
WARNING: A newer version (1.8.4) of nipy/nipype is available. You are using 1.8.0
INFO: [Node] Setting-up "convert" in "/tmp/dcm2niix3f58vxrj/convert".
INFO: [Node] Executing "convert" <nipype.interfaces.dcm2nii.Dcm2niix>
INFO: stdout 2022-10-12T23:41:22.357190:Chris Rorden's dcm2niiX version v1.0.20211006  GCC10.2.1 x86-64 (64-bit Linux)
INFO: stdout 2022-10-12T23:41:22.357190:Found 300 DICOM file(s)
INFO: stdout 2022-10-12T23:41:22.357190:Warning: Slice timing appears corrupted (range 0..5357.5, TR=1090 ms)
INFO: stdout 2022-10-12T23:41:22.357190:Convert 300 DICOM as /out/sub-voice981/ses-1/func/sub-voice981_ses-1_task-rest_run-1_bold_heudiconv223 (108x108x65x300)
INFO: stdout 2022-10-12T23:41:51.961603:Compress: "/usr/bin/pigz" -b 960 -n -f -6 "/out/sub-voice981/ses-1/func/sub-voice981_ses-1_task-rest_run-1_bold_heudiconv223.nii"
INFO: stdout 2022-10-12T23:41:51.961603:Conversion required 31.534687 seconds (0.956988 for core code).
INFO: [Node] Finished "convert", elapsed time 31.577917s.
INFO: Post-treating /out/sub-voice981/ses-1/func/sub-voice981_ses-1_task-rest_run-1_bold.json file
INFO: Converting /out/sub-voice981/ses-1/fmap/sub-voice981_ses-1_acq-func_dir-PA_run-1_epi (260 DICOMs) -> /out/sub-voice981/ses-1/fmap . Converter: dcm2niix . Output types: ('nii.gz',)
INFO: [Node] Setting-up "convert" in "/tmp/dcm2niixb30fc8ri/convert".
INFO: [Node] Executing "convert" <nipype.interfaces.dcm2nii.Dcm2niix>
INFO: stdout 2022-10-12T23:41:53.152808:Chris Rorden's dcm2niiX version v1.0.20211006  GCC10.2.1 x86-64 (64-bit Linux)
INFO: stdout 2022-10-12T23:41:53.152808:Found 260 DICOM file(s)
INFO: stdout 2022-10-12T23:41:53.152808:Convert 260 DICOM as /out/sub-voice981/ses-1/fmap/sub-voice981_ses-1_acq-func_dir-PA_run-1_epi_heudiconv163 (108x108x65x4)
INFO: stdout 2022-10-12T23:41:53.769454:Compress: "/usr/bin/pigz" -b 960 -n -f -6 "/out/sub-voice981/ses-1/fmap/sub-voice981_ses-1_acq-func_dir-PA_run-1_epi_heudiconv163.nii"
INFO: stdout 2022-10-12T23:41:53.769454:Conversion required 1.296364 seconds (0.210161 for core code).
INFO: [Node] Finished "convert", elapsed time 1.347727s.
WARNING: Failed to find task field in /out/sub-voice981/ses-1/fmap/sub-voice981_ses-1_acq-func_dir-PA_run-1_epi.json.
INFO: Post-treating /out/sub-voice981/ses-1/fmap/sub-voice981_ses-1_acq-func_dir-PA_run-1_epi.json file
INFO: Converting /out/sub-voice981/ses-1/fmap/sub-voice981_ses-1_acq-func_dir-AP_run-2_epi (260 DICOMs) -> /out/sub-voice981/ses-1/fmap . Converter: dcm2niix . Output types: ('nii.gz',)
INFO: [Node] Setting-up "convert" in "/tmp/dcm2niixtlpqa8le/convert".
INFO: [Node] Executing "convert" <nipype.interfaces.dcm2nii.Dcm2niix>
INFO: stdout 2022-10-12T23:41:54.992013:Chris Rorden's dcm2niiX version v1.0.20211006  GCC10.2.1 x86-64 (64-bit Linux)
INFO: stdout 2022-10-12T23:41:54.992013:Found 260 DICOM file(s)
INFO: stdout 2022-10-12T23:41:54.992013:Convert 260 DICOM as /out/sub-voice981/ses-1/fmap/sub-voice981_ses-1_acq-func_dir-AP_run-2_epi_heudiconv811 (108x108x65x4)
INFO: stdout 2022-10-12T23:41:55.475713:Compress: "/usr/bin/pigz" -b 960 -n -f -6 "/out/sub-voice981/ses-1/fmap/sub-voice981_ses-1_acq-func_dir-AP_run-2_epi_heudiconv811.nii"
INFO: stdout 2022-10-12T23:41:55.475713:Conversion required 1.360603 seconds (0.196499 for core code).
INFO: [Node] Finished "convert", elapsed time 1.40582s.
WARNING: Failed to find task field in /out/sub-voice981/ses-1/fmap/sub-voice981_ses-1_acq-func_dir-AP_run-2_epi.json.
INFO: Post-treating /out/sub-voice981/ses-1/fmap/sub-voice981_ses-1_acq-func_dir-AP_run-2_epi.json file
INFO: Converting /out/sub-voice981/ses-1/dwi/sub-voice981_ses-1_acq-PA_dwi (72 DICOMs) -> /out/sub-voice981/ses-1/dwi . Converter: dcm2niix . Output types: ('nii.gz',)
INFO: [Node] Setting-up "convert" in "/tmp/dcm2niixhcie01qw/convert".
INFO: [Node] Executing "convert" <nipype.interfaces.dcm2nii.Dcm2niix>
INFO: stdout 2022-10-12T23:41:57.089416:Chris Rorden's dcm2niiX version v1.0.20211006  GCC10.2.1 x86-64 (64-bit Linux)
INFO: stdout 2022-10-12T23:41:57.089416:Found 72 DICOM file(s)
INFO: stdout 2022-10-12T23:41:57.089416:Warning: Slice timing appears corrupted (range 0..8.63999e+07, TR=4400 ms)
INFO: stdout 2022-10-12T23:41:57.089416:Convert 72 DICOM as /out/sub-voice981/ses-1/dwi/sub-voice981_ses-1_acq-PA_dwi_heudiconv198 (120x120x66x72)
INFO: stdout 2022-10-12T23:42:05.943340:Compress: "/usr/bin/pigz" -b 960 -n -f -6 "/out/sub-voice981/ses-1/dwi/sub-voice981_ses-1_acq-PA_dwi_heudiconv198.nii"
INFO: stdout 2022-10-12T23:42:05.943340:Conversion required 10.289624 seconds (0.302853 for core code).
INFO: [Node] Finished "convert", elapsed time 10.337304s.
WARNING: Failed to find task field in /out/sub-voice981/ses-1/dwi/sub-voice981_ses-1_acq-PA_dwi.json.
INFO: Post-treating /out/sub-voice981/ses-1/dwi/sub-voice981_ses-1_acq-PA_dwi.json file
INFO: Converting /out/sub-voice981/ses-1/dwi/sub-voice981_ses-1_acq-AP_dwi (7 DICOMs) -> /out/sub-voice981/ses-1/dwi . Converter: dcm2niix . Output types: ('nii.gz',)
INFO: [Node] Setting-up "convert" in "/tmp/dcm2niixho69nf10/convert".
INFO: [Node] Executing "convert" <nipype.interfaces.dcm2nii.Dcm2niix>
INFO: stdout 2022-10-12T23:42:06.594576:Chris Rorden's dcm2niiX version v1.0.20211006  GCC10.2.1 x86-64 (64-bit Linux)
INFO: stdout 2022-10-12T23:42:06.594576:Found 7 DICOM file(s)
INFO: stdout 2022-10-12T23:42:06.594576:Warning: Slice timing appears corrupted (range 0..8.63999e+07, TR=4400 ms)
INFO: stdout 2022-10-12T23:42:06.594576:Convert 7 DICOM as /out/sub-voice981/ses-1/dwi/sub-voice981_ses-1_acq-AP_dwi_heudiconv447 (120x120x66x7)
INFO: stdout 2022-10-12T23:42:08.160980:Compress: "/usr/bin/pigz" -b 960 -n -f -6 "/out/sub-voice981/ses-1/dwi/sub-voice981_ses-1_acq-AP_dwi_heudiconv447.nii"
INFO: stdout 2022-10-12T23:42:08.160980:Conversion required 1.902712 seconds (0.045046 for core code).
INFO: [Node] Finished "convert", elapsed time 2.007846s.
WARNING: Failed to find task field in /out/sub-voice981/ses-1/dwi/sub-voice981_ses-1_acq-AP_dwi.json.
INFO: Post-treating /out/sub-voice981/ses-1/dwi/sub-voice981_ses-1_acq-AP_dwi.json file
INFO: Converting /out/sub-voice981/ses-1/anat/sub-voice981_ses-1_run-1_T1w (176 DICOMs) -> /out/sub-voice981/ses-1/anat . Converter: dcm2niix . Output types: ('nii.gz',)
INFO: [Node] Setting-up "convert" in "/tmp/dcm2niixh07s8ufk/convert".
INFO: [Node] Executing "convert" <nipype.interfaces.dcm2nii.Dcm2niix>
INFO: stdout 2022-10-12T23:42:10.831696:Chris Rorden's dcm2niiX version v1.0.20211006  GCC10.2.1 x86-64 (64-bit Linux)
INFO: stdout 2022-10-12T23:42:10.831696:Found 176 DICOM file(s)
INFO: stdout 2022-10-12T23:42:10.831696:Convert 176 DICOM as /out/sub-voice981/ses-1/anat/sub-voice981_ses-1_run-1_T1w_heudiconv604 (256x256x176x1)
INFO: stdout 2022-10-12T23:42:12.434354:Compress: "/usr/bin/pigz" -b 960 -n -f -6 "/out/sub-voice981/ses-1/anat/sub-voice981_ses-1_run-1_T1w_heudiconv604.nii"
INFO: stdout 2022-10-12T23:42:12.434354:Conversion required 3.023147 seconds (0.267114 for core code).
INFO: [Node] Finished "convert", elapsed time 3.169453s.
WARNING: Failed to find task field in /out/sub-voice981/ses-1/anat/sub-voice981_ses-1_run-1_T1w.json.
INFO: Post-treating /out/sub-voice981/ses-1/anat/sub-voice981_ses-1_run-1_T1w.json file
INFO: Converting /out/sub-voice981/ses-1/anat/sub-voice981_ses-1_T2w (176 DICOMs) -> /out/sub-voice981/ses-1/anat . Converter: dcm2niix . Output types: ('nii.gz',)
INFO: [Node] Setting-up "convert" in "/tmp/dcm2niix156akk4x/convert".
INFO: [Node] Executing "convert" <nipype.interfaces.dcm2nii.Dcm2niix>
INFO: stdout 2022-10-12T23:42:14.346172:Chris Rorden's dcm2niiX version v1.0.20211006  GCC10.2.1 x86-64 (64-bit Linux)
INFO: stdout 2022-10-12T23:42:14.346172:Found 176 DICOM file(s)
INFO: stdout 2022-10-12T23:42:14.346172:Convert 176 DICOM as /out/sub-voice981/ses-1/anat/sub-voice981_ses-1_T2w_heudiconv573 (256x256x176x1)
INFO: stdout 2022-10-12T23:42:16.182777:Compress: "/usr/bin/pigz" -b 960 -n -f -6 "/out/sub-voice981/ses-1/anat/sub-voice981_ses-1_T2w_heudiconv573.nii"
INFO: stdout 2022-10-12T23:42:16.182777:Conversion required 2.982618 seconds (0.304438 for core code).
INFO: [Node] Finished "convert", elapsed time 3.037408s.
WARNING: Failed to find task field in /out/sub-voice981/ses-1/anat/sub-voice981_ses-1_T2w.json.
INFO: Post-treating /out/sub-voice981/ses-1/anat/sub-voice981_ses-1_T2w.json file
INFO: Converting /out/sub-voice981/ses-1/func/sub-voice981_ses-1_task-pataka_run-1_bold (207 DICOMs) -> /out/sub-voice981/ses-1/func . Converter: dcm2niix . Output types: ('nii.gz',)
INFO: [Node] Setting-up "convert" in "/tmp/dcm2niixovoyq5c3/convert".
INFO: [Node] Executing "convert" <nipype.interfaces.dcm2nii.Dcm2niix>
INFO: stdout 2022-10-12T23:42:17.865138:Chris Rorden's dcm2niiX version v1.0.20211006  GCC10.2.1 x86-64 (64-bit Linux)
INFO: stdout 2022-10-12T23:42:17.865138:Found 207 DICOM file(s)
INFO: stdout 2022-10-12T23:42:17.865138:Warning: Slice timing appears corrupted (range 0..3135, TR=1640 ms)
INFO: stdout 2022-10-12T23:42:17.865138:Convert 207 DICOM as /out/sub-voice981/ses-1/func/sub-voice981_ses-1_task-pataka_run-1_bold_heudiconv898 (72x72x45x207)
INFO: stdout 2022-10-12T23:42:24.951224:Compress: "/usr/bin/pigz" -b 960 -n -f -6 "/out/sub-voice981/ses-1/func/sub-voice981_ses-1_task-pataka_run-1_bold_heudiconv898.nii"
INFO: stdout 2022-10-12T23:42:24.951224:Conversion required 8.331512 seconds (0.385718 for core code).
INFO: [Node] Finished "convert", elapsed time 8.535406s.
INFO: Post-treating /out/sub-voice981/ses-1/func/sub-voice981_ses-1_task-pataka_run-1_bold.json file
INFO: Converting /out/sub-voice981/ses-1/func/sub-voice981_ses-1_task-pataka_run-2_bold (207 DICOMs) -> /out/sub-voice981/ses-1/func . Converter: dcm2niix . Output types: ('nii.gz',)
INFO: [Node] Setting-up "convert" in "/tmp/dcm2niixkhanzocg/convert".
INFO: [Node] Executing "convert" <nipype.interfaces.dcm2nii.Dcm2niix>
INFO: stdout 2022-10-12T23:42:27.692327:Chris Rorden's dcm2niiX version v1.0.20211006  GCC10.2.1 x86-64 (64-bit Linux)
INFO: stdout 2022-10-12T23:42:27.692327:Found 207 DICOM file(s)
INFO: stdout 2022-10-12T23:42:27.692327:Warning: Slice timing appears corrupted (range 0..3135, TR=1640 ms)
INFO: stdout 2022-10-12T23:42:27.692327:Convert 207 DICOM as /out/sub-voice981/ses-1/func/sub-voice981_ses-1_task-pataka_run-2_bold_heudiconv031 (72x72x45x207)
INFO: stdout 2022-10-12T23:42:35.548305:Compress: "/usr/bin/pigz" -b 960 -n -f -6 "/out/sub-voice981/ses-1/func/sub-voice981_ses-1_task-pataka_run-2_bold_heudiconv031.nii"
INFO: stdout 2022-10-12T23:42:35.548305:Conversion required 9.264843 seconds (0.344280 for core code).
INFO: [Node] Finished "convert", elapsed time 9.356361s.
INFO: Post-treating /out/sub-voice981/ses-1/func/sub-voice981_ses-1_task-pataka_run-2_bold.json file
INFO: Converting /out/sub-voice981/ses-1/func/sub-voice981_ses-1_task-pitchsent_run-1_bold (64 DICOMs) -> /out/sub-voice981/ses-1/func . Converter: dcm2niix . Output types: ('nii.gz',)
INFO: [Node] Setting-up "convert" in "/tmp/dcm2niix6ixf24ik/convert".
INFO: [Node] Executing "convert" <nipype.interfaces.dcm2nii.Dcm2niix>
INFO: stdout 2022-10-12T23:42:37.945220:Chris Rorden's dcm2niiX version v1.0.20211006  GCC10.2.1 x86-64 (64-bit Linux)
INFO: stdout 2022-10-12T23:42:37.945220:Found 64 DICOM file(s)
INFO: stdout 2022-10-12T23:42:37.945220:Warning: Slice timing appears corrupted (range 0..5357.5, TR=4000 ms)
INFO: stdout 2022-10-12T23:42:37.945220:Convert 64 DICOM as /out/sub-voice981/ses-1/func/sub-voice981_ses-1_task-pitchsent_run-1_bold_heudiconv671 (108x108x65x64)
INFO: stdout 2022-10-12T23:42:44.581796:Compress: "/usr/bin/pigz" -b 960 -n -f -6 "/out/sub-voice981/ses-1/func/sub-voice981_ses-1_task-pitchsent_run-1_bold_heudiconv671.nii"
INFO: stdout 2022-10-12T23:42:44.581796:Conversion required 7.553161 seconds (0.241625 for core code).
INFO: [Node] Finished "convert", elapsed time 8.499602s.
INFO: Post-treating /out/sub-voice981/ses-1/func/sub-voice981_ses-1_task-pitchsent_run-1_bold.json file
INFO: Converting /out/sub-voice981/ses-1/func/sub-voice981_ses-1_task-pitchsent_run-2_bold (64 DICOMs) -> /out/sub-voice981/ses-1/func . Converter: dcm2niix . Output types: ('nii.gz',)
INFO: [Node] Setting-up "convert" in "/tmp/dcm2niixrmn0e7ap/convert".
INFO: [Node] Executing "convert" <nipype.interfaces.dcm2nii.Dcm2niix>
INFO: stdout 2022-10-12T23:42:45.759871:Chris Rorden's dcm2niiX version v1.0.20211006  GCC10.2.1 x86-64 (64-bit Linux)
INFO: stdout 2022-10-12T23:42:45.759871:Found 64 DICOM file(s)
INFO: stdout 2022-10-12T23:42:45.759871:Warning: Slice timing appears corrupted (range 0..5357.5, TR=4000 ms)
INFO: stdout 2022-10-12T23:42:45.759871:Convert 64 DICOM as /out/sub-voice981/ses-1/func/sub-voice981_ses-1_task-pitchsent_run-2_bold_heudiconv168 (108x108x65x64)
INFO: stdout 2022-10-12T23:42:52.311283:Compress: "/usr/bin/pigz" -b 960 -n -f -6 "/out/sub-voice981/ses-1/func/sub-voice981_ses-1_task-pitchsent_run-2_bold_heudiconv168.nii"
INFO: stdout 2022-10-12T23:42:52.311283:Conversion required 7.097832 seconds (0.214483 for core code).
INFO: [Node] Finished "convert", elapsed time 7.148287s.
INFO: Post-treating /out/sub-voice981/ses-1/func/sub-voice981_ses-1_task-pitchsent_run-2_bold.json file
INFO: Converting /out/sub-voice981/ses-1/func/sub-voice981_ses-1_task-nwr_run-1_bold (42 DICOMs) -> /out/sub-voice981/ses-1/func . Converter: dcm2niix . Output types: ('nii.gz',)
INFO: [Node] Setting-up "convert" in "/tmp/dcm2niixiqo067u9/convert".
INFO: [Node] Executing "convert" <nipype.interfaces.dcm2nii.Dcm2niix>
INFO: stdout 2022-10-12T23:42:53.195216:Chris Rorden's dcm2niiX version v1.0.20211006  GCC10.2.1 x86-64 (64-bit Linux)
INFO: stdout 2022-10-12T23:42:53.195216:Found 42 DICOM file(s)
INFO: stdout 2022-10-12T23:42:53.195216:Warning: Slice timing appears corrupted (range 0..5360, TR=4000 ms)
INFO: stdout 2022-10-12T23:42:53.195216:Convert 42 DICOM as /out/sub-voice981/ses-1/func/sub-voice981_ses-1_task-nwr_run-1_bold_heudiconv375 (108x108x65x42)
INFO: stdout 2022-10-12T23:42:57.959544:Compress: "/usr/bin/pigz" -b 960 -n -f -6 "/out/sub-voice981/ses-1/func/sub-voice981_ses-1_task-nwr_run-1_bold_heudiconv375.nii"
INFO: stdout 2022-10-12T23:42:57.959544:Conversion required 5.058227 seconds (0.162047 for core code).
INFO: [Node] Finished "convert", elapsed time 5.17067s.
INFO: Post-treating /out/sub-voice981/ses-1/func/sub-voice981_ses-1_task-nwr_run-1_bold.json file
INFO: Converting /out/sub-voice981/ses-1/func/sub-voice981_ses-1_task-nwr_run-2_bold (42 DICOMs) -> /out/sub-voice981/ses-1/func . Converter: dcm2niix . Output types: ('nii.gz',)
INFO: [Node] Setting-up "convert" in "/tmp/dcm2niixfm4fxd63/convert".
INFO: [Node] Executing "convert" <nipype.interfaces.dcm2nii.Dcm2niix>
INFO: stdout 2022-10-12T23:42:59.523503:Chris Rorden's dcm2niiX version v1.0.20211006  GCC10.2.1 x86-64 (64-bit Linux)
INFO: stdout 2022-10-12T23:42:59.523503:Found 42 DICOM file(s)
INFO: stdout 2022-10-12T23:42:59.523503:Warning: Slice timing appears corrupted (range 0..5360, TR=4000 ms)
INFO: stdout 2022-10-12T23:42:59.523503:Convert 42 DICOM as /out/sub-voice981/ses-1/func/sub-voice981_ses-1_task-nwr_run-2_bold_heudiconv677 (108x108x65x42)
INFO: stdout 2022-10-12T23:43:04.941912:Compress: "/usr/bin/pigz" -b 960 -n -f -6 "/out/sub-voice981/ses-1/func/sub-voice981_ses-1_task-nwr_run-2_bold_heudiconv677.nii"
INFO: stdout 2022-10-12T23:43:04.941912:Conversion required 5.786528 seconds (0.148682 for core code).
INFO: [Node] Finished "convert", elapsed time 5.870528s.
INFO: Post-treating /out/sub-voice981/ses-1/func/sub-voice981_ses-1_task-nwr_run-2_bold.json file
INFO: Converting /out/sub-voice981/ses-1/func/sub-voice981_ses-1_task-nwr_run-3_bold (42 DICOMs) -> /out/sub-voice981/ses-1/func . Converter: dcm2niix . Output types: ('nii.gz',)
INFO: [Node] Setting-up "convert" in "/tmp/dcm2niix_r_iu4zt/convert".
INFO: [Node] Executing "convert" <nipype.interfaces.dcm2nii.Dcm2niix>
INFO: stdout 2022-10-12T23:43:05.985624:Chris Rorden's dcm2niiX version v1.0.20211006  GCC10.2.1 x86-64 (64-bit Linux)
INFO: stdout 2022-10-12T23:43:05.985624:Found 42 DICOM file(s)
INFO: stdout 2022-10-12T23:43:05.985624:Warning: Slice timing appears corrupted (range 0..5357.5, TR=4000 ms)
INFO: stdout 2022-10-12T23:43:05.985624:Convert 42 DICOM as /out/sub-voice981/ses-1/func/sub-voice981_ses-1_task-nwr_run-3_bold_heudiconv636 (108x108x65x42)
INFO: stdout 2022-10-12T23:43:10.181480:Compress: "/usr/bin/pigz" -b 960 -n -f -6 "/out/sub-voice981/ses-1/func/sub-voice981_ses-1_task-nwr_run-3_bold_heudiconv636.nii"
INFO: stdout 2022-10-12T23:43:10.181480:Conversion required 4.673808 seconds (0.195475 for core code).
INFO: [Node] Finished "convert", elapsed time 4.7299299999999995s.
INFO: Post-treating /out/sub-voice981/ses-1/func/sub-voice981_ses-1_task-nwr_run-3_bold.json file
INFO: Converting /out/sub-voice981/ses-1/func/sub-voice981_ses-1_task-facematch_run-1_bold (99 DICOMs) -> /out/sub-voice981/ses-1/func . Converter: dcm2niix . Output types: ('nii.gz',)
INFO: [Node] Setting-up "convert" in "/tmp/dcm2niixrep_0roc/convert".
INFO: [Node] Executing "convert" <nipype.interfaces.dcm2nii.Dcm2niix>
INFO: stdout 2022-10-12T23:43:11.360335:Chris Rorden's dcm2niiX version v1.0.20211006  GCC10.2.1 x86-64 (64-bit Linux)
INFO: stdout 2022-10-12T23:43:11.360335:Found 99 DICOM file(s)
INFO: stdout 2022-10-12T23:43:11.360335:Warning: Slice timing appears corrupted (range 0..5360, TR=2000 ms)
INFO: stdout 2022-10-12T23:43:11.360335:Convert 99 DICOM as /out/sub-voice981/ses-1/func/sub-voice981_ses-1_task-facematch_run-1_bold_heudiconv434 (108x108x65x99)
INFO: stdout 2022-10-12T23:43:21.193570:Compress: "/usr/bin/pigz" -b 960 -n -f -6 "/out/sub-voice981/ses-1/func/sub-voice981_ses-1_task-facematch_run-1_bold_heudiconv434.nii"
INFO: stdout 2022-10-12T23:43:21.193570:Conversion required 10.627429 seconds (0.313249 for core code).
INFO: [Node] Finished "convert", elapsed time 10.70204s.
INFO: Post-treating /out/sub-voice981/ses-1/func/sub-voice981_ses-1_task-facematch_run-1_bold.json file
INFO: Converting /out/sub-voice981/ses-1/func/sub-voice981_ses-1_task-facematch_run-2_bold (99 DICOMs) -> /out/sub-voice981/ses-1/func . Converter: dcm2niix . Output types: ('nii.gz',)
INFO: [Node] Setting-up "convert" in "/tmp/dcm2niixg4iwz_cq/convert".
INFO: [Node] Executing "convert" <nipype.interfaces.dcm2nii.Dcm2niix>
INFO: stdout 2022-10-12T23:43:22.506321:Chris Rorden's dcm2niiX version v1.0.20211006  GCC10.2.1 x86-64 (64-bit Linux)
INFO: stdout 2022-10-12T23:43:22.506321:Found 99 DICOM file(s)
INFO: stdout 2022-10-12T23:43:22.506321:Warning: Slice timing appears corrupted (range 0..5357.5, TR=2000 ms)
INFO: stdout 2022-10-12T23:43:22.506321:Convert 99 DICOM as /out/sub-voice981/ses-1/func/sub-voice981_ses-1_task-facematch_run-2_bold_heudiconv714 (108x108x65x99)
INFO: stdout 2022-10-12T23:43:32.532130:Compress: "/usr/bin/pigz" -b 960 -n -f -6 "/out/sub-voice981/ses-1/func/sub-voice981_ses-1_task-facematch_run-2_bold_heudiconv714.nii"
INFO: stdout 2022-10-12T23:43:32.532130:Conversion required 10.564098 seconds (0.317828 for core code).
INFO: [Node] Finished "convert", elapsed time 10.628793s.
INFO: Post-treating /out/sub-voice981/ses-1/func/sub-voice981_ses-1_task-facematch_run-2_bold.json file
INFO: Converting /out/sub-voice981/ses-1/func/sub-voice981_ses-1_task-emosent_run-1_bold (48 DICOMs) -> /out/sub-voice981/ses-1/func . Converter: dcm2niix . Output types: ('nii.gz',)
INFO: [Node] Setting-up "convert" in "/tmp/dcm2niixigjoc6qa/convert".
INFO: [Node] Executing "convert" <nipype.interfaces.dcm2nii.Dcm2niix>
INFO: stdout 2022-10-12T23:43:33.034915:Chris Rorden's dcm2niiX version v1.0.20211006  GCC10.2.1 x86-64 (64-bit Linux)
INFO: stdout 2022-10-12T23:43:33.034915:Found 48 DICOM file(s)
INFO: stdout 2022-10-12T23:43:33.034915:Warning: Slice timing appears corrupted (range 0..5357.5, TR=4000 ms)
INFO: stdout 2022-10-12T23:43:33.034915:Convert 48 DICOM as /out/sub-voice981/ses-1/func/sub-voice981_ses-1_task-emosent_run-1_bold_heudiconv646 (108x108x65x48)
INFO: stdout 2022-10-12T23:43:37.977744:Compress: "/usr/bin/pigz" -b 960 -n -f -6 "/out/sub-voice981/ses-1/func/sub-voice981_ses-1_task-emosent_run-1_bold_heudiconv646.nii"
INFO: stdout 2022-10-12T23:43:37.977744:Conversion required 5.228226 seconds (0.172773 for core code).
INFO: [Node] Finished "convert", elapsed time 5.290789s.
INFO: Post-treating /out/sub-voice981/ses-1/func/sub-voice981_ses-1_task-emosent_run-1_bold.json file
INFO: Converting /out/sub-voice981/ses-1/func/sub-voice981_ses-1_task-emosent_run-2_bold (48 DICOMs) -> /out/sub-voice981/ses-1/func . Converter: dcm2niix . Output types: ('nii.gz',)
INFO: [Node] Setting-up "convert" in "/tmp/dcm2niix_nuxi1sr/convert".
INFO: [Node] Executing "convert" <nipype.interfaces.dcm2nii.Dcm2niix>
INFO: stdout 2022-10-12T23:43:38.667662:Chris Rorden's dcm2niiX version v1.0.20211006  GCC10.2.1 x86-64 (64-bit Linux)
INFO: stdout 2022-10-12T23:43:38.667662:Found 48 DICOM file(s)
INFO: stdout 2022-10-12T23:43:38.667662:Warning: Slice timing appears corrupted (range 0..5360, TR=4000 ms)
INFO: stdout 2022-10-12T23:43:38.667662:Convert 48 DICOM as /out/sub-voice981/ses-1/func/sub-voice981_ses-1_task-emosent_run-2_bold_heudiconv440 (108x108x65x48)
INFO: stdout 2022-10-12T23:43:43.476937:Compress: "/usr/bin/pigz" -b 960 -n -f -6 "/out/sub-voice981/ses-1/func/sub-voice981_ses-1_task-emosent_run-2_bold_heudiconv440.nii"
INFO: stdout 2022-10-12T23:43:43.476937:Conversion required 5.108898 seconds (0.168708 for core code).
INFO: [Node] Finished "convert", elapsed time 5.175276s.
INFO: Post-treating /out/sub-voice981/ses-1/func/sub-voice981_ses-1_task-emosent_run-2_bold.json file
INFO: Converting /out/sub-voice981/ses-1/func/sub-voice981_ses-1_task-vowel_run-1_bold (60 DICOMs) -> /out/sub-voice981/ses-1/func . Converter: dcm2niix . Output types: ('nii.gz',)
INFO: [Node] Setting-up "convert" in "/tmp/dcm2niixdsu3dedf/convert".
INFO: [Node] Executing "convert" <nipype.interfaces.dcm2nii.Dcm2niix>
INFO: stdout 2022-10-12T23:43:44.421217:Chris Rorden's dcm2niiX version v1.0.20211006  GCC10.2.1 x86-64 (64-bit Linux)
INFO: stdout 2022-10-12T23:43:44.421217:Found 60 DICOM file(s)
INFO: stdout 2022-10-12T23:43:44.421217:Warning: Slice timing appears corrupted (range 0..5357.5, TR=4000 ms)
INFO: stdout 2022-10-12T23:43:44.421217:Convert 60 DICOM as /out/sub-voice981/ses-1/func/sub-voice981_ses-1_task-vowel_run-1_bold_heudiconv254 (108x108x65x60)
INFO: stdout 2022-10-12T23:43:50.371158:Compress: "/usr/bin/pigz" -b 960 -n -f -6 "/out/sub-voice981/ses-1/func/sub-voice981_ses-1_task-vowel_run-1_bold_heudiconv254.nii"
INFO: stdout 2022-10-12T23:43:50.371158:Conversion required 6.623387 seconds (0.205588 for core code).
INFO: [Node] Finished "convert", elapsed time 6.689993s.
INFO: Post-treating /out/sub-voice981/ses-1/func/sub-voice981_ses-1_task-vowel_run-1_bold.json file
INFO: Converting /out/sub-voice981/ses-1/func/sub-voice981_ses-1_task-vowel_run-2_bold (60 DICOMs) -> /out/sub-voice981/ses-1/func . Converter: dcm2niix . Output types: ('nii.gz',)
INFO: [Node] Setting-up "convert" in "/tmp/dcm2niix0rfc_gti/convert".
INFO: [Node] Executing "convert" <nipype.interfaces.dcm2nii.Dcm2niix>
INFO: stdout 2022-10-12T23:43:51.777618:Chris Rorden's dcm2niiX version v1.0.20211006  GCC10.2.1 x86-64 (64-bit Linux)
INFO: stdout 2022-10-12T23:43:51.777618:Found 60 DICOM file(s)
INFO: stdout 2022-10-12T23:43:51.777618:Warning: Slice timing appears corrupted (range 0..5357.5, TR=4000 ms)
INFO: stdout 2022-10-12T23:43:51.777618:Convert 60 DICOM as /out/sub-voice981/ses-1/func/sub-voice981_ses-1_task-vowel_run-2_bold_heudiconv982 (108x108x65x60)
INFO: stdout 2022-10-12T23:43:57.751238:Compress: "/usr/bin/pigz" -b 960 -n -f -6 "/out/sub-voice981/ses-1/func/sub-voice981_ses-1_task-vowel_run-2_bold_heudiconv982.nii"
INFO: stdout 2022-10-12T23:43:57.751238:Conversion required 6.869300 seconds (0.209282 for core code).
INFO: [Node] Finished "convert", elapsed time 6.95467s.
INFO: Post-treating /out/sub-voice981/ses-1/func/sub-voice981_ses-1_task-vowel_run-2_bold.json file
INFO: Converting /out/sub-voice981/ses-1/func/sub-voice981_ses-1_task-pitchnw_run-1_bold (101 DICOMs) -> /out/sub-voice981/ses-1/func . Converter: dcm2niix . Output types: ('nii.gz',)
INFO: [Node] Setting-up "convert" in "/tmp/dcm2niix6yc7_gby/convert".
INFO: [Node] Executing "convert" <nipype.interfaces.dcm2nii.Dcm2niix>
INFO: stdout 2022-10-12T23:43:58.556163:Chris Rorden's dcm2niiX version v1.0.20211006  GCC10.2.1 x86-64 (64-bit Linux)
INFO: stdout 2022-10-12T23:43:58.556163:Found 101 DICOM file(s)
INFO: stdout 2022-10-12T23:43:58.556163:Warning: Slice timing appears corrupted (range 0..5360, TR=2000 ms)
INFO: stdout 2022-10-12T23:43:58.556163:Convert 101 DICOM as /out/sub-voice981/ses-1/func/sub-voice981_ses-1_task-pitchnw_run-1_bold_heudiconv497 (108x108x65x101)
INFO: stdout 2022-10-12T23:44:08.531509:Compress: "/usr/bin/pigz" -b 960 -n -f -6 "/out/sub-voice981/ses-1/func/sub-voice981_ses-1_task-pitchnw_run-1_bold_heudiconv497.nii"
INFO: stdout 2022-10-12T23:44:08.531509:Conversion required 10.400761 seconds (0.322437 for core code).
INFO: [Node] Finished "convert", elapsed time 10.452228s.
INFO: Post-treating /out/sub-voice981/ses-1/func/sub-voice981_ses-1_task-pitchnw_run-1_bold.json file
INFO: Converting /out/sub-voice981/ses-1/func/sub-voice981_ses-1_task-pitchnw_run-2_bold (101 DICOMs) -> /out/sub-voice981/ses-1/func . Converter: dcm2niix . Output types: ('nii.gz',)
INFO: [Node] Setting-up "convert" in "/tmp/dcm2niixy20n10cd/convert".
INFO: [Node] Executing "convert" <nipype.interfaces.dcm2nii.Dcm2niix>
INFO: stdout 2022-10-12T23:44:10.221140:Chris Rorden's dcm2niiX version v1.0.20211006  GCC10.2.1 x86-64 (64-bit Linux)
INFO: stdout 2022-10-12T23:44:10.221140:Found 101 DICOM file(s)
INFO: stdout 2022-10-12T23:44:10.221140:Warning: Slice timing appears corrupted (range 0..5357.5, TR=2000 ms)
INFO: stdout 2022-10-12T23:44:10.221140:Convert 101 DICOM as /out/sub-voice981/ses-1/func/sub-voice981_ses-1_task-pitchnw_run-2_bold_heudiconv444 (108x108x65x101)
INFO: stdout 2022-10-12T23:44:21.083688:Compress: "/usr/bin/pigz" -b 960 -n -f -6 "/out/sub-voice981/ses-1/func/sub-voice981_ses-1_task-pitchnw_run-2_bold_heudiconv444.nii"
INFO: stdout 2022-10-12T23:44:21.083688:Conversion required 12.222920 seconds (0.352892 for core code).
INFO: [Node] Finished "convert", elapsed time 12.302868s.
INFO: Post-treating /out/sub-voice981/ses-1/func/sub-voice981_ses-1_task-pitchnw_run-2_bold.json file
INFO: Converting /out/sub-voice981/ses-1/func/sub-voice981_ses-1_task-movie_run-1_bold (138 DICOMs) -> /out/sub-voice981/ses-1/func . Converter: dcm2niix . Output types: ('nii.gz',)
INFO: [Node] Setting-up "convert" in "/tmp/dcm2niixt67xvxim/convert".
INFO: [Node] Executing "convert" <nipype.interfaces.dcm2nii.Dcm2niix>
INFO: stdout 2022-10-12T23:44:24.870385:Chris Rorden's dcm2niiX version v1.0.20211006  GCC10.2.1 x86-64 (64-bit Linux)
INFO: stdout 2022-10-12T23:44:24.870385:Found 138 DICOM file(s)
INFO: stdout 2022-10-12T23:44:24.870385:Warning: Slice timing appears corrupted (range 0..5360, TR=1090 ms)
INFO: stdout 2022-10-12T23:44:24.870385:Convert 138 DICOM as /out/sub-voice981/ses-1/func/sub-voice981_ses-1_task-movie_run-1_bold_heudiconv279 (108x108x65x138)
INFO: stdout 2022-10-12T23:44:41.553748:Compress: "/usr/bin/pigz" -b 960 -n -f -6 "/out/sub-voice981/ses-1/func/sub-voice981_ses-1_task-movie_run-1_bold_heudiconv279.nii"
INFO: stdout 2022-10-12T23:44:41.553748:Conversion required 19.125856 seconds (0.597194 for core code).
INFO: [Node] Finished "convert", elapsed time 19.207224s.
INFO: Post-treating /out/sub-voice981/ses-1/func/sub-voice981_ses-1_task-movie_run-1_bold.json file
WARNING: Existing lockfile found in /out/heudiconv.lock - waiting for the lock to be released. To set a timeout limit, set the HEUDICONV_FILELOCK_TIMEOUT environmental variable to a value in seconds. If this process hangs, it may require a manual deletion of the /out/heudiconv.lock.
INFO: Populating template files under /out/
INFO: PROCESSING DONE: {'subject': 'voice981', 'outdir': '/out/', 'session': '1'}
