INFO: Running heudiconv version 0.11.3+d20220512 latest 0.11.4
INFO: Need to process 1 study sessions
INFO: PROCESSING STARTS: {'subject': 'voice964', 'outdir': '/out/', 'session': '1'}
INFO: Processing 2909 dicoms
INFO: Analyzing 2909 dicoms
INFO: Generated sequence info for 31 accession numbers with 2909 entries total
INFO: Doing conversion using dcm2niix
INFO: Converting /out/sub-voice964/ses-1/func/sub-voice964_ses-1_task-rest_run-1_bold (300 DICOMs) -> /out/sub-voice964/ses-1/func . Converter: dcm2niix . Output types: ('nii.gz',)
WARNING: A newer version (1.8.4) of nipy/nipype is available. You are using 1.8.0
INFO: [Node] Setting-up "convert" in "/tmp/dcm2niixyt3p36ko/convert".
INFO: [Node] Executing "convert" <nipype.interfaces.dcm2nii.Dcm2niix>
INFO: stdout 2022-10-12T23:39:01.561666:Chris Rorden's dcm2niiX version v1.0.20211006  GCC10.2.1 x86-64 (64-bit Linux)
INFO: stdout 2022-10-12T23:39:01.561666:Found 300 DICOM file(s)
INFO: stdout 2022-10-12T23:39:01.561666:Warning: Slice timing appears corrupted (range 0..5360, TR=1090 ms)
INFO: stdout 2022-10-12T23:39:01.561666:Convert 300 DICOM as /out/sub-voice964/ses-1/func/sub-voice964_ses-1_task-rest_run-1_bold_heudiconv907 (108x108x65x300)
INFO: stdout 2022-10-12T23:39:26.801143:Compress: "/usr/bin/pigz" -b 960 -n -f -6 "/out/sub-voice964/ses-1/func/sub-voice964_ses-1_task-rest_run-1_bold_heudiconv907.nii"
INFO: stdout 2022-10-12T23:39:26.801143:Conversion required 27.886950 seconds (0.895890 for core code).
INFO: [Node] Finished "convert", elapsed time 27.966743s.
INFO: Post-treating /out/sub-voice964/ses-1/func/sub-voice964_ses-1_task-rest_run-1_bold.json file
INFO: Converting /out/sub-voice964/ses-1/fmap/sub-voice964_ses-1_acq-func_dir-PA_run-1_epi (260 DICOMs) -> /out/sub-voice964/ses-1/fmap . Converter: dcm2niix . Output types: ('nii.gz',)
INFO: [Node] Setting-up "convert" in "/tmp/dcm2niix2e8xnp11/convert".
INFO: [Node] Executing "convert" <nipype.interfaces.dcm2nii.Dcm2niix>
INFO: stdout 2022-10-12T23:39:33.394995:Chris Rorden's dcm2niiX version v1.0.20211006  GCC10.2.1 x86-64 (64-bit Linux)
INFO: stdout 2022-10-12T23:39:33.394995:Found 260 DICOM file(s)
INFO: stdout 2022-10-12T23:39:33.394995:Convert 260 DICOM as /out/sub-voice964/ses-1/fmap/sub-voice964_ses-1_acq-func_dir-PA_run-1_epi_heudiconv116 (108x108x65x4)
INFO: stdout 2022-10-12T23:39:33.964007:Compress: "/usr/bin/pigz" -b 960 -n -f -6 "/out/sub-voice964/ses-1/fmap/sub-voice964_ses-1_acq-func_dir-PA_run-1_epi_heudiconv116.nii"
INFO: stdout 2022-10-12T23:39:33.964007:Conversion required 5.298002 seconds (0.213697 for core code).
INFO: [Node] Finished "convert", elapsed time 5.364059s.
WARNING: Failed to find task field in /out/sub-voice964/ses-1/fmap/sub-voice964_ses-1_acq-func_dir-PA_run-1_epi.json.
INFO: Post-treating /out/sub-voice964/ses-1/fmap/sub-voice964_ses-1_acq-func_dir-PA_run-1_epi.json file
INFO: Converting /out/sub-voice964/ses-1/fmap/sub-voice964_ses-1_acq-func_dir-AP_run-2_epi (260 DICOMs) -> /out/sub-voice964/ses-1/fmap . Converter: dcm2niix . Output types: ('nii.gz',)
INFO: [Node] Setting-up "convert" in "/tmp/dcm2niix5jomh4rx/convert".
INFO: [Node] Executing "convert" <nipype.interfaces.dcm2nii.Dcm2niix>
INFO: stdout 2022-10-12T23:39:38.369221:Chris Rorden's dcm2niiX version v1.0.20211006  GCC10.2.1 x86-64 (64-bit Linux)
INFO: stdout 2022-10-12T23:39:38.369221:Found 260 DICOM file(s)
INFO: stdout 2022-10-12T23:39:38.369221:Convert 260 DICOM as /out/sub-voice964/ses-1/fmap/sub-voice964_ses-1_acq-func_dir-AP_run-2_epi_heudiconv025 (108x108x65x4)
INFO: stdout 2022-10-12T23:39:38.856088:Compress: "/usr/bin/pigz" -b 960 -n -f -6 "/out/sub-voice964/ses-1/fmap/sub-voice964_ses-1_acq-func_dir-AP_run-2_epi_heudiconv025.nii"
INFO: stdout 2022-10-12T23:39:38.856088:Conversion required 3.779242 seconds (0.236382 for core code).
INFO: [Node] Finished "convert", elapsed time 3.890626s.
WARNING: Failed to find task field in /out/sub-voice964/ses-1/fmap/sub-voice964_ses-1_acq-func_dir-AP_run-2_epi.json.
INFO: Post-treating /out/sub-voice964/ses-1/fmap/sub-voice964_ses-1_acq-func_dir-AP_run-2_epi.json file
INFO: Converting /out/sub-voice964/ses-1/dwi/sub-voice964_ses-1_acq-PA_dwi (72 DICOMs) -> /out/sub-voice964/ses-1/dwi . Converter: dcm2niix . Output types: ('nii.gz',)
INFO: [Node] Setting-up "convert" in "/tmp/dcm2niixz9e8fjbw/convert".
INFO: [Node] Executing "convert" <nipype.interfaces.dcm2nii.Dcm2niix>
INFO: stdout 2022-10-12T23:39:41.388758:Chris Rorden's dcm2niiX version v1.0.20211006  GCC10.2.1 x86-64 (64-bit Linux)
INFO: stdout 2022-10-12T23:39:41.388758:Found 72 DICOM file(s)
INFO: stdout 2022-10-12T23:39:41.388758:Warning: Slice timing appears corrupted (range 0..8.63999e+07, TR=4400 ms)
INFO: stdout 2022-10-12T23:39:41.388758:Convert 72 DICOM as /out/sub-voice964/ses-1/dwi/sub-voice964_ses-1_acq-PA_dwi_heudiconv191 (120x120x66x72)
INFO: stdout 2022-10-12T23:39:49.698589:Compress: "/usr/bin/pigz" -b 960 -n -f -6 "/out/sub-voice964/ses-1/dwi/sub-voice964_ses-1_acq-PA_dwi_heudiconv191.nii"
INFO: stdout 2022-10-12T23:39:49.698589:Conversion required 10.127910 seconds (0.334149 for core code).
INFO: [Node] Finished "convert", elapsed time 10.249113s.
WARNING: Failed to find task field in /out/sub-voice964/ses-1/dwi/sub-voice964_ses-1_acq-PA_dwi.json.
INFO: Post-treating /out/sub-voice964/ses-1/dwi/sub-voice964_ses-1_acq-PA_dwi.json file
INFO: Converting /out/sub-voice964/ses-1/dwi/sub-voice964_ses-1_acq-AP_dwi (7 DICOMs) -> /out/sub-voice964/ses-1/dwi . Converter: dcm2niix . Output types: ('nii.gz',)
INFO: [Node] Setting-up "convert" in "/tmp/dcm2niixx2dt5viw/convert".
INFO: [Node] Executing "convert" <nipype.interfaces.dcm2nii.Dcm2niix>
INFO: stdout 2022-10-12T23:39:50.705115:Chris Rorden's dcm2niiX version v1.0.20211006  GCC10.2.1 x86-64 (64-bit Linux)
INFO: stdout 2022-10-12T23:39:50.705115:Found 7 DICOM file(s)
INFO: stdout 2022-10-12T23:39:50.705115:Warning: Slice timing appears corrupted (range 0..8.63999e+07, TR=4400 ms)
INFO: stdout 2022-10-12T23:39:50.705115:Convert 7 DICOM as /out/sub-voice964/ses-1/dwi/sub-voice964_ses-1_acq-AP_dwi_heudiconv329 (120x120x66x7)
INFO: stdout 2022-10-12T23:39:51.834068:Compress: "/usr/bin/pigz" -b 960 -n -f -6 "/out/sub-voice964/ses-1/dwi/sub-voice964_ses-1_acq-AP_dwi_heudiconv329.nii"
INFO: stdout 2022-10-12T23:39:51.834068:Conversion required 1.669761 seconds (0.064790 for core code).
INFO: [Node] Finished "convert", elapsed time 1.8608479999999998s.
WARNING: Failed to find task field in /out/sub-voice964/ses-1/dwi/sub-voice964_ses-1_acq-AP_dwi.json.
INFO: Post-treating /out/sub-voice964/ses-1/dwi/sub-voice964_ses-1_acq-AP_dwi.json file
INFO: Converting /out/sub-voice964/ses-1/func/sub-voice964_ses-1_task-pataka_run-1_bold (207 DICOMs) -> /out/sub-voice964/ses-1/func . Converter: dcm2niix . Output types: ('nii.gz',)
INFO: [Node] Setting-up "convert" in "/tmp/dcm2niixhi9arl5l/convert".
INFO: [Node] Executing "convert" <nipype.interfaces.dcm2nii.Dcm2niix>
INFO: stdout 2022-10-12T23:39:55.950181:Chris Rorden's dcm2niiX version v1.0.20211006  GCC10.2.1 x86-64 (64-bit Linux)
INFO: stdout 2022-10-12T23:39:55.950181:Found 207 DICOM file(s)
INFO: stdout 2022-10-12T23:39:55.950181:Warning: Slice timing appears corrupted (range 0..3135, TR=1640 ms)
INFO: stdout 2022-10-12T23:39:55.950181:Convert 207 DICOM as /out/sub-voice964/ses-1/func/sub-voice964_ses-1_task-pataka_run-1_bold_heudiconv643 (72x72x45x207)
INFO: stdout 2022-10-12T23:40:01.616454:Compress: "/usr/bin/pigz" -b 960 -n -f -6 "/out/sub-voice964/ses-1/func/sub-voice964_ses-1_task-pataka_run-1_bold_heudiconv643.nii"
INFO: stdout 2022-10-12T23:40:01.616454:Conversion required 8.716195 seconds (0.381138 for core code).
INFO: [Node] Finished "convert", elapsed time 8.796319s.
INFO: Post-treating /out/sub-voice964/ses-1/func/sub-voice964_ses-1_task-pataka_run-1_bold.json file
INFO: Converting /out/sub-voice964/ses-1/func/sub-voice964_ses-1_task-pataka_run-2_bold (207 DICOMs) -> /out/sub-voice964/ses-1/func . Converter: dcm2niix . Output types: ('nii.gz',)
INFO: [Node] Setting-up "convert" in "/tmp/dcm2niix8x6_2kw9/convert".
INFO: [Node] Executing "convert" <nipype.interfaces.dcm2nii.Dcm2niix>
INFO: stdout 2022-10-12T23:40:04.066195:Chris Rorden's dcm2niiX version v1.0.20211006  GCC10.2.1 x86-64 (64-bit Linux)
INFO: stdout 2022-10-12T23:40:04.066195:Found 207 DICOM file(s)
INFO: stdout 2022-10-12T23:40:04.066195:Warning: Slice timing appears corrupted (range 0..3137.5, TR=1640 ms)
INFO: stdout 2022-10-12T23:40:04.066195:Convert 207 DICOM as /out/sub-voice964/ses-1/func/sub-voice964_ses-1_task-pataka_run-2_bold_heudiconv974 (72x72x45x207)
INFO: stdout 2022-10-12T23:40:10.378994:Compress: "/usr/bin/pigz" -b 960 -n -f -6 "/out/sub-voice964/ses-1/func/sub-voice964_ses-1_task-pataka_run-2_bold_heudiconv974.nii"
INFO: stdout 2022-10-12T23:40:10.378994:Conversion required 7.698287 seconds (0.283722 for core code).
INFO: [Node] Finished "convert", elapsed time 7.812488s.
INFO: Post-treating /out/sub-voice964/ses-1/func/sub-voice964_ses-1_task-pataka_run-2_bold.json file
INFO: Converting /out/sub-voice964/ses-1/func/sub-voice964_ses-1_task-nwr_run-1_bold (42 DICOMs) -> /out/sub-voice964/ses-1/func . Converter: dcm2niix . Output types: ('nii.gz',)
INFO: [Node] Setting-up "convert" in "/tmp/dcm2niixnch9385d/convert".
INFO: [Node] Executing "convert" <nipype.interfaces.dcm2nii.Dcm2niix>
INFO: stdout 2022-10-12T23:40:11.322165:Chris Rorden's dcm2niiX version v1.0.20211006  GCC10.2.1 x86-64 (64-bit Linux)
INFO: stdout 2022-10-12T23:40:11.322165:Found 42 DICOM file(s)
INFO: stdout 2022-10-12T23:40:11.322165:Warning: Slice timing appears corrupted (range 0..5357.5, TR=4000 ms)
INFO: stdout 2022-10-12T23:40:11.322165:Convert 42 DICOM as /out/sub-voice964/ses-1/func/sub-voice964_ses-1_task-nwr_run-1_bold_heudiconv431 (108x108x65x42)
INFO: stdout 2022-10-12T23:40:15.235124:Compress: "/usr/bin/pigz" -b 960 -n -f -6 "/out/sub-voice964/ses-1/func/sub-voice964_ses-1_task-nwr_run-1_bold_heudiconv431.nii"
INFO: stdout 2022-10-12T23:40:15.235124:Conversion required 4.255676 seconds (0.137767 for core code).
INFO: [Node] Finished "convert", elapsed time 4.426814s.
INFO: Post-treating /out/sub-voice964/ses-1/func/sub-voice964_ses-1_task-nwr_run-1_bold.json file
INFO: Converting /out/sub-voice964/ses-1/func/sub-voice964_ses-1_task-nwr_run-2_bold (42 DICOMs) -> /out/sub-voice964/ses-1/func . Converter: dcm2niix . Output types: ('nii.gz',)
INFO: [Node] Setting-up "convert" in "/tmp/dcm2niixi2cps6ob/convert".
INFO: [Node] Executing "convert" <nipype.interfaces.dcm2nii.Dcm2niix>
INFO: stdout 2022-10-12T23:40:17.378764:Chris Rorden's dcm2niiX version v1.0.20211006  GCC10.2.1 x86-64 (64-bit Linux)
INFO: stdout 2022-10-12T23:40:17.378764:Found 42 DICOM file(s)
INFO: stdout 2022-10-12T23:40:17.378764:Warning: Slice timing appears corrupted (range 0..5357.5, TR=4000 ms)
INFO: stdout 2022-10-12T23:40:17.378764:Convert 42 DICOM as /out/sub-voice964/ses-1/func/sub-voice964_ses-1_task-nwr_run-2_bold_heudiconv684 (108x108x65x42)
INFO: stdout 2022-10-12T23:40:21.337057:Compress: "/usr/bin/pigz" -b 960 -n -f -6 "/out/sub-voice964/ses-1/func/sub-voice964_ses-1_task-nwr_run-2_bold_heudiconv684.nii"
INFO: stdout 2022-10-12T23:40:21.337057:Conversion required 4.487171 seconds (0.192262 for core code).
INFO: [Node] Finished "convert", elapsed time 4.606611s.
INFO: Post-treating /out/sub-voice964/ses-1/func/sub-voice964_ses-1_task-nwr_run-2_bold.json file
INFO: Converting /out/sub-voice964/ses-1/func/sub-voice964_ses-1_task-nwr_run-3_bold (42 DICOMs) -> /out/sub-voice964/ses-1/func . Converter: dcm2niix . Output types: ('nii.gz',)
INFO: [Node] Setting-up "convert" in "/tmp/dcm2niixgobym_d3/convert".
INFO: [Node] Executing "convert" <nipype.interfaces.dcm2nii.Dcm2niix>
INFO: stdout 2022-10-12T23:40:21.813335:Chris Rorden's dcm2niiX version v1.0.20211006  GCC10.2.1 x86-64 (64-bit Linux)
INFO: stdout 2022-10-12T23:40:21.813335:Found 42 DICOM file(s)
INFO: stdout 2022-10-12T23:40:21.813335:Warning: Slice timing appears corrupted (range 0..5357.5, TR=4000 ms)
INFO: stdout 2022-10-12T23:40:21.813335:Convert 42 DICOM as /out/sub-voice964/ses-1/func/sub-voice964_ses-1_task-nwr_run-3_bold_heudiconv896 (108x108x65x42)
INFO: stdout 2022-10-12T23:40:25.543926:Compress: "/usr/bin/pigz" -b 960 -n -f -6 "/out/sub-voice964/ses-1/func/sub-voice964_ses-1_task-nwr_run-3_bold_heudiconv896.nii"
INFO: stdout 2022-10-12T23:40:25.543926:Conversion required 3.974289 seconds (0.129017 for core code).
INFO: [Node] Finished "convert", elapsed time 4.1491109999999995s.
INFO: Post-treating /out/sub-voice964/ses-1/func/sub-voice964_ses-1_task-nwr_run-3_bold.json file
INFO: Converting /out/sub-voice964/ses-1/func/sub-voice964_ses-1_task-facematch_run-1_bold (99 DICOMs) -> /out/sub-voice964/ses-1/func . Converter: dcm2niix . Output types: ('nii.gz',)
INFO: [Node] Setting-up "convert" in "/tmp/dcm2niix6l1b47u1/convert".
INFO: [Node] Executing "convert" <nipype.interfaces.dcm2nii.Dcm2niix>
INFO: stdout 2022-10-12T23:40:27.644908:Chris Rorden's dcm2niiX version v1.0.20211006  GCC10.2.1 x86-64 (64-bit Linux)
INFO: stdout 2022-10-12T23:40:27.644908:Found 99 DICOM file(s)
INFO: stdout 2022-10-12T23:40:27.644908:Warning: Slice timing appears corrupted (range 0..5360, TR=2000 ms)
INFO: stdout 2022-10-12T23:40:27.644908:Convert 99 DICOM as /out/sub-voice964/ses-1/func/sub-voice964_ses-1_task-facematch_run-1_bold_heudiconv201 (108x108x65x99)
INFO: stdout 2022-10-12T23:40:37.009119:Compress: "/usr/bin/pigz" -b 960 -n -f -6 "/out/sub-voice964/ses-1/func/sub-voice964_ses-1_task-facematch_run-1_bold_heudiconv201.nii"
INFO: stdout 2022-10-12T23:40:37.009119:Conversion required 10.295531 seconds (0.367802 for core code).
INFO: [Node] Finished "convert", elapsed time 10.361822s.
INFO: Post-treating /out/sub-voice964/ses-1/func/sub-voice964_ses-1_task-facematch_run-1_bold.json file
INFO: Converting /out/sub-voice964/ses-1/func/sub-voice964_ses-1_task-facematch_run-2_bold (99 DICOMs) -> /out/sub-voice964/ses-1/func . Converter: dcm2niix . Output types: ('nii.gz',)
INFO: [Node] Setting-up "convert" in "/tmp/dcm2niixn7y7f_za/convert".
INFO: [Node] Executing "convert" <nipype.interfaces.dcm2nii.Dcm2niix>
INFO: stdout 2022-10-12T23:40:37.680478:Chris Rorden's dcm2niiX version v1.0.20211006  GCC10.2.1 x86-64 (64-bit Linux)
INFO: stdout 2022-10-12T23:40:37.680478:Found 99 DICOM file(s)
INFO: stdout 2022-10-12T23:40:37.680478:Warning: Slice timing appears corrupted (range 0..5360, TR=2000 ms)
INFO: stdout 2022-10-12T23:40:37.680478:Convert 99 DICOM as /out/sub-voice964/ses-1/func/sub-voice964_ses-1_task-facematch_run-2_bold_heudiconv499 (108x108x65x99)
INFO: stdout 2022-10-12T23:40:47.033889:Compress: "/usr/bin/pigz" -b 960 -n -f -6 "/out/sub-voice964/ses-1/func/sub-voice964_ses-1_task-facematch_run-2_bold_heudiconv499.nii"
INFO: stdout 2022-10-12T23:40:47.033889:Conversion required 9.807778 seconds (0.275164 for core code).
INFO: [Node] Finished "convert", elapsed time 9.920418s.
INFO: Post-treating /out/sub-voice964/ses-1/func/sub-voice964_ses-1_task-facematch_run-2_bold.json file
INFO: Converting /out/sub-voice964/ses-1/func/sub-voice964_ses-1_task-emosent_run-1_bold (48 DICOMs) -> /out/sub-voice964/ses-1/func . Converter: dcm2niix . Output types: ('nii.gz',)
INFO: [Node] Setting-up "convert" in "/tmp/dcm2niixax5ppnkz/convert".
INFO: [Node] Executing "convert" <nipype.interfaces.dcm2nii.Dcm2niix>
INFO: stdout 2022-10-12T23:40:47.692989:Chris Rorden's dcm2niiX version v1.0.20211006  GCC10.2.1 x86-64 (64-bit Linux)
INFO: stdout 2022-10-12T23:40:47.692989:Found 48 DICOM file(s)
INFO: stdout 2022-10-12T23:40:47.692989:Warning: Slice timing appears corrupted (range 0..5360, TR=4000 ms)
INFO: stdout 2022-10-12T23:40:47.692989:Convert 48 DICOM as /out/sub-voice964/ses-1/func/sub-voice964_ses-1_task-emosent_run-1_bold_heudiconv299 (108x108x65x48)
INFO: stdout 2022-10-12T23:40:51.983432:Compress: "/usr/bin/pigz" -b 960 -n -f -6 "/out/sub-voice964/ses-1/func/sub-voice964_ses-1_task-emosent_run-1_bold_heudiconv299.nii"
INFO: stdout 2022-10-12T23:40:51.983432:Conversion required 4.648969 seconds (0.144738 for core code).
INFO: [Node] Finished "convert", elapsed time 4.706481s.
INFO: Post-treating /out/sub-voice964/ses-1/func/sub-voice964_ses-1_task-emosent_run-1_bold.json file
INFO: Converting /out/sub-voice964/ses-1/func/sub-voice964_ses-1_task-emosent_run-2_bold (48 DICOMs) -> /out/sub-voice964/ses-1/func . Converter: dcm2niix . Output types: ('nii.gz',)
INFO: [Node] Setting-up "convert" in "/tmp/dcm2niix9bp8sa72/convert".
INFO: [Node] Executing "convert" <nipype.interfaces.dcm2nii.Dcm2niix>
INFO: stdout 2022-10-12T23:40:52.461247:Chris Rorden's dcm2niiX version v1.0.20211006  GCC10.2.1 x86-64 (64-bit Linux)
INFO: stdout 2022-10-12T23:40:52.461247:Found 48 DICOM file(s)
INFO: stdout 2022-10-12T23:40:52.461247:Warning: Slice timing appears corrupted (range 0..5357.5, TR=4000 ms)
INFO: stdout 2022-10-12T23:40:52.461247:Convert 48 DICOM as /out/sub-voice964/ses-1/func/sub-voice964_ses-1_task-emosent_run-2_bold_heudiconv514 (108x108x65x48)
INFO: stdout 2022-10-12T23:40:56.468983:Compress: "/usr/bin/pigz" -b 960 -n -f -6 "/out/sub-voice964/ses-1/func/sub-voice964_ses-1_task-emosent_run-2_bold_heudiconv514.nii"
INFO: stdout 2022-10-12T23:40:56.468983:Conversion required 4.259702 seconds (0.137768 for core code).
INFO: [Node] Finished "convert", elapsed time 4.310221s.
INFO: Post-treating /out/sub-voice964/ses-1/func/sub-voice964_ses-1_task-emosent_run-2_bold.json file
INFO: Converting /out/sub-voice964/ses-1/func/sub-voice964_ses-1_task-vowel_run-1_bold (60 DICOMs) -> /out/sub-voice964/ses-1/func . Converter: dcm2niix . Output types: ('nii.gz',)
INFO: [Node] Setting-up "convert" in "/tmp/dcm2niixa6uscvu2/convert".
INFO: [Node] Executing "convert" <nipype.interfaces.dcm2nii.Dcm2niix>
INFO: stdout 2022-10-12T23:40:57.012658:Chris Rorden's dcm2niiX version v1.0.20211006  GCC10.2.1 x86-64 (64-bit Linux)
INFO: stdout 2022-10-12T23:40:57.012658:Found 60 DICOM file(s)
INFO: stdout 2022-10-12T23:40:57.012658:Warning: Slice timing appears corrupted (range 0..5360, TR=4000 ms)
INFO: stdout 2022-10-12T23:40:57.012658:Convert 60 DICOM as /out/sub-voice964/ses-1/func/sub-voice964_ses-1_task-vowel_run-1_bold_heudiconv688 (108x108x65x60)
INFO: stdout 2022-10-12T23:41:02.181034:Compress: "/usr/bin/pigz" -b 960 -n -f -6 "/out/sub-voice964/ses-1/func/sub-voice964_ses-1_task-vowel_run-1_bold_heudiconv688.nii"
INFO: stdout 2022-10-12T23:41:02.181034:Conversion required 5.500475 seconds (0.189019 for core code).
INFO: [Node] Finished "convert", elapsed time 5.552411s.
INFO: Post-treating /out/sub-voice964/ses-1/func/sub-voice964_ses-1_task-vowel_run-1_bold.json file
INFO: Converting /out/sub-voice964/ses-1/func/sub-voice964_ses-1_task-vowel_run-2_bold (60 DICOMs) -> /out/sub-voice964/ses-1/func . Converter: dcm2niix . Output types: ('nii.gz',)
INFO: [Node] Setting-up "convert" in "/tmp/dcm2niixpedjkwa1/convert".
INFO: [Node] Executing "convert" <nipype.interfaces.dcm2nii.Dcm2niix>
INFO: stdout 2022-10-12T23:41:02.757870:Chris Rorden's dcm2niiX version v1.0.20211006  GCC10.2.1 x86-64 (64-bit Linux)
INFO: stdout 2022-10-12T23:41:02.757870:Found 60 DICOM file(s)
INFO: stdout 2022-10-12T23:41:02.757870:Warning: Slice timing appears corrupted (range 0..5357.5, TR=4000 ms)
INFO: stdout 2022-10-12T23:41:02.757870:Convert 60 DICOM as /out/sub-voice964/ses-1/func/sub-voice964_ses-1_task-vowel_run-2_bold_heudiconv140 (108x108x65x60)
INFO: stdout 2022-10-12T23:41:07.583282:Compress: "/usr/bin/pigz" -b 960 -n -f -6 "/out/sub-voice964/ses-1/func/sub-voice964_ses-1_task-vowel_run-2_bold_heudiconv140.nii"
INFO: stdout 2022-10-12T23:41:07.583282:Conversion required 5.093262 seconds (0.166721 for core code).
INFO: [Node] Finished "convert", elapsed time 5.245102s.
INFO: Post-treating /out/sub-voice964/ses-1/func/sub-voice964_ses-1_task-vowel_run-2_bold.json file
INFO: Populating template files under /out/
INFO: PROCESSING DONE: {'subject': 'voice964', 'outdir': '/out/', 'session': '1'}
