INFO: Running heudiconv version 0.11.3+d20220512 latest 0.11.4
INFO: Need to process 1 study sessions
INFO: PROCESSING STARTS: {'subject': 'voice953', 'outdir': '/out/', 'session': '1'}
INFO: Processing 4136 dicoms
INFO: Analyzing 4136 dicoms
INFO: Generated sequence info for 38 accession numbers with 4136 entries total
INFO: Doing conversion using dcm2niix
INFO: Converting /out/sub-voice953/ses-1/func/sub-voice953_ses-1_task-rest_run-1_bold (300 DICOMs) -> /out/sub-voice953/ses-1/func . Converter: dcm2niix . Output types: ('nii.gz',)
WARNING: A newer version (1.8.4) of nipy/nipype is available. You are using 1.8.0
INFO: [Node] Setting-up "convert" in "/tmp/dcm2niixjgryrrrl/convert".
INFO: [Node] Executing "convert" <nipype.interfaces.dcm2nii.Dcm2niix>
INFO: stdout 2022-10-07T18:47:31.050072:Chris Rorden's dcm2niiX version v1.0.20211006  GCC10.2.1 x86-64 (64-bit Linux)
INFO: stdout 2022-10-07T18:47:31.050072:Found 300 DICOM file(s)
INFO: stdout 2022-10-07T18:47:31.050072:Warning: Slice timing appears corrupted (range 0..5357.5, TR=1090 ms)
INFO: stdout 2022-10-07T18:47:31.050072:Convert 300 DICOM as /out/sub-voice953/ses-1/func/sub-voice953_ses-1_task-rest_run-1_bold_heudiconv871 (108x108x65x300)
INFO: stdout 2022-10-07T18:48:01.385006:Compress: "/usr/bin/pigz" -b 960 -n -f -6 "/out/sub-voice953/ses-1/func/sub-voice953_ses-1_task-rest_run-1_bold_heudiconv871.nii"
INFO: stdout 2022-10-07T18:48:01.385006:Conversion required 31.004367 seconds (0.850974 for core code).
INFO: [Node] Finished "convert", elapsed time 31.05322s.
INFO: Post-treating /out/sub-voice953/ses-1/func/sub-voice953_ses-1_task-rest_run-1_bold.json file
INFO: Converting /out/sub-voice953/ses-1/fmap/sub-voice953_ses-1_acq-func_dir-PA_run-1_epi (260 DICOMs) -> /out/sub-voice953/ses-1/fmap . Converter: dcm2niix . Output types: ('nii.gz',)
INFO: [Node] Setting-up "convert" in "/tmp/dcm2niix3e4yyjz2/convert".
INFO: [Node] Executing "convert" <nipype.interfaces.dcm2nii.Dcm2niix>
INFO: stdout 2022-10-07T18:48:02.204408:Chris Rorden's dcm2niiX version v1.0.20211006  GCC10.2.1 x86-64 (64-bit Linux)
INFO: stdout 2022-10-07T18:48:02.204408:Found 260 DICOM file(s)
INFO: stdout 2022-10-07T18:48:02.204408:Convert 260 DICOM as /out/sub-voice953/ses-1/fmap/sub-voice953_ses-1_acq-func_dir-PA_run-1_epi_heudiconv885 (108x108x65x4)
INFO: stdout 2022-10-07T18:48:02.657467:Compress: "/usr/bin/pigz" -b 960 -n -f -6 "/out/sub-voice953/ses-1/fmap/sub-voice953_ses-1_acq-func_dir-PA_run-1_epi_heudiconv885.nii"
INFO: stdout 2022-10-07T18:48:02.657467:Conversion required 0.766774 seconds (0.139678 for core code).
INFO: [Node] Finished "convert", elapsed time 0.824678s.
WARNING: Failed to find task field in /out/sub-voice953/ses-1/fmap/sub-voice953_ses-1_acq-func_dir-PA_run-1_epi.json.
INFO: Post-treating /out/sub-voice953/ses-1/fmap/sub-voice953_ses-1_acq-func_dir-PA_run-1_epi.json file
INFO: Converting /out/sub-voice953/ses-1/fmap/sub-voice953_ses-1_acq-func_dir-AP_run-2_epi (260 DICOMs) -> /out/sub-voice953/ses-1/fmap . Converter: dcm2niix . Output types: ('nii.gz',)
INFO: [Node] Setting-up "convert" in "/tmp/dcm2niix4l6zapw9/convert".
INFO: [Node] Executing "convert" <nipype.interfaces.dcm2nii.Dcm2niix>
INFO: stdout 2022-10-07T18:48:03.282918:Chris Rorden's dcm2niiX version v1.0.20211006  GCC10.2.1 x86-64 (64-bit Linux)
INFO: stdout 2022-10-07T18:48:03.282918:Found 260 DICOM file(s)
INFO: stdout 2022-10-07T18:48:03.282918:Convert 260 DICOM as /out/sub-voice953/ses-1/fmap/sub-voice953_ses-1_acq-func_dir-AP_run-2_epi_heudiconv208 (108x108x65x4)
INFO: stdout 2022-10-07T18:48:03.759371:Compress: "/usr/bin/pigz" -b 960 -n -f -6 "/out/sub-voice953/ses-1/fmap/sub-voice953_ses-1_acq-func_dir-AP_run-2_epi_heudiconv208.nii"
INFO: stdout 2022-10-07T18:48:03.759371:Conversion required 0.730591 seconds (0.136460 for core code).
INFO: [Node] Finished "convert", elapsed time 0.781477s.
WARNING: Failed to find task field in /out/sub-voice953/ses-1/fmap/sub-voice953_ses-1_acq-func_dir-AP_run-2_epi.json.
INFO: Post-treating /out/sub-voice953/ses-1/fmap/sub-voice953_ses-1_acq-func_dir-AP_run-2_epi.json file
INFO: Converting /out/sub-voice953/ses-1/dwi/sub-voice953_ses-1_acq-PA_dwi (72 DICOMs) -> /out/sub-voice953/ses-1/dwi . Converter: dcm2niix . Output types: ('nii.gz',)
INFO: [Node] Setting-up "convert" in "/tmp/dcm2niixjizj8r3_/convert".
INFO: [Node] Executing "convert" <nipype.interfaces.dcm2nii.Dcm2niix>
INFO: stdout 2022-10-07T18:48:10.707127:Chris Rorden's dcm2niiX version v1.0.20211006  GCC10.2.1 x86-64 (64-bit Linux)
INFO: stdout 2022-10-07T18:48:10.707127:Found 72 DICOM file(s)
INFO: stdout 2022-10-07T18:48:10.707127:Warning: Slice timing appears corrupted (range 0..8.63999e+07, TR=4400 ms)
INFO: stdout 2022-10-07T18:48:10.707127:Convert 72 DICOM as /out/sub-voice953/ses-1/dwi/sub-voice953_ses-1_acq-PA_dwi_heudiconv494 (120x120x66x72)
INFO: stdout 2022-10-07T18:48:20.224528:Compress: "/usr/bin/pigz" -b 960 -n -f -6 "/out/sub-voice953/ses-1/dwi/sub-voice953_ses-1_acq-PA_dwi_heudiconv494.nii"
INFO: stdout 2022-10-07T18:48:20.224528:Conversion required 16.244709 seconds (0.388574 for core code).
INFO: [Node] Finished "convert", elapsed time 16.29418s.
WARNING: Failed to find task field in /out/sub-voice953/ses-1/dwi/sub-voice953_ses-1_acq-PA_dwi.json.
INFO: Post-treating /out/sub-voice953/ses-1/dwi/sub-voice953_ses-1_acq-PA_dwi.json file
INFO: Converting /out/sub-voice953/ses-1/dwi/sub-voice953_ses-1_acq-AP_dwi (7 DICOMs) -> /out/sub-voice953/ses-1/dwi . Converter: dcm2niix . Output types: ('nii.gz',)
INFO: [Node] Setting-up "convert" in "/tmp/dcm2niixiwu1irrx/convert".
INFO: [Node] Executing "convert" <nipype.interfaces.dcm2nii.Dcm2niix>
INFO: stdout 2022-10-07T18:48:22.479688:Chris Rorden's dcm2niiX version v1.0.20211006  GCC10.2.1 x86-64 (64-bit Linux)
INFO: stdout 2022-10-07T18:48:22.479688:Found 7 DICOM file(s)
INFO: stdout 2022-10-07T18:48:22.479688:Warning: Slice timing appears corrupted (range 0..8.63999e+07, TR=4400 ms)
INFO: stdout 2022-10-07T18:48:22.479688:Convert 7 DICOM as /out/sub-voice953/ses-1/dwi/sub-voice953_ses-1_acq-AP_dwi_heudiconv656 (120x120x66x7)
INFO: stdout 2022-10-07T18:48:23.485733:Compress: "/usr/bin/pigz" -b 960 -n -f -6 "/out/sub-voice953/ses-1/dwi/sub-voice953_ses-1_acq-AP_dwi_heudiconv656.nii"
INFO: stdout 2022-10-07T18:48:23.485733:Conversion required 2.918190 seconds (0.046567 for core code).
INFO: [Node] Finished "convert", elapsed time 2.97959s.
WARNING: Failed to find task field in /out/sub-voice953/ses-1/dwi/sub-voice953_ses-1_acq-AP_dwi.json.
INFO: Post-treating /out/sub-voice953/ses-1/dwi/sub-voice953_ses-1_acq-AP_dwi.json file
INFO: Converting /out/sub-voice953/ses-1/anat/sub-voice953_ses-1_run-1_T1w (176 DICOMs) -> /out/sub-voice953/ses-1/anat . Converter: dcm2niix . Output types: ('nii.gz',)
INFO: [Node] Setting-up "convert" in "/tmp/dcm2niixdto73n8y/convert".
INFO: [Node] Executing "convert" <nipype.interfaces.dcm2nii.Dcm2niix>
INFO: stdout 2022-10-07T18:48:25.175645:Chris Rorden's dcm2niiX version v1.0.20211006  GCC10.2.1 x86-64 (64-bit Linux)
INFO: stdout 2022-10-07T18:48:25.175645:Found 176 DICOM file(s)
INFO: stdout 2022-10-07T18:48:25.175645:Convert 176 DICOM as /out/sub-voice953/ses-1/anat/sub-voice953_ses-1_run-1_T1w_heudiconv157 (256x256x176x1)
INFO: stdout 2022-10-07T18:48:26.963236:Compress: "/usr/bin/pigz" -b 960 -n -f -6 "/out/sub-voice953/ses-1/anat/sub-voice953_ses-1_run-1_T1w_heudiconv157.nii"
INFO: stdout 2022-10-07T18:48:26.963236:Conversion required 2.522346 seconds (0.249802 for core code).
INFO: [Node] Finished "convert", elapsed time 2.588372s.
WARNING: Failed to find task field in /out/sub-voice953/ses-1/anat/sub-voice953_ses-1_run-1_T1w.json.
INFO: Post-treating /out/sub-voice953/ses-1/anat/sub-voice953_ses-1_run-1_T1w.json file
INFO: Converting /out/sub-voice953/ses-1/func/sub-voice953_ses-1_task-pataka_run-1_bold (207 DICOMs) -> /out/sub-voice953/ses-1/func . Converter: dcm2niix . Output types: ('nii.gz',)
INFO: [Node] Setting-up "convert" in "/tmp/dcm2niixwi2oamv4/convert".
INFO: [Node] Executing "convert" <nipype.interfaces.dcm2nii.Dcm2niix>
INFO: stdout 2022-10-07T18:48:28.970212:Chris Rorden's dcm2niiX version v1.0.20211006  GCC10.2.1 x86-64 (64-bit Linux)
INFO: stdout 2022-10-07T18:48:28.970212:Found 207 DICOM file(s)
INFO: stdout 2022-10-07T18:48:28.970212:Warning: Slice timing appears corrupted (range 0..3135, TR=1640 ms)
INFO: stdout 2022-10-07T18:48:28.970212:Convert 207 DICOM as /out/sub-voice953/ses-1/func/sub-voice953_ses-1_task-pataka_run-1_bold_heudiconv768 (72x72x45x207)
INFO: stdout 2022-10-07T18:48:35.598154:Compress: "/usr/bin/pigz" -b 960 -n -f -6 "/out/sub-voice953/ses-1/func/sub-voice953_ses-1_task-pataka_run-1_bold_heudiconv768.nii"
INFO: stdout 2022-10-07T18:48:35.598154:Conversion required 7.517267 seconds (0.326766 for core code).
INFO: [Node] Finished "convert", elapsed time 7.603832s.
INFO: Post-treating /out/sub-voice953/ses-1/func/sub-voice953_ses-1_task-pataka_run-1_bold.json file
INFO: Converting /out/sub-voice953/ses-1/func/sub-voice953_ses-1_task-pataka_run-2_bold (207 DICOMs) -> /out/sub-voice953/ses-1/func . Converter: dcm2niix . Output types: ('nii.gz',)
INFO: [Node] Setting-up "convert" in "/tmp/dcm2niixwacn6r0y/convert".
INFO: [Node] Executing "convert" <nipype.interfaces.dcm2nii.Dcm2niix>
INFO: stdout 2022-10-07T18:48:38.196106:Chris Rorden's dcm2niiX version v1.0.20211006  GCC10.2.1 x86-64 (64-bit Linux)
INFO: stdout 2022-10-07T18:48:38.196106:Found 207 DICOM file(s)
INFO: stdout 2022-10-07T18:48:38.196106:Warning: Slice timing appears corrupted (range 0..3135, TR=1640 ms)
INFO: stdout 2022-10-07T18:48:38.196106:Convert 207 DICOM as /out/sub-voice953/ses-1/func/sub-voice953_ses-1_task-pataka_run-2_bold_heudiconv634 (72x72x45x207)
INFO: stdout 2022-10-07T18:48:44.713586:Compress: "/usr/bin/pigz" -b 960 -n -f -6 "/out/sub-voice953/ses-1/func/sub-voice953_ses-1_task-pataka_run-2_bold_heudiconv634.nii"
INFO: stdout 2022-10-07T18:48:44.713586:Conversion required 7.319548 seconds (0.264273 for core code).
INFO: [Node] Finished "convert", elapsed time 7.371865s.
INFO: Post-treating /out/sub-voice953/ses-1/func/sub-voice953_ses-1_task-pataka_run-2_bold.json file
INFO: Converting /out/sub-voice953/ses-1/func/sub-voice953_ses-1_task-pitchsent_run-1_bold (64 DICOMs) -> /out/sub-voice953/ses-1/func . Converter: dcm2niix . Output types: ('nii.gz',)
INFO: [Node] Setting-up "convert" in "/tmp/dcm2niixz7gczeys/convert".
INFO: [Node] Executing "convert" <nipype.interfaces.dcm2nii.Dcm2niix>
INFO: stdout 2022-10-07T18:48:45.427831:Chris Rorden's dcm2niiX version v1.0.20211006  GCC10.2.1 x86-64 (64-bit Linux)
INFO: stdout 2022-10-07T18:48:45.427831:Found 64 DICOM file(s)
INFO: stdout 2022-10-07T18:48:45.427831:Warning: Slice timing appears corrupted (range 0..5360, TR=4000 ms)
INFO: stdout 2022-10-07T18:48:45.427831:Convert 64 DICOM as /out/sub-voice953/ses-1/func/sub-voice953_ses-1_task-pitchsent_run-1_bold_heudiconv332 (108x108x65x64)
INFO: stdout 2022-10-07T18:48:51.664374:Compress: "/usr/bin/pigz" -b 960 -n -f -6 "/out/sub-voice953/ses-1/func/sub-voice953_ses-1_task-pitchsent_run-1_bold_heudiconv332.nii"
INFO: stdout 2022-10-07T18:48:51.664374:Conversion required 6.571467 seconds (0.208640 for core code).
INFO: [Node] Finished "convert", elapsed time 6.627488s.
INFO: Post-treating /out/sub-voice953/ses-1/func/sub-voice953_ses-1_task-pitchsent_run-1_bold.json file
INFO: Converting /out/sub-voice953/ses-1/func/sub-voice953_ses-1_task-pitchsent_run-2_bold (64 DICOMs) -> /out/sub-voice953/ses-1/func . Converter: dcm2niix . Output types: ('nii.gz',)
INFO: [Node] Setting-up "convert" in "/tmp/dcm2niix2z2xif99/convert".
INFO: [Node] Executing "convert" <nipype.interfaces.dcm2nii.Dcm2niix>
INFO: stdout 2022-10-07T18:48:52.389736:Chris Rorden's dcm2niiX version v1.0.20211006  GCC10.2.1 x86-64 (64-bit Linux)
INFO: stdout 2022-10-07T18:48:52.389736:Found 64 DICOM file(s)
INFO: stdout 2022-10-07T18:48:52.389736:Warning: Slice timing appears corrupted (range 0..5360, TR=4000 ms)
INFO: stdout 2022-10-07T18:48:52.389736:Convert 64 DICOM as /out/sub-voice953/ses-1/func/sub-voice953_ses-1_task-pitchsent_run-2_bold_heudiconv690 (108x108x65x64)
INFO: stdout 2022-10-07T18:48:58.651349:Compress: "/usr/bin/pigz" -b 960 -n -f -6 "/out/sub-voice953/ses-1/func/sub-voice953_ses-1_task-pitchsent_run-2_bold_heudiconv690.nii"
INFO: stdout 2022-10-07T18:48:58.651349:Conversion required 6.592319 seconds (0.199109 for core code).
INFO: [Node] Finished "convert", elapsed time 6.649142s.
INFO: Post-treating /out/sub-voice953/ses-1/func/sub-voice953_ses-1_task-pitchsent_run-2_bold.json file
INFO: Converting /out/sub-voice953/ses-1/func/sub-voice953_ses-1_task-nwr_run-1_bold (42 DICOMs) -> /out/sub-voice953/ses-1/func . Converter: dcm2niix . Output types: ('nii.gz',)
INFO: [Node] Setting-up "convert" in "/tmp/dcm2niixob86e4dm/convert".
INFO: [Node] Executing "convert" <nipype.interfaces.dcm2nii.Dcm2niix>
INFO: stdout 2022-10-07T18:48:59.143174:Chris Rorden's dcm2niiX version v1.0.20211006  GCC10.2.1 x86-64 (64-bit Linux)
INFO: stdout 2022-10-07T18:48:59.143174:Found 42 DICOM file(s)
INFO: stdout 2022-10-07T18:48:59.143174:Warning: Slice timing appears corrupted (range 0..5360, TR=4000 ms)
INFO: stdout 2022-10-07T18:48:59.143174:Convert 42 DICOM as /out/sub-voice953/ses-1/func/sub-voice953_ses-1_task-nwr_run-1_bold_heudiconv364 (108x108x65x42)
INFO: stdout 2022-10-07T18:49:03.356392:Compress: "/usr/bin/pigz" -b 960 -n -f -6 "/out/sub-voice953/ses-1/func/sub-voice953_ses-1_task-nwr_run-1_bold_heudiconv364.nii"
INFO: stdout 2022-10-07T18:49:03.356392:Conversion required 4.453429 seconds (0.140330 for core code).
INFO: [Node] Finished "convert", elapsed time 4.511274s.
INFO: Post-treating /out/sub-voice953/ses-1/func/sub-voice953_ses-1_task-nwr_run-1_bold.json file
INFO: Converting /out/sub-voice953/ses-1/func/sub-voice953_ses-1_task-nwr_run-2_bold (42 DICOMs) -> /out/sub-voice953/ses-1/func . Converter: dcm2niix . Output types: ('nii.gz',)
INFO: [Node] Setting-up "convert" in "/tmp/dcm2niix5b1bz8ym/convert".
INFO: [Node] Executing "convert" <nipype.interfaces.dcm2nii.Dcm2niix>
INFO: stdout 2022-10-07T18:49:03.905458:Chris Rorden's dcm2niiX version v1.0.20211006  GCC10.2.1 x86-64 (64-bit Linux)
INFO: stdout 2022-10-07T18:49:03.905458:Found 42 DICOM file(s)
INFO: stdout 2022-10-07T18:49:03.905458:Warning: Slice timing appears corrupted (range 0..5357.5, TR=4000 ms)
INFO: stdout 2022-10-07T18:49:03.905458:Convert 42 DICOM as /out/sub-voice953/ses-1/func/sub-voice953_ses-1_task-nwr_run-2_bold_heudiconv121 (108x108x65x42)
INFO: stdout 2022-10-07T18:49:08.197886:Compress: "/usr/bin/pigz" -b 960 -n -f -6 "/out/sub-voice953/ses-1/func/sub-voice953_ses-1_task-nwr_run-2_bold_heudiconv121.nii"
INFO: stdout 2022-10-07T18:49:08.197886:Conversion required 4.548436 seconds (0.137485 for core code).
INFO: [Node] Finished "convert", elapsed time 4.617671s.
INFO: Post-treating /out/sub-voice953/ses-1/func/sub-voice953_ses-1_task-nwr_run-2_bold.json file
INFO: Converting /out/sub-voice953/ses-1/func/sub-voice953_ses-1_task-nwr_run-3_bold (42 DICOMs) -> /out/sub-voice953/ses-1/func . Converter: dcm2niix . Output types: ('nii.gz',)
INFO: [Node] Setting-up "convert" in "/tmp/dcm2niix7f1wjpaw/convert".
INFO: [Node] Executing "convert" <nipype.interfaces.dcm2nii.Dcm2niix>
INFO: stdout 2022-10-07T18:49:08.707636:Chris Rorden's dcm2niiX version v1.0.20211006  GCC10.2.1 x86-64 (64-bit Linux)
INFO: stdout 2022-10-07T18:49:08.707636:Found 42 DICOM file(s)
INFO: stdout 2022-10-07T18:49:08.707636:Warning: Slice timing appears corrupted (range 0..5360, TR=4000 ms)
INFO: stdout 2022-10-07T18:49:08.707636:Convert 42 DICOM as /out/sub-voice953/ses-1/func/sub-voice953_ses-1_task-nwr_run-3_bold_heudiconv335 (108x108x65x42)
INFO: stdout 2022-10-07T18:49:13.033424:Compress: "/usr/bin/pigz" -b 960 -n -f -6 "/out/sub-voice953/ses-1/func/sub-voice953_ses-1_task-nwr_run-3_bold_heudiconv335.nii"
INFO: stdout 2022-10-07T18:49:13.033424:Conversion required 4.536655 seconds (0.130901 for core code).
INFO: [Node] Finished "convert", elapsed time 4.590776s.
INFO: Post-treating /out/sub-voice953/ses-1/func/sub-voice953_ses-1_task-nwr_run-3_bold.json file
INFO: Converting /out/sub-voice953/ses-1/func/sub-voice953_ses-1_task-facematch_run-1_bold (99 DICOMs) -> /out/sub-voice953/ses-1/func . Converter: dcm2niix . Output types: ('nii.gz',)
INFO: [Node] Setting-up "convert" in "/tmp/dcm2niixjoiqtxbq/convert".
INFO: [Node] Executing "convert" <nipype.interfaces.dcm2nii.Dcm2niix>
INFO: stdout 2022-10-07T18:49:14.067878:Chris Rorden's dcm2niiX version v1.0.20211006  GCC10.2.1 x86-64 (64-bit Linux)
INFO: stdout 2022-10-07T18:49:14.067878:Found 99 DICOM file(s)
INFO: stdout 2022-10-07T18:49:14.067878:Warning: Slice timing appears corrupted (range 0..5360, TR=2000 ms)
INFO: stdout 2022-10-07T18:49:14.067878:Convert 99 DICOM as /out/sub-voice953/ses-1/func/sub-voice953_ses-1_task-facematch_run-1_bold_heudiconv781 (108x108x65x99)
INFO: stdout 2022-10-07T18:49:24.131338:Compress: "/usr/bin/pigz" -b 960 -n -f -6 "/out/sub-voice953/ses-1/func/sub-voice953_ses-1_task-facematch_run-1_bold_heudiconv781.nii"
INFO: stdout 2022-10-07T18:49:24.131338:Conversion required 10.641983 seconds (0.299789 for core code).
INFO: [Node] Finished "convert", elapsed time 10.69167s.
INFO: Post-treating /out/sub-voice953/ses-1/func/sub-voice953_ses-1_task-facematch_run-1_bold.json file
INFO: Converting /out/sub-voice953/ses-1/func/sub-voice953_ses-1_task-facematch_run-2_bold (99 DICOMs) -> /out/sub-voice953/ses-1/func . Converter: dcm2niix . Output types: ('nii.gz',)
INFO: [Node] Setting-up "convert" in "/tmp/dcm2niix3u6bskcq/convert".
INFO: [Node] Executing "convert" <nipype.interfaces.dcm2nii.Dcm2niix>
INFO: stdout 2022-10-07T18:49:25.056751:Chris Rorden's dcm2niiX version v1.0.20211006  GCC10.2.1 x86-64 (64-bit Linux)
INFO: stdout 2022-10-07T18:49:25.056751:Found 99 DICOM file(s)
INFO: stdout 2022-10-07T18:49:25.056751:Warning: Slice timing appears corrupted (range 0..5357.5, TR=2000 ms)
INFO: stdout 2022-10-07T18:49:25.056751:Convert 99 DICOM as /out/sub-voice953/ses-1/func/sub-voice953_ses-1_task-facematch_run-2_bold_heudiconv325 (108x108x65x99)
INFO: stdout 2022-10-07T18:49:35.105039:Compress: "/usr/bin/pigz" -b 960 -n -f -6 "/out/sub-voice953/ses-1/func/sub-voice953_ses-1_task-facematch_run-2_bold_heudiconv325.nii"
INFO: stdout 2022-10-07T18:49:35.105039:Conversion required 10.536566 seconds (0.303987 for core code).
INFO: [Node] Finished "convert", elapsed time 10.601716s.
INFO: Post-treating /out/sub-voice953/ses-1/func/sub-voice953_ses-1_task-facematch_run-2_bold.json file
INFO: Converting /out/sub-voice953/ses-1/func/sub-voice953_ses-1_task-emosent_run-1_bold (48 DICOMs) -> /out/sub-voice953/ses-1/func . Converter: dcm2niix . Output types: ('nii.gz',)
INFO: [Node] Setting-up "convert" in "/tmp/dcm2niixystj8o59/convert".
INFO: [Node] Executing "convert" <nipype.interfaces.dcm2nii.Dcm2niix>
INFO: stdout 2022-10-07T18:49:53.517582:Chris Rorden's dcm2niiX version v1.0.20211006  GCC10.2.1 x86-64 (64-bit Linux)
INFO: stdout 2022-10-07T18:49:53.517582:Found 48 DICOM file(s)
INFO: stdout 2022-10-07T18:49:53.517582:Warning: Slice timing appears corrupted (range 0..5357.5, TR=4000 ms)
INFO: stdout 2022-10-07T18:49:53.517582:Convert 48 DICOM as /out/sub-voice953/ses-1/func/sub-voice953_ses-1_task-emosent_run-1_bold_heudiconv223 (108x108x65x48)
INFO: stdout 2022-10-07T18:49:58.384709:Compress: "/usr/bin/pigz" -b 960 -n -f -6 "/out/sub-voice953/ses-1/func/sub-voice953_ses-1_task-emosent_run-1_bold_heudiconv223.nii"
INFO: stdout 2022-10-07T18:49:58.384709:Conversion required 4.991990 seconds (0.157762 for core code).
INFO: [Node] Finished "convert", elapsed time 5.060682s.
INFO: Post-treating /out/sub-voice953/ses-1/func/sub-voice953_ses-1_task-emosent_run-1_bold.json file
INFO: Converting /out/sub-voice953/ses-1/func/sub-voice953_ses-1_task-emosent_run-2_bold (48 DICOMs) -> /out/sub-voice953/ses-1/func . Converter: dcm2niix . Output types: ('nii.gz',)
INFO: [Node] Setting-up "convert" in "/tmp/dcm2niix9ct1wi5a/convert".
INFO: [Node] Executing "convert" <nipype.interfaces.dcm2nii.Dcm2niix>
INFO: stdout 2022-10-07T18:50:01.396308:Chris Rorden's dcm2niiX version v1.0.20211006  GCC10.2.1 x86-64 (64-bit Linux)
INFO: stdout 2022-10-07T18:50:01.396308:Found 48 DICOM file(s)
INFO: stdout 2022-10-07T18:50:01.396308:Warning: Slice timing appears corrupted (range 0..5360, TR=4000 ms)
INFO: stdout 2022-10-07T18:50:01.396308:Convert 48 DICOM as /out/sub-voice953/ses-1/func/sub-voice953_ses-1_task-emosent_run-2_bold_heudiconv429 (108x108x65x48)
INFO: stdout 2022-10-07T18:50:06.307378:Compress: "/usr/bin/pigz" -b 960 -n -f -6 "/out/sub-voice953/ses-1/func/sub-voice953_ses-1_task-emosent_run-2_bold_heudiconv429.nii"
INFO: stdout 2022-10-07T18:50:06.307378:Conversion required 5.039824 seconds (0.154320 for core code).
INFO: [Node] Finished "convert", elapsed time 5.097366s.
INFO: Post-treating /out/sub-voice953/ses-1/func/sub-voice953_ses-1_task-emosent_run-2_bold.json file
INFO: Converting /out/sub-voice953/ses-1/func/sub-voice953_ses-1_task-vowel_run-1_bold (60 DICOMs) -> /out/sub-voice953/ses-1/func . Converter: dcm2niix . Output types: ('nii.gz',)
INFO: [Node] Setting-up "convert" in "/tmp/dcm2niixr_gy5lqd/convert".
INFO: [Node] Executing "convert" <nipype.interfaces.dcm2nii.Dcm2niix>
INFO: stdout 2022-10-07T18:50:09.188420:Chris Rorden's dcm2niiX version v1.0.20211006  GCC10.2.1 x86-64 (64-bit Linux)
INFO: stdout 2022-10-07T18:50:09.188420:Found 60 DICOM file(s)
INFO: stdout 2022-10-07T18:50:09.188420:Warning: Slice timing appears corrupted (range 0..5360, TR=4000 ms)
INFO: stdout 2022-10-07T18:50:09.188420:Convert 60 DICOM as /out/sub-voice953/ses-1/func/sub-voice953_ses-1_task-vowel_run-1_bold_heudiconv033 (108x108x65x60)
INFO: stdout 2022-10-07T18:50:15.234004:Compress: "/usr/bin/pigz" -b 960 -n -f -6 "/out/sub-voice953/ses-1/func/sub-voice953_ses-1_task-vowel_run-1_bold_heudiconv033.nii"
INFO: stdout 2022-10-07T18:50:15.234004:Conversion required 6.207197 seconds (0.198291 for core code).
INFO: [Node] Finished "convert", elapsed time 6.273898s.
INFO: Post-treating /out/sub-voice953/ses-1/func/sub-voice953_ses-1_task-vowel_run-1_bold.json file
INFO: Converting /out/sub-voice953/ses-1/func/sub-voice953_ses-1_task-vowel_run-2_bold (60 DICOMs) -> /out/sub-voice953/ses-1/func . Converter: dcm2niix . Output types: ('nii.gz',)
INFO: [Node] Setting-up "convert" in "/tmp/dcm2niixpbawxyjs/convert".
INFO: [Node] Executing "convert" <nipype.interfaces.dcm2nii.Dcm2niix>
INFO: stdout 2022-10-07T18:50:15.895476:Chris Rorden's dcm2niiX version v1.0.20211006  GCC10.2.1 x86-64 (64-bit Linux)
INFO: stdout 2022-10-07T18:50:15.895476:Found 60 DICOM file(s)
INFO: stdout 2022-10-07T18:50:15.895476:Warning: Slice timing appears corrupted (range 0..5357.5, TR=4000 ms)
INFO: stdout 2022-10-07T18:50:15.895476:Convert 60 DICOM as /out/sub-voice953/ses-1/func/sub-voice953_ses-1_task-vowel_run-2_bold_heudiconv489 (108x108x65x60)
INFO: stdout 2022-10-07T18:50:21.966367:Compress: "/usr/bin/pigz" -b 960 -n -f -6 "/out/sub-voice953/ses-1/func/sub-voice953_ses-1_task-vowel_run-2_bold_heudiconv489.nii"
INFO: stdout 2022-10-07T18:50:21.966367:Conversion required 6.230141 seconds (0.196515 for core code).
INFO: [Node] Finished "convert", elapsed time 6.283936s.
INFO: Post-treating /out/sub-voice953/ses-1/func/sub-voice953_ses-1_task-vowel_run-2_bold.json file
INFO: Converting /out/sub-voice953/ses-1/func/sub-voice953_ses-1_task-pitchnw_run-1_bold (101 DICOMs) -> /out/sub-voice953/ses-1/func . Converter: dcm2niix . Output types: ('nii.gz',)
INFO: [Node] Setting-up "convert" in "/tmp/dcm2niixs9vq770v/convert".
INFO: [Node] Executing "convert" <nipype.interfaces.dcm2nii.Dcm2niix>
INFO: stdout 2022-10-07T18:50:23.191394:Chris Rorden's dcm2niiX version v1.0.20211006  GCC10.2.1 x86-64 (64-bit Linux)
INFO: stdout 2022-10-07T18:50:23.191394:Found 101 DICOM file(s)
INFO: stdout 2022-10-07T18:50:23.191394:Warning: Slice timing appears corrupted (range 0..5357.5, TR=2000 ms)
INFO: stdout 2022-10-07T18:50:23.191394:Convert 101 DICOM as /out/sub-voice953/ses-1/func/sub-voice953_ses-1_task-pitchnw_run-1_bold_heudiconv814 (108x108x65x101)
INFO: stdout 2022-10-07T18:50:33.387344:Compress: "/usr/bin/pigz" -b 960 -n -f -6 "/out/sub-voice953/ses-1/func/sub-voice953_ses-1_task-pitchnw_run-1_bold_heudiconv814.nii"
INFO: stdout 2022-10-07T18:50:33.387344:Conversion required 10.416525 seconds (0.305107 for core code).
INFO: [Node] Finished "convert", elapsed time 10.473336s.
INFO: Post-treating /out/sub-voice953/ses-1/func/sub-voice953_ses-1_task-pitchnw_run-1_bold.json file
INFO: Converting /out/sub-voice953/ses-1/func/sub-voice953_ses-1_task-pitchnw_run-2_bold (101 DICOMs) -> /out/sub-voice953/ses-1/func . Converter: dcm2niix . Output types: ('nii.gz',)
INFO: [Node] Setting-up "convert" in "/tmp/dcm2niixz2py0xev/convert".
INFO: [Node] Executing "convert" <nipype.interfaces.dcm2nii.Dcm2niix>
INFO: stdout 2022-10-07T18:50:34.415116:Chris Rorden's dcm2niiX version v1.0.20211006  GCC10.2.1 x86-64 (64-bit Linux)
INFO: stdout 2022-10-07T18:50:34.415116:Found 101 DICOM file(s)
INFO: stdout 2022-10-07T18:50:34.415116:Warning: Slice timing appears corrupted (range 0..5360, TR=2000 ms)
INFO: stdout 2022-10-07T18:50:34.415116:Convert 101 DICOM as /out/sub-voice953/ses-1/func/sub-voice953_ses-1_task-pitchnw_run-2_bold_heudiconv481 (108x108x65x101)
INFO: stdout 2022-10-07T18:50:44.710692:Compress: "/usr/bin/pigz" -b 960 -n -f -6 "/out/sub-voice953/ses-1/func/sub-voice953_ses-1_task-pitchnw_run-2_bold_heudiconv481.nii"
INFO: stdout 2022-10-07T18:50:44.710692:Conversion required 10.524279 seconds (0.306085 for core code).
INFO: [Node] Finished "convert", elapsed time 10.579128s.
INFO: Post-treating /out/sub-voice953/ses-1/func/sub-voice953_ses-1_task-pitchnw_run-2_bold.json file
WARNING: Existing lockfile found in /out/heudiconv.lock - waiting for the lock to be released. To set a timeout limit, set the HEUDICONV_FILELOCK_TIMEOUT environmental variable to a value in seconds. If this process hangs, it may require a manual deletion of the /out/heudiconv.lock.
INFO: Populating template files under /out/
INFO: PROCESSING DONE: {'subject': 'voice953', 'outdir': '/out/', 'session': '1'}
INFO: Total: starting
INFO: 
INFO: Total: processed result for /out
INFO: Total: done
INFO: Total: starting
[WARNING] Received an exception CommandError(CommandError: 'git -c diff.ignoreSubmodules=none annex add --json --json-error-messages -c annex.dotfiles=true -- voice949/ses-1/info/dicominfo_ses-1.tsv voice949/ses-1/info/filegroup_ses-1.json voice949/ses-1/info/heuristic.py voice949/ses-1/info/voice949_ses-1.auto.txt voice949/ses-1/info/voice949_ses-1.edit.txt voice952/ses-1/info/dicominfo_ses-1.tsv voice952/ses-1/info/filegroup_ses-1.json voice952/ses-1/info/heuristic.py voice952/ses-1/info/voice952_ses-1.auto.txt voice952/ses-1/info/voice952_ses-1.edit.txt voice953/ses-1/info/dicominfo_ses-1.tsv voice953/ses-1/info/filegroup_ses-1.json voice953/ses-1/info/heuristic.py voice953/ses-1/info/voice953_ses-1.auto.txt voice953/ses-1/info/voice953_ses-1.edit.txt voice954/ses-1/info/dicominfo_ses-1.tsv voice954/ses-1/info/filegroup_ses-1.json voice954/ses-1/info/heuristic.py voice954/ses-1/info/voice954_ses-1.auto.txt voice954/ses-1/info/voice954_ses-1.edit.txt voice956/ses-1/info/dicominfo_ses-1.tsv voice956/ses-1/info/filegroup_ses-1.json voice956/ses-1/info/heuristic.py voice956/ses-1/info/voice956_ses-1.auto.txt voice956/ses-1/info/voice956_ses-1.edit.txt' failed with exitcode 1 under /out/.heudiconv [info keys: stdout_json] [err: 'fatal: pathspec 'voice956/ses-1/info/voice956_ses-1.edit.txt' did not match any files
git-annex: user error (xargs ["-0","git","--git-dir=.git","--work-tree=.","--literal-pathspecs","-c","annex.dotfiles=true","add","--"] exited 123)']). Canceling not-yet running jobs and waiting for completion of running. You can force earlier forceful exit by Ctrl-C. 
WARNING: Received an exception CommandError(CommandError: 'git -c diff.ignoreSubmodules=none annex add --json --json-error-messages -c annex.dotfiles=true -- voice949/ses-1/info/dicominfo_ses-1.tsv voice949/ses-1/info/filegroup_ses-1.json voice949/ses-1/info/heuristic.py voice949/ses-1/info/voice949_ses-1.auto.txt voice949/ses-1/info/voice949_ses-1.edit.txt voice952/ses-1/info/dicominfo_ses-1.tsv voice952/ses-1/info/filegroup_ses-1.json voice952/ses-1/info/heuristic.py voice952/ses-1/info/voice952_ses-1.auto.txt voice952/ses-1/info/voice952_ses-1.edit.txt voice953/ses-1/info/dicominfo_ses-1.tsv voice953/ses-1/info/filegroup_ses-1.json voice953/ses-1/info/heuristic.py voice953/ses-1/info/voice953_ses-1.auto.txt voice953/ses-1/info/voice953_ses-1.edit.txt voice954/ses-1/info/dicominfo_ses-1.tsv voice954/ses-1/info/filegroup_ses-1.json voice954/ses-1/info/heuristic.py voice954/ses-1/info/voice954_ses-1.auto.txt voice954/ses-1/info/voice954_ses-1.edit.txt voice956/ses-1/info/dicominfo_ses-1.tsv voice956/ses-1/info/filegroup_ses-1.json voice956/ses-1/info/heuristic.py voice956/ses-1/info/voice956_ses-1.auto.txt voice956/ses-1/info/voice956_ses-1.edit.txt' failed with exitcode 1 under /out/.heudiconv [info keys: stdout_json] [err: 'fatal: pathspec 'voice956/ses-1/info/voice956_ses-1.edit.txt' did not match any files
git-annex: user error (xargs ["-0","git","--git-dir=.git","--work-tree=.","--literal-pathspecs","-c","annex.dotfiles=true","add","--"] exited 123)']). Canceling not-yet running jobs and waiting for completion of running. You can force earlier forceful exit by Ctrl-C.
[INFO] Canceled 0 out of 0 jobs. 0 left running. 
INFO: Canceled 0 out of 0 jobs. 0 left running.
Traceback (most recent call last):
  File "/opt/miniconda-latest/lib/python3.7/site-packages/datalad/support/parallel.py", line 368, in _iter_threads
    raise _FinalShutdown()
datalad.support.parallel._FinalShutdown

During handling of the above exception, another exception occurred:

Traceback (most recent call last):
  File "/opt/miniconda-latest/bin/heudiconv", line 33, in <module>
    sys.exit(load_entry_point('heudiconv', 'console_scripts', 'heudiconv')())
  File "/src/heudiconv/heudiconv/cli/run.py", line 24, in main
    workflow(**kwargs)
  File "/src/heudiconv/heudiconv/main.py", line 406, in workflow
    add_to_datalad(outdir, study_outdir, msg, bids_options)
  File "/src/heudiconv/heudiconv/external/dlad.py", line 125, in add_to_datalad
    ds.save('.', recursive=True
  File "/opt/miniconda-latest/lib/python3.7/site-packages/datalad/distribution/dataset.py", line 502, in apply_func
    return f(*args, **kwargs)
  File "/opt/miniconda-latest/lib/python3.7/site-packages/datalad/interface/utils.py", line 447, in eval_func
    return return_func(*args, **kwargs)
  File "/opt/miniconda-latest/lib/python3.7/site-packages/datalad/interface/utils.py", line 439, in return_func
    results = list(results)
  File "/opt/miniconda-latest/lib/python3.7/site-packages/datalad/interface/utils.py", line 369, in generator_func
    allkwargs):
  File "/opt/miniconda-latest/lib/python3.7/site-packages/datalad/interface/utils.py", line 544, in _process_results
    for res in results:
  File "/opt/miniconda-latest/lib/python3.7/site-packages/datalad/core/local/save.py", line 398, in __call__
    lgr=lgr,
  File "/opt/miniconda-latest/lib/python3.7/site-packages/datalad/support/parallel.py", line 535, in __iter__
    for res in super().__iter__():
  File "/opt/miniconda-latest/lib/python3.7/site-packages/datalad/support/parallel.py", line 265, in __iter__
    yield from self._iter_threads(self._jobs)
  File "/opt/miniconda-latest/lib/python3.7/site-packages/datalad/support/parallel.py", line 417, in _iter_threads
    self.shutdown(force=True, exception=self._producer_exception or interrupted_by_exception)
  File "/opt/miniconda-latest/lib/python3.7/site-packages/datalad/support/parallel.py", line 233, in shutdown
    raise exception
  File "/opt/miniconda-latest/lib/python3.7/site-packages/datalad/support/parallel.py", line 383, in _iter_threads
    self._pop_done_futures(lgr) or sleeper()
  File "/opt/miniconda-latest/lib/python3.7/site-packages/datalad/support/parallel.py", line 463, in _pop_done_futures
    raise exception
  File "/opt/miniconda-latest/lib/python3.7/concurrent/futures/thread.py", line 57, in run
    result = self.fn(*self.args, **self.kwargs)
  File "/opt/miniconda-latest/lib/python3.7/site-packages/datalad/support/parallel.py", line 329, in consumer_worker
    for r in res:
  File "/opt/miniconda-latest/lib/python3.7/site-packages/datalad/core/local/save.py", line 322, in save_ds
    amend=amend):
  File "/opt/miniconda-latest/lib/python3.7/site-packages/datalad/support/gitrepo.py", line 3467, in save_
    **{k: kwargs[k] for k in kwargs
  File "/opt/miniconda-latest/lib/python3.7/site-packages/datalad/support/annexrepo.py", line 3507, in _save_add
    if expected_additions else None):
  File "/opt/miniconda-latest/lib/python3.7/site-packages/datalad/support/annexrepo.py", line 1079, in _call_annex_records
    raise e
  File "/opt/miniconda-latest/lib/python3.7/site-packages/datalad/support/annexrepo.py", line 1051, in _call_annex_records
    **kwargs,
  File "/opt/miniconda-latest/lib/python3.7/site-packages/datalad/support/annexrepo.py", line 944, in _call_annex
    **kwargs)
  File "/opt/miniconda-latest/lib/python3.7/site-packages/datalad/runner/gitrunner.py", line 227, in run_on_filelist_chunks
    **kwargs):
  File "/opt/miniconda-latest/lib/python3.7/site-packages/datalad/runner/gitrunner.py", line 161, in _get_chunked_results
    **kwargs)
  File "/opt/miniconda-latest/lib/python3.7/site-packages/datalad/runner/runner.py", line 205, in run
    **results,
datalad.runner.exception.CommandError: CommandError: 'git -c diff.ignoreSubmodules=none annex add --json --json-error-messages -c annex.dotfiles=true -- voice949/ses-1/info/dicominfo_ses-1.tsv voice949/ses-1/info/filegroup_ses-1.json voice949/ses-1/info/heuristic.py voice949/ses-1/info/voice949_ses-1.auto.txt voice949/ses-1/info/voice949_ses-1.edit.txt voice952/ses-1/info/dicominfo_ses-1.tsv voice952/ses-1/info/filegroup_ses-1.json voice952/ses-1/info/heuristic.py voice952/ses-1/info/voice952_ses-1.auto.txt voice952/ses-1/info/voice952_ses-1.edit.txt voice953/ses-1/info/dicominfo_ses-1.tsv voice953/ses-1/info/filegroup_ses-1.json voice953/ses-1/info/heuristic.py voice953/ses-1/info/voice953_ses-1.auto.txt voice953/ses-1/info/voice953_ses-1.edit.txt voice954/ses-1/info/dicominfo_ses-1.tsv voice954/ses-1/info/filegroup_ses-1.json voice954/ses-1/info/heuristic.py voice954/ses-1/info/voice954_ses-1.auto.txt voice954/ses-1/info/voice954_ses-1.edit.txt voice956/ses-1/info/dicominfo_ses-1.tsv voice956/ses-1/info/filegroup_ses-1.json voice956/ses-1/info/heuristic.py voice956/ses-1/info/voice956_ses-1.auto.txt voice956/ses-1/info/voice956_ses-1.edit.txt' failed with exitcode 1 under /out/.heudiconv [info keys: stdout_json] [err: 'fatal: pathspec 'voice956/ses-1/info/voice956_ses-1.edit.txt' did not match any files
git-annex: user error (xargs ["-0","git","--git-dir=.git","--work-tree=.","--literal-pathspecs","-c","annex.dotfiles=true","add","--"] exited 123)']
